================================================================
== Vivado Place & Route Results
================================================================
+ General Information:
    * Date:            Sun Jun 15 01:09:27 -0700 2025
    * Version:         2024.2 (Build 5238294 on Nov  8 2024)
    * Project:         bnn_hls
    * Solution:        hls (Vivado IP Flow Target)
    * Product family:  zynq
    * Target device:   xc7z020-clg400-1


================================================================
== Run Constraints & Options
================================================================
+ Design Constraints & Options:
    * Place & Route target clock:  10 ns
    * C-Synthesis uncertainty:     27%

+ RTL Synthesis Options:
    * config_export -vivado_synth_strategy:     default
    * config_export -vivado_synth_design_args:  -directive sdx_optimization_effort_high

+ Place & Route Options:
    * config_export -vivado_impl_strategy:  default
    * config_export -vivado_phys_opt:       auto

+ Reporting Options:
    * config_export -vivado_report_level:      2
    * config_export -vivado_max_timing_paths:  10


================================================================
== Place & Route Resource Summary
================================================================
LUT:              2436
FF:               2975
DSP:              1
BRAM:             49
URAM:             0
SRL:              144


================================================================
== Place & Route Timing Summary
================================================================
* Timing was met
+----------------+-------------+
| Timing         | Period (ns) |
+----------------+-------------+
| Target         | 10.000      |
| Post-Synthesis | 6.381       |
| Post-Route     | 7.532       |
+----------------+-------------+


================================================================
== Place & Route Resources
================================================================
+------------------------------------------------------------------------------+------+------+-----+------+------+-----+--------+------+---------+----------+--------+
| Name                                                                         | LUT  | FF   | DSP | BRAM | URAM | SRL | Pragma | Impl | Latency | Variable | Source |
+------------------------------------------------------------------------------+------+------+-----+------+------+-----+--------+------+---------+----------+--------+
| inst                                                                         | 2436 | 2975 | 1   | 49   |      |     |        |      |         |          |        |
|   (inst)                                                                     |      | 300  |     |      |      |     |        |      |         |          |        |
|   X0_input_U                                                                 | 27   |      |     | 2    |      |     |        |      |         |          |        |
|   control_s_axi_U                                                            | 170  | 181  |     |      |      |     |        |      |         |          |        |
|   gmem_m_axi_U                                                               | 1120 | 1701 |     | 2    |      |     |        |      |         |          |        |
|   grp_feedforward_burst_Pipeline_11_fu_943                                   | 16   | 41   |     |      |      |     |        |      |         |          |        |
|     (grp_feedforward_burst_Pipeline_11_fu_943)                               | 1    | 39   |     |      |      |     |        |      |         |          |        |
|   grp_feedforward_burst_Pipeline_1_fu_802                                    | 38   | 68   |     |      |      |     |        |      |         |          |        |
|     (grp_feedforward_burst_Pipeline_1_fu_802)                                | 23   | 66   |     |      |      |     |        |      |         |          |        |
|   grp_feedforward_burst_Pipeline_VITIS_LOOP_206_1_fu_810                     | 22   | 36   |     |      |      |     |        |      |         |          |        |
|     (grp_feedforward_burst_Pipeline_VITIS_LOOP_206_1_fu_810)                 | 5    | 34   |     |      |      |     |        |      |         |          |        |
|   grp_feedforward_burst_Pipeline_VITIS_LOOP_216_2_fu_824                     | 93   | 24   |     |      |      |     |        |      |         |          |        |
|     (grp_feedforward_burst_Pipeline_VITIS_LOOP_216_2_fu_824)                 | 81   | 22   |     |      |      |     |        |      |         |          |        |
|   grp_feedforward_burst_Pipeline_VITIS_LOOP_223_3_fu_830                     | 24   | 28   |     |      |      |     |        |      |         |          |        |
|     (grp_feedforward_burst_Pipeline_VITIS_LOOP_223_3_fu_830)                 | 1    | 26   |     |      |      |     |        |      |         |          |        |
|   grp_feedforward_burst_Pipeline_VITIS_LOOP_233_4_fu_848                     | 162  | 12   |     |      |      |     |        |      |         |          |        |
|     (grp_feedforward_burst_Pipeline_VITIS_LOOP_233_4_fu_848)                 | 151  | 10   |     |      |      |     |        |      |         |          |        |
|   grp_feedforward_burst_Pipeline_VITIS_LOOP_240_5_fu_856                     | 22   | 25   |     |      |      |     |        |      |         |          |        |
|     (grp_feedforward_burst_Pipeline_VITIS_LOOP_240_5_fu_856)                 | 9    | 23   |     |      |      |     |        |      |         |          |        |
|   grp_feedforward_burst_Pipeline_VITIS_LOOP_250_6_fu_938                     | 50   | 11   |     |      |      |     |        |      |         |          |        |
|     (grp_feedforward_burst_Pipeline_VITIS_LOOP_250_6_fu_938)                 | 40   | 9    |     |      |      |     |        |      |         |          |        |
|   grp_feedforward_burst_Pipeline_VITIS_LOOP_49_1_VITIS_LOOP_52_21_fu_837     | 76   | 78   |     | 1    |      |     |        |      |         |          |        |
|     (grp_feedforward_burst_Pipeline_VITIS_LOOP_49_1_VITIS_LOOP_52_21_fu_837) | 36   | 76   |     |      |      |     |        |      |         |          |        |
|     W2_U                                                                     | 20   |      |     | 1    |      |     |        |      |         |          |        |
|     flow_control_loop_pipe_sequential_init_U                                 | 20   | 2    |     |      |      |     |        |      |         |          |        |
|   grp_feedforward_burst_Pipeline_VITIS_LOOP_49_1_VITIS_LOOP_52_2_fu_815      | 90   | 98   | 1   | 8    |      |     |        |      |         |          |        |
|     (grp_feedforward_burst_Pipeline_VITIS_LOOP_49_1_VITIS_LOOP_52_2_fu_815)  | 54   | 92   |     |      |      |     |        |      |         |          |        |
|     W1_U                                                                     |      | 1    |     |      |      |     |        |      |         |          |        |
|     flow_control_loop_pipe_sequential_init_U                                 | 26   | 2    |     |      |      |     |        |      |         |          |        |
|     mac_muladd_10ns_8ns_10ns_17_4_1_U5                                       | 10   | 3    | 1   | 8    |      |     |        |      |         |          |        |
|   grp_feedforward_burst_Pipeline_VITIS_LOOP_49_1_fu_865                      | 211  | 54   |     | 32   |      |     |        |      |         |          |        |
|     (grp_feedforward_burst_Pipeline_VITIS_LOOP_49_1_fu_865)                  | 29   | 52   |     |      |      |     |        |      |         |          |        |
|     W3_U                                                                     | 76   |      |     | 32   |      |     |        |      |         |          |        |
|     flow_control_loop_pipe_sequential_init_U                                 | 106  | 2    |     |      |      |     |        |      |         |          |        |
|   layer1_activations_1_U                                                     | 3    |      |     | 2    |      |     |        |      |         |          |        |
|   layer1_activations_U                                                       | 17   |      |     | 2    |      |     |        |      |         |          |        |
|   layer1_quant_U                                                             | 2    | 1    |     |      |      |     |        |      |         |          |        |
|   layer2_activations_1_U                                                     | 52   | 63   |     |      |      |     |        |      |         |          |        |
|   layer2_activations_2_U                                                     | 37   | 63   |     |      |      |     |        |      |         |          |        |
|   layer2_activations_3_U                                                     | 70   | 63   |     |      |      |     |        |      |         |          |        |
|   layer2_activations_U                                                       | 38   | 63   |     |      |      |     |        |      |         |          |        |
|   layer2_quant_U                                                             | 80   | 2    |     |      |      |     |        |      |         |          |        |
|   layer3_activations_U                                                       | 40   | 63   |     |      |      |     |        |      |         |          |        |
+------------------------------------------------------------------------------+------+------+-----+------+------+-----+--------+------+---------+----------+--------+


================================================================
== Place & Route Fail Fast
================================================================
+-----------------------------------------------------------+-----------+--------+--------+
| Criteria                                                  | Guideline | Actual | Status |
+-----------------------------------------------------------+-----------+--------+--------+
| LUT                                                       | 70%       | 4.58%  | OK     |
| FD                                                        | 50%       | 2.80%  | OK     |
| LUTRAM+SRL                                                | 25%       | 1.80%  | OK     |
| MUXF7                                                     | 15%       | 0.01%  | OK     |
| DSP                                                       | 80%       | 0.45%  | OK     |
| RAMB/FIFO                                                 | 80%       | 17.50% | OK     |
| DSP+RAMB+URAM (Avg)                                       | 70%       | 8.97%  | OK     |
| BUFGCE* + BUFGCTRL                                        | 24        | 0      | OK     |
| DONT_TOUCH (cells/nets)                                   | 0         | 0      | OK     |
| MARK_DEBUG (nets)                                         | 0         | 0      | OK     |
| Control Sets                                              | 998       | 102    | OK     |
| Average Fanout for modules > 100k cells                   | 4         | 2.84   | OK     |
| Max Average Fanout for modules > 100k cells               | 4         | 0      | OK     |
| Non-FD high fanout nets > 10k loads                       | 0         | 0      | OK     |
+-----------------------------------------------------------+-----------+--------+--------+
| TIMING-6 (No common primary clock between related clocks) | 0         | 0      | OK     |
| TIMING-7 (No common node between related clocks)          | 0         | 0      | OK     |
| TIMING-8 (No common period between related clocks)        | 0         | 0      | OK     |
| TIMING-14 (LUT on the clock tree)                         | 0         | 0      | OK     |
| TIMING-35 (No common node in paths with the same clock)   | 0         | 0      | OK     |
+-----------------------------------------------------------+-----------+--------+--------+
| Number of paths above max LUT budgeting (0.575ns)         | 0         | 0      | OK     |
| Number of paths above max Net budgeting (0.403ns)         | 0         | 0      | OK     |
+-----------------------------------------------------------+-----------+--------+--------+


================================================================
== Place & Route Timing Paths
================================================================
* Timing was met
+-------+-------+--------------------------------------------------------------------------+------------------------------------------------------------------------------------+--------------+------------+----------------+----------------+--------------+
| Path  | SLACK | STARTPOINT PIN                                                           | ENDPOINT PIN                                                                       | LOGIC LEVELS | MAX FANOUT | DATAPATH DELAY | DATAPATH LOGIC | DATAPATH NET |
|       |       |                                                                          |                                                                                    |              |            |                |          DELAY |        DELAY |
+-------+-------+--------------------------------------------------------------------------+------------------------------------------------------------------------------------+--------------+------------+----------------+----------------+--------------+
| Path1 | 2.468 | grp_feedforward_burst_Pipeline_VITIS_LOOP_49_1_fu_865_ap_start_reg_reg/C | grp_feedforward_burst_Pipeline_VITIS_LOOP_49_1_fu_865/W3_U/q22_reg/ADDRARDADDR[11] |            1 |        171 |          6.678 |          0.668 |        6.010 |
| Path2 | 2.470 | grp_feedforward_burst_Pipeline_VITIS_LOOP_49_1_fu_865_ap_start_reg_reg/C | grp_feedforward_burst_Pipeline_VITIS_LOOP_49_1_fu_865/W3_U/q22_reg/ADDRBWRADDR[11] |            1 |        171 |          6.676 |          0.668 |        6.008 |
| Path3 | 2.500 | grp_feedforward_burst_Pipeline_VITIS_LOOP_49_1_fu_865_ap_start_reg_reg/C | grp_feedforward_burst_Pipeline_VITIS_LOOP_49_1_fu_865/W3_U/q36_reg/ADDRARDADDR[11] |            1 |        171 |          6.850 |          0.642 |        6.208 |
| Path4 | 2.501 | grp_feedforward_burst_Pipeline_VITIS_LOOP_49_1_fu_865_ap_start_reg_reg/C | grp_feedforward_burst_Pipeline_VITIS_LOOP_49_1_fu_865/W3_U/q36_reg/ADDRBWRADDR[11] |            1 |        171 |          6.848 |          0.642 |        6.207 |
| Path5 | 2.503 | grp_feedforward_burst_Pipeline_VITIS_LOOP_49_1_fu_865_ap_start_reg_reg/C | grp_feedforward_burst_Pipeline_VITIS_LOOP_49_1_fu_865/W3_U/q18_reg/ADDRARDADDR[13] |            1 |        171 |          6.643 |          0.668 |        5.975 |
+-------+-------+--------------------------------------------------------------------------+------------------------------------------------------------------------------------+--------------+------------+----------------+----------------+--------------+

    +------------------------------------------------------------------------------------------------------------+----------------------+
    | Path1 Cells                                                                                                | Primitive Type       |
    +------------------------------------------------------------------------------------------------------------+----------------------+
    | grp_feedforward_burst_Pipeline_VITIS_LOOP_49_1_fu_865_ap_start_reg_reg                                     | FLOP_LATCH.flop.FDRE |
    | grp_feedforward_burst_Pipeline_VITIS_LOOP_49_1_fu_865/flow_control_loop_pipe_sequential_init_U/q22_reg_i_3 | LUT.others.LUT3      |
    | grp_feedforward_burst_Pipeline_VITIS_LOOP_49_1_fu_865/W3_U/q22_reg                                         | BMEM.bram.RAMB18E1   |
    | grp_feedforward_burst_Pipeline_VITIS_LOOP_49_1_fu_865_ap_start_reg_reg                                     | FLOP_LATCH.flop.FDRE |
    | grp_feedforward_burst_Pipeline_VITIS_LOOP_49_1_fu_865/flow_control_loop_pipe_sequential_init_U/q22_reg_i_3 | LUT.others.LUT3      |
    | grp_feedforward_burst_Pipeline_VITIS_LOOP_49_1_fu_865/W3_U/q22_reg                                         | BMEM.bram.RAMB18E1   |
    | grp_feedforward_burst_Pipeline_VITIS_LOOP_49_1_fu_865_ap_start_reg_reg                                     | FLOP_LATCH.flop.FDRE |
    | grp_feedforward_burst_Pipeline_VITIS_LOOP_49_1_fu_865/flow_control_loop_pipe_sequential_init_U/q36_reg_i_3 | LUT.others.LUT3      |
    | grp_feedforward_burst_Pipeline_VITIS_LOOP_49_1_fu_865/W3_U/q36_reg                                         | BMEM.bram.RAMB18E1   |
    | grp_feedforward_burst_Pipeline_VITIS_LOOP_49_1_fu_865_ap_start_reg_reg                                     | FLOP_LATCH.flop.FDRE |
    | grp_feedforward_burst_Pipeline_VITIS_LOOP_49_1_fu_865/flow_control_loop_pipe_sequential_init_U/q36_reg_i_3 | LUT.others.LUT3      |
    | grp_feedforward_burst_Pipeline_VITIS_LOOP_49_1_fu_865/W3_U/q36_reg                                         | BMEM.bram.RAMB18E1   |
    | grp_feedforward_burst_Pipeline_VITIS_LOOP_49_1_fu_865_ap_start_reg_reg                                     | FLOP_LATCH.flop.FDRE |
    | grp_feedforward_burst_Pipeline_VITIS_LOOP_49_1_fu_865/flow_control_loop_pipe_sequential_init_U/q18_reg_i_1 | LUT.others.LUT3      |
    | grp_feedforward_burst_Pipeline_VITIS_LOOP_49_1_fu_865/W3_U/q18_reg                                         | BMEM.bram.RAMB18E1   |
    +------------------------------------------------------------------------------------------------------------+----------------------+

    +------------------------------------------------------------------------------------------------------------+----------------------+
    | Path2 Cells                                                                                                | Primitive Type       |
    +------------------------------------------------------------------------------------------------------------+----------------------+
    | grp_feedforward_burst_Pipeline_VITIS_LOOP_49_1_fu_865_ap_start_reg_reg                                     | FLOP_LATCH.flop.FDRE |
    | grp_feedforward_burst_Pipeline_VITIS_LOOP_49_1_fu_865/flow_control_loop_pipe_sequential_init_U/q22_reg_i_3 | LUT.others.LUT3      |
    | grp_feedforward_burst_Pipeline_VITIS_LOOP_49_1_fu_865/W3_U/q22_reg                                         | BMEM.bram.RAMB18E1   |
    | grp_feedforward_burst_Pipeline_VITIS_LOOP_49_1_fu_865_ap_start_reg_reg                                     | FLOP_LATCH.flop.FDRE |
    | grp_feedforward_burst_Pipeline_VITIS_LOOP_49_1_fu_865/flow_control_loop_pipe_sequential_init_U/q22_reg_i_3 | LUT.others.LUT3      |
    | grp_feedforward_burst_Pipeline_VITIS_LOOP_49_1_fu_865/W3_U/q22_reg                                         | BMEM.bram.RAMB18E1   |
    | grp_feedforward_burst_Pipeline_VITIS_LOOP_49_1_fu_865_ap_start_reg_reg                                     | FLOP_LATCH.flop.FDRE |
    | grp_feedforward_burst_Pipeline_VITIS_LOOP_49_1_fu_865/flow_control_loop_pipe_sequential_init_U/q36_reg_i_3 | LUT.others.LUT3      |
    | grp_feedforward_burst_Pipeline_VITIS_LOOP_49_1_fu_865/W3_U/q36_reg                                         | BMEM.bram.RAMB18E1   |
    | grp_feedforward_burst_Pipeline_VITIS_LOOP_49_1_fu_865_ap_start_reg_reg                                     | FLOP_LATCH.flop.FDRE |
    | grp_feedforward_burst_Pipeline_VITIS_LOOP_49_1_fu_865/flow_control_loop_pipe_sequential_init_U/q36_reg_i_3 | LUT.others.LUT3      |
    | grp_feedforward_burst_Pipeline_VITIS_LOOP_49_1_fu_865/W3_U/q36_reg                                         | BMEM.bram.RAMB18E1   |
    | grp_feedforward_burst_Pipeline_VITIS_LOOP_49_1_fu_865_ap_start_reg_reg                                     | FLOP_LATCH.flop.FDRE |
    | grp_feedforward_burst_Pipeline_VITIS_LOOP_49_1_fu_865/flow_control_loop_pipe_sequential_init_U/q18_reg_i_1 | LUT.others.LUT3      |
    | grp_feedforward_burst_Pipeline_VITIS_LOOP_49_1_fu_865/W3_U/q18_reg                                         | BMEM.bram.RAMB18E1   |
    +------------------------------------------------------------------------------------------------------------+----------------------+

    +------------------------------------------------------------------------------------------------------------+----------------------+
    | Path3 Cells                                                                                                | Primitive Type       |
    +------------------------------------------------------------------------------------------------------------+----------------------+
    | grp_feedforward_burst_Pipeline_VITIS_LOOP_49_1_fu_865_ap_start_reg_reg                                     | FLOP_LATCH.flop.FDRE |
    | grp_feedforward_burst_Pipeline_VITIS_LOOP_49_1_fu_865/flow_control_loop_pipe_sequential_init_U/q22_reg_i_3 | LUT.others.LUT3      |
    | grp_feedforward_burst_Pipeline_VITIS_LOOP_49_1_fu_865/W3_U/q22_reg                                         | BMEM.bram.RAMB18E1   |
    | grp_feedforward_burst_Pipeline_VITIS_LOOP_49_1_fu_865_ap_start_reg_reg                                     | FLOP_LATCH.flop.FDRE |
    | grp_feedforward_burst_Pipeline_VITIS_LOOP_49_1_fu_865/flow_control_loop_pipe_sequential_init_U/q22_reg_i_3 | LUT.others.LUT3      |
    | grp_feedforward_burst_Pipeline_VITIS_LOOP_49_1_fu_865/W3_U/q22_reg                                         | BMEM.bram.RAMB18E1   |
    | grp_feedforward_burst_Pipeline_VITIS_LOOP_49_1_fu_865_ap_start_reg_reg                                     | FLOP_LATCH.flop.FDRE |
    | grp_feedforward_burst_Pipeline_VITIS_LOOP_49_1_fu_865/flow_control_loop_pipe_sequential_init_U/q36_reg_i_3 | LUT.others.LUT3      |
    | grp_feedforward_burst_Pipeline_VITIS_LOOP_49_1_fu_865/W3_U/q36_reg                                         | BMEM.bram.RAMB18E1   |
    | grp_feedforward_burst_Pipeline_VITIS_LOOP_49_1_fu_865_ap_start_reg_reg                                     | FLOP_LATCH.flop.FDRE |
    | grp_feedforward_burst_Pipeline_VITIS_LOOP_49_1_fu_865/flow_control_loop_pipe_sequential_init_U/q36_reg_i_3 | LUT.others.LUT3      |
    | grp_feedforward_burst_Pipeline_VITIS_LOOP_49_1_fu_865/W3_U/q36_reg                                         | BMEM.bram.RAMB18E1   |
    | grp_feedforward_burst_Pipeline_VITIS_LOOP_49_1_fu_865_ap_start_reg_reg                                     | FLOP_LATCH.flop.FDRE |
    | grp_feedforward_burst_Pipeline_VITIS_LOOP_49_1_fu_865/flow_control_loop_pipe_sequential_init_U/q18_reg_i_1 | LUT.others.LUT3      |
    | grp_feedforward_burst_Pipeline_VITIS_LOOP_49_1_fu_865/W3_U/q18_reg                                         | BMEM.bram.RAMB18E1   |
    +------------------------------------------------------------------------------------------------------------+----------------------+

    +------------------------------------------------------------------------------------------------------------+----------------------+
    | Path4 Cells                                                                                                | Primitive Type       |
    +------------------------------------------------------------------------------------------------------------+----------------------+
    | grp_feedforward_burst_Pipeline_VITIS_LOOP_49_1_fu_865_ap_start_reg_reg                                     | FLOP_LATCH.flop.FDRE |
    | grp_feedforward_burst_Pipeline_VITIS_LOOP_49_1_fu_865/flow_control_loop_pipe_sequential_init_U/q22_reg_i_3 | LUT.others.LUT3      |
    | grp_feedforward_burst_Pipeline_VITIS_LOOP_49_1_fu_865/W3_U/q22_reg                                         | BMEM.bram.RAMB18E1   |
    | grp_feedforward_burst_Pipeline_VITIS_LOOP_49_1_fu_865_ap_start_reg_reg                                     | FLOP_LATCH.flop.FDRE |
    | grp_feedforward_burst_Pipeline_VITIS_LOOP_49_1_fu_865/flow_control_loop_pipe_sequential_init_U/q22_reg_i_3 | LUT.others.LUT3      |
    | grp_feedforward_burst_Pipeline_VITIS_LOOP_49_1_fu_865/W3_U/q22_reg                                         | BMEM.bram.RAMB18E1   |
    | grp_feedforward_burst_Pipeline_VITIS_LOOP_49_1_fu_865_ap_start_reg_reg                                     | FLOP_LATCH.flop.FDRE |
    | grp_feedforward_burst_Pipeline_VITIS_LOOP_49_1_fu_865/flow_control_loop_pipe_sequential_init_U/q36_reg_i_3 | LUT.others.LUT3      |
    | grp_feedforward_burst_Pipeline_VITIS_LOOP_49_1_fu_865/W3_U/q36_reg                                         | BMEM.bram.RAMB18E1   |
    | grp_feedforward_burst_Pipeline_VITIS_LOOP_49_1_fu_865_ap_start_reg_reg                                     | FLOP_LATCH.flop.FDRE |
    | grp_feedforward_burst_Pipeline_VITIS_LOOP_49_1_fu_865/flow_control_loop_pipe_sequential_init_U/q36_reg_i_3 | LUT.others.LUT3      |
    | grp_feedforward_burst_Pipeline_VITIS_LOOP_49_1_fu_865/W3_U/q36_reg                                         | BMEM.bram.RAMB18E1   |
    | grp_feedforward_burst_Pipeline_VITIS_LOOP_49_1_fu_865_ap_start_reg_reg                                     | FLOP_LATCH.flop.FDRE |
    | grp_feedforward_burst_Pipeline_VITIS_LOOP_49_1_fu_865/flow_control_loop_pipe_sequential_init_U/q18_reg_i_1 | LUT.others.LUT3      |
    | grp_feedforward_burst_Pipeline_VITIS_LOOP_49_1_fu_865/W3_U/q18_reg                                         | BMEM.bram.RAMB18E1   |
    +------------------------------------------------------------------------------------------------------------+----------------------+

    +------------------------------------------------------------------------------------------------------------+----------------------+
    | Path5 Cells                                                                                                | Primitive Type       |
    +------------------------------------------------------------------------------------------------------------+----------------------+
    | grp_feedforward_burst_Pipeline_VITIS_LOOP_49_1_fu_865_ap_start_reg_reg                                     | FLOP_LATCH.flop.FDRE |
    | grp_feedforward_burst_Pipeline_VITIS_LOOP_49_1_fu_865/flow_control_loop_pipe_sequential_init_U/q22_reg_i_3 | LUT.others.LUT3      |
    | grp_feedforward_burst_Pipeline_VITIS_LOOP_49_1_fu_865/W3_U/q22_reg                                         | BMEM.bram.RAMB18E1   |
    | grp_feedforward_burst_Pipeline_VITIS_LOOP_49_1_fu_865_ap_start_reg_reg                                     | FLOP_LATCH.flop.FDRE |
    | grp_feedforward_burst_Pipeline_VITIS_LOOP_49_1_fu_865/flow_control_loop_pipe_sequential_init_U/q22_reg_i_3 | LUT.others.LUT3      |
    | grp_feedforward_burst_Pipeline_VITIS_LOOP_49_1_fu_865/W3_U/q22_reg                                         | BMEM.bram.RAMB18E1   |
    | grp_feedforward_burst_Pipeline_VITIS_LOOP_49_1_fu_865_ap_start_reg_reg                                     | FLOP_LATCH.flop.FDRE |
    | grp_feedforward_burst_Pipeline_VITIS_LOOP_49_1_fu_865/flow_control_loop_pipe_sequential_init_U/q36_reg_i_3 | LUT.others.LUT3      |
    | grp_feedforward_burst_Pipeline_VITIS_LOOP_49_1_fu_865/W3_U/q36_reg                                         | BMEM.bram.RAMB18E1   |
    | grp_feedforward_burst_Pipeline_VITIS_LOOP_49_1_fu_865_ap_start_reg_reg                                     | FLOP_LATCH.flop.FDRE |
    | grp_feedforward_burst_Pipeline_VITIS_LOOP_49_1_fu_865/flow_control_loop_pipe_sequential_init_U/q36_reg_i_3 | LUT.others.LUT3      |
    | grp_feedforward_burst_Pipeline_VITIS_LOOP_49_1_fu_865/W3_U/q36_reg                                         | BMEM.bram.RAMB18E1   |
    | grp_feedforward_burst_Pipeline_VITIS_LOOP_49_1_fu_865_ap_start_reg_reg                                     | FLOP_LATCH.flop.FDRE |
    | grp_feedforward_burst_Pipeline_VITIS_LOOP_49_1_fu_865/flow_control_loop_pipe_sequential_init_U/q18_reg_i_1 | LUT.others.LUT3      |
    | grp_feedforward_burst_Pipeline_VITIS_LOOP_49_1_fu_865/W3_U/q18_reg                                         | BMEM.bram.RAMB18E1   |
    +------------------------------------------------------------------------------------------------------------+----------------------+


================================================================
== Place & Route Vivado Reports
================================================================
+--------------------------+---------------------------------------------------------------------------+
| Report Type              | Report Location                                                           |
+--------------------------+---------------------------------------------------------------------------+
| design_analysis          | impl/verilog/report/feedforward_burst_design_analysis_routed.rpt          |
| failfast                 | impl/verilog/report/feedforward_burst_failfast_routed.rpt                 |
| power                    | impl/verilog/report/feedforward_burst_power_routed.rpt                    |
| status                   | impl/verilog/report/feedforward_burst_status_routed.rpt                   |
| timing                   | impl/verilog/report/feedforward_burst_timing_routed.rpt                   |
| timing_paths             | impl/verilog/report/feedforward_burst_timing_paths_routed.rpt             |
| utilization              | impl/verilog/report/feedforward_burst_utilization_routed.rpt              |
| utilization_hierarchical | impl/verilog/report/feedforward_burst_utilization_hierarchical_routed.rpt |
+--------------------------+---------------------------------------------------------------------------+


