================================================================
== Vivado RTL Synthesis Results
================================================================
+ General Information:
    * Date:            Sat Jun 14 17:46:10 -0700 2025
    * Version:         2024.2 (Build 5238294 on Nov  8 2024)
    * Project:         bnn_hls
    * Solution:        hls (Vivado IP Flow Target)
    * Product family:  zynq
    * Target device:   xc7z020-clg400-1


================================================================
== Run Constraints & Options
================================================================
+ Design Constraints & Options:
    * RTL Synthesis target clock:  10 ns
    * C-Synthesis uncertainty:     27%

+ RTL Synthesis Options:
    * config_export -vivado_synth_strategy:     default
    * config_export -vivado_synth_design_args:  -directive sdx_optimization_effort_high

+ Reporting Options:
    * config_export -vivado_report_level:      2
    * config_export -vivado_max_timing_paths:  10


================================================================
== RTL Synthesis Resource Summary
================================================================
LUT:              3360
FF:               2656
DSP:              0
BRAM:             4
URAM:             0
SRL:              7


================================================================
== RTL Synthesis Timing Summary
================================================================
* Timing was met
+----------------+-------------+
| Timing         | Period (ns) |
+----------------+-------------+
| Target         | 10.000      |
| Post-Synthesis | 5.667       |
+----------------+-------------+


================================================================
== RTL Synthesis Resources
================================================================
+----------------------------------------------------------------+------+------+-----+------+------+-----+--------+------+---------+----------+--------+
| Name                                                           | LUT  | FF   | DSP | BRAM | URAM | SRL | Pragma | Impl | Latency | Variable | Source |
+----------------------------------------------------------------+------+------+-----+------+------+-----+--------+------+---------+----------+--------+
| inst                                                           | 3360 | 2656 |     | 4    |      |     |        |      |         |          |        |
|   (inst)                                                       |      | 88   |     |      |      |     |        |      |         |          |        |
|   control_s_axi_U                                              | 27   | 25   |     |      |      |     |        |      |         |          |        |
|   grp_feedforward_stream_Pipeline_VITIS_LOOP_313_1_fu_4032     | 1228 | 830  |     |      |      |     |        |      |         |          |        |
|     (grp_feedforward_stream_Pipeline_VITIS_LOOP_313_1_fu_4032) | 1207 | 828  |     |      |      |     |        |      |         |          |        |
|   grp_feedforward_stream_Pipeline_VITIS_LOOP_324_2_fu_5629     | 127  | 24   |     |      |      |     |        |      |         |          |        |
|     (grp_feedforward_stream_Pipeline_VITIS_LOOP_324_2_fu_5629) | 112  | 22   |     |      |      |     |        |      |         |          |        |
|   grp_feedforward_stream_Pipeline_VITIS_LOOP_331_3_fu_5635     | 199  | 146  |     |      |      |     |        |      |         |          |        |
|     (grp_feedforward_stream_Pipeline_VITIS_LOOP_331_3_fu_5635) | 176  | 144  |     |      |      |     |        |      |         |          |        |
|   grp_feedforward_stream_Pipeline_VITIS_LOOP_342_4_fu_5905     | 210  | 12   |     |      |      |     |        |      |         |          |        |
|     (grp_feedforward_stream_Pipeline_VITIS_LOOP_342_4_fu_5905) | 197  | 10   |     |      |      |     |        |      |         |          |        |
|   grp_feedforward_stream_Pipeline_VITIS_LOOP_349_5_fu_5913     | 150  | 80   |     |      |      |     |        |      |         |          |        |
|     (grp_feedforward_stream_Pipeline_VITIS_LOOP_349_5_fu_5913) | 135  | 78   |     |      |      |     |        |      |         |          |        |
|   grp_feedforward_stream_Pipeline_VITIS_LOOP_359_6_fu_6054     | 61   | 11   |     |      |      |     |        |      |         |          |        |
|     (grp_feedforward_stream_Pipeline_VITIS_LOOP_359_6_fu_6054) | 50   | 9    |     |      |      |     |        |      |         |          |        |
|   grp_feedforward_stream_Pipeline_VITIS_LOOP_368_7_fu_6059     | 20   | 8    |     |      |      |     |        |      |         |          |        |
|     (grp_feedforward_stream_Pipeline_VITIS_LOOP_368_7_fu_6059) | 5    | 6    |     |      |      |     |        |      |         |          |        |
|   grp_feedforward_stream_Pipeline_VITIS_LOOP_49_11_fu_5769     | 157  | 134  |     |      |      |     |        |      |         |          |        |
|     (grp_feedforward_stream_Pipeline_VITIS_LOOP_49_11_fu_5769) | 148  | 132  |     |      |      |     |        |      |         |          |        |
|   grp_feedforward_stream_Pipeline_VITIS_LOOP_49_12_fu_5985     | 78   | 72   |     |      |      |     |        |      |         |          |        |
|     (grp_feedforward_stream_Pipeline_VITIS_LOOP_49_12_fu_5985) | 69   | 70   |     |      |      |     |        |      |         |          |        |
|   grp_feedforward_stream_Pipeline_VITIS_LOOP_49_1_fu_4839      | 518  | 646  |     |      |      |     |        |      |         |          |        |
|     (grp_feedforward_stream_Pipeline_VITIS_LOOP_49_1_fu_4839)  | 501  | 644  |     |      |      |     |        |      |         |          |        |
|   layer1_activations_1_U                                       | 18   |      |     | 2    |      |     |        |      |         |          |        |
|   layer1_activations_U                                         | 3    |      |     | 2    |      |     |        |      |         |          |        |
|   layer2_activations_1_U                                       | 71   | 63   |     |      |      |     |        |      |         |          |        |
|   layer2_activations_2_U                                       | 71   | 63   |     |      |      |     |        |      |         |          |        |
|   layer2_activations_3_U                                       | 71   | 63   |     |      |      |     |        |      |         |          |        |
|   layer2_activations_U                                         | 72   | 63   |     |      |      |     |        |      |         |          |        |
|   layer3_activations_U                                         | 88   | 63   |     |      |      |     |        |      |         |          |        |
|   regslice_both_input_stream_V_data_V_U                        | 55   | 69   |     |      |      |     |        |      |         |          |        |
|   regslice_both_input_stream_V_dest_V_U                        | 13   | 19   |     |      |      |     |        |      |         |          |        |
|   regslice_both_input_stream_V_id_V_U                          | 10   | 13   |     |      |      |     |        |      |         |          |        |
|   regslice_both_input_stream_V_keep_V_U                        | 9    | 11   |     |      |      |     |        |      |         |          |        |
|   regslice_both_input_stream_V_strb_V_U                        | 9    | 11   |     |      |      |     |        |      |         |          |        |
|   regslice_both_input_stream_V_user_V_U                        | 8    | 7    |     |      |      |     |        |      |         |          |        |
|   regslice_both_output_stream_V_data_V_U                       | 43   | 69   |     |      |      |     |        |      |         |          |        |
|   regslice_both_output_stream_V_dest_V_U                       | 11   | 19   |     |      |      |     |        |      |         |          |        |
|   regslice_both_output_stream_V_id_V_U                         | 8    | 13   |     |      |      |     |        |      |         |          |        |
|   regslice_both_output_stream_V_keep_V_U                       | 7    | 11   |     |      |      |     |        |      |         |          |        |
|   regslice_both_output_stream_V_last_V_U                       | 4    | 5    |     |      |      |     |        |      |         |          |        |
|   regslice_both_output_stream_V_strb_V_U                       | 7    | 11   |     |      |      |     |        |      |         |          |        |
|   regslice_both_output_stream_V_user_V_U                       | 7    | 7    |     |      |      |     |        |      |         |          |        |
+----------------------------------------------------------------+------+------+-----+------+------+-----+--------+------+---------+----------+--------+


================================================================
== RTL Synthesis Fail Fast
================================================================
+-----------------------------------------------------------+-----------+--------+--------+
| Criteria                                                  | Guideline | Actual | Status |
+-----------------------------------------------------------+-----------+--------+--------+
| LUT                                                       | 70%       | 6.32%  | OK     |
| FD                                                        | 50%       | 2.50%  | OK     |
| LUTRAM+SRL                                                | 25%       | 1.88%  | OK     |
| MUXF7                                                     | 15%       | 0.00%  | OK     |
| DSP                                                       | 80%       | 0.00%  | OK     |
| RAMB/FIFO                                                 | 80%       | 1.43%  | OK     |
| DSP+RAMB+URAM (Avg)                                       | 70%       | 1.43%  | OK     |
| BUFGCE* + BUFGCTRL                                        | 24        | 0      | OK     |
| DONT_TOUCH (cells/nets)                                   | 0         | 0      | OK     |
| MARK_DEBUG (nets)                                         | 0         | 0      | OK     |
| Control Sets                                              | 998       | 48     | OK     |
| Average Fanout for modules > 100k cells                   | 4         | 2.95   | OK     |
| Max Average Fanout for modules > 100k cells               | 4         | 0      | OK     |
| Non-FD high fanout nets > 10k loads                       | 0         | 0      | OK     |
+-----------------------------------------------------------+-----------+--------+--------+
| TIMING-6 (No common primary clock between related clocks) | 0         | 0      | OK     |
| TIMING-7 (No common node between related clocks)          | 0         | 0      | OK     |
| TIMING-8 (No common period between related clocks)        | 0         | 0      | OK     |
| TIMING-14 (LUT on the clock tree)                         | 0         | 0      | OK     |
| TIMING-35 (No common node in paths with the same clock)   | 0         | 0      | OK     |
+-----------------------------------------------------------+-----------+--------+--------+
| Number of paths above max LUT budgeting (0.575ns)         | 0         | 0      | OK     |
| Number of paths above max Net budgeting (0.403ns)         | 0         | 0      | OK     |
+-----------------------------------------------------------+-----------+--------+--------+


================================================================
== RTL Synthesis Timing Paths
================================================================
* Timing was met
+-------+-------+-----------------------------------------------------------------------------------------+-----------------------------------------------------------------------------------------+--------------+------------+----------------+----------------+--------------+
| Path  | SLACK | STARTPOINT PIN                                                                          | ENDPOINT PIN                                                                            | LOGIC LEVELS | MAX FANOUT | DATAPATH DELAY | DATAPATH LOGIC | DATAPATH NET |
|       |       |                                                                                         |                                                                                         |              |            |                |          DELAY |        DELAY |
+-------+-------+-----------------------------------------------------------------------------------------+-----------------------------------------------------------------------------------------+--------------+------------+----------------+----------------+--------------+
| Path1 | 4.333 | grp_feedforward_stream_Pipeline_VITIS_LOOP_49_11_fu_5769/add_ln54_89_reg_3747_reg[1]/C  | grp_feedforward_stream_Pipeline_VITIS_LOOP_49_11_fu_5769/add_ln54_124_reg_3872_reg[5]/D |            6 |          3 |          5.692 |          1.942 |        3.750 |
| Path2 | 4.333 | grp_feedforward_stream_Pipeline_VITIS_LOOP_49_11_fu_5769/add_ln54_152_reg_3827_reg[1]/C | grp_feedforward_stream_Pipeline_VITIS_LOOP_49_11_fu_5769/add_ln54_187_reg_3877_reg[5]/D |            6 |          3 |          5.692 |          1.942 |        3.750 |
| Path3 | 4.333 | grp_feedforward_stream_Pipeline_VITIS_LOOP_49_12_fu_5985/add_ln54_27_reg_1891_reg[1]/C  | grp_feedforward_stream_Pipeline_VITIS_LOOP_49_12_fu_5985/cnt_1_reg_1936_reg[5]/D        |            6 |          3 |          5.692 |          1.942 |        3.750 |
| Path4 | 4.403 | grp_feedforward_stream_Pipeline_VITIS_LOOP_49_11_fu_5769/add_ln54_89_reg_3747_reg[1]/C  | grp_feedforward_stream_Pipeline_VITIS_LOOP_49_11_fu_5769/add_ln54_124_reg_3872_reg[6]/D |            6 |          3 |          5.607 |          1.857 |        3.750 |
| Path5 | 4.403 | grp_feedforward_stream_Pipeline_VITIS_LOOP_49_11_fu_5769/add_ln54_152_reg_3827_reg[1]/C | grp_feedforward_stream_Pipeline_VITIS_LOOP_49_11_fu_5769/add_ln54_187_reg_3877_reg[6]/D |            6 |          3 |          5.607 |          1.857 |        3.750 |
+-------+-------+-----------------------------------------------------------------------------------------+-----------------------------------------------------------------------------------------+--------------+------------+----------------+----------------+--------------+

    +-------------------------------------------------------------------------------------------+----------------------+
    | Path1 Cells                                                                               | Primitive Type       |
    +-------------------------------------------------------------------------------------------+----------------------+
    | grp_feedforward_stream_Pipeline_VITIS_LOOP_49_11_fu_5769/add_ln54_89_reg_3747_reg[1]      | FLOP_LATCH.flop.FDRE |
    | grp_feedforward_stream_Pipeline_VITIS_LOOP_49_11_fu_5769/add_ln54_124_reg_3872[6]_i_15    | LUT.others.LUT3      |
    | grp_feedforward_stream_Pipeline_VITIS_LOOP_49_11_fu_5769/add_ln54_124_reg_3872[6]_i_24    | LUT.others.LUT6      |
    | grp_feedforward_stream_Pipeline_VITIS_LOOP_49_11_fu_5769/add_ln54_124_reg_3872[6]_i_11    | LUT.others.LUT6      |
    | grp_feedforward_stream_Pipeline_VITIS_LOOP_49_11_fu_5769/add_ln54_124_reg_3872[3]_i_2     | LUT.others.LUT3      |
    | grp_feedforward_stream_Pipeline_VITIS_LOOP_49_11_fu_5769/add_ln54_124_reg_3872_reg[3]_i_1 | CARRY.others.CARRY4  |
    | grp_feedforward_stream_Pipeline_VITIS_LOOP_49_11_fu_5769/add_ln54_124_reg_3872_reg[6]_i_1 | CARRY.others.CARRY4  |
    | grp_feedforward_stream_Pipeline_VITIS_LOOP_49_11_fu_5769/add_ln54_124_reg_3872_reg[5]     | FLOP_LATCH.flop.FDRE |
    | grp_feedforward_stream_Pipeline_VITIS_LOOP_49_11_fu_5769/add_ln54_152_reg_3827_reg[1]     | FLOP_LATCH.flop.FDRE |
    | grp_feedforward_stream_Pipeline_VITIS_LOOP_49_11_fu_5769/add_ln54_187_reg_3877[6]_i_15    | LUT.others.LUT3      |
    | grp_feedforward_stream_Pipeline_VITIS_LOOP_49_11_fu_5769/add_ln54_187_reg_3877[6]_i_24    | LUT.others.LUT6      |
    | grp_feedforward_stream_Pipeline_VITIS_LOOP_49_11_fu_5769/add_ln54_187_reg_3877[6]_i_11    | LUT.others.LUT6      |
    | grp_feedforward_stream_Pipeline_VITIS_LOOP_49_11_fu_5769/add_ln54_187_reg_3877[3]_i_2     | LUT.others.LUT3      |
    | grp_feedforward_stream_Pipeline_VITIS_LOOP_49_11_fu_5769/add_ln54_187_reg_3877_reg[3]_i_1 | CARRY.others.CARRY4  |
    | grp_feedforward_stream_Pipeline_VITIS_LOOP_49_11_fu_5769/add_ln54_187_reg_3877_reg[6]_i_1 | CARRY.others.CARRY4  |
    | grp_feedforward_stream_Pipeline_VITIS_LOOP_49_11_fu_5769/add_ln54_187_reg_3877_reg[5]     | FLOP_LATCH.flop.FDRE |
    | grp_feedforward_stream_Pipeline_VITIS_LOOP_49_12_fu_5985/add_ln54_27_reg_1891_reg[1]      | FLOP_LATCH.flop.FDRE |
    | grp_feedforward_stream_Pipeline_VITIS_LOOP_49_12_fu_5985/cnt_1_reg_1936[6]_i_15           | LUT.others.LUT3      |
    | grp_feedforward_stream_Pipeline_VITIS_LOOP_49_12_fu_5985/cnt_1_reg_1936[6]_i_24           | LUT.others.LUT6      |
    | grp_feedforward_stream_Pipeline_VITIS_LOOP_49_12_fu_5985/cnt_1_reg_1936[6]_i_11           | LUT.others.LUT6      |
    | grp_feedforward_stream_Pipeline_VITIS_LOOP_49_12_fu_5985/cnt_1_reg_1936[3]_i_2            | LUT.others.LUT3      |
    | grp_feedforward_stream_Pipeline_VITIS_LOOP_49_12_fu_5985/cnt_1_reg_1936_reg[3]_i_1        | CARRY.others.CARRY4  |
    | grp_feedforward_stream_Pipeline_VITIS_LOOP_49_12_fu_5985/cnt_1_reg_1936_reg[6]_i_1        | CARRY.others.CARRY4  |
    | grp_feedforward_stream_Pipeline_VITIS_LOOP_49_12_fu_5985/cnt_1_reg_1936_reg[5]            | FLOP_LATCH.flop.FDRE |
    | grp_feedforward_stream_Pipeline_VITIS_LOOP_49_11_fu_5769/add_ln54_89_reg_3747_reg[1]      | FLOP_LATCH.flop.FDRE |
    | grp_feedforward_stream_Pipeline_VITIS_LOOP_49_11_fu_5769/add_ln54_124_reg_3872[6]_i_15    | LUT.others.LUT3      |
    | grp_feedforward_stream_Pipeline_VITIS_LOOP_49_11_fu_5769/add_ln54_124_reg_3872[6]_i_24    | LUT.others.LUT6      |
    | grp_feedforward_stream_Pipeline_VITIS_LOOP_49_11_fu_5769/add_ln54_124_reg_3872[6]_i_11    | LUT.others.LUT6      |
    | grp_feedforward_stream_Pipeline_VITIS_LOOP_49_11_fu_5769/add_ln54_124_reg_3872[3]_i_2     | LUT.others.LUT3      |
    | grp_feedforward_stream_Pipeline_VITIS_LOOP_49_11_fu_5769/add_ln54_124_reg_3872_reg[3]_i_1 | CARRY.others.CARRY4  |
    | grp_feedforward_stream_Pipeline_VITIS_LOOP_49_11_fu_5769/add_ln54_124_reg_3872_reg[6]_i_1 | CARRY.others.CARRY4  |
    | grp_feedforward_stream_Pipeline_VITIS_LOOP_49_11_fu_5769/add_ln54_124_reg_3872_reg[6]     | FLOP_LATCH.flop.FDRE |
    | grp_feedforward_stream_Pipeline_VITIS_LOOP_49_11_fu_5769/add_ln54_152_reg_3827_reg[1]     | FLOP_LATCH.flop.FDRE |
    | grp_feedforward_stream_Pipeline_VITIS_LOOP_49_11_fu_5769/add_ln54_187_reg_3877[6]_i_15    | LUT.others.LUT3      |
    | grp_feedforward_stream_Pipeline_VITIS_LOOP_49_11_fu_5769/add_ln54_187_reg_3877[6]_i_24    | LUT.others.LUT6      |
    | grp_feedforward_stream_Pipeline_VITIS_LOOP_49_11_fu_5769/add_ln54_187_reg_3877[6]_i_11    | LUT.others.LUT6      |
    | grp_feedforward_stream_Pipeline_VITIS_LOOP_49_11_fu_5769/add_ln54_187_reg_3877[3]_i_2     | LUT.others.LUT3      |
    | grp_feedforward_stream_Pipeline_VITIS_LOOP_49_11_fu_5769/add_ln54_187_reg_3877_reg[3]_i_1 | CARRY.others.CARRY4  |
    | grp_feedforward_stream_Pipeline_VITIS_LOOP_49_11_fu_5769/add_ln54_187_reg_3877_reg[6]_i_1 | CARRY.others.CARRY4  |
    | grp_feedforward_stream_Pipeline_VITIS_LOOP_49_11_fu_5769/add_ln54_187_reg_3877_reg[6]     | FLOP_LATCH.flop.FDRE |
    +-------------------------------------------------------------------------------------------+----------------------+

    +-------------------------------------------------------------------------------------------+----------------------+
    | Path2 Cells                                                                               | Primitive Type       |
    +-------------------------------------------------------------------------------------------+----------------------+
    | grp_feedforward_stream_Pipeline_VITIS_LOOP_49_11_fu_5769/add_ln54_89_reg_3747_reg[1]      | FLOP_LATCH.flop.FDRE |
    | grp_feedforward_stream_Pipeline_VITIS_LOOP_49_11_fu_5769/add_ln54_124_reg_3872[6]_i_15    | LUT.others.LUT3      |
    | grp_feedforward_stream_Pipeline_VITIS_LOOP_49_11_fu_5769/add_ln54_124_reg_3872[6]_i_24    | LUT.others.LUT6      |
    | grp_feedforward_stream_Pipeline_VITIS_LOOP_49_11_fu_5769/add_ln54_124_reg_3872[6]_i_11    | LUT.others.LUT6      |
    | grp_feedforward_stream_Pipeline_VITIS_LOOP_49_11_fu_5769/add_ln54_124_reg_3872[3]_i_2     | LUT.others.LUT3      |
    | grp_feedforward_stream_Pipeline_VITIS_LOOP_49_11_fu_5769/add_ln54_124_reg_3872_reg[3]_i_1 | CARRY.others.CARRY4  |
    | grp_feedforward_stream_Pipeline_VITIS_LOOP_49_11_fu_5769/add_ln54_124_reg_3872_reg[6]_i_1 | CARRY.others.CARRY4  |
    | grp_feedforward_stream_Pipeline_VITIS_LOOP_49_11_fu_5769/add_ln54_124_reg_3872_reg[5]     | FLOP_LATCH.flop.FDRE |
    | grp_feedforward_stream_Pipeline_VITIS_LOOP_49_11_fu_5769/add_ln54_152_reg_3827_reg[1]     | FLOP_LATCH.flop.FDRE |
    | grp_feedforward_stream_Pipeline_VITIS_LOOP_49_11_fu_5769/add_ln54_187_reg_3877[6]_i_15    | LUT.others.LUT3      |
    | grp_feedforward_stream_Pipeline_VITIS_LOOP_49_11_fu_5769/add_ln54_187_reg_3877[6]_i_24    | LUT.others.LUT6      |
    | grp_feedforward_stream_Pipeline_VITIS_LOOP_49_11_fu_5769/add_ln54_187_reg_3877[6]_i_11    | LUT.others.LUT6      |
    | grp_feedforward_stream_Pipeline_VITIS_LOOP_49_11_fu_5769/add_ln54_187_reg_3877[3]_i_2     | LUT.others.LUT3      |
    | grp_feedforward_stream_Pipeline_VITIS_LOOP_49_11_fu_5769/add_ln54_187_reg_3877_reg[3]_i_1 | CARRY.others.CARRY4  |
    | grp_feedforward_stream_Pipeline_VITIS_LOOP_49_11_fu_5769/add_ln54_187_reg_3877_reg[6]_i_1 | CARRY.others.CARRY4  |
    | grp_feedforward_stream_Pipeline_VITIS_LOOP_49_11_fu_5769/add_ln54_187_reg_3877_reg[5]     | FLOP_LATCH.flop.FDRE |
    | grp_feedforward_stream_Pipeline_VITIS_LOOP_49_12_fu_5985/add_ln54_27_reg_1891_reg[1]      | FLOP_LATCH.flop.FDRE |
    | grp_feedforward_stream_Pipeline_VITIS_LOOP_49_12_fu_5985/cnt_1_reg_1936[6]_i_15           | LUT.others.LUT3      |
    | grp_feedforward_stream_Pipeline_VITIS_LOOP_49_12_fu_5985/cnt_1_reg_1936[6]_i_24           | LUT.others.LUT6      |
    | grp_feedforward_stream_Pipeline_VITIS_LOOP_49_12_fu_5985/cnt_1_reg_1936[6]_i_11           | LUT.others.LUT6      |
    | grp_feedforward_stream_Pipeline_VITIS_LOOP_49_12_fu_5985/cnt_1_reg_1936[3]_i_2            | LUT.others.LUT3      |
    | grp_feedforward_stream_Pipeline_VITIS_LOOP_49_12_fu_5985/cnt_1_reg_1936_reg[3]_i_1        | CARRY.others.CARRY4  |
    | grp_feedforward_stream_Pipeline_VITIS_LOOP_49_12_fu_5985/cnt_1_reg_1936_reg[6]_i_1        | CARRY.others.CARRY4  |
    | grp_feedforward_stream_Pipeline_VITIS_LOOP_49_12_fu_5985/cnt_1_reg_1936_reg[5]            | FLOP_LATCH.flop.FDRE |
    | grp_feedforward_stream_Pipeline_VITIS_LOOP_49_11_fu_5769/add_ln54_89_reg_3747_reg[1]      | FLOP_LATCH.flop.FDRE |
    | grp_feedforward_stream_Pipeline_VITIS_LOOP_49_11_fu_5769/add_ln54_124_reg_3872[6]_i_15    | LUT.others.LUT3      |
    | grp_feedforward_stream_Pipeline_VITIS_LOOP_49_11_fu_5769/add_ln54_124_reg_3872[6]_i_24    | LUT.others.LUT6      |
    | grp_feedforward_stream_Pipeline_VITIS_LOOP_49_11_fu_5769/add_ln54_124_reg_3872[6]_i_11    | LUT.others.LUT6      |
    | grp_feedforward_stream_Pipeline_VITIS_LOOP_49_11_fu_5769/add_ln54_124_reg_3872[3]_i_2     | LUT.others.LUT3      |
    | grp_feedforward_stream_Pipeline_VITIS_LOOP_49_11_fu_5769/add_ln54_124_reg_3872_reg[3]_i_1 | CARRY.others.CARRY4  |
    | grp_feedforward_stream_Pipeline_VITIS_LOOP_49_11_fu_5769/add_ln54_124_reg_3872_reg[6]_i_1 | CARRY.others.CARRY4  |
    | grp_feedforward_stream_Pipeline_VITIS_LOOP_49_11_fu_5769/add_ln54_124_reg_3872_reg[6]     | FLOP_LATCH.flop.FDRE |
    | grp_feedforward_stream_Pipeline_VITIS_LOOP_49_11_fu_5769/add_ln54_152_reg_3827_reg[1]     | FLOP_LATCH.flop.FDRE |
    | grp_feedforward_stream_Pipeline_VITIS_LOOP_49_11_fu_5769/add_ln54_187_reg_3877[6]_i_15    | LUT.others.LUT3      |
    | grp_feedforward_stream_Pipeline_VITIS_LOOP_49_11_fu_5769/add_ln54_187_reg_3877[6]_i_24    | LUT.others.LUT6      |
    | grp_feedforward_stream_Pipeline_VITIS_LOOP_49_11_fu_5769/add_ln54_187_reg_3877[6]_i_11    | LUT.others.LUT6      |
    | grp_feedforward_stream_Pipeline_VITIS_LOOP_49_11_fu_5769/add_ln54_187_reg_3877[3]_i_2     | LUT.others.LUT3      |
    | grp_feedforward_stream_Pipeline_VITIS_LOOP_49_11_fu_5769/add_ln54_187_reg_3877_reg[3]_i_1 | CARRY.others.CARRY4  |
    | grp_feedforward_stream_Pipeline_VITIS_LOOP_49_11_fu_5769/add_ln54_187_reg_3877_reg[6]_i_1 | CARRY.others.CARRY4  |
    | grp_feedforward_stream_Pipeline_VITIS_LOOP_49_11_fu_5769/add_ln54_187_reg_3877_reg[6]     | FLOP_LATCH.flop.FDRE |
    +-------------------------------------------------------------------------------------------+----------------------+

    +-------------------------------------------------------------------------------------------+----------------------+
    | Path3 Cells                                                                               | Primitive Type       |
    +-------------------------------------------------------------------------------------------+----------------------+
    | grp_feedforward_stream_Pipeline_VITIS_LOOP_49_11_fu_5769/add_ln54_89_reg_3747_reg[1]      | FLOP_LATCH.flop.FDRE |
    | grp_feedforward_stream_Pipeline_VITIS_LOOP_49_11_fu_5769/add_ln54_124_reg_3872[6]_i_15    | LUT.others.LUT3      |
    | grp_feedforward_stream_Pipeline_VITIS_LOOP_49_11_fu_5769/add_ln54_124_reg_3872[6]_i_24    | LUT.others.LUT6      |
    | grp_feedforward_stream_Pipeline_VITIS_LOOP_49_11_fu_5769/add_ln54_124_reg_3872[6]_i_11    | LUT.others.LUT6      |
    | grp_feedforward_stream_Pipeline_VITIS_LOOP_49_11_fu_5769/add_ln54_124_reg_3872[3]_i_2     | LUT.others.LUT3      |
    | grp_feedforward_stream_Pipeline_VITIS_LOOP_49_11_fu_5769/add_ln54_124_reg_3872_reg[3]_i_1 | CARRY.others.CARRY4  |
    | grp_feedforward_stream_Pipeline_VITIS_LOOP_49_11_fu_5769/add_ln54_124_reg_3872_reg[6]_i_1 | CARRY.others.CARRY4  |
    | grp_feedforward_stream_Pipeline_VITIS_LOOP_49_11_fu_5769/add_ln54_124_reg_3872_reg[5]     | FLOP_LATCH.flop.FDRE |
    | grp_feedforward_stream_Pipeline_VITIS_LOOP_49_11_fu_5769/add_ln54_152_reg_3827_reg[1]     | FLOP_LATCH.flop.FDRE |
    | grp_feedforward_stream_Pipeline_VITIS_LOOP_49_11_fu_5769/add_ln54_187_reg_3877[6]_i_15    | LUT.others.LUT3      |
    | grp_feedforward_stream_Pipeline_VITIS_LOOP_49_11_fu_5769/add_ln54_187_reg_3877[6]_i_24    | LUT.others.LUT6      |
    | grp_feedforward_stream_Pipeline_VITIS_LOOP_49_11_fu_5769/add_ln54_187_reg_3877[6]_i_11    | LUT.others.LUT6      |
    | grp_feedforward_stream_Pipeline_VITIS_LOOP_49_11_fu_5769/add_ln54_187_reg_3877[3]_i_2     | LUT.others.LUT3      |
    | grp_feedforward_stream_Pipeline_VITIS_LOOP_49_11_fu_5769/add_ln54_187_reg_3877_reg[3]_i_1 | CARRY.others.CARRY4  |
    | grp_feedforward_stream_Pipeline_VITIS_LOOP_49_11_fu_5769/add_ln54_187_reg_3877_reg[6]_i_1 | CARRY.others.CARRY4  |
    | grp_feedforward_stream_Pipeline_VITIS_LOOP_49_11_fu_5769/add_ln54_187_reg_3877_reg[5]     | FLOP_LATCH.flop.FDRE |
    | grp_feedforward_stream_Pipeline_VITIS_LOOP_49_12_fu_5985/add_ln54_27_reg_1891_reg[1]      | FLOP_LATCH.flop.FDRE |
    | grp_feedforward_stream_Pipeline_VITIS_LOOP_49_12_fu_5985/cnt_1_reg_1936[6]_i_15           | LUT.others.LUT3      |
    | grp_feedforward_stream_Pipeline_VITIS_LOOP_49_12_fu_5985/cnt_1_reg_1936[6]_i_24           | LUT.others.LUT6      |
    | grp_feedforward_stream_Pipeline_VITIS_LOOP_49_12_fu_5985/cnt_1_reg_1936[6]_i_11           | LUT.others.LUT6      |
    | grp_feedforward_stream_Pipeline_VITIS_LOOP_49_12_fu_5985/cnt_1_reg_1936[3]_i_2            | LUT.others.LUT3      |
    | grp_feedforward_stream_Pipeline_VITIS_LOOP_49_12_fu_5985/cnt_1_reg_1936_reg[3]_i_1        | CARRY.others.CARRY4  |
    | grp_feedforward_stream_Pipeline_VITIS_LOOP_49_12_fu_5985/cnt_1_reg_1936_reg[6]_i_1        | CARRY.others.CARRY4  |
    | grp_feedforward_stream_Pipeline_VITIS_LOOP_49_12_fu_5985/cnt_1_reg_1936_reg[5]            | FLOP_LATCH.flop.FDRE |
    | grp_feedforward_stream_Pipeline_VITIS_LOOP_49_11_fu_5769/add_ln54_89_reg_3747_reg[1]      | FLOP_LATCH.flop.FDRE |
    | grp_feedforward_stream_Pipeline_VITIS_LOOP_49_11_fu_5769/add_ln54_124_reg_3872[6]_i_15    | LUT.others.LUT3      |
    | grp_feedforward_stream_Pipeline_VITIS_LOOP_49_11_fu_5769/add_ln54_124_reg_3872[6]_i_24    | LUT.others.LUT6      |
    | grp_feedforward_stream_Pipeline_VITIS_LOOP_49_11_fu_5769/add_ln54_124_reg_3872[6]_i_11    | LUT.others.LUT6      |
    | grp_feedforward_stream_Pipeline_VITIS_LOOP_49_11_fu_5769/add_ln54_124_reg_3872[3]_i_2     | LUT.others.LUT3      |
    | grp_feedforward_stream_Pipeline_VITIS_LOOP_49_11_fu_5769/add_ln54_124_reg_3872_reg[3]_i_1 | CARRY.others.CARRY4  |
    | grp_feedforward_stream_Pipeline_VITIS_LOOP_49_11_fu_5769/add_ln54_124_reg_3872_reg[6]_i_1 | CARRY.others.CARRY4  |
    | grp_feedforward_stream_Pipeline_VITIS_LOOP_49_11_fu_5769/add_ln54_124_reg_3872_reg[6]     | FLOP_LATCH.flop.FDRE |
    | grp_feedforward_stream_Pipeline_VITIS_LOOP_49_11_fu_5769/add_ln54_152_reg_3827_reg[1]     | FLOP_LATCH.flop.FDRE |
    | grp_feedforward_stream_Pipeline_VITIS_LOOP_49_11_fu_5769/add_ln54_187_reg_3877[6]_i_15    | LUT.others.LUT3      |
    | grp_feedforward_stream_Pipeline_VITIS_LOOP_49_11_fu_5769/add_ln54_187_reg_3877[6]_i_24    | LUT.others.LUT6      |
    | grp_feedforward_stream_Pipeline_VITIS_LOOP_49_11_fu_5769/add_ln54_187_reg_3877[6]_i_11    | LUT.others.LUT6      |
    | grp_feedforward_stream_Pipeline_VITIS_LOOP_49_11_fu_5769/add_ln54_187_reg_3877[3]_i_2     | LUT.others.LUT3      |
    | grp_feedforward_stream_Pipeline_VITIS_LOOP_49_11_fu_5769/add_ln54_187_reg_3877_reg[3]_i_1 | CARRY.others.CARRY4  |
    | grp_feedforward_stream_Pipeline_VITIS_LOOP_49_11_fu_5769/add_ln54_187_reg_3877_reg[6]_i_1 | CARRY.others.CARRY4  |
    | grp_feedforward_stream_Pipeline_VITIS_LOOP_49_11_fu_5769/add_ln54_187_reg_3877_reg[6]     | FLOP_LATCH.flop.FDRE |
    +-------------------------------------------------------------------------------------------+----------------------+

    +-------------------------------------------------------------------------------------------+----------------------+
    | Path4 Cells                                                                               | Primitive Type       |
    +-------------------------------------------------------------------------------------------+----------------------+
    | grp_feedforward_stream_Pipeline_VITIS_LOOP_49_11_fu_5769/add_ln54_89_reg_3747_reg[1]      | FLOP_LATCH.flop.FDRE |
    | grp_feedforward_stream_Pipeline_VITIS_LOOP_49_11_fu_5769/add_ln54_124_reg_3872[6]_i_15    | LUT.others.LUT3      |
    | grp_feedforward_stream_Pipeline_VITIS_LOOP_49_11_fu_5769/add_ln54_124_reg_3872[6]_i_24    | LUT.others.LUT6      |
    | grp_feedforward_stream_Pipeline_VITIS_LOOP_49_11_fu_5769/add_ln54_124_reg_3872[6]_i_11    | LUT.others.LUT6      |
    | grp_feedforward_stream_Pipeline_VITIS_LOOP_49_11_fu_5769/add_ln54_124_reg_3872[3]_i_2     | LUT.others.LUT3      |
    | grp_feedforward_stream_Pipeline_VITIS_LOOP_49_11_fu_5769/add_ln54_124_reg_3872_reg[3]_i_1 | CARRY.others.CARRY4  |
    | grp_feedforward_stream_Pipeline_VITIS_LOOP_49_11_fu_5769/add_ln54_124_reg_3872_reg[6]_i_1 | CARRY.others.CARRY4  |
    | grp_feedforward_stream_Pipeline_VITIS_LOOP_49_11_fu_5769/add_ln54_124_reg_3872_reg[5]     | FLOP_LATCH.flop.FDRE |
    | grp_feedforward_stream_Pipeline_VITIS_LOOP_49_11_fu_5769/add_ln54_152_reg_3827_reg[1]     | FLOP_LATCH.flop.FDRE |
    | grp_feedforward_stream_Pipeline_VITIS_LOOP_49_11_fu_5769/add_ln54_187_reg_3877[6]_i_15    | LUT.others.LUT3      |
    | grp_feedforward_stream_Pipeline_VITIS_LOOP_49_11_fu_5769/add_ln54_187_reg_3877[6]_i_24    | LUT.others.LUT6      |
    | grp_feedforward_stream_Pipeline_VITIS_LOOP_49_11_fu_5769/add_ln54_187_reg_3877[6]_i_11    | LUT.others.LUT6      |
    | grp_feedforward_stream_Pipeline_VITIS_LOOP_49_11_fu_5769/add_ln54_187_reg_3877[3]_i_2     | LUT.others.LUT3      |
    | grp_feedforward_stream_Pipeline_VITIS_LOOP_49_11_fu_5769/add_ln54_187_reg_3877_reg[3]_i_1 | CARRY.others.CARRY4  |
    | grp_feedforward_stream_Pipeline_VITIS_LOOP_49_11_fu_5769/add_ln54_187_reg_3877_reg[6]_i_1 | CARRY.others.CARRY4  |
    | grp_feedforward_stream_Pipeline_VITIS_LOOP_49_11_fu_5769/add_ln54_187_reg_3877_reg[5]     | FLOP_LATCH.flop.FDRE |
    | grp_feedforward_stream_Pipeline_VITIS_LOOP_49_12_fu_5985/add_ln54_27_reg_1891_reg[1]      | FLOP_LATCH.flop.FDRE |
    | grp_feedforward_stream_Pipeline_VITIS_LOOP_49_12_fu_5985/cnt_1_reg_1936[6]_i_15           | LUT.others.LUT3      |
    | grp_feedforward_stream_Pipeline_VITIS_LOOP_49_12_fu_5985/cnt_1_reg_1936[6]_i_24           | LUT.others.LUT6      |
    | grp_feedforward_stream_Pipeline_VITIS_LOOP_49_12_fu_5985/cnt_1_reg_1936[6]_i_11           | LUT.others.LUT6      |
    | grp_feedforward_stream_Pipeline_VITIS_LOOP_49_12_fu_5985/cnt_1_reg_1936[3]_i_2            | LUT.others.LUT3      |
    | grp_feedforward_stream_Pipeline_VITIS_LOOP_49_12_fu_5985/cnt_1_reg_1936_reg[3]_i_1        | CARRY.others.CARRY4  |
    | grp_feedforward_stream_Pipeline_VITIS_LOOP_49_12_fu_5985/cnt_1_reg_1936_reg[6]_i_1        | CARRY.others.CARRY4  |
    | grp_feedforward_stream_Pipeline_VITIS_LOOP_49_12_fu_5985/cnt_1_reg_1936_reg[5]            | FLOP_LATCH.flop.FDRE |
    | grp_feedforward_stream_Pipeline_VITIS_LOOP_49_11_fu_5769/add_ln54_89_reg_3747_reg[1]      | FLOP_LATCH.flop.FDRE |
    | grp_feedforward_stream_Pipeline_VITIS_LOOP_49_11_fu_5769/add_ln54_124_reg_3872[6]_i_15    | LUT.others.LUT3      |
    | grp_feedforward_stream_Pipeline_VITIS_LOOP_49_11_fu_5769/add_ln54_124_reg_3872[6]_i_24    | LUT.others.LUT6      |
    | grp_feedforward_stream_Pipeline_VITIS_LOOP_49_11_fu_5769/add_ln54_124_reg_3872[6]_i_11    | LUT.others.LUT6      |
    | grp_feedforward_stream_Pipeline_VITIS_LOOP_49_11_fu_5769/add_ln54_124_reg_3872[3]_i_2     | LUT.others.LUT3      |
    | grp_feedforward_stream_Pipeline_VITIS_LOOP_49_11_fu_5769/add_ln54_124_reg_3872_reg[3]_i_1 | CARRY.others.CARRY4  |
    | grp_feedforward_stream_Pipeline_VITIS_LOOP_49_11_fu_5769/add_ln54_124_reg_3872_reg[6]_i_1 | CARRY.others.CARRY4  |
    | grp_feedforward_stream_Pipeline_VITIS_LOOP_49_11_fu_5769/add_ln54_124_reg_3872_reg[6]     | FLOP_LATCH.flop.FDRE |
    | grp_feedforward_stream_Pipeline_VITIS_LOOP_49_11_fu_5769/add_ln54_152_reg_3827_reg[1]     | FLOP_LATCH.flop.FDRE |
    | grp_feedforward_stream_Pipeline_VITIS_LOOP_49_11_fu_5769/add_ln54_187_reg_3877[6]_i_15    | LUT.others.LUT3      |
    | grp_feedforward_stream_Pipeline_VITIS_LOOP_49_11_fu_5769/add_ln54_187_reg_3877[6]_i_24    | LUT.others.LUT6      |
    | grp_feedforward_stream_Pipeline_VITIS_LOOP_49_11_fu_5769/add_ln54_187_reg_3877[6]_i_11    | LUT.others.LUT6      |
    | grp_feedforward_stream_Pipeline_VITIS_LOOP_49_11_fu_5769/add_ln54_187_reg_3877[3]_i_2     | LUT.others.LUT3      |
    | grp_feedforward_stream_Pipeline_VITIS_LOOP_49_11_fu_5769/add_ln54_187_reg_3877_reg[3]_i_1 | CARRY.others.CARRY4  |
    | grp_feedforward_stream_Pipeline_VITIS_LOOP_49_11_fu_5769/add_ln54_187_reg_3877_reg[6]_i_1 | CARRY.others.CARRY4  |
    | grp_feedforward_stream_Pipeline_VITIS_LOOP_49_11_fu_5769/add_ln54_187_reg_3877_reg[6]     | FLOP_LATCH.flop.FDRE |
    +-------------------------------------------------------------------------------------------+----------------------+

    +-------------------------------------------------------------------------------------------+----------------------+
    | Path5 Cells                                                                               | Primitive Type       |
    +-------------------------------------------------------------------------------------------+----------------------+
    | grp_feedforward_stream_Pipeline_VITIS_LOOP_49_11_fu_5769/add_ln54_89_reg_3747_reg[1]      | FLOP_LATCH.flop.FDRE |
    | grp_feedforward_stream_Pipeline_VITIS_LOOP_49_11_fu_5769/add_ln54_124_reg_3872[6]_i_15    | LUT.others.LUT3      |
    | grp_feedforward_stream_Pipeline_VITIS_LOOP_49_11_fu_5769/add_ln54_124_reg_3872[6]_i_24    | LUT.others.LUT6      |
    | grp_feedforward_stream_Pipeline_VITIS_LOOP_49_11_fu_5769/add_ln54_124_reg_3872[6]_i_11    | LUT.others.LUT6      |
    | grp_feedforward_stream_Pipeline_VITIS_LOOP_49_11_fu_5769/add_ln54_124_reg_3872[3]_i_2     | LUT.others.LUT3      |
    | grp_feedforward_stream_Pipeline_VITIS_LOOP_49_11_fu_5769/add_ln54_124_reg_3872_reg[3]_i_1 | CARRY.others.CARRY4  |
    | grp_feedforward_stream_Pipeline_VITIS_LOOP_49_11_fu_5769/add_ln54_124_reg_3872_reg[6]_i_1 | CARRY.others.CARRY4  |
    | grp_feedforward_stream_Pipeline_VITIS_LOOP_49_11_fu_5769/add_ln54_124_reg_3872_reg[5]     | FLOP_LATCH.flop.FDRE |
    | grp_feedforward_stream_Pipeline_VITIS_LOOP_49_11_fu_5769/add_ln54_152_reg_3827_reg[1]     | FLOP_LATCH.flop.FDRE |
    | grp_feedforward_stream_Pipeline_VITIS_LOOP_49_11_fu_5769/add_ln54_187_reg_3877[6]_i_15    | LUT.others.LUT3      |
    | grp_feedforward_stream_Pipeline_VITIS_LOOP_49_11_fu_5769/add_ln54_187_reg_3877[6]_i_24    | LUT.others.LUT6      |
    | grp_feedforward_stream_Pipeline_VITIS_LOOP_49_11_fu_5769/add_ln54_187_reg_3877[6]_i_11    | LUT.others.LUT6      |
    | grp_feedforward_stream_Pipeline_VITIS_LOOP_49_11_fu_5769/add_ln54_187_reg_3877[3]_i_2     | LUT.others.LUT3      |
    | grp_feedforward_stream_Pipeline_VITIS_LOOP_49_11_fu_5769/add_ln54_187_reg_3877_reg[3]_i_1 | CARRY.others.CARRY4  |
    | grp_feedforward_stream_Pipeline_VITIS_LOOP_49_11_fu_5769/add_ln54_187_reg_3877_reg[6]_i_1 | CARRY.others.CARRY4  |
    | grp_feedforward_stream_Pipeline_VITIS_LOOP_49_11_fu_5769/add_ln54_187_reg_3877_reg[5]     | FLOP_LATCH.flop.FDRE |
    | grp_feedforward_stream_Pipeline_VITIS_LOOP_49_12_fu_5985/add_ln54_27_reg_1891_reg[1]      | FLOP_LATCH.flop.FDRE |
    | grp_feedforward_stream_Pipeline_VITIS_LOOP_49_12_fu_5985/cnt_1_reg_1936[6]_i_15           | LUT.others.LUT3      |
    | grp_feedforward_stream_Pipeline_VITIS_LOOP_49_12_fu_5985/cnt_1_reg_1936[6]_i_24           | LUT.others.LUT6      |
    | grp_feedforward_stream_Pipeline_VITIS_LOOP_49_12_fu_5985/cnt_1_reg_1936[6]_i_11           | LUT.others.LUT6      |
    | grp_feedforward_stream_Pipeline_VITIS_LOOP_49_12_fu_5985/cnt_1_reg_1936[3]_i_2            | LUT.others.LUT3      |
    | grp_feedforward_stream_Pipeline_VITIS_LOOP_49_12_fu_5985/cnt_1_reg_1936_reg[3]_i_1        | CARRY.others.CARRY4  |
    | grp_feedforward_stream_Pipeline_VITIS_LOOP_49_12_fu_5985/cnt_1_reg_1936_reg[6]_i_1        | CARRY.others.CARRY4  |
    | grp_feedforward_stream_Pipeline_VITIS_LOOP_49_12_fu_5985/cnt_1_reg_1936_reg[5]            | FLOP_LATCH.flop.FDRE |
    | grp_feedforward_stream_Pipeline_VITIS_LOOP_49_11_fu_5769/add_ln54_89_reg_3747_reg[1]      | FLOP_LATCH.flop.FDRE |
    | grp_feedforward_stream_Pipeline_VITIS_LOOP_49_11_fu_5769/add_ln54_124_reg_3872[6]_i_15    | LUT.others.LUT3      |
    | grp_feedforward_stream_Pipeline_VITIS_LOOP_49_11_fu_5769/add_ln54_124_reg_3872[6]_i_24    | LUT.others.LUT6      |
    | grp_feedforward_stream_Pipeline_VITIS_LOOP_49_11_fu_5769/add_ln54_124_reg_3872[6]_i_11    | LUT.others.LUT6      |
    | grp_feedforward_stream_Pipeline_VITIS_LOOP_49_11_fu_5769/add_ln54_124_reg_3872[3]_i_2     | LUT.others.LUT3      |
    | grp_feedforward_stream_Pipeline_VITIS_LOOP_49_11_fu_5769/add_ln54_124_reg_3872_reg[3]_i_1 | CARRY.others.CARRY4  |
    | grp_feedforward_stream_Pipeline_VITIS_LOOP_49_11_fu_5769/add_ln54_124_reg_3872_reg[6]_i_1 | CARRY.others.CARRY4  |
    | grp_feedforward_stream_Pipeline_VITIS_LOOP_49_11_fu_5769/add_ln54_124_reg_3872_reg[6]     | FLOP_LATCH.flop.FDRE |
    | grp_feedforward_stream_Pipeline_VITIS_LOOP_49_11_fu_5769/add_ln54_152_reg_3827_reg[1]     | FLOP_LATCH.flop.FDRE |
    | grp_feedforward_stream_Pipeline_VITIS_LOOP_49_11_fu_5769/add_ln54_187_reg_3877[6]_i_15    | LUT.others.LUT3      |
    | grp_feedforward_stream_Pipeline_VITIS_LOOP_49_11_fu_5769/add_ln54_187_reg_3877[6]_i_24    | LUT.others.LUT6      |
    | grp_feedforward_stream_Pipeline_VITIS_LOOP_49_11_fu_5769/add_ln54_187_reg_3877[6]_i_11    | LUT.others.LUT6      |
    | grp_feedforward_stream_Pipeline_VITIS_LOOP_49_11_fu_5769/add_ln54_187_reg_3877[3]_i_2     | LUT.others.LUT3      |
    | grp_feedforward_stream_Pipeline_VITIS_LOOP_49_11_fu_5769/add_ln54_187_reg_3877_reg[3]_i_1 | CARRY.others.CARRY4  |
    | grp_feedforward_stream_Pipeline_VITIS_LOOP_49_11_fu_5769/add_ln54_187_reg_3877_reg[6]_i_1 | CARRY.others.CARRY4  |
    | grp_feedforward_stream_Pipeline_VITIS_LOOP_49_11_fu_5769/add_ln54_187_reg_3877_reg[6]     | FLOP_LATCH.flop.FDRE |
    +-------------------------------------------------------------------------------------------+----------------------+


================================================================
== RTL Synthesis Vivado Reports
================================================================
+--------------------------+---------------------------------------------------------------------------+
| Report Type              | Report Location                                                           |
+--------------------------+---------------------------------------------------------------------------+
| design_analysis          | impl/verilog/report/feedforward_stream_design_analysis_synth.rpt          |
| failfast                 | impl/verilog/report/feedforward_stream_failfast_synth.rpt                 |
| power                    | impl/verilog/report/feedforward_stream_power_synth.rpt                    |
| timing                   | impl/verilog/report/feedforward_stream_timing_synth.rpt                   |
| timing_paths             | impl/verilog/report/feedforward_stream_timing_paths_synth.rpt             |
| utilization              | impl/verilog/report/feedforward_stream_utilization_synth.rpt              |
| utilization_hierarchical | impl/verilog/report/feedforward_stream_utilization_hierarchical_synth.rpt |
+--------------------------+---------------------------------------------------------------------------+


