C:\ECEN529\bnn_final\bnn_hls\bnn_hls\hls\.autopilot\db\bnn.pp.0.cpp:2256:5: warning: Added loop label VITIS_LOOP_676_1:   [xilinx-label-all-loops]
    for (unsigned i = low; i != high+1; ++i) {
    ^~~
    VITIS_LOOP_676_1: 
C:\ECEN529\bnn_final\bnn_hls\bnn_hls\hls\.autopilot\db\bnn.pp.0.cpp:2256:5: note: FIX-IT applied suggested code changes
C:\ECEN529\bnn_final\bnn_hls\bnn_hls\hls\.autopilot\db\bnn.pp.0.cpp:2270:5: warning: Added loop label VITIS_LOOP_690_1:   [xilinx-label-all-loops]
    for (unsigned i = low; i != high+1; ++i) {
    ^~~
    VITIS_LOOP_690_1: 
C:\ECEN529\bnn_final\bnn_hls\bnn_hls\hls\.autopilot\db\bnn.pp.0.cpp:2270:5: note: FIX-IT applied suggested code changes
C:\ECEN529\bnn_final\bnn_hls\bnn_hls\hls\.autopilot\db\bnn.pp.0.cpp:2284:5: warning: Added loop label VITIS_LOOP_704_1:   [xilinx-label-all-loops]
    for (unsigned i = low; i != high+1; ++i) {
    ^~~
    VITIS_LOOP_704_1: 
C:\ECEN529\bnn_final\bnn_hls\bnn_hls\hls\.autopilot\db\bnn.pp.0.cpp:2284:5: note: FIX-IT applied suggested code changes
C:\ECEN529\bnn_final\bnn_hls\bnn_hls\hls\.autopilot\db\bnn.pp.0.cpp:3918:7: warning: Added loop label VITIS_LOOP_1248_1:   [xilinx-label-all-loops]
      for (i = 0; i < __N - 1; ++i) {
      ^~~
      VITIS_LOOP_1248_1: 
C:\ECEN529\bnn_final\bnn_hls\bnn_hls\hls\.autopilot\db\bnn.pp.0.cpp:3918:7: note: FIX-IT applied suggested code changes
C:\ECEN529\bnn_final\bnn_hls\bnn_hls\hls\.autopilot\db\bnn.pp.0.cpp:9785:2: warning: Added loop label VITIS_LOOP_51_1:   [xilinx-label-all-loops]
 for (int x = 0; x < colsB; ++x) {
 ^~~
 VITIS_LOOP_51_1: 
C:\ECEN529\bnn_final\bnn_hls\bnn_hls\hls\.autopilot\db\bnn.pp.0.cpp:9785:2: note: FIX-IT applied suggested code changes
C:\ECEN529\bnn_final\bnn_hls\bnn_hls\hls\.autopilot\db\bnn.pp.0.cpp:9789:6: warning: Added loop label VITIS_LOOP_55_2:   [xilinx-label-all-loops]
     for (int y = 0; y < rowsA; ++y) {
     ^~~
     VITIS_LOOP_55_2: 
C:\ECEN529\bnn_final\bnn_hls\bnn_hls\hls\.autopilot\db\bnn.pp.0.cpp:9789:6: note: FIX-IT applied suggested code changes
C:\ECEN529\bnn_final\bnn_hls\bnn_hls\hls\.autopilot\db\bnn.pp.0.cpp:9841:2: warning: Added loop label VITIS_LOOP_103_1:   [xilinx-label-all-loops]
 for (int i = 0; i < X_size; ++i)
 ^~~
 VITIS_LOOP_103_1: 
C:\ECEN529\bnn_final\bnn_hls\bnn_hls\hls\.autopilot\db\bnn.pp.0.cpp:9841:2: note: FIX-IT applied suggested code changes
C:\ECEN529\bnn_final\bnn_hls\bnn_hls\hls\.autopilot\db\bnn.pp.0.cpp:9851:5: warning: Added loop label VITIS_LOOP_113_2:   [xilinx-label-all-loops]
    for (int i = 0; i < colsW1; ++i)
    ^~~
    VITIS_LOOP_113_2: 
C:\ECEN529\bnn_final\bnn_hls\bnn_hls\hls\.autopilot\db\bnn.pp.0.cpp:9851:5: note: FIX-IT applied suggested code changes
C:\ECEN529\bnn_final\bnn_hls\bnn_hls\hls\.autopilot\db\bnn.pp.0.cpp:9864:2: warning: Added loop label VITIS_LOOP_126_3:   [xilinx-label-all-loops]
 for (int i = 0; i < colsW1; ++i)
 ^~~
 VITIS_LOOP_126_3: 
C:\ECEN529\bnn_final\bnn_hls\bnn_hls\hls\.autopilot\db\bnn.pp.0.cpp:9864:2: note: FIX-IT applied suggested code changes
C:\ECEN529\bnn_final\bnn_hls\bnn_hls\hls\.autopilot\db\bnn.pp.0.cpp:9873:5: warning: Added loop label VITIS_LOOP_135_4:   [xilinx-label-all-loops]
    for (int i = 0; i < colsW1; ++i)
    ^~~
    VITIS_LOOP_135_4: 
C:\ECEN529\bnn_final\bnn_hls\bnn_hls\hls\.autopilot\db\bnn.pp.0.cpp:9873:5: note: FIX-IT applied suggested code changes
C:\ECEN529\bnn_final\bnn_hls\bnn_hls\hls\.autopilot\db\bnn.pp.0.cpp:9879:5: warning: Added loop label VITIS_LOOP_141_5:   [xilinx-label-all-loops]
    for (int i = 0; i < colsW2; ++i)
    ^~~
    VITIS_LOOP_141_5: 
C:\ECEN529\bnn_final\bnn_hls\bnn_hls\hls\.autopilot\db\bnn.pp.0.cpp:9879:5: note: FIX-IT applied suggested code changes
C:\ECEN529\bnn_final\bnn_hls\bnn_hls\hls\.autopilot\db\bnn.pp.0.cpp:9885:5: warning: Added loop label VITIS_LOOP_147_6:   [xilinx-label-all-loops]
    for (int i = 0; i < colsW2; ++i)
    ^~~
    VITIS_LOOP_147_6: 
C:\ECEN529\bnn_final\bnn_hls\bnn_hls\hls\.autopilot\db\bnn.pp.0.cpp:9885:5: note: FIX-IT applied suggested code changes
C:\ECEN529\bnn_final\bnn_hls\bnn_hls\hls\.autopilot\db\bnn.pp.0.cpp:9894:5: warning: Added loop label VITIS_LOOP_156_7:   [xilinx-label-all-loops]
    for (int i = 0; i < colsW3; ++i)
    ^~~
    VITIS_LOOP_156_7: 
C:\ECEN529\bnn_final\bnn_hls\bnn_hls\hls\.autopilot\db\bnn.pp.0.cpp:9894:5: note: FIX-IT applied suggested code changes
C:\ECEN529\bnn_final\bnn_hls\bnn_hls\hls\.autopilot\db\bnn.pp.0.cpp:9901:5: warning: Added loop label VITIS_LOOP_163_8:   [xilinx-label-all-loops]
    for (int i = 0; i < colsW3; ++i)
    ^~~
    VITIS_LOOP_163_8: 
C:\ECEN529\bnn_final\bnn_hls\bnn_hls\hls\.autopilot\db\bnn.pp.0.cpp:9901:5: note: FIX-IT applied suggested code changes
