# 
# Steps log generated by v++
# This log file contains a collection of steps that describe the kernel compilation flow
# Note: Some steps are tagged as internal, these steps are for debugging purposes and 
#       are not expected to be able to run independently.
# 

# The following environment variables are set when running v++
Environment variables :
------------------------------------------
ALLUSERSPROFILE=C:\ProgramData
APPDATA=C:\Users\samue\AppData\Roaming
arr.length=0
arr.Ubound=-1
asl.log=Destination=file
CHARPOP=1
ChocolateyInstall=C:\ProgramData\chocolatey
ChocolateyLastPathUpdate=133771623481186229
ChocolateyToolsLocation=C:\tools
CMAKE_OBJECT_PATH_MAX=4096
CommonProgramFiles=C:\Program Files\Common Files
CommonProgramFiles(x86)=C:\Program Files (x86)\Common Files
CommonProgramW6432=C:\Program Files\Common Files
COMPUTERNAME=LAPTOP-OLCJ76L0
ComSpec=C:\WINDOWS\system32\cmd.exe
DriverData=C:\Windows\System32\Drivers\DriverData
EFC_12020=1
GOPATH=C:\Users\samue\go
HDI_APPROOT=K:/Xilinx/Vitis/2024.2
HDI_PROCESSOR=i686
HOMEDRIVE=C:
HOMEPATH=\Users\samue
HW_SERVER_DJTG_DISABLE=1
HW_SERVER_FTDIMGR_DISABLE=1
IDE_SKIP_SERVER_LICENSE=1
INTEL_DEV_REDIST=C:\Program Files (x86)\Common Files\Intel\Shared Libraries\
INT_VARIABLE_NAME=XILINX_PATH
ISL_IOSTREAMS_RSA=K:/Xilinx/Vitis/2024.2/tps/isl
JAVA_EXE=K:/Xilinx\Vitis\2024.2\tps\win64\jre11.0.16_1\bin\java.exe
JAVA_HOME=K:/Xilinx\Vitis\2024.2\tps\win64\jre11.0.16_1
LC_NUMERIC=C
LOCALAPPDATA=C:\Users\samue\AppData\Local
LOGONSERVER=\\LAPTOP-OLCJ76L0
LOPPER_DTC_FLAGS=-b 0 -@
MIC_LD_LIBRARY_PATH=C:\Program Files (x86)\Common Files\Intel\Shared Libraries\compiler\lib\mic
NDI_RUNTIME_DIR_V2=C:\Program Files\NDI\NDI 6 Tools\Runtime
NDI_RUNTIME_DIR_V3=C:\Program Files\NDI\NDI 6 Tools\Runtime
NDI_RUNTIME_DIR_V4=C:\Program Files\NDI\NDI 6 Tools\Runtime
NDI_RUNTIME_DIR_V5=C:\Program Files\NDI\NDI 6 Tools\Runtime
NDI_RUNTIME_DIR_V6=C:\Program Files\NDI\NDI 6 Tools\Runtime
NOSPLASH=false
NUMBER_OF_PROCESSORS=16
OneDrive=C:\Users\samue\OneDrive
OneDriveConsumer=C:\Users\samue\OneDrive
ORIGINAL_XDG_CURRENT_DESKTOP=undefined
OS=Windows_NT
PATH=K:/Xilinx/Vivado/2024.2/tps/win64/binutils-2.26/bin;K:/Xilinx/Vitis/2024.2/bin/../gnu/aarch64/nt/aarch64-linux/bin;K:/Xilinx/Vitis/2024.2/bin/../gnu/ppc64le/4.9.3/win64/bin;K:/Xilinx/Vitis/2024.2/bin/../gnu/aarch32/nt/gcc-arm-linux-gnueabi/bin;K:/Xilinx/Vitis/2024.2/tps/mingw/6.2.0/win64.o/nt/bin;K:/Xilinx/Vivado/2024.2\gnuwin\bin;K:/Xilinx/Vivado/2024.2\gnu\microblaze\nt\bin;K:/Xilinx/Vitis/2024.2/bin;K:/Xilinx/Vitis/2024.2/tps/win64/javafx-sdk-11.0.2/lib;K:/Xilinx/Vitis/2024.2/tps/win64/javafx-sdk-11.0.2/bin;K:/Xilinx/Vitis/2024.2/lib/win64.o;K:/Xilinx/Vitis/2024.2/tps/win64/jre11.0.16_1/bin/server;K:/Xilinx/Vitis/2024.2/tps/win64/jre11.0.16_1/bin;K:\Xilinx\Vitis\2024.2\tps\win64\lopper-1.1.0-packages\min_sdk\\usr\bin;K:/Xilinx\Vitis\2024.2\tps\win64\cmake-3.24.2\bin;K:/Xilinx\Vitis\2024.2\gnu\microblaze\nt\bin;K:/Xilinx\Vitis\2024.2\gnu\microblaze\linux_toolchain\nt64_le\bin;K:/Xilinx\Vitis\2024.2\gnu\aarch32\nt\gcc-arm-linux-gnueabi\bin;K:/Xilinx\Vitis\2024.2\gnu\aarch32\nt\gcc-arm-none-eabi\bin;K:/Xilinx\Vitis\2024.2\gnu\aarch64\nt\aarch64-linux\bin;K:/Xilinx\Vitis\2024.2\gnu\aarch64\nt\aarch64-none\bin;K:/Xilinx\Vitis\2024.2\gnu\armr5\nt\gcc-arm-none-eabi\bin;K:/Xilinx\Vitis\2024.2\gnuwin\bin;K:/Xilinx\Vitis\2024.2\tps\win64\python-3.8.3;K:/Xilinx\Vitis\2024.2\tps\win64\libxslt\bin;K:/Xilinx/Vivado/2024.2\bin;K:/Xilinx/Vitis/2024.2\gnu\arm\nt\bin;K:/Xilinx/Vitis/2024.2\gnu\microblaze\linux_toolchain\nt64_be\bin;K:/Xilinx/Vitis/2024.2\gnu\riscv\nt\riscv64-unknown-elf\bin;K:/Xilinx/Vivado/2024.2\tps\win64\python-3.8.3;K:/Xilinx/Vivado/2024.2\tps\win64\git-2.45.0\bin;K:/Xilinx/Vivado/2024.2\tps\win64\cmake-3.24.2\bin;K:/Xilinx/Vitis/2024.2\win64\tools\clang\bin;C:\Program Files (x86)\Common Files\Oracle\Java\java8path;C:\Program Files (x86)\Common Files\Oracle\Java\javapath;C:\Program Files (x86)\Common Files\Intel\Shared Libraries\redist\intel64\compiler;C:\Windows\system32;C:\Windows;C:\Windows\System32\Wbem;C:\Windows\System32\WindowsPowerShell\v1.0\;C:\Windows\System32\OpenSSH\;C:\Program Files (x86)\NVIDIA Corporation\PhysX\Common;C:\Program Files\Microsoft VS Code\bin;C:\Program Files\Git\cmd;C:\Program Files\Docker\Docker\resources\bin;C:\Program Files\MATLAB\R2023b\bin;C:\Program Files\nodejs\;C:\ProgramData\chocolatey\bin;C:\Program Files\Go\bin;C:\Program Files\dotnet\;C:\Program Files\NVIDIA Corporation\NVIDIA app\NvDLISR;C:\Program Files\PuTTY\;C:\Users\samue\AppData\Local\Programs\Python\Python312\Scripts\;C:\Users\samue\AppData\Local\Programs\Python\Python312\;C:\Users\samue\AppData\Local\Programs\Python\Launcher\;C:\Users\samue\AppData\Local\Microsoft\WindowsApps;C:\Users\samue\AppData\Roaming\npm;C:\tools\dart-sdk\bin;C:\Users\samue\AppData\Local\Pub\Cache\bin;C:\Users\samue\go\bin;C:\ProgramData\mingw64\mingw64\bin;K:/Xilinx/Vitis/2024.2\tps\mingw\6.2.0\win64.o\nt\bin;K:/Xilinx/Vitis/2024.2\tps\mingw\6.2.0\win64.o\nt\libexec\gcc\x86_64-w64-mingw32\6.2.0
PATHEXT=.COM;.EXE;.BAT;.CMD;.VBS;.VBE;.JS;.JSE;.WSF;.WSH;.MSC
PROCESSOR_ARCHITECTURE=AMD64
PROCESSOR_IDENTIFIER=Intel64 Family 6 Model 141 Stepping 1, GenuineIntel
PROCESSOR_LEVEL=6
PROCESSOR_REVISION=8d01
PRODVERSION_EXE=K:/Xilinx/Vitis/2024.2/bin/unwrapped/win64.o/prodversion.exe
ProgramData=C:\ProgramData
ProgramFiles=C:\Program Files
ProgramFiles(x86)=C:\Program Files (x86)
ProgramW6432=C:\Program Files
PROMPT=$P$G
PSModulePath=C:\Program Files\WindowsPowerShell\Modules;C:\WINDOWS\system32\WindowsPowerShell\v1.0\Modules
PUBLIC=C:\Users\Public
PYTHONPATH=;K:/Xilinx/Vitis/2024.2\cli;K:/Xilinx/Vitis/2024.2\cli\python-packages\win64;K:/Xilinx/Vitis/2024.2\cli\python-packages\site-packages;K:/Xilinx/Vitis/2024.2\cli\proto;K:/Xilinx/Vitis/2024.2\scripts\python_pkg;
python_path=;K:/Xilinx/Vitis/2024.2\cli;K:/Xilinx/Vitis/2024.2\cli\python-packages\win64;K:/Xilinx/Vitis/2024.2\cli\python-packages\site-packages;K:/Xilinx/Vitis/2024.2\cli\proto;K:/Xilinx/Vitis/2024.2\scripts\python_pkg;
RDI_APPROOT=K:/Xilinx/Vitis/2024.2
RDI_ARGS= -c --mode hls --config C:\ECEN529\bnn_final\bnn_hls\hls_config.cfg --work_dir bnn_hls
RDI_ARGS_FUNCTION=RDI_EXEC_DEFAULT
RDI_BASEROOT=K:/Xilinx/Vitis
RDI_BINDIR=K:/Xilinx/Vitis/2024.2/bin
RDI_BINROOT=K:/Xilinx/Vitis/2024.2/bin
RDI_BUILD=yes
RDI_CHECK_PROG=True
RDI_DATADIR=K:/Xilinx/Vitis/2024.2/data
RDI_INSTALLROOT=K:/Xilinx
RDI_INSTALLVER=2024.2
RDI_INSTALLVERSION=2024.2
RDI_JAVACEFROOT=K:/Xilinx/Vitis/2024.2/tps/win64/java-cef-95.0.4638.69
RDI_JAVAFXROOT=K:/Xilinx/Vitis/2024.2/tps/win64/javafx-sdk-11.0.2
RDI_JAVAROOT=K:/Xilinx/Vitis/2024.2/tps/win64/jre11.0.16_1
RDI_JAVA_VERSION=11.0.16_1
RDI_LIBDIR=K:/Xilinx/Vitis/2024.2/lib/win64.o
RDI_MINGW_LIB=K:/Xilinx/Vitis/2024.2\tps\mingw\6.2.0\win64.o\nt\bin;K:/Xilinx/Vitis/2024.2\tps\mingw\6.2.0\win64.o\nt\libexec\gcc\x86_64-w64-mingw32\6.2.0
RDI_OPT_EXT=.o
RDI_OS_ARCH=64
RDI_PLATFORM=win64
RDI_PREPEND_PATH=K:/Xilinx/Vitis/2024.2/bin
RDI_PROG=K:/Xilinx/Vitis/2024.2/bin/unwrapped/win64.o/v++.exe
RDI_PROGNAME=v++.exe
RDI_SESSION_INFO=K:\Xilinx\Vitis\2024.2\bin:LAPTOP-OLCJ76L0-Wed06-11-2025_22-56-58.68
RDI_SHARED_DATA=K:/Xilinx/SharedData/2024.2/data
RDI_TPS_ROOT=K:/Xilinx/Vivado/2024.2/tps/win64
RDI_USE_JDK11=1
RDI_VERBOSE=False
RT_LIBPATH=K:/Xilinx/Vitis/2024.2/scripts/rt/data
RT_TCL_PATH=K:/Xilinx/Vitis/2024.2/scripts/rt/base_tcl/tcl
SDKROOT=K:\Xilinx\Vitis\2024.2\tps\win64\lopper-1.1.0-packages\min_sdk\
SESSIONNAME=Console
session_string=C:\ECEN529\bnn_final\bnn_hls:LAPTOP-OLCJ76L0-Wed06-11-2025_23-52-04.51
supports_classic_ide=true
SWIG_LIB=K:\Xilinx\Vitis\2024.2\tps\win64\lopper-1.1.0-packages\min_sdk\\usr\lib\swig\4.2.1
SYNTH_COMMON=K:/Xilinx/Vitis/2024.2/scripts/rt/data
SystemDrive=C:
SystemRoot=C:\WINDOWS
TCL_LIBRARY=K:/Xilinx/Vitis/2024.2/tps/tcl/tcl8.6
TCMALLOC_LARGE_ALLOC_REPORT_THRESHOLD=4294967296
TEMP=C:\Users\samue\AppData\Local\Temp
THEIA_APP_PROJECT_PATH=K:\Xilinx\Vitis\2024.2\ide\electron-app\win64\resources\app
THEIA_DEFAULT_PLUGINS=local-dir:K:\Xilinx\Vitis\2024.2\ide\electron-app\win64\resources\app\plugins
THEIA_ELECTRON_TOKEN={"value":"f26b614c-752a-424f-8f2c-40b77ac48cda"}
THEIA_ELECTRON_VERSION=15.5.7
THEIA_PLUGINS=local-dir:C:\Users\samue\.theia\plugins
TMP=C:\Users\samue\AppData\Local\Temp
tooldir=tps\win64\git-2.41.0
TOOLS_CLANG=K:/Xilinx/Vitis/2024.2\win64\tools\clang
TPS_CMAKE=K:/Xilinx/Vivado/2024.2\tps\win64\cmake-3.24.2
TPS_GIT=K:/Xilinx/Vivado/2024.2\tps\win64\git-2.45.0
TPS_LIBXSLT=K:/Xilinx/Vitis/2024.2\tps\win64\libxslt
TPS_PYTHON=K:/Xilinx/Vivado/2024.2\tps\win64\python-3.8.3
USERDOMAIN=LAPTOP-OLCJ76L0
USERDOMAIN_ROAMINGPROFILE=LAPTOP-OLCJ76L0
USERNAME=samue
USERPROFILE=C:\Users\samue
VITISNEW=true
VSCODE_API_VERSION=1.53.2
windir=C:\WINDOWS
XILINX_HLS=K:/Xilinx/Vitis/2024.2
XILINX_PLANAHEAD=K:/Xilinx/Vitis/2024.2
XILINX_SDK=K:/Xilinx/Vitis/2024.2
XILINX_VCXX=K:/Xilinx/Vitis/2024.2/vcxx
XILINX_VERSION_DEFAULT=2024.2
XILINX_VERSION_VITIS=2024.2
XILINX_VITIS=K:/Xilinx\Vitis\2024.2
XILINX_VITIS_GIT=K:/Xilinx/Vivado/2024.2\tps\win64\git-2.45.0\bin
XILINX_VITIS_HLS_ENCAPSULATED=1
XILINX_VITIS_VERSION=Vitis v2024.2 (64-bit)
XILINX_VIVADO=K:/Xilinx/Vivado/2024.2
XILINX_VIVADO_HLS=K:/Xilinx/Vivado/2024.2
XIL_CHECK_TCL_DEBUG=False
XIL_NO_OVERRIDE=0
XIL_SUPPRESS_OVERRIDE_WARNINGS=1
XVREDIST=K:/Xilinx/Vitis/2024.2\tps\win64\xvcredist.exe
ZES_ENABLE_SYSMAN=1
_RDI_BINROOT=K:\Xilinx\Vitis\2024.2\bin
_RDI_CWD=C:\ECEN529\bnn_final\bnn_hls
_RDI_DONT_SET_XILINX_AS_PATH=True
_RDI_VERSION_PROG=v++
_valid=False
__PSLockDownPolicy=0
XILINX_CD_CONNECT_ID=57973
XILINX_CD_SESSION=eaad797a-d25d-47a2-b6ed-102e425e2f5c


V++ command line:
------------------------------------------
K:/Xilinx/Vitis/2024.2/bin/unwrapped/win64.o/v++.exe -c --mode hls --config C:\ECEN529\bnn_final\bnn_hls\hls_config.cfg --work_dir bnn_hls 

FINAL PROGRAM OPTIONS
--compile
--config C:\ECEN529\bnn_final\bnn_hls\hls_config.cfg
--hls.flow_target vivado
--hls.package.output.format ip_catalog
--hls.package.output.syn false
--hls.syn.file bnn.cpp
--hls.syn.top feedforward
--mode hls
--part xc7z020clg400-1
--target hw
--work_dir bnn_hls

PARSED COMMAND LINE OPTIONS
-c 
--mode hls 
--config C:\ECEN529\bnn_final\bnn_hls\hls_config.cfg 
--work_dir bnn_hls 

PARSED CONFIG FILE (1) OPTIONS
file: C:\ECEN529\bnn_final\bnn_hls\hls_config.cfg
part xc7z020clg400-1 
hls.flow_target vivado 
hls.package.output.format ip_catalog 
hls.package.output.syn false 
hls.syn.file bnn.cpp 
hls.syn.top feedforward 


==========================================
new:  steps log generated by v++ for new launch 
timestamp: 11 Jun 2025 23:52:08

------------------------------------------
V++ command line :
------------------------------------------
C:/Xilinx/Vitis/2024.2/bin/unwrapped/win64.o/v++.exe -c --mode hls --config D:\ecen529\finalProject\vitis\bnn_hls\hls_config.cfg --work_dir bnn_hls 
  Options from -O    : 
  Options from *.ini : 
  Options from Hw Platform : 

==========================================
new:  steps log generated by v++ for new launch 
timestamp: 12 Jun 2025 21:01:22

------------------------------------------
VITIS-RUN command line :
------------------------------------------
C:/Xilinx/Vitis/2024.2/bin/unwrapped/win64.o/vitis-run.exe --mode hls --impl --config D:\ecen529\finalProject\vitis\bnn_hls\hls_config.cfg --work_dir bnn_hls 
  Options from -O    : 
  Options from *.ini : 
  Options from Hw Platform : 

==========================================
new:  steps log generated by v++ for new launch 
timestamp: 12 Jun 2025 21:02:42

------------------------------------------
VITIS-RUN command line :
------------------------------------------
C:/Xilinx/Vitis/2024.2/bin/unwrapped/win64.o/vitis-run.exe --mode hls --impl --config D:\ecen529\finalProject\vitis\bnn_hls\hls_config.cfg --work_dir bnn_hls 
  Options from -O    : 
  Options from *.ini : 
  Options from Hw Platform : 

==========================================
new:  steps log generated by v++ for new launch 
timestamp: 12 Jun 2025 21:05:01

------------------------------------------
V++ command line :
------------------------------------------
C:/Xilinx/Vitis/2024.2/bin/unwrapped/win64.o/v++.exe -c --mode hls --config D:\ecen529\finalProject\vitis\bnn_hls\hls_config.cfg --work_dir bnn_hls 
  Options from -O    : 
  Options from *.ini : 
  Options from Hw Platform : 

==========================================
new:  steps log generated by v++ for new launch 
timestamp: 13 Jun 2025 12:46:03

------------------------------------------
V++ command line :
------------------------------------------
C:/Xilinx/Vitis/2024.2/bin/unwrapped/win64.o/v++.exe -c --mode hls --config D:\ecen529\finalProject\vitis\bnn_hls\hls_config.cfg --work_dir bnn_hls 
  Options from -O    : 
  Options from *.ini : 
  Options from Hw Platform : 

==========================================
new:  steps log generated by v++ for new launch 
timestamp: 13 Jun 2025 13:18:44

------------------------------------------
V++ command line :
------------------------------------------
C:/Xilinx/Vitis/2024.2/bin/unwrapped/win64.o/v++.exe -c --mode hls --config D:\ecen529\finalProject\vitis\bnn_hls\hls_config.cfg --work_dir bnn_hls 
  Options from -O    : 
  Options from *.ini : 
  Options from Hw Platform : 

==========================================
new:  steps log generated by v++ for new launch 
timestamp: 13 Jun 2025 13:22:52

------------------------------------------
V++ command line :
------------------------------------------
C:/Xilinx/Vitis/2024.2/bin/unwrapped/win64.o/v++.exe -c --mode hls --config D:\ecen529\finalProject\vitis\bnn_hls\hls_config.cfg --work_dir bnn_hls 
  Options from -O    : 
  Options from *.ini : 
  Options from Hw Platform : 

==========================================
new:  steps log generated by v++ for new launch 
timestamp: 13 Jun 2025 13:26:39

------------------------------------------
V++ command line :
------------------------------------------
C:/Xilinx/Vitis/2024.2/bin/unwrapped/win64.o/v++.exe -c --mode hls --config D:\ecen529\finalProject\vitis\bnn_hls\hls_config.cfg --work_dir bnn_hls 
  Options from -O    : 
  Options from *.ini : 
  Options from Hw Platform : 

==========================================
new:  steps log generated by v++ for new launch 
timestamp: 13 Jun 2025 13:36:05

------------------------------------------
VITIS-RUN command line :
------------------------------------------
C:/Xilinx/Vitis/2024.2/bin/unwrapped/win64.o/vitis-run.exe --mode hls --impl --config D:\ecen529\finalProject\vitis\bnn_hls\hls_config.cfg --work_dir bnn_hls 
  Options from -O    : 
  Options from *.ini : 
  Options from Hw Platform : 

==========================================
new:  steps log generated by v++ for new launch 
timestamp: 13 Jun 2025 13:49:11

------------------------------------------
V++ command line :
------------------------------------------
C:/Xilinx/Vitis/2024.2/bin/unwrapped/win64.o/v++.exe -c --mode hls --config D:\ecen529\finalProject\vitis\bnn_hls\hls_config.cfg --work_dir bnn_hls 
  Options from -O    : 
  Options from *.ini : 
  Options from Hw Platform : 

==========================================
new:  steps log generated by v++ for new launch 
timestamp: 13 Jun 2025 14:18:54

------------------------------------------
V++ command line :
------------------------------------------
C:/Xilinx/Vitis/2024.2/bin/unwrapped/win64.o/v++.exe -c --mode hls --config D:\ecen529\finalProject\vitis\bnn_hls\hls_config.cfg --work_dir bnn_hls 
  Options from -O    : 
  Options from *.ini : 
  Options from Hw Platform : 

==========================================
new:  steps log generated by v++ for new launch 
timestamp: 13 Jun 2025 14:24:12

------------------------------------------
VITIS-RUN command line :
------------------------------------------
C:/Xilinx/Vitis/2024.2/bin/unwrapped/win64.o/vitis-run.exe --mode hls --impl --config D:\ecen529\finalProject\vitis\bnn_hls\hls_config.cfg --work_dir bnn_hls 
  Options from -O    : 
  Options from *.ini : 
  Options from Hw Platform : 

==========================================
new:  steps log generated by v++ for new launch 
timestamp: 13 Jun 2025 14:39:26

------------------------------------------
VITIS-RUN command line :
------------------------------------------
C:/Xilinx/Vitis/2024.2/bin/unwrapped/win64.o/vitis-run.exe --mode hls --csim --config D:\ecen529\finalProject\vitis\bnn_hls\hls_config.cfg --work_dir bnn_hls 
  Options from -O    : 
  Options from *.ini : 
  Options from Hw Platform : 

==========================================
new:  steps log generated by v++ for new launch 
timestamp: 13 Jun 2025 19:25:10

------------------------------------------
VITIS-RUN command line :
------------------------------------------
C:/Xilinx/Vitis/2024.2/bin/unwrapped/win64.o/vitis-run.exe --mode hls --csim --config D:\ecen529\finalProject\vitis\bnn_hls\hls_config.cfg --work_dir bnn_hls 
  Options from -O    : 
  Options from *.ini : 
  Options from Hw Platform : 

==========================================
new:  steps log generated by v++ for new launch 
timestamp: 13 Jun 2025 19:27:54

------------------------------------------
VITIS-RUN command line :
------------------------------------------
C:/Xilinx/Vitis/2024.2/bin/unwrapped/win64.o/vitis-run.exe --mode hls --csim --config D:\ecen529\finalProject\vitis\bnn_hls\hls_config.cfg --work_dir bnn_hls 
  Options from -O    : 
  Options from *.ini : 
  Options from Hw Platform : 

==========================================
new:  steps log generated by v++ for new launch 
timestamp: 13 Jun 2025 19:29:04

------------------------------------------
VITIS-RUN command line :
------------------------------------------
C:/Xilinx/Vitis/2024.2/bin/unwrapped/win64.o/vitis-run.exe --mode hls --csim --config D:\ecen529\finalProject\vitis\bnn_hls\hls_config.cfg --work_dir bnn_hls 
  Options from -O    : 
  Options from *.ini : 
  Options from Hw Platform : 

==========================================
new:  steps log generated by v++ for new launch 
timestamp: 13 Jun 2025 19:29:38

------------------------------------------
VITIS-RUN command line :
------------------------------------------
C:/Xilinx/Vitis/2024.2/bin/unwrapped/win64.o/vitis-run.exe --mode hls --csim --config D:\ecen529\finalProject\vitis\bnn_hls\hls_config.cfg --work_dir bnn_hls 
  Options from -O    : 
  Options from *.ini : 
  Options from Hw Platform : 

==========================================
new:  steps log generated by v++ for new launch 
timestamp: 13 Jun 2025 19:29:58

------------------------------------------
VITIS-RUN command line :
------------------------------------------
C:/Xilinx/Vitis/2024.2/bin/unwrapped/win64.o/vitis-run.exe --mode hls --csim --config D:\ecen529\finalProject\vitis\bnn_hls\hls_config.cfg --work_dir bnn_hls 
  Options from -O    : 
  Options from *.ini : 
  Options from Hw Platform : 

==========================================
new:  steps log generated by v++ for new launch 
timestamp: 13 Jun 2025 19:31:18

------------------------------------------
VITIS-RUN command line :
------------------------------------------
C:/Xilinx/Vitis/2024.2/bin/unwrapped/win64.o/vitis-run.exe --mode hls --csim --config D:\ecen529\finalProject\vitis\bnn_hls\hls_config.cfg --work_dir bnn_hls 
  Options from -O    : 
  Options from *.ini : 
  Options from Hw Platform : 

==========================================
new:  steps log generated by v++ for new launch 
timestamp: 13 Jun 2025 19:35:08

------------------------------------------
VITIS-RUN command line :
------------------------------------------
C:/Xilinx/Vitis/2024.2/bin/unwrapped/win64.o/vitis-run.exe --mode hls --csim --config D:\ecen529\finalProject\vitis\bnn_hls\hls_config.cfg --work_dir bnn_hls 
  Options from -O    : 
  Options from *.ini : 
  Options from Hw Platform : 

==========================================
new:  steps log generated by v++ for new launch 
timestamp: 13 Jun 2025 19:36:31

------------------------------------------
VITIS-RUN command line :
------------------------------------------
C:/Xilinx/Vitis/2024.2/bin/unwrapped/win64.o/vitis-run.exe --mode hls --csim --config D:\ecen529\finalProject\vitis\bnn_hls\hls_config.cfg --work_dir bnn_hls 
  Options from -O    : 
  Options from *.ini : 
  Options from Hw Platform : 

==========================================
new:  steps log generated by v++ for new launch 
timestamp: 13 Jun 2025 19:37:07

------------------------------------------
VITIS-RUN command line :
------------------------------------------
C:/Xilinx/Vitis/2024.2/bin/unwrapped/win64.o/vitis-run.exe --mode hls --csim --config D:\ecen529\finalProject\vitis\bnn_hls\hls_config.cfg --work_dir bnn_hls 
  Options from -O    : 
  Options from *.ini : 
  Options from Hw Platform : 

==========================================
new:  steps log generated by v++ for new launch 
timestamp: 13 Jun 2025 19:39:36

------------------------------------------
VITIS-RUN command line :
------------------------------------------
C:/Xilinx/Vitis/2024.2/bin/unwrapped/win64.o/vitis-run.exe --mode hls --csim --config D:\ecen529\finalProject\vitis\bnn_hls\hls_config.cfg --work_dir bnn_hls 
  Options from -O    : 
  Options from *.ini : 
  Options from Hw Platform : 

==========================================
new:  steps log generated by v++ for new launch 
timestamp: 13 Jun 2025 19:40:51

------------------------------------------
VITIS-RUN command line :
------------------------------------------
C:/Xilinx/Vitis/2024.2/bin/unwrapped/win64.o/vitis-run.exe --mode hls --csim --config D:\ecen529\finalProject\vitis\bnn_hls\hls_config.cfg --work_dir bnn_hls 
  Options from -O    : 
  Options from *.ini : 
  Options from Hw Platform : 

==========================================
new:  steps log generated by v++ for new launch 
timestamp: 13 Jun 2025 19:41:59

------------------------------------------
VITIS-RUN command line :
------------------------------------------
C:/Xilinx/Vitis/2024.2/bin/unwrapped/win64.o/vitis-run.exe --mode hls --csim --config D:\ecen529\finalProject\vitis\bnn_hls\hls_config.cfg --work_dir bnn_hls 
  Options from -O    : 
  Options from *.ini : 
  Options from Hw Platform : 

==========================================
new:  steps log generated by v++ for new launch 
timestamp: 13 Jun 2025 19:43:11

------------------------------------------
VITIS-RUN command line :
------------------------------------------
C:/Xilinx/Vitis/2024.2/bin/unwrapped/win64.o/vitis-run.exe --mode hls --csim --config D:\ecen529\finalProject\vitis\bnn_hls\hls_config.cfg --work_dir bnn_hls 
  Options from -O    : 
  Options from *.ini : 
  Options from Hw Platform : 

==========================================
new:  steps log generated by v++ for new launch 
timestamp: 13 Jun 2025 19:47:46

------------------------------------------
VITIS-RUN command line :
------------------------------------------
C:/Xilinx/Vitis/2024.2/bin/unwrapped/win64.o/vitis-run.exe --mode hls --csim --config D:\ecen529\finalProject\vitis\bnn_hls\hls_config.cfg --work_dir bnn_hls 
  Options from -O    : 
  Options from *.ini : 
  Options from Hw Platform : 

==========================================
new:  steps log generated by v++ for new launch 
timestamp: 13 Jun 2025 19:48:59

------------------------------------------
VITIS-RUN command line :
------------------------------------------
C:/Xilinx/Vitis/2024.2/bin/unwrapped/win64.o/vitis-run.exe --mode hls --csim --config D:\ecen529\finalProject\vitis\bnn_hls\hls_config.cfg --work_dir bnn_hls 
  Options from -O    : 
  Options from *.ini : 
  Options from Hw Platform : 

==========================================
new:  steps log generated by v++ for new launch 
timestamp: 13 Jun 2025 19:49:43

------------------------------------------
VITIS-RUN command line :
------------------------------------------
C:/Xilinx/Vitis/2024.2/bin/unwrapped/win64.o/vitis-run.exe --mode hls --csim --config D:\ecen529\finalProject\vitis\bnn_hls\hls_config.cfg --work_dir bnn_hls 
  Options from -O    : 
  Options from *.ini : 
  Options from Hw Platform : 

==========================================
new:  steps log generated by v++ for new launch 
timestamp: 13 Jun 2025 19:50:37

------------------------------------------
VITIS-RUN command line :
------------------------------------------
C:/Xilinx/Vitis/2024.2/bin/unwrapped/win64.o/vitis-run.exe --mode hls --csim --config D:\ecen529\finalProject\vitis\bnn_hls\hls_config.cfg --work_dir bnn_hls 
  Options from -O    : 
  Options from *.ini : 
  Options from Hw Platform : 

==========================================
new:  steps log generated by v++ for new launch 
timestamp: 13 Jun 2025 19:51:51

------------------------------------------
VITIS-RUN command line :
------------------------------------------
C:/Xilinx/Vitis/2024.2/bin/unwrapped/win64.o/vitis-run.exe --mode hls --csim --config D:\ecen529\finalProject\vitis\bnn_hls\hls_config.cfg --work_dir bnn_hls 
  Options from -O    : 
  Options from *.ini : 
  Options from Hw Platform : 

==========================================
new:  steps log generated by v++ for new launch 
timestamp: 13 Jun 2025 19:56:11

------------------------------------------
VITIS-RUN command line :
------------------------------------------
C:/Xilinx/Vitis/2024.2/bin/unwrapped/win64.o/vitis-run.exe --mode hls --csim --config D:\ecen529\finalProject\vitis\bnn_hls\hls_config.cfg --work_dir bnn_hls 
  Options from -O    : 
  Options from *.ini : 
  Options from Hw Platform : 

==========================================
new:  steps log generated by v++ for new launch 
timestamp: 13 Jun 2025 19:57:33

------------------------------------------
VITIS-RUN command line :
------------------------------------------
C:/Xilinx/Vitis/2024.2/bin/unwrapped/win64.o/vitis-run.exe --mode hls --csim --config D:\ecen529\finalProject\vitis\bnn_hls\hls_config.cfg --work_dir bnn_hls 
  Options from -O    : 
  Options from *.ini : 
  Options from Hw Platform : 

==========================================
new:  steps log generated by v++ for new launch 
timestamp: 13 Jun 2025 19:57:56

------------------------------------------
VITIS-RUN command line :
------------------------------------------
C:/Xilinx/Vitis/2024.2/bin/unwrapped/win64.o/vitis-run.exe --mode hls --csim --config D:\ecen529\finalProject\vitis\bnn_hls\hls_config.cfg --work_dir bnn_hls 
  Options from -O    : 
  Options from *.ini : 
  Options from Hw Platform : 

==========================================
new:  steps log generated by v++ for new launch 
timestamp: 13 Jun 2025 20:02:39

------------------------------------------
VITIS-RUN command line :
------------------------------------------
C:/Xilinx/Vitis/2024.2/bin/unwrapped/win64.o/vitis-run.exe --mode hls --csim --config D:\ecen529\finalProject\vitis\bnn_hls\hls_config.cfg --work_dir bnn_hls 
  Options from -O    : 
  Options from *.ini : 
  Options from Hw Platform : 

==========================================
new:  steps log generated by v++ for new launch 
timestamp: 13 Jun 2025 20:03:57

------------------------------------------
VITIS-RUN command line :
------------------------------------------
C:/Xilinx/Vitis/2024.2/bin/unwrapped/win64.o/vitis-run.exe --mode hls --csim --config D:\ecen529\finalProject\vitis\bnn_hls\hls_config.cfg --work_dir bnn_hls 
  Options from -O    : 
  Options from *.ini : 
  Options from Hw Platform : 

==========================================
new:  steps log generated by v++ for new launch 
timestamp: 13 Jun 2025 20:05:41

------------------------------------------
VITIS-RUN command line :
------------------------------------------
C:/Xilinx/Vitis/2024.2/bin/unwrapped/win64.o/vitis-run.exe --mode hls --csim --config D:\ecen529\finalProject\vitis\bnn_hls\hls_config.cfg --work_dir bnn_hls 
  Options from -O    : 
  Options from *.ini : 
  Options from Hw Platform : 

==========================================
new:  steps log generated by v++ for new launch 
timestamp: 13 Jun 2025 20:06:32

------------------------------------------
VITIS-RUN command line :
------------------------------------------
C:/Xilinx/Vitis/2024.2/bin/unwrapped/win64.o/vitis-run.exe --mode hls --csim --config D:\ecen529\finalProject\vitis\bnn_hls\hls_config.cfg --work_dir bnn_hls 
  Options from -O    : 
  Options from *.ini : 
  Options from Hw Platform : 

==========================================
new:  steps log generated by v++ for new launch 
timestamp: 13 Jun 2025 20:16:18

------------------------------------------
VITIS-RUN command line :
------------------------------------------
C:/Xilinx/Vitis/2024.2/bin/unwrapped/win64.o/vitis-run.exe --mode hls --csim --config D:\ecen529\finalProject\vitis\bnn_hls\hls_config.cfg --work_dir bnn_hls 
  Options from -O    : 
  Options from *.ini : 
  Options from Hw Platform : 

==========================================
new:  steps log generated by v++ for new launch 
timestamp: 13 Jun 2025 20:18:55

------------------------------------------
VITIS-RUN command line :
------------------------------------------
C:/Xilinx/Vitis/2024.2/bin/unwrapped/win64.o/vitis-run.exe --mode hls --csim --config D:\ecen529\finalProject\vitis\bnn_hls\hls_config.cfg --work_dir bnn_hls 
  Options from -O    : 
  Options from *.ini : 
  Options from Hw Platform : 

==========================================
new:  steps log generated by v++ for new launch 
timestamp: 13 Jun 2025 20:20:48

------------------------------------------
VITIS-RUN command line :
------------------------------------------
C:/Xilinx/Vitis/2024.2/bin/unwrapped/win64.o/vitis-run.exe --mode hls --csim --config D:\ecen529\finalProject\vitis\bnn_hls\hls_config.cfg --work_dir bnn_hls 
  Options from -O    : 
  Options from *.ini : 
  Options from Hw Platform : 

==========================================
new:  steps log generated by v++ for new launch 
timestamp: 13 Jun 2025 20:30:38

------------------------------------------
VITIS-RUN command line :
------------------------------------------
C:/Xilinx/Vitis/2024.2/bin/unwrapped/win64.o/vitis-run.exe --mode hls --csim --config D:\ecen529\finalProject\vitis\bnn_hls\hls_config.cfg --work_dir bnn_hls 
  Options from -O    : 
  Options from *.ini : 
  Options from Hw Platform : 

==========================================
new:  steps log generated by v++ for new launch 
timestamp: 13 Jun 2025 20:34:15

------------------------------------------
VITIS-RUN command line :
------------------------------------------
C:/Xilinx/Vitis/2024.2/bin/unwrapped/win64.o/vitis-run.exe --mode hls --csim --config D:\ecen529\finalProject\vitis\bnn_hls\hls_config.cfg --work_dir bnn_hls 
  Options from -O    : 
  Options from *.ini : 
  Options from Hw Platform : 

==========================================
new:  steps log generated by v++ for new launch 
timestamp: 13 Jun 2025 20:35:38

------------------------------------------
VITIS-RUN command line :
------------------------------------------
C:/Xilinx/Vitis/2024.2/bin/unwrapped/win64.o/vitis-run.exe --mode hls --csim --config D:\ecen529\finalProject\vitis\bnn_hls\hls_config.cfg --work_dir bnn_hls 
  Options from -O    : 
  Options from *.ini : 
  Options from Hw Platform : 

==========================================
new:  steps log generated by v++ for new launch 
timestamp: 13 Jun 2025 20:37:16

------------------------------------------
VITIS-RUN command line :
------------------------------------------
C:/Xilinx/Vitis/2024.2/bin/unwrapped/win64.o/vitis-run.exe --mode hls --csim --config D:\ecen529\finalProject\vitis\bnn_hls\hls_config.cfg --work_dir bnn_hls 
  Options from -O    : 
  Options from *.ini : 
  Options from Hw Platform : 

==========================================
new:  steps log generated by v++ for new launch 
timestamp: 13 Jun 2025 20:37:47

------------------------------------------
VITIS-RUN command line :
------------------------------------------
C:/Xilinx/Vitis/2024.2/bin/unwrapped/win64.o/vitis-run.exe --mode hls --csim --config D:\ecen529\finalProject\vitis\bnn_hls\hls_config.cfg --work_dir bnn_hls 
  Options from -O    : 
  Options from *.ini : 
  Options from Hw Platform : 

==========================================
new:  steps log generated by v++ for new launch 
timestamp: 13 Jun 2025 20:40:11

------------------------------------------
VITIS-RUN command line :
------------------------------------------
C:/Xilinx/Vitis/2024.2/bin/unwrapped/win64.o/vitis-run.exe --mode hls --csim --config D:\ecen529\finalProject\vitis\bnn_hls\hls_config.cfg --work_dir bnn_hls 
  Options from -O    : 
  Options from *.ini : 
  Options from Hw Platform : 

==========================================
new:  steps log generated by v++ for new launch 
timestamp: 13 Jun 2025 20:45:34

------------------------------------------
VITIS-RUN command line :
------------------------------------------
C:/Xilinx/Vitis/2024.2/bin/unwrapped/win64.o/vitis-run.exe --mode hls --csim --config D:\ecen529\finalProject\vitis\bnn_hls\hls_config.cfg --work_dir bnn_hls 
  Options from -O    : 
  Options from *.ini : 
  Options from Hw Platform : 

==========================================
new:  steps log generated by v++ for new launch 
timestamp: 13 Jun 2025 20:46:40

------------------------------------------
VITIS-RUN command line :
------------------------------------------
C:/Xilinx/Vitis/2024.2/bin/unwrapped/win64.o/vitis-run.exe --mode hls --csim --config D:\ecen529\finalProject\vitis\bnn_hls\hls_config.cfg --work_dir bnn_hls 
  Options from -O    : 
  Options from *.ini : 
  Options from Hw Platform : 

==========================================
new:  steps log generated by v++ for new launch 
timestamp: 13 Jun 2025 20:49:30

------------------------------------------
VITIS-RUN command line :
------------------------------------------
C:/Xilinx/Vitis/2024.2/bin/unwrapped/win64.o/vitis-run.exe --mode hls --csim --config D:\ecen529\finalProject\vitis\bnn_hls\hls_config.cfg --work_dir bnn_hls 
  Options from -O    : 
  Options from *.ini : 
  Options from Hw Platform : 

==========================================
new:  steps log generated by v++ for new launch 
timestamp: 13 Jun 2025 20:51:41

------------------------------------------
VITIS-RUN command line :
------------------------------------------
C:/Xilinx/Vitis/2024.2/bin/unwrapped/win64.o/vitis-run.exe --mode hls --csim --config D:\ecen529\finalProject\vitis\bnn_hls\hls_config.cfg --work_dir bnn_hls 
  Options from -O    : 
  Options from *.ini : 
  Options from Hw Platform : 

==========================================
new:  steps log generated by v++ for new launch 
timestamp: 13 Jun 2025 21:19:22

------------------------------------------
VITIS-RUN command line :
------------------------------------------
C:/Xilinx/Vitis/2024.2/bin/unwrapped/win64.o/vitis-run.exe --mode hls --csim --config D:\ecen529\finalProject\vitis\bnn_hls\hls_config.cfg --work_dir bnn_hls 
  Options from -O    : 
  Options from *.ini : 
  Options from Hw Platform : 

==========================================
new:  steps log generated by v++ for new launch 
timestamp: 13 Jun 2025 21:48:51

------------------------------------------
VITIS-RUN command line :
------------------------------------------
C:/Xilinx/Vitis/2024.2/bin/unwrapped/win64.o/vitis-run.exe --mode hls --csim --config D:\ecen529\finalProject\vitis\bnn_hls\hls_config.cfg --work_dir bnn_hls 
  Options from -O    : 
  Options from *.ini : 
  Options from Hw Platform : 

==========================================
new:  steps log generated by v++ for new launch 
timestamp: 13 Jun 2025 22:32:08

------------------------------------------
VITIS-RUN command line :
------------------------------------------
C:/Xilinx/Vitis/2024.2/bin/unwrapped/win64.o/vitis-run.exe --mode hls --csim --config D:\ecen529\finalProject\vitis\bnn_hls\hls_config.cfg --work_dir bnn_hls 
  Options from -O    : 
  Options from *.ini : 
  Options from Hw Platform : 

==========================================
new:  steps log generated by v++ for new launch 
timestamp: 13 Jun 2025 22:39:20

------------------------------------------
VITIS-RUN command line :
------------------------------------------
C:/Xilinx/Vitis/2024.2/bin/unwrapped/win64.o/vitis-run.exe --mode hls --csim --config D:\ecen529\finalProject\vitis\bnn_hls\hls_config.cfg --work_dir bnn_hls 
  Options from -O    : 
  Options from *.ini : 
  Options from Hw Platform : 

==========================================
new:  steps log generated by v++ for new launch 
timestamp: 13 Jun 2025 22:41:01

------------------------------------------
VITIS-RUN command line :
------------------------------------------
C:/Xilinx/Vitis/2024.2/bin/unwrapped/win64.o/vitis-run.exe --mode hls --csim --config D:\ecen529\finalProject\vitis\bnn_hls\hls_config.cfg --work_dir bnn_hls 
  Options from -O    : 
  Options from *.ini : 
  Options from Hw Platform : 

==========================================
new:  steps log generated by v++ for new launch 
timestamp: 13 Jun 2025 22:41:36

------------------------------------------
VITIS-RUN command line :
------------------------------------------
C:/Xilinx/Vitis/2024.2/bin/unwrapped/win64.o/vitis-run.exe --mode hls --csim --config D:\ecen529\finalProject\vitis\bnn_hls\hls_config.cfg --work_dir bnn_hls 
  Options from -O    : 
  Options from *.ini : 
  Options from Hw Platform : 

==========================================
new:  steps log generated by v++ for new launch 
timestamp: 13 Jun 2025 22:43:51

------------------------------------------
VITIS-RUN command line :
------------------------------------------
C:/Xilinx/Vitis/2024.2/bin/unwrapped/win64.o/vitis-run.exe --mode hls --csim --config D:\ecen529\finalProject\vitis\bnn_hls\hls_config.cfg --work_dir bnn_hls 
  Options from -O    : 
  Options from *.ini : 
  Options from Hw Platform : 

==========================================
new:  steps log generated by v++ for new launch 
timestamp: 13 Jun 2025 23:17:21

------------------------------------------
V++ command line :
------------------------------------------
C:/Xilinx/Vitis/2024.2/bin/unwrapped/win64.o/v++.exe -c --mode hls --config D:\ecen529\finalProject\vitis\bnn_hls\hls_config.cfg --work_dir bnn_hls 
  Options from -O    : 
  Options from *.ini : 
  Options from Hw Platform : 

==========================================
new:  steps log generated by v++ for new launch 
timestamp: 13 Jun 2025 23:18:09

------------------------------------------
VITIS-RUN command line :
------------------------------------------
C:/Xilinx/Vitis/2024.2/bin/unwrapped/win64.o/vitis-run.exe --mode hls --impl --config D:\ecen529\finalProject\vitis\bnn_hls\hls_config.cfg --work_dir bnn_hls 
  Options from -O    : 
  Options from *.ini : 
  Options from Hw Platform : 

==========================================
new:  steps log generated by v++ for new launch 
timestamp: 13 Jun 2025 23:26:00

------------------------------------------
VITIS-RUN command line :
------------------------------------------
C:/Xilinx/Vitis/2024.2/bin/unwrapped/win64.o/vitis-run.exe --mode hls --csim --config D:\ecen529\finalProject\vitis\bnn_hls\hls_config.cfg --work_dir bnn_hls 
  Options from -O    : 
  Options from *.ini : 
  Options from Hw Platform : 

==========================================
new:  steps log generated by v++ for new launch 
timestamp: 14 Jun 2025 07:33:29

------------------------------------------
VITIS-RUN command line :
------------------------------------------
C:/Xilinx/Vitis/2024.2/bin/unwrapped/win64.o/vitis-run.exe --mode hls --csim --config D:\ecen529\finalProject\vitis\bnn_hls\hls_config.cfg --work_dir bnn_hls 
  Options from -O    : 
  Options from *.ini : 
  Options from Hw Platform : 

==========================================
new:  steps log generated by v++ for new launch 
timestamp: 14 Jun 2025 07:35:16

------------------------------------------
VITIS-RUN command line :
------------------------------------------
C:/Xilinx/Vitis/2024.2/bin/unwrapped/win64.o/vitis-run.exe --mode hls --csim --config D:\ecen529\finalProject\vitis\bnn_hls\hls_config.cfg --work_dir bnn_hls 
  Options from -O    : 
  Options from *.ini : 
  Options from Hw Platform : 

==========================================
new:  steps log generated by v++ for new launch 
timestamp: 14 Jun 2025 07:35:19

------------------------------------------
VITIS-RUN command line :
------------------------------------------
C:/Xilinx/Vitis/2024.2/bin/unwrapped/win64.o/vitis-run.exe --mode hls --csim --config D:\ecen529\finalProject\vitis\bnn_hls\hls_config.cfg --work_dir bnn_hls 
  Options from -O    : 
  Options from *.ini : 
  Options from Hw Platform : 

==========================================
new:  steps log generated by v++ for new launch 
timestamp: 14 Jun 2025 07:38:16

------------------------------------------
VITIS-RUN command line :
------------------------------------------
C:/Xilinx/Vitis/2024.2/bin/unwrapped/win64.o/vitis-run.exe --mode hls --csim --config D:\ecen529\finalProject\vitis\bnn_hls\hls_config.cfg --work_dir bnn_hls 
  Options from -O    : 
  Options from *.ini : 
  Options from Hw Platform : 

==========================================
new:  steps log generated by v++ for new launch 
timestamp: 14 Jun 2025 07:39:42

------------------------------------------
VITIS-RUN command line :
------------------------------------------
C:/Xilinx/Vitis/2024.2/bin/unwrapped/win64.o/vitis-run.exe --mode hls --csim --config D:\ecen529\finalProject\vitis\bnn_hls\hls_config.cfg --work_dir bnn_hls 
  Options from -O    : 
  Options from *.ini : 
  Options from Hw Platform : 

==========================================
new:  steps log generated by v++ for new launch 
timestamp: 14 Jun 2025 07:41:25

------------------------------------------
VITIS-RUN command line :
------------------------------------------
C:/Xilinx/Vitis/2024.2/bin/unwrapped/win64.o/vitis-run.exe --mode hls --csim --config D:\ecen529\finalProject\vitis\bnn_hls\hls_config.cfg --work_dir bnn_hls 
  Options from -O    : 
  Options from *.ini : 
  Options from Hw Platform : 

==========================================
new:  steps log generated by v++ for new launch 
timestamp: 14 Jun 2025 07:43:10

------------------------------------------
VITIS-RUN command line :
------------------------------------------
C:/Xilinx/Vitis/2024.2/bin/unwrapped/win64.o/vitis-run.exe --mode hls --csim --config D:\ecen529\finalProject\vitis\bnn_hls\hls_config.cfg --work_dir bnn_hls 
  Options from -O    : 
  Options from *.ini : 
  Options from Hw Platform : 

==========================================
new:  steps log generated by v++ for new launch 
timestamp: 14 Jun 2025 07:45:06

------------------------------------------
VITIS-RUN command line :
------------------------------------------
C:/Xilinx/Vitis/2024.2/bin/unwrapped/win64.o/vitis-run.exe --mode hls --csim --config D:\ecen529\finalProject\vitis\bnn_hls\hls_config.cfg --work_dir bnn_hls 
  Options from -O    : 
  Options from *.ini : 
  Options from Hw Platform : 

==========================================
new:  steps log generated by v++ for new launch 
timestamp: 14 Jun 2025 07:45:13

------------------------------------------
VITIS-RUN command line :
------------------------------------------
C:/Xilinx/Vitis/2024.2/bin/unwrapped/win64.o/vitis-run.exe --mode hls --csim --config D:\ecen529\finalProject\vitis\bnn_hls\hls_config.cfg --work_dir bnn_hls 
  Options from -O    : 
  Options from *.ini : 
  Options from Hw Platform : 

==========================================
new:  steps log generated by v++ for new launch 
timestamp: 14 Jun 2025 07:47:45

------------------------------------------
VITIS-RUN command line :
------------------------------------------
C:/Xilinx/Vitis/2024.2/bin/unwrapped/win64.o/vitis-run.exe --mode hls --csim --config D:\ecen529\finalProject\vitis\bnn_hls\hls_config.cfg --work_dir bnn_hls 
  Options from -O    : 
  Options from *.ini : 
  Options from Hw Platform : 

==========================================
new:  steps log generated by v++ for new launch 
timestamp: 14 Jun 2025 07:48:56

------------------------------------------
VITIS-RUN command line :
------------------------------------------
C:/Xilinx/Vitis/2024.2/bin/unwrapped/win64.o/vitis-run.exe --mode hls --csim --config D:\ecen529\finalProject\vitis\bnn_hls\hls_config.cfg --work_dir bnn_hls 
  Options from -O    : 
  Options from *.ini : 
  Options from Hw Platform : 

==========================================
new:  steps log generated by v++ for new launch 
timestamp: 14 Jun 2025 07:50:36

------------------------------------------
VITIS-RUN command line :
------------------------------------------
C:/Xilinx/Vitis/2024.2/bin/unwrapped/win64.o/vitis-run.exe --mode hls --csim --config D:\ecen529\finalProject\vitis\bnn_hls\hls_config.cfg --work_dir bnn_hls 
  Options from -O    : 
  Options from *.ini : 
  Options from Hw Platform : 

==========================================
new:  steps log generated by v++ for new launch 
timestamp: 14 Jun 2025 07:54:55

------------------------------------------
VITIS-RUN command line :
------------------------------------------
C:/Xilinx/Vitis/2024.2/bin/unwrapped/win64.o/vitis-run.exe --mode hls --csim --config D:\ecen529\finalProject\vitis\bnn_hls\hls_config.cfg --work_dir bnn_hls 
  Options from -O    : 
  Options from *.ini : 
  Options from Hw Platform : 

==========================================
new:  steps log generated by v++ for new launch 
timestamp: 14 Jun 2025 07:56:15

------------------------------------------
VITIS-RUN command line :
------------------------------------------
C:/Xilinx/Vitis/2024.2/bin/unwrapped/win64.o/vitis-run.exe --mode hls --csim --config D:\ecen529\finalProject\vitis\bnn_hls\hls_config.cfg --work_dir bnn_hls 
  Options from -O    : 
  Options from *.ini : 
  Options from Hw Platform : 

==========================================
new:  steps log generated by v++ for new launch 
timestamp: 14 Jun 2025 07:57:49

------------------------------------------
VITIS-RUN command line :
------------------------------------------
C:/Xilinx/Vitis/2024.2/bin/unwrapped/win64.o/vitis-run.exe --mode hls --csim --config D:\ecen529\finalProject\vitis\bnn_hls\hls_config.cfg --work_dir bnn_hls 
  Options from -O    : 
  Options from *.ini : 
  Options from Hw Platform : 

==========================================
new:  steps log generated by v++ for new launch 
timestamp: 14 Jun 2025 07:59:25

------------------------------------------
VITIS-RUN command line :
------------------------------------------
C:/Xilinx/Vitis/2024.2/bin/unwrapped/win64.o/vitis-run.exe --mode hls --csim --config D:\ecen529\finalProject\vitis\bnn_hls\hls_config.cfg --work_dir bnn_hls 
  Options from -O    : 
  Options from *.ini : 
  Options from Hw Platform : 

==========================================
new:  steps log generated by v++ for new launch 
timestamp: 14 Jun 2025 08:00:47

------------------------------------------
VITIS-RUN command line :
------------------------------------------
C:/Xilinx/Vitis/2024.2/bin/unwrapped/win64.o/vitis-run.exe --mode hls --csim --config D:\ecen529\finalProject\vitis\bnn_hls\hls_config.cfg --work_dir bnn_hls 
  Options from -O    : 
  Options from *.ini : 
  Options from Hw Platform : 

==========================================
new:  steps log generated by v++ for new launch 
timestamp: 14 Jun 2025 08:12:32

------------------------------------------
V++ command line :
------------------------------------------
C:/Xilinx/Vitis/2024.2/bin/unwrapped/win64.o/v++.exe -c --mode hls --config D:\ecen529\finalProject\vitis\bnn_hls\hls_config.cfg --work_dir bnn_hls 
  Options from -O    : 
  Options from *.ini : 
  Options from Hw Platform : 

==========================================
new:  steps log generated by v++ for new launch 
timestamp: 14 Jun 2025 08:13:09

------------------------------------------
VITIS-RUN command line :
------------------------------------------
C:/Xilinx/Vitis/2024.2/bin/unwrapped/win64.o/vitis-run.exe --mode hls --impl --config D:\ecen529\finalProject\vitis\bnn_hls\hls_config.cfg --work_dir bnn_hls 
  Options from -O    : 
  Options from *.ini : 
  Options from Hw Platform : 

==========================================
new:  steps log generated by v++ for new launch 
timestamp: 14 Jun 2025 08:21:27

------------------------------------------
VITIS-RUN command line :
------------------------------------------
C:/Xilinx/Vitis/2024.2/bin/unwrapped/win64.o/vitis-run.exe --mode hls --csim --config D:\ecen529\finalProject\vitis\bnn_hls\hls_config.cfg --work_dir bnn_hls 
  Options from -O    : 
  Options from *.ini : 
  Options from Hw Platform : 

==========================================
new:  steps log generated by v++ for new launch 
timestamp: 14 Jun 2025 08:32:24

------------------------------------------
V++ command line :
------------------------------------------
C:/Xilinx/Vitis/2024.2/bin/unwrapped/win64.o/v++.exe -c --mode hls --config D:\ecen529\finalProject\vitis\bnn_hls\hls_config.cfg --work_dir bnn_hls 
  Options from -O    : 
  Options from *.ini : 
  Options from Hw Platform : 

==========================================
new:  steps log generated by v++ for new launch 
timestamp: 14 Jun 2025 08:33:07

------------------------------------------
VITIS-RUN command line :
------------------------------------------
C:/Xilinx/Vitis/2024.2/bin/unwrapped/win64.o/vitis-run.exe --mode hls --impl --config D:\ecen529\finalProject\vitis\bnn_hls\hls_config.cfg --work_dir bnn_hls 
  Options from -O    : 
  Options from *.ini : 
  Options from Hw Platform : 

==========================================
new:  steps log generated by v++ for new launch 
timestamp: 14 Jun 2025 08:51:02

------------------------------------------
VITIS-RUN command line :
------------------------------------------
K:/Xilinx/Vitis/2024.2/bin/unwrapped/win64.o/vitis-run.exe --mode hls --csim --config C:\ECEN529\bnn_final\vitis\bnn_hls\hls_config.cfg --work_dir bnn_hls 
  Options from -O    : 
  Options from *.ini : 
  Options from Hw Platform : 

==========================================
new:  steps log generated by v++ for new launch 
timestamp: 14 Jun 2025 18:44:33

------------------------------------------
VITIS-RUN command line :
------------------------------------------
K:/Xilinx/Vitis/2024.2/bin/unwrapped/win64.o/vitis-run.exe --mode hls --csim --config C:\ECEN529\bnn_final\vitis\bnn_hls\hls_config.cfg --work_dir bnn_hls 
  Options from -O    : 
  Options from *.ini : 
  Options from Hw Platform : 

==========================================
new:  steps log generated by v++ for new launch 
timestamp: 14 Jun 2025 18:45:41

------------------------------------------
VITIS-RUN command line :
------------------------------------------
K:/Xilinx/Vitis/2024.2/bin/unwrapped/win64.o/vitis-run.exe --mode hls --csim --config C:\ECEN529\bnn_final\vitis\bnn_hls\hls_config.cfg --work_dir bnn_hls 
  Options from -O    : 
  Options from *.ini : 
  Options from Hw Platform : 

==========================================
new:  steps log generated by v++ for new launch 
timestamp: 14 Jun 2025 18:47:37

------------------------------------------
V++ command line :
------------------------------------------
K:/Xilinx/Vitis/2024.2/bin/unwrapped/win64.o/v++.exe -c --mode hls --config C:\ECEN529\bnn_final\vitis\bnn_hls\hls_config.cfg --work_dir bnn_hls 
  Options from -O    : 
  Options from *.ini : 
  Options from Hw Platform : 

==========================================
new:  steps log generated by v++ for new launch 
timestamp: 14 Jun 2025 18:47:58

------------------------------------------
VITIS-RUN command line :
------------------------------------------
K:/Xilinx/Vitis/2024.2/bin/unwrapped/win64.o/vitis-run.exe --mode hls --csim --config C:\ECEN529\bnn_final\vitis\bnn_hls\hls_config.cfg --work_dir bnn_hls 
  Options from -O    : 
  Options from *.ini : 
  Options from Hw Platform : 

==========================================
new:  steps log generated by v++ for new launch 
timestamp: 14 Jun 2025 19:02:29

------------------------------------------
V++ command line :
------------------------------------------
K:/Xilinx/Vitis/2024.2/bin/unwrapped/win64.o/v++.exe -c --mode hls --config C:\ECEN529\bnn_final\vitis\bnn_hls\hls_config.cfg --work_dir bnn_hls 
  Options from -O    : 
  Options from *.ini : 
  Options from Hw Platform : 

==========================================
new:  steps log generated by v++ for new launch 
timestamp: 14 Jun 2025 19:03:15

------------------------------------------
V++ command line :
------------------------------------------
K:/Xilinx/Vitis/2024.2/bin/unwrapped/win64.o/v++.exe -c --mode hls --config C:\ECEN529\bnn_final\vitis\bnn_hls\hls_config.cfg --work_dir bnn_hls 
  Options from -O    : 
  Options from *.ini : 
  Options from Hw Platform : 

==========================================
new:  steps log generated by v++ for new launch 
timestamp: 14 Jun 2025 19:13:42

------------------------------------------
V++ command line :
------------------------------------------
K:/Xilinx/Vitis/2024.2/bin/unwrapped/win64.o/v++.exe -c --mode hls --config C:\ECEN529\bnn_final\vitis\bnn_hls\hls_config.cfg --work_dir bnn_hls 
  Options from -O    : 
  Options from *.ini : 
  Options from Hw Platform : 

==========================================
new:  steps log generated by v++ for new launch 
timestamp: 14 Jun 2025 19:15:48

------------------------------------------
V++ command line :
------------------------------------------
K:/Xilinx/Vitis/2024.2/bin/unwrapped/win64.o/v++.exe -c --mode hls --config C:\ECEN529\bnn_final\vitis\bnn_hls\hls_config.cfg --work_dir bnn_hls 
  Options from -O    : 
  Options from *.ini : 
  Options from Hw Platform : 

==========================================
new:  steps log generated by v++ for new launch 
timestamp: 14 Jun 2025 20:04:14

------------------------------------------
V++ command line :
------------------------------------------
K:/Xilinx/Vitis/2024.2/bin/unwrapped/win64.o/v++.exe -c --mode hls --config C:\ECEN529\bnn_final\vitis\bnn_hls\hls_config.cfg --work_dir bnn_hls 
  Options from -O    : 
  Options from *.ini : 
  Options from Hw Platform : 

==========================================
new:  steps log generated by v++ for new launch 
timestamp: 14 Jun 2025 20:09:01

------------------------------------------
V++ command line :
------------------------------------------
K:/Xilinx/Vitis/2024.2/bin/unwrapped/win64.o/v++.exe -c --mode hls --config C:\ECEN529\bnn_final\vitis\bnn_hls\hls_config.cfg --work_dir bnn_hls 
  Options from -O    : 
  Options from *.ini : 
  Options from Hw Platform : 

==========================================
new:  steps log generated by v++ for new launch 
timestamp: 14 Jun 2025 20:55:25

------------------------------------------
V++ command line :
------------------------------------------
K:/Xilinx/Vitis/2024.2/bin/unwrapped/win64.o/v++.exe -c --mode hls --config C:\ECEN529\bnn_final\vitis\bnn_hls\hls_config.cfg --work_dir bnn_hls 
  Options from -O    : 
  Options from *.ini : 
  Options from Hw Platform : 

==========================================
new:  steps log generated by v++ for new launch 
timestamp: 14 Jun 2025 21:09:01

------------------------------------------
V++ command line :
------------------------------------------
K:/Xilinx/Vitis/2024.2/bin/unwrapped/win64.o/v++.exe -c --mode hls --config C:\ECEN529\bnn_final\vitis\bnn_hls\hls_config.cfg --work_dir bnn_hls 
  Options from -O    : 
  Options from *.ini : 
  Options from Hw Platform : 

==========================================
new:  steps log generated by v++ for new launch 
timestamp: 14 Jun 2025 21:28:45

------------------------------------------
V++ command line :
------------------------------------------
K:/Xilinx/Vitis/2024.2/bin/unwrapped/win64.o/v++.exe -c --mode hls --config C:\ECEN529\bnn_final\vitis\bnn_hls\hls_config.cfg --work_dir bnn_hls 
  Options from -O    : 
  Options from *.ini : 
  Options from Hw Platform : 

==========================================
new:  steps log generated by v++ for new launch 
timestamp: 14 Jun 2025 21:29:51

------------------------------------------
V++ command line :
------------------------------------------
K:/Xilinx/Vitis/2024.2/bin/unwrapped/win64.o/v++.exe -c --mode hls --config C:\ECEN529\bnn_final\vitis\bnn_hls\hls_config.cfg --work_dir bnn_hls 
  Options from -O    : 
  Options from *.ini : 
  Options from Hw Platform : 

==========================================
new:  steps log generated by v++ for new launch 
timestamp: 14 Jun 2025 21:30:35
