  **** HLS Build v2024.2 5238294
INFO: [HLS 200-2005] Using work_dir C:/ECEN529/bnn_final/vitis/bnn_hls/bnn_hls 
INFO: [HLS 200-1505] Using default flow_target 'vivado'
Resolution: For help on HLS 200-1505 see docs.xilinx.com/access/sources/dita/topic?Doc_Version=2024.2%20English&url=ug1448-hls-guidance&resourceid=200-1505.html
WARNING: [HLS 200-2001] file not found 'D:\ecen529\finalProject\vitis\bnn_hls\bnn_tb.cpp' see [hls] from C:/ECEN529/bnn_final/vitis/bnn_hls/hls_config.cfg(11)
INFO: [HLS 200-1465] Applying ini 'syn.file=bnn.cpp' from C:/ECEN529/bnn_final/vitis/bnn_hls/hls_config.cfg(8)
INFO: [HLS 200-10] Adding design file 'C:/ECEN529/bnn_final/vitis/bnn_hls/bnn.cpp' to the project
INFO: [HLS 200-1465] Applying ini 'syn.file=weights.h' from C:/ECEN529/bnn_final/vitis/bnn_hls/hls_config.cfg(9)
INFO: [HLS 200-10] Adding design file 'C:/ECEN529/bnn_final/vitis/bnn_hls/weights.h' to the project
INFO: [HLS 200-1465] Applying ini 'syn.file=weights.cpp' from C:/ECEN529/bnn_final/vitis/bnn_hls/hls_config.cfg(10)
INFO: [HLS 200-10] Adding design file 'C:/ECEN529/bnn_final/vitis/bnn_hls/weights.cpp' to the project
INFO: [HLS 200-1465] Applying ini 'tb.file=D:\ecen529\finalProject\vitis\bnn_hls\bnn_tb.cpp' from C:/ECEN529/bnn_final/vitis/bnn_hls/hls_config.cfg(11)
WARNING: [HLS 200-40] Cannot find test bench file 'D:/ecen529/finalProject/vitis/bnn_hls/bnn_tb.cpp'
INFO: [HLS 200-1465] Applying ini 'tb.file=C:\ECEN529\bnn_final\vitis\bnn_hls\bnn_tb.cpp' from C:/ECEN529/bnn_final/vitis/bnn_hls/hls_config.cfg(12)
INFO: [HLS 200-10] Adding test bench file 'C:/ECEN529/bnn_final/vitis/bnn_hls/bnn_tb.cpp' to the project
INFO: [HLS 200-1465] Applying ini 'syn.top=feedforward' from C:/ECEN529/bnn_final/vitis/bnn_hls/hls_config.cfg(7)
INFO: [HLS 200-1465] Applying ini 'flow_target=vivado' from C:/ECEN529/bnn_final/vitis/bnn_hls/hls_config.cfg(4)
INFO: [HLS 200-1505] Using flow_target 'vivado'
Resolution: For help on HLS 200-1505 see docs.xilinx.com/access/sources/dita/topic?Doc_Version=2024.2%20English&url=ug1448-hls-guidance&resourceid=200-1505.html
INFO: [HLS 200-1465] Applying ini 'part=xc7z020clg400-1' from C:/ECEN529/bnn_final/vitis/bnn_hls/hls_config.cfg(1)
INFO: [HLS 200-1611] Setting target device to 'xc7z020-clg400-1'
INFO: [HLS 200-1465] Applying ini 'package.output.format=ip_catalog' from C:/ECEN529/bnn_final/vitis/bnn_hls/hls_config.cfg(5)
INFO: [HLS 200-111] Finished File checks and directory preparation: CPU user time: 2 seconds. CPU system time: 0 seconds. Elapsed time: 2.986 seconds; current allocated memory: 262.309 MB.
INFO: [HLS 200-10] Analyzing design file 'weights.cpp' ... 
INFO: [HLS 200-10] Analyzing design file 'bnn.cpp' ... 
INFO: [HLS 200-111] Finished Source Code Analysis and Preprocessing: CPU user time: 0 seconds. CPU system time: 1 seconds. Elapsed time: 6.056 seconds; current allocated memory: 265.457 MB.
INFO: [HLS 200-777] Using interface defaults for 'Vivado' flow target.
INFO: [HLS 200-1995] There were 676 instructions in the design after the 'Compile/Link' phase of compilation. See the Design Size Report for more details: C:/ECEN529/bnn_final/vitis/bnn_hls/bnn_hls/hls/syn/report/csynth_design_size.rpt
INFO: [HLS 200-1995] There were 399 instructions in the design after the 'Unroll/Inline (step 1)' phase of compilation. See the Design Size Report for more details: C:/ECEN529/bnn_final/vitis/bnn_hls/bnn_hls/hls/syn/report/csynth_design_size.rpt
INFO: [HLS 200-1995] There were 330 instructions in the design after the 'Unroll/Inline (step 2)' phase of compilation. See the Design Size Report for more details: C:/ECEN529/bnn_final/vitis/bnn_hls/bnn_hls/hls/syn/report/csynth_design_size.rpt
INFO: [HLS 200-1995] There were 268 instructions in the design after the 'Unroll/Inline (step 3)' phase of compilation. See the Design Size Report for more details: C:/ECEN529/bnn_final/vitis/bnn_hls/bnn_hls/hls/syn/report/csynth_design_size.rpt
INFO: [HLS 200-1995] There were 259 instructions in the design after the 'Unroll/Inline (step 4)' phase of compilation. See the Design Size Report for more details: C:/ECEN529/bnn_final/vitis/bnn_hls/bnn_hls/hls/syn/report/csynth_design_size.rpt
INFO: [HLS 200-1995] There were 8,019 instructions in the design after the 'Array/Struct (step 1)' phase of compilation. See the Design Size Report for more details: C:/ECEN529/bnn_final/vitis/bnn_hls/bnn_hls/hls/syn/report/csynth_design_size.rpt
INFO: [HLS 200-1995] There were 8,019 instructions in the design after the 'Array/Struct (step 2)' phase of compilation. See the Design Size Report for more details: C:/ECEN529/bnn_final/vitis/bnn_hls/bnn_hls/hls/syn/report/csynth_design_size.rpt
INFO: [HLS 200-1995] There were 8,019 instructions in the design after the 'Array/Struct (step 3)' phase of compilation. See the Design Size Report for more details: C:/ECEN529/bnn_final/vitis/bnn_hls/bnn_hls/hls/syn/report/csynth_design_size.rpt
INFO: [HLS 200-1995] There were 8,019 instructions in the design after the 'Array/Struct (step 4)' phase of compilation. See the Design Size Report for more details: C:/ECEN529/bnn_final/vitis/bnn_hls/bnn_hls/hls/syn/report/csynth_design_size.rpt
INFO: [HLS 200-1995] There were 8,050 instructions in the design after the 'Array/Struct (step 5)' phase of compilation. See the Design Size Report for more details: C:/ECEN529/bnn_final/vitis/bnn_hls/bnn_hls/hls/syn/report/csynth_design_size.rpt
INFO: [HLS 200-1995] There were 8,016 instructions in the design after the 'Performance (step 1)' phase of compilation. See the Design Size Report for more details: C:/ECEN529/bnn_final/vitis/bnn_hls/bnn_hls/hls/syn/report/csynth_design_size.rpt
INFO: [HLS 200-1995] There were 8,014 instructions in the design after the 'Performance (step 2)' phase of compilation. See the Design Size Report for more details: C:/ECEN529/bnn_final/vitis/bnn_hls/bnn_hls/hls/syn/report/csynth_design_size.rpt
INFO: [HLS 200-1995] There were 8,141 instructions in the design after the 'Performance (step 3)' phase of compilation. See the Design Size Report for more details: C:/ECEN529/bnn_final/vitis/bnn_hls/bnn_hls/hls/syn/report/csynth_design_size.rpt
INFO: [HLS 200-1995] There were 8,052 instructions in the design after the 'Performance (step 4)' phase of compilation. See the Design Size Report for more details: C:/ECEN529/bnn_final/vitis/bnn_hls/bnn_hls/hls/syn/report/csynth_design_size.rpt
INFO: [HLS 200-1995] There were 8,042 instructions in the design after the 'HW Transforms (step 1)' phase of compilation. See the Design Size Report for more details: C:/ECEN529/bnn_final/vitis/bnn_hls/bnn_hls/hls/syn/report/csynth_design_size.rpt
INFO: [HLS 200-1995] There were 8,076 instructions in the design after the 'HW Transforms (step 2)' phase of compilation. See the Design Size Report for more details: C:/ECEN529/bnn_final/vitis/bnn_hls/bnn_hls/hls/syn/report/csynth_design_size.rpt
INFO: [HLS 214-291] Loop 'VITIS_LOOP_48_2' is marked as complete unroll implied by the pipeline pragma (bnn.cpp:48:26)
INFO: [HLS 214-188] Unrolling loop 'VITIS_LOOP_114_4' (bnn.cpp:114:23) in function 'feedforward' partially with a factor of 4 (bnn.cpp:64:0)
INFO: [HLS 214-188] Unrolling loop 'VITIS_LOOP_97_2' (bnn.cpp:97:22) in function 'feedforward' partially with a factor of 2 (bnn.cpp:64:0)
INFO: [HLS 214-178] Inlining function 'XNOR(int, int)' into 'matmul_xnor(int const*, int const*, int*, int, int)' (bnn.cpp:43:0)
INFO: [HLS 214-178] Inlining function 'sign(int)' into 'feedforward(hls::stream<hls::axis<ap_int<32>, 2ul, 5ul, 8ul, (unsigned char)56, false>, 0>&, hls::stream<hls::axis<ap_int<32>, 2ul, 5ul, 8ul, (unsigned char)56, false>, 0>&)' (bnn.cpp:64:0)
INFO: [HLS 214-178] Inlining function 'quantize(int)' into 'feedforward(hls::stream<hls::axis<ap_int<32>, 2ul, 5ul, 8ul, (unsigned char)56, false>, 0>&, hls::stream<hls::axis<ap_int<32>, 2ul, 5ul, 8ul, (unsigned char)56, false>, 0>&)' (bnn.cpp:64:0)
INFO: [HLS 214-178] Inlining function 'matmul_xnor(int const*, int const*, int*, int, int)' into 'feedforward(hls::stream<hls::axis<ap_int<32>, 2ul, 5ul, 8ul, (unsigned char)56, false>, 0>&, hls::stream<hls::axis<ap_int<32>, 2ul, 5ul, 8ul, (unsigned char)56, false>, 0>&)' (bnn.cpp:64:0)
WARNING: [HLS 214-167] The program may have out of bound array access on variable 'W1' (bnn.cpp:50:20)
WARNING: [HLS 214-167] The program may have out of bound array access on variable 'W2' (bnn.cpp:50:20)
WARNING: [HLS 214-167] The program may have out of bound array access on variable 'W3' (bnn.cpp:50:20)
INFO: [HLS 214-186] Unrolling loop 'VITIS_LOOP_48_2' (bnn.cpp:48:26) in function 'feedforward' completely with a factor of 64 (bnn.cpp:64:0)
INFO: [HLS 214-186] Unrolling loop 'VITIS_LOOP_48_2' (bnn.cpp:48:26) in function 'feedforward' completely with a factor of 128 (bnn.cpp:64:0)
INFO: [HLS 214-186] Unrolling loop 'VITIS_LOOP_48_2' (bnn.cpp:48:26) in function 'feedforward' completely with a factor of 784 (bnn.cpp:64:0)
INFO: [HLS 214-376] automatically set the pipeline for Loop< VITIS_LOOP_97_2> at bnn.cpp:97:22 
INFO: [HLS 214-376] automatically set the pipeline for Loop< VITIS_LOOP_114_4> at bnn.cpp:114:23 
INFO: [HLS 214-270] Inferring pragma 'array_partition type=cyclic factor=2 dim=1' for array 'layer1_activations' due to pipeline pragma (bnn.cpp:77:9)
INFO: [HLS 214-270] Inferring pragma 'array_partition type=cyclic factor=4 dim=1' for array 'layer2_activations' due to pipeline pragma (bnn.cpp:78:9)
INFO: [HLS 214-248] Applying array_partition to 'layer1_activations': Cyclic partitioning with factor 2 on dimension 1. (bnn.cpp:77:9)
INFO: [HLS 214-248] Applying array_partition to 'layer2_activations': Cyclic partitioning with factor 4 on dimension 1. (bnn.cpp:78:9)
INFO: [HLS 200-111] Finished Compiling Optimization and Transform: CPU user time: 2 seconds. CPU system time: 0 seconds. Elapsed time: 20.734 seconds; current allocated memory: 275.016 MB.
INFO: [HLS 200-111] Finished Checking Pragmas: CPU user time: 0 seconds. CPU system time: 0 seconds. Elapsed time: 0.003 seconds; current allocated memory: 275.016 MB.
INFO: [HLS 200-10] Starting code transformations ...
INFO: [HLS 200-111] Finished Standard Transforms: CPU user time: 1 seconds. CPU system time: 0 seconds. Elapsed time: 1.452 seconds; current allocated memory: 295.441 MB.
INFO: [HLS 200-10] Checking synthesizability ...
INFO: [HLS 200-111] Finished Checking Synthesizability: CPU user time: 7 seconds. CPU system time: 0 seconds. Elapsed time: 6.787 seconds; current allocated memory: 301.684 MB.
INFO: [XFORM 203-11] Balancing expressions in function 'feedforward' (bnn.cpp:19:23)...1881 expression(s) balanced.
INFO: [HLS 200-111] Finished Loop, function and other optimizations: CPU user time: 54 seconds. CPU system time: 0 seconds. Elapsed time: 55.076 seconds; current allocated memory: 335.602 MB.
INFO: [HLS 200-111] Finished Architecture Synthesis: CPU user time: 58 seconds. CPU system time: 0 seconds. Elapsed time: 59.998 seconds; current allocated memory: 457.270 MB.
INFO: [HLS 200-10] Starting hardware synthesis ...
INFO: [HLS 200-10] Synthesizing 'feedforward' ...
INFO: [SYN 201-201] Setting up clock 'default' with a period of 10ns.
INFO: [HLS 200-10] ----------------------------------------------------------------
INFO: [HLS 200-42] -- Implementing module 'feedforward_Pipeline_VITIS_LOOP_86_1' 
INFO: [HLS 200-10] ----------------------------------------------------------------
INFO: [SCHED 204-11] Starting scheduling ...
INFO: [SCHED 204-61] Pipelining loop 'VITIS_LOOP_86_1'.
INFO: [HLS 200-1470] Pipelining result : Target II = 1, Final II = 1, Depth = 3, loop 'VITIS_LOOP_86_1'
INFO: [SCHED 204-11] Finished scheduling.
INFO: [HLS 200-111] Finished Scheduling: CPU user time: 1 seconds. CPU system time: 0 seconds. Elapsed time: 0.462 seconds; current allocated memory: 462.883 MB.
INFO: [BIND 205-100] Starting micro-architecture generation ...
INFO: [BIND 205-101] Performing variable lifetime analysis.
INFO: [BIND 205-101] Exploring resource sharing.
INFO: [BIND 205-101] Binding ...
INFO: [BIND 205-100] Finished micro-architecture generation.
INFO: [HLS 200-111] Finished Binding: CPU user time: 0 seconds. CPU system time: 0 seconds. Elapsed time: 0.043 seconds; current allocated memory: 463.957 MB.
INFO: [HLS 200-10] ----------------------------------------------------------------
INFO: [HLS 200-42] -- Implementing module 'feedforward_Pipeline_VITIS_LOOP_45_1' 
INFO: [HLS 200-10] ----------------------------------------------------------------
INFO: [SCHED 204-11] Starting scheduling ...
INFO: [SCHED 204-61] Pipelining loop 'VITIS_LOOP_45_1'.
INFO: [HLS 200-1470] Pipelining result : Target II = 1, Final II = 1, Depth = 5, loop 'VITIS_LOOP_45_1'
INFO: [SCHED 204-11] Finished scheduling.
INFO: [HLS 200-111] Finished Scheduling: CPU user time: 2 seconds. CPU system time: 0 seconds. Elapsed time: 2.756 seconds; current allocated memory: 527.855 MB.
INFO: [BIND 205-100] Starting micro-architecture generation ...
INFO: [BIND 205-101] Performing variable lifetime analysis.
INFO: [BIND 205-101] Exploring resource sharing.
INFO: [BIND 205-101] Binding ...
INFO: [BIND 205-100] Finished micro-architecture generation.
INFO: [HLS 200-111] Finished Binding: CPU user time: 7 seconds. CPU system time: 0 seconds. Elapsed time: 7.918 seconds; current allocated memory: 527.855 MB.
INFO: [HLS 200-10] ----------------------------------------------------------------
INFO: [HLS 200-42] -- Implementing module 'feedforward_Pipeline_VITIS_LOOP_97_2' 
INFO: [HLS 200-10] ----------------------------------------------------------------
INFO: [SCHED 204-11] Starting scheduling ...
INFO: [SCHED 204-61] Pipelining loop 'VITIS_LOOP_97_2'.
INFO: [HLS 200-1470] Pipelining result : Target II = NA, Final II = 1, Depth = 3, loop 'VITIS_LOOP_97_2'
INFO: [SCHED 204-11] Finished scheduling.
INFO: [HLS 200-111] Finished Scheduling: CPU user time: 1 seconds. CPU system time: 0 seconds. Elapsed time: 1.35 seconds; current allocated memory: 527.855 MB.
INFO: [BIND 205-100] Starting micro-architecture generation ...
INFO: [BIND 205-101] Performing variable lifetime analysis.
INFO: [BIND 205-101] Exploring resource sharing.
INFO: [BIND 205-101] Binding ...
INFO: [BIND 205-100] Finished micro-architecture generation.
INFO: [HLS 200-111] Finished Binding: CPU user time: 0 seconds. CPU system time: 0 seconds. Elapsed time: 0.041 seconds; current allocated memory: 527.855 MB.
INFO: [HLS 200-10] ----------------------------------------------------------------
INFO: [HLS 200-42] -- Implementing module 'feedforward_Pipeline_VITIS_LOOP_104_3' 
INFO: [HLS 200-10] ----------------------------------------------------------------
INFO: [SCHED 204-11] Starting scheduling ...
INFO: [SCHED 204-61] Pipelining loop 'VITIS_LOOP_104_3'.
INFO: [HLS 200-1470] Pipelining result : Target II = 1, Final II = 1, Depth = 3, loop 'VITIS_LOOP_104_3'
INFO: [SCHED 204-11] Finished scheduling.
INFO: [HLS 200-111] Finished Scheduling: CPU user time: 0 seconds. CPU system time: 0 seconds. Elapsed time: 0.06 seconds; current allocated memory: 527.855 MB.
INFO: [BIND 205-100] Starting micro-architecture generation ...
INFO: [BIND 205-101] Performing variable lifetime analysis.
INFO: [BIND 205-101] Exploring resource sharing.
INFO: [BIND 205-101] Binding ...
INFO: [BIND 205-100] Finished micro-architecture generation.
INFO: [HLS 200-111] Finished Binding: CPU user time: 0 seconds. CPU system time: 0 seconds. Elapsed time: 0.042 seconds; current allocated memory: 527.855 MB.
INFO: [HLS 200-10] ----------------------------------------------------------------
INFO: [HLS 200-42] -- Implementing module 'feedforward_Pipeline_VITIS_LOOP_45_11' 
INFO: [HLS 200-10] ----------------------------------------------------------------
INFO: [SCHED 204-11] Starting scheduling ...
INFO: [SCHED 204-61] Pipelining loop 'VITIS_LOOP_45_1'.
INFO: [HLS 200-1470] Pipelining result : Target II = 1, Final II = 1, Depth = 4, loop 'VITIS_LOOP_45_1'
INFO: [SCHED 204-11] Finished scheduling.
INFO: [HLS 200-111] Finished Scheduling: CPU user time: 0 seconds. CPU system time: 0 seconds. Elapsed time: 0.303 seconds; current allocated memory: 527.855 MB.
INFO: [BIND 205-100] Starting micro-architecture generation ...
INFO: [BIND 205-101] Performing variable lifetime analysis.
INFO: [BIND 205-101] Exploring resource sharing.
INFO: [BIND 205-101] Binding ...
INFO: [BIND 205-100] Finished micro-architecture generation.
INFO: [HLS 200-111] Finished Binding: CPU user time: 0 seconds. CPU system time: 0 seconds. Elapsed time: 0.264 seconds; current allocated memory: 527.855 MB.
INFO: [HLS 200-10] ----------------------------------------------------------------
INFO: [HLS 200-42] -- Implementing module 'feedforward_Pipeline_VITIS_LOOP_114_4' 
INFO: [HLS 200-10] ----------------------------------------------------------------
INFO: [SCHED 204-11] Starting scheduling ...
INFO: [SCHED 204-61] Pipelining loop 'VITIS_LOOP_114_4'.
INFO: [HLS 200-1470] Pipelining result : Target II = NA, Final II = 1, Depth = 2, loop 'VITIS_LOOP_114_4'
INFO: [SCHED 204-11] Finished scheduling.
INFO: [HLS 200-111] Finished Scheduling: CPU user time: 0 seconds. CPU system time: 0 seconds. Elapsed time: 0.267 seconds; current allocated memory: 527.855 MB.
INFO: [BIND 205-100] Starting micro-architecture generation ...
INFO: [BIND 205-101] Performing variable lifetime analysis.
INFO: [BIND 205-101] Exploring resource sharing.
INFO: [BIND 205-101] Binding ...
INFO: [BIND 205-100] Finished micro-architecture generation.
INFO: [HLS 200-111] Finished Binding: CPU user time: 0 seconds. CPU system time: 0 seconds. Elapsed time: 0.475 seconds; current allocated memory: 527.855 MB.
INFO: [HLS 200-10] ----------------------------------------------------------------
INFO: [HLS 200-42] -- Implementing module 'feedforward_Pipeline_VITIS_LOOP_121_5' 
INFO: [HLS 200-10] ----------------------------------------------------------------
INFO: [SCHED 204-11] Starting scheduling ...
INFO: [SCHED 204-61] Pipelining loop 'VITIS_LOOP_121_5'.
INFO: [HLS 200-1470] Pipelining result : Target II = 1, Final II = 1, Depth = 3, loop 'VITIS_LOOP_121_5'
INFO: [SCHED 204-11] Finished scheduling.
INFO: [HLS 200-111] Finished Scheduling: CPU user time: 0 seconds. CPU system time: 0 seconds. Elapsed time: 0.063 seconds; current allocated memory: 527.855 MB.
INFO: [BIND 205-100] Starting micro-architecture generation ...
INFO: [BIND 205-101] Performing variable lifetime analysis.
INFO: [BIND 205-101] Exploring resource sharing.
INFO: [BIND 205-101] Binding ...
INFO: [BIND 205-100] Finished micro-architecture generation.
INFO: [HLS 200-111] Finished Binding: CPU user time: 0 seconds. CPU system time: 0 seconds. Elapsed time: 0.045 seconds; current allocated memory: 527.855 MB.
INFO: [HLS 200-10] ----------------------------------------------------------------
INFO: [HLS 200-42] -- Implementing module 'feedforward_Pipeline_VITIS_LOOP_45_12' 
INFO: [HLS 200-10] ----------------------------------------------------------------
INFO: [SCHED 204-11] Starting scheduling ...
INFO: [SCHED 204-61] Pipelining loop 'VITIS_LOOP_45_1'.
INFO: [HLS 200-1470] Pipelining result : Target II = 1, Final II = 1, Depth = 4, loop 'VITIS_LOOP_45_1'
INFO: [SCHED 204-11] Finished scheduling.
INFO: [HLS 200-111] Finished Scheduling: CPU user time: 0 seconds. CPU system time: 0 seconds. Elapsed time: 0.169 seconds; current allocated memory: 528.383 MB.
INFO: [BIND 205-100] Starting micro-architecture generation ...
INFO: [BIND 205-101] Performing variable lifetime analysis.
INFO: [BIND 205-101] Exploring resource sharing.
INFO: [BIND 205-101] Binding ...
INFO: [BIND 205-100] Finished micro-architecture generation.
INFO: [HLS 200-111] Finished Binding: CPU user time: 0 seconds. CPU system time: 0 seconds. Elapsed time: 0.132 seconds; current allocated memory: 528.559 MB.
INFO: [HLS 200-10] ----------------------------------------------------------------
INFO: [HLS 200-42] -- Implementing module 'feedforward_Pipeline_VITIS_LOOP_131_6' 
INFO: [HLS 200-10] ----------------------------------------------------------------
INFO: [SCHED 204-11] Starting scheduling ...
INFO: [SCHED 204-61] Pipelining loop 'VITIS_LOOP_131_6'.
INFO: [HLS 200-1470] Pipelining result : Target II = 1, Final II = 1, Depth = 2, loop 'VITIS_LOOP_131_6'
INFO: [SCHED 204-11] Finished scheduling.
INFO: [HLS 200-111] Finished Scheduling: CPU user time: 0 seconds. CPU system time: 0 seconds. Elapsed time: 0.163 seconds; current allocated memory: 528.703 MB.
INFO: [BIND 205-100] Starting micro-architecture generation ...
INFO: [BIND 205-101] Performing variable lifetime analysis.
INFO: [BIND 205-101] Exploring resource sharing.
INFO: [BIND 205-101] Binding ...
INFO: [BIND 205-100] Finished micro-architecture generation.
INFO: [HLS 200-111] Finished Binding: CPU user time: 0 seconds. CPU system time: 0 seconds. Elapsed time: 0.042 seconds; current allocated memory: 528.707 MB.
INFO: [HLS 200-10] ----------------------------------------------------------------
INFO: [HLS 200-42] -- Implementing module 'feedforward_Pipeline_VITIS_LOOP_138_7' 
INFO: [HLS 200-10] ----------------------------------------------------------------
INFO: [SCHED 204-11] Starting scheduling ...
INFO: [SCHED 204-61] Pipelining loop 'VITIS_LOOP_138_7'.
INFO: [HLS 200-1470] Pipelining result : Target II = 1, Final II = 1, Depth = 2, loop 'VITIS_LOOP_138_7'
INFO: [SCHED 204-11] Finished scheduling.
INFO: [HLS 200-111] Finished Scheduling: CPU user time: 0 seconds. CPU system time: 0 seconds. Elapsed time: 0.062 seconds; current allocated memory: 528.973 MB.
INFO: [BIND 205-100] Starting micro-architecture generation ...
INFO: [BIND 205-101] Performing variable lifetime analysis.
INFO: [BIND 205-101] Exploring resource sharing.
INFO: [BIND 205-101] Binding ...
INFO: [BIND 205-100] Finished micro-architecture generation.
INFO: [HLS 200-111] Finished Binding: CPU user time: 0 seconds. CPU system time: 0 seconds. Elapsed time: 0.057 seconds; current allocated memory: 529.211 MB.
INFO: [HLS 200-10] ----------------------------------------------------------------
INFO: [HLS 200-42] -- Implementing module 'feedforward' 
INFO: [HLS 200-10] ----------------------------------------------------------------
INFO: [SCHED 204-11] Starting scheduling ...
INFO: [SCHED 204-11] Finished scheduling.
INFO: [HLS 200-111] Finished Scheduling: CPU user time: 2 seconds. CPU system time: 0 seconds. Elapsed time: 1.396 seconds; current allocated memory: 547.605 MB.
INFO: [BIND 205-100] Starting micro-architecture generation ...
INFO: [BIND 205-101] Performing variable lifetime analysis.
INFO: [BIND 205-101] Exploring resource sharing.
INFO: [BIND 205-101] Binding ...
INFO: [BIND 205-100] Finished micro-architecture generation.
INFO: [HLS 200-111] Finished Binding: CPU user time: 0 seconds. CPU system time: 0 seconds. Elapsed time: 0.873 seconds; current allocated memory: 549.617 MB.
INFO: [HLS 200-10] ----------------------------------------------------------------
INFO: [HLS 200-10] -- Generating RTL for module 'feedforward_Pipeline_VITIS_LOOP_86_1' 
INFO: [HLS 200-10] ----------------------------------------------------------------
INFO: [HLS 200-1030] Apply Unified Pipeline Control on module 'feedforward_Pipeline_VITIS_LOOP_86_1' pipeline 'VITIS_LOOP_86_1' pipeline type 'loop pipeline'
INFO: [RTGEN 206-100] Finished creating RTL model for 'feedforward_Pipeline_VITIS_LOOP_86_1'.
INFO: [HLS 200-111] Finished Creating RTL model: CPU user time: 1 seconds. CPU system time: 0 seconds. Elapsed time: 0.617 seconds; current allocated memory: 552.184 MB.
INFO: [HLS 200-10] ----------------------------------------------------------------
INFO: [HLS 200-10] -- Generating RTL for module 'feedforward_Pipeline_VITIS_LOOP_45_1' 
INFO: [HLS 200-10] ----------------------------------------------------------------
INFO: [HLS 200-1030] Apply Unified Pipeline Control on module 'feedforward_Pipeline_VITIS_LOOP_45_1' pipeline 'VITIS_LOOP_45_1' pipeline type 'loop pipeline'
INFO: [RTGEN 206-100] Finished creating RTL model for 'feedforward_Pipeline_VITIS_LOOP_45_1'.
INFO: [HLS 200-2168] Implementing memory 'feedforward_feedforward_Pipeline_VITIS_LOOP_45_1_W1_1_ROM_AUTO_1R' using auto ROMs with 784 copies to ensure enough ports to satisfy II or latency constraints.
INFO: [HLS 200-111] Finished Creating RTL model: CPU user time: 7 seconds. CPU system time: 0 seconds. Elapsed time: 12.592 seconds; current allocated memory: 1.723 GB.
INFO: [HLS 200-10] ----------------------------------------------------------------
INFO: [HLS 200-10] -- Generating RTL for module 'feedforward_Pipeline_VITIS_LOOP_97_2' 
INFO: [HLS 200-10] ----------------------------------------------------------------
INFO: [HLS 200-1030] Apply Unified Pipeline Control on module 'feedforward_Pipeline_VITIS_LOOP_97_2' pipeline 'VITIS_LOOP_97_2' pipeline type 'loop pipeline'
INFO: [RTGEN 206-100] Finished creating RTL model for 'feedforward_Pipeline_VITIS_LOOP_97_2'.
INFO: [HLS 200-111] Finished Creating RTL model: CPU user time: 2 seconds. CPU system time: 4 seconds. Elapsed time: 9.018 seconds; current allocated memory: 1.723 GB.
INFO: [HLS 200-10] ----------------------------------------------------------------
INFO: [HLS 200-10] -- Generating RTL for module 'feedforward_Pipeline_VITIS_LOOP_104_3' 
INFO: [HLS 200-10] ----------------------------------------------------------------
INFO: [HLS 200-1030] Apply Unified Pipeline Control on module 'feedforward_Pipeline_VITIS_LOOP_104_3' pipeline 'VITIS_LOOP_104_3' pipeline type 'loop pipeline'
INFO: [RTGEN 206-100] Finished creating RTL model for 'feedforward_Pipeline_VITIS_LOOP_104_3'.
INFO: [HLS 200-111] Finished Creating RTL model: CPU user time: 0 seconds. CPU system time: 0 seconds. Elapsed time: 0.165 seconds; current allocated memory: 1.723 GB.
INFO: [HLS 200-10] ----------------------------------------------------------------
INFO: [HLS 200-10] -- Generating RTL for module 'feedforward_Pipeline_VITIS_LOOP_45_11' 
INFO: [HLS 200-10] ----------------------------------------------------------------
INFO: [HLS 200-1030] Apply Unified Pipeline Control on module 'feedforward_Pipeline_VITIS_LOOP_45_11' pipeline 'VITIS_LOOP_45_1' pipeline type 'loop pipeline'
INFO: [RTGEN 206-100] Finished creating RTL model for 'feedforward_Pipeline_VITIS_LOOP_45_11'.
INFO: [HLS 200-2168] Implementing memory 'feedforward_feedforward_Pipeline_VITIS_LOOP_45_11_W2_1_ROM_AUTO_1R' using auto ROMs with 128 copies to ensure enough ports to satisfy II or latency constraints.
INFO: [HLS 200-111] Finished Creating RTL model: CPU user time: 0 seconds. CPU system time: 0 seconds. Elapsed time: 0.623 seconds; current allocated memory: 1.723 GB.
INFO: [HLS 200-10] ----------------------------------------------------------------
INFO: [HLS 200-10] -- Generating RTL for module 'feedforward_Pipeline_VITIS_LOOP_114_4' 
INFO: [HLS 200-10] ----------------------------------------------------------------
INFO: [HLS 200-1030] Apply Unified Pipeline Control on module 'feedforward_Pipeline_VITIS_LOOP_114_4' pipeline 'VITIS_LOOP_114_4' pipeline type 'loop pipeline'
INFO: [RTGEN 206-100] Finished creating RTL model for 'feedforward_Pipeline_VITIS_LOOP_114_4'.
INFO: [HLS 200-111] Finished Creating RTL model: CPU user time: 1 seconds. CPU system time: 1 seconds. Elapsed time: 1.56 seconds; current allocated memory: 1.723 GB.
INFO: [HLS 200-10] ----------------------------------------------------------------
INFO: [HLS 200-10] -- Generating RTL for module 'feedforward_Pipeline_VITIS_LOOP_121_5' 
INFO: [HLS 200-10] ----------------------------------------------------------------
INFO: [HLS 200-1030] Apply Unified Pipeline Control on module 'feedforward_Pipeline_VITIS_LOOP_121_5' pipeline 'VITIS_LOOP_121_5' pipeline type 'loop pipeline'
INFO: [RTGEN 206-100] Generating core module 'sparsemux_9_2_32_1_1': 1 instance(s).
INFO: [RTGEN 206-100] Finished creating RTL model for 'feedforward_Pipeline_VITIS_LOOP_121_5'.
INFO: [HLS 200-111] Finished Creating RTL model: CPU user time: 0 seconds. CPU system time: 0 seconds. Elapsed time: 0.196 seconds; current allocated memory: 1.723 GB.
INFO: [HLS 200-10] ----------------------------------------------------------------
INFO: [HLS 200-10] -- Generating RTL for module 'feedforward_Pipeline_VITIS_LOOP_45_12' 
INFO: [HLS 200-10] ----------------------------------------------------------------
INFO: [HLS 200-1030] Apply Unified Pipeline Control on module 'feedforward_Pipeline_VITIS_LOOP_45_12' pipeline 'VITIS_LOOP_45_1' pipeline type 'loop pipeline'
INFO: [RTGEN 206-100] Finished creating RTL model for 'feedforward_Pipeline_VITIS_LOOP_45_12'.
INFO: [HLS 200-2168] Implementing memory 'feedforward_feedforward_Pipeline_VITIS_LOOP_45_12_W3_1_ROM_AUTO_1R' using auto ROMs with 64 copies to ensure enough ports to satisfy II or latency constraints.
INFO: [HLS 200-111] Finished Creating RTL model: CPU user time: 0 seconds. CPU system time: 0 seconds. Elapsed time: 0.375 seconds; current allocated memory: 1.723 GB.
INFO: [HLS 200-10] ----------------------------------------------------------------
INFO: [HLS 200-10] -- Generating RTL for module 'feedforward_Pipeline_VITIS_LOOP_131_6' 
INFO: [HLS 200-10] ----------------------------------------------------------------
INFO: [HLS 200-1030] Apply Unified Pipeline Control on module 'feedforward_Pipeline_VITIS_LOOP_131_6' pipeline 'VITIS_LOOP_131_6' pipeline type 'loop pipeline'
INFO: [RTGEN 206-100] Finished creating RTL model for 'feedforward_Pipeline_VITIS_LOOP_131_6'.
INFO: [HLS 200-111] Finished Creating RTL model: CPU user time: 0 seconds. CPU system time: 0 seconds. Elapsed time: 0.959 seconds; current allocated memory: 1.723 GB.
INFO: [HLS 200-10] ----------------------------------------------------------------
INFO: [HLS 200-10] -- Generating RTL for module 'feedforward_Pipeline_VITIS_LOOP_138_7' 
INFO: [HLS 200-10] ----------------------------------------------------------------
INFO: [HLS 200-1030] Apply Unified Pipeline Control on module 'feedforward_Pipeline_VITIS_LOOP_138_7' pipeline 'VITIS_LOOP_138_7' pipeline type 'loop pipeline'
INFO: [RTGEN 206-100] Finished creating RTL model for 'feedforward_Pipeline_VITIS_LOOP_138_7'.
INFO: [HLS 200-111] Finished Creating RTL model: CPU user time: 0 seconds. CPU system time: 0 seconds. Elapsed time: 0.247 seconds; current allocated memory: 1.723 GB.
INFO: [HLS 200-10] ----------------------------------------------------------------
INFO: [HLS 200-10] -- Generating RTL for module 'feedforward' 
INFO: [HLS 200-10] ----------------------------------------------------------------
WARNING: [RTGEN 206-101] Design contains AXI ports. Reset is fixed to synchronous and active low.
INFO: [RTGEN 206-500] Setting interface mode on port 'feedforward/input_stream_V_data_V' to 'axis' (register, both mode).
INFO: [RTGEN 206-500] Setting interface mode on port 'feedforward/input_stream_V_keep_V' to 'axis' (register, both mode).
INFO: [RTGEN 206-500] Setting interface mode on port 'feedforward/input_stream_V_strb_V' to 'axis' (register, both mode).
INFO: [RTGEN 206-500] Setting interface mode on port 'feedforward/input_stream_V_user_V' to 'axis' (register, both mode).
INFO: [RTGEN 206-500] Setting interface mode on port 'feedforward/input_stream_V_last_V' to 'axis' (register, both mode).
INFO: [RTGEN 206-500] Setting interface mode on port 'feedforward/input_stream_V_id_V' to 'axis' (register, both mode).
INFO: [RTGEN 206-500] Setting interface mode on port 'feedforward/input_stream_V_dest_V' to 'axis' (register, both mode).
INFO: [RTGEN 206-500] Setting interface mode on port 'feedforward/output_stream_V_data_V' to 'axis' (register, both mode).
INFO: [RTGEN 206-500] Setting interface mode on port 'feedforward/output_stream_V_keep_V' to 'axis' (register, both mode).
INFO: [RTGEN 206-500] Setting interface mode on port 'feedforward/output_stream_V_strb_V' to 'axis' (register, both mode).
INFO: [RTGEN 206-500] Setting interface mode on port 'feedforward/output_stream_V_user_V' to 'axis' (register, both mode).
INFO: [RTGEN 206-500] Setting interface mode on port 'feedforward/output_stream_V_last_V' to 'axis' (register, both mode).
INFO: [RTGEN 206-500] Setting interface mode on port 'feedforward/output_stream_V_id_V' to 'axis' (register, both mode).
INFO: [RTGEN 206-500] Setting interface mode on port 'feedforward/output_stream_V_dest_V' to 'axis' (register, both mode).
INFO: [RTGEN 206-500] Setting interface mode on function 'feedforward' to 's_axilite & ap_ctrl_hs'.
INFO: [RTGEN 206-100] Bundling port 'return' to AXI-Lite port control.
INFO: [RTGEN 206-100] Finished creating RTL model for 'feedforward'.
INFO: [RTMG 210-278] Implementing memory 'feedforward_X0_input_RAM_AUTO_1R1W' using auto RAMs.
INFO: [RTMG 210-278] Implementing memory 'feedforward_layer1_activations_RAM_AUTO_1R1W' using auto RAMs.
INFO: [RTMG 210-278] Implementing memory 'feedforward_layer2_activations_RAM_AUTO_1R1W' using auto RAMs.
INFO: [RTMG 210-278] Implementing memory 'feedforward_layer3_activations_RAM_AUTO_1R1W' using auto RAMs.
INFO: [RTMG 210-278] Implementing memory 'feedforward_layer1_quant_RAM_AUTO_1R1W' using auto RAMs.
INFO: [RTMG 210-278] Implementing memory 'feedforward_layer2_quant_RAM_AUTO_1R1W' using auto RAMs.
INFO: [HLS 200-111] Finished Creating RTL model: CPU user time: 2 seconds. CPU system time: 0 seconds. Elapsed time: 2.736 seconds; current allocated memory: 1.723 GB.
INFO: [HLS 200-111] Finished Generating all RTL models: CPU user time: 2 seconds. CPU system time: 0 seconds. Elapsed time: 2.423 seconds; current allocated memory: 1.723 GB.
INFO: [HLS 200-111] Finished Updating report files: CPU user time: 1 seconds. CPU system time: 1 seconds. Elapsed time: 1.678 seconds; current allocated memory: 1.723 GB.
INFO: [VHDL 208-304] Generating VHDL RTL for feedforward.
INFO: [VLOG 209-307] Generating Verilog RTL for feedforward.
INFO: [HLS 200-790] **** Loop Constraint Status: All loop constraints were satisfied.
INFO: [HLS 200-789] **** Estimated Fmax: 138.97 MHz
INFO: [HLS 200-112] Total CPU user time: 153 seconds. Total CPU system time: 7 seconds. Total elapsed time: 205.014 seconds; peak allocated memory: 1.723 GB.
INFO: [v++ 60-791] Total elapsed time: 0h 3m 29s
