  **** HLS Build v2024.2 5238294
INFO: [HLS 200-2005] Using work_dir C:/ECEN529/bnn_final/vitis/bnn_hls/bnn_hls 
INFO: [HLS 200-1505] Using default flow_target 'vivado'
Resolution: For help on HLS 200-1505 see docs.xilinx.com/access/sources/dita/topic?Doc_Version=2024.2%20English&url=ug1448-hls-guidance&resourceid=200-1505.html
WARNING: [HLS 200-2001] file not found 'D:\ecen529\finalProject\vitis\bnn_hls\bnn_tb.cpp' see [hls] from C:/ECEN529/bnn_final/vitis/bnn_hls/hls_config.cfg(11)
INFO: [HLS 200-1465] Applying ini 'syn.file=bnn.cpp' from C:/ECEN529/bnn_final/vitis/bnn_hls/hls_config.cfg(8)
INFO: [HLS 200-10] Adding design file 'C:/ECEN529/bnn_final/vitis/bnn_hls/bnn.cpp' to the project
INFO: [HLS 200-1465] Applying ini 'syn.file=weights.h' from C:/ECEN529/bnn_final/vitis/bnn_hls/hls_config.cfg(9)
INFO: [HLS 200-10] Adding design file 'C:/ECEN529/bnn_final/vitis/bnn_hls/weights.h' to the project
INFO: [HLS 200-1465] Applying ini 'syn.file=weights.cpp' from C:/ECEN529/bnn_final/vitis/bnn_hls/hls_config.cfg(10)
INFO: [HLS 200-10] Adding design file 'C:/ECEN529/bnn_final/vitis/bnn_hls/weights.cpp' to the project
INFO: [HLS 200-1465] Applying ini 'tb.file=D:\ecen529\finalProject\vitis\bnn_hls\bnn_tb.cpp' from C:/ECEN529/bnn_final/vitis/bnn_hls/hls_config.cfg(11)
WARNING: [HLS 200-40] Cannot find test bench file 'D:/ecen529/finalProject/vitis/bnn_hls/bnn_tb.cpp'
INFO: [HLS 200-1465] Applying ini 'tb.file=C:\ECEN529\bnn_final\vitis\bnn_hls\bnn_tb.cpp' from C:/ECEN529/bnn_final/vitis/bnn_hls/hls_config.cfg(12)
INFO: [HLS 200-10] Adding test bench file 'C:/ECEN529/bnn_final/vitis/bnn_hls/bnn_tb.cpp' to the project
INFO: [HLS 200-1465] Applying ini 'syn.top=feedforward' from C:/ECEN529/bnn_final/vitis/bnn_hls/hls_config.cfg(7)
INFO: [HLS 200-1465] Applying ini 'flow_target=vivado' from C:/ECEN529/bnn_final/vitis/bnn_hls/hls_config.cfg(4)
INFO: [HLS 200-1505] Using flow_target 'vivado'
Resolution: For help on HLS 200-1505 see docs.xilinx.com/access/sources/dita/topic?Doc_Version=2024.2%20English&url=ug1448-hls-guidance&resourceid=200-1505.html
INFO: [HLS 200-1465] Applying ini 'part=xc7z020clg400-1' from C:/ECEN529/bnn_final/vitis/bnn_hls/hls_config.cfg(1)
INFO: [HLS 200-1611] Setting target device to 'xc7z020-clg400-1'
INFO: [HLS 200-1465] Applying ini 'package.output.format=ip_catalog' from C:/ECEN529/bnn_final/vitis/bnn_hls/hls_config.cfg(5)
INFO: [HLS 200-111] Finished File checks and directory preparation: CPU user time: 2 seconds. CPU system time: 0 seconds. Elapsed time: 2.58 seconds; current allocated memory: 262.156 MB.
INFO: [HLS 200-10] Analyzing design file 'weights.cpp' ... 
INFO: [HLS 200-10] Analyzing design file 'bnn.cpp' ... 
INFO: [HLS 200-111] Finished Source Code Analysis and Preprocessing: CPU user time: 0 seconds. CPU system time: 0 seconds. Elapsed time: 7.018 seconds; current allocated memory: 265.465 MB.
INFO: [HLS 200-777] Using interface defaults for 'Vivado' flow target.
INFO: [HLS 200-1995] There were 676 instructions in the design after the 'Compile/Link' phase of compilation. See the Design Size Report for more details: C:/ECEN529/bnn_final/vitis/bnn_hls/bnn_hls/hls/syn/report/csynth_design_size.rpt
INFO: [HLS 200-1995] There were 399 instructions in the design after the 'Unroll/Inline (step 1)' phase of compilation. See the Design Size Report for more details: C:/ECEN529/bnn_final/vitis/bnn_hls/bnn_hls/hls/syn/report/csynth_design_size.rpt
INFO: [HLS 200-1995] There were 330 instructions in the design after the 'Unroll/Inline (step 2)' phase of compilation. See the Design Size Report for more details: C:/ECEN529/bnn_final/vitis/bnn_hls/bnn_hls/hls/syn/report/csynth_design_size.rpt
INFO: [HLS 200-1995] There were 268 instructions in the design after the 'Unroll/Inline (step 3)' phase of compilation. See the Design Size Report for more details: C:/ECEN529/bnn_final/vitis/bnn_hls/bnn_hls/hls/syn/report/csynth_design_size.rpt
INFO: [HLS 200-1995] There were 259 instructions in the design after the 'Unroll/Inline (step 4)' phase of compilation. See the Design Size Report for more details: C:/ECEN529/bnn_final/vitis/bnn_hls/bnn_hls/hls/syn/report/csynth_design_size.rpt
INFO: [HLS 200-1995] There were 8,019 instructions in the design after the 'Array/Struct (step 1)' phase of compilation. See the Design Size Report for more details: C:/ECEN529/bnn_final/vitis/bnn_hls/bnn_hls/hls/syn/report/csynth_design_size.rpt
INFO: [HLS 200-1995] There were 8,019 instructions in the design after the 'Array/Struct (step 2)' phase of compilation. See the Design Size Report for more details: C:/ECEN529/bnn_final/vitis/bnn_hls/bnn_hls/hls/syn/report/csynth_design_size.rpt
INFO: [HLS 200-1995] There were 8,019 instructions in the design after the 'Array/Struct (step 3)' phase of compilation. See the Design Size Report for more details: C:/ECEN529/bnn_final/vitis/bnn_hls/bnn_hls/hls/syn/report/csynth_design_size.rpt
INFO: [HLS 200-1995] There were 8,019 instructions in the design after the 'Array/Struct (step 4)' phase of compilation. See the Design Size Report for more details: C:/ECEN529/bnn_final/vitis/bnn_hls/bnn_hls/hls/syn/report/csynth_design_size.rpt
INFO: [HLS 200-1995] There were 8,050 instructions in the design after the 'Array/Struct (step 5)' phase of compilation. See the Design Size Report for more details: C:/ECEN529/bnn_final/vitis/bnn_hls/bnn_hls/hls/syn/report/csynth_design_size.rpt
INFO: [HLS 200-1995] There were 8,016 instructions in the design after the 'Performance (step 1)' phase of compilation. See the Design Size Report for more details: C:/ECEN529/bnn_final/vitis/bnn_hls/bnn_hls/hls/syn/report/csynth_design_size.rpt
INFO: [HLS 200-1995] There were 8,014 instructions in the design after the 'Performance (step 2)' phase of compilation. See the Design Size Report for more details: C:/ECEN529/bnn_final/vitis/bnn_hls/bnn_hls/hls/syn/report/csynth_design_size.rpt
INFO: [HLS 200-1995] There were 8,141 instructions in the design after the 'Performance (step 3)' phase of compilation. See the Design Size Report for more details: C:/ECEN529/bnn_final/vitis/bnn_hls/bnn_hls/hls/syn/report/csynth_design_size.rpt
INFO: [HLS 200-1995] There were 8,052 instructions in the design after the 'Performance (step 4)' phase of compilation. See the Design Size Report for more details: C:/ECEN529/bnn_final/vitis/bnn_hls/bnn_hls/hls/syn/report/csynth_design_size.rpt
INFO: [HLS 200-1995] There were 8,042 instructions in the design after the 'HW Transforms (step 1)' phase of compilation. See the Design Size Report for more details: C:/ECEN529/bnn_final/vitis/bnn_hls/bnn_hls/hls/syn/report/csynth_design_size.rpt
INFO: [HLS 200-1995] There were 8,076 instructions in the design after the 'HW Transforms (step 2)' phase of compilation. See the Design Size Report for more details: C:/ECEN529/bnn_final/vitis/bnn_hls/bnn_hls/hls/syn/report/csynth_design_size.rpt
INFO: [HLS 214-291] Loop 'VITIS_LOOP_49_2' is marked as complete unroll implied by the pipeline pragma (bnn.cpp:49:26)
INFO: [HLS 214-188] Unrolling loop 'VITIS_LOOP_117_4' (bnn.cpp:117:23) in function 'feedforward' partially with a factor of 4 (bnn.cpp:65:0)
INFO: [HLS 214-188] Unrolling loop 'VITIS_LOOP_99_2' (bnn.cpp:99:22) in function 'feedforward' partially with a factor of 2 (bnn.cpp:65:0)
INFO: [HLS 214-178] Inlining function 'XNOR(int, int)' into 'matmul_xnor(int const*, int const*, int*, int, int)' (bnn.cpp:44:0)
INFO: [HLS 214-178] Inlining function 'sign(int)' into 'feedforward(hls::stream<hls::axis<ap_int<32>, 2ul, 5ul, 8ul, (unsigned char)56, false>, 0>&, hls::stream<hls::axis<ap_int<32>, 2ul, 5ul, 8ul, (unsigned char)56, false>, 0>&)' (bnn.cpp:65:0)
INFO: [HLS 214-178] Inlining function 'quantize(int)' into 'feedforward(hls::stream<hls::axis<ap_int<32>, 2ul, 5ul, 8ul, (unsigned char)56, false>, 0>&, hls::stream<hls::axis<ap_int<32>, 2ul, 5ul, 8ul, (unsigned char)56, false>, 0>&)' (bnn.cpp:65:0)
INFO: [HLS 214-178] Inlining function 'matmul_xnor(int const*, int const*, int*, int, int)' into 'feedforward(hls::stream<hls::axis<ap_int<32>, 2ul, 5ul, 8ul, (unsigned char)56, false>, 0>&, hls::stream<hls::axis<ap_int<32>, 2ul, 5ul, 8ul, (unsigned char)56, false>, 0>&)' (bnn.cpp:65:0)
WARNING: [HLS 214-167] The program may have out of bound array access on variable 'W1' (bnn.cpp:51:20)
WARNING: [HLS 214-167] The program may have out of bound array access on variable 'W2' (bnn.cpp:51:20)
WARNING: [HLS 214-167] The program may have out of bound array access on variable 'W3' (bnn.cpp:51:20)
INFO: [HLS 214-186] Unrolling loop 'VITIS_LOOP_49_2' (bnn.cpp:49:26) in function 'feedforward' completely with a factor of 64 (bnn.cpp:65:0)
INFO: [HLS 214-186] Unrolling loop 'VITIS_LOOP_49_2' (bnn.cpp:49:26) in function 'feedforward' completely with a factor of 128 (bnn.cpp:65:0)
INFO: [HLS 214-186] Unrolling loop 'VITIS_LOOP_49_2' (bnn.cpp:49:26) in function 'feedforward' completely with a factor of 784 (bnn.cpp:65:0)
INFO: [HLS 214-376] automatically set the pipeline for Loop< VITIS_LOOP_99_2> at bnn.cpp:99:22 
INFO: [HLS 214-376] automatically set the pipeline for Loop< VITIS_LOOP_117_4> at bnn.cpp:117:23 
INFO: [HLS 214-270] Inferring pragma 'array_partition type=cyclic factor=2 dim=1' for array 'layer1_activations' due to pipeline pragma (bnn.cpp:79:9)
INFO: [HLS 214-270] Inferring pragma 'array_partition type=cyclic factor=4 dim=1' for array 'layer2_activations' due to pipeline pragma (bnn.cpp:80:9)
INFO: [HLS 214-248] Applying array_partition to 'layer1_activations': Cyclic partitioning with factor 2 on dimension 1. (bnn.cpp:79:9)
INFO: [HLS 214-248] Applying array_partition to 'layer2_activations': Cyclic partitioning with factor 4 on dimension 1. (bnn.cpp:80:9)
INFO: [HLS 200-111] Finished Compiling Optimization and Transform: CPU user time: 2 seconds. CPU system time: 0 seconds. Elapsed time: 21.414 seconds; current allocated memory: 275.246 MB.
INFO: [HLS 200-111] Finished Checking Pragmas: CPU user time: 0 seconds. CPU system time: 0 seconds. Elapsed time: 0.004 seconds; current allocated memory: 275.246 MB.
INFO: [HLS 200-10] Starting code transformations ...
INFO: [HLS 200-111] Finished Standard Transforms: CPU user time: 2 seconds. CPU system time: 0 seconds. Elapsed time: 1.466 seconds; current allocated memory: 295.574 MB.
INFO: [HLS 200-10] Checking synthesizability ...
INFO: [HLS 200-111] Finished Checking Synthesizability: CPU user time: 6 seconds. CPU system time: 0 seconds. Elapsed time: 7.248 seconds; current allocated memory: 301.730 MB.
INFO: [XFORM 203-11] Balancing expressions in function 'feedforward' (bnn.cpp:20:23)...1881 expression(s) balanced.
INFO: [HLS 200-111] Finished Loop, function and other optimizations: CPU user time: 53 seconds. CPU system time: 0 seconds. Elapsed time: 56.522 seconds; current allocated memory: 336.012 MB.
INFO: [HLS 200-111] Finished Architecture Synthesis: CPU user time: 60 seconds. CPU system time: 0 seconds. Elapsed time: 61.656 seconds; current allocated memory: 457.879 MB.
INFO: [HLS 200-10] Starting hardware synthesis ...
INFO: [HLS 200-10] Synthesizing 'feedforward' ...
INFO: [SYN 201-201] Setting up clock 'default' with a period of 10ns.
INFO: [HLS 200-10] ----------------------------------------------------------------
INFO: [HLS 200-42] -- Implementing module 'feedforward_Pipeline_VITIS_LOOP_88_1' 
INFO: [HLS 200-10] ----------------------------------------------------------------
INFO: [SCHED 204-11] Starting scheduling ...
INFO: [SCHED 204-61] Pipelining loop 'VITIS_LOOP_88_1'.
INFO: [HLS 200-1470] Pipelining result : Target II = NA, Final II = 1, Depth = 3, loop 'VITIS_LOOP_88_1'
INFO: [SCHED 204-11] Finished scheduling.
INFO: [HLS 200-111] Finished Scheduling: CPU user time: 0 seconds. CPU system time: 0 seconds. Elapsed time: 0.509 seconds; current allocated memory: 462.902 MB.
INFO: [BIND 205-100] Starting micro-architecture generation ...
INFO: [BIND 205-101] Performing variable lifetime analysis.
INFO: [BIND 205-101] Exploring resource sharing.
INFO: [BIND 205-101] Binding ...
INFO: [BIND 205-100] Finished micro-architecture generation.
INFO: [HLS 200-111] Finished Binding: CPU user time: 0 seconds. CPU system time: 0 seconds. Elapsed time: 0.055 seconds; current allocated memory: 463.984 MB.
INFO: [HLS 200-10] ----------------------------------------------------------------
INFO: [HLS 200-42] -- Implementing module 'feedforward_Pipeline_VITIS_LOOP_46_1' 
INFO: [HLS 200-10] ----------------------------------------------------------------
INFO: [SCHED 204-11] Starting scheduling ...
INFO: [SCHED 204-61] Pipelining loop 'VITIS_LOOP_46_1'.
INFO: [HLS 200-1470] Pipelining result : Target II = NA, Final II = 1, Depth = 5, loop 'VITIS_LOOP_46_1'
INFO: [SCHED 204-11] Finished scheduling.
INFO: [HLS 200-111] Finished Scheduling: CPU user time: 3 seconds. CPU system time: 0 seconds. Elapsed time: 2.842 seconds; current allocated memory: 529.062 MB.
INFO: [BIND 205-100] Starting micro-architecture generation ...
INFO: [BIND 205-101] Performing variable lifetime analysis.
INFO: [BIND 205-101] Exploring resource sharing.
INFO: [BIND 205-101] Binding ...
INFO: [BIND 205-100] Finished micro-architecture generation.
INFO: [HLS 200-111] Finished Binding: CPU user time: 6 seconds. CPU system time: 0 seconds. Elapsed time: 8.337 seconds; current allocated memory: 529.062 MB.
INFO: [HLS 200-10] ----------------------------------------------------------------
INFO: [HLS 200-42] -- Implementing module 'feedforward_Pipeline_VITIS_LOOP_99_2' 
INFO: [HLS 200-10] ----------------------------------------------------------------
INFO: [SCHED 204-11] Starting scheduling ...
INFO: [SCHED 204-61] Pipelining loop 'VITIS_LOOP_99_2'.
INFO: [HLS 200-1470] Pipelining result : Target II = NA, Final II = 1, Depth = 3, loop 'VITIS_LOOP_99_2'
INFO: [SCHED 204-11] Finished scheduling.
INFO: [HLS 200-111] Finished Scheduling: CPU user time: 1 seconds. CPU system time: 1 seconds. Elapsed time: 1.404 seconds; current allocated memory: 529.062 MB.
INFO: [BIND 205-100] Starting micro-architecture generation ...
INFO: [BIND 205-101] Performing variable lifetime analysis.
INFO: [BIND 205-101] Exploring resource sharing.
INFO: [BIND 205-101] Binding ...
INFO: [BIND 205-100] Finished micro-architecture generation.
INFO: [HLS 200-111] Finished Binding: CPU user time: 0 seconds. CPU system time: 0 seconds. Elapsed time: 0.063 seconds; current allocated memory: 529.062 MB.
INFO: [HLS 200-10] ----------------------------------------------------------------
INFO: [HLS 200-42] -- Implementing module 'feedforward_Pipeline_VITIS_LOOP_106_3' 
INFO: [HLS 200-10] ----------------------------------------------------------------
INFO: [SCHED 204-11] Starting scheduling ...
INFO: [SCHED 204-61] Pipelining loop 'VITIS_LOOP_106_3'.
INFO: [HLS 200-1470] Pipelining result : Target II = NA, Final II = 1, Depth = 3, loop 'VITIS_LOOP_106_3'
INFO: [SCHED 204-11] Finished scheduling.
INFO: [HLS 200-111] Finished Scheduling: CPU user time: 0 seconds. CPU system time: 0 seconds. Elapsed time: 0.086 seconds; current allocated memory: 529.062 MB.
INFO: [BIND 205-100] Starting micro-architecture generation ...
INFO: [BIND 205-101] Performing variable lifetime analysis.
INFO: [BIND 205-101] Exploring resource sharing.
INFO: [BIND 205-101] Binding ...
INFO: [BIND 205-100] Finished micro-architecture generation.
INFO: [HLS 200-111] Finished Binding: CPU user time: 0 seconds. CPU system time: 0 seconds. Elapsed time: 0.07 seconds; current allocated memory: 529.062 MB.
INFO: [HLS 200-10] ----------------------------------------------------------------
INFO: [HLS 200-42] -- Implementing module 'feedforward_Pipeline_VITIS_LOOP_46_11' 
INFO: [HLS 200-10] ----------------------------------------------------------------
INFO: [SCHED 204-11] Starting scheduling ...
INFO: [SCHED 204-61] Pipelining loop 'VITIS_LOOP_46_1'.
INFO: [HLS 200-1470] Pipelining result : Target II = NA, Final II = 1, Depth = 4, loop 'VITIS_LOOP_46_1'
INFO: [SCHED 204-11] Finished scheduling.
INFO: [HLS 200-111] Finished Scheduling: CPU user time: 0 seconds. CPU system time: 0 seconds. Elapsed time: 0.328 seconds; current allocated memory: 529.062 MB.
INFO: [BIND 205-100] Starting micro-architecture generation ...
INFO: [BIND 205-101] Performing variable lifetime analysis.
INFO: [BIND 205-101] Exploring resource sharing.
INFO: [BIND 205-101] Binding ...
INFO: [BIND 205-100] Finished micro-architecture generation.
INFO: [HLS 200-111] Finished Binding: CPU user time: 0 seconds. CPU system time: 0 seconds. Elapsed time: 0.285 seconds; current allocated memory: 529.062 MB.
INFO: [HLS 200-10] ----------------------------------------------------------------
INFO: [HLS 200-42] -- Implementing module 'feedforward_Pipeline_VITIS_LOOP_117_4' 
INFO: [HLS 200-10] ----------------------------------------------------------------
INFO: [SCHED 204-11] Starting scheduling ...
INFO: [SCHED 204-61] Pipelining loop 'VITIS_LOOP_117_4'.
INFO: [HLS 200-1470] Pipelining result : Target II = NA, Final II = 1, Depth = 2, loop 'VITIS_LOOP_117_4'
INFO: [SCHED 204-11] Finished scheduling.
INFO: [HLS 200-111] Finished Scheduling: CPU user time: 0 seconds. CPU system time: 0 seconds. Elapsed time: 0.295 seconds; current allocated memory: 529.062 MB.
INFO: [BIND 205-100] Starting micro-architecture generation ...
INFO: [BIND 205-101] Performing variable lifetime analysis.
INFO: [BIND 205-101] Exploring resource sharing.
INFO: [BIND 205-101] Binding ...
INFO: [BIND 205-100] Finished micro-architecture generation.
INFO: [HLS 200-111] Finished Binding: CPU user time: 0 seconds. CPU system time: 0 seconds. Elapsed time: 0.686 seconds; current allocated memory: 529.062 MB.
INFO: [HLS 200-10] ----------------------------------------------------------------
INFO: [HLS 200-42] -- Implementing module 'feedforward_Pipeline_VITIS_LOOP_124_5' 
INFO: [HLS 200-10] ----------------------------------------------------------------
INFO: [SCHED 204-11] Starting scheduling ...
INFO: [SCHED 204-61] Pipelining loop 'VITIS_LOOP_124_5'.
INFO: [HLS 200-1470] Pipelining result : Target II = NA, Final II = 1, Depth = 3, loop 'VITIS_LOOP_124_5'
INFO: [SCHED 204-11] Finished scheduling.
INFO: [HLS 200-111] Finished Scheduling: CPU user time: 0 seconds. CPU system time: 0 seconds. Elapsed time: 0.076 seconds; current allocated memory: 529.062 MB.
INFO: [BIND 205-100] Starting micro-architecture generation ...
INFO: [BIND 205-101] Performing variable lifetime analysis.
INFO: [BIND 205-101] Exploring resource sharing.
INFO: [BIND 205-101] Binding ...
INFO: [BIND 205-100] Finished micro-architecture generation.
INFO: [HLS 200-111] Finished Binding: CPU user time: 0 seconds. CPU system time: 0 seconds. Elapsed time: 0.055 seconds; current allocated memory: 529.062 MB.
INFO: [HLS 200-10] ----------------------------------------------------------------
INFO: [HLS 200-42] -- Implementing module 'feedforward_Pipeline_VITIS_LOOP_46_12' 
INFO: [HLS 200-10] ----------------------------------------------------------------
INFO: [SCHED 204-11] Starting scheduling ...
INFO: [SCHED 204-61] Pipelining loop 'VITIS_LOOP_46_1'.
INFO: [HLS 200-1470] Pipelining result : Target II = NA, Final II = 1, Depth = 4, loop 'VITIS_LOOP_46_1'
INFO: [SCHED 204-11] Finished scheduling.
INFO: [HLS 200-111] Finished Scheduling: CPU user time: 0 seconds. CPU system time: 0 seconds. Elapsed time: 0.184 seconds; current allocated memory: 529.062 MB.
INFO: [BIND 205-100] Starting micro-architecture generation ...
INFO: [BIND 205-101] Performing variable lifetime analysis.
INFO: [BIND 205-101] Exploring resource sharing.
INFO: [BIND 205-101] Binding ...
INFO: [BIND 205-100] Finished micro-architecture generation.
INFO: [HLS 200-111] Finished Binding: CPU user time: 1 seconds. CPU system time: 0 seconds. Elapsed time: 0.155 seconds; current allocated memory: 529.266 MB.
INFO: [HLS 200-10] ----------------------------------------------------------------
INFO: [HLS 200-42] -- Implementing module 'feedforward_Pipeline_VITIS_LOOP_134_6' 
INFO: [HLS 200-10] ----------------------------------------------------------------
INFO: [SCHED 204-11] Starting scheduling ...
INFO: [SCHED 204-61] Pipelining loop 'VITIS_LOOP_134_6'.
INFO: [HLS 200-1470] Pipelining result : Target II = NA, Final II = 1, Depth = 2, loop 'VITIS_LOOP_134_6'
INFO: [SCHED 204-11] Finished scheduling.
INFO: [HLS 200-111] Finished Scheduling: CPU user time: 0 seconds. CPU system time: 0 seconds. Elapsed time: 0.177 seconds; current allocated memory: 529.383 MB.
INFO: [BIND 205-100] Starting micro-architecture generation ...
INFO: [BIND 205-101] Performing variable lifetime analysis.
INFO: [BIND 205-101] Exploring resource sharing.
INFO: [BIND 205-101] Binding ...
INFO: [BIND 205-100] Finished micro-architecture generation.
INFO: [HLS 200-111] Finished Binding: CPU user time: 0 seconds. CPU system time: 0 seconds. Elapsed time: 0.055 seconds; current allocated memory: 529.383 MB.
INFO: [HLS 200-10] ----------------------------------------------------------------
INFO: [HLS 200-42] -- Implementing module 'feedforward_Pipeline_VITIS_LOOP_141_7' 
INFO: [HLS 200-10] ----------------------------------------------------------------
INFO: [SCHED 204-11] Starting scheduling ...
INFO: [SCHED 204-61] Pipelining loop 'VITIS_LOOP_141_7'.
INFO: [HLS 200-1470] Pipelining result : Target II = 1, Final II = 1, Depth = 2, loop 'VITIS_LOOP_141_7'
INFO: [SCHED 204-11] Finished scheduling.
INFO: [HLS 200-111] Finished Scheduling: CPU user time: 0 seconds. CPU system time: 0 seconds. Elapsed time: 0.088 seconds; current allocated memory: 529.664 MB.
INFO: [BIND 205-100] Starting micro-architecture generation ...
INFO: [BIND 205-101] Performing variable lifetime analysis.
INFO: [BIND 205-101] Exploring resource sharing.
INFO: [BIND 205-101] Binding ...
INFO: [BIND 205-100] Finished micro-architecture generation.
INFO: [HLS 200-111] Finished Binding: CPU user time: 0 seconds. CPU system time: 0 seconds. Elapsed time: 0.059 seconds; current allocated memory: 529.977 MB.
INFO: [HLS 200-10] ----------------------------------------------------------------
INFO: [HLS 200-42] -- Implementing module 'feedforward' 
INFO: [HLS 200-10] ----------------------------------------------------------------
INFO: [SCHED 204-11] Starting scheduling ...
INFO: [SCHED 204-11] Finished scheduling.
INFO: [HLS 200-111] Finished Scheduling: CPU user time: 1 seconds. CPU system time: 0 seconds. Elapsed time: 1.78 seconds; current allocated memory: 547.766 MB.
INFO: [BIND 205-100] Starting micro-architecture generation ...
INFO: [BIND 205-101] Performing variable lifetime analysis.
INFO: [BIND 205-101] Exploring resource sharing.
INFO: [BIND 205-101] Binding ...
INFO: [BIND 205-100] Finished micro-architecture generation.
INFO: [HLS 200-111] Finished Binding: CPU user time: 0 seconds. CPU system time: 0 seconds. Elapsed time: 1.074 seconds; current allocated memory: 549.969 MB.
INFO: [HLS 200-10] ----------------------------------------------------------------
INFO: [HLS 200-10] -- Generating RTL for module 'feedforward_Pipeline_VITIS_LOOP_88_1' 
INFO: [HLS 200-10] ----------------------------------------------------------------
INFO: [HLS 200-1030] Apply Unified Pipeline Control on module 'feedforward_Pipeline_VITIS_LOOP_88_1' pipeline 'VITIS_LOOP_88_1' pipeline type 'loop pipeline'
INFO: [RTGEN 206-100] Finished creating RTL model for 'feedforward_Pipeline_VITIS_LOOP_88_1'.
INFO: [HLS 200-111] Finished Creating RTL model: CPU user time: 1 seconds. CPU system time: 0 seconds. Elapsed time: 0.801 seconds; current allocated memory: 552.625 MB.
INFO: [HLS 200-10] ----------------------------------------------------------------
INFO: [HLS 200-10] -- Generating RTL for module 'feedforward_Pipeline_VITIS_LOOP_46_1' 
INFO: [HLS 200-10] ----------------------------------------------------------------
INFO: [HLS 200-1030] Apply Unified Pipeline Control on module 'feedforward_Pipeline_VITIS_LOOP_46_1' pipeline 'VITIS_LOOP_46_1' pipeline type 'loop pipeline'
INFO: [RTGEN 206-100] Finished creating RTL model for 'feedforward_Pipeline_VITIS_LOOP_46_1'.
INFO: [HLS 200-2168] Implementing memory 'feedforward_feedforward_Pipeline_VITIS_LOOP_46_1_W1_1_ROM_AUTO_1R' using auto ROMs with 784 copies to ensure enough ports to satisfy II or latency constraints.
INFO: [HLS 200-111] Finished Creating RTL model: CPU user time: 6 seconds. CPU system time: 0 seconds. Elapsed time: 13.746 seconds; current allocated memory: 1.724 GB.
INFO: [HLS 200-10] ----------------------------------------------------------------
INFO: [HLS 200-10] -- Generating RTL for module 'feedforward_Pipeline_VITIS_LOOP_99_2' 
INFO: [HLS 200-10] ----------------------------------------------------------------
INFO: [HLS 200-1030] Apply Unified Pipeline Control on module 'feedforward_Pipeline_VITIS_LOOP_99_2' pipeline 'VITIS_LOOP_99_2' pipeline type 'loop pipeline'
INFO: [RTGEN 206-100] Finished creating RTL model for 'feedforward_Pipeline_VITIS_LOOP_99_2'.
INFO: [HLS 200-111] Finished Creating RTL model: CPU user time: 3 seconds. CPU system time: 5 seconds. Elapsed time: 10.626 seconds; current allocated memory: 1.724 GB.
INFO: [HLS 200-10] ----------------------------------------------------------------
INFO: [HLS 200-10] -- Generating RTL for module 'feedforward_Pipeline_VITIS_LOOP_106_3' 
INFO: [HLS 200-10] ----------------------------------------------------------------
INFO: [HLS 200-1030] Apply Unified Pipeline Control on module 'feedforward_Pipeline_VITIS_LOOP_106_3' pipeline 'VITIS_LOOP_106_3' pipeline type 'loop pipeline'
INFO: [RTGEN 206-100] Finished creating RTL model for 'feedforward_Pipeline_VITIS_LOOP_106_3'.
INFO: [HLS 200-111] Finished Creating RTL model: CPU user time: 0 seconds. CPU system time: 0 seconds. Elapsed time: 0.25 seconds; current allocated memory: 1.724 GB.
INFO: [HLS 200-10] ----------------------------------------------------------------
INFO: [HLS 200-10] -- Generating RTL for module 'feedforward_Pipeline_VITIS_LOOP_46_11' 
INFO: [HLS 200-10] ----------------------------------------------------------------
INFO: [HLS 200-1030] Apply Unified Pipeline Control on module 'feedforward_Pipeline_VITIS_LOOP_46_11' pipeline 'VITIS_LOOP_46_1' pipeline type 'loop pipeline'
INFO: [RTGEN 206-100] Finished creating RTL model for 'feedforward_Pipeline_VITIS_LOOP_46_11'.
INFO: [HLS 200-2168] Implementing memory 'feedforward_feedforward_Pipeline_VITIS_LOOP_46_11_W2_1_ROM_AUTO_1R' using auto ROMs with 128 copies to ensure enough ports to satisfy II or latency constraints.
INFO: [HLS 200-111] Finished Creating RTL model: CPU user time: 1 seconds. CPU system time: 0 seconds. Elapsed time: 0.751 seconds; current allocated memory: 1.724 GB.
INFO: [HLS 200-10] ----------------------------------------------------------------
INFO: [HLS 200-10] -- Generating RTL for module 'feedforward_Pipeline_VITIS_LOOP_117_4' 
INFO: [HLS 200-10] ----------------------------------------------------------------
INFO: [HLS 200-1030] Apply Unified Pipeline Control on module 'feedforward_Pipeline_VITIS_LOOP_117_4' pipeline 'VITIS_LOOP_117_4' pipeline type 'loop pipeline'
INFO: [RTGEN 206-100] Finished creating RTL model for 'feedforward_Pipeline_VITIS_LOOP_117_4'.
INFO: [HLS 200-111] Finished Creating RTL model: CPU user time: 0 seconds. CPU system time: 0 seconds. Elapsed time: 2.315 seconds; current allocated memory: 1.724 GB.
INFO: [HLS 200-10] ----------------------------------------------------------------
INFO: [HLS 200-10] -- Generating RTL for module 'feedforward_Pipeline_VITIS_LOOP_124_5' 
INFO: [HLS 200-10] ----------------------------------------------------------------
INFO: [HLS 200-1030] Apply Unified Pipeline Control on module 'feedforward_Pipeline_VITIS_LOOP_124_5' pipeline 'VITIS_LOOP_124_5' pipeline type 'loop pipeline'
INFO: [RTGEN 206-100] Generating core module 'sparsemux_9_2_32_1_1': 1 instance(s).
INFO: [RTGEN 206-100] Finished creating RTL model for 'feedforward_Pipeline_VITIS_LOOP_124_5'.
INFO: [HLS 200-111] Finished Creating RTL model: CPU user time: 0 seconds. CPU system time: 0 seconds. Elapsed time: 0.259 seconds; current allocated memory: 1.724 GB.
INFO: [HLS 200-10] ----------------------------------------------------------------
INFO: [HLS 200-10] -- Generating RTL for module 'feedforward_Pipeline_VITIS_LOOP_46_12' 
INFO: [HLS 200-10] ----------------------------------------------------------------
INFO: [HLS 200-1030] Apply Unified Pipeline Control on module 'feedforward_Pipeline_VITIS_LOOP_46_12' pipeline 'VITIS_LOOP_46_1' pipeline type 'loop pipeline'
INFO: [RTGEN 206-100] Finished creating RTL model for 'feedforward_Pipeline_VITIS_LOOP_46_12'.
INFO: [HLS 200-2168] Implementing memory 'feedforward_feedforward_Pipeline_VITIS_LOOP_46_12_W3_1_ROM_AUTO_1R' using auto ROMs with 64 copies to ensure enough ports to satisfy II or latency constraints.
INFO: [HLS 200-111] Finished Creating RTL model: CPU user time: 1 seconds. CPU system time: 1 seconds. Elapsed time: 0.497 seconds; current allocated memory: 1.724 GB.
INFO: [HLS 200-10] ----------------------------------------------------------------
INFO: [HLS 200-10] -- Generating RTL for module 'feedforward_Pipeline_VITIS_LOOP_134_6' 
INFO: [HLS 200-10] ----------------------------------------------------------------
INFO: [HLS 200-1030] Apply Unified Pipeline Control on module 'feedforward_Pipeline_VITIS_LOOP_134_6' pipeline 'VITIS_LOOP_134_6' pipeline type 'loop pipeline'
INFO: [RTGEN 206-100] Finished creating RTL model for 'feedforward_Pipeline_VITIS_LOOP_134_6'.
INFO: [HLS 200-111] Finished Creating RTL model: CPU user time: 0 seconds. CPU system time: 0 seconds. Elapsed time: 1.194 seconds; current allocated memory: 1.724 GB.
INFO: [HLS 200-10] ----------------------------------------------------------------
INFO: [HLS 200-10] -- Generating RTL for module 'feedforward_Pipeline_VITIS_LOOP_141_7' 
INFO: [HLS 200-10] ----------------------------------------------------------------
INFO: [HLS 200-1030] Apply Unified Pipeline Control on module 'feedforward_Pipeline_VITIS_LOOP_141_7' pipeline 'VITIS_LOOP_141_7' pipeline type 'loop pipeline'
INFO: [RTGEN 206-100] Finished creating RTL model for 'feedforward_Pipeline_VITIS_LOOP_141_7'.
INFO: [HLS 200-111] Finished Creating RTL model: CPU user time: 0 seconds. CPU system time: 0 seconds. Elapsed time: 0.367 seconds; current allocated memory: 1.724 GB.
INFO: [HLS 200-10] ----------------------------------------------------------------
INFO: [HLS 200-10] -- Generating RTL for module 'feedforward' 
INFO: [HLS 200-10] ----------------------------------------------------------------
WARNING: [RTGEN 206-101] Design contains AXI ports. Reset is fixed to synchronous and active low.
INFO: [RTGEN 206-500] Setting interface mode on port 'feedforward/input_stream_V_data_V' to 'axis' (register, both mode).
INFO: [RTGEN 206-500] Setting interface mode on port 'feedforward/input_stream_V_keep_V' to 'axis' (register, both mode).
INFO: [RTGEN 206-500] Setting interface mode on port 'feedforward/input_stream_V_strb_V' to 'axis' (register, both mode).
INFO: [RTGEN 206-500] Setting interface mode on port 'feedforward/input_stream_V_user_V' to 'axis' (register, both mode).
INFO: [RTGEN 206-500] Setting interface mode on port 'feedforward/input_stream_V_last_V' to 'axis' (register, both mode).
INFO: [RTGEN 206-500] Setting interface mode on port 'feedforward/input_stream_V_id_V' to 'axis' (register, both mode).
INFO: [RTGEN 206-500] Setting interface mode on port 'feedforward/input_stream_V_dest_V' to 'axis' (register, both mode).
INFO: [RTGEN 206-500] Setting interface mode on port 'feedforward/output_stream_V_data_V' to 'axis' (register, both mode).
INFO: [RTGEN 206-500] Setting interface mode on port 'feedforward/output_stream_V_keep_V' to 'axis' (register, both mode).
INFO: [RTGEN 206-500] Setting interface mode on port 'feedforward/output_stream_V_strb_V' to 'axis' (register, both mode).
INFO: [RTGEN 206-500] Setting interface mode on port 'feedforward/output_stream_V_user_V' to 'axis' (register, both mode).
INFO: [RTGEN 206-500] Setting interface mode on port 'feedforward/output_stream_V_last_V' to 'axis' (register, both mode).
INFO: [RTGEN 206-500] Setting interface mode on port 'feedforward/output_stream_V_id_V' to 'axis' (register, both mode).
INFO: [RTGEN 206-500] Setting interface mode on port 'feedforward/output_stream_V_dest_V' to 'axis' (register, both mode).
INFO: [RTGEN 206-500] Setting interface mode on function 'feedforward' to 's_axilite & ap_ctrl_hs'.
INFO: [RTGEN 206-100] Bundling port 'return' to AXI-Lite port control.
INFO: [RTGEN 206-100] Finished creating RTL model for 'feedforward'.
INFO: [RTMG 210-278] Implementing memory 'feedforward_X0_input_RAM_AUTO_1R1W' using auto RAMs.
INFO: [RTMG 210-278] Implementing memory 'feedforward_layer1_activations_RAM_AUTO_1R1W' using auto RAMs.
INFO: [RTMG 210-278] Implementing memory 'feedforward_layer2_activations_RAM_AUTO_1R1W' using auto RAMs.
INFO: [RTMG 210-278] Implementing memory 'feedforward_layer3_activations_RAM_AUTO_1R1W' using auto RAMs.
INFO: [RTMG 210-278] Implementing memory 'feedforward_layer1_quant_RAM_AUTO_1R1W' using auto RAMs.
INFO: [RTMG 210-278] Implementing memory 'feedforward_layer2_quant_RAM_AUTO_1R1W' using auto RAMs.
INFO: [HLS 200-111] Finished Creating RTL model: CPU user time: 2 seconds. CPU system time: 0 seconds. Elapsed time: 3.445 seconds; current allocated memory: 1.724 GB.
INFO: [HLS 200-111] Finished Generating all RTL models: CPU user time: 2 seconds. CPU system time: 0 seconds. Elapsed time: 2.964 seconds; current allocated memory: 1.724 GB.
INFO: [HLS 200-111] Finished Updating report files: CPU user time: 1 seconds. CPU system time: 0 seconds. Elapsed time: 2.599 seconds; current allocated memory: 1.724 GB.
INFO: [VHDL 208-304] Generating VHDL RTL for feedforward.
INFO: [VLOG 209-307] Generating Verilog RTL for feedforward.
INFO: [HLS 200-790] **** Loop Constraint Status: All loop constraints were satisfied.
INFO: [HLS 200-789] **** Estimated Fmax: 138.97 MHz
INFO: [HLS 200-112] Total CPU user time: 154 seconds. Total CPU system time: 7 seconds. Total elapsed time: 218.233 seconds; peak allocated memory: 1.724 GB.
INFO: [v++ 60-791] Total elapsed time: 0h 3m 43s
