  **** HLS Build v2024.2 5238294
INFO: [HLS 200-2005] Using work_dir C:/ECEN529/bnn_final/vitis/bnn_hls/bnn_hls 
INFO: [HLS 200-1505] Using default flow_target 'vivado'
Resolution: For help on HLS 200-1505 see docs.xilinx.com/access/sources/dita/topic?Doc_Version=2024.2%20English&url=ug1448-hls-guidance&resourceid=200-1505.html
WARNING: [HLS 200-2001] file not found 'D:\ecen529\finalProject\vitis\bnn_hls\bnn_tb.cpp' see [hls] from C:/ECEN529/bnn_final/vitis/bnn_hls/hls_config.cfg(11)
INFO: [HLS 200-1465] Applying ini 'syn.file=bnn.cpp' from C:/ECEN529/bnn_final/vitis/bnn_hls/hls_config.cfg(8)
INFO: [HLS 200-10] Adding design file 'C:/ECEN529/bnn_final/vitis/bnn_hls/bnn.cpp' to the project
INFO: [HLS 200-1465] Applying ini 'syn.file=weights.h' from C:/ECEN529/bnn_final/vitis/bnn_hls/hls_config.cfg(9)
INFO: [HLS 200-10] Adding design file 'C:/ECEN529/bnn_final/vitis/bnn_hls/weights.h' to the project
INFO: [HLS 200-1465] Applying ini 'syn.file=weights.cpp' from C:/ECEN529/bnn_final/vitis/bnn_hls/hls_config.cfg(10)
INFO: [HLS 200-10] Adding design file 'C:/ECEN529/bnn_final/vitis/bnn_hls/weights.cpp' to the project
INFO: [HLS 200-1465] Applying ini 'tb.file=D:\ecen529\finalProject\vitis\bnn_hls\bnn_tb.cpp' from C:/ECEN529/bnn_final/vitis/bnn_hls/hls_config.cfg(11)
WARNING: [HLS 200-40] Cannot find test bench file 'D:/ecen529/finalProject/vitis/bnn_hls/bnn_tb.cpp'
INFO: [HLS 200-1465] Applying ini 'tb.file=C:\ECEN529\bnn_final\vitis\bnn_hls\bnn_tb.cpp' from C:/ECEN529/bnn_final/vitis/bnn_hls/hls_config.cfg(12)
INFO: [HLS 200-10] Adding test bench file 'C:/ECEN529/bnn_final/vitis/bnn_hls/bnn_tb.cpp' to the project
INFO: [HLS 200-1465] Applying ini 'syn.top=feedforward_burst' from C:/ECEN529/bnn_final/vitis/bnn_hls/hls_config.cfg(7)
INFO: [HLS 200-1465] Applying ini 'flow_target=vivado' from C:/ECEN529/bnn_final/vitis/bnn_hls/hls_config.cfg(4)
INFO: [HLS 200-1505] Using flow_target 'vivado'
Resolution: For help on HLS 200-1505 see docs.xilinx.com/access/sources/dita/topic?Doc_Version=2024.2%20English&url=ug1448-hls-guidance&resourceid=200-1505.html
INFO: [HLS 200-1465] Applying ini 'part=xc7z020clg400-1' from C:/ECEN529/bnn_final/vitis/bnn_hls/hls_config.cfg(1)
INFO: [HLS 200-1611] Setting target device to 'xc7z020-clg400-1'
INFO: [HLS 200-1465] Applying ini 'package.output.format=ip_catalog' from C:/ECEN529/bnn_final/vitis/bnn_hls/hls_config.cfg(5)
INFO: [HLS 200-111] Finished File checks and directory preparation: CPU user time: 2 seconds. CPU system time: 0 seconds. Elapsed time: 2.446 seconds; current allocated memory: 261.883 MB.
INFO: [HLS 200-10] Analyzing design file 'weights.cpp' ... 
INFO: [HLS 200-10] Analyzing design file 'bnn.cpp' ... 
WARNING: [HLS 214-113] Either use an argument of the function or declare the variable inside the dataflow loop body (bnn.cpp:179:27)
Resolution: For help on HLS 214-113 see docs.xilinx.com/access/sources/dita/topic?Doc_Version=2024.2%20English&url=ug1448-hls-guidance&resourceid=214-113.html
WARNING: [HLS 214-113] Either use an argument of the function or declare the variable inside the dataflow loop body (bnn.cpp:196:31)
Resolution: For help on HLS 214-113 see docs.xilinx.com/access/sources/dita/topic?Doc_Version=2024.2%20English&url=ug1448-hls-guidance&resourceid=214-113.html
WARNING: [HLS 214-113] Either use an argument of the function or declare the variable inside the dataflow loop body (bnn.cpp:214:31)
Resolution: For help on HLS 214-113 see docs.xilinx.com/access/sources/dita/topic?Doc_Version=2024.2%20English&url=ug1448-hls-guidance&resourceid=214-113.html
WARNING: [HLS 214-114] Since the only kind of statements allowed in a canonical dataflow region are variable declarations and function calls, the compiler may not be able to correctly handle the region (bnn.cpp:159:9)
Resolution: For help on HLS 214-114 see docs.xilinx.com/access/sources/dita/topic?Doc_Version=2024.2%20English&url=ug1448-hls-guidance&resourceid=214-114.html
WARNING: [HLS 214-169] There are a total of 6 such instances of non-canonical statements in the dataflow region (bnn.cpp:159:9)
Resolution: For help on HLS 214-169 see docs.xilinx.com/access/sources/dita/topic?Doc_Version=2024.2%20English&url=ug1448-hls-guidance&resourceid=214-169.html
WARNING: [HLS 200-471] Dataflow form checks found 5 issue(s) in file bnn.cpp
Resolution: For help on HLS 200-471 see docs.xilinx.com/access/sources/dita/topic?Doc_Version=2024.2%20English&url=ug1448-hls-guidance&resourceid=200-471.html
INFO: [HLS 200-111] Finished Source Code Analysis and Preprocessing: CPU user time: 0 seconds. CPU system time: 1 seconds. Elapsed time: 6.719 seconds; current allocated memory: 265.480 MB.
INFO: [HLS 200-777] Using interface defaults for 'Vivado' flow target.
INFO: [HLS 200-1995] There were 292 instructions in the design after the 'Compile/Link' phase of compilation. See the Design Size Report for more details: C:/ECEN529/bnn_final/vitis/bnn_hls/bnn_hls/hls/syn/report/csynth_design_size.rpt
INFO: [HLS 200-1995] There were 311 instructions in the design after the 'Unroll/Inline (step 1)' phase of compilation. See the Design Size Report for more details: C:/ECEN529/bnn_final/vitis/bnn_hls/bnn_hls/hls/syn/report/csynth_design_size.rpt
INFO: [HLS 200-1995] There were 254 instructions in the design after the 'Unroll/Inline (step 2)' phase of compilation. See the Design Size Report for more details: C:/ECEN529/bnn_final/vitis/bnn_hls/bnn_hls/hls/syn/report/csynth_design_size.rpt
INFO: [HLS 200-1995] There were 229 instructions in the design after the 'Unroll/Inline (step 3)' phase of compilation. See the Design Size Report for more details: C:/ECEN529/bnn_final/vitis/bnn_hls/bnn_hls/hls/syn/report/csynth_design_size.rpt
INFO: [HLS 200-1995] There were 226 instructions in the design after the 'Unroll/Inline (step 4)' phase of compilation. See the Design Size Report for more details: C:/ECEN529/bnn_final/vitis/bnn_hls/bnn_hls/hls/syn/report/csynth_design_size.rpt
INFO: [HLS 200-1995] There were 7,454 instructions in the design after the 'Array/Struct (step 1)' phase of compilation. See the Design Size Report for more details: C:/ECEN529/bnn_final/vitis/bnn_hls/bnn_hls/hls/syn/report/csynth_design_size.rpt
INFO: [HLS 200-1995] There were 7,454 instructions in the design after the 'Array/Struct (step 2)' phase of compilation. See the Design Size Report for more details: C:/ECEN529/bnn_final/vitis/bnn_hls/bnn_hls/hls/syn/report/csynth_design_size.rpt
INFO: [HLS 200-1995] There were 7,454 instructions in the design after the 'Array/Struct (step 3)' phase of compilation. See the Design Size Report for more details: C:/ECEN529/bnn_final/vitis/bnn_hls/bnn_hls/hls/syn/report/csynth_design_size.rpt
INFO: [HLS 200-1995] There were 7,454 instructions in the design after the 'Array/Struct (step 4)' phase of compilation. See the Design Size Report for more details: C:/ECEN529/bnn_final/vitis/bnn_hls/bnn_hls/hls/syn/report/csynth_design_size.rpt
INFO: [HLS 200-1995] There were 7,952 instructions in the design after the 'Array/Struct (step 5)' phase of compilation. See the Design Size Report for more details: C:/ECEN529/bnn_final/vitis/bnn_hls/bnn_hls/hls/syn/report/csynth_design_size.rpt
INFO: [HLS 200-1995] There were 7,951 instructions in the design after the 'Performance (step 1)' phase of compilation. See the Design Size Report for more details: C:/ECEN529/bnn_final/vitis/bnn_hls/bnn_hls/hls/syn/report/csynth_design_size.rpt
INFO: [HLS 200-1995] There were 7,951 instructions in the design after the 'Performance (step 2)' phase of compilation. See the Design Size Report for more details: C:/ECEN529/bnn_final/vitis/bnn_hls/bnn_hls/hls/syn/report/csynth_design_size.rpt
INFO: [HLS 200-1995] There were 8,111 instructions in the design after the 'Performance (step 3)' phase of compilation. See the Design Size Report for more details: C:/ECEN529/bnn_final/vitis/bnn_hls/bnn_hls/hls/syn/report/csynth_design_size.rpt
INFO: [HLS 200-1995] There were 8,022 instructions in the design after the 'Performance (step 4)' phase of compilation. See the Design Size Report for more details: C:/ECEN529/bnn_final/vitis/bnn_hls/bnn_hls/hls/syn/report/csynth_design_size.rpt
INFO: [HLS 200-1995] There were 8,026 instructions in the design after the 'HW Transforms' phase of compilation. See the Design Size Report for more details: C:/ECEN529/bnn_final/vitis/bnn_hls/bnn_hls/hls/syn/report/csynth_design_size.rpt
INFO: [HLS 200-1995] There were 8,088 instructions in the design after the 'HW Transforms (step 2)' phase of compilation. See the Design Size Report for more details: C:/ECEN529/bnn_final/vitis/bnn_hls/bnn_hls/hls/syn/report/csynth_design_size.rpt
INFO: [HLS 214-291] Loop 'VITIS_LOOP_52_2' is marked as complete unroll implied by the pipeline pragma (bnn.cpp:52:26)
INFO: [HLS 214-188] Unrolling loop 'VITIS_LOOP_199_4' (bnn.cpp:199:23) in function 'feedforward_burst' partially with a factor of 4 (bnn.cpp:152:0)
INFO: [HLS 214-188] Unrolling loop 'VITIS_LOOP_182_2' (bnn.cpp:182:23) in function 'feedforward_burst' partially with a factor of 2 (bnn.cpp:152:0)
INFO: [HLS 214-178] Inlining function 'XNOR(int, int)' into 'matmul_xnor(int const*, int const*, int*, int, int)' (bnn.cpp:47:0)
INFO: [HLS 214-178] Inlining function 'sign(int)' into 'feedforward_burst(int const*, int*)' (bnn.cpp:152:0)
INFO: [HLS 214-178] Inlining function 'quantize(int)' into 'feedforward_burst(int const*, int*)' (bnn.cpp:152:0)
WARNING: [HLS 214-450] Ignore address on register port 'output'
INFO: [HLS 214-186] Unrolling loop 'VITIS_LOOP_52_2' (bnn.cpp:52:26) in function 'matmul_xnor' completely with a factor of 128 (bnn.cpp:47:0)
INFO: [HLS 214-186] Unrolling loop 'VITIS_LOOP_52_2' (bnn.cpp:52:26) in function 'matmul_xnor' completely with a factor of 784 (bnn.cpp:47:0)
INFO: [HLS 214-186] Unrolling loop 'VITIS_LOOP_52_2' (bnn.cpp:52:26) in function 'matmul_xnor' completely with a factor of 64 (bnn.cpp:47:0)
WARNING: [HLS 214-167] The program may have out of bound array access on variable 'W1' (bnn.cpp:54:20)
WARNING: [HLS 214-167] The program may have out of bound array access on variable 'W2' (bnn.cpp:54:20)
WARNING: [HLS 214-167] The program may have out of bound array access on variable 'W3' (bnn.cpp:54:20)
INFO: [HLS 214-376] automatically set the pipeline for Loop< unknown> at bnn.cpp:170:5 
INFO: [HLS 214-376] automatically set the pipeline for Loop< VITIS_LOOP_182_2> at bnn.cpp:182:23 
INFO: [HLS 214-376] automatically set the pipeline for Loop< VITIS_LOOP_199_4> at bnn.cpp:199:23 
INFO: [HLS 214-376] automatically set the pipeline for Loop< unknown> at bnn.cpp:223:5 
INFO: [HLS 214-270] Inferring pragma 'array_partition type=cyclic factor=2 dim=1' for array 'layer1_activations' due to pipeline pragma (bnn.cpp:163:9)
INFO: [HLS 214-270] Inferring pragma 'array_partition type=cyclic factor=4 dim=1' for array 'layer2_activations' due to pipeline pragma (bnn.cpp:164:9)
INFO: [HLS 214-248] Applying array_partition to 'layer1_activations': Cyclic partitioning with factor 2 on dimension 1. (bnn.cpp:163:9)
INFO: [HLS 214-248] Applying array_partition to 'layer2_activations': Cyclic partitioning with factor 4 on dimension 1. (bnn.cpp:164:9)
INFO: [HLS 214-115] Multiple burst reads of length 784 and bit width 32 in loop 'anonymous'(bnn.cpp:170:5) has been inferred on bundle 'gmem1'. These burst requests might be further partitioned into multiple requests during RTL generation, based on max_read_burst_length or max_write_burst_length settings. (bnn.cpp:170:5)
INFO: [HLS 214-455] Changing loop 'Loop_load-store-loop2_proc' (bnn.cpp:170:5) to a process function for dataflow in function 'feedforward_burst' (bnn.cpp:170:5)
INFO: [HLS 214-455] Changing loop 'Loop_VITIS_LOOP_172_1_proc' (bnn.cpp:172:23) to a process function for dataflow in function 'feedforward_burst' (bnn.cpp:172:23)
INFO: [HLS 214-455] Changing loop 'Loop_VITIS_LOOP_182_2_proc' (bnn.cpp:182:23) to a process function for dataflow in function 'feedforward_burst' (bnn.cpp:182:23)
INFO: [HLS 214-455] Changing loop 'Loop_VITIS_LOOP_189_3_proc' (bnn.cpp:189:23) to a process function for dataflow in function 'feedforward_burst' (bnn.cpp:189:23)
INFO: [HLS 214-455] Changing loop 'Loop_VITIS_LOOP_199_4_proc' (bnn.cpp:199:23) to a process function for dataflow in function 'feedforward_burst' (bnn.cpp:199:23)
INFO: [HLS 214-455] Changing loop 'Loop_VITIS_LOOP_206_5_proc' (bnn.cpp:206:23) to a process function for dataflow in function 'feedforward_burst' (bnn.cpp:206:23)
INFO: [HLS 214-455] Changing loop 'Loop_VITIS_LOOP_216_6_proc' (bnn.cpp:216:23) to a process function for dataflow in function 'feedforward_burst' (bnn.cpp:216:23)
INFO: [HLS 214-455] Changing loop 'Loop_load-store-loop_proc' (bnn.cpp:223:5) to a process function for dataflow in function 'feedforward_burst' (bnn.cpp:223:5)
INFO: [HLS 200-111] Finished Compiling Optimization and Transform: CPU user time: 2 seconds. CPU system time: 0 seconds. Elapsed time: 21.74 seconds; current allocated memory: 275.547 MB.
INFO: [HLS 200-111] Finished Checking Pragmas: CPU user time: 0 seconds. CPU system time: 0 seconds. Elapsed time: 0.004 seconds; current allocated memory: 275.555 MB.
INFO: [HLS 200-10] Starting code transformations ...
INFO: [HLS 200-111] Finished Standard Transforms: CPU user time: 1 seconds. CPU system time: 0 seconds. Elapsed time: 1.174 seconds; current allocated memory: 288.816 MB.
INFO: [HLS 200-10] Checking synthesizability ...
INFO: [HLS 200-111] Finished Checking Synthesizability: CPU user time: 7 seconds. CPU system time: 0 seconds. Elapsed time: 6.9 seconds; current allocated memory: 300.012 MB.
INFO: [XFORM 203-712] Applying dataflow to function 'feedforward_burst' (bnn.cpp:150), detected/extracted 7 process function(s): 
	 'Block_entry_proc'
	 'Block_entry_layer1_activations_0_wr_proc'
	 'Loop_VITIS_LOOP_189_3_proc'
	 'Block_entry_layer2_activations_0_wr_proc'
	 'Loop_VITIS_LOOP_206_5_proc'
	 'Block_entry_layer3_activations_wr_proc'
	 'Loop_load-store-loop_proc'.
INFO: [XFORM 203-11] Balancing expressions in function 'matmul_xnor.2' (bnn.cpp:23:22)...124 expression(s) balanced.
INFO: [XFORM 203-11] Balancing expressions in function 'matmul_xnor.1' (bnn.cpp:23:22)...781 expression(s) balanced.
INFO: [XFORM 203-11] Balancing expressions in function 'matmul_xnor' (bnn.cpp:23:6)...60 expression(s) balanced.
INFO: [HLS 200-111] Finished Loop, function and other optimizations: CPU user time: 53 seconds. CPU system time: 0 seconds. Elapsed time: 54.844 seconds; current allocated memory: 333.043 MB.
INFO: [HLS 200-111] Finished Architecture Synthesis: CPU user time: 58 seconds. CPU system time: 0 seconds. Elapsed time: 61.713 seconds; current allocated memory: 495.445 MB.
INFO: [HLS 200-10] Starting hardware synthesis ...
INFO: [HLS 200-10] Synthesizing 'feedforward_burst' ...
WARNING: [SYN 201-103] Legalizing function name 'matmul_xnor.1_Pipeline_VITIS_LOOP_49_1' to 'matmul_xnor_1_Pipeline_VITIS_LOOP_49_1'.
WARNING: [SYN 201-103] Legalizing function name 'matmul_xnor.1' to 'matmul_xnor_1'.
WARNING: [SYN 201-103] Legalizing function name 'matmul_xnor.2_Pipeline_VITIS_LOOP_49_1' to 'matmul_xnor_2_Pipeline_VITIS_LOOP_49_1'.
WARNING: [SYN 201-103] Legalizing function name 'matmul_xnor.2' to 'matmul_xnor_2'.
WARNING: [SYN 201-103] Legalizing function name 'Loop_load-store-loop_proc' to 'Loop_load_store_loop_proc'.
INFO: [SYN 201-201] Setting up clock 'default' with a period of 10ns.
INFO: [HLS 200-10] ----------------------------------------------------------------
INFO: [HLS 200-42] -- Implementing module 'Block_entry_proc_Pipeline_1' 
INFO: [HLS 200-10] ----------------------------------------------------------------
INFO: [SCHED 204-11] Starting scheduling ...
INFO: [SCHED 204-61] Pipelining loop 'Loop 1'.
INFO: [HLS 200-1470] Pipelining result : Target II = NA, Final II = 1, Depth = 3, loop 'Loop 1'
INFO: [SCHED 204-11] Finished scheduling.
INFO: [HLS 200-111] Finished Scheduling: CPU user time: 0 seconds. CPU system time: 0 seconds. Elapsed time: 0.453 seconds; current allocated memory: 501.414 MB.
INFO: [BIND 205-100] Starting micro-architecture generation ...
INFO: [BIND 205-101] Performing variable lifetime analysis.
INFO: [BIND 205-101] Exploring resource sharing.
INFO: [BIND 205-101] Binding ...
INFO: [BIND 205-100] Finished micro-architecture generation.
INFO: [HLS 200-111] Finished Binding: CPU user time: 0 seconds. CPU system time: 0 seconds. Elapsed time: 0.049 seconds; current allocated memory: 502.441 MB.
INFO: [HLS 200-10] ----------------------------------------------------------------
INFO: [HLS 200-42] -- Implementing module 'Block_entry_proc_Pipeline_VITIS_LOOP_172_1' 
INFO: [HLS 200-10] ----------------------------------------------------------------
INFO: [SCHED 204-11] Starting scheduling ...
INFO: [SCHED 204-61] Pipelining loop 'VITIS_LOOP_172_1'.
INFO: [HLS 200-1470] Pipelining result : Target II = 1, Final II = 1, Depth = 3, loop 'VITIS_LOOP_172_1'
INFO: [SCHED 204-11] Finished scheduling.
INFO: [HLS 200-111] Finished Scheduling: CPU user time: 0 seconds. CPU system time: 0 seconds. Elapsed time: 0.069 seconds; current allocated memory: 502.805 MB.
INFO: [BIND 205-100] Starting micro-architecture generation ...
INFO: [BIND 205-101] Performing variable lifetime analysis.
INFO: [BIND 205-101] Exploring resource sharing.
INFO: [BIND 205-101] Binding ...
INFO: [BIND 205-100] Finished micro-architecture generation.
INFO: [HLS 200-111] Finished Binding: CPU user time: 0 seconds. CPU system time: 0 seconds. Elapsed time: 0.055 seconds; current allocated memory: 502.816 MB.
INFO: [HLS 200-10] ----------------------------------------------------------------
INFO: [HLS 200-42] -- Implementing module 'Block_entry_proc' 
INFO: [HLS 200-10] ----------------------------------------------------------------
INFO: [SCHED 204-11] Starting scheduling ...
INFO: [SCHED 204-11] Finished scheduling.
INFO: [HLS 200-111] Finished Scheduling: CPU user time: 0 seconds. CPU system time: 0 seconds. Elapsed time: 0.059 seconds; current allocated memory: 502.859 MB.
INFO: [BIND 205-100] Starting micro-architecture generation ...
INFO: [BIND 205-101] Performing variable lifetime analysis.
INFO: [BIND 205-101] Exploring resource sharing.
INFO: [BIND 205-101] Binding ...
INFO: [BIND 205-100] Finished micro-architecture generation.
INFO: [HLS 200-111] Finished Binding: CPU user time: 0 seconds. CPU system time: 0 seconds. Elapsed time: 0.054 seconds; current allocated memory: 502.961 MB.
INFO: [HLS 200-10] ----------------------------------------------------------------
INFO: [HLS 200-42] -- Implementing module 'matmul_xnor_1_Pipeline_VITIS_LOOP_49_1' 
INFO: [HLS 200-10] ----------------------------------------------------------------
INFO: [SCHED 204-11] Starting scheduling ...
INFO: [SCHED 204-61] Pipelining loop 'VITIS_LOOP_49_1'.
INFO: [HLS 200-1470] Pipelining result : Target II = 1, Final II = 1, Depth = 19, loop 'VITIS_LOOP_49_1'
INFO: [SCHED 204-11] Finished scheduling.
INFO: [HLS 200-111] Finished Scheduling: CPU user time: 4 seconds. CPU system time: 0 seconds. Elapsed time: 4.916 seconds; current allocated memory: 568.820 MB.
INFO: [BIND 205-100] Starting micro-architecture generation ...
INFO: [BIND 205-101] Performing variable lifetime analysis.
INFO: [BIND 205-101] Exploring resource sharing.
INFO: [BIND 205-101] Binding ...
INFO: [BIND 205-100] Finished micro-architecture generation.
INFO: [HLS 200-111] Finished Binding: CPU user time: 8 seconds. CPU system time: 0 seconds. Elapsed time: 8.494 seconds; current allocated memory: 568.820 MB.
INFO: [HLS 200-10] ----------------------------------------------------------------
INFO: [HLS 200-42] -- Implementing module 'matmul_xnor_1' 
INFO: [HLS 200-10] ----------------------------------------------------------------
INFO: [SCHED 204-11] Starting scheduling ...
INFO: [SCHED 204-11] Finished scheduling.
INFO: [HLS 200-111] Finished Scheduling: CPU user time: 1 seconds. CPU system time: 0 seconds. Elapsed time: 2.129 seconds; current allocated memory: 568.820 MB.
INFO: [BIND 205-100] Starting micro-architecture generation ...
INFO: [BIND 205-101] Performing variable lifetime analysis.
INFO: [BIND 205-101] Exploring resource sharing.
INFO: [BIND 205-101] Binding ...
INFO: [BIND 205-100] Finished micro-architecture generation.
INFO: [HLS 200-111] Finished Binding: CPU user time: 1 seconds. CPU system time: 0 seconds. Elapsed time: 0.639 seconds; current allocated memory: 568.820 MB.
INFO: [HLS 200-10] ----------------------------------------------------------------
INFO: [HLS 200-42] -- Implementing module 'Block_entry_layer1_activations_0_wr_proc' 
INFO: [HLS 200-10] ----------------------------------------------------------------
INFO: [SCHED 204-11] Starting scheduling ...
INFO: [SCHED 204-61] Pipelining loop 'VITIS_LOOP_182_2'.
INFO: [HLS 200-1470] Pipelining result : Target II = NA, Final II = 1, Depth = 3, loop 'VITIS_LOOP_182_2'
INFO: [SCHED 204-11] Finished scheduling.
INFO: [HLS 200-111] Finished Scheduling: CPU user time: 0 seconds. CPU system time: 0 seconds. Elapsed time: 0.495 seconds; current allocated memory: 569.555 MB.
INFO: [BIND 205-100] Starting micro-architecture generation ...
INFO: [BIND 205-101] Performing variable lifetime analysis.
INFO: [BIND 205-101] Exploring resource sharing.
INFO: [BIND 205-101] Binding ...
INFO: [BIND 205-100] Finished micro-architecture generation.
INFO: [HLS 200-111] Finished Binding: CPU user time: 0 seconds. CPU system time: 0 seconds. Elapsed time: 0.113 seconds; current allocated memory: 569.617 MB.
INFO: [HLS 200-10] ----------------------------------------------------------------
INFO: [HLS 200-42] -- Implementing module 'Loop_VITIS_LOOP_189_3_proc' 
INFO: [HLS 200-10] ----------------------------------------------------------------
INFO: [SCHED 204-11] Starting scheduling ...
INFO: [SCHED 204-61] Pipelining loop 'VITIS_LOOP_189_3'.
INFO: [HLS 200-1470] Pipelining result : Target II = 1, Final II = 1, Depth = 3, loop 'VITIS_LOOP_189_3'
INFO: [SCHED 204-11] Finished scheduling.
INFO: [HLS 200-111] Finished Scheduling: CPU user time: 0 seconds. CPU system time: 0 seconds. Elapsed time: 0.237 seconds; current allocated memory: 569.797 MB.
INFO: [BIND 205-100] Starting micro-architecture generation ...
INFO: [BIND 205-101] Performing variable lifetime analysis.
INFO: [BIND 205-101] Exploring resource sharing.
INFO: [BIND 205-101] Binding ...
INFO: [BIND 205-100] Finished micro-architecture generation.
INFO: [HLS 200-111] Finished Binding: CPU user time: 0 seconds. CPU system time: 0 seconds. Elapsed time: 0.071 seconds; current allocated memory: 569.828 MB.
INFO: [HLS 200-10] ----------------------------------------------------------------
INFO: [HLS 200-42] -- Implementing module 'matmul_xnor_2_Pipeline_VITIS_LOOP_49_1' 
INFO: [HLS 200-10] ----------------------------------------------------------------
INFO: [SCHED 204-11] Starting scheduling ...
INFO: [SCHED 204-61] Pipelining loop 'VITIS_LOOP_49_1'.
INFO: [HLS 200-1470] Pipelining result : Target II = 1, Final II = 1, Depth = 9, loop 'VITIS_LOOP_49_1'
INFO: [SCHED 204-11] Finished scheduling.
INFO: [HLS 200-111] Finished Scheduling: CPU user time: 0 seconds. CPU system time: 0 seconds. Elapsed time: 0.387 seconds; current allocated memory: 577.852 MB.
INFO: [BIND 205-100] Starting micro-architecture generation ...
INFO: [BIND 205-101] Performing variable lifetime analysis.
INFO: [BIND 205-101] Exploring resource sharing.
INFO: [BIND 205-101] Binding ...
INFO: [BIND 205-100] Finished micro-architecture generation.
INFO: [HLS 200-111] Finished Binding: CPU user time: 1 seconds. CPU system time: 0 seconds. Elapsed time: 0.254 seconds; current allocated memory: 577.852 MB.
INFO: [HLS 200-10] ----------------------------------------------------------------
INFO: [HLS 200-42] -- Implementing module 'matmul_xnor_2' 
INFO: [HLS 200-10] ----------------------------------------------------------------
INFO: [SCHED 204-11] Starting scheduling ...
INFO: [SCHED 204-11] Finished scheduling.
INFO: [HLS 200-111] Finished Scheduling: CPU user time: 0 seconds. CPU system time: 0 seconds. Elapsed time: 0.301 seconds; current allocated memory: 578.461 MB.
INFO: [BIND 205-100] Starting micro-architecture generation ...
INFO: [BIND 205-101] Performing variable lifetime analysis.
INFO: [BIND 205-101] Exploring resource sharing.
INFO: [BIND 205-101] Binding ...
INFO: [BIND 205-100] Finished micro-architecture generation.
INFO: [HLS 200-111] Finished Binding: CPU user time: 0 seconds. CPU system time: 0 seconds. Elapsed time: 0.128 seconds; current allocated memory: 579.566 MB.
INFO: [HLS 200-10] ----------------------------------------------------------------
INFO: [HLS 200-42] -- Implementing module 'Block_entry_layer2_activations_0_wr_proc' 
INFO: [HLS 200-10] ----------------------------------------------------------------
INFO: [SCHED 204-11] Starting scheduling ...
INFO: [SCHED 204-61] Pipelining loop 'VITIS_LOOP_199_4'.
INFO: [HLS 200-1470] Pipelining result : Target II = NA, Final II = 1, Depth = 2, loop 'VITIS_LOOP_199_4'
INFO: [SCHED 204-11] Finished scheduling.
INFO: [HLS 200-111] Finished Scheduling: CPU user time: 0 seconds. CPU system time: 0 seconds. Elapsed time: 0.143 seconds; current allocated memory: 580.047 MB.
INFO: [BIND 205-100] Starting micro-architecture generation ...
INFO: [BIND 205-101] Performing variable lifetime analysis.
INFO: [BIND 205-101] Exploring resource sharing.
INFO: [BIND 205-101] Binding ...
INFO: [BIND 205-100] Finished micro-architecture generation.
INFO: [HLS 200-111] Finished Binding: CPU user time: 0 seconds. CPU system time: 0 seconds. Elapsed time: 0.06 seconds; current allocated memory: 580.195 MB.
INFO: [HLS 200-10] ----------------------------------------------------------------
INFO: [HLS 200-42] -- Implementing module 'Loop_VITIS_LOOP_206_5_proc' 
INFO: [HLS 200-10] ----------------------------------------------------------------
INFO: [SCHED 204-11] Starting scheduling ...
INFO: [SCHED 204-61] Pipelining loop 'VITIS_LOOP_206_5'.
INFO: [HLS 200-1470] Pipelining result : Target II = 1, Final II = 1, Depth = 3, loop 'VITIS_LOOP_206_5'
INFO: [SCHED 204-11] Finished scheduling.
INFO: [HLS 200-111] Finished Scheduling: CPU user time: 0 seconds. CPU system time: 0 seconds. Elapsed time: 0.1 seconds; current allocated memory: 580.254 MB.
INFO: [BIND 205-100] Starting micro-architecture generation ...
INFO: [BIND 205-101] Performing variable lifetime analysis.
INFO: [BIND 205-101] Exploring resource sharing.
INFO: [BIND 205-101] Binding ...
INFO: [BIND 205-100] Finished micro-architecture generation.
INFO: [HLS 200-111] Finished Binding: CPU user time: 0 seconds. CPU system time: 0 seconds. Elapsed time: 0.059 seconds; current allocated memory: 580.453 MB.
INFO: [HLS 200-10] ----------------------------------------------------------------
INFO: [HLS 200-42] -- Implementing module 'matmul_xnor_Pipeline_VITIS_LOOP_49_1' 
INFO: [HLS 200-10] ----------------------------------------------------------------
INFO: [SCHED 204-11] Starting scheduling ...
INFO: [SCHED 204-61] Pipelining loop 'VITIS_LOOP_49_1'.
INFO: [HLS 200-1470] Pipelining result : Target II = 1, Final II = 1, Depth = 7, loop 'VITIS_LOOP_49_1'
INFO: [SCHED 204-11] Finished scheduling.
INFO: [HLS 200-111] Finished Scheduling: CPU user time: 0 seconds. CPU system time: 0 seconds. Elapsed time: 0.184 seconds; current allocated memory: 584.730 MB.
INFO: [BIND 205-100] Starting micro-architecture generation ...
INFO: [BIND 205-101] Performing variable lifetime analysis.
INFO: [BIND 205-101] Exploring resource sharing.
INFO: [BIND 205-101] Binding ...
INFO: [BIND 205-100] Finished micro-architecture generation.
INFO: [HLS 200-111] Finished Binding: CPU user time: 0 seconds. CPU system time: 0 seconds. Elapsed time: 0.141 seconds; current allocated memory: 585.215 MB.
INFO: [HLS 200-10] ----------------------------------------------------------------
INFO: [HLS 200-42] -- Implementing module 'matmul_xnor' 
INFO: [HLS 200-10] ----------------------------------------------------------------
INFO: [SCHED 204-11] Starting scheduling ...
INFO: [SCHED 204-11] Finished scheduling.
INFO: [HLS 200-111] Finished Scheduling: CPU user time: 0 seconds. CPU system time: 0 seconds. Elapsed time: 0.176 seconds; current allocated memory: 585.801 MB.
INFO: [BIND 205-100] Starting micro-architecture generation ...
INFO: [BIND 205-101] Performing variable lifetime analysis.
INFO: [BIND 205-101] Exploring resource sharing.
INFO: [BIND 205-101] Binding ...
INFO: [BIND 205-100] Finished micro-architecture generation.
INFO: [HLS 200-111] Finished Binding: CPU user time: 0 seconds. CPU system time: 0 seconds. Elapsed time: 0.072 seconds; current allocated memory: 586.473 MB.
INFO: [HLS 200-10] ----------------------------------------------------------------
INFO: [HLS 200-42] -- Implementing module 'Block_entry_layer3_activations_wr_proc' 
INFO: [HLS 200-10] ----------------------------------------------------------------
INFO: [SCHED 204-11] Starting scheduling ...
INFO: [SCHED 204-61] Pipelining loop 'VITIS_LOOP_216_6'.
INFO: [HLS 200-1470] Pipelining result : Target II = 1, Final II = 1, Depth = 2, loop 'VITIS_LOOP_216_6'
INFO: [SCHED 204-11] Finished scheduling.
INFO: [HLS 200-111] Finished Scheduling: CPU user time: 0 seconds. CPU system time: 0 seconds. Elapsed time: 0.109 seconds; current allocated memory: 586.594 MB.
INFO: [BIND 205-100] Starting micro-architecture generation ...
INFO: [BIND 205-101] Performing variable lifetime analysis.
INFO: [BIND 205-101] Exploring resource sharing.
INFO: [BIND 205-101] Binding ...
INFO: [BIND 205-100] Finished micro-architecture generation.
INFO: [HLS 200-111] Finished Binding: CPU user time: 0 seconds. CPU system time: 0 seconds. Elapsed time: 0.054 seconds; current allocated memory: 586.594 MB.
INFO: [HLS 200-10] ----------------------------------------------------------------
INFO: [HLS 200-42] -- Implementing module 'Loop_load_store_loop_proc' 
INFO: [HLS 200-10] ----------------------------------------------------------------
INFO: [SCHED 204-11] Starting scheduling ...
INFO: [SCHED 204-61] Pipelining loop 'Loop 1'.
INFO: [HLS 200-1470] Pipelining result : Target II = NA, Final II = 1, Depth = 2, loop 'Loop 1'
INFO: [SCHED 204-11] Finished scheduling.
INFO: [HLS 200-111] Finished Scheduling: CPU user time: 0 seconds. CPU system time: 0 seconds. Elapsed time: 0.092 seconds; current allocated memory: 586.605 MB.
INFO: [BIND 205-100] Starting micro-architecture generation ...
INFO: [BIND 205-101] Performing variable lifetime analysis.
INFO: [BIND 205-101] Exploring resource sharing.
INFO: [BIND 205-101] Binding ...
INFO: [BIND 205-100] Finished micro-architecture generation.
INFO: [HLS 200-111] Finished Binding: CPU user time: 0 seconds. CPU system time: 0 seconds. Elapsed time: 0.059 seconds; current allocated memory: 586.648 MB.
INFO: [HLS 200-10] ----------------------------------------------------------------
INFO: [HLS 200-42] -- Implementing module 'feedforward_burst' 
INFO: [HLS 200-10] ----------------------------------------------------------------
INFO: [SCHED 204-11] Starting scheduling ...
INFO: [SCHED 204-11] Finished scheduling.
INFO: [HLS 200-111] Finished Scheduling: CPU user time: 0 seconds. CPU system time: 0 seconds. Elapsed time: 0.061 seconds; current allocated memory: 586.715 MB.
INFO: [BIND 205-100] Starting micro-architecture generation ...
INFO: [BIND 205-101] Performing variable lifetime analysis.
INFO: [BIND 205-101] Exploring resource sharing.
INFO: [BIND 205-101] Binding ...
INFO: [BIND 205-100] Finished micro-architecture generation.
INFO: [HLS 200-111] Finished Binding: CPU user time: 0 seconds. CPU system time: 0 seconds. Elapsed time: 0.123 seconds; current allocated memory: 587.965 MB.
INFO: [HLS 200-10] ----------------------------------------------------------------
INFO: [HLS 200-10] -- Generating RTL for module 'Block_entry_proc_Pipeline_1' 
INFO: [HLS 200-10] ----------------------------------------------------------------
INFO: [HLS 200-1030] Apply Unified Pipeline Control on module 'Block_entry_proc_Pipeline_1' pipeline 'Loop 1' pipeline type 'loop pipeline'
WARNING: [RTGEN 206-101] Setting dangling out port 'Block_entry_proc_Pipeline_1/m_axi_gmem1_0_ARVALID' to 0.
WARNING: [RTGEN 206-101] Setting dangling out port 'Block_entry_proc_Pipeline_1/m_axi_gmem1_0_ARADDR' to 0.
WARNING: [RTGEN 206-101] Setting dangling out port 'Block_entry_proc_Pipeline_1/m_axi_gmem1_0_ARID' to 0.
WARNING: [RTGEN 206-101] Setting dangling out port 'Block_entry_proc_Pipeline_1/m_axi_gmem1_0_ARLEN' to 0.
WARNING: [RTGEN 206-101] Setting dangling out port 'Block_entry_proc_Pipeline_1/m_axi_gmem1_0_ARSIZE' to 0.
WARNING: [RTGEN 206-101] Setting dangling out port 'Block_entry_proc_Pipeline_1/m_axi_gmem1_0_ARBURST' to 0.
WARNING: [RTGEN 206-101] Setting dangling out port 'Block_entry_proc_Pipeline_1/m_axi_gmem1_0_ARLOCK' to 0.
WARNING: [RTGEN 206-101] Setting dangling out port 'Block_entry_proc_Pipeline_1/m_axi_gmem1_0_ARCACHE' to 0.
WARNING: [RTGEN 206-101] Setting dangling out port 'Block_entry_proc_Pipeline_1/m_axi_gmem1_0_ARPROT' to 0.
WARNING: [RTGEN 206-101] Setting dangling out port 'Block_entry_proc_Pipeline_1/m_axi_gmem1_0_ARQOS' to 0.
WARNING: [RTGEN 206-101] Setting dangling out port 'Block_entry_proc_Pipeline_1/m_axi_gmem1_0_ARREGION' to 0.
WARNING: [RTGEN 206-101] Setting dangling out port 'Block_entry_proc_Pipeline_1/m_axi_gmem1_0_ARUSER' to 0.
INFO: [RTGEN 206-100] Finished creating RTL model for 'Block_entry_proc_Pipeline_1'.
INFO: [HLS 200-111] Finished Creating RTL model: CPU user time: 0 seconds. CPU system time: 0 seconds. Elapsed time: 1.531 seconds; current allocated memory: 589.570 MB.
INFO: [HLS 200-10] ----------------------------------------------------------------
INFO: [HLS 200-10] -- Generating RTL for module 'Block_entry_proc_Pipeline_VITIS_LOOP_172_1' 
INFO: [HLS 200-10] ----------------------------------------------------------------
INFO: [HLS 200-1030] Apply Unified Pipeline Control on module 'Block_entry_proc_Pipeline_VITIS_LOOP_172_1' pipeline 'VITIS_LOOP_172_1' pipeline type 'loop pipeline'
INFO: [RTGEN 206-100] Finished creating RTL model for 'Block_entry_proc_Pipeline_VITIS_LOOP_172_1'.
INFO: [HLS 200-111] Finished Creating RTL model: CPU user time: 0 seconds. CPU system time: 0 seconds. Elapsed time: 0.101 seconds; current allocated memory: 590.512 MB.
INFO: [HLS 200-10] ----------------------------------------------------------------
INFO: [HLS 200-10] -- Generating RTL for module 'Block_entry_proc' 
INFO: [HLS 200-10] ----------------------------------------------------------------
INFO: [RTGEN 206-100] Finished creating RTL model for 'Block_entry_proc'.
INFO: [HLS 200-111] Finished Creating RTL model: CPU user time: 0 seconds. CPU system time: 0 seconds. Elapsed time: 0.101 seconds; current allocated memory: 591.219 MB.
INFO: [HLS 200-10] ----------------------------------------------------------------
INFO: [HLS 200-10] -- Generating RTL for module 'matmul_xnor_1_Pipeline_VITIS_LOOP_49_1' 
INFO: [HLS 200-10] ----------------------------------------------------------------
INFO: [HLS 200-1030] Apply Unified Pipeline Control on module 'matmul_xnor_1_Pipeline_VITIS_LOOP_49_1' pipeline 'VITIS_LOOP_49_1' pipeline type 'loop pipeline'
INFO: [RTGEN 206-100] Finished creating RTL model for 'matmul_xnor_1_Pipeline_VITIS_LOOP_49_1'.
INFO: [HLS 200-2168] Implementing memory 'feedforward_burst_matmul_xnor_1_Pipeline_VITIS_LOOP_49_1_W1_1_ROM_AUTO_1R' using auto ROMs with 784 copies to ensure enough ports to satisfy II or latency constraints.
INFO: [HLS 200-111] Finished Creating RTL model: CPU user time: 8 seconds. CPU system time: 1 seconds. Elapsed time: 13.595 seconds; current allocated memory: 1.763 GB.
INFO: [HLS 200-10] ----------------------------------------------------------------
INFO: [HLS 200-10] -- Generating RTL for module 'matmul_xnor_1' 
INFO: [HLS 200-10] ----------------------------------------------------------------
INFO: [RTGEN 206-100] Finished creating RTL model for 'matmul_xnor_1'.
INFO: [HLS 200-111] Finished Creating RTL model: CPU user time: 3 seconds. CPU system time: 4 seconds. Elapsed time: 11.25 seconds; current allocated memory: 1.763 GB.
INFO: [HLS 200-10] ----------------------------------------------------------------
INFO: [HLS 200-10] -- Generating RTL for module 'Block_entry_layer1_activations_0_wr_proc' 
INFO: [HLS 200-10] ----------------------------------------------------------------
INFO: [RTGEN 206-100] Finished creating RTL model for 'Block_entry_layer1_activations_0_wr_proc'.
INFO: [HLS 200-111] Finished Creating RTL model: CPU user time: 1 seconds. CPU system time: 0 seconds. Elapsed time: 0.958 seconds; current allocated memory: 1.763 GB.
INFO: [HLS 200-10] ----------------------------------------------------------------
INFO: [HLS 200-10] -- Generating RTL for module 'Loop_VITIS_LOOP_189_3_proc' 
INFO: [HLS 200-10] ----------------------------------------------------------------
INFO: [HLS 200-1030] Apply Unified Pipeline Control on module 'Loop_VITIS_LOOP_189_3_proc' pipeline 'VITIS_LOOP_189_3' pipeline type 'loop pipeline'
INFO: [RTGEN 206-100] Finished creating RTL model for 'Loop_VITIS_LOOP_189_3_proc'.
INFO: [HLS 200-111] Finished Creating RTL model: CPU user time: 0 seconds. CPU system time: 0 seconds. Elapsed time: 0.309 seconds; current allocated memory: 1.763 GB.
INFO: [HLS 200-10] ----------------------------------------------------------------
INFO: [HLS 200-10] -- Generating RTL for module 'matmul_xnor_2_Pipeline_VITIS_LOOP_49_1' 
INFO: [HLS 200-10] ----------------------------------------------------------------
INFO: [HLS 200-1030] Apply Unified Pipeline Control on module 'matmul_xnor_2_Pipeline_VITIS_LOOP_49_1' pipeline 'VITIS_LOOP_49_1' pipeline type 'loop pipeline'
INFO: [RTGEN 206-100] Finished creating RTL model for 'matmul_xnor_2_Pipeline_VITIS_LOOP_49_1'.
INFO: [HLS 200-2168] Implementing memory 'feedforward_burst_matmul_xnor_2_Pipeline_VITIS_LOOP_49_1_W2_1_ROM_AUTO_1R' using auto ROMs with 128 copies to ensure enough ports to satisfy II or latency constraints.
INFO: [HLS 200-111] Finished Creating RTL model: CPU user time: 1 seconds. CPU system time: 0 seconds. Elapsed time: 0.592 seconds; current allocated memory: 1.763 GB.
INFO: [HLS 200-10] ----------------------------------------------------------------
INFO: [HLS 200-10] -- Generating RTL for module 'matmul_xnor_2' 
INFO: [HLS 200-10] ----------------------------------------------------------------
INFO: [RTGEN 206-100] Finished creating RTL model for 'matmul_xnor_2'.
INFO: [HLS 200-111] Finished Creating RTL model: CPU user time: 0 seconds. CPU system time: 1 seconds. Elapsed time: 1.57 seconds; current allocated memory: 1.763 GB.
INFO: [HLS 200-10] ----------------------------------------------------------------
INFO: [HLS 200-10] -- Generating RTL for module 'Block_entry_layer2_activations_0_wr_proc' 
INFO: [HLS 200-10] ----------------------------------------------------------------
INFO: [RTGEN 206-100] Finished creating RTL model for 'Block_entry_layer2_activations_0_wr_proc'.
INFO: [HLS 200-111] Finished Creating RTL model: CPU user time: 0 seconds. CPU system time: 0 seconds. Elapsed time: 0.375 seconds; current allocated memory: 1.763 GB.
INFO: [HLS 200-10] ----------------------------------------------------------------
INFO: [HLS 200-10] -- Generating RTL for module 'Loop_VITIS_LOOP_206_5_proc' 
INFO: [HLS 200-10] ----------------------------------------------------------------
INFO: [HLS 200-1030] Apply Unified Pipeline Control on module 'Loop_VITIS_LOOP_206_5_proc' pipeline 'VITIS_LOOP_206_5' pipeline type 'loop pipeline'
INFO: [RTGEN 206-100] Generating core module 'sparsemux_9_2_32_1_1': 1 instance(s).
INFO: [RTGEN 206-100] Finished creating RTL model for 'Loop_VITIS_LOOP_206_5_proc'.
INFO: [HLS 200-111] Finished Creating RTL model: CPU user time: 0 seconds. CPU system time: 0 seconds. Elapsed time: 0.335 seconds; current allocated memory: 1.763 GB.
INFO: [HLS 200-10] ----------------------------------------------------------------
INFO: [HLS 200-10] -- Generating RTL for module 'matmul_xnor_Pipeline_VITIS_LOOP_49_1' 
INFO: [HLS 200-10] ----------------------------------------------------------------
INFO: [HLS 200-1030] Apply Unified Pipeline Control on module 'matmul_xnor_Pipeline_VITIS_LOOP_49_1' pipeline 'VITIS_LOOP_49_1' pipeline type 'loop pipeline'
INFO: [RTGEN 206-100] Finished creating RTL model for 'matmul_xnor_Pipeline_VITIS_LOOP_49_1'.
INFO: [HLS 200-2168] Implementing memory 'feedforward_burst_matmul_xnor_Pipeline_VITIS_LOOP_49_1_W3_1_ROM_AUTO_1R' using auto ROMs with 64 copies to ensure enough ports to satisfy II or latency constraints.
INFO: [HLS 200-111] Finished Creating RTL model: CPU user time: 0 seconds. CPU system time: 0 seconds. Elapsed time: 0.446 seconds; current allocated memory: 1.763 GB.
INFO: [HLS 200-10] ----------------------------------------------------------------
INFO: [HLS 200-10] -- Generating RTL for module 'matmul_xnor' 
INFO: [HLS 200-10] ----------------------------------------------------------------
INFO: [RTGEN 206-100] Finished creating RTL model for 'matmul_xnor'.
INFO: [HLS 200-111] Finished Creating RTL model: CPU user time: 1 seconds. CPU system time: 0 seconds. Elapsed time: 0.957 seconds; current allocated memory: 1.763 GB.
INFO: [HLS 200-10] ----------------------------------------------------------------
INFO: [HLS 200-10] -- Generating RTL for module 'Block_entry_layer3_activations_wr_proc' 
INFO: [HLS 200-10] ----------------------------------------------------------------
INFO: [RTGEN 206-100] Finished creating RTL model for 'Block_entry_layer3_activations_wr_proc'.
INFO: [HLS 200-111] Finished Creating RTL model: CPU user time: 0 seconds. CPU system time: 0 seconds. Elapsed time: 0.242 seconds; current allocated memory: 1.763 GB.
INFO: [HLS 200-10] ----------------------------------------------------------------
INFO: [HLS 200-10] -- Generating RTL for module 'Loop_load_store_loop_proc' 
INFO: [HLS 200-10] ----------------------------------------------------------------
INFO: [HLS 200-1030] Apply Unified Pipeline Control on module 'Loop_load_store_loop_proc' pipeline 'Loop 1' pipeline type 'loop pipeline'
INFO: [RTGEN 206-100] Finished creating RTL model for 'Loop_load_store_loop_proc'.
INFO: [HLS 200-111] Finished Creating RTL model: CPU user time: 0 seconds. CPU system time: 0 seconds. Elapsed time: 0.263 seconds; current allocated memory: 1.763 GB.
INFO: [HLS 200-10] ----------------------------------------------------------------
INFO: [HLS 200-10] -- Generating RTL for module 'feedforward_burst' 
INFO: [HLS 200-10] ----------------------------------------------------------------
WARNING: [RTGEN 206-101] Design contains AXI ports. Reset is fixed to synchronous and active low.
INFO: [RTGEN 206-500] Setting interface mode on port 'feedforward_burst/gmem1' to 'm_axi'.
INFO: [RTGEN 206-500] Setting interface mode on port 'feedforward_burst/input_r' to 's_axilite & ap_none'.
INFO: [RTGEN 206-500] Setting interface mode on port 'feedforward_burst/output_r' to 's_axilite & ap_vld'.
INFO: [RTGEN 206-500] Setting interface mode on function 'feedforward_burst' to 's_axilite & ap_ctrl_hs'.
INFO: [RTGEN 206-100] Bundling port 'input_r', 'output_r' and 'return' to AXI-Lite port control.
INFO: [RTGEN 206-100] Finished creating RTL model for 'feedforward_burst'.
INFO: [HLS 200-740] Implementing PIPO feedforward_burst_X0_input_RAM_AUTO_1R1W using a separate memory for each block
INFO: [RTMG 210-278] Implementing memory 'feedforward_burst_X0_input_RAM_AUTO_1R1W_memcore' using auto RAMs.
INFO: [HLS 200-740] Implementing PIPO feedforward_burst_layer1_activations_RAM_AUTO_1R1W using a separate memory for each block
INFO: [RTMG 210-278] Implementing memory 'feedforward_burst_layer1_activations_RAM_AUTO_1R1W_memcore' using auto RAMs.
INFO: [HLS 200-740] Implementing PIPO feedforward_burst_layer2_activations_RAM_AUTO_1R1W using a separate memory for each block
INFO: [RTMG 210-278] Implementing memory 'feedforward_burst_layer2_activations_RAM_AUTO_1R1W_memcore' using auto RAMs.
INFO: [HLS 200-740] Implementing PIPO feedforward_burst_layer3_activations_RAM_AUTO_1R1W using a separate memory for each block
INFO: [RTMG 210-278] Implementing memory 'feedforward_burst_layer3_activations_RAM_AUTO_1R1W_memcore' using auto RAMs.
INFO: [HLS 200-740] Implementing PIPO feedforward_burst_layer1_quant_RAM_AUTO_1R1W using a separate memory for each block
INFO: [RTMG 210-278] Implementing memory 'feedforward_burst_layer1_quant_RAM_AUTO_1R1W_memcore' using auto RAMs.
INFO: [HLS 200-740] Implementing PIPO feedforward_burst_layer2_quant_RAM_AUTO_1R1W using a separate memory for each block
INFO: [RTMG 210-278] Implementing memory 'feedforward_burst_layer2_quant_RAM_AUTO_1R1W_memcore' using auto RAMs.
INFO: [HLS 200-111] Finished Creating RTL model: CPU user time: 0 seconds. CPU system time: 0 seconds. Elapsed time: 0.504 seconds; current allocated memory: 1.763 GB.
INFO: [HLS 200-111] Finished Generating all RTL models: CPU user time: 1 seconds. CPU system time: 0 seconds. Elapsed time: 1.754 seconds; current allocated memory: 1.763 GB.
INFO: [HLS 200-1603] Design has inferred MAXI bursts and missed bursts, see Vitis HLS GUI synthesis summary report for detailed information.
INFO: [HLS 200-111] Finished Updating report files: CPU user time: 1 seconds. CPU system time: 0 seconds. Elapsed time: 2.199 seconds; current allocated memory: 1.763 GB.
INFO: [VHDL 208-304] Generating VHDL RTL for feedforward_burst.
INFO: [VLOG 209-307] Generating Verilog RTL for feedforward_burst.
INFO: [HLS 200-790] **** Loop Constraint Status: All loop constraints were satisfied.
INFO: [HLS 200-789] **** Estimated Fmax: 136.99 MHz
INFO: [HLS 200-112] Total CPU user time: 154 seconds. Total CPU system time: 7 seconds. Total elapsed time: 215.125 seconds; peak allocated memory: 1.763 GB.
INFO: [v++ 60-791] Total elapsed time: 0h 3m 40s
