  **** HLS Build v2024.2 5238294
INFO: [HLS 200-2005] Using work_dir D:/ecen529/finalProject/vitis/bnn_hls/bnn_hls 
INFO: [HLS 200-1505] Using default flow_target 'vivado'
Resolution: For help on HLS 200-1505 see docs.xilinx.com/access/sources/dita/topic?Doc_Version=2024.2%20English&url=ug1448-hls-guidance&resourceid=200-1505.html
INFO: [HLS 200-1465] Applying ini 'syn.file=bnn.cpp' from D:/ecen529/finalProject/vitis/bnn_hls/hls_config.cfg(8)
INFO: [HLS 200-10] Adding design file 'D:/ecen529/finalProject/vitis/bnn_hls/bnn.cpp' to the project
INFO: [HLS 200-1465] Applying ini 'syn.file=weights.h' from D:/ecen529/finalProject/vitis/bnn_hls/hls_config.cfg(9)
INFO: [HLS 200-10] Adding design file 'D:/ecen529/finalProject/vitis/bnn_hls/weights.h' to the project
INFO: [HLS 200-1465] Applying ini 'syn.file=weights.cpp' from D:/ecen529/finalProject/vitis/bnn_hls/hls_config.cfg(10)
INFO: [HLS 200-10] Adding design file 'D:/ecen529/finalProject/vitis/bnn_hls/weights.cpp' to the project
INFO: [HLS 200-1465] Applying ini 'tb.file=D:\ecen529\finalProject\vitis\bnn_hls\bnn_tb.cpp' from D:/ecen529/finalProject/vitis/bnn_hls/hls_config.cfg(11)
INFO: [HLS 200-10] Adding test bench file 'D:/ecen529/finalProject/vitis/bnn_hls/bnn_tb.cpp' to the project
INFO: [HLS 200-1465] Applying ini 'syn.top=feedforward' from D:/ecen529/finalProject/vitis/bnn_hls/hls_config.cfg(7)
INFO: [HLS 200-1465] Applying ini 'flow_target=vivado' from D:/ecen529/finalProject/vitis/bnn_hls/hls_config.cfg(4)
INFO: [HLS 200-1505] Using flow_target 'vivado'
Resolution: For help on HLS 200-1505 see docs.xilinx.com/access/sources/dita/topic?Doc_Version=2024.2%20English&url=ug1448-hls-guidance&resourceid=200-1505.html
INFO: [HLS 200-1465] Applying ini 'part=xc7z020clg400-1' from D:/ecen529/finalProject/vitis/bnn_hls/hls_config.cfg(1)
INFO: [HLS 200-1611] Setting target device to 'xc7z020-clg400-1'
INFO: [HLS 200-1465] Applying ini 'package.output.format=ip_catalog' from D:/ecen529/finalProject/vitis/bnn_hls/hls_config.cfg(5)
INFO: [SIM 211-2] *************** CSIM start ***************
INFO: [SIM 211-4] CSIM will launch CLANG as the compiler.
INFO: [HLS 200-2036] Building debug C Simulation binaries
   Compiling ../../../../bnn_tb.cpp in debug mode
   Generating csim.exe
In file included from ../../../../bnn_tb.cpp:7:
In file included from C:/Xilinx/Vitis/2024.2/include/ap_axi_sdata.h:15:
In file included from C:/Xilinx/Vitis/2024.2/include/ap_int.h:10:
In file included from C:/Xilinx/Vitis/2024.2/include/etc/ap_common.h:658:
In file included from C:/Xilinx/Vitis/2024.2/include/etc/ap_private.h:68:
In file included from C:/Xilinx/Vitis/2024.2/include/hls_half.h:26:
In file included from C:/Xilinx/Vitis/2024.2/include/etc/hls_half_fpo.h:19:
In file included from C:/Xilinx/Vitis/2024.2/include/hls_fpo.h:140:
In file included from C:/Xilinx/Vitis/2024.2/include/floating_point_v7_1_bitacc_cmodel.h:150:
C:/Xilinx/Vitis/2024.2/include/gmp.h:58:9: warning: '__GMP_LIBGMP_DLL' macro redefined [-Wmacro-redefined]
#define __GMP_LIBGMP_DLL  0
        ^
C:/Xilinx/Vitis/2024.2/include/floating_point_v7_1_bitacc_cmodel.h:142:9: note: previous definition is here
#define __GMP_LIBGMP_DLL 1
        ^
1 warning generated.
Sending input image #0: 0 0 0 0 0 0 0 0 0 0 0 0 0 0 0 0 166 0 170 195 0 253 0 0 247 0 80 0 0 1 0 0 253 0 0 70 0 0 108 0 0 25 0 0 0 0 0 0 0 0 0 0 183 0 0 250 0 24 0 0 253 0 0 80 0 226 0 0 212 0 0 0 0 0 0 0 0 0 0 
X0_input: 1 1 1 1 1 1 1 1 1 1 1 1 1 1 1 1 1 1 1 1 1 1 1 1 1 1 1 1 1 1 1 0 0 1 1 1 0 0 0 1 1 0 0 0 1 1 1 0 0 1 1 1 0 0 1 1 1 1 0 1 1 1 1 1 0 1 1 1 1 1 0 1 1 1 1 1 0 1 1 1 1 0 0 1 1 1 1 0 1 1 1 1 1 0 1 1 1 1 1 0 1 1 1 1 0 1 1 1 1 0 0 1 1 1 0 0 1 1 1 1 0 0 1 1 1 0 0 1 1 1 0 0 1 1 1 1 0 1 1 1 1 1 1 1 1 1 1 1 1 1 1 1 1 1 1 1 1
Activations 1: 80 71 70 79 77 77 83 79 76 78 76 80 67 82 65 85 76 86 77 74 71 70 63 74 67 78
Scale/quant 1: 1 1 1 1 1 1 1 1 1 1 1 1 1 1 1 1 1 1 1 1 1 1 1 1 1 1
Activations 2: 34 32 33 35 36 39 42 34 31 34 37 36 34
Scale/quant 2: 1 1 1 1 1 1 1 1 1 1 1 1 1
Activations 3: 6 5 4 5 6 6 7 4 4 5
Final output: -52 -54 -56 -54 -52 -52 -50 -56 -56 -54
Sample 0: Predicted = 6, Label = 5
Sending input image #1: 0 0 0 0 0 0 0 0 0 0 0 0 0 159 0 0 0 0 0 0 0 252 0 0 252 0 0 47 0 238 253 0 208 165 0 0 0 0 0 0 253 0 0 0 253 0 0 12 0 0 0 85 48 0 225 162 0 48 0 0 252 0 0 145 0 0 0 0 0 0 0 0 0 0 0 0 0 0 0 
X0_input: 1 1 1 1 1 1 1 1 1 1 1 1 1 1 1 1 1 1 1 1 1 1 1 1 1 1 0 1 1 1 1 0 1 1 1 1 1 0 1 1 1 1 0 0 1 1 1 0 0 0 1 1 1 0 0 1 1 1 0 0 0 1 1 1 0 1 0 1 1 0 1 1 1 1 1 1 1 0 1 1 0 1 1 1 1 1 1 1 0 1 1 0 1 1 0 1 1 1 1 0 1 1 0 1 0 1 1 1 0 1 0 1 1 1 0 0 1 1 1 0 0 1 1 1 1 0 0 1 1 1 1 0 1 1 1 1 1 1 1 1 1 1 1 1 1 1 1 1 1 1 1 1 1 1 1 1 1
Activations 1: 78 70 71 78 78 76 82 77 79 79 76 80 69 81 63 82 76 88 77 71 67 70 63 74 69 78
Scale/quant 1: 1 1 1 1 1 1 1 1 1 1 1 1 1 1 1 1 1 1 1 1 1 1 1 1 1 1
Activations 2: 34 32 33 35 36 39 42 34 31 34 37 36 34
Scale/quant 2: 1 1 1 1 1 1 1 1 1 1 1 1 1
Activations 3: 6 5 4 5 6 6 7 4 4 5
Final output: -52 -54 -56 -54 -52 -52 -50 -56 -56 -54
Sample 1: Predicted = 6, Label = 0
Sending input image #2: 0 0 0 0 0 0 0 0 0 0 0 0 0 0 0 0 67 0 0 39 126 0 0 0 0 0 0 0 0 0 254 0 0 0 254 0 0 0 86 0 0 241 0 254 0 0 0 0 0 0 0 0 0 0 0 254 0 0 0 0 0 0 0 0 0 0 0 0 0 254 0 0 0 0 0 0 0 0 0 
X0_input: 1 1 1 1 1 1 1 1 1 1 1 1 1 1 1 1 1 1 1 1 1 1 1 1 1 1 1 1 1 1 1 1 0 1 1 1 1 1 0 1 0 1 1 0 1 1 1 1 1 0 1 1 1 1 1 1 1 0 1 1 0 1 1 1 1 1 1 1 0 1 1 0 1 1 1 1 0 1 1 0 1 0 0 1 1 0 0 0 1 1 1 0 1 0 1 1 1 1 1 0 1 1 1 1 1 1 1 1 1 1 0 1 1 1 1 1 1 1 1 1 1 0 1 1 1 1 1 0 1 1 1 1 1 1 1 1 1 1 0 1 1 1 1 1 1 1 1 1 1 1 1 1 1 1 1 1 1
Activations 1: 72 66 67 72 73 71 79 72 70 71 74 72 63 77 62 78 71 81 74 67 65 64 60 67 62 72
Scale/quant 1: 1 1 1 1 1 1 1 1 1 1 1 1 1 1 1 1 1 1 1 1 1 1 1 1 1 1
Activations 2: 34 32 33 35 36 39 42 34 31 34 37 36 34
Scale/quant 2: 1 1 1 1 1 1 1 1 1 1 1 1 1
Activations 3: 6 5 4 5 6 6 7 4 4 5
Final output: -52 -54 -56 -54 -52 -52 -50 -56 -56 -54
Sample 2: Predicted = 6, Label = 4
Sending input image #3: 0 0 0 0 0 0 0 0 0 0 0 0 0 0 0 0 255 0 0 0 0 0 0 0 68 0 0 251 0 0 0 0 0 0 0 205 0 0 184 0 0 0 0 0 0 0 251 0 0 172 0 0 0 0 0 0 0 255 0 0 140 0 0 0 0 0 0 0 24 0 0 0 0 0 0 0 0 0 0 
X0_input: 1 1 1 1 1 1 1 1 1 1 1 1 1 1 1 1 1 1 1 1 1 1 1 1 1 1 1 1 1 1 1 1 0 1 1 1 1 0 1 1 1 1 1 0 1 1 1 1 0 0 1 1 1 1 0 1 1 1 1 0 1 1 1 1 1 0 1 1 1 1 0 1 1 1 1 1 0 1 1 1 1 0 1 1 1 1 1 0 1 1 1 1 0 1 1 1 1 1 0 1 1 1 1 0 1 1 1 1 1 0 1 1 1 1 0 1 1 1 1 1 0 1 1 1 1 0 1 1 1 1 1 0 1 1 1 1 0 1 1 1 1 1 1 1 1 1 1 1 1 1 1 1 1 1 1 1 1
Activations 1: 77 68 68 76 75 75 82 76 75 75 75 76 65 82 63 83 74 84 75 72 68 67 61 70 67 75
Scale/quant 1: 1 1 1 1 1 1 1 1 1 1 1 1 1 1 1 1 1 1 1 1 1 1 1 1 1 1
Activations 2: 34 32 33 35 36 39 42 34 31 34 37 36 34
Scale/quant 2: 1 1 1 1 1 1 1 1 1 1 1 1 1
Activations 3: 6 5 4 5 6 6 7 4 4 5
Final output: -52 -54 -56 -54 -52 -52 -50 -56 -56 -54
Sample 3: Predicted = 6, Label = 1
Sending input image #4: 0 0 0 0 0 0 0 0 0 0 0 0 0 0 0 0 0 0 0 0 0 210 0 0 210 0 0 252 0 252 21 0 14 0 0 8 0 16 252 0 252 0 0 252 0 0 42 0 0 255 0 0 21 0 0 0 0 0 0 0 0 0 0 255 0 0 56 0 0 0 0 0 0 0 0 0 0 0 0 
X0_input: 1 1 1 1 1 1 1 1 1 1 1 1 1 1 1 1 1 1 1 1 1 1 1 1 1 1 1 1 1 1 1 1 1 1 1 1 1 1 1 1 1 1 0 0 1 1 1 0 0 1 1 1 1 0 0 1 1 1 0 1 0 1 1 1 0 0 1 1 1 0 0 1 1 1 0 1 0 1 1 1 0 0 1 1 1 1 0 0 1 1 1 0 0 1 1 1 1 1 0 1 1 1 1 1 0 1 1 1 1 1 1 1 1 1 1 0 1 1 1 1 1 1 1 1 1 1 0 1 1 1 1 1 0 1 1 1 1 1 1 1 1 1 1 0 1 1 1 1 1 0 1 1 1 1 1 1 1
Activations 1: 74 67 69 74 74 73 82 75 73 73 76 73 64 81 63 80 72 82 75 69 67 65 61 69 65 74
Scale/quant 1: 1 1 1 1 1 1 1 1 1 1 1 1 1 1 1 1 1 1 1 1 1 1 1 1 1 1
Activations 2: 34 32 33 35 36 39 42 34 31 34 37 36 34
Scale/quant 2: 1 1 1 1 1 1 1 1 1 1 1 1 1
Activations 3: 6 5 4 5 6 6 7 4 4 5
Final output: -52 -54 -56 -54 -52 -52 -50 -56 -56 -54
Sample 4: Predicted = 6, Label = 9
Sending input image #5: 0 0 0 0 0 0 0 0 0 0 0 0 0 0 0 0 0 0 0 0 0 252 0 0 31 0 0 252 0 252 60 0 22 0 0 0 0 0 121 0 0 228 0 227 6 0 59 0 0 203 49 136 65 0 88 0 0 252 0 0 36 0 0 0 0 0 0 0 0 0 0 0 0 0 0 0 0 0 0 
X0_input: 1 1 1 1 1 1 1 1 1 1 1 1 1 1 1 1 1 1 1 1 1 1 1 1 1 1 1 1 1 1 1 0 1 1 1 1 1 0 1 1 1 1 0 0 1 1 1 0 0 1 1 1 1 0 0 1 1 1 0 1 0 1 1 1 0 0 1 1 1 1 1 0 1 1 1 1 0 1 1 1 1 0 0 1 1 1 0 0 0 1 1 0 0 0 1 1 1 0 0 0 0 1 0 1 0 0 1 1 0 0 1 0 1 0 0 1 1 1 1 0 0 1 1 1 1 0 1 1 1 1 1 1 1 1 1 1 1 1 1 1 1 1 1 1 1 1 1 1 1 1 1 1 1 1 1 1 1
Activations 1: 78 70 69 77 77 76 82 76 76 76 76 77 67 82 64 83 75 85 76 72 70 68 62 71 67 76
Scale/quant 1: 1 1 1 1 1 1 1 1 1 1 1 1 1 1 1 1 1 1 1 1 1 1 1 1 1 1
Activations 2: 34 32 33 35 36 39 42 34 31 34 37 36 34
Scale/quant 2: 1 1 1 1 1 1 1 1 1 1 1 1 1
Activations 3: 6 5 4 5 6 6 7 4 4 5
Final output: -52 -54 -56 -54 -52 -52 -50 -56 -56 -54
Sample 5: Predicted = 6, Label = 2
Sending input image #6: 0 0 0 0 0 0 0 0 0 0 0 0 0 0 0 0 0 0 175 0 0 252 0 0 0 0 0 0 0 0 0 0 0 0 0 253 0 0 108 0 0 0 0 0 0 0 0 0 0 252 0 0 252 0 0 0 0 0 0 0 0 0 0 73 0 0 252 0 0 0 0 0 0 0 0 0 0 0 0 
X0_input: 1 1 1 1 1 1 1 1 1 1 1 1 1 1 1 1 1 1 1 1 1 1 1 1 1 0 1 1 1 1 1 0 1 1 1 1 0 1 1 1 1 1 0 1 1 1 1 0 1 1 1 1 1 0 1 1 1 1 1 0 1 1 1 1 1 1 1 1 1 1 0 1 1 1 1 1 0 1 1 1 1 0 1 1 1 1 1 0 1 1 1 1 1 1 1 1 1 1 0 1 1 1 1 1 0 1 1 1 1 0 1 1 1 1 1 0 1 1 1 1 1 0 1 1 1 1 0 1 1 1 1 1 0 1 1 1 1 1 1 1 1 1 1 1 1 1 1 1 1 1 1 1 1 1 1 1 1
Activations 1: 74 68 71 75 72 73 82 78 74 72 76 73 66 81 66 79 71 81 76 70 69 65 60 73 69 76
Scale/quant 1: 1 1 1 1 1 1 1 1 1 1 1 1 1 1 1 1 1 1 1 1 1 1 1 1 1 1
Activations 2: 34 32 33 35 36 39 42 34 31 34 37 36 34
Scale/quant 2: 1 1 1 1 1 1 1 1 1 1 1 1 1
Activations 3: 6 5 4 5 6 6 7 4 4 5
Final output: -52 -54 -56 -54 -52 -52 -50 -56 -56 -54
Sample 6: Predicted = 6, Label = 1
Sending input image #7: 0 0 0 0 0 0 0 0 0 0 0 0 0 0 0 0 174 0 226 14 0 253 0 0 132 0 0 226 0 0 252 0 0 0 0 91 0 0 252 0 45 177 0 253 0 0 44 0 0 0 0 0 86 0 9 252 0 0 0 0 134 0 0 253 0 157 0 0 235 0 0 0 0 0 0 0 0 0 0 
X0_input: 1 1 1 1 1 1 1 1 1 1 1 1 1 1 1 1 1 1 1 1 1 1 1 1 1 1 1 1 1 1 1 0 0 1 1 1 0 0 0 1 1 0 0 0 1 1 1 0 0 0 1 1 1 1 0 1 1 1 1 1 0 1 1 1 1 0 1 1 1 1 0 0 1 1 1 0 0 1 1 1 0 0 0 1 1 1 0 0 1 1 1 1 0 0 1 1 1 1 1 0 1 1 1 1 0 1 1 1 0 1 0 1 1 0 1 0 1 1 1 0 0 0 1 1 1 0 0 1 1 1 0 0 1 1 1 1 0 1 1 1 1 1 1 1 1 1 1 1 1 1 1 1 1 1 1 1 1
Activations 1: 79 72 70 79 78 77 84 79 77 78 78 79 68 84 65 85 76 86 77 74 70 70 63 74 69 77
Scale/quant 1: 1 1 1 1 1 1 1 1 1 1 1 1 1 1 1 1 1 1 1 1 1 1 1 1 1 1
Activations 2: 34 32 33 35 36 39 42 34 31 34 37 36 34
Scale/quant 2: 1 1 1 1 1 1 1 1 1 1 1 1 1
Activations 3: 6 5 4 5 6 6 7 4 4 5
Final output: -52 -54 -56 -54 -52 -52 -50 -56 -56 -54
Sample 7: Predicted = 6, Label = 3
Sending input image #8: 0 0 0 0 0 0 0 0 0 0 0 0 0 0 0 0 0 0 20 0 0 254 0 0 0 0 0 0 0 0 0 0 16 0 0 254 0 0 0 0 0 0 0 0 0 0 0 0 0 254 0 0 38 0 0 0 0 0 0 0 0 0 0 144 0 0 40 0 0 0 0 0 0 0 0 0 0 0 0 
X0_input: 1 1 1 1 1 1 1 1 1 1 1 1 1 1 1 1 1 1 1 1 1 1 1 1 1 1 1 1 1 1 1 1 1 1 1 1 0 1 1 1 1 1 0 1 1 1 1 1 1 1 1 1 1 0 1 1 1 1 1 0 1 1 1 1 0 1 1 1 1 1 0 1 1 1 1 1 1 1 1 1 1 0 1 1 1 1 1 0 1 1 1 1 1 1 1 1 1 1 0 1 1 1 1 1 0 1 1 1 1 1 1 1 1 1 1 0 1 1 1 1 1 1 1 1 1 1 0 1 1 1 1 1 0 1 1 1 1 1 1 1 1 1 1 1 1 1 1 1 1 1 1 1 1 1 1 1 1
Activations 1: 73 67 68 74 73 72 80 75 71 73 74 74 63 79 63 80 72 82 75 69 66 66 61 70 64 73
Scale/quant 1: 1 1 1 1 1 1 1 1 1 1 1 1 1 1 1 1 1 1 1 1 1 1 1 1 1 1
Activations 2: 34 32 33 35 36 39 42 34 31 34 37 36 34
Scale/quant 2: 1 1 1 1 1 1 1 1 1 1 1 1 1
Activations 3: 6 5 4 5 6 6 7 4 4 5
Final output: -52 -54 -56 -54 -52 -52 -50 -56 -56 -54
Sample 8: Predicted = 6, Label = 1
Sending input image #9: 0 0 0 0 0 0 0 0 0 0 0 0 0 0 0 0 0 0 0 242 0 0 0 0 0 0 0 0 0 0 253 0 251 0 0 0 0 0 116 0 96 158 0 253 0 0 189 0 0 252 0 111 42 0 0 0 0 0 0 0 251 0 0 0 0 0 0 0 0 0 0 0 0 0 0 0 0 0 0 
X0_input: 1 1 1 1 1 1 1 1 1 1 1 1 1 1 1 1 1 1 1 1 1 1 1 1 1 1 1 0 1 1 1 1 1 1 1 1 1 1 0 1 1 1 1 1 1 1 1 1 1 0 1 1 1 0 1 1 1 1 1 1 0 1 1 1 0 0 1 1 1 1 1 0 1 1 1 0 0 1 1 1 0 0 0 1 1 1 0 0 1 1 1 0 0 0 1 1 1 1 0 1 1 1 0 1 0 1 1 1 1 0 1 1 1 1 1 1 1 1 1 1 0 1 1 1 1 1 1 1 1 1 1 0 1 1 1 1 1 1 1 1 1 1 1 1 1 1 1 1 1 1 1 1 1 1 1 1 1
Activations 1: 76 70 66 73 78 74 80 72 74 76 77 76 68 82 61 80 72 86 73 71 70 65 63 72 66 74
Scale/quant 1: 1 1 1 1 1 1 1 1 1 1 1 1 1 1 1 1 1 1 1 1 1 1 1 1 1 1
Activations 2: 34 32 33 35 36 39 42 34 31 34 37 36 34
Scale/quant 2: 1 1 1 1 1 1 1 1 1 1 1 1 1
Activations 3: 6 5 4 5 6 6 7 4 4 5
Final output: -52 -54 -56 -54 -52 -52 -50 -56 -56 -54
Sample 9: Predicted = 6, Label = 4
Sending input image #10: 0 0 0 0 0 0 0 0 0 0 0 0 0 0 0 103 0 0 254 0 0 224 0 0 254 0 0 41 0 0 0 0 91 0 0 254 0 0 254 0 0 171 0 0 0 0 0 0 0 0 0 0 254 0 90 34 0 36 0 0 241 0 0 254 0 0 0 0 0 0 0 0 0 0 0 0 0 0 0 
X0_input: 1 1 1 1 1 1 1 1 1 1 1 1 1 1 1 1 1 1 1 1 1 1 1 1 1 0 1 1 1 1 0 0 1 1 1 1 0 0 1 1 1 1 0 1 1 1 1 1 0 1 1 1 1 0 0 1 1 1 1 0 1 1 1 1 0 0 1 1 1 1 0 1 1 1 1 0 0 1 1 1 1 0 0 1 1 1 1 0 1 1 1 1 1 0 1 1 1 1 1 0 1 1 1 1 0 1 1 1 0 1 0 1 1 1 0 0 1 1 1 0 0 0 1 1 1 0 0 1 1 1 1 0 1 1 1 1 1 1 1 1 1 1 1 1 1 1 1 1 1 1 1 1 1 1 1 1 1
Activations 1: 81 73 76 79 78 76 81 80 80 77 79 77 71 83 66 82 75 83 76 73 71 71 62 79 76 81
Scale/quant 1: 1 1 1 1 1 1 1 1 1 1 1 1 1 1 1 1 1 1 1 1 1 1 1 1 1 1
Activations 2: 34 32 33 35 36 39 42 34 31 34 37 36 34
Scale/quant 2: 1 1 1 1 1 1 1 1 1 1 1 1 1
Activations 3: 6 5 4 5 6 6 7 4 4 5
Final output: -52 -54 -56 -54 -52 -52 -50 -56 -56 -54
Sample 10: Predicted = 6, Label = 3
Sending input image #11: 0 0 0 0 0 0 0 0 0 0 0 0 0 0 0 0 0 0 0 0 0 0 234 0 0 0 0 254 0 0 39 0 0 0 0 78 0 0 0 0 0 0 0 0 0 0 128 0 0 253 0 231 0 0 254 0 0 233 0 0 0 0 0 0 0 0 0 0 0 0 0 0 0 0 0 0 0 0 0 
X0_input: 1 1 1 1 1 1 1 1 1 1 1 1 1 1 1 1 1 1 1 1 1 1 1 1 1 1 1 1 1 1 1 1 1 1 1 1 1 1 1 1 1 1 1 1 0 1 1 1 1 0 1 1 1 1 0 0 1 1 1 0 0 1 1 1 1 0 1 1 1 1 0 1 1 1 1 0 1 1 1 1 1 0 1 1 1 1 1 1 1 1 1 1 0 1 1 1 1 0 0 1 1 1 0 1 1 1 1 1 0 0 1 1 1 1 0 1 1 1 1 1 1 1 1 1 1 1 1 1 1 1 1 1 1 1 1 1 1 1 1 1 1 1 1 1 1 1 1 1 1 1 1 1 1 1 1 1 1
Activations 1: 72 65 67 72 72 71 80 73 70 71 74 73 62 79 62 79 71 81 74 68 65 64 60 67 63 73
Scale/quant 1: 1 1 1 1 1 1 1 1 1 1 1 1 1 1 1 1 1 1 1 1 1 1 1 1 1 1
Activations 2: 34 32 33 35 36 39 42 34 31 34 37 36 34
Scale/quant 2: 1 1 1 1 1 1 1 1 1 1 1 1 1
Activations 3: 6 5 4 5 6 6 7 4 4 5
Final output: -52 -54 -56 -54 -52 -52 -50 -56 -56 -54
Sample 11: Predicted = 6, Label = 5
Sending input image #12: 0 0 0 0 0 0 0 0 0 0 0 0 0 0 0 155 0 0 254 0 254 205 0 35 254 0 0 53 0 0 0 0 158 0 0 254 0 0 254 0 0 254 0 0 254 0 0 118 0 0 0 0 0 0 25 188 0 15 254 0 0 0 0 205 0 0 254 0 7 0 0 0 0 0 0 0 0 0 0 
X0_input: 1 1 1 1 1 1 1 1 1 1 1 1 1 1 1 1 1 1 1 1 1 1 1 1 1 1 1 1 1 0 0 0 1 1 1 0 0 0 1 1 0 0 0 1 1 1 0 1 0 1 1 1 1 1 0 1 1 1 1 0 1 1 1 1 0 0 1 1 1 1 0 1 1 1 1 0 0 1 1 1 1 0 0 1 1 1 1 0 0 1 1 1 1 0 0 1 1 1 1 0 1 1 1 1 1 0 1 1 0 1 0 1 1 1 0 1 0 1 1 0 1 0 1 1 1 0 0 0 1 1 1 0 0 1 1 1 0 0 1 1 1 1 1 1 1 1 1 1 1 1 1 1 1 1 1 1 1
Activations 1: 81 75 73 82 79 80 86 81 79 81 79 82 69 86 67 86 79 89 80 76 73 73 66 77 73 81
Scale/quant 1: 1 1 1 1 1 1 1 1 1 1 1 1 1 1 1 1 1 1 1 1 1 1 1 1 1 1
Activations 2: 34 32 33 35 36 39 42 34 31 34 37 36 34
Scale/quant 2: 1 1 1 1 1 1 1 1 1 1 1 1 1
Activations 3: 6 5 4 5 6 6 7 4 4 5
Final output: -52 -54 -56 -54 -52 -52 -50 -56 -56 -54
Sample 12: Predicted = 6, Label = 3
Sending input image #13: 0 0 0 0 0 0 0 0 0 0 234 0 0 19 0 0 0 0 57 0 0 253 0 0 0 0 0 0 0 253 0 0 118 0 0 0 0 0 252 0 109 49 0 126 240 0 197 0 0 112 0 0 234 0 252 0 0 253 0 0 252 0 0 0 0 0 0 0 0 0 0 0 0 0 0 0 0 0 0 
X0_input: 1 1 1 1 1 1 1 1 1 1 1 1 1 1 1 1 1 1 1 1 0 1 1 1 1 0 0 1 1 1 1 0 1 1 1 1 0 1 1 1 1 1 0 1 1 1 1 0 1 1 1 1 1 0 1 1 1 1 0 1 1 1 1 1 0 0 1 1 1 0 1 0 1 1 1 0 0 0 1 1 0 0 0 1 1 1 0 0 0 1 1 0 0 0 1 1 1 0 0 0 1 1 1 0 0 1 1 1 0 0 1 1 1 1 0 0 1 1 1 1 0 1 1 1 1 1 1 1 1 1 1 1 1 1 1 1 1 1 1 1 1 1 1 1 1 1 1 1 1 1 1 1 1 1 1 1 1
Activations 1: 83 72 72 81 82 75 80 78 75 74 81 79 71 86 64 79 77 85 76 72 70 73 64 75 74 83
Scale/quant 1: 1 1 1 1 1 1 1 1 1 1 1 1 1 1 1 1 1 1 1 1 1 1 1 1 1 1
Activations 2: 34 32 33 35 36 39 42 34 31 34 37 36 34
Scale/quant 2: 1 1 1 1 1 1 1 1 1 1 1 1 1
Activations 3: 6 5 4 5 6 6 7 4 4 5
Final output: -52 -54 -56 -54 -52 -52 -50 -56 -56 -54
Sample 13: Predicted = 6, Label = 6
Sending input image #14: 0 0 0 0 0 0 0 0 0 0 0 0 0 0 0 0 0 0 228 0 0 122 0 0 0 0 0 0 0 0 0 0 29 0 0 254 0 0 0 0 0 0 0 0 0 0 29 0 0 254 0 0 0 0 0 0 0 0 0 0 6 0 0 254 0 0 0 0 0 0 0 0 0 0 0 0 0 0 0 
X0_input: 1 1 1 1 1 1 1 1 1 1 1 1 1 1 1 1 1 1 1 1 1 1 1 1 1 1 1 1 1 1 1 1 1 1 1 1 0 1 1 1 1 1 0 1 1 1 1 1 1 1 1 1 1 0 1 1 1 1 1 0 1 1 1 1 0 1 1 1 1 1 0 1 1 1 1 1 1 1 1 1 1 0 1 1 1 1 1 0 1 1 1 1 0 1 1 1 1 1 0 1 1 1 1 1 1 1 1 1 1 0 1 1 1 1 1 0 1 1 1 1 0 1 1 1 1 1 0 1 1 1 1 1 1 1 1 1 1 0 1 1 1 1 1 1 1 1 1 1 1 1 1 1 1 1 1 1 1
Activations 1: 75 68 69 75 74 73 81 76 72 74 75 76 64 80 64 82 73 83 76 71 67 67 62 70 65 74
Scale/quant 1: 1 1 1 1 1 1 1 1 1 1 1 1 1 1 1 1 1 1 1 1 1 1 1 1 1 1
Activations 2: 34 32 33 35 36 39 42 34 31 34 37 36 34
Scale/quant 2: 1 1 1 1 1 1 1 1 1 1 1 1 1
Activations 3: 6 5 4 5 6 6 7 4 4 5
Final output: -52 -54 -56 -54 -52 -52 -50 -56 -56 -54
Sample 14: Predicted = 6, Label = 1
Sending input image #15: 0 0 0 0 0 0 0 0 0 0 0 0 0 0 0 0 0 0 0 0 0 0 0 0 252 0 25 252 0 252 252 0 108 0 0 0 0 185 90 0 190 209 0 0 0 0 0 0 0 255 0 0 107 0 0 0 0 13 0 0 252 0 0 0 0 0 0 0 43 0 0 221 0 0 0 0 0 0 0 
X0_input: 1 1 1 1 1 1 1 1 1 1 1 1 1 1 1 1 1 1 1 1 1 1 1 1 1 1 1 1 1 1 1 1 1 1 1 1 1 1 1 1 1 1 1 0 1 1 1 1 0 0 1 1 0 0 0 1 1 1 0 0 0 1 1 0 0 0 1 1 1 0 1 0 1 1 0 1 0 1 1 1 0 1 0 1 1 1 1 0 1 1 1 1 1 0 1 1 1 1 0 1 1 1 1 1 0 1 1 1 1 0 1 1 1 1 0 0 1 1 1 1 0 1 1 1 1 0 1 1 1 1 1 0 1 1 1 1 0 1 1 1 1 1 0 1 1 1 1 1 1 1 1 1 1 1 1 1 1
Activations 1: 77 69 69 76 77 75 81 75 75 75 75 75 66 81 63 82 74 84 75 71 69 67 61 70 66 76
Scale/quant 1: 1 1 1 1 1 1 1 1 1 1 1 1 1 1 1 1 1 1 1 1 1 1 1 1 1 1
Activations 2: 34 32 33 35 36 39 42 34 31 34 37 36 34
Scale/quant 2: 1 1 1 1 1 1 1 1 1 1 1 1 1
Activations 3: 6 5 4 5 6 6 7 4 4 5
Final output: -52 -54 -56 -54 -52 -52 -50 -56 -56 -54
Sample 15: Predicted = 6, Label = 7
Sending input image #16: 0 0 0 0 0 0 0 0 0 0 0 0 0 0 0 0 0 0 237 0 0 0 0 0 130 0 74 231 0 0 0 0 0 0 0 0 0 0 7 0 0 254 0 0 157 0 203 127 0 228 0 185 254 0 49 0 0 0 0 0 213 0 0 0 0 0 0 0 0 0 0 0 0 0 0 0 0 0 0 
X0_input: 1 1 1 1 1 1 1 1 1 1 1 1 1 1 1 1 1 1 1 1 1 1 1 1 1 1 1 1 1 1 1 0 1 1 1 1 0 0 1 1 1 0 1 1 1 1 1 1 0 1 1 1 0 1 0 1 1 1 1 1 1 1 1 1 1 0 1 1 1 1 1 0 1 1 1 1 0 1 1 1 1 1 0 0 1 1 1 0 0 0 1 1 0 0 0 1 1 0 0 0 1 1 0 0 0 1 1 1 0 0 1 1 1 1 1 0 1 1 1 0 0 1 1 1 1 0 1 1 1 1 1 1 1 1 1 1 1 1 1 1 1 1 1 1 1 1 1 1 1 1 1 1 1 1 1 1 1
Activations 1: 80 72 70 79 78 77 83 78 77 78 77 79 68 82 65 84 76 86 77 73 70 70 63 74 68 77
Scale/quant 1: 1 1 1 1 1 1 1 1 1 1 1 1 1 1 1 1 1 1 1 1 1 1 1 1 1 1
Activations 2: 34 32 33 35 36 39 42 34 31 34 37 36 34
Scale/quant 2: 1 1 1 1 1 1 1 1 1 1 1 1 1
Activations 3: 6 5 4 5 6 6 7 4 4 5
Final output: -52 -54 -56 -54 -52 -52 -50 -56 -56 -54
Sample 16: Predicted = 6, Label = 2
Sending input image #17: 0 0 0 0 0 0 0 0 0 0 0 0 0 0 0 0 203 0 0 13 0 185 0 0 161 0 0 233 0 139 106 0 253 0 0 80 0 0 253 0 0 0 0 3 0 0 253 0 0 253 0 0 0 0 239 0 0 0 0 0 253 0 0 0 0 0 0 0 118 0 0 0 0 0 0 0 0 0 0 
X0_input: 1 1 1 1 1 1 1 1 1 1 1 1 1 1 1 1 1 1 1 1 1 1 1 1 1 1 1 1 1 1 1 1 0 1 1 1 1 0 0 1 1 1 0 0 1 1 1 0 0 0 1 1 1 0 0 1 1 1 0 1 0 1 1 1 0 0 1 1 1 1 0 1 1 1 1 0 0 1 1 1 1 0 1 1 1 1 0 0 1 1 1 1 0 1 1 1 1 0 0 1 1 1 1 0 1 1 1 1 0 0 1 1 1 1 1 0 1 1 1 0 0 1 1 1 1 0 1 1 1 1 1 0 1 1 1 1 0 1 1 1 1 1 1 1 1 1 1 1 1 1 1 1 1 1 1 1 1
Activations 1: 77 68 68 76 75 75 82 76 75 75 76 77 66 82 63 83 74 84 75 72 69 67 61 70 67 76
Scale/quant 1: 1 1 1 1 1 1 1 1 1 1 1 1 1 1 1 1 1 1 1 1 1 1 1 1 1 1
Activations 2: 34 32 33 35 36 39 42 34 31 34 37 36 34
Scale/quant 2: 1 1 1 1 1 1 1 1 1 1 1 1 1
Activations 3: 6 5 4 5 6 6 7 4 4 5
Final output: -52 -54 -56 -54 -52 -52 -50 -56 -56 -54
Sample 17: Predicted = 6, Label = 8
Sending input image #18: 0 0 0 0 0 0 0 0 0 0 34 0 0 143 0 0 0 0 0 0 0 200 0 0 0 0 0 0 0 0 0 0 184 0 0 0 0 0 254 0 0 246 0 254 0 0 0 0 0 0 0 0 0 0 0 181 0 229 0 0 105 0 0 253 0 0 0 0 0 0 0 0 0 0 0 0 0 0 0 
X0_input: 1 1 1 1 1 1 1 1 1 1 1 1 1 1 1 1 1 1 1 1 0 1 1 1 1 1 0 1 1 1 1 0 1 1 1 1 1 1 1 1 1 1 0 1 1 1 1 1 1 1 1 1 1 0 1 1 1 1 1 1 1 1 1 1 0 1 1 1 1 1 1 1 1 1 1 0 0 1 1 1 1 0 0 1 1 1 0 1 1 1 1 1 1 1 1 1 1 0 1 0 1 1 1 0 1 1 1 1 1 1 0 1 1 1 0 1 1 1 1 1 0 0 1 1 1 1 0 1 1 1 1 1 1 1 1 1 1 1 1 1 1 1 1 1 1 1 1 1 1 1 1 1 1 1 1 1 1
Activations 1: 78 68 74 76 77 72 79 73 78 77 75 79 69 81 63 82 78 88 75 69 67 70 63 74 72 78
Scale/quant 1: 1 1 1 1 1 1 1 1 1 1 1 1 1 1 1 1 1 1 1 1 1 1 1 1 1 1
Activations 2: 34 32 33 35 36 39 42 34 31 34 37 36 34
Scale/quant 2: 1 1 1 1 1 1 1 1 1 1 1 1 1
Activations 3: 6 5 4 5 6 6 7 4 4 5
Final output: -52 -54 -56 -54 -52 -52 -50 -56 -56 -54
Sample 18: Predicted = 6, Label = 6
Sending input image #19: 0 0 0 0 0 0 0 0 0 0 0 0 0 0 0 0 0 0 0 0 0 105 0 0 252 0 0 252 0 0 47 0 252 0 0 8 0 0 252 0 0 0 0 0 0 0 0 0 0 255 0 0 32 0 0 0 0 0 0 0 252 0 0 0 0 0 0 0 9 0 0 196 0 0 0 0 0 0 0 
X0_input: 1 1 1 1 1 1 1 1 1 1 1 1 1 1 1 1 1 1 1 1 1 1 1 1 1 1 1 1 1 1 1 1 1 1 1 1 1 1 1 1 1 1 0 1 1 1 1 1 0 1 1 1 1 0 0 1 1 1 1 1 0 1 1 1 0 0 1 1 1 1 0 0 1 1 1 0 0 1 1 1 1 0 1 1 1 1 1 0 1 1 1 1 1 1 1 1 1 1 0 1 1 1 1 1 0 1 1 1 1 0 1 1 1 1 1 1 1 1 1 1 0 1 1 1 1 1 1 1 1 1 1 0 1 1 1 1 0 1 1 1 1 1 0 1 1 1 1 0 1 1 1 1 1 1 1 1 1
Activations 1: 75 68 68 74 75 73 81 75 73 73 76 75 65 81 63 82 73 83 75 71 68 66 61 69 66 75
Scale/quant 1: 1 1 1 1 1 1 1 1 1 1 1 1 1 1 1 1 1 1 1 1 1 1 1 1 1 1
Activations 2: 34 32 33 35 36 39 42 34 31 34 37 36 34
Scale/quant 2: 1 1 1 1 1 1 1 1 1 1 1 1 1
Activations 3: 6 5 4 5 6 6 7 4 4 5
Final output: -52 -54 -56 -54 -52 -52 -50 -56 -56 -54
Sample 19: Predicted = 6, Label = 9
Sending input image #20: 0 0 0 0 0 0 0 0 0 0 0 0 0 190 0 0 4 0 0 0 252 0 0 238 12 0 17 252 0 0 36 0 0 0 0 109 0 252 252 0 253 253 0 252 155 0 252 0 0 0 0 14 49 0 0 252 0 0 252 0 0 11 0 0 0 0 0 0 0 0 0 0 0 0 0 0 0 0 0 
X0_input: 1 1 1 1 1 1 1 1 1 1 1 1 1 1 1 1 1 1 1 1 1 1 1 1 1 1 0 1 1 0 1 1 0 1 1 1 1 0 1 1 0 1 1 0 1 1 0 1 0 1 1 0 0 1 0 1 1 0 1 1 0 1 1 0 1 0 1 1 1 0 0 0 1 1 0 0 0 1 1 1 0 0 0 1 1 1 0 0 0 1 1 0 0 0 1 1 1 0 1 0 1 1 0 1 0 0 1 1 1 1 0 1 1 1 1 1 0 1 1 1 1 0 0 1 1 1 1 0 1 1 1 1 1 0 1 1 1 1 1 1 1 1 1 1 1 1 1 1 1 1 1 1 1 1 1 1 1
Activations 1: 72 67 67 72 76 70 80 73 73 74 76 73 66 79 59 80 72 84 77 67 62 65 61 67 66 73
Scale/quant 1: 1 1 1 1 1 1 1 1 1 1 1 1 1 1 1 1 1 1 1 1 1 1 1 1 1 1
Activations 2: 34 32 33 35 36 39 42 34 31 34 37 36 34
Scale/quant 2: 1 1 1 1 1 1 1 1 1 1 1 1 1
Activations 3: 6 5 4 5 6 6 7 4 4 5
Final output: -52 -54 -56 -54 -52 -52 -50 -56 -56 -54
Sample 20: Predicted = 6, Label = 4
Sending input image #21: 0 0 0 0 0 0 0 0 0 0 0 0 0 253 0 0 205 0 0 31 0 223 0 0 251 0 0 95 0 236 251 0 188 31 0 96 0 0 0 0 253 0 0 0 197 0 0 31 0 0 0 251 0 0 253 253 0 190 0 0 251 0 0 229 0 0 0 0 0 0 0 0 0 0 0 0 0 0 0 
X0_input: 1 1 1 1 1 1 1 1 1 1 1 1 1 1 1 1 1 1 1 1 1 1 1 1 1 1 0 1 1 1 1 1 0 1 1 1 1 0 0 1 1 1 0 0 1 1 1 0 0 0 1 1 1 0 0 1 1 1 0 0 0 1 1 1 0 0 0 1 1 0 0 0 1 1 1 1 1 0 1 1 0 1 1 1 1 0 1 1 0 1 1 0 1 1 0 1 1 1 1 0 1 1 0 1 1 0 1 1 0 1 0 1 1 0 0 0 1 1 1 0 0 0 1 1 1 0 0 1 1 1 1 0 1 1 1 1 1 1 1 1 1 1 1 1 1 1 1 1 1 1 1 1 1 1 1 1 1
Activations 1: 76 70 69 77 77 74 83 77 76 76 77 77 67 83 61 83 74 86 77 72 67 69 63 71 69 76
Scale/quant 1: 1 1 1 1 1 1 1 1 1 1 1 1 1 1 1 1 1 1 1 1 1 1 1 1 1 1
Activations 2: 34 32 33 35 36 39 42 34 31 34 37 36 34
Scale/quant 2: 1 1 1 1 1 1 1 1 1 1 1 1 1
Activations 3: 6 5 4 5 6 6 7 4 4 5
Final output: -52 -54 -56 -54 -52 -52 -50 -56 -56 -54
Sample 21: Predicted = 6, Label = 0
Sending input image #22: 0 0 0 0 0 0 0 0 0 0 0 0 0 0 0 0 0 0 0 0 0 98 0 0 16 0 0 120 0 0 0 0 212 0 0 0 0 0 233 0 0 14 0 254 0 0 227 0 0 226 0 0 0 0 0 0 0 0 0 0 250 0 0 0 0 0 0 0 0 0 0 232 0 0 0 0 0 0 0 
X0_input: 1 1 1 1 1 1 1 1 1 1 1 1 1 1 1 1 1 1 1 1 1 1 1 1 1 1 1 1 1 1 1 1 1 1 1 1 1 0 1 1 1 1 0 0 1 1 1 1 0 1 1 1 1 0 0 1 1 1 1 1 1 1 1 1 0 0 1 1 1 1 1 0 1 1 1 0 0 1 1 1 1 1 0 1 1 1 0 0 1 1 1 1 0 1 1 1 1 1 0 1 1 1 1 1 1 1 1 1 1 0 1 1 1 1 1 1 1 1 1 1 0 1 1 1 1 1 1 1 1 1 1 0 1 1 1 1 1 1 1 1 1 1 0 1 1 1 1 1 1 1 1 1 1 1 1 1 1
Activations 1: 75 68 68 74 75 73 81 74 73 73 76 75 65 80 63 81 73 83 75 70 68 66 61 69 65 75
Scale/quant 1: 1 1 1 1 1 1 1 1 1 1 1 1 1 1 1 1 1 1 1 1 1 1 1 1 1 1
Activations 2: 34 32 33 35 36 39 42 34 31 34 37 36 34
Scale/quant 2: 1 1 1 1 1 1 1 1 1 1 1 1 1
Activations 3: 6 5 4 5 6 6 7 4 4 5
Final output: -52 -54 -56 -54 -52 -52 -50 -56 -56 -54
Sample 22: Predicted = 6, Label = 9
Sending input image #23: 0 0 0 0 0 0 0 0 0 0 0 0 0 0 0 0 136 0 0 0 0 0 0 0 61 0 0 253 0 0 0 0 0 0 0 142 0 0 207 0 0 0 0 0 0 0 251 0 0 149 0 0 0 0 0 0 0 253 0 0 84 0 0 0 0 0 0 0 0 0 0 0 0 0 0 0 0 0 0 
X0_input: 1 1 1 1 1 1 1 1 1 1 1 1 1 1 1 1 1 1 1 1 1 1 1 1 1 1 1 1 1 1 1 1 0 1 1 1 1 0 1 1 1 1 1 0 1 1 1 1 0 1 1 1 1 1 0 1 1 1 1 0 1 1 1 1 1 0 1 1 1 1 0 1 1 1 1 1 0 1 1 1 1 0 1 1 1 1 1 0 1 1 1 1 0 1 1 1 1 1 0 1 1 1 1 0 1 1 1 1 1 0 1 1 1 1 0 1 1 1 1 1 0 1 1 1 1 0 1 1 1 1 1 0 1 1 1 1 1 1 1 1 1 1 1 1 1 1 1 1 1 1 1 1 1 1 1 1 1
Activations 1: 76 67 67 75 74 74 81 75 74 74 75 75 65 81 62 82 73 83 74 71 67 66 60 69 66 74
Scale/quant 1: 1 1 1 1 1 1 1 1 1 1 1 1 1 1 1 1 1 1 1 1 1 1 1 1 1 1
Activations 2: 34 32 33 35 36 39 42 34 31 34 37 36 34
Scale/quant 2: 1 1 1 1 1 1 1 1 1 1 1 1 1
Activations 3: 6 5 4 5 6 6 7 4 4 5
Final output: -52 -54 -56 -54 -52 -52 -50 -56 -56 -54
Sample 23: Predicted = 6, Label = 1
Sending input image #24: 0 0 0 0 0 0 0 0 0 0 222 0 0 5 0 0 0 0 0 0 0 164 0 0 254 0 0 0 0 0 0 0 254 0 0 32 0 0 254 0 0 0 0 0 0 0 0 0 0 0 0 0 221 0 41 233 0 254 138 0 5 0 0 0 0 0 0 0 0 0 0 0 0 0 0 0 0 0 0 
X0_input: 1 1 1 1 1 1 1 1 1 1 1 1 1 1 1 1 1 1 1 1 0 1 1 1 1 1 0 1 1 1 1 0 1 1 1 1 1 0 1 1 1 1 0 1 1 1 1 1 0 1 1 1 1 0 1 1 1 1 1 0 1 1 1 0 0 0 1 1 1 0 0 1 1 1 1 1 0 1 1 1 1 1 1 1 1 1 1 0 1 1 1 1 1 0 1 1 1 1 1 1 1 1 1 0 0 0 1 1 0 0 0 1 1 1 0 0 0 1 1 0 0 1 1 1 1 0 1 1 1 1 1 1 1 1 1 1 1 1 1 1 1 1 1 1 1 1 1 1 1 1 1 1 1 1 1 1 1
Activations 1: 81 70 72 79 79 76 80 77 77 79 76 77 68 84 62 82 77 85 74 69 68 69 64 73 71 79
Scale/quant 1: 1 1 1 1 1 1 1 1 1 1 1 1 1 1 1 1 1 1 1 1 1 1 1 1 1 1
Activations 2: 34 32 33 35 36 39 42 34 31 34 37 36 34
Scale/quant 2: 1 1 1 1 1 1 1 1 1 1 1 1 1
Activations 3: 6 5 4 5 6 6 7 4 4 5
Final output: -52 -54 -56 -54 -52 -52 -50 -56 -56 -54
Sample 24: Predicted = 6, Label = 1
Sending input image #25: 0 0 0 0 0 0 0 0 0 0 0 0 0 50 0 49 17 0 253 45 0 220 0 0 0 0 14 253 0 0 253 0 0 0 0 250 0 0 253 0 0 0 0 253 0 0 188 0 0 0 0 41 0 0 253 253 0 253 253 0 253 106 0 253 0 0 55 0 0 0 0 0 0 0 0 0 0 0 0 
X0_input: 1 1 1 1 1 1 1 1 1 1 1 1 1 1 1 1 1 1 1 1 1 1 1 1 1 0 0 1 1 1 0 0 0 1 1 0 0 0 0 1 1 0 0 0 1 1 1 0 1 0 1 1 0 1 0 1 1 1 1 0 0 1 1 1 1 0 1 1 1 1 0 0 1 1 1 0 0 1 1 1 1 0 1 1 1 1 0 1 1 1 1 0 0 1 1 1 1 0 1 1 1 1 0 0 1 0 1 1 0 1 0 0 1 0 0 0 0 1 1 0 0 0 0 1 1 0 0 0 1 1 1 0 0 1 1 1 1 1 1 1 1 1 1 1 1 1 1 1 1 1 1 1 1 1 1 1 1
Activations 1: 83 74 76 78 81 78 82 81 82 77 80 79 72 84 67 83 76 86 79 74 71 72 63 78 76 79
Scale/quant 1: 1 1 1 1 1 1 1 1 1 1 1 1 1 1 1 1 1 1 1 1 1 1 1 1 1 1
Activations 2: 34 32 33 35 36 39 42 34 31 34 37 36 34
Scale/quant 2: 1 1 1 1 1 1 1 1 1 1 1 1 1
Activations 3: 6 5 4 5 6 6 7 4 4 5
Final output: -52 -54 -56 -54 -52 -52 -50 -56 -56 -54
Sample 25: Predicted = 6, Label = 2
Sending input image #26: 0 0 0 0 0 0 0 0 0 0 0 0 0 0 0 0 0 0 0 0 0 0 0 0 57 0 0 46 0 138 0 0 0 0 0 0 0 0 254 0 0 113 0 3 0 0 0 0 0 0 0 0 210 0 0 0 0 0 0 0 0 0 0 254 0 0 0 0 0 0 0 0 0 0 0 0 0 0 0 
X0_input: 1 1 1 1 1 1 1 1 1 1 1 1 1 1 1 1 1 1 1 1 1 1 1 1 1 1 1 1 1 1 1 1 1 1 1 1 1 0 1 1 1 1 1 0 1 1 1 0 0 1 1 1 1 1 0 1 1 1 0 1 1 1 1 1 1 0 1 1 1 0 1 0 1 1 1 0 0 1 1 1 1 0 0 1 1 1 0 0 1 1 1 1 1 0 1 1 1 1 1 1 1 1 1 1 0 1 1 1 1 1 1 1 1 1 1 0 1 1 1 1 1 1 1 1 1 1 0 1 1 1 1 1 1 1 1 1 1 0 1 1 1 1 1 1 1 1 1 1 1 1 1 1 1 1 1 1 1
Activations 1: 72 66 67 72 73 71 80 72 71 71 75 72 63 79 62 78 71 81 74 67 65 64 60 68 63 73
Scale/quant 1: 1 1 1 1 1 1 1 1 1 1 1 1 1 1 1 1 1 1 1 1 1 1 1 1 1 1
Activations 2: 34 32 33 35 36 39 42 34 31 34 37 36 34
Scale/quant 2: 1 1 1 1 1 1 1 1 1 1 1 1 1
Activations 3: 6 5 4 5 6 6 7 4 4 5
Final output: -52 -54 -56 -54 -52 -52 -50 -56 -56 -54
Sample 26: Predicted = 6, Label = 4
Sending input image #27: 0 0 0 0 0 0 0 0 0 0 0 0 0 0 0 9 44 0 253 0 0 253 0 139 253 0 34 253 0 0 253 0 33 0 0 253 0 0 253 0 0 253 0 0 138 0 0 0 0 0 0 0 32 0 0 253 0 36 138 0 215 0 80 253 0 247 156 0 253 0 0 0 0 0 0 0 0 0 0 
X0_input: 1 1 1 1 1 1 1 1 1 1 1 1 1 1 1 1 1 1 1 1 1 1 1 1 1 1 1 1 1 1 0 0 0 1 1 0 0 0 1 1 1 0 0 0 1 1 0 0 0 0 1 1 0 0 0 0 1 1 1 0 0 1 1 1 0 0 1 1 1 1 0 0 1 1 1 0 0 1 1 1 1 0 0 1 1 1 1 0 0 1 1 1 1 0 1 1 1 1 1 0 1 1 1 1 0 0 1 1 1 1 0 1 1 0 0 0 0 1 1 0 0 0 1 1 0 0 0 0 1 1 0 0 0 1 1 1 0 0 1 1 1 1 1 1 1 1 1 1 1 1 1 1 1 1 1 1 1
Activations 1: 81 73 71 80 78 78 84 79 77 79 78 80 68 84 65 85 76 86 77 74 70 70 63 74 70 78
Scale/quant 1: 1 1 1 1 1 1 1 1 1 1 1 1 1 1 1 1 1 1 1 1 1 1 1 1 1 1
Activations 2: 34 32 33 35 36 39 42 34 31 34 37 36 34
Scale/quant 2: 1 1 1 1 1 1 1 1 1 1 1 1 1
Activations 3: 6 5 4 5 6 6 7 4 4 5
Final output: -52 -54 -56 -54 -52 -52 -50 -56 -56 -54
Sample 27: Predicted = 6, Label = 3
Sending input image #28: 0 0 0 0 0 0 0 0 0 0 0 0 0 0 0 254 0 0 253 0 101 253 0 253 253 0 61 253 0 0 253 0 0 199 0 0 0 0 0 0 0 253 0 0 129 0 0 0 0 244 0 0 197 0 0 0 0 216 0 0 253 7 0 253 0 0 253 0 0 253 0 0 0 0 0 0 0 0 0 
X0_input: 1 1 1 1 1 1 1 1 1 1 1 1 1 1 1 1 1 1 1 1 1 1 1 1 1 1 1 1 1 0 0 0 1 1 1 0 0 0 1 1 0 0 0 0 1 1 0 0 0 0 1 1 0 0 0 1 1 1 1 0 0 1 1 1 1 0 0 1 1 1 1 0 1 1 1 1 1 0 1 1 1 1 0 1 1 1 1 0 0 1 1 1 1 0 1 1 1 1 0 0 1 1 1 0 0 1 1 1 1 0 1 1 1 1 0 0 1 1 1 1 0 0 0 1 1 0 0 0 1 1 1 0 0 0 1 1 1 0 0 0 1 1 1 1 1 1 1 1 1 1 1 1 1 1 1 1 1
Activations 1: 84 76 74 83 81 80 86 81 80 81 80 82 71 85 68 87 80 90 81 77 74 74 67 78 72 81
Scale/quant 1: 1 1 1 1 1 1 1 1 1 1 1 1 1 1 1 1 1 1 1 1 1 1 1 1 1 1
Activations 2: 34 32 33 35 36 39 42 34 31 34 37 36 34
Scale/quant 2: 1 1 1 1 1 1 1 1 1 1 1 1 1
Activations 3: 6 5 4 5 6 6 7 4 4 5
Final output: -52 -54 -56 -54 -52 -52 -50 -56 -56 -54
Sample 28: Predicted = 6, Label = 2
Sending input image #29: 0 0 0 0 0 0 0 0 0 0 0 0 0 0 0 0 0 0 0 0 0 0 0 0 3 0 0 254 0 91 246 0 254 0 0 2 0 0 246 0 0 37 0 0 0 0 75 0 0 219 0 0 0 0 0 0 0 254 0 0 0 0 0 0 0 0 0 0 0 0 0 0 0 0 0 0 0 0 0 
X0_input: 1 1 1 1 1 1 1 1 1 1 1 1 1 1 1 1 1 1 1 1 1 1 1 1 1 1 1 1 1 1 1 1 1 1 1 1 1 1 1 1 1 1 1 1 1 1 1 1 0 1 1 1 1 0 0 1 1 1 0 0 0 1 1 1 0 0 1 1 1 0 0 0 1 1 1 1 0 1 1 1 1 1 0 1 1 1 1 0 1 1 1 1 0 1 1 1 1 1 0 1 1 1 1 0 1 1 1 1 1 0 1 1 1 1 0 1 1 1 1 1 1 1 1 1 1 0 1 1 1 1 1 1 1 1 1 1 1 1 1 1 1 1 1 1 1 1 1 1 1 1 1 1 1 1 1 1 1
Activations 1: 75 68 67 75 75 74 81 75 74 74 75 76 65 81 62 81 73 83 74 70 68 66 60 69 65 75
Scale/quant 1: 1 1 1 1 1 1 1 1 1 1 1 1 1 1 1 1 1 1 1 1 1 1 1 1 1 1
Activations 2: 34 32 33 35 36 39 42 34 31 34 37 36 34
Scale/quant 2: 1 1 1 1 1 1 1 1 1 1 1 1 1
Activations 3: 6 5 4 5 6 6 7 4 4 5
Final output: -52 -54 -56 -54 -52 -52 -50 -56 -56 -54
Sample 29: Predicted = 6, Label = 7
Sending input image #30: 0 0 0 0 0 0 0 0 0 0 0 0 0 0 0 0 0 0 0 0 0 143 0 253 217 0 161 0 0 0 0 0 33 0 0 253 0 0 192 0 0 253 0 42 253 0 0 42 0 195 0 0 0 0 0 0 0 0 253 0 0 3 0 6 0 0 0 0 0 0 0 0 0 0 0 0 0 0 0 
X0_input: 1 1 1 1 1 1 1 1 1 1 1 1 1 1 1 1 1 1 1 1 1 1 1 1 1 1 1 1 1 1 1 1 1 1 1 1 1 1 1 1 1 0 0 1 1 1 0 0 0 1 1 0 0 0 1 1 1 0 1 0 1 1 1 1 0 0 1 1 1 1 0 1 1 1 1 0 0 1 1 1 1 0 0 1 1 1 0 0 0 1 1 1 1 1 0 1 1 1 0 1 1 1 1 1 1 0 1 1 1 0 1 1 1 1 1 0 0 1 1 1 1 0 0 1 1 1 0 0 1 1 1 1 1 1 1 1 1 1 1 1 1 1 1 1 1 1 1 1 1 1 1 1 1 1 1 1 1
Activations 1: 74 67 68 73 74 73 81 74 71 73 75 74 63 80 63 80 72 82 75 69 66 65 61 69 65 74
Scale/quant 1: 1 1 1 1 1 1 1 1 1 1 1 1 1 1 1 1 1 1 1 1 1 1 1 1 1 1
Activations 2: 34 32 33 35 36 39 42 34 31 34 37 36 34
Scale/quant 2: 1 1 1 1 1 1 1 1 1 1 1 1 1
Activations 3: 6 5 4 5 6 6 7 4 4 5
Final output: -52 -54 -56 -54 -52 -52 -50 -56 -56 -54
Sample 30: Predicted = 6, Label = 3
Sending input image #31: 0 0 0 0 0 0 0 0 0 0 0 0 0 0 0 0 16 0 0 0 0 253 0 0 22 0 0 17 0 0 253 0 0 103 0 253 0 0 253 0 0 0 0 134 0 0 253 0 0 253 0 0 0 0 201 0 0 0 0 0 252 0 0 14 0 230 0 0 253 0 0 0 0 0 0 0 0 0 0 
X0_input: 1 1 1 1 1 1 1 1 1 1 1 1 1 1 1 1 1 1 1 1 1 1 1 1 1 1 1 1 1 1 1 0 0 1 1 1 1 0 1 1 1 1 0 0 1 1 1 1 0 0 1 1 1 0 0 0 1 1 1 0 0 1 1 1 1 0 0 1 1 1 0 0 1 1 1 1 0 1 1 1 1 0 1 1 1 1 0 0 1 1 1 1 0 1 1 1 1 0 0 1 1 1 1 0 1 1 1 1 0 0 1 1 1 0 1 0 1 1 1 0 0 1 1 1 1 0 0 1 1 1 0 0 1 1 1 1 0 1 1 1 1 1 1 1 1 1 1 1 1 1 1 1 1 1 1 1 1
Activations 1: 78 71 70 78 78 76 83 78 77 77 78 78 68 84 65 85 76 86 77 74 70 70 63 73 69 77
Scale/quant 1: 1 1 1 1 1 1 1 1 1 1 1 1 1 1 1 1 1 1 1 1 1 1 1 1 1 1
Activations 2: 34 32 33 35 36 39 42 34 31 34 37 36 34
Scale/quant 2: 1 1 1 1 1 1 1 1 1 1 1 1 1
Activations 3: 6 5 4 5 6 6 7 4 4 5
Final output: -52 -54 -56 -54 -52 -52 -50 -56 -56 -54
Sample 31: Predicted = 6, Label = 8
Sending input image #32: 0 0 0 0 0 0 0 0 0 0 183 0 0 0 0 0 0 0 158 0 0 0 0 0 0 0 0 0 0 17 0 0 105 0 0 0 0 0 0 0 0 155 0 254 254 0 0 0 0 247 0 0 0 0 0 254 0 79 0 0 177 0 0 0 0 0 0 0 0 0 0 0 0 0 0 0 0 0 0 
X0_input: 1 1 1 1 1 1 1 1 1 1 1 1 1 1 1 1 1 1 1 1 0 1 1 1 1 0 1 1 1 1 1 0 1 1 1 1 0 1 1 1 1 1 1 1 1 1 1 0 1 1 1 1 1 0 1 1 1 1 0 1 1 1 1 1 0 1 1 1 1 1 1 1 1 1 1 0 1 1 1 1 1 1 0 1 1 1 0 0 0 1 1 1 1 0 1 1 1 0 0 0 1 1 1 0 1 0 1 1 1 1 0 1 1 1 0 0 1 1 1 1 0 0 1 1 1 1 1 1 1 1 1 1 1 1 1 1 1 1 1 1 1 1 1 1 1 1 1 1 1 1 1 1 1 1 1 1 1
Activations 1: 78 71 71 82 75 74 79 76 71 69 79 79 69 82 64 78 76 84 76 71 71 66 60 74 71 86
Scale/quant 1: 1 1 1 1 1 1 1 1 1 1 1 1 1 1 1 1 1 1 1 1 1 1 1 1 1 1
Activations 2: 34 32 33 35 36 39 42 34 31 34 37 36 34
Scale/quant 2: 1 1 1 1 1 1 1 1 1 1 1 1 1
Activations 3: 6 5 4 5 6 6 7 4 4 5
Final output: -52 -54 -56 -54 -52 -52 -50 -56 -56 -54
Sample 32: Predicted = 6, Label = 6
Sending input image #33: 0 0 0 0 0 0 0 0 0 0 0 0 0 0 0 0 0 0 0 0 0 45 0 0 253 0 0 253 0 0 251 0 253 0 0 228 0 0 253 0 0 159 0 0 0 0 0 0 0 253 0 0 0 0 0 0 0 0 0 0 244 0 0 0 0 0 0 0 208 0 0 6 0 0 0 0 0 0 0 
X0_input: 1 1 1 1 1 1 1 1 1 1 1 1 1 1 1 1 1 1 1 1 1 1 1 1 1 1 1 1 1 1 1 1 1 1 1 1 1 1 1 1 1 1 0 0 1 1 1 1 0 0 1 1 1 0 0 1 1 1 1 1 0 1 1 1 0 0 1 1 1 1 0 0 1 1 1 0 0 1 1 1 1 0 0 1 1 1 1 0 1 1 1 1 1 0 1 1 1 1 0 1 1 1 1 1 1 1 1 1 1 0 1 1 1 1 1 1 1 1 1 1 0 1 1 1 1 0 1 1 1 1 1 0 1 1 1 1 0 1 1 1 1 1 0 1 1 1 1 0 1 1 1 1 1 1 1 1 1
Activations 1: 77 69 68 76 76 75 82 76 75 75 76 77 66 82 63 83 74 84 75 72 69 67 61 70 67 76
Scale/quant 1: 1 1 1 1 1 1 1 1 1 1 1 1 1 1 1 1 1 1 1 1 1 1 1 1 1 1
Activations 2: 34 32 33 35 36 39 42 34 31 34 37 36 34
Scale/quant 2: 1 1 1 1 1 1 1 1 1 1 1 1 1
Activations 3: 6 5 4 5 6 6 7 4 4 5
Final output: -52 -54 -56 -54 -52 -52 -50 -56 -56 -54
Sample 33: Predicted = 6, Label = 9
Sending input image #34: 0 0 0 0 0 0 0 0 0 0 0 0 0 0 0 0 0 0 0 0 0 241 0 0 251 0 0 148 0 73 255 0 251 0 0 225 0 0 0 0 0 251 0 255 182 0 215 0 0 0 0 0 251 0 109 173 0 255 0 0 251 0 0 251 0 0 0 0 0 0 0 0 0 0 0 0 0 0 0 
X0_input: 1 1 1 1 1 1 1 1 1 1 1 1 1 1 1 1 1 1 1 1 1 1 1 1 1 1 1 1 1 1 1 0 1 1 1 1 1 0 1 1 1 1 0 0 1 1 1 1 0 0 1 1 1 0 0 1 1 1 0 0 0 1 1 1 0 1 1 1 1 1 0 0 1 1 1 0 1 0 1 1 1 0 0 1 1 1 0 1 0 1 1 1 0 0 1 1 1 0 1 0 1 1 1 0 0 1 1 1 0 1 0 1 1 1 0 0 1 1 1 1 0 0 1 1 1 0 0 1 1 1 1 0 1 1 1 1 1 0 1 1 1 1 1 1 1 1 1 1 1 1 1 1 1 1 1 1 1
Activations 1: 78 71 69 78 77 76 82 78 76 77 76 79 67 81 64 84 75 85 76 73 70 69 62 73 67 77
Scale/quant 1: 1 1 1 1 1 1 1 1 1 1 1 1 1 1 1 1 1 1 1 1 1 1 1 1 1 1
Activations 2: 34 32 33 35 36 39 42 34 31 34 37 36 34
Scale/quant 2: 1 1 1 1 1 1 1 1 1 1 1 1 1
Activations 3: 6 5 4 5 6 6 7 4 4 5
Final output: -52 -54 -56 -54 -52 -52 -50 -56 -56 -54
Sample 34: Predicted = 6, Label = 0
Sending input image #35: 0 0 0 0 0 0 0 0 0 0 0 0 0 0 0 0 0 0 0 198 0 0 170 0 226 0 0 86 0 0 0 0 86 0 0 141 0 0 170 0 0 0 0 255 0 0 0 0 0 114 0 0 29 0 0 0 0 255 0 0 0 0 0 0 0 0 0 0 0 0 0 0 0 0 0 0 0 0 0 
X0_input: 1 1 1 1 1 1 1 1 1 1 1 1 1 1 1 1 1 1 1 1 1 1 1 1 1 1 1 1 1 1 1 1 1 1 1 1 1 1 0 1 1 1 1 0 0 1 1 1 0 0 1 1 1 1 0 1 1 1 1 0 1 1 1 1 0 1 1 1 1 1 0 1 1 1 1 0 0 1 1 1 1 0 1 1 1 1 0 0 1 1 1 1 1 0 1 1 1 1 0 1 1 1 1 1 0 1 1 1 1 0 1 1 1 0 0 1 1 1 1 0 1 1 1 1 1 1 1 1 1 1 1 1 1 1 1 1 1 1 1 1 1 1 1 1 1 1 1 1 1 1 1 1 1 1 1 1 1
Activations 1: 75 67 67 75 74 74 81 75 73 74 74 76 64 81 62 81 73 83 74 70 67 66 60 69 65 74
Scale/quant 1: 1 1 1 1 1 1 1 1 1 1 1 1 1 1 1 1 1 1 1 1 1 1 1 1 1 1
Activations 2: 34 32 33 35 36 39 42 34 31 34 37 36 34
Scale/quant 2: 1 1 1 1 1 1 1 1 1 1 1 1 1
Activations 3: 6 5 4 5 6 6 7 4 4 5
Final output: -52 -54 -56 -54 -52 -52 -50 -56 -56 -54
Sample 35: Predicted = 6, Label = 5
Sending input image #36: 0 0 0 0 0 0 0 0 0 0 122 0 0 11 0 0 0 0 35 0 0 253 0 0 0 0 0 0 0 43 0 0 253 0 0 107 0 0 122 0 0 191 0 253 20 0 253 0 0 145 0 0 54 0 0 253 0 25 172 0 128 0 0 120 0 0 0 0 0 0 0 0 0 0 0 0 0 0 0 
X0_input: 1 1 1 1 1 1 1 1 1 1 1 1 1 1 1 1 1 1 1 1 0 1 1 1 1 1 0 1 1 1 1 0 1 1 1 1 0 0 1 1 1 1 0 1 1 1 1 0 1 1 1 1 1 0 1 1 1 1 0 1 1 1 1 1 0 1 1 1 1 1 0 1 1 1 1 0 0 1 1 1 1 0 0 1 1 1 0 0 0 1 1 1 0 0 1 1 1 1 0 0 1 1 1 0 0 0 1 1 1 0 0 1 1 1 0 0 0 1 1 1 0 0 1 1 1 1 0 0 1 1 1 1 1 1 1 1 1 1 1 1 1 1 1 1 1 1 1 1 1 1 1 1 1 1 1 1 1
Activations 1: 78 71 73 78 81 75 79 77 77 76 75 77 69 82 64 83 78 86 76 70 69 68 64 74 72 82
Scale/quant 1: 1 1 1 1 1 1 1 1 1 1 1 1 1 1 1 1 1 1 1 1 1 1 1 1 1 1
Activations 2: 34 32 33 35 36 39 42 34 31 34 37 36 34
Scale/quant 2: 1 1 1 1 1 1 1 1 1 1 1 1 1
Activations 3: 6 5 4 5 6 6 7 4 4 5
Final output: -52 -54 -56 -54 -52 -52 -50 -56 -56 -54
Sample 36: Predicted = 6, Label = 6
Sending input image #37: 0 0 0 0 0 0 0 0 0 0 0 0 0 73 0 0 0 0 0 0 0 220 0 0 251 0 0 253 0 0 253 0 251 35 0 0 0 0 0 0 150 150 0 253 211 0 5 0 0 0 0 0 251 0 253 143 0 253 0 0 251 0 0 173 0 0 0 0 0 0 0 0 0 0 0 0 0 0 0 
X0_input: 1 1 1 1 1 1 1 1 1 1 1 1 1 1 1 1 1 1 1 1 1 1 1 1 1 1 0 1 1 1 1 0 1 1 1 1 1 0 1 1 1 1 0 0 1 1 1 1 0 0 1 1 1 0 0 1 1 1 1 0 0 1 1 1 0 0 0 1 1 0 1 0 1 1 1 0 1 0 1 1 0 1 0 1 1 1 0 1 0 1 1 0 0 0 1 1 1 0 1 0 1 1 1 0 0 1 1 1 0 0 0 1 1 1 0 0 1 1 1 0 0 0 1 1 1 0 0 1 1 1 1 0 1 1 1 1 1 1 1 1 1 1 1 1 1 1 1 1 1 1 1 1 1 1 1 1 1
Activations 1: 78 70 71 77 79 76 82 76 80 78 77 79 70 81 63 82 76 88 77 71 67 69 63 73 70 78
Scale/quant 1: 1 1 1 1 1 1 1 1 1 1 1 1 1 1 1 1 1 1 1 1 1 1 1 1 1 1
Activations 2: 34 32 33 35 36 39 42 34 31 34 37 36 34
Scale/quant 2: 1 1 1 1 1 1 1 1 1 1 1 1 1
Activations 3: 6 5 4 5 6 6 7 4 4 5
Final output: -52 -54 -56 -54 -52 -52 -50 -56 -56 -54
Sample 37: Predicted = 6, Label = 0
Sending input image #38: 0 0 0 0 0 0 0 0 0 0 0 0 0 0 0 0 0 0 0 0 0 126 0 254 254 0 197 75 0 0 0 0 0 0 0 0 0 0 254 0 0 16 0 0 253 0 247 35 0 225 0 14 254 0 91 0 0 0 0 0 0 0 0 0 0 0 254 0 0 0 0 0 0 0 0 0 0 0 0 
X0_input: 1 1 1 1 1 1 1 1 1 1 1 1 1 1 1 1 1 1 1 1 1 1 1 1 1 1 1 1 1 1 1 1 1 1 1 1 1 1 1 1 1 0 0 1 1 1 0 0 0 1 1 1 0 0 0 1 1 0 1 0 1 1 1 1 1 0 1 1 1 1 1 1 1 1 1 1 0 1 1 1 1 1 0 0 1 1 1 0 0 1 1 0 0 0 0 1 1 0 0 1 1 1 0 0 0 1 1 1 0 1 1 1 1 1 1 0 1 1 1 1 1 0 1 1 1 1 1 1 1 1 1 1 0 1 1 1 1 1 1 1 1 1 1 1 1 1 1 1 1 1 1 1 1 1 1 1 1
Activations 1: 73 65 67 72 72 71 80 72 71 71 75 72 63 79 62 78 71 81 74 67 65 64 60 68 64 72
Scale/quant 1: 1 1 1 1 1 1 1 1 1 1 1 1 1 1 1 1 1 1 1 1 1 1 1 1 1 1
Activations 2: 34 32 33 35 36 39 42 34 31 34 37 36 34
Scale/quant 2: 1 1 1 1 1 1 1 1 1 1 1 1 1
Activations 3: 6 5 4 5 6 6 7 4 4 5
Final output: -52 -54 -56 -54 -52 -52 -50 -56 -56 -54
Sample 38: Predicted = 6, Label = 7
Sending input image #39: 0 0 0 0 0 0 0 0 0 0 0 0 0 0 0 0 0 0 174 0 0 253 0 0 0 0 0 0 0 120 0 0 219 0 0 0 0 0 179 0 0 196 0 253 253 0 0 0 0 188 0 0 128 0 0 253 0 215 0 0 218 0 0 253 0 0 0 0 0 0 0 0 0 0 0 0 0 0 0 
X0_input: 1 1 1 1 1 1 1 1 1 1 1 1 1 1 1 1 1 1 1 1 1 1 1 1 1 0 1 1 1 1 1 0 1 1 1 1 0 1 1 1 1 1 0 1 1 1 1 0 1 1 1 1 1 0 1 1 1 1 0 1 1 1 1 1 0 0 1 1 1 0 1 0 1 1 1 0 0 0 1 1 1 1 0 1 1 1 0 0 0 1 1 1 1 0 1 1 1 0 0 0 1 1 1 0 0 1 1 1 1 0 0 1 1 1 0 0 1 1 1 1 0 0 1 1 1 1 0 1 1 1 1 1 1 1 1 1 1 1 1 1 1 1 1 1 1 1 1 1 1 1 1 1 1 1 1 1 1
Activations 1: 78 71 72 78 78 78 81 79 78 75 78 79 70 81 69 82 74 84 75 73 71 70 61 76 72 80
Scale/quant 1: 1 1 1 1 1 1 1 1 1 1 1 1 1 1 1 1 1 1 1 1 1 1 1 1 1 1
Activations 2: 34 32 33 35 36 39 42 34 31 34 37 36 34
Scale/quant 2: 1 1 1 1 1 1 1 1 1 1 1 1 1
Activations 3: 6 5 4 5 6 6 7 4 4 5
Final output: -52 -54 -56 -54 -52 -52 -50 -56 -56 -54
Sample 39: Predicted = 6, Label = 6
Sending input image #40: 0 0 0 0 0 0 0 0 0 0 0 0 0 0 0 0 0 0 0 0 0 202 0 0 128 0 0 0 0 0 0 0 0 0 0 253 0 0 41 0 0 0 0 0 0 0 24 0 0 253 0 0 0 0 0 0 0 0 0 0 142 0 0 253 0 0 0 0 0 0 0 0 0 0 0 0 0 0 0 
X0_input: 1 1 1 1 1 1 1 1 1 1 1 1 1 1 1 1 1 1 1 1 1 1 1 1 1 1 1 1 1 1 1 0 1 1 1 1 1 0 1 1 1 1 0 1 1 1 1 1 0 1 1 1 1 0 1 1 1 1 1 0 1 1 1 1 1 1 1 1 1 1 0 1 1 1 1 1 0 1 1 1 1 0 1 1 1 1 1 0 1 1 1 1 0 1 1 1 1 1 0 1 1 1 1 1 1 1 1 1 1 0 1 1 1 1 1 0 1 1 1 1 0 1 1 1 1 1 0 1 1 1 1 1 1 1 1 1 1 0 1 1 1 1 1 1 1 1 1 1 1 1 1 1 1 1 1 1 1
Activations 1: 75 68 69 75 74 73 82 76 72 74 76 75 64 81 64 82 73 83 76 71 67 67 62 70 65 74
Scale/quant 1: 1 1 1 1 1 1 1 1 1 1 1 1 1 1 1 1 1 1 1 1 1 1 1 1 1 1
Activations 2: 34 32 33 35 36 39 42 34 31 34 37 36 34
Scale/quant 2: 1 1 1 1 1 1 1 1 1 1 1 1 1
Activations 3: 6 5 4 5 6 6 7 4 4 5
Final output: -52 -54 -56 -54 -52 -52 -50 -56 -56 -54
Sample 40: Predicted = 6, Label = 1
Sending input image #41: 0 0 0 0 0 0 0 0 0 0 0 0 0 0 0 0 253 0 19 0 0 252 0 0 210 0 0 233 0 253 0 0 252 0 0 232 0 0 231 0 0 0 0 0 0 0 252 0 0 0 0 0 252 0 93 0 0 249 0 0 70 0 0 252 0 0 0 0 0 0 0 0 0 0 0 0 0 0 0 
X0_input: 1 1 1 1 1 1 1 1 1 1 1 1 1 1 1 1 1 1 1 1 1 1 1 1 1 1 1 1 1 1 1 0 0 1 1 1 0 0 1 1 1 1 0 0 1 1 1 0 0 1 1 1 1 0 0 1 1 1 0 1 1 1 1 1 0 0 1 1 1 1 0 1 1 1 1 0 0 1 1 1 1 0 1 1 1 1 1 0 1 1 1 1 0 0 1 1 1 1 1 1 1 1 1 0 0 1 1 1 0 1 1 1 1 1 0 0 1 1 1 1 0 1 1 1 1 0 0 1 1 1 1 0 1 1 1 1 1 1 1 1 1 1 1 1 1 1 1 1 1 1 1 1 1 1 1 1 1
Activations 1: 77 73 68 81 73 77 86 81 77 78 76 80 68 84 63 85 74 84 75 76 71 68 63 72 71 76
Scale/quant 1: 1 1 1 1 1 1 1 1 1 1 1 1 1 1 1 1 1 1 1 1 1 1 1 1 1 1
Activations 2: 34 32 33 35 36 39 42 34 31 34 37 36 34
Scale/quant 2: 1 1 1 1 1 1 1 1 1 1 1 1 1
Activations 3: 6 5 4 5 6 6 7 4 4 5
Final output: -52 -54 -56 -54 -52 -52 -50 -56 -56 -54
Sample 41: Predicted = 6, Label = 8
Sending input image #42: 0 0 0 0 0 0 0 0 0 0 0 0 0 0 0 0 0 0 0 0 0 26 0 0 254 0 0 0 0 254 0 0 0 0 0 0 0 0 254 0 0 0 0 0 0 0 0 0 0 166 0 0 0 0 0 0 0 0 0 0 0 0 0 254 0 0 0 0 0 0 0 0 0 0 134 0 0 0 0 
X0_input: 1 1 1 1 1 1 1 1 1 1 1 1 1 1 1 1 1 1 1 1 1 1 1 1 1 1 1 1 1 1 1 1 1 1 1 1 1 1 1 1 1 1 0 1 1 1 1 0 0 1 1 1 1 0 1 1 1 1 0 0 1 1 1 0 1 0 1 1 1 1 1 1 1 1 1 1 0 1 1 1 1 1 1 1 1 1 1 0 1 1 1 1 1 1 1 1 1 1 0 1 1 1 1 1 1 1 1 1 1 1 1 1 1 1 1 0 1 1 1 1 1 1 1 1 1 1 0 1 1 1 1 1 1 1 1 1 1 0 1 1 1 1 1 1 1 1 1 1 0 1 1 1 1 1 1 1 1
Activations 1: 73 66 68 73 73 72 81 73 72 72 75 73 63 81 63 79 72 82 75 68 67 65 61 68 65 73
Scale/quant 1: 1 1 1 1 1 1 1 1 1 1 1 1 1 1 1 1 1 1 1 1 1 1 1 1 1 1
Activations 2: 34 32 33 35 36 39 42 34 31 34 37 36 34
Scale/quant 2: 1 1 1 1 1 1 1 1 1 1 1 1 1
Activations 3: 6 5 4 5 6 6 7 4 4 5
Final output: -52 -54 -56 -54 -52 -52 -50 -56 -56 -54
Sample 42: Predicted = 6, Label = 7
Sending input image #43: 0 0 0 0 0 0 0 0 0 0 0 0 0 0 0 0 0 0 0 0 0 252 0 0 20 0 0 171 0 123 0 0 151 0 0 71 0 0 252 0 0 0 0 0 0 0 0 0 0 243 0 0 0 0 0 0 0 0 0 0 223 0 0 0 0 0 0 0 0 0 0 252 0 0 0 0 0 0 0 
X0_input: 1 1 1 1 1 1 1 1 1 1 1 1 1 1 1 1 1 1 1 1 1 1 1 1 1 1 1 1 1 1 1 1 1 1 1 1 1 0 1 1 1 1 0 0 1 1 1 0 0 1 1 1 1 0 0 1 1 1 0 0 1 1 1 1 0 0 1 1 1 1 0 1 1 1 1 0 0 1 1 1 1 0 1 1 1 1 1 0 1 1 1 1 1 1 1 1 1 1 0 1 1 1 1 1 1 1 1 1 1 0 1 1 1 1 1 1 1 1 1 1 0 1 1 1 1 1 1 1 1 1 1 0 1 1 1 1 1 1 1 1 1 1 0 1 1 1 1 1 1 1 1 1 1 1 1 1 1
Activations 1: 75 67 68 74 74 73 81 75 73 73 76 75 65 81 63 82 73 83 75 71 68 66 61 69 66 75
Scale/quant 1: 1 1 1 1 1 1 1 1 1 1 1 1 1 1 1 1 1 1 1 1 1 1 1 1 1 1
Activations 2: 34 32 33 35 36 39 42 34 31 34 37 36 34
Scale/quant 2: 1 1 1 1 1 1 1 1 1 1 1 1 1
Activations 3: 6 5 4 5 6 6 7 4 4 5
Final output: -52 -54 -56 -54 -52 -52 -50 -56 -56 -54
Sample 43: Predicted = 6, Label = 9
Sending input image #44: 0 0 0 0 0 0 0 0 0 0 0 0 0 0 0 0 0 0 51 0 0 252 0 0 253 0 0 0 0 0 0 0 0 0 0 253 0 0 0 0 0 0 0 0 0 0 142 0 0 40 0 0 0 0 0 252 0 0 0 0 0 0 0 0 0 0 171 0 0 0 0 0 0 0 0 0 0 0 0 
X0_input: 1 1 1 1 1 1 1 1 1 1 1 1 1 1 1 1 1 1 1 1 1 1 1 1 1 1 1 1 1 1 1 1 1 1 1 0 0 1 1 1 1 0 0 1 1 1 1 0 0 1 1 1 1 1 1 1 1 1 1 0 1 1 1 1 1 1 1 1 1 1 0 1 1 1 1 1 1 1 1 1 1 0 1 1 1 1 1 0 1 1 1 1 0 0 1 1 1 1 0 0 1 1 1 1 1 1 1 1 1 1 0 1 1 1 1 1 1 1 1 1 1 0 1 1 1 1 1 1 1 1 1 1 0 1 1 1 1 0 1 1 1 1 1 1 1 1 1 1 1 1 1 1 1 1 1 1 1
Activations 1: 73 65 67 72 72 71 80 73 70 71 74 72 62 79 62 79 71 81 74 68 65 64 60 68 63 72
Scale/quant 1: 1 1 1 1 1 1 1 1 1 1 1 1 1 1 1 1 1 1 1 1 1 1 1 1 1 1
Activations 2: 34 32 33 35 36 39 42 34 31 34 37 36 34
Scale/quant 2: 1 1 1 1 1 1 1 1 1 1 1 1 1
Activations 3: 6 5 4 5 6 6 7 4 4 5
Final output: -52 -54 -56 -54 -52 -52 -50 -56 -56 -54
Sample 44: Predicted = 6, Label = 3
Sending input image #45: 0 0 0 0 0 0 0 0 0 0 0 0 0 0 0 0 0 0 0 0 0 255 0 0 231 0 0 252 0 252 16 0 0 0 0 44 0 0 220 0 252 145 0 252 0 0 142 0 0 13 0 0 220 0 0 0 0 0 0 0 0 0 0 244 0 0 0 0 0 0 0 85 0 0 200 0 0 0 0 
X0_input: 1 1 1 1 1 1 1 1 1 1 1 1 1 1 1 1 1 1 1 1 1 1 1 1 1 1 1 1 1 1 1 1 1 1 1 1 1 1 1 1 1 1 0 0 1 1 1 0 0 1 1 1 1 0 0 1 1 1 0 1 0 1 1 0 1 0 1 1 1 0 0 0 1 1 1 1 0 1 1 1 0 0 0 1 1 1 0 0 1 1 1 0 0 0 1 1 1 1 0 1 1 1 1 1 0 1 1 1 1 1 1 1 1 1 1 0 1 1 1 1 1 1 1 1 1 1 0 1 1 1 1 1 1 1 1 1 1 0 1 1 1 1 0 1 1 1 1 1 0 1 1 1 1 1 1 1 1
Activations 1: 74 68 69 74 75 73 82 75 73 73 76 73 64 81 63 80 72 82 75 69 67 65 61 69 65 73
Scale/quant 1: 1 1 1 1 1 1 1 1 1 1 1 1 1 1 1 1 1 1 1 1 1 1 1 1 1 1
Activations 2: 34 32 33 35 36 39 42 34 31 34 37 36 34
Scale/quant 2: 1 1 1 1 1 1 1 1 1 1 1 1 1
Activations 3: 6 5 4 5 6 6 7 4 4 5
Final output: -52 -54 -56 -54 -52 -52 -50 -56 -56 -54
Sample 45: Predicted = 6, Label = 9
Sending input image #46: 0 0 0 0 0 0 0 0 0 0 0 0 0 0 0 0 0 0 0 0 0 252 0 0 243 0 163 218 0 0 0 0 0 0 0 0 0 0 35 0 0 0 0 0 0 0 253 0 0 13 0 0 244 0 0 111 0 254 0 0 0 0 0 0 0 0 244 0 0 0 0 0 0 0 0 0 0 0 0 
X0_input: 1 1 1 1 1 1 1 1 1 1 1 1 1 1 1 1 1 1 1 1 1 1 1 1 1 1 1 1 1 1 1 0 1 1 1 1 1 0 1 1 1 1 0 0 1 1 1 0 0 1 1 1 0 0 0 1 1 1 1 0 1 1 1 0 1 0 1 1 1 0 1 1 1 1 1 0 0 1 1 1 1 0 1 1 1 1 1 0 1 1 1 1 0 1 1 1 1 1 0 1 1 1 1 0 0 1 1 1 1 1 0 1 1 1 0 1 1 1 1 1 1 0 1 1 1 0 1 1 1 1 1 0 0 1 1 1 1 0 1 1 1 1 1 1 1 1 1 1 1 1 1 1 1 1 1 1 1
Activations 1: 79 71 70 79 77 77 84 78 77 78 76 79 66 84 64 82 75 85 76 71 69 69 62 73 68 77
Scale/quant 1: 1 1 1 1 1 1 1 1 1 1 1 1 1 1 1 1 1 1 1 1 1 1 1 1 1 1
Activations 2: 34 32 33 35 36 39 42 34 31 34 37 36 34
Scale/quant 2: 1 1 1 1 1 1 1 1 1 1 1 1 1
Activations 3: 6 5 4 5 6 6 7 4 4 5
Final output: -52 -54 -56 -54 -52 -52 -50 -56 -56 -54
Sample 46: Predicted = 6, Label = 8
Sending input image #47: 0 0 0 0 0 0 0 0 0 0 0 0 0 0 0 0 0 0 0 255 0 0 255 0 255 0 0 128 0 0 0 0 255 0 0 0 0 0 0 0 0 0 0 255 0 0 128 0 0 191 0 0 191 0 0 0 0 0 0 0 255 0 0 128 0 128 0 0 0 0 0 0 0 0 0 0 0 0 0 
X0_input: 1 1 1 1 1 1 1 1 1 1 1 1 1 1 1 1 1 1 1 1 1 1 1 1 1 1 1 1 1 1 1 1 1 1 1 1 1 1 0 1 1 1 1 0 0 1 1 1 0 0 1 1 1 1 0 1 1 1 1 0 1 1 1 1 0 1 1 1 1 0 1 1 1 1 1 0 1 1 1 1 1 0 1 1 1 1 0 0 1 1 1 1 0 1 1 1 1 1 0 1 1 1 1 1 0 1 1 1 1 0 1 1 1 1 1 0 1 1 1 0 0 1 1 1 1 0 0 1 1 1 0 0 1 1 1 1 1 1 1 1 1 1 1 1 1 1 1 1 1 1 1 1 1 1 1 1 1
Activations 1: 77 68 68 76 75 75 81 75 74 75 74 77 65 80 63 82 74 84 75 71 69 67 61 71 65 76
Scale/quant 1: 1 1 1 1 1 1 1 1 1 1 1 1 1 1 1 1 1 1 1 1 1 1 1 1 1 1
Activations 2: 34 32 33 35 36 39 42 34 31 34 37 36 34
Scale/quant 2: 1 1 1 1 1 1 1 1 1 1 1 1 1
Activations 3: 6 5 4 5 6 6 7 4 4 5
Final output: -52 -54 -56 -54 -52 -52 -50 -56 -56 -54
Sample 47: Predicted = 6, Label = 5
Sending input image #48: 0 0 0 0 0 0 0 0 0 0 0 0 0 0 0 50 0 0 247 0 0 240 0 0 0 0 0 0 0 254 0 0 86 0 0 169 0 0 191 0 0 0 0 0 0 0 0 0 0 0 0 0 137 0 0 108 0 0 0 0 198 0 0 129 0 0 253 0 0 0 0 0 0 0 0 0 0 0 0 
X0_input: 1 1 1 1 1 1 1 1 1 1 1 1 1 1 1 1 1 1 1 1 1 1 1 1 1 1 1 1 1 1 0 1 1 1 1 1 0 1 1 1 1 0 0 1 1 1 1 0 1 1 1 1 1 0 1 1 1 1 0 0 1 1 1 1 0 1 1 1 1 0 0 1 1 1 1 0 0 1 1 1 1 1 1 1 1 1 1 0 1 1 1 1 1 0 1 1 1 1 1 1 1 1 1 1 0 1 1 1 1 1 0 1 1 1 1 1 1 1 1 1 0 0 1 1 1 1 0 1 1 1 1 0 0 1 1 1 1 0 1 1 1 1 1 1 1 1 1 1 1 1 1 1 1 1 1 1 1
Activations 1: 78 70 70 78 76 75 82 77 74 76 76 78 66 84 64 84 75 85 76 73 70 69 62 73 67 77
Scale/quant 1: 1 1 1 1 1 1 1 1 1 1 1 1 1 1 1 1 1 1 1 1 1 1 1 1 1 1
Activations 2: 34 32 33 35 36 39 42 34 31 34 37 36 34
Scale/quant 2: 1 1 1 1 1 1 1 1 1 1 1 1 1
Activations 3: 6 5 4 5 6 6 7 4 4 5
Final output: -52 -54 -56 -54 -52 -52 -50 -56 -56 -54
Sample 48: Predicted = 6, Label = 9
Sending input image #49: 0 0 0 0 0 0 0 0 0 0 0 0 0 0 0 0 0 0 240 38 6 252 0 0 112 0 0 253 0 0 110 0 240 0 0 252 0 0 26 0 0 0 0 0 0 0 0 0 0 0 0 0 19 0 0 253 0 0 0 0 240 0 0 252 0 26 0 0 174 0 0 0 0 0 0 0 0 0 0 
X0_input: 1 1 1 1 1 1 1 1 1 1 1 1 1 1 1 1 1 1 1 1 1 1 1 1 1 1 1 1 1 1 1 0 1 1 1 1 0 0 0 1 0 0 0 0 1 1 1 0 0 0 1 1 1 0 0 1 1 1 1 0 0 1 1 1 0 0 1 1 1 1 0 1 1 1 1 0 0 1 1 1 1 0 1 1 1 1 1 0 1 1 1 1 1 0 1 1 1 1 1 0 1 1 1 1 0 1 1 1 1 1 0 1 1 1 1 0 1 1 1 0 0 0 1 1 1 0 0 1 1 1 0 0 1 1 1 1 0 1 1 1 1 1 1 1 1 1 1 1 1 1 1 1 1 1 1 1 1
Activations 1: 79 71 70 79 77 77 84 79 77 78 77 80 67 84 65 85 76 86 77 74 70 70 63 74 69 78
Scale/quant 1: 1 1 1 1 1 1 1 1 1 1 1 1 1 1 1 1 1 1 1 1 1 1 1 1 1 1
Activations 2: 34 32 33 35 36 39 42 34 31 34 37 36 34
Scale/quant 2: 1 1 1 1 1 1 1 1 1 1 1 1 1
Activations 3: 6 5 4 5 6 6 7 4 4 5
Final output: -52 -54 -56 -54 -52 -52 -50 -56 -56 -54
Sample 49: Predicted = 6, Label = 3
Accuracy: 5 / 50
INFO [HLS SIM]: The maximum depth reached by any hls::stream() instance in the design is 784
INFO: [SIM 211-1] CSim done with 0 errors.
INFO: [SIM 211-3] *************** CSIM finish ***************
INFO: [HLS 200-112] Total CPU user time: 4 seconds. Total CPU system time: 2 seconds. Total elapsed time: 21.247 seconds; peak allocated memory: 620.418 MB.
INFO: [vitis-run 60-791] Total elapsed time: 0h 0m 26s
