  **** HLS Build v2024.2 5238294
INFO: [HLS 200-2005] Using work_dir D:/ecen529/finalProject/vitis/bnn_hls/bnn_hls 
INFO: [HLS 200-1505] Using default flow_target 'vivado'
Resolution: For help on HLS 200-1505 see docs.xilinx.com/access/sources/dita/topic?Doc_Version=2024.2%20English&url=ug1448-hls-guidance&resourceid=200-1505.html
INFO: [HLS 200-1465] Applying ini 'syn.file=bnn.cpp' from D:/ecen529/finalProject/vitis/bnn_hls/hls_config.cfg(8)
INFO: [HLS 200-10] Adding design file 'D:/ecen529/finalProject/vitis/bnn_hls/bnn.cpp' to the project
INFO: [HLS 200-1465] Applying ini 'syn.file=weights.h' from D:/ecen529/finalProject/vitis/bnn_hls/hls_config.cfg(9)
INFO: [HLS 200-10] Adding design file 'D:/ecen529/finalProject/vitis/bnn_hls/weights.h' to the project
INFO: [HLS 200-1465] Applying ini 'syn.file=weights.cpp' from D:/ecen529/finalProject/vitis/bnn_hls/hls_config.cfg(10)
INFO: [HLS 200-10] Adding design file 'D:/ecen529/finalProject/vitis/bnn_hls/weights.cpp' to the project
INFO: [HLS 200-1465] Applying ini 'tb.file=D:\ecen529\finalProject\vitis\bnn_hls\bnn_tb.cpp' from D:/ecen529/finalProject/vitis/bnn_hls/hls_config.cfg(11)
INFO: [HLS 200-10] Adding test bench file 'D:/ecen529/finalProject/vitis/bnn_hls/bnn_tb.cpp' to the project
INFO: [HLS 200-1465] Applying ini 'syn.top=feedforward' from D:/ecen529/finalProject/vitis/bnn_hls/hls_config.cfg(7)
INFO: [HLS 200-1465] Applying ini 'flow_target=vivado' from D:/ecen529/finalProject/vitis/bnn_hls/hls_config.cfg(4)
INFO: [HLS 200-1505] Using flow_target 'vivado'
Resolution: For help on HLS 200-1505 see docs.xilinx.com/access/sources/dita/topic?Doc_Version=2024.2%20English&url=ug1448-hls-guidance&resourceid=200-1505.html
INFO: [HLS 200-1465] Applying ini 'part=xc7z020clg400-1' from D:/ecen529/finalProject/vitis/bnn_hls/hls_config.cfg(1)
INFO: [HLS 200-1611] Setting target device to 'xc7z020-clg400-1'
INFO: [HLS 200-1465] Applying ini 'package.output.format=ip_catalog' from D:/ecen529/finalProject/vitis/bnn_hls/hls_config.cfg(5)
INFO: [SIM 211-2] *************** CSIM start ***************
INFO: [SIM 211-4] CSIM will launch CLANG as the compiler.
INFO: [HLS 200-2036] Building debug C Simulation binaries
   Compiling ../../../../bnn_tb.cpp in debug mode
   Generating csim.exe
In file included from ../../../../bnn_tb.cpp:7:
In file included from C:/Xilinx/Vitis/2024.2/include/ap_axi_sdata.h:15:
In file included from C:/Xilinx/Vitis/2024.2/include/ap_int.h:10:
In file included from C:/Xilinx/Vitis/2024.2/include/etc/ap_common.h:658:
In file included from C:/Xilinx/Vitis/2024.2/include/etc/ap_private.h:68:
In file included from C:/Xilinx/Vitis/2024.2/include/hls_half.h:26:
In file included from C:/Xilinx/Vitis/2024.2/include/etc/hls_half_fpo.h:19:
In file included from C:/Xilinx/Vitis/2024.2/include/hls_fpo.h:140:
In file included from C:/Xilinx/Vitis/2024.2/include/floating_point_v7_1_bitacc_cmodel.h:150:
C:/Xilinx/Vitis/2024.2/include/gmp.h:58:9: warning: '__GMP_LIBGMP_DLL' macro redefined [-Wmacro-redefined]
#define __GMP_LIBGMP_DLL  0
        ^
C:/Xilinx/Vitis/2024.2/include/floating_point_v7_1_bitacc_cmodel.h:142:9: note: previous definition is here
#define __GMP_LIBGMP_DLL 1
        ^
1 warning generated.
Sending input image #0: 0 0 0 0 0 0 0 0 0 0 0 0 0 0 0 0 166 0 170 195 0 253 0 0 247 0 80 0 0 1 0 0 253 0 0 70 0 0 108 0 0 25 0 0 0 0 0 0 0 0 0 0 183 0 0 250 0 24 0 0 253 0 0 80 0 226 0 0 212 0 0 0 0 0 0 0 0 0 0 
X0_input: 1 1 1 1 1 1 1 1 1 1 1 1 1 1 1 1 1 1 1 1 1 1 1 1 1 1 1 1 1 1 1 0 0 1 1 1 0 0 0 1 1 0 0 0 1 1 1 0 0 1 1 1 0 0 1 1 1 1 0 1 1 1 1 1 0 1 1 1 1 1 0 1 1 1 1 1 0 1 1 1 1 0 0 1 1 1 1 0 1 1 1 1 1 0 1 1 1 1 1 0 1 1 1 1 0 1 1 1 1 0 0 1 1 1 0 0 1 1 1 1 0 0 1 1 1 0 0 1 1 1 0 0 1 1 1 1 0 1 1 1 1 1 1 1 1 1 1 1 1 1 1 1 1 1 1 1 1
Activations 1: 80 71 70 79 77 77 83 79 76 78 76 80 67 82 65 85 76 86 77 74 71 70 63 74 67 78
Scale/quant 1: 1 1 1 1 1 1 1 1 1 1 1 1 1 1 1 1 1 1 1 1 1 1 1 1 1 1
Activations 2: 34 32 33 35 36 39 42 34 31 34 37 36 34
Scale/quant 2: 1 1 1 1 1 1 1 1 1 1 1 1 1
Activations 3: 6 5 4 5 6 6 7 4 4 5
Final output: -52 -54 -56 -54 -52 -52 -50 -56 -56 -54
Sample 0: Predicted = 6, Label = 5

Sending input image #1: 0 0 0 0 0 0 0 0 0 0 0 0 0 159 0 0 0 0 0 0 0 252 0 0 252 0 0 47 0 238 253 0 208 165 0 0 0 0 0 0 253 0 0 0 253 0 0 12 0 0 0 85 48 0 225 162 0 48 0 0 252 0 0 145 0 0 0 0 0 0 0 0 0 0 0 0 0 0 0 
X0_input: 1 1 1 1 1 1 1 1 1 1 1 1 1 1 1 1 1 1 1 1 1 1 1 1 1 1 0 1 1 1 1 0 1 1 1 1 1 0 1 1 1 1 0 0 1 1 1 0 0 0 1 1 1 0 0 1 1 1 0 0 0 1 1 1 0 1 0 1 1 0 1 1 1 1 1 1 1 0 1 1 0 1 1 1 1 1 1 1 0 1 1 0 1 1 0 1 1 1 1 0 1 1 0 1 0 1 1 1 0 1 0 1 1 1 0 0 1 1 1 0 0 1 1 1 1 0 0 1 1 1 1 0 1 1 1 1 1 1 1 1 1 1 1 1 1 1 1 1 1 1 1 1 1 1 1 1 1
Activations 1: 78 70 71 78 78 76 82 77 79 79 76 80 69 81 63 82 76 88 77 71 67 70 63 74 69 78
Scale/quant 1: 1 1 1 1 1 1 1 1 1 1 1 1 1 1 1 1 1 1 1 1 1 1 1 1 1 1
Activations 2: 34 32 33 35 36 39 42 34 31 34 37 36 34
Scale/quant 2: 1 1 1 1 1 1 1 1 1 1 1 1 1
Activations 3: 6 5 4 5 6 6 7 4 4 5
Final output: -52 -54 -56 -54 -52 -52 -50 -56 -56 -54
Sample 1: Predicted = 6, Label = 0

Sending input image #2: 0 0 0 0 0 0 0 0 0 0 0 0 0 0 0 0 67 0 0 39 126 0 0 0 0 0 0 0 0 0 254 0 0 0 254 0 0 0 86 0 0 241 0 254 0 0 0 0 0 0 0 0 0 0 0 254 0 0 0 0 0 0 0 0 0 0 0 0 0 254 0 0 0 0 0 0 0 0 0 
X0_input: 1 1 1 1 1 1 1 1 1 1 1 1 1 1 1 1 1 1 1 1 1 1 1 1 1 1 1 1 1 1 1 1 0 1 1 1 1 1 0 1 0 1 1 0 1 1 1 1 1 0 1 1 1 1 1 1 1 0 1 1 0 1 1 1 1 1 1 1 0 1 1 0 1 1 1 1 0 1 1 0 1 0 0 1 1 0 0 0 1 1 1 0 1 0 1 1 1 1 1 0 1 1 1 1 1 1 1 1 1 1 0 1 1 1 1 1 1 1 1 1 1 0 1 1 1 1 1 0 1 1 1 1 1 1 1 1 1 1 0 1 1 1 1 1 1 1 1 1 1 1 1 1 1 1 1 1 1
Activations 1: 72 66 67 72 73 71 79 72 70 71 74 72 63 77 62 78 71 81 74 67 65 64 60 67 62 72
Scale/quant 1: 1 1 1 1 1 1 1 1 1 1 1 1 1 1 1 1 1 1 1 1 1 1 1 1 1 1
Activations 2: 34 32 33 35 36 39 42 34 31 34 37 36 34
Scale/quant 2: 1 1 1 1 1 1 1 1 1 1 1 1 1
Activations 3: 6 5 4 5 6 6 7 4 4 5
Final output: -52 -54 -56 -54 -52 -52 -50 -56 -56 -54
Sample 2: Predicted = 6, Label = 4

Sending input image #3: 0 0 0 0 0 0 0 0 0 0 0 0 0 0 0 0 255 0 0 0 0 0 0 0 68 0 0 251 0 0 0 0 0 0 0 205 0 0 184 0 0 0 0 0 0 0 251 0 0 172 0 0 0 0 0 0 0 255 0 0 140 0 0 0 0 0 0 0 24 0 0 0 0 0 0 0 0 0 0 
X0_input: 1 1 1 1 1 1 1 1 1 1 1 1 1 1 1 1 1 1 1 1 1 1 1 1 1 1 1 1 1 1 1 1 0 1 1 1 1 0 1 1 1 1 1 0 1 1 1 1 0 0 1 1 1 1 0 1 1 1 1 0 1 1 1 1 1 0 1 1 1 1 0 1 1 1 1 1 0 1 1 1 1 0 1 1 1 1 1 0 1 1 1 1 0 1 1 1 1 1 0 1 1 1 1 0 1 1 1 1 1 0 1 1 1 1 0 1 1 1 1 1 0 1 1 1 1 0 1 1 1 1 1 0 1 1 1 1 0 1 1 1 1 1 1 1 1 1 1 1 1 1 1 1 1 1 1 1 1
Activations 1: 77 68 68 76 75 75 82 76 75 75 75 76 65 82 63 83 74 84 75 72 68 67 61 70 67 75
Scale/quant 1: 1 1 1 1 1 1 1 1 1 1 1 1 1 1 1 1 1 1 1 1 1 1 1 1 1 1
Activations 2: 34 32 33 35 36 39 42 34 31 34 37 36 34
Scale/quant 2: 1 1 1 1 1 1 1 1 1 1 1 1 1
Activations 3: 6 5 4 5 6 6 7 4 4 5
Final output: -52 -54 -56 -54 -52 -52 -50 -56 -56 -54
Sample 3: Predicted = 6, Label = 1

Sending input image #4: 0 0 0 0 0 0 0 0 0 0 0 0 0 0 0 0 0 0 0 0 0 210 0 0 210 0 0 252 0 252 21 0 14 0 0 8 0 16 252 0 252 0 0 252 0 0 42 0 0 255 0 0 21 0 0 0 0 0 0 0 0 0 0 255 0 0 56 0 0 0 0 0 0 0 0 0 0 0 0 
X0_input: 1 1 1 1 1 1 1 1 1 1 1 1 1 1 1 1 1 1 1 1 1 1 1 1 1 1 1 1 1 1 1 1 1 1 1 1 1 1 1 1 1 1 0 0 1 1 1 0 0 1 1 1 1 0 0 1 1 1 0 1 0 1 1 1 0 0 1 1 1 0 0 1 1 1 0 1 0 1 1 1 0 0 1 1 1 1 0 0 1 1 1 0 0 1 1 1 1 1 0 1 1 1 1 1 0 1 1 1 1 1 1 1 1 1 1 0 1 1 1 1 1 1 1 1 1 1 0 1 1 1 1 1 0 1 1 1 1 1 1 1 1 1 1 0 1 1 1 1 1 0 1 1 1 1 1 1 1
Activations 1: 74 67 69 74 74 73 82 75 73 73 76 73 64 81 63 80 72 82 75 69 67 65 61 69 65 74
Scale/quant 1: 1 1 1 1 1 1 1 1 1 1 1 1 1 1 1 1 1 1 1 1 1 1 1 1 1 1
Activations 2: 34 32 33 35 36 39 42 34 31 34 37 36 34
Scale/quant 2: 1 1 1 1 1 1 1 1 1 1 1 1 1
Activations 3: 6 5 4 5 6 6 7 4 4 5
Final output: -52 -54 -56 -54 -52 -52 -50 -56 -56 -54
Sample 4: Predicted = 6, Label = 9

Sending input image #5: 0 0 0 0 0 0 0 0 0 0 0 0 0 0 0 0 0 0 0 0 0 252 0 0 31 0 0 252 0 252 60 0 22 0 0 0 0 0 121 0 0 228 0 227 6 0 59 0 0 203 49 136 65 0 88 0 0 252 0 0 36 0 0 0 0 0 0 0 0 0 0 0 0 0 0 0 0 0 0 
X0_input: 1 1 1 1 1 1 1 1 1 1 1 1 1 1 1 1 1 1 1 1 1 1 1 1 1 1 1 1 1 1 1 0 1 1 1 1 1 0 1 1 1 1 0 0 1 1 1 0 0 1 1 1 1 0 0 1 1 1 0 1 0 1 1 1 0 0 1 1 1 1 1 0 1 1 1 1 0 1 1 1 1 0 0 1 1 1 0 0 0 1 1 0 0 0 1 1 1 0 0 0 0 1 0 1 0 0 1 1 0 0 1 0 1 0 0 1 1 1 1 0 0 1 1 1 1 0 1 1 1 1 1 1 1 1 1 1 1 1 1 1 1 1 1 1 1 1 1 1 1 1 1 1 1 1 1 1 1
Activations 1: 78 70 69 77 77 76 82 76 76 76 76 77 67 82 64 83 75 85 76 72 70 68 62 71 67 76
Scale/quant 1: 1 1 1 1 1 1 1 1 1 1 1 1 1 1 1 1 1 1 1 1 1 1 1 1 1 1
Activations 2: 34 32 33 35 36 39 42 34 31 34 37 36 34
Scale/quant 2: 1 1 1 1 1 1 1 1 1 1 1 1 1
Activations 3: 6 5 4 5 6 6 7 4 4 5
Final output: -52 -54 -56 -54 -52 -52 -50 -56 -56 -54
Sample 5: Predicted = 6, Label = 2

Sending input image #6: 0 0 0 0 0 0 0 0 0 0 0 0 0 0 0 0 0 0 175 0 0 252 0 0 0 0 0 0 0 0 0 0 0 0 0 253 0 0 108 0 0 0 0 0 0 0 0 0 0 252 0 0 252 0 0 0 0 0 0 0 0 0 0 73 0 0 252 0 0 0 0 0 0 0 0 0 0 0 0 
X0_input: 1 1 1 1 1 1 1 1 1 1 1 1 1 1 1 1 1 1 1 1 1 1 1 1 1 0 1 1 1 1 1 0 1 1 1 1 0 1 1 1 1 1 0 1 1 1 1 0 1 1 1 1 1 0 1 1 1 1 1 0 1 1 1 1 1 1 1 1 1 1 0 1 1 1 1 1 0 1 1 1 1 0 1 1 1 1 1 0 1 1 1 1 1 1 1 1 1 1 0 1 1 1 1 1 0 1 1 1 1 0 1 1 1 1 1 0 1 1 1 1 1 0 1 1 1 1 0 1 1 1 1 1 0 1 1 1 1 1 1 1 1 1 1 1 1 1 1 1 1 1 1 1 1 1 1 1 1
Activations 1: 74 68 71 75 72 73 82 78 74 72 76 73 66 81 66 79 71 81 76 70 69 65 60 73 69 76
Scale/quant 1: 1 1 1 1 1 1 1 1 1 1 1 1 1 1 1 1 1 1 1 1 1 1 1 1 1 1
Activations 2: 34 32 33 35 36 39 42 34 31 34 37 36 34
Scale/quant 2: 1 1 1 1 1 1 1 1 1 1 1 1 1
Activations 3: 6 5 4 5 6 6 7 4 4 5
Final output: -52 -54 -56 -54 -52 -52 -50 -56 -56 -54
Sample 6: Predicted = 6, Label = 1

Sending input image #7: 0 0 0 0 0 0 0 0 0 0 0 0 0 0 0 0 174 0 226 14 0 253 0 0 132 0 0 226 0 0 252 0 0 0 0 91 0 0 252 0 45 177 0 253 0 0 44 0 0 0 0 0 86 0 9 252 0 0 0 0 134 0 0 253 0 157 0 0 235 0 0 0 0 0 0 0 0 0 0 
X0_input: 1 1 1 1 1 1 1 1 1 1 1 1 1 1 1 1 1 1 1 1 1 1 1 1 1 1 1 1 1 1 1 0 0 1 1 1 0 0 0 1 1 0 0 0 1 1 1 0 0 0 1 1 1 1 0 1 1 1 1 1 0 1 1 1 1 0 1 1 1 1 0 0 1 1 1 0 0 1 1 1 0 0 0 1 1 1 0 0 1 1 1 1 0 0 1 1 1 1 1 0 1 1 1 1 0 1 1 1 0 1 0 1 1 0 1 0 1 1 1 0 0 0 1 1 1 0 0 1 1 1 0 0 1 1 1 1 0 1 1 1 1 1 1 1 1 1 1 1 1 1 1 1 1 1 1 1 1
Activations 1: 79 72 70 79 78 77 84 79 77 78 78 79 68 84 65 85 76 86 77 74 70 70 63 74 69 77
Scale/quant 1: 1 1 1 1 1 1 1 1 1 1 1 1 1 1 1 1 1 1 1 1 1 1 1 1 1 1
Activations 2: 34 32 33 35 36 39 42 34 31 34 37 36 34
Scale/quant 2: 1 1 1 1 1 1 1 1 1 1 1 1 1
Activations 3: 6 5 4 5 6 6 7 4 4 5
Final output: -52 -54 -56 -54 -52 -52 -50 -56 -56 -54
Sample 7: Predicted = 6, Label = 3

Sending input image #8: 0 0 0 0 0 0 0 0 0 0 0 0 0 0 0 0 0 0 20 0 0 254 0 0 0 0 0 0 0 0 0 0 16 0 0 254 0 0 0 0 0 0 0 0 0 0 0 0 0 254 0 0 38 0 0 0 0 0 0 0 0 0 0 144 0 0 40 0 0 0 0 0 0 0 0 0 0 0 0 
X0_input: 1 1 1 1 1 1 1 1 1 1 1 1 1 1 1 1 1 1 1 1 1 1 1 1 1 1 1 1 1 1 1 1 1 1 1 1 0 1 1 1 1 1 0 1 1 1 1 1 1 1 1 1 1 0 1 1 1 1 1 0 1 1 1 1 0 1 1 1 1 1 0 1 1 1 1 1 1 1 1 1 1 0 1 1 1 1 1 0 1 1 1 1 1 1 1 1 1 1 0 1 1 1 1 1 0 1 1 1 1 1 1 1 1 1 1 0 1 1 1 1 1 1 1 1 1 1 0 1 1 1 1 1 0 1 1 1 1 1 1 1 1 1 1 1 1 1 1 1 1 1 1 1 1 1 1 1 1
Activations 1: 73 67 68 74 73 72 80 75 71 73 74 74 63 79 63 80 72 82 75 69 66 66 61 70 64 73
Scale/quant 1: 1 1 1 1 1 1 1 1 1 1 1 1 1 1 1 1 1 1 1 1 1 1 1 1 1 1
Activations 2: 34 32 33 35 36 39 42 34 31 34 37 36 34
Scale/quant 2: 1 1 1 1 1 1 1 1 1 1 1 1 1
Activations 3: 6 5 4 5 6 6 7 4 4 5
Final output: -52 -54 -56 -54 -52 -52 -50 -56 -56 -54
Sample 8: Predicted = 6, Label = 1

Sending input image #9: 0 0 0 0 0 0 0 0 0 0 0 0 0 0 0 0 0 0 0 242 0 0 0 0 0 0 0 0 0 0 253 0 251 0 0 0 0 0 116 0 96 158 0 253 0 0 189 0 0 252 0 111 42 0 0 0 0 0 0 0 251 0 0 0 0 0 0 0 0 0 0 0 0 0 0 0 0 0 0 
X0_input: 1 1 1 1 1 1 1 1 1 1 1 1 1 1 1 1 1 1 1 1 1 1 1 1 1 1 1 0 1 1 1 1 1 1 1 1 1 1 0 1 1 1 1 1 1 1 1 1 1 0 1 1 1 0 1 1 1 1 1 1 0 1 1 1 0 0 1 1 1 1 1 0 1 1 1 0 0 1 1 1 0 0 0 1 1 1 0 0 1 1 1 0 0 0 1 1 1 1 0 1 1 1 0 1 0 1 1 1 1 0 1 1 1 1 1 1 1 1 1 1 0 1 1 1 1 1 1 1 1 1 1 0 1 1 1 1 1 1 1 1 1 1 1 1 1 1 1 1 1 1 1 1 1 1 1 1 1
Activations 1: 76 70 66 73 78 74 80 72 74 76 77 76 68 82 61 80 72 86 73 71 70 65 63 72 66 74
Scale/quant 1: 1 1 1 1 1 1 1 1 1 1 1 1 1 1 1 1 1 1 1 1 1 1 1 1 1 1
Activations 2: 34 32 33 35 36 39 42 34 31 34 37 36 34
Scale/quant 2: 1 1 1 1 1 1 1 1 1 1 1 1 1
Activations 3: 6 5 4 5 6 6 7 4 4 5
Final output: -52 -54 -56 -54 -52 -52 -50 -56 -56 -54
Sample 9: Predicted = 6, Label = 4

Accuracy: 0 / 10
INFO [HLS SIM]: The maximum depth reached by any hls::stream() instance in the design is 784
INFO: [SIM 211-1] CSim done with 0 errors.
INFO: [SIM 211-3] *************** CSIM finish ***************
INFO: [HLS 200-112] Total CPU user time: 4 seconds. Total CPU system time: 2 seconds. Total elapsed time: 11.205 seconds; peak allocated memory: 620.195 MB.
INFO: [vitis-run 60-791] Total elapsed time: 0h 0m 16s
