  **** HLS Build v2024.2 5238294
INFO: [HLS 200-2005] Using work_dir D:/ecen529/finalProject/vitis/bnn_hls/bnn_hls 
INFO: [HLS 200-1505] Using default flow_target 'vivado'
Resolution: For help on HLS 200-1505 see docs.xilinx.com/access/sources/dita/topic?Doc_Version=2024.2%20English&url=ug1448-hls-guidance&resourceid=200-1505.html
WARNING: [HLS 200-2001] file not found 'C:\ECEN529\bnn_final\vitis\bnn_hls\bnn_tb.cpp' see [hls] from D:/ecen529/finalProject/vitis/bnn_hls/hls_config.cfg(11)
INFO: [HLS 200-1465] Applying ini 'syn.file=bnn.cpp' from D:/ecen529/finalProject/vitis/bnn_hls/hls_config.cfg(7)
INFO: [HLS 200-10] Adding design file 'D:/ecen529/finalProject/vitis/bnn_hls/bnn.cpp' to the project
INFO: [HLS 200-1465] Applying ini 'syn.file=weights.h' from D:/ecen529/finalProject/vitis/bnn_hls/hls_config.cfg(8)
INFO: [HLS 200-10] Adding design file 'D:/ecen529/finalProject/vitis/bnn_hls/weights.h' to the project
INFO: [HLS 200-1465] Applying ini 'syn.file=weights.cpp' from D:/ecen529/finalProject/vitis/bnn_hls/hls_config.cfg(9)
INFO: [HLS 200-10] Adding design file 'D:/ecen529/finalProject/vitis/bnn_hls/weights.cpp' to the project
INFO: [HLS 200-1465] Applying ini 'tb.file=D:\ecen529\finalProject\vitis\bnn_hls\bnn_tb.cpp' from D:/ecen529/finalProject/vitis/bnn_hls/hls_config.cfg(10)
INFO: [HLS 200-10] Adding test bench file 'D:/ecen529/finalProject/vitis/bnn_hls/bnn_tb.cpp' to the project
INFO: [HLS 200-1465] Applying ini 'tb.file=C:\ECEN529\bnn_final\vitis\bnn_hls\bnn_tb.cpp' from D:/ecen529/finalProject/vitis/bnn_hls/hls_config.cfg(11)
WARNING: [HLS 200-40] Cannot find test bench file 'C:/ECEN529/bnn_final/vitis/bnn_hls/bnn_tb.cpp'
INFO: [HLS 200-1465] Applying ini 'syn.top=feedforward_stream' from D:/ecen529/finalProject/vitis/bnn_hls/hls_config.cfg(12)
INFO: [HLS 200-1465] Applying ini 'flow_target=vivado' from D:/ecen529/finalProject/vitis/bnn_hls/hls_config.cfg(4)
INFO: [HLS 200-1505] Using flow_target 'vivado'
Resolution: For help on HLS 200-1505 see docs.xilinx.com/access/sources/dita/topic?Doc_Version=2024.2%20English&url=ug1448-hls-guidance&resourceid=200-1505.html
INFO: [HLS 200-1465] Applying ini 'part=xc7z020clg400-1' from D:/ecen529/finalProject/vitis/bnn_hls/hls_config.cfg(1)
INFO: [HLS 200-1611] Setting target device to 'xc7z020-clg400-1'
INFO: [HLS 200-1465] Applying ini 'package.output.format=ip_catalog' from D:/ecen529/finalProject/vitis/bnn_hls/hls_config.cfg(5)
INFO: [SIM 211-2] *************** CSIM start ***************
INFO: [SIM 211-4] CSIM will launch CLANG as the compiler.
INFO: [HLS 200-2036] Building debug C Simulation binaries
   Compiling ../../../../bnn_tb.cpp in debug mode
   Generating csim.exe
In file included from ../../../../bnn_tb.cpp:7:
In file included from C:/Xilinx/Vitis/2024.2/include/ap_axi_sdata.h:15:
In file included from C:/Xilinx/Vitis/2024.2/include/ap_int.h:10:
In file included from C:/Xilinx/Vitis/2024.2/include/etc/ap_common.h:658:
In file included from C:/Xilinx/Vitis/2024.2/include/etc/ap_private.h:68:
In file included from C:/Xilinx/Vitis/2024.2/include/hls_half.h:26:
In file included from C:/Xilinx/Vitis/2024.2/include/etc/hls_half_fpo.h:19:
In file included from C:/Xilinx/Vitis/2024.2/include/hls_fpo.h:140:
In file included from C:/Xilinx/Vitis/2024.2/include/floating_point_v7_1_bitacc_cmodel.h:150:
C:/Xilinx/Vitis/2024.2/include/gmp.h:58:9: warning: '__GMP_LIBGMP_DLL' macro redefined [-Wmacro-redefined]
#define __GMP_LIBGMP_DLL  0
        ^
C:/Xilinx/Vitis/2024.2/include/floating_point_v7_1_bitacc_cmodel.h:142:9: note: previous definition is here
#define __GMP_LIBGMP_DLL 1
        ^
1 warning generated.
Image data:	439	419	412	401	369	351	396	365	396	343	394	368
Activations 2:	52	55	80	61	50	53	55	80	67	73	58	57	72	76	60	51	64	60	61	61	84	51	63	68	64	74	59	68	53	69	77	56	67	67	69	53	67	55	59	60	69	75	65	60	52	56	67	77	65	54	56	68	53	55	71	61	63	70	66	65	76	47	75	77
Activations 3:	-2	-4	8	26	-24	32	-14	-8	4	-2
Sample 0: Predicted = 5, Label = 5

Image data:	2	435	419	419	403	343	411	384	334	396	361	352	372	374	362	371	370	364	391	398	378	368	367	414	370	390	438	456	374	430	436	429	420	424	357	371	414	420	387	441	352	363	430	392	401	417	385	411	441	368	382	429	395	446	343	393	431	376	405	422	363	410	420	379	409	348	339	409	367	351	360	411	418	414	413	408	365	422	392	382	424	332	376	365	391	419	369	373	443	412	409	353	345	384	417	378	345	390	390
Activations 2:	55	54	55	68	51	72	76	75	72	56	51	76	69	81	51	74	57	55	52	72	77	52	80	63	51	53	74	55	74	56	68	73	52	68	66	72	66	56	76	71	54	66	52	55	61	65	60	84	52	55	65	67	46	58	56	54	76	77	75	62	75	74	70	68
Activations 3:	54	-8	-4	-10	-16	20	-2	-4	-8	-10
Sample 1: Predicted = 0, Label = 0

Image data:	l = 4

Image data:			401	385	393	411	403	416	385	393	399	392	355	392	349	388	354
Activations 2:	60	55	72	65	66	55	53	52	63	61	72	59	56	62	54	61	64	66	69	65	72	63	71	66	70	62	71	64	53	69	57	56	67	59	63	67	55	57	61	62	59	61	81	78	76	54	63	55	63	58	66	74	71	59	53	71	57	48	58	61	48	73	73	69
Activations 3:	-8	22	-2	4	-6	-10	-8	-2	30	0
Sample 3: Predicted = 8, Label = 1

Image data:			356	414	408	391	405	417	395	381	367	410	370	384	409	406	364	410	362	401	408	370	393	392	424	376	413	346	386	372	398	428	356	418	376	461	398	386	395	377	414	392	369	447	374	377	384	424	403	427	401	379	409	388	430	395	365	370	383	361	401	390	367	374	403	412	388	339	351	374	391	435	339	399	394	397	368	364	391	384	383	346	404	404	422	356	370	403	421	363	373	401	421	402	355	383	379	400	379	398	371	422	360
Activations 2:	62	65	68	61	78	65	69	68	57	55	78	61	62	64	74	61	78	54	57	55	58	77	65	52	80	68	53	78	63	61	47	62	71	65	53	81	71	63	69	50	69	51	73	66	76	68	67	57	55	66	76	68	61	67	69	75	59	58	54	57	44	57	65	59
Activations 3:	-22	-4	-16	-6	20	-12	-2	8	8	38
Sample 4: Predicted = 9, Label = 9

Accuracy: 4 / 5
INFO [HLS SIM]: The maximum depth reached by any hls::stream() instance in the design is 784
INFO: [SIM 211-1] CSim done with 0 errors.
INFO: [SIM 211-3] *************** CSIM finish ***************
INFO: [HLS 200-112] Total CPU user time: 4 seconds. Total CPU system time: 3 seconds. Total elapsed time: 10.592 seconds; peak allocated memory: 620.082 MB.
INFO: [vitis-run 60-791] Total elapsed time: 0h 0m 16s
