  **** HLS Build v2024.2 5238294
INFO: [HLS 200-2005] Using work_dir D:/ecen529/finalProject/vitis/bnn_hls/bnn_hls 
INFO: [HLS 200-1505] Using default flow_target 'vivado'
Resolution: For help on HLS 200-1505 see docs.xilinx.com/access/sources/dita/topic?Doc_Version=2024.2%20English&url=ug1448-hls-guidance&resourceid=200-1505.html
INFO: [HLS 200-1465] Applying ini 'syn.file=bnn.cpp' from D:/ecen529/finalProject/vitis/bnn_hls/hls_config.cfg(8)
INFO: [HLS 200-10] Adding design file 'D:/ecen529/finalProject/vitis/bnn_hls/bnn.cpp' to the project
INFO: [HLS 200-1465] Applying ini 'syn.file=weights.h' from D:/ecen529/finalProject/vitis/bnn_hls/hls_config.cfg(9)
INFO: [HLS 200-10] Adding design file 'D:/ecen529/finalProject/vitis/bnn_hls/weights.h' to the project
INFO: [HLS 200-1465] Applying ini 'syn.file=weights.cpp' from D:/ecen529/finalProject/vitis/bnn_hls/hls_config.cfg(10)
INFO: [HLS 200-10] Adding design file 'D:/ecen529/finalProject/vitis/bnn_hls/weights.cpp' to the project
INFO: [HLS 200-1465] Applying ini 'tb.file=bnn_tb.cpp' from D:/ecen529/finalProject/vitis/bnn_hls/hls_config.cfg(11)
INFO: [HLS 200-10] Adding test bench file 'D:/ecen529/finalProject/vitis/bnn_hls/bnn_tb.cpp' to the project
INFO: [HLS 200-1465] Applying ini 'syn.top=feedforward' from D:/ecen529/finalProject/vitis/bnn_hls/hls_config.cfg(7)
INFO: [HLS 200-1465] Applying ini 'flow_target=vivado' from D:/ecen529/finalProject/vitis/bnn_hls/hls_config.cfg(4)
INFO: [HLS 200-1505] Using flow_target 'vivado'
Resolution: For help on HLS 200-1505 see docs.xilinx.com/access/sources/dita/topic?Doc_Version=2024.2%20English&url=ug1448-hls-guidance&resourceid=200-1505.html
INFO: [HLS 200-1465] Applying ini 'part=xc7z020clg400-1' from D:/ecen529/finalProject/vitis/bnn_hls/hls_config.cfg(1)
INFO: [HLS 200-1611] Setting target device to 'xc7z020-clg400-1'
INFO: [HLS 200-1465] Applying ini 'package.output.format=ip_catalog' from D:/ecen529/finalProject/vitis/bnn_hls/hls_config.cfg(5)
INFO: [SIM 211-2] *************** CSIM start ***************
INFO: [SIM 211-4] CSIM will launch CLANG as the compiler.
INFO: [HLS 200-2036] Building debug C Simulation binaries
   Compiling ../../../../bnn_tb.cpp in debug mode
   Compiling ../../../../bnn.cpp in debug mode
   Generating csim.exe
In file included from ../../../../bnn_tb.cpp:7:
In file included from C:/Xilinx/Vitis/2024.2/include/ap_axi_sdata.h:15:
In file included from C:/Xilinx/Vitis/2024.2/include/ap_int.h:10:
In file included from C:/Xilinx/Vitis/2024.2/include/etc/ap_common.h:658:
In file included from C:/Xilinx/Vitis/2024.2/include/etc/ap_private.h:68:
In file included from C:/Xilinx/Vitis/2024.2/include/hls_half.h:26:
In file included from C:/Xilinx/Vitis/2024.2/include/etc/hls_half_fpo.h:19:
In file included from C:/Xilinx/Vitis/2024.2/include/hls_fpo.h:140:
In file included from C:/Xilinx/Vitis/2024.2/include/floating_point_v7_1_bitacc_cmodel.h:150:
C:/Xilinx/Vitis/2024.2/include/gmp.h:58:9: warning: '__GMP_LIBGMP_DLL' macro redefined [-Wmacro-redefined]
#define __GMP_LIBGMP_DLL  0
        ^
C:/Xilinx/Vitis/2024.2/include/floating_point_v7_1_bitacc_cmodel.h:142:9: note: previous definition is here
#define __GMP_LIBGMP_DLL 1
        ^
1 warning generated.
In file included from ../../../../bnn.cpp:3:
In file included from C:/Xilinx/Vitis/2024.2/include/ap_axi_sdata.h:15:
In file included from C:/Xilinx/Vitis/2024.2/include/ap_int.h:10:
In file included from C:/Xilinx/Vitis/2024.2/include/etc/ap_common.h:658:
In file included from C:/Xilinx/Vitis/2024.2/include/etc/ap_private.h:68:
In file included from C:/Xilinx/Vitis/2024.2/include/hls_half.h:26:
In file included from C:/Xilinx/Vitis/2024.2/include/etc/hls_half_fpo.h:19:
In file included from C:/Xilinx/Vitis/2024.2/include/hls_fpo.h:140:
In file included from C:/Xilinx/Vitis/2024.2/include/floating_point_v7_1_bitacc_cmodel.h:150:
C:/Xilinx/Vitis/2024.2/include/gmp.h:58:9: warning: '__GMP_LIBGMP_DLL' macro redefined [-Wmacro-redefined]
#define __GMP_LIBGMP_DLL  0
        ^
C:/Xilinx/Vitis/2024.2/include/floating_point_v7_1_bitacc_cmodel.h:142:9: note: previous definition is here
#define __GMP_LIBGMP_DLL 1
        ^
1 warning generated.
Sending input image #0
0 0 0 0 0 0 0 0 0 0 0 0 0 0 0 253 0 
logits[0] = -128
logits[1] = -128
logits[2] = -128
logits[3] = -128
logits[4] = -128
logits[5] = -128
logits[6] = -128
logits[7] = -128
logits[8] = -128
logits[9] = -128
logits[10] = -128
logits[11] = -128
logits[12] = -128
logits[13] = -128
logits[14] = -128
logits[15] = -128
logits[16] = -128
logits[17] = -128
logits[18] = -128
logits[19] = -128
logits[20] = -128
logits[21] = -128
logits[22] = -128
logits[23] = -128
logits[24] = -128
logits[25] = -128
logits[26] = -128
logits[27] = -128
logits[28] = -128
logits[29] = -128
logits[30] = -128
logits[31] = -128
logits[32] = -128
logits[33] = -128
logits[34] = -128
logits[35] = -128
logits[36] = -128
logits[37] = -128
logits[38] = -128
logits[39] = -128
logits[40] = -128
logits[41] = -128
logits[42] = -128
logits[43] = -128
logits[44] = -128
logits[45] = -128
logits[46] = -128
logits[47] = -128
logits[48] = -128
logits[49] = -128
logits[50] = -128
logits[51] = -128
logits[52] = -128
logits[53] = -128
logits[54] = -128
logits[55] = -128
logits[56] = -128
logits[57] = -128
logits[58] = -128
logits[59] = -128
logits[60] = -128
logits[61] = -128
logits[62] = -128
logits[63] = -128
Sample 0: Predicted = 0, Label = 5
Sending input image #1
0 0 0 0 0 0 0 0 0 0 0 0 253 253 0 252 0 
logits[0] = -128
logits[1] = -128
logits[2] = -128
logits[3] = -128
logits[4] = -128
logits[5] = -128
logits[6] = -128
logits[7] = -128
logits[8] = -128
logits[9] = -128
logits[10] = -128
logits[11] = -128
logits[12] = -128
logits[13] = -128
logits[14] = -128
logits[15] = -128
logits[16] = -128
logits[17] = -128
logits[18] = -128
logits[19] = -128
logits[20] = -128
logits[21] = -128
logits[22] = -128
logits[23] = -128
logits[24] = -128
logits[25] = -128
logits[26] = -128
logits[27] = -128
logits[28] = -128
logits[29] = -128
logits[30] = -128
logits[31] = -128
logits[32] = -128
logits[33] = -128
logits[34] = -128
logits[35] = -128
logits[36] = -128
logits[37] = -128
logits[38] = -128
logits[39] = -128
logits[40] = -128
logits[41] = -128
logits[42] = -128
logits[43] = -128
logits[44] = -128
logits[45] = -128
logits[46] = -128
logits[47] = -128
logits[48] = -128
logits[49] = -128
logits[50] = -128
logits[51] = -128
logits[52] = -128
logits[53] = -128
logits[54] = -128
logits[55] = -128
logits[56] = -128
logits[57] = -128
logits[58] = -128
logits[59] = -128
logits[60] = -128
logits[61] = -128
logits[62] = -128
logits[63] = -128
Sample 1: Predicted = 0, Label = 0
Sending input image #2
0 0 0 0 0 0 0 0 0 0 0 126 254 0 0 0 0 
logits[0] = -128
logits[1] = -128
logits[2] = -128
logits[3] = -128
logits[4] = -128
logits[5] = -128
logits[6] = -128
logits[7] = -128
logits[8] = -128
logits[9] = -128
logits[10] = -128
logits[11] = -128
logits[12] = -128
logits[13] = -128
logits[14] = -128
logits[15] = -128
logits[16] = -128
logits[17] = -128
logits[18] = -128
logits[19] = -128
logits[20] = -128
logits[21] = -128
logits[22] = -128
logits[23] = -128
logits[24] = -128
logits[25] = -128
logits[26] = -128
logits[27] = -128
logits[28] = -128
logits[29] = -128
logits[30] = -128
logits[31] = -128
logits[32] = -128
logits[33] = -128
logits[34] = -128
logits[35] = -128
logits[36] = -128
logits[37] = -128
logits[38] = -128
logits[39] = -128
logits[40] = -128
logits[41] = -128
logits[42] = -128
logits[43] = -128
logits[44] = -128
logits[45] = -128
logits[46] = -128
logits[47] = -128
logits[48] = -128
logits[49] = -128
logits[50] = -128
logits[51] = -128
logits[52] = -128
logits[53] = -128
logits[54] = -128
logits[55] = -128
logits[56] = -128
logits[57] = -128
logits[58] = -128
logits[59] = -128
logits[60] = -128
logits[61] = -128
logits[62] = -128
logits[63] = -128
Sample 2: Predicted = 0, Label = 4
Sending input image #3
0 0 0 0 0 0 0 0 0 0 0 0 0 0 0 140 0 
logits[0] = -128
logits[1] = -128
logits[2] = -128
logits[3] = -128
logits[4] = -128
logits[5] = -128
logits[6] = -128
logits[7] = -128
logits[8] = -128
logits[9] = -128
logits[10] = -128
logits[11] = -128
logits[12] = -128
logits[13] = -128
logits[14] = -128
logits[15] = -128
logits[16] = -128
logits[17] = -128
logits[18] = -128
logits[19] = -128
logits[20] = -128
logits[21] = -128
logits[22] = -128
logits[23] = -128
logits[24] = -128
logits[25] = -128
logits[26] = -128
logits[27] = -128
logits[28] = -128
logits[29] = -128
logits[30] = -128
logits[31] = -128
logits[32] = -128
logits[33] = -128
logits[34] = -128
logits[35] = -128
logits[36] = -128
logits[37] = -128
logits[38] = -128
logits[39] = -128
logits[40] = -128
logits[41] = -128
logits[42] = -128
logits[43] = -128
logits[44] = -128
logits[45] = -128
logits[46] = -128
logits[47] = -128
logits[48] = -128
logits[49] = -128
logits[50] = -128
logits[51] = -128
logits[52] = -128
logits[53] = -128
logits[54] = -128
logits[55] = -128
logits[56] = -128
logits[57] = -128
logits[58] = -128
logits[59] = -128
logits[60] = -128
logits[61] = -128
logits[62] = -128
logits[63] = -128
Sample 3: Predicted = 0, Label = 1
Sending input image #4
0 0 0 0 0 0 0 0 0 0 0 0 21 252 0 0 0 
logits[0] = -128
logits[1] = -128
logits[2] = -128
logits[3] = -128
logits[4] = -128
logits[5] = -128
logits[6] = -128
logits[7] = -128
logits[8] = -128
logits[9] = -128
logits[10] = -128
logits[11] = -128
logits[12] = -128
logits[13] = -128
logits[14] = -128
logits[15] = -128
logits[16] = -128
logits[17] = -128
logits[18] = -128
logits[19] = -128
logits[20] = -128
logits[21] = -128
logits[22] = -128
logits[23] = -128
logits[24] = -128
logits[25] = -128
logits[26] = -128
logits[27] = -128
logits[28] = -128
logits[29] = -128
logits[30] = -128
logits[31] = -128
logits[32] = -128
logits[33] = -128
logits[34] = -128
logits[35] = -128
logits[36] = -128
logits[37] = -128
logits[38] = -128
logits[39] = -128
logits[40] = -128
logits[41] = -128
logits[42] = -128
logits[43] = -128
logits[44] = -128
logits[45] = -128
logits[46] = -128
logits[47] = -128
logits[48] = -128
logits[49] = -128
logits[50] = -128
logits[51] = -128
logits[52] = -128
logits[53] = -128
logits[54] = -128
logits[55] = -128
logits[56] = -128
logits[57] = -128
logits[58] = -128
logits[59] = -128
logits[60] = -128
logits[61] = -128
logits[62] = -128
logits[63] = -128
Sample 4: Predicted = 0, Label = 9
Sending input image #5
0 0 0 0 0 0 0 0 0 0 0 0 60 0 49 36 0 
logits[0] = -128
logits[1] = -128
logits[2] = -128
logits[3] = -128
logits[4] = -128
logits[5] = -128
logits[6] = -128
logits[7] = -128
logits[8] = -128
logits[9] = -128
logits[10] = -128
logits[11] = -128
logits[12] = -128
logits[13] = -128
logits[14] = -128
logits[15] = -128
logits[16] = -128
logits[17] = -128
logits[18] = -128
logits[19] = -128
logits[20] = -128
logits[21] = -128
logits[22] = -128
logits[23] = -128
logits[24] = -128
logits[25] = -128
logits[26] = -128
logits[27] = -128
logits[28] = -128
logits[29] = -128
logits[30] = -128
logits[31] = -128
logits[32] = -128
logits[33] = -128
logits[34] = -128
logits[35] = -128
logits[36] = -128
logits[37] = -128
logits[38] = -128
logits[39] = -128
logits[40] = -128
logits[41] = -128
logits[42] = -128
logits[43] = -128
logits[44] = -128
logits[45] = -128
logits[46] = -128
logits[47] = -128
logits[48] = -128
logits[49] = -128
logits[50] = -128
logits[51] = -128
logits[52] = -128
logits[53] = -128
logits[54] = -128
logits[55] = -128
logits[56] = -128
logits[57] = -128
logits[58] = -128
logits[59] = -128
logits[60] = -128
logits[61] = -128
logits[62] = -128
logits[63] = -128
Sample 5: Predicted = 0, Label = 2
Sending input image #6
0 0 0 0 0 0 0 0 0 0 0 0 0 0 0 0 0 
logits[0] = -128
logits[1] = -128
logits[2] = -128
logits[3] = -128
logits[4] = -128
logits[5] = -128
logits[6] = -128
logits[7] = -128
logits[8] = -128
logits[9] = -128
logits[10] = -128
logits[11] = -128
logits[12] = -128
logits[13] = -128
logits[14] = -128
logits[15] = -128
logits[16] = -128
logits[17] = -128
logits[18] = -128
logits[19] = -128
logits[20] = -128
logits[21] = -128
logits[22] = -128
logits[23] = -128
logits[24] = -128
logits[25] = -128
logits[26] = -128
logits[27] = -128
logits[28] = -128
logits[29] = -128
logits[30] = -128
logits[31] = -128
logits[32] = -128
logits[33] = -128
logits[34] = -128
logits[35] = -128
logits[36] = -128
logits[37] = -128
logits[38] = -128
logits[39] = -128
logits[40] = -128
logits[41] = -128
logits[42] = -128
logits[43] = -128
logits[44] = -128
logits[45] = -128
logits[46] = -128
logits[47] = -128
logits[48] = -128
logits[49] = -128
logits[50] = -128
logits[51] = -128
logits[52] = -128
logits[53] = -128
logits[54] = -128
logits[55] = -128
logits[56] = -128
logits[57] = -128
logits[58] = -128
logits[59] = -128
logits[60] = -128
logits[61] = -128
logits[62] = -128
logits[63] = -128
Sample 6: Predicted = 0, Label = 1
Sending input image #7
0 0 0 0 0 0 0 0 0 0 0 0 252 45 0 134 0 
logits[0] = -128
logits[1] = -128
logits[2] = -128
logits[3] = -128
logits[4] = -128
logits[5] = -128
logits[6] = -128
logits[7] = -128
logits[8] = -128
logits[9] = -128
logits[10] = -128
logits[11] = -128
logits[12] = -128
logits[13] = -128
logits[14] = -128
logits[15] = -128
logits[16] = -128
logits[17] = -128
logits[18] = -128
logits[19] = -128
logits[20] = -128
logits[21] = -128
logits[22] = -128
logits[23] = -128
logits[24] = -128
logits[25] = -128
logits[26] = -128
logits[27] = -128
logits[28] = -128
logits[29] = -128
logits[30] = -128
logits[31] = -128
logits[32] = -128
logits[33] = -128
logits[34] = -128
logits[35] = -128
logits[36] = -128
logits[37] = -128
logits[38] = -128
logits[39] = -128
logits[40] = -128
logits[41] = -128
logits[42] = -128
logits[43] = -128
logits[44] = -128
logits[45] = -128
logits[46] = -128
logits[47] = -128
logits[48] = -128
logits[49] = -128
logits[50] = -128
logits[51] = -128
logits[52] = -128
logits[53] = -128
logits[54] = -128
logits[55] = -128
logits[56] = -128
logits[57] = -128
logits[58] = -128
logits[59] = -128
logits[60] = -128
logits[61] = -128
logits[62] = -128
logits[63] = -128
Sample 7: Predicted = 0, Label = 3
Sending input image #8
0 0 0 0 0 0 0 0 0 0 0 0 0 0 0 0 0 
logits[0] = -128
logits[1] = -128
logits[2] = -128
logits[3] = -128
logits[4] = -128
logits[5] = -128
logits[6] = -128
logits[7] = -128
logits[8] = -128
logits[9] = -128
logits[10] = -128
logits[11] = -128
logits[12] = -128
logits[13] = -128
logits[14] = -128
logits[15] = -128
logits[16] = -128
logits[17] = -128
logits[18] = -128
logits[19] = -128
logits[20] = -128
logits[21] = -128
logits[22] = -128
logits[23] = -128
logits[24] = -128
logits[25] = -128
logits[26] = -128
logits[27] = -128
logits[28] = -128
logits[29] = -128
logits[30] = -128
logits[31] = -128
logits[32] = -128
logits[33] = -128
logits[34] = -128
logits[35] = -128
logits[36] = -128
logits[37] = -128
logits[38] = -128
logits[39] = -128
logits[40] = -128
logits[41] = -128
logits[42] = -128
logits[43] = -128
logits[44] = -128
logits[45] = -128
logits[46] = -128
logits[47] = -128
logits[48] = -128
logits[49] = -128
logits[50] = -128
logits[51] = -128
logits[52] = -128
logits[53] = -128
logits[54] = -128
logits[55] = -128
logits[56] = -128
logits[57] = -128
logits[58] = -128
logits[59] = -128
logits[60] = -128
logits[61] = -128
logits[62] = -128
logits[63] = -128
Sample 8: Predicted = 0, Label = 1
Sending input image #9
0 0 0 0 0 0 0 0 0 0 0 0 253 96 0 251 0 
logits[0] = -128
logits[1] = -128
logits[2] = -128
logits[3] = -128
logits[4] = -128
logits[5] = -128
logits[6] = -128
logits[7] = -128
logits[8] = -128
logits[9] = -128
logits[10] = -128
logits[11] = -128
logits[12] = -128
logits[13] = -128
logits[14] = -128
logits[15] = -128
logits[16] = -128
logits[17] = -128
logits[18] = -128
logits[19] = -128
logits[20] = -128
logits[21] = -128
logits[22] = -128
logits[23] = -128
logits[24] = -128
logits[25] = -128
logits[26] = -128
logits[27] = -128
logits[28] = -128
logits[29] = -128
logits[30] = -128
logits[31] = -128
logits[32] = -128
logits[33] = -128
logits[34] = -128
logits[35] = -128
logits[36] = -128
logits[37] = -128
logits[38] = -128
logits[39] = -128
logits[40] = -128
logits[41] = -128
logits[42] = -128
logits[43] = -128
logits[44] = -128
logits[45] = -128
logits[46] = -128
logits[47] = -128
logits[48] = -128
logits[49] = -128
logits[50] = -128
logits[51] = -128
logits[52] = -128
logits[53] = -128
logits[54] = -128
logits[55] = -128
logits[56] = -128
logits[57] = -128
logits[58] = -128
logits[59] = -128
logits[60] = -128
logits[61] = -128
logits[62] = -128
logits[63] = -128
Sample 9: Predicted = 0, Label = 4
Accuracy: 1 / 10
INFO [HLS SIM]: The maximum depth reached by any hls::stream() instance in the design is 784
INFO: [SIM 211-1] CSim done with 0 errors.
INFO: [SIM 211-3] *************** CSIM finish ***************
INFO: [HLS 200-112] Total CPU user time: 4 seconds. Total CPU system time: 3 seconds. Total elapsed time: 18.261 seconds; peak allocated memory: 619.641 MB.
INFO: [vitis-run 60-791] Total elapsed time: 0h 0m 24s
