  **** HLS Build v2024.2 5238294
INFO: [HLS 200-2005] Using work_dir D:/ecen529/finalProject/vitis/bnn_hls/bnn_hls 
INFO: [HLS 200-1505] Using default flow_target 'vivado'
Resolution: For help on HLS 200-1505 see docs.xilinx.com/access/sources/dita/topic?Doc_Version=2024.2%20English&url=ug1448-hls-guidance&resourceid=200-1505.html
INFO: [HLS 200-1465] Applying ini 'syn.file=bnn.cpp' from D:/ecen529/finalProject/vitis/bnn_hls/hls_config.cfg(8)
INFO: [HLS 200-10] Adding design file 'D:/ecen529/finalProject/vitis/bnn_hls/bnn.cpp' to the project
INFO: [HLS 200-1465] Applying ini 'syn.file=weights.h' from D:/ecen529/finalProject/vitis/bnn_hls/hls_config.cfg(9)
INFO: [HLS 200-10] Adding design file 'D:/ecen529/finalProject/vitis/bnn_hls/weights.h' to the project
INFO: [HLS 200-1465] Applying ini 'syn.file=weights.cpp' from D:/ecen529/finalProject/vitis/bnn_hls/hls_config.cfg(10)
INFO: [HLS 200-10] Adding design file 'D:/ecen529/finalProject/vitis/bnn_hls/weights.cpp' to the project
INFO: [HLS 200-1465] Applying ini 'tb.file=D:\ecen529\finalProject\vitis\bnn_hls\bnn_tb.cpp' from D:/ecen529/finalProject/vitis/bnn_hls/hls_config.cfg(11)
INFO: [HLS 200-10] Adding test bench file 'D:/ecen529/finalProject/vitis/bnn_hls/bnn_tb.cpp' to the project
INFO: [HLS 200-1465] Applying ini 'syn.top=feedforward' from D:/ecen529/finalProject/vitis/bnn_hls/hls_config.cfg(7)
INFO: [HLS 200-1465] Applying ini 'flow_target=vivado' from D:/ecen529/finalProject/vitis/bnn_hls/hls_config.cfg(4)
INFO: [HLS 200-1505] Using flow_target 'vivado'
Resolution: For help on HLS 200-1505 see docs.xilinx.com/access/sources/dita/topic?Doc_Version=2024.2%20English&url=ug1448-hls-guidance&resourceid=200-1505.html
INFO: [HLS 200-1465] Applying ini 'part=xc7z020clg400-1' from D:/ecen529/finalProject/vitis/bnn_hls/hls_config.cfg(1)
INFO: [HLS 200-1611] Setting target device to 'xc7z020-clg400-1'
INFO: [HLS 200-1465] Applying ini 'package.output.format=ip_catalog' from D:/ecen529/finalProject/vitis/bnn_hls/hls_config.cfg(5)
INFO: [SIM 211-2] *************** CSIM start ***************
INFO: [SIM 211-4] CSIM will launch CLANG as the compiler.
INFO: [HLS 200-2036] Building debug C Simulation binaries
   Compiling ../../../../bnn_tb.cpp in debug mode
   Compiling ../../../../bnn.cpp in debug mode
   Generating csim.exe
In file included from ../../../../bnn_tb.cpp:7:
In file included from C:/Xilinx/Vitis/2024.2/include/ap_axi_sdata.h:15:
In file included from C:/Xilinx/Vitis/2024.2/include/ap_int.h:10:
In file included from C:/Xilinx/Vitis/2024.2/include/etc/ap_common.h:658:
In file included from C:/Xilinx/Vitis/2024.2/include/etc/ap_private.h:68:
In file included from C:/Xilinx/Vitis/2024.2/include/hls_half.h:26:
In file included from C:/Xilinx/Vitis/2024.2/include/etc/hls_half_fpo.h:19:
In file included from C:/Xilinx/Vitis/2024.2/include/hls_fpo.h:140:
In file included from C:/Xilinx/Vitis/2024.2/include/floating_point_v7_1_bitacc_cmodel.h:150:
C:/Xilinx/Vitis/2024.2/include/gmp.h:58:9: warning: '__GMP_LIBGMP_DLL' macro redefined [-Wmacro-redefined]
#define __GMP_LIBGMP_DLL  0
        ^
C:/Xilinx/Vitis/2024.2/include/floating_point_v7_1_bitacc_cmodel.h:142:9: note: previous definition is here
#define __GMP_LIBGMP_DLL 1
        ^
1 warning generated.
In file included from ../../../../bnn.cpp:2:
In file included from C:/Xilinx/Vitis/2024.2/include/ap_axi_sdata.h:15:
In file included from C:/Xilinx/Vitis/2024.2/include/ap_int.h:10:
In file included from C:/Xilinx/Vitis/2024.2/include/etc/ap_common.h:658:
In file included from C:/Xilinx/Vitis/2024.2/include/etc/ap_private.h:68:
In file included from C:/Xilinx/Vitis/2024.2/include/hls_half.h:26:
In file included from C:/Xilinx/Vitis/2024.2/include/etc/hls_half_fpo.h:19:
In file included from C:/Xilinx/Vitis/2024.2/include/hls_fpo.h:140:
In file included from C:/Xilinx/Vitis/2024.2/include/floating_point_v7_1_bitacc_cmodel.h:150:
C:/Xilinx/Vitis/2024.2/include/gmp.h:58:9: warning: '__GMP_LIBGMP_DLL' macro redefined [-Wmacro-redefined]
#define __GMP_LIBGMP_DLL  0
        ^
C:/Xilinx/Vitis/2024.2/include/floating_point_v7_1_bitacc_cmodel.h:142:9: note: previous definition is here
#define __GMP_LIBGMP_DLL 1
        ^
1 warning generated.
Sending input image #0: 0 0 0 0 0 0 0 0 0 0 0 0 0 0 0 0 0 0 0 0 0 0 0 0 0 0 0 0 0 0 0 18 166 0 0 0 170 253 195 0 0 253 253 82 0 0 0 253 247 0 0 0 80 205 0 0 0 0 1 0 0 0 0 0 253 0 0 0 0 0 70 0 0 0 0 0 108 0 0 0 0 81 25 0 0 0 0 186 0 0 0 0 0 252 0 0 0 0 0 249 0 0 0 0 183 0 0 0 0 148 250 0 0 0 24 253 0 0 0 0 253 2 0 0 0 253 80 0 0 0 226 244 0 0 0 0 212 0 0 0 0 0 0 0 0 0 0 0 0 0 0 0 0 0 0 0 0 
Final output: 0 2 -4 2 -4 4 6 0 -4 -2
Sample 0: Predicted = 6, Label = 5

Sending input image #1: 0 0 0 0 0 0 0 0 0 0 0 0 0 0 0 0 0 0 0 0 0 0 0 0 0 0 159 0 0 0 0 238 0 0 0 0 0 239 0 0 0 0 252 252 0 0 0 163 252 167 0 0 0 253 47 0 0 0 238 75 253 0 0 0 208 0 165 0 0 252 0 0 0 0 0 0 0 252 0 0 253 0 0 0 0 0 0 0 253 0 0 252 0 0 12 0 0 0 0 252 0 0 85 0 48 0 0 0 225 0 162 0 0 0 48 253 0 0 0 252 252 0 0 0 0 252 145 0 0 0 0 252 0 0 0 0 0 0 0 0 0 0 0 0 0 0 0 0 0 0 0 0 0 0 0 0 0 
Final output: 0 2 -4 2 -4 4 6 0 -4 -2
Sample 1: Predicted = 6, Label = 0

Sending input image #2: 0 0 0 0 0 0 0 0 0 0 0 0 0 0 0 0 0 0 0 0 0 0 0 0 0 0 0 0 0 0 0 0 67 0 0 0 0 0 39 0 126 0 0 2 0 0 0 0 0 162 0 0 0 0 0 0 0 163 0 0 254 0 0 0 0 0 0 0 254 0 0 254 0 0 0 0 86 0 0 159 0 150 241 0 0 237 254 91 0 0 0 177 0 102 0 0 0 0 0 137 0 0 0 0 0 0 0 0 0 0 254 0 0 0 0 0 0 0 0 0 0 169 0 0 0 0 0 153 0 0 0 0 0 0 0 0 0 0 254 0 0 0 0 0 0 0 0 0 0 0 0 0 0 0 0 0 0 
Final output: 0 2 -4 2 -4 4 6 0 -4 -2
Sample 2: Predicted = 6, Label = 4

Sending input image #3: 0 0 0 0 0 0 0 0 0 0 0 0 0 0 0 0 0 0 0 0 0 0 0 0 0 0 0 0 0 0 0 0 255 0 0 0 0 96 0 0 0 0 0 251 0 0 0 0 68 8 0 0 0 0 251 0 0 0 0 155 0 0 0 0 0 235 0 0 0 0 205 0 0 0 0 0 184 0 0 0 0 240 0 0 0 0 0 159 0 0 0 0 251 0 0 0 0 0 172 0 0 0 0 251 0 0 0 0 0 89 0 0 0 0 255 0 0 0 0 0 140 0 0 0 0 251 0 0 0 0 0 220 0 0 0 0 24 0 0 0 0 0 0 0 0 0 0 0 0 0 0 0 0 0 0 0 0 
Final output: 0 2 -4 2 -4 4 6 0 -4 -2
Sample 3: Predicted = 6, Label = 1

Sending input image #4: 0 0 0 0 0 0 0 0 0 0 0 0 0 0 0 0 0 0 0 0 0 0 0 0 0 0 0 0 0 0 0 0 0 0 0 0 0 0 0 0 0 0 210 148 0 0 0 87 210 0 0 0 0 190 252 0 0 0 252 0 21 0 0 0 14 252 0 0 0 247 8 0 0 0 16 0 252 0 0 0 252 241 0 0 0 0 252 252 0 0 0 55 42 0 0 0 0 0 255 0 0 0 0 0 21 0 0 0 0 0 0 0 0 0 0 252 0 0 0 0 0 0 0 0 0 0 255 0 0 0 0 0 56 0 0 0 0 0 0 0 0 0 0 184 0 0 0 0 0 252 0 0 0 0 0 0 0 
Final output: 0 2 -4 2 -4 4 6 0 -4 -2
Sample 4: Predicted = 6, Label = 9

Sending input image #5: 0 0 0 0 0 0 0 0 0 0 0 0 0 0 0 0 0 0 0 0 0 0 0 0 0 0 0 0 0 0 0 13 0 0 0 0 0 252 0 0 0 0 252 232 0 0 0 239 31 0 0 0 0 252 252 0 0 0 252 0 60 0 0 0 22 100 0 0 0 0 0 252 0 0 0 0 121 0 0 0 0 253 228 0 0 0 227 242 6 0 0 6 59 252 0 0 0 252 203 252 49 0 136 0 65 241 0 0 88 252 0 180 0 231 252 0 0 0 0 252 36 0 0 0 0 23 0 0 0 0 0 0 0 0 0 0 0 0 0 0 0 0 0 0 0 0 0 0 0 0 0 0 0 0 0 0 0 
Final output: 0 2 -4 2 -4 4 6 0 -4 -2
Sample 5: Predicted = 6, Label = 2

Sending input image #6: 0 0 0 0 0 0 0 0 0 0 0 0 0 0 0 0 0 0 0 0 0 0 0 0 0 255 0 0 0 0 0 71 0 0 0 0 175 0 0 0 0 0 252 0 0 0 0 16 0 0 0 0 0 253 0 0 0 0 0 252 0 0 0 0 0 0 0 0 0 0 253 0 0 0 0 0 108 0 0 0 0 253 0 0 0 0 0 252 0 0 0 0 0 0 0 0 0 0 252 0 0 0 0 0 252 0 0 0 0 109 0 0 0 0 0 253 0 0 0 0 0 253 0 0 0 0 73 0 0 0 0 0 252 0 0 0 0 0 0 0 0 0 0 0 0 0 0 0 0 0 0 0 0 0 0 0 0 
Final output: 2 4 -2 0 -2 -2 0 -2 -2 0
Sample 6: Predicted = 1, Label = 1

Sending input image #7: 0 0 0 0 0 0 0 0 0 0 0 0 0 0 0 0 0 0 0 0 0 0 0 0 0 0 0 0 0 0 0 253 174 0 0 0 226 252 14 0 0 178 253 252 0 0 0 252 132 252 0 0 0 0 226 0 0 0 0 0 252 0 0 0 0 189 0 0 0 0 91 252 0 0 0 193 252 0 0 0 45 252 177 0 0 0 253 253 0 0 0 0 44 252 0 0 0 0 0 74 0 0 0 0 86 0 0 0 9 0 252 0 0 61 0 239 0 0 0 252 134 188 0 0 0 252 253 0 0 0 157 252 0 0 0 0 235 0 0 0 0 0 0 0 0 0 0 0 0 0 0 0 0 0 0 0 0 
Final output: 0 2 -4 2 -4 4 6 0 -4 -2
Sample 7: Predicted = 6, Label = 3

Sending input image #8: 0 0 0 0 0 0 0 0 0 0 0 0 0 0 0 0 0 0 0 0 0 0 0 0 0 0 0 0 0 0 0 0 0 0 0 0 20 0 0 0 0 0 254 0 0 0 0 0 0 0 0 0 0 254 0 0 0 0 0 108 0 0 0 0 16 0 0 0 0 0 254 0 0 0 0 0 0 0 0 0 0 178 0 0 0 0 0 240 0 0 0 0 0 0 0 0 0 0 254 0 0 0 0 0 38 0 0 0 0 0 0 0 0 0 0 241 0 0 0 0 0 0 0 0 0 0 144 0 0 0 0 0 40 0 0 0 0 0 0 0 0 0 0 0 0 0 0 0 0 0 0 0 0 0 0 0 0 
Final output: 0 2 -4 2 -4 4 6 0 -4 -2
Sample 8: Predicted = 6, Label = 1

Sending input image #9: 0 0 0 0 0 0 0 0 0 0 0 0 0 0 0 0 0 0 0 0 0 0 0 0 0 0 0 190 0 0 0 0 0 0 0 0 0 0 242 0 0 0 0 0 0 0 0 0 0 217 0 0 0 253 0 0 0 0 0 0 253 0 0 0 251 11 0 0 0 0 0 226 0 0 0 252 116 0 0 0 96 122 158 0 0 0 253 227 0 0 0 251 189 251 0 0 0 0 252 0 0 0 111 0 42 0 0 0 0 253 0 0 0 0 0 0 0 0 0 0 251 0 0 0 0 0 0 0 0 0 0 252 0 0 0 0 0 0 0 0 0 0 0 0 0 0 0 0 0 0 0 0 0 0 0 0 0 
Final output: 0 2 -4 2 -4 4 6 0 -4 -2
Sample 9: Predicted = 6, Label = 4

Sending input image #10: 0 0 0 0 0 0 0 0 0 0 0 0 0 0 0 0 0 0 0 0 0 0 0 0 0 219 0 0 0 0 103 254 0 0 0 0 254 238 0 0 0 0 224 0 0 0 0 0 254 0 0 0 0 206 41 0 0 0 0 254 0 0 0 0 91 254 0 0 0 0 254 0 0 0 0 247 254 0 0 0 0 254 171 0 0 0 0 93 0 0 0 0 0 254 0 0 0 0 0 28 0 0 0 0 254 0 0 0 90 0 34 0 0 0 36 254 0 0 0 197 241 11 0 0 0 254 254 0 0 0 0 165 0 0 0 0 0 0 0 0 0 0 0 0 0 0 0 0 0 0 0 0 0 0 0 0 0 
Final output: 0 6 0 2 0 4 2 0 -8 -2
Sample 10: Predicted = 1, Label = 3

Sending input image #11: 0 0 0 0 0 0 0 0 0 0 0 0 0 0 0 0 0 0 0 0 0 0 0 0 0 0 0 0 0 0 0 0 0 0 0 0 0 0 0 0 0 0 0 0 234 0 0 0 0 254 0 0 0 0 254 98 0 0 0 154 39 0 0 0 0 12 0 0 0 0 78 0 0 0 0 134 0 0 0 0 0 78 0 0 0 0 0 0 0 0 0 0 128 0 0 0 0 92 253 0 0 0 231 0 0 0 0 0 254 223 0 0 0 0 233 0 0 0 0 0 0 0 0 0 0 0 0 0 0 0 0 0 0 0 0 0 0 0 0 0 0 0 0 0 0 0 0 0 0 0 0 0 0 0 0 0 0 
Final output: 0 2 -4 2 -4 4 6 0 -4 -2
Sample 11: Predicted = 6, Label = 5

Sending input image #12: 0 0 0 0 0 0 0 0 0 0 0 0 0 0 0 0 0 0 0 0 0 0 0 0 0 0 0 0 0 91 155 52 0 0 0 254 254 122 0 0 254 189 205 0 0 0 35 0 254 0 0 0 0 0 53 0 0 0 0 254 0 0 0 0 158 8 0 0 0 0 254 0 0 0 0 254 254 0 0 0 0 254 254 0 0 0 0 155 254 0 0 0 0 200 118 0 0 0 0 254 0 0 0 0 0 254 0 0 25 0 188 0 0 0 15 0 254 0 0 168 0 254 0 0 0 254 205 242 0 0 0 254 254 0 0 0 7 194 0 0 0 0 0 0 0 0 0 0 0 0 0 0 0 0 0 0 0 
Final output: 0 2 -4 2 -4 4 6 0 -4 -2
Sample 12: Predicted = 6, Label = 3

Sending input image #13: 0 0 0 0 0 0 0 0 0 0 0 0 0 0 0 0 0 0 0 0 234 0 0 0 0 23 19 0 0 0 0 253 0 0 0 0 57 0 0 0 0 0 253 0 0 0 0 131 0 0 0 0 0 37 0 0 0 0 253 0 0 0 0 0 118 111 0 0 0 191 0 253 0 0 0 223 252 199 0 0 109 38 49 0 0 0 126 240 240 0 0 119 197 57 0 0 0 174 112 112 0 0 0 48 234 0 0 0 252 252 0 0 0 0 253 240 0 0 0 0 252 0 0 0 0 0 0 0 0 0 0 0 0 0 0 0 0 0 0 0 0 0 0 0 0 0 0 0 0 0 0 0 0 0 0 0 0 
Final output: -2 4 -2 4 -2 6 4 2 -6 -4
Sample 13: Predicted = 5, Label = 6

Sending input image #14: 0 0 0 0 0 0 0 0 0 0 0 0 0 0 0 0 0 0 0 0 0 0 0 0 0 0 0 0 0 0 0 0 0 0 0 0 228 0 0 0 0 0 122 0 0 0 0 0 0 0 0 0 0 254 0 0 0 0 0 103 0 0 0 0 29 0 0 0 0 0 254 0 0 0 0 0 0 0 0 0 0 255 0 0 0 0 0 109 0 0 0 0 29 0 0 0 0 0 254 0 0 0 0 0 0 0 0 0 0 254 0 0 0 0 0 109 0 0 0 0 6 0 0 0 0 0 254 0 0 0 0 0 0 0 0 0 0 32 0 0 0 0 0 0 0 0 0 0 0 0 0 0 0 0 0 0 0 
Final output: 0 2 -4 2 -4 4 6 0 -4 -2
Sample 14: Predicted = 6, Label = 1

Sending input image #15: 0 0 0 0 0 0 0 0 0 0 0 0 0 0 0 0 0 0 0 0 0 0 0 0 0 0 0 0 0 0 0 0 0 0 0 0 0 0 0 0 0 0 0 253 0 0 0 0 252 214 0 0 25 252 252 0 0 0 252 19 252 0 0 186 108 150 0 0 0 252 0 252 0 0 185 0 90 0 0 0 190 0 209 0 0 0 0 247 0 0 0 0 0 102 0 0 0 0 255 0 0 0 0 0 107 0 0 0 0 252 0 0 0 0 13 2 0 0 0 0 252 0 0 0 0 40 0 0 0 0 0 252 0 0 0 0 43 0 0 0 0 0 221 0 0 0 0 0 0 0 0 0 0 0 0 0 0 
Final output: 0 2 -4 2 -4 4 6 0 -4 -2
Sample 15: Predicted = 6, Label = 7

Sending input image #16: 0 0 0 0 0 0 0 0 0 0 0 0 0 0 0 0 0 0 0 0 0 0 0 0 0 0 0 0 0 0 0 250 0 0 0 0 237 214 0 0 0 204 0 0 0 0 0 0 130 0 0 0 74 0 231 0 0 0 0 0 0 0 0 0 0 212 0 0 0 0 0 141 0 0 0 0 7 0 0 0 0 0 254 67 0 0 0 35 157 160 0 0 203 254 127 0 0 254 228 50 0 0 185 67 254 0 0 0 49 4 0 0 0 0 0 247 0 0 0 254 213 0 0 0 0 249 0 0 0 0 0 0 0 0 0 0 0 0 0 0 0 0 0 0 0 0 0 0 0 0 0 0 0 0 0 0 0 
Final output: 0 2 -4 2 -4 4 6 0 -4 -2
Sample 16: Predicted = 6, Label = 2

Sending input image #17: 0 0 0 0 0 0 0 0 0 0 0 0 0 0 0 0 0 0 0 0 0 0 0 0 0 0 0 0 0 0 0 0 203 0 0 0 0 47 13 0 0 0 185 175 0 0 0 110 161 92 0 0 0 158 233 0 0 0 139 0 106 0 0 0 253 253 0 0 0 0 80 0 0 0 0 141 253 0 0 0 0 253 0 0 0 0 3 179 0 0 0 0 253 0 0 0 0 123 253 0 0 0 0 121 0 0 0 0 239 219 0 0 0 0 0 106 0 0 0 132 253 0 0 0 0 169 0 0 0 0 0 236 0 0 0 0 118 0 0 0 0 0 0 0 0 0 0 0 0 0 0 0 0 0 0 0 0 
Final output: 0 2 -4 2 -4 4 6 0 -4 -2
Sample 17: Predicted = 6, Label = 8

Sending input image #18: 0 0 0 0 0 0 0 0 0 0 0 0 0 0 0 0 0 0 0 0 34 0 0 0 0 0 143 0 0 0 0 247 0 0 0 0 0 0 0 0 0 0 200 0 0 0 0 0 0 0 0 0 0 183 0 0 0 0 0 0 0 0 0 0 184 0 0 0 0 0 0 0 0 0 0 210 254 0 0 0 0 6 246 0 0 0 254 0 0 0 0 0 0 0 0 0 0 67 0 253 0 0 0 13 0 0 0 0 0 0 181 0 0 0 229 0 0 0 0 0 105 209 0 0 0 0 253 0 0 0 0 0 0 0 0 0 0 0 0 0 0 0 0 0 0 0 0 0 0 0 0 0 0 0 0 0 0 
Final output: 0 2 -4 2 -4 4 6 0 -4 -2
Sample 18: Predicted = 6, Label = 6

Sending input image #19: 0 0 0 0 0 0 0 0 0 0 0 0 0 0 0 0 0 0 0 0 0 0 0 0 0 0 0 0 0 0 0 0 0 0 0 0 0 0 0 0 0 0 105 0 0 0 0 0 252 0 0 0 0 252 252 0 0 0 0 0 47 0 0 0 252 37 0 0 0 0 8 45 0 0 0 232 252 0 0 0 0 252 0 0 0 0 0 252 0 0 0 0 0 0 0 0 0 0 255 0 0 0 0 0 32 0 0 0 0 179 0 0 0 0 0 0 0 0 0 0 252 0 0 0 0 0 0 0 0 0 0 245 0 0 0 0 9 0 0 0 0 0 196 0 0 0 0 54 0 0 0 0 0 0 0 0 0 
Final output: 0 2 -4 2 -4 4 6 0 -4 -2
Sample 19: Predicted = 6, Label = 9

Sending input image #20: 0 0 0 0 0 0 0 0 0 0 0 0 0 0 0 0 0 0 0 0 0 0 0 0 0 0 190 0 0 10 0 0 4 0 0 0 0 61 0 0 252 0 0 252 0 0 238 0 12 0 0 99 17 0 252 0 0 252 0 0 36 0 0 252 0 252 0 0 0 48 109 252 0 0 252 58 252 0 0 0 253 255 253 0 0 0 252 252 155 0 0 252 252 252 0 0 0 252 0 252 0 0 14 0 49 17 0 0 0 0 252 0 0 0 0 0 252 0 0 0 0 55 11 0 0 0 0 232 0 0 0 0 0 131 0 0 0 0 0 0 0 0 0 0 0 0 0 0 0 0 0 0 0 0 0 0 0 
Final output: 0 2 -4 2 -4 4 6 0 -4 -2
Sample 20: Predicted = 6, Label = 4

Sending input image #21: 0 0 0 0 0 0 0 0 0 0 0 0 0 0 0 0 0 0 0 0 0 0 0 0 0 0 253 0 0 0 0 0 205 0 0 0 0 251 31 0 0 0 223 213 0 0 0 80 251 251 0 0 0 253 95 0 0 0 236 251 251 0 0 0 188 109 31 0 0 253 96 12 0 0 0 0 0 251 0 0 253 0 0 0 0 44 0 0 197 0 0 251 0 0 31 0 0 0 0 234 0 0 251 0 0 47 0 0 253 0 253 0 0 67 190 197 0 0 0 236 251 94 0 0 0 253 229 0 0 0 0 251 0 0 0 0 0 0 0 0 0 0 0 0 0 0 0 0 0 0 0 0 0 0 0 0 0 
Final output: 0 2 -4 2 -4 4 6 0 -4 -2
Sample 21: Predicted = 6, Label = 0

Sending input image #22: 0 0 0 0 0 0 0 0 0 0 0 0 0 0 0 0 0 0 0 0 0 0 0 0 0 0 0 0 0 0 0 0 0 0 0 0 0 250 0 0 0 0 98 253 0 0 0 0 16 0 0 0 0 253 120 0 0 0 0 0 0 0 0 0 212 195 0 0 0 0 0 23 0 0 0 214 233 0 0 0 0 0 14 0 0 0 254 254 0 0 0 0 227 0 0 0 0 0 226 0 0 0 0 0 0 0 0 0 0 253 0 0 0 0 0 0 0 0 0 0 250 0 0 0 0 0 0 0 0 0 0 253 0 0 0 0 0 0 0 0 0 0 232 0 0 0 0 0 0 0 0 0 0 0 0 0 0 
Final output: 0 2 -4 2 -4 4 6 0 -4 -2
Sample 22: Predicted = 6, Label = 9

Sending input image #23: 0 0 0 0 0 0 0 0 0 0 0 0 0 0 0 0 0 0 0 0 0 0 0 0 0 0 0 0 0 0 0 0 136 0 0 0 0 13 0 0 0 0 0 253 0 0 0 0 61 0 0 0 0 0 253 0 0 0 0 211 0 0 0 0 0 253 0 0 0 0 142 0 0 0 0 0 207 0 0 0 0 229 0 0 0 0 0 213 0 0 0 0 251 0 0 0 0 0 149 0 0 0 0 253 0 0 0 0 0 59 0 0 0 0 253 0 0 0 0 0 84 0 0 0 0 235 0 0 0 0 0 119 0 0 0 0 0 0 0 0 0 0 0 0 0 0 0 0 0 0 0 0 0 0 0 0 0 
Final output: 0 2 -4 2 -4 4 6 0 -4 -2
Sample 23: Predicted = 6, Label = 1

Sending input image #24: 0 0 0 0 0 0 0 0 0 0 0 0 0 0 0 0 0 0 0 0 222 0 0 0 0 0 5 0 0 0 0 249 0 0 0 0 0 174 0 0 0 0 164 0 0 0 0 0 254 0 0 0 0 245 0 0 0 0 0 254 0 0 0 59 254 85 0 0 0 254 32 0 0 0 0 0 254 0 0 0 0 0 0 0 0 0 0 197 0 0 0 0 0 85 0 0 0 0 0 0 0 0 0 54 221 78 0 0 41 248 233 0 0 0 254 138 138 0 0 254 5 0 0 0 0 97 0 0 0 0 0 0 0 0 0 0 0 0 0 0 0 0 0 0 0 0 0 0 0 0 0 0 0 0 0 0 0 
Final output: -2 4 -2 4 -6 2 4 2 -2 -4
Sample 24: Predicted = 1, Label = 1

Sending input image #25: 0 0 0 0 0 0 0 0 0 0 0 0 0 0 0 0 0 0 0 0 0 0 0 0 0 91 50 0 0 0 49 253 17 0 0 46 253 253 45 0 0 253 220 253 0 0 0 129 0 253 0 0 14 0 253 0 0 0 0 5 253 0 0 0 0 253 0 0 0 0 250 127 0 0 0 46 253 0 0 0 0 253 0 0 0 0 253 0 0 0 0 11 188 0 0 0 0 253 0 0 0 0 41 22 0 205 0 0 253 0 253 94 0 12 253 253 253 0 0 167 253 253 106 0 0 253 253 15 0 0 0 253 55 0 0 0 0 0 0 0 0 0 0 0 0 0 0 0 0 0 0 0 0 0 0 0 0 
Final output: 2 4 -2 0 -2 -2 0 -2 -2 0
Sample 25: Predicted = 1, Label = 2

Sending input image #26: 0 0 0 0 0 0 0 0 0 0 0 0 0 0 0 0 0 0 0 0 0 0 0 0 0 0 0 0 0 0 0 0 0 0 0 0 0 30 0 0 0 0 0 31 0 0 0 113 57 0 0 0 0 0 46 0 0 0 138 0 0 0 0 0 0 244 0 0 0 222 0 7 0 0 0 169 254 0 0 0 0 169 113 0 0 0 3 223 0 0 0 0 0 23 0 0 0 0 0 0 0 0 0 0 210 0 0 0 0 0 0 0 0 0 0 253 0 0 0 0 0 0 0 0 0 0 254 0 0 0 0 0 0 0 0 0 0 138 0 0 0 0 0 0 0 0 0 0 0 0 0 0 0 0 0 0 0 
Final output: 0 2 -4 2 -4 4 6 0 -4 -2
Sample 26: Predicted = 6, Label = 4

Sending input image #27: 0 0 0 0 0 0 0 0 0 0 0 0 0 0 0 0 0 0 0 0 0 0 0 0 0 0 0 0 0 0 9 254 44 0 0 158 253 253 0 0 0 253 253 253 0 0 139 113 253 253 0 0 34 148 253 64 0 0 0 35 253 0 0 0 33 253 0 0 0 0 253 238 0 0 0 253 253 0 0 0 0 253 253 0 0 0 0 248 138 0 0 0 0 253 0 0 0 0 0 253 0 0 0 0 32 6 0 0 0 0 253 0 0 211 36 222 138 0 0 253 215 253 0 0 80 253 253 40 0 0 247 253 156 0 0 0 253 78 0 0 0 0 0 0 0 0 0 0 0 0 0 0 0 0 0 0 0 
Final output: 0 2 -4 2 -4 4 6 0 -4 -2
Sample 27: Predicted = 6, Label = 3

Sending input image #28: 0 0 0 0 0 0 0 0 0 0 0 0 0 0 0 0 0 0 0 0 0 0 0 0 0 0 0 0 0 80 254 50 0 0 0 253 253 200 0 0 101 253 253 227 0 0 253 253 253 181 0 0 61 250 253 0 0 0 0 115 253 0 0 0 0 24 199 0 0 0 0 243 0 0 0 0 0 197 0 0 0 0 253 0 0 0 0 99 129 0 0 0 0 253 0 0 0 0 244 23 0 0 0 169 197 0 0 0 0 253 0 0 0 0 216 62 0 0 0 0 253 162 7 0 0 80 253 253 0 0 0 199 253 230 0 0 0 99 253 99 0 0 0 0 0 0 0 0 0 0 0 0 0 0 0 0 0 
Final output: 0 2 -4 2 -4 4 6 0 -4 -2
Sample 28: Predicted = 6, Label = 2

Sending input image #29: 0 0 0 0 0 0 0 0 0 0 0 0 0 0 0 0 0 0 0 0 0 0 0 0 0 0 0 0 0 0 0 0 0 0 0 0 0 0 0 0 0 0 0 0 0 0 0 0 3 0 0 0 0 84 254 0 0 0 91 204 246 0 0 0 254 98 0 0 0 213 2 221 0 0 0 0 246 0 0 0 0 0 37 0 0 0 0 254 0 0 0 0 75 0 0 0 0 0 219 0 0 0 0 242 0 0 0 0 0 83 0 0 0 0 254 0 0 0 0 0 0 0 0 0 0 244 0 0 0 0 0 0 0 0 0 0 0 0 0 0 0 0 0 0 0 0 0 0 0 0 0 0 0 0 0 0 0 
Final output: 0 2 -4 2 -4 4 6 0 -4 -2
Sample 29: Predicted = 6, Label = 7

Sending input image #30: 0 0 0 0 0 0 0 0 0 0 0 0 0 0 0 0 0 0 0 0 0 0 0 0 0 0 0 0 0 0 0 0 0 0 0 0 0 0 0 0 0 143 143 0 0 0 253 253 217 0 0 255 161 99 0 0 0 86 0 253 0 0 0 0 33 13 0 0 0 0 253 0 0 0 0 253 192 0 0 0 0 253 253 0 0 0 42 83 253 0 0 0 0 0 42 0 0 0 195 0 0 0 0 0 0 248 0 0 0 192 0 0 0 0 0 253 253 0 0 0 0 253 3 0 0 0 6 141 0 0 0 0 0 0 0 0 0 0 0 0 0 0 0 0 0 0 0 0 0 0 0 0 0 0 0 0 0 
Final output: 0 2 -4 2 -4 4 6 0 -4 -2
Sample 30: Predicted = 6, Label = 3

Sending input image #31: 0 0 0 0 0 0 0 0 0 0 0 0 0 0 0 0 0 0 0 0 0 0 0 0 0 0 0 0 0 0 0 180 16 0 0 0 0 253 0 0 0 0 253 177 0 0 0 0 22 238 0 0 0 227 17 170 0 0 0 234 253 0 0 0 0 253 103 0 0 0 253 208 0 0 0 0 253 0 0 0 0 253 0 0 0 0 134 105 0 0 0 0 253 0 0 0 0 253 253 0 0 0 0 63 0 0 0 0 201 253 0 0 0 39 0 46 0 0 0 253 252 0 0 0 0 179 14 0 0 0 230 253 0 0 0 0 253 0 0 0 0 0 0 0 0 0 0 0 0 0 0 0 0 0 0 0 0 
Final output: 0 2 -4 2 -4 4 6 0 -4 -2
Sample 31: Predicted = 6, Label = 8

Sending input image #32: 0 0 0 0 0 0 0 0 0 0 0 0 0 0 0 0 0 0 0 0 183 0 0 0 0 91 0 0 0 0 0 7 0 0 0 0 158 0 0 0 0 0 0 0 0 0 0 107 0 0 0 0 0 40 0 0 0 0 17 0 0 0 0 0 105 0 0 0 0 0 0 0 0 0 0 194 0 0 0 0 0 0 155 0 0 0 254 83 254 0 0 0 0 60 0 0 0 58 247 201 0 0 0 147 0 6 0 0 0 0 254 0 0 0 79 231 0 0 0 0 177 43 0 0 0 0 0 0 0 0 0 0 0 0 0 0 0 0 0 0 0 0 0 0 0 0 0 0 0 0 0 0 0 0 0 0 0 
Final output: 2 4 -6 0 -2 2 8 -2 -2 -4
Sample 32: Predicted = 6, Label = 6

Sending input image #33: 0 0 0 0 0 0 0 0 0 0 0 0 0 0 0 0 0 0 0 0 0 0 0 0 0 0 0 0 0 0 0 0 0 0 0 0 0 0 0 0 0 0 45 184 0 0 0 0 253 97 0 0 0 253 253 0 0 0 0 0 251 0 0 0 253 194 0 0 0 0 228 173 0 0 0 27 253 0 0 0 0 14 159 0 0 0 0 216 0 0 0 0 0 51 0 0 0 0 253 0 0 0 0 0 0 0 0 0 0 253 0 0 0 0 0 0 0 0 0 0 244 0 0 0 0 50 0 0 0 0 0 137 0 0 0 0 208 0 0 0 0 0 6 0 0 0 0 167 0 0 0 0 0 0 0 0 0 
Final output: 0 2 -4 2 -4 4 6 0 -4 -2
Sample 33: Predicted = 6, Label = 9

Sending input image #34: 0 0 0 0 0 0 0 0 0 0 0 0 0 0 0 0 0 0 0 0 0 0 0 0 0 0 0 0 0 0 0 255 0 0 0 0 0 251 0 0 0 0 241 251 0 0 0 0 251 107 0 0 0 251 148 0 0 0 73 130 255 0 0 0 251 0 0 0 0 0 225 251 0 0 0 251 0 107 0 0 0 173 251 0 0 0 255 0 182 0 0 0 215 236 0 0 0 251 0 96 0 0 0 251 251 0 0 0 109 0 173 0 0 0 255 255 0 0 0 0 251 35 0 0 0 241 251 0 0 0 0 251 0 0 0 0 0 71 0 0 0 0 0 0 0 0 0 0 0 0 0 0 0 0 0 0 0 
Final output: 0 2 -4 2 -4 4 6 0 -4 -2
Sample 34: Predicted = 6, Label = 0

Sending input image #35: 0 0 0 0 0 0 0 0 0 0 0 0 0 0 0 0 0 0 0 0 0 0 0 0 0 0 0 0 0 0 0 0 0 0 0 0 0 0 198 0 0 0 0 198 170 0 0 0 226 198 0 0 0 0 86 0 0 0 0 170 0 0 0 0 86 0 0 0 0 0 141 0 0 0 0 170 170 0 0 0 0 29 0 0 0 0 255 141 0 0 0 0 0 29 0 0 0 0 114 0 0 0 0 0 29 0 0 0 0 255 0 0 0 226 255 0 0 0 0 255 0 0 0 0 0 0 0 0 0 0 0 0 0 0 0 0 0 0 0 0 0 0 0 0 0 0 0 0 0 0 0 0 0 0 0 0 0 
Final output: 0 2 -4 2 -4 4 6 0 -4 -2
Sample 35: Predicted = 6, Label = 5

Sending input image #36: 0 0 0 0 0 0 0 0 0 0 0 0 0 0 0 0 0 0 0 0 122 0 0 0 0 0 11 0 0 0 0 253 0 0 0 0 35 162 0 0 0 0 253 0 0 0 0 139 0 0 0 0 0 253 0 0 0 0 43 0 0 0 0 0 253 0 0 0 0 0 107 0 0 0 0 254 122 0 0 0 0 253 191 0 0 0 253 253 20 0 0 0 253 253 0 0 0 0 145 253 0 0 0 253 54 199 0 0 0 253 253 0 0 0 25 253 172 0 0 0 128 253 0 0 0 0 120 19 0 0 0 0 0 0 0 0 0 0 0 0 0 0 0 0 0 0 0 0 0 0 0 0 0 0 0 0 0 
Final output: -4 6 0 6 -4 4 2 4 -4 -6
Sample 36: Predicted = 1, Label = 6

Sending input image #37: 0 0 0 0 0 0 0 0 0 0 0 0 0 0 0 0 0 0 0 0 0 0 0 0 0 0 73 0 0 0 0 73 0 0 0 0 0 251 0 0 0 0 220 251 0 0 0 0 251 77 0 0 0 253 253 0 0 0 0 253 253 0 0 0 251 6 35 0 0 211 0 251 0 0 0 251 0 251 0 0 150 0 150 0 0 0 253 0 211 0 0 190 5 37 0 0 0 251 0 173 0 0 0 30 251 0 0 0 253 150 143 0 0 0 253 253 0 0 0 190 251 55 0 0 0 251 173 0 0 0 0 251 0 0 0 0 0 0 0 0 0 0 0 0 0 0 0 0 0 0 0 0 0 0 0 0 0 
Final output: 0 2 -4 2 -4 4 6 0 -4 -2
Sample 37: Predicted = 6, Label = 0

Sending input image #38: 0 0 0 0 0 0 0 0 0 0 0 0 0 0 0 0 0 0 0 0 0 0 0 0 0 0 0 0 0 0 0 0 0 0 0 0 0 0 0 0 0 89 126 0 0 0 254 254 254 0 0 0 197 197 75 0 0 10 0 4 0 0 0 0 0 254 0 0 0 0 0 0 0 0 0 0 254 0 0 0 0 0 16 83 0 0 0 229 253 0 0 11 247 252 35 0 0 254 225 0 0 0 14 22 254 0 0 0 91 0 0 0 0 0 0 207 0 0 0 0 0 19 0 0 0 0 0 0 0 0 0 0 254 0 0 0 0 0 0 0 0 0 0 0 0 0 0 0 0 0 0 0 0 0 0 0 0 
Final output: 0 2 -4 2 -4 4 6 0 -4 -2
Sample 38: Predicted = 6, Label = 7

Sending input image #39: 0 0 0 0 0 0 0 0 0 0 0 0 0 0 0 0 0 0 0 0 0 0 0 0 0 2 0 0 0 0 0 253 0 0 0 0 174 0 0 0 0 0 253 0 0 0 0 220 0 0 0 0 0 253 0 0 0 0 120 0 0 0 0 0 219 16 0 0 0 23 0 253 0 0 0 243 179 24 0 0 0 0 196 0 0 0 253 192 253 0 0 0 0 57 0 0 0 253 188 247 0 0 0 247 128 0 0 0 0 230 253 0 0 0 215 253 0 0 0 0 218 18 0 0 0 0 253 0 0 0 0 0 0 0 0 0 0 0 0 0 0 0 0 0 0 0 0 0 0 0 0 0 0 0 0 0 0 
Final output: 0 2 -4 2 -4 4 6 0 -4 -2
Sample 39: Predicted = 6, Label = 6

Sending input image #40: 0 0 0 0 0 0 0 0 0 0 0 0 0 0 0 0 0 0 0 0 0 0 0 0 0 0 0 0 0 0 0 255 0 0 0 0 0 14 0 0 0 0 202 0 0 0 0 0 128 0 0 0 0 42 0 0 0 0 0 253 0 0 0 0 0 0 0 0 0 0 253 0 0 0 0 0 41 0 0 0 0 225 0 0 0 0 0 176 0 0 0 0 24 0 0 0 0 0 253 0 0 0 0 0 0 0 0 0 0 253 0 0 0 0 0 59 0 0 0 0 142 0 0 0 0 0 253 0 0 0 0 0 0 0 0 0 0 253 0 0 0 0 0 0 0 0 0 0 0 0 0 0 0 0 0 0 0 
Final output: 0 2 -4 2 -4 4 6 0 -4 -2
Sample 40: Predicted = 6, Label = 1

Sending input image #41: 0 0 0 0 0 0 0 0 0 0 0 0 0 0 0 0 0 0 0 0 0 0 0 0 0 0 0 0 0 0 0 47 253 0 0 0 19 234 0 0 0 0 252 210 0 0 0 244 210 0 0 0 0 21 233 0 0 0 253 0 0 0 0 0 252 252 0 0 0 0 232 0 0 0 0 15 231 0 0 0 0 253 0 0 0 0 0 232 0 0 0 0 252 152 0 0 0 0 0 0 0 0 0 252 252 0 0 0 93 0 0 0 0 0 249 253 0 0 0 0 70 0 0 0 0 252 252 0 0 0 0 252 0 0 0 0 0 0 0 0 0 0 0 0 0 0 0 0 0 0 0 0 0 0 0 0 0 
Final output: 0 2 -4 2 -4 4 6 0 -4 -2
Sample 41: Predicted = 6, Label = 8

Sending input image #42: 0 0 0 0 0 0 0 0 0 0 0 0 0 0 0 0 0 0 0 0 0 0 0 0 0 0 0 0 0 0 0 0 0 0 0 0 0 0 0 0 0 0 26 0 0 0 0 28 254 0 0 0 0 222 0 0 0 0 254 48 0 0 0 85 0 120 0 0 0 0 0 0 0 0 0 0 254 0 0 0 0 0 0 0 0 0 0 248 0 0 0 0 0 0 0 0 0 0 166 0 0 0 0 0 0 0 0 0 0 0 0 0 0 0 0 186 0 0 0 0 0 0 0 0 0 0 254 0 0 0 0 0 0 0 0 0 0 215 0 0 0 0 0 0 0 0 0 0 134 0 0 0 0 0 0 0 0 
Final output: 0 2 -4 2 -4 4 6 0 -4 -2
Sample 42: Predicted = 6, Label = 7

Sending input image #43: 0 0 0 0 0 0 0 0 0 0 0 0 0 0 0 0 0 0 0 0 0 0 0 0 0 0 0 0 0 0 0 0 0 0 0 0 0 254 0 0 0 0 252 183 0 0 0 92 20 0 0 0 0 81 171 0 0 0 123 62 0 0 0 0 151 253 0 0 0 0 71 0 0 0 0 172 252 0 0 0 0 163 0 0 0 0 0 253 0 0 0 0 0 0 0 0 0 0 243 0 0 0 0 0 0 0 0 0 0 233 0 0 0 0 0 0 0 0 0 0 223 0 0 0 0 0 0 0 0 0 0 253 0 0 0 0 0 0 0 0 0 0 252 0 0 0 0 0 0 0 0 0 0 0 0 0 0 
Final output: 0 2 -4 2 -4 4 6 0 -4 -2
Sample 43: Predicted = 6, Label = 9

Sending input image #44: 0 0 0 0 0 0 0 0 0 0 0 0 0 0 0 0 0 0 0 0 0 0 0 0 0 0 0 0 0 0 0 0 0 0 0 132 51 0 0 0 0 253 252 0 0 0 0 203 253 0 0 0 0 0 0 0 0 0 0 255 0 0 0 0 0 0 0 0 0 0 253 0 0 0 0 0 0 0 0 0 0 224 0 0 0 0 0 102 0 0 0 0 142 254 0 0 0 0 40 203 0 0 0 0 0 0 0 0 0 0 252 0 0 0 0 0 0 0 0 0 0 253 0 0 0 0 0 0 0 0 0 0 171 0 0 0 0 132 0 0 0 0 0 0 0 0 0 0 0 0 0 0 0 0 0 0 0 
Final output: 0 2 -4 2 -4 4 6 0 -4 -2
Sample 44: Predicted = 6, Label = 3

Sending input image #45: 0 0 0 0 0 0 0 0 0 0 0 0 0 0 0 0 0 0 0 0 0 0 0 0 0 0 0 0 0 0 0 0 0 0 0 0 0 0 0 0 0 0 255 132 0 0 0 71 231 0 0 0 0 235 252 0 0 0 252 0 16 0 0 12 0 252 0 0 0 252 44 60 0 0 0 0 220 0 0 0 252 234 145 0 0 0 252 11 0 0 0 26 142 204 0 0 0 0 13 0 0 0 0 0 220 0 0 0 0 0 0 0 0 0 0 247 0 0 0 0 0 0 0 0 0 0 244 0 0 0 0 0 0 0 0 0 0 252 0 0 0 0 85 0 0 0 0 0 200 0 0 0 0 0 0 0 0 
Final output: 0 2 -4 2 -4 4 6 0 -4 -2
Sample 45: Predicted = 6, Label = 9

Sending input image #46: 0 0 0 0 0 0 0 0 0 0 0 0 0 0 0 0 0 0 0 0 0 0 0 0 0 0 0 0 0 0 0 181 0 0 0 0 0 232 0 0 0 0 252 214 0 0 0 254 243 0 0 0 163 36 218 0 0 0 0 16 0 0 0 40 0 250 0 0 0 254 0 0 0 0 0 254 35 0 0 0 0 254 0 0 0 0 0 108 0 0 0 0 253 0 0 0 0 0 13 0 0 0 0 254 244 0 0 0 0 0 111 0 0 0 254 0 0 0 0 0 0 252 0 0 0 124 0 0 0 0 0 211 244 0 0 0 0 254 0 0 0 0 0 0 0 0 0 0 0 0 0 0 0 0 0 0 0 
Final output: 0 2 -4 2 -4 4 6 0 -4 -2
Sample 46: Predicted = 6, Label = 8

Sending input image #47: 0 0 0 0 0 0 0 0 0 0 0 0 0 0 0 0 0 0 0 0 0 0 0 0 0 0 0 0 0 0 0 0 0 0 0 0 0 0 255 0 0 0 0 255 255 0 0 0 255 255 0 0 0 0 128 0 0 0 0 64 0 0 0 0 255 0 0 0 0 64 0 0 0 0 0 191 0 0 0 0 0 128 0 0 0 0 255 128 0 0 0 0 128 0 0 0 0 0 191 0 0 0 0 0 191 0 0 0 0 64 0 0 0 0 0 255 0 0 0 255 255 0 0 0 0 255 128 0 0 0 128 128 0 0 0 0 0 0 0 0 0 0 0 0 0 0 0 0 0 0 0 0 0 0 0 0 0 
Final output: 0 2 -4 2 -4 4 6 0 -4 -2
Sample 47: Predicted = 6, Label = 5

Sending input image #48: 0 0 0 0 0 0 0 0 0 0 0 0 0 0 0 0 0 0 0 0 0 0 0 0 0 0 0 0 0 0 50 0 0 0 0 0 247 0 0 0 0 109 240 0 0 0 0 137 0 0 0 0 0 126 0 0 0 0 254 156 0 0 0 0 86 0 0 0 0 6 169 0 0 0 0 50 191 0 0 0 0 0 0 0 0 0 0 83 0 0 0 0 0 207 0 0 0 0 0 0 0 0 0 0 137 0 0 0 0 0 108 0 0 0 0 0 0 0 0 0 198 254 0 0 0 0 129 0 0 0 0 5 253 0 0 0 0 2 0 0 0 0 0 0 0 0 0 0 0 0 0 0 0 0 0 0 0 
Final output: 0 2 -4 2 -4 4 6 0 -4 -2
Sample 48: Predicted = 6, Label = 9

Sending input image #49: 0 0 0 0 0 0 0 0 0 0 0 0 0 0 0 0 0 0 0 0 0 0 0 0 0 0 0 0 0 0 0 253 0 0 0 0 240 252 38 0 6 67 252 252 0 0 0 249 112 217 0 0 0 112 253 0 0 0 0 253 110 0 0 0 240 204 0 0 0 0 252 0 0 0 0 252 26 0 0 0 0 174 0 0 0 0 0 229 0 0 0 0 0 252 0 0 0 0 0 136 0 0 0 0 19 0 0 0 0 0 253 0 0 0 0 222 0 0 0 252 240 252 0 0 0 252 252 0 0 0 26 249 0 0 0 0 174 0 0 0 0 0 0 0 0 0 0 0 0 0 0 0 0 0 0 0 0 
Final output: 0 2 -4 2 -4 4 6 0 -4 -2
Sample 49: Predicted = 6, Label = 3

Accuracy: 5 / 50
INFO [HLS SIM]: The maximum depth reached by any hls::stream() instance in the design is 784
INFO: [SIM 211-1] CSim done with 0 errors.
INFO: [SIM 211-3] *************** CSIM finish ***************
INFO: [HLS 200-112] Total CPU user time: 4 seconds. Total CPU system time: 3 seconds. Total elapsed time: 20.534 seconds; peak allocated memory: 619.910 MB.
INFO: [vitis-run 60-791] Total elapsed time: 0h 0m 26s
