  **** HLS Build v2024.2 5238294
INFO: [HLS 200-2005] Using work_dir C:/ECEN529/bnn_final/vitis/bnn_hls/bnn_hls 
INFO: [HLS 200-1505] Using default flow_target 'vivado'
Resolution: For help on HLS 200-1505 see docs.xilinx.com/access/sources/dita/topic?Doc_Version=2024.2%20English&url=ug1448-hls-guidance&resourceid=200-1505.html
WARNING: [HLS 200-2001] file not found 'D:\ecen529\finalProject\vitis\bnn_hls\bnn_tb.cpp' see [hls] from C:/ECEN529/bnn_final/vitis/bnn_hls/hls_config.cfg(11)
INFO: [HLS 200-1465] Applying ini 'syn.file=bnn.cpp' from C:/ECEN529/bnn_final/vitis/bnn_hls/hls_config.cfg(8)
INFO: [HLS 200-10] Adding design file 'C:/ECEN529/bnn_final/vitis/bnn_hls/bnn.cpp' to the project
INFO: [HLS 200-1465] Applying ini 'syn.file=weights.h' from C:/ECEN529/bnn_final/vitis/bnn_hls/hls_config.cfg(9)
INFO: [HLS 200-10] Adding design file 'C:/ECEN529/bnn_final/vitis/bnn_hls/weights.h' to the project
INFO: [HLS 200-1465] Applying ini 'syn.file=weights.cpp' from C:/ECEN529/bnn_final/vitis/bnn_hls/hls_config.cfg(10)
INFO: [HLS 200-10] Adding design file 'C:/ECEN529/bnn_final/vitis/bnn_hls/weights.cpp' to the project
INFO: [HLS 200-1465] Applying ini 'tb.file=D:\ecen529\finalProject\vitis\bnn_hls\bnn_tb.cpp' from C:/ECEN529/bnn_final/vitis/bnn_hls/hls_config.cfg(11)
WARNING: [HLS 200-40] Cannot find test bench file 'D:/ecen529/finalProject/vitis/bnn_hls/bnn_tb.cpp'
INFO: [HLS 200-1465] Applying ini 'tb.file=C:\ECEN529\bnn_final\vitis\bnn_hls\bnn_tb.cpp' from C:/ECEN529/bnn_final/vitis/bnn_hls/hls_config.cfg(12)
INFO: [HLS 200-10] Adding test bench file 'C:/ECEN529/bnn_final/vitis/bnn_hls/bnn_tb.cpp' to the project
INFO: [HLS 200-1465] Applying ini 'syn.top=feedforward' from C:/ECEN529/bnn_final/vitis/bnn_hls/hls_config.cfg(7)
INFO: [HLS 200-1465] Applying ini 'flow_target=vivado' from C:/ECEN529/bnn_final/vitis/bnn_hls/hls_config.cfg(4)
INFO: [HLS 200-1505] Using flow_target 'vivado'
Resolution: For help on HLS 200-1505 see docs.xilinx.com/access/sources/dita/topic?Doc_Version=2024.2%20English&url=ug1448-hls-guidance&resourceid=200-1505.html
INFO: [HLS 200-1465] Applying ini 'part=xc7z020clg400-1' from C:/ECEN529/bnn_final/vitis/bnn_hls/hls_config.cfg(1)
INFO: [HLS 200-1611] Setting target device to 'xc7z020-clg400-1'
INFO: [HLS 200-1465] Applying ini 'package.output.format=ip_catalog' from C:/ECEN529/bnn_final/vitis/bnn_hls/hls_config.cfg(5)
INFO: [HLS 200-111] Finished File checks and directory preparation: CPU user time: 1 seconds. CPU system time: 1 seconds. Elapsed time: 2.564 seconds; current allocated memory: 261.906 MB.
INFO: [HLS 200-10] Analyzing design file 'weights.cpp' ... 
INFO: [HLS 200-10] Analyzing design file 'bnn.cpp' ... 
INFO: [HLS 200-111] Finished Source Code Analysis and Preprocessing: CPU user time: 0 seconds. CPU system time: 0 seconds. Elapsed time: 8.902 seconds; current allocated memory: 265.117 MB.
INFO: [HLS 200-777] Using interface defaults for 'Vivado' flow target.
INFO: [HLS 200-1995] There were 734 instructions in the design after the 'Compile/Link' phase of compilation. See the Design Size Report for more details: C:/ECEN529/bnn_final/vitis/bnn_hls/bnn_hls/hls/syn/report/csynth_design_size.rpt
INFO: [HLS 200-1995] There were 3,801 instructions in the design after the 'Unroll/Inline (step 1)' phase of compilation. See the Design Size Report for more details: C:/ECEN529/bnn_final/vitis/bnn_hls/bnn_hls/hls/syn/report/csynth_design_size.rpt
INFO: [HLS 200-1995] There were 3,154 instructions in the design after the 'Unroll/Inline (step 2)' phase of compilation. See the Design Size Report for more details: C:/ECEN529/bnn_final/vitis/bnn_hls/bnn_hls/hls/syn/report/csynth_design_size.rpt
INFO: [HLS 200-1995] There were 3,116 instructions in the design after the 'Unroll/Inline (step 3)' phase of compilation. See the Design Size Report for more details: C:/ECEN529/bnn_final/vitis/bnn_hls/bnn_hls/hls/syn/report/csynth_design_size.rpt
INFO: [HLS 200-1995] There were 3,115 instructions in the design after the 'Unroll/Inline (step 4)' phase of compilation. See the Design Size Report for more details: C:/ECEN529/bnn_final/vitis/bnn_hls/bnn_hls/hls/syn/report/csynth_design_size.rpt
INFO: [HLS 200-1995] There were 14,192 instructions in the design after the 'Array/Struct (step 1)' phase of compilation. See the Design Size Report for more details: C:/ECEN529/bnn_final/vitis/bnn_hls/bnn_hls/hls/syn/report/csynth_design_size.rpt
INFO: [HLS 200-1995] There were 8,936 instructions in the design after the 'Array/Struct (step 2)' phase of compilation. See the Design Size Report for more details: C:/ECEN529/bnn_final/vitis/bnn_hls/bnn_hls/hls/syn/report/csynth_design_size.rpt
INFO: [HLS 200-1995] There were 8,936 instructions in the design after the 'Array/Struct (step 3)' phase of compilation. See the Design Size Report for more details: C:/ECEN529/bnn_final/vitis/bnn_hls/bnn_hls/hls/syn/report/csynth_design_size.rpt
INFO: [HLS 200-1995] There were 8,936 instructions in the design after the 'Array/Struct (step 4)' phase of compilation. See the Design Size Report for more details: C:/ECEN529/bnn_final/vitis/bnn_hls/bnn_hls/hls/syn/report/csynth_design_size.rpt
INFO: [HLS 200-1995] There were 9,758 instructions in the design after the 'Array/Struct (step 5)' phase of compilation. See the Design Size Report for more details: C:/ECEN529/bnn_final/vitis/bnn_hls/bnn_hls/hls/syn/report/csynth_design_size.rpt
INFO: [HLS 200-1995] There were 9,737 instructions in the design after the 'Performance' phase of compilation. See the Design Size Report for more details: C:/ECEN529/bnn_final/vitis/bnn_hls/bnn_hls/hls/syn/report/csynth_design_size.rpt
INFO: [HLS 200-1995] There were 8,951 instructions in the design after the 'Performance (step 2)' phase of compilation. See the Design Size Report for more details: C:/ECEN529/bnn_final/vitis/bnn_hls/bnn_hls/hls/syn/report/csynth_design_size.rpt
INFO: [HLS 200-1995] There were 8,720 instructions in the design after the 'Performance (step 3)' phase of compilation. See the Design Size Report for more details: C:/ECEN529/bnn_final/vitis/bnn_hls/bnn_hls/hls/syn/report/csynth_design_size.rpt
INFO: [HLS 200-1995] There were 7,936 instructions in the design after the 'Performance (step 4)' phase of compilation. See the Design Size Report for more details: C:/ECEN529/bnn_final/vitis/bnn_hls/bnn_hls/hls/syn/report/csynth_design_size.rpt
INFO: [HLS 200-1995] There were 7,924 instructions in the design after the 'HW Transforms' phase of compilation. See the Design Size Report for more details: C:/ECEN529/bnn_final/vitis/bnn_hls/bnn_hls/hls/syn/report/csynth_design_size.rpt
INFO: [HLS 200-1995] There were 7,938 instructions in the design after the 'HW Transforms (step 2)' phase of compilation. See the Design Size Report for more details: C:/ECEN529/bnn_final/vitis/bnn_hls/bnn_hls/hls/syn/report/csynth_design_size.rpt
INFO: [HLS 214-291] Loop 'VITIS_LOOP_49_2' is marked as complete unroll implied by the pipeline pragma (bnn.cpp:49:26)
INFO: [HLS 214-186] Unrolling loop 'VITIS_LOOP_134_6' (bnn.cpp:134:23) in function 'feedforward' completely with a factor of 10 (bnn.cpp:65:0)
INFO: [HLS 214-186] Unrolling loop 'VITIS_LOOP_124_5' (bnn.cpp:124:23) in function 'feedforward' completely with a factor of 64 (bnn.cpp:65:0)
INFO: [HLS 214-186] Unrolling loop 'VITIS_LOOP_117_4' (bnn.cpp:117:23) in function 'feedforward' completely with a factor of 64 (bnn.cpp:65:0)
INFO: [HLS 214-186] Unrolling loop 'VITIS_LOOP_106_3' (bnn.cpp:106:23) in function 'feedforward' completely with a factor of 128 (bnn.cpp:65:0)
INFO: [HLS 214-186] Unrolling loop 'VITIS_LOOP_99_2' (bnn.cpp:99:22) in function 'feedforward' completely with a factor of 128 (bnn.cpp:65:0)
INFO: [HLS 214-178] Inlining function 'XNOR(int, int)' into 'matmul_xnor(int const*, int const*, int*, int, int)' (bnn.cpp:44:0)
INFO: [HLS 214-178] Inlining function 'matmul_xnor(int const*, int const*, int*, int, int)' into 'feedforward(hls::stream<hls::axis<ap_int<32>, 2ul, 5ul, 8ul, (unsigned char)56, false>, 0>&, hls::stream<hls::axis<ap_int<32>, 2ul, 5ul, 8ul, (unsigned char)56, false>, 0>&)' (bnn.cpp:65:0)
WARNING: [HLS 214-167] The program may have out of bound array access on variable 'W1' (bnn.cpp:51:20)
WARNING: [HLS 214-167] The program may have out of bound array access on variable 'W2' (bnn.cpp:51:20)
WARNING: [HLS 214-167] The program may have out of bound array access on variable 'W3' (bnn.cpp:51:20)
INFO: [HLS 214-186] Unrolling loop 'VITIS_LOOP_49_2' (bnn.cpp:49:26) in function 'feedforward' completely with a factor of 64 (bnn.cpp:65:0)
INFO: [HLS 214-186] Unrolling loop 'VITIS_LOOP_49_2' (bnn.cpp:49:26) in function 'feedforward' completely with a factor of 128 (bnn.cpp:65:0)
INFO: [HLS 214-186] Unrolling loop 'VITIS_LOOP_49_2' (bnn.cpp:49:26) in function 'feedforward' completely with a factor of 784 (bnn.cpp:65:0)
INFO: [HLS 214-248] Applying array_partition to 'W3': Complete partitioning on dimension 2. (weights.cpp:201:0)
INFO: [HLS 214-248] Applying array_partition to 'W2': Complete partitioning on dimension 2. (weights.cpp:134:0)
INFO: [HLS 214-248] Applying array_partition to 'W1': Complete partitioning on dimension 2. (weights.cpp:3:0)
INFO: [HLS 214-248] Applying array_partition to 'X0_input': Complete partitioning on dimension 1. (bnn.cpp:74:6)
INFO: [HLS 214-248] Applying array_partition to 'layer1_quant': Complete partitioning on dimension 1. (bnn.cpp:82:9)
INFO: [HLS 214-248] Applying array_partition to 'layer2_quant': Complete partitioning on dimension 1. (bnn.cpp:83:9)
INFO: [HLS 214-449] Automatically partitioning array 'W2_0' dimension 1 completely based on constant index.
INFO: [HLS 214-449] Automatically partitioning array 'W2_1' dimension 1 completely based on constant index.
INFO: [HLS 214-449] Automatically partitioning array 'W2_2' dimension 1 completely based on constant index.
INFO: [HLS 214-449] Automatically partitioning array 'W2_3' dimension 1 completely based on constant index.
INFO: [HLS 214-449] Automatically partitioning array 'W2_4' dimension 1 completely based on constant index.
INFO: [HLS 214-449] Automatically partitioning array 'W2_5' dimension 1 completely based on constant index.
INFO: [HLS 214-449] Automatically partitioning array 'W2_6' dimension 1 completely based on constant index.
INFO: [HLS 214-449] Automatically partitioning array 'W2_7' dimension 1 completely based on constant index.
INFO: [HLS 214-449] Automatically partitioning array 'W2_8' dimension 1 completely based on constant index.
INFO: [HLS 214-449] Automatically partitioning array 'W2_9' dimension 1 completely based on constant index.
INFO: [HLS 214-449] Automatically partitioning array 'W2_10' dimension 1 completely based on constant index.
INFO: [HLS 214-449] Automatically partitioning array 'W2_11' dimension 1 completely based on constant index.
INFO: [HLS 214-449] Automatically partitioning array 'W2_12' dimension 1 completely based on constant index.
INFO: [HLS 214-449] Automatically partitioning array 'W2_13' dimension 1 completely based on constant index.
INFO: [HLS 214-449] Automatically partitioning array 'W2_14' dimension 1 completely based on constant index.
INFO: [HLS 214-449] Automatically partitioning array 'W2_15' dimension 1 completely based on constant index.
INFO: [HLS 214-449] Automatically partitioning array 'W2_16' dimension 1 completely based on constant index.
INFO: [HLS 214-449] Automatically partitioning array 'W2_17' dimension 1 completely based on constant index.
INFO: [HLS 214-449] Automatically partitioning array 'W2_18' dimension 1 completely based on constant index.
INFO: [HLS 214-449] Automatically partitioning array 'W2_19' dimension 1 completely based on constant index.
INFO: [HLS 214-449] Automatically partitioning array 'W2_20' dimension 1 completely based on constant index.
INFO: [HLS 214-449] Automatically partitioning array 'W2_21' dimension 1 completely based on constant index.
INFO: [HLS 214-449] Automatically partitioning array 'W2_22' dimension 1 completely based on constant index.
INFO: [HLS 214-449] Automatically partitioning array 'W2_23' dimension 1 completely based on constant index.
INFO: [HLS 214-449] Automatically partitioning array 'W2_24' dimension 1 completely based on constant index.
INFO: [HLS 214-449] Automatically partitioning array 'W2_25' dimension 1 completely based on constant index.
INFO: [HLS 214-449] Automatically partitioning array 'W2_26' dimension 1 completely based on constant index.
INFO: [HLS 214-449] Automatically partitioning array 'W2_27' dimension 1 completely based on constant index.
INFO: [HLS 214-449] Automatically partitioning array 'W2_28' dimension 1 completely based on constant index.
INFO: [HLS 214-449] Automatically partitioning array 'W2_29' dimension 1 completely based on constant index.
INFO: [HLS 214-449] Automatically partitioning array 'W2_30' dimension 1 completely based on constant index.
INFO: [HLS 214-449] Automatically partitioning array 'W2_31' dimension 1 completely based on constant index.
INFO: [HLS 214-449] Automatically partitioning array 'W2_32' dimension 1 completely based on constant index.
INFO: [HLS 214-449] Automatically partitioning array 'W2_33' dimension 1 completely based on constant index.
INFO: [HLS 214-449] Automatically partitioning array 'W2_34' dimension 1 completely based on constant index.
INFO: [HLS 214-449] Automatically partitioning array 'W2_35' dimension 1 completely based on constant index.
INFO: [HLS 214-449] Automatically partitioning array 'W2_36' dimension 1 completely based on constant index.
INFO: [HLS 214-449] Automatically partitioning array 'W2_37' dimension 1 completely based on constant index.
INFO: [HLS 214-449] Automatically partitioning array 'W2_38' dimension 1 completely based on constant index.
INFO: [HLS 214-449] Automatically partitioning array 'W2_39' dimension 1 completely based on constant index.
INFO: [HLS 214-449] Automatically partitioning array 'W2_40' dimension 1 completely based on constant index.
INFO: [HLS 214-449] Automatically partitioning array 'W2_41' dimension 1 completely based on constant index.
INFO: [HLS 214-449] Automatically partitioning array 'W2_42' dimension 1 completely based on constant index.
INFO: [HLS 214-449] Automatically partitioning array 'W2_43' dimension 1 completely based on constant index.
INFO: [HLS 214-449] Automatically partitioning array 'W2_44' dimension 1 completely based on constant index.
INFO: [HLS 214-449] Automatically partitioning array 'W2_45' dimension 1 completely based on constant index.
INFO: [HLS 214-449] Automatically partitioning array 'W2_46' dimension 1 completely based on constant index.
INFO: [HLS 214-449] Automatically partitioning array 'W2_47' dimension 1 completely based on constant index.
INFO: [HLS 214-449] Automatically partitioning array 'W2_48' dimension 1 completely based on constant index.
INFO: [HLS 214-449] Automatically partitioning array 'W2_49' dimension 1 completely based on constant index.
INFO: [HLS 214-449] Automatically partitioning array 'W2_50' dimension 1 completely based on constant index.
INFO: [HLS 214-449] Automatically partitioning array 'W2_51' dimension 1 completely based on constant index.
INFO: [HLS 214-449] Automatically partitioning array 'W2_52' dimension 1 completely based on constant index.
INFO: [HLS 214-449] Automatically partitioning array 'W2_53' dimension 1 completely based on constant index.
INFO: [HLS 214-449] Automatically partitioning array 'W2_54' dimension 1 completely based on constant index.
INFO: [HLS 214-449] Automatically partitioning array 'W2_55' dimension 1 completely based on constant index.
INFO: [HLS 214-449] Automatically partitioning array 'W2_56' dimension 1 completely based on constant index.
INFO: [HLS 214-449] Automatically partitioning array 'W2_57' dimension 1 completely based on constant index.
INFO: [HLS 214-449] Automatically partitioning array 'W2_58' dimension 1 completely based on constant index.
INFO: [HLS 214-449] Automatically partitioning array 'W2_59' dimension 1 completely based on constant index.
INFO: [HLS 214-449] Automatically partitioning array 'W2_60' dimension 1 completely based on constant index.
INFO: [HLS 214-449] Automatically partitioning array 'W2_61' dimension 1 completely based on constant index.
INFO: [HLS 214-449] Automatically partitioning array 'W2_62' dimension 1 completely based on constant index.
INFO: [HLS 214-449] Automatically partitioning array 'W2_63' dimension 1 completely based on constant index.
INFO: [HLS 214-449] Automatically partitioning array 'W2_64' dimension 1 completely based on constant index.
INFO: [HLS 214-449] Automatically partitioning array 'W2_65' dimension 1 completely based on constant index.
INFO: [HLS 214-449] Automatically partitioning array 'W2_66' dimension 1 completely based on constant index.
INFO: [HLS 214-449] Automatically partitioning array 'W2_67' dimension 1 completely based on constant index.
INFO: [HLS 214-449] Automatically partitioning array 'W2_68' dimension 1 completely based on constant index.
INFO: [HLS 214-449] Automatically partitioning array 'W2_69' dimension 1 completely based on constant index.
INFO: [HLS 214-449] Automatically partitioning array 'W2_70' dimension 1 completely based on constant index.
INFO: [HLS 214-449] Automatically partitioning array 'W2_71' dimension 1 completely based on constant index.
INFO: [HLS 214-449] Automatically partitioning array 'W2_72' dimension 1 completely based on constant index.
INFO: [HLS 214-449] Automatically partitioning array 'W2_73' dimension 1 completely based on constant index.
INFO: [HLS 214-449] Automatically partitioning array 'W2_74' dimension 1 completely based on constant index.
INFO: [HLS 214-449] Automatically partitioning array 'W2_75' dimension 1 completely based on constant index.
INFO: [HLS 214-449] Automatically partitioning array 'W2_76' dimension 1 completely based on constant index.
INFO: [HLS 214-449] Automatically partitioning array 'W2_77' dimension 1 completely based on constant index.
INFO: [HLS 214-449] Automatically partitioning array 'W2_78' dimension 1 completely based on constant index.
INFO: [HLS 214-449] Automatically partitioning array 'W2_79' dimension 1 completely based on constant index.
INFO: [HLS 214-449] Automatically partitioning array 'W2_80' dimension 1 completely based on constant index.
INFO: [HLS 214-449] Automatically partitioning array 'W2_81' dimension 1 completely based on constant index.
INFO: [HLS 214-449] Automatically partitioning array 'W2_82' dimension 1 completely based on constant index.
INFO: [HLS 214-449] Automatically partitioning array 'W2_83' dimension 1 completely based on constant index.
INFO: [HLS 214-449] Automatically partitioning array 'W2_84' dimension 1 completely based on constant index.
INFO: [HLS 214-449] Automatically partitioning array 'W2_85' dimension 1 completely based on constant index.
INFO: [HLS 214-449] Automatically partitioning array 'W2_86' dimension 1 completely based on constant index.
INFO: [HLS 214-449] Automatically partitioning array 'W2_87' dimension 1 completely based on constant index.
INFO: [HLS 214-449] Automatically partitioning array 'W2_88' dimension 1 completely based on constant index.
INFO: [HLS 214-449] Automatically partitioning array 'W2_89' dimension 1 completely based on constant index.
INFO: [HLS 214-449] Automatically partitioning array 'W2_90' dimension 1 completely based on constant index.
INFO: [HLS 214-449] Automatically partitioning array 'W2_91' dimension 1 completely based on constant index.
INFO: [HLS 214-449] Automatically partitioning array 'W2_92' dimension 1 completely based on constant index.
INFO: [HLS 214-449] Automatically partitioning array 'W2_93' dimension 1 completely based on constant index.
INFO: [HLS 214-449] Automatically partitioning array 'W2_94' dimension 1 completely based on constant index.
INFO: [HLS 214-449] Automatically partitioning array 'W2_95' dimension 1 completely based on constant index.
INFO: [HLS 214-449] Automatically partitioning array 'W2_96' dimension 1 completely based on constant index.
INFO: [HLS 214-449] Automatically partitioning array 'W2_97' dimension 1 completely based on constant index.
INFO: [HLS 214-449] Automatically partitioning array 'W2_98' dimension 1 completely based on constant index.
INFO: [HLS 214-449] Automatically partitioning array 'W2_99' dimension 1 completely based on constant index.
INFO: [HLS 214-449] Automatically partitioning array 'W2_100' dimension 1 completely based on constant index.
INFO: [HLS 214-449] Automatically partitioning array 'W2_101' dimension 1 completely based on constant index.
INFO: [HLS 214-449] Automatically partitioning array 'W2_102' dimension 1 completely based on constant index.
INFO: [HLS 214-449] Automatically partitioning array 'W2_103' dimension 1 completely based on constant index.
INFO: [HLS 214-449] Automatically partitioning array 'W2_104' dimension 1 completely based on constant index.
INFO: [HLS 214-449] Automatically partitioning array 'W2_105' dimension 1 completely based on constant index.
INFO: [HLS 214-449] Automatically partitioning array 'W2_106' dimension 1 completely based on constant index.
INFO: [HLS 214-449] Automatically partitioning array 'W2_107' dimension 1 completely based on constant index.
INFO: [HLS 214-449] Automatically partitioning array 'W2_108' dimension 1 completely based on constant index.
INFO: [HLS 214-449] Automatically partitioning array 'W2_109' dimension 1 completely based on constant index.
INFO: [HLS 214-449] Automatically partitioning array 'W2_110' dimension 1 completely based on constant index.
INFO: [HLS 214-449] Automatically partitioning array 'W2_111' dimension 1 completely based on constant index.
INFO: [HLS 214-449] Automatically partitioning array 'W2_112' dimension 1 completely based on constant index.
INFO: [HLS 214-449] Automatically partitioning array 'W2_113' dimension 1 completely based on constant index.
INFO: [HLS 214-449] Automatically partitioning array 'W2_114' dimension 1 completely based on constant index.
INFO: [HLS 214-449] Automatically partitioning array 'W2_115' dimension 1 completely based on constant index.
INFO: [HLS 214-449] Automatically partitioning array 'W2_116' dimension 1 completely based on constant index.
INFO: [HLS 214-449] Automatically partitioning array 'W2_117' dimension 1 completely based on constant index.
INFO: [HLS 214-449] Automatically partitioning array 'W2_118' dimension 1 completely based on constant index.
INFO: [HLS 214-449] Automatically partitioning array 'W2_119' dimension 1 completely based on constant index.
INFO: [HLS 214-449] Automatically partitioning array 'W2_120' dimension 1 completely based on constant index.
INFO: [HLS 214-449] Automatically partitioning array 'W2_121' dimension 1 completely based on constant index.
INFO: [HLS 214-449] Automatically partitioning array 'W2_122' dimension 1 completely based on constant index.
INFO: [HLS 214-449] Automatically partitioning array 'W2_123' dimension 1 completely based on constant index.
INFO: [HLS 214-449] Automatically partitioning array 'W2_124' dimension 1 completely based on constant index.
INFO: [HLS 214-449] Automatically partitioning array 'W2_125' dimension 1 completely based on constant index.
INFO: [HLS 214-449] Automatically partitioning array 'W2_126' dimension 1 completely based on constant index.
INFO: [HLS 214-449] Automatically partitioning array 'W2_127' dimension 1 completely based on constant index.
INFO: [HLS 214-449] Automatically partitioning array 'W3_0' dimension 1 completely based on constant index.
INFO: [HLS 214-449] Automatically partitioning array 'W3_1' dimension 1 completely based on constant index.
INFO: [HLS 214-449] Automatically partitioning array 'W3_2' dimension 1 completely based on constant index.
INFO: [HLS 214-449] Automatically partitioning array 'W3_3' dimension 1 completely based on constant index.
INFO: [HLS 214-449] Automatically partitioning array 'W3_4' dimension 1 completely based on constant index.
INFO: [HLS 214-449] Automatically partitioning array 'W3_5' dimension 1 completely based on constant index.
INFO: [HLS 214-449] Automatically partitioning array 'W3_6' dimension 1 completely based on constant index.
INFO: [HLS 214-449] Automatically partitioning array 'W3_7' dimension 1 completely based on constant index.
INFO: [HLS 214-449] Automatically partitioning array 'W3_8' dimension 1 completely based on constant index.
INFO: [HLS 214-449] Automatically partitioning array 'W3_9' dimension 1 completely based on constant index.
INFO: [HLS 214-449] Automatically partitioning array 'W3_10' dimension 1 completely based on constant index.
INFO: [HLS 214-449] Automatically partitioning array 'W3_11' dimension 1 completely based on constant index.
INFO: [HLS 214-449] Automatically partitioning array 'W3_12' dimension 1 completely based on constant index.
INFO: [HLS 214-449] Automatically partitioning array 'W3_13' dimension 1 completely based on constant index.
INFO: [HLS 214-449] Automatically partitioning array 'W3_14' dimension 1 completely based on constant index.
INFO: [HLS 214-449] Automatically partitioning array 'W3_15' dimension 1 completely based on constant index.
INFO: [HLS 214-449] Automatically partitioning array 'W3_16' dimension 1 completely based on constant index.
INFO: [HLS 214-449] Automatically partitioning array 'W3_17' dimension 1 completely based on constant index.
INFO: [HLS 214-449] Automatically partitioning array 'W3_18' dimension 1 completely based on constant index.
INFO: [HLS 214-449] Automatically partitioning array 'W3_19' dimension 1 completely based on constant index.
INFO: [HLS 214-449] Automatically partitioning array 'W3_20' dimension 1 completely based on constant index.
INFO: [HLS 214-449] Automatically partitioning array 'W3_21' dimension 1 completely based on constant index.
INFO: [HLS 214-449] Automatically partitioning array 'W3_22' dimension 1 completely based on constant index.
INFO: [HLS 214-449] Automatically partitioning array 'W3_23' dimension 1 completely based on constant index.
INFO: [HLS 214-449] Automatically partitioning array 'W3_24' dimension 1 completely based on constant index.
INFO: [HLS 214-449] Automatically partitioning array 'W3_25' dimension 1 completely based on constant index.
INFO: [HLS 214-449] Automatically partitioning array 'W3_26' dimension 1 completely based on constant index.
INFO: [HLS 214-449] Automatically partitioning array 'W3_27' dimension 1 completely based on constant index.
INFO: [HLS 214-449] Automatically partitioning array 'W3_28' dimension 1 completely based on constant index.
INFO: [HLS 214-449] Automatically partitioning array 'W3_29' dimension 1 completely based on constant index.
INFO: [HLS 214-449] Automatically partitioning array 'W3_30' dimension 1 completely based on constant index.
INFO: [HLS 214-449] Automatically partitioning array 'W3_31' dimension 1 completely based on constant index.
INFO: [HLS 214-449] Automatically partitioning array 'W3_32' dimension 1 completely based on constant index.
INFO: [HLS 214-449] Automatically partitioning array 'W3_33' dimension 1 completely based on constant index.
INFO: [HLS 214-449] Automatically partitioning array 'W3_34' dimension 1 completely based on constant index.
INFO: [HLS 214-449] Automatically partitioning array 'W3_35' dimension 1 completely based on constant index.
INFO: [HLS 214-449] Automatically partitioning array 'W3_36' dimension 1 completely based on constant index.
INFO: [HLS 214-449] Automatically partitioning array 'W3_37' dimension 1 completely based on constant index.
INFO: [HLS 214-449] Automatically partitioning array 'W3_38' dimension 1 completely based on constant index.
INFO: [HLS 214-449] Automatically partitioning array 'W3_39' dimension 1 completely based on constant index.
INFO: [HLS 214-449] Automatically partitioning array 'W3_40' dimension 1 completely based on constant index.
INFO: [HLS 214-449] Automatically partitioning array 'W3_41' dimension 1 completely based on constant index.
INFO: [HLS 214-449] Automatically partitioning array 'W3_42' dimension 1 completely based on constant index.
INFO: [HLS 214-449] Automatically partitioning array 'W3_43' dimension 1 completely based on constant index.
INFO: [HLS 214-449] Automatically partitioning array 'W3_44' dimension 1 completely based on constant index.
INFO: [HLS 214-449] Automatically partitioning array 'W3_45' dimension 1 completely based on constant index.
INFO: [HLS 214-449] Automatically partitioning array 'W3_46' dimension 1 completely based on constant index.
INFO: [HLS 214-449] Automatically partitioning array 'W3_47' dimension 1 completely based on constant index.
INFO: [HLS 214-449] Automatically partitioning array 'W3_48' dimension 1 completely based on constant index.
INFO: [HLS 214-449] Automatically partitioning array 'W3_49' dimension 1 completely based on constant index.
INFO: [HLS 214-449] Automatically partitioning array 'W3_50' dimension 1 completely based on constant index.
INFO: [HLS 214-449] Automatically partitioning array 'W3_51' dimension 1 completely based on constant index.
INFO: [HLS 214-449] Automatically partitioning array 'W3_52' dimension 1 completely based on constant index.
INFO: [HLS 214-449] Automatically partitioning array 'W3_53' dimension 1 completely based on constant index.
INFO: [HLS 214-449] Automatically partitioning array 'W3_54' dimension 1 completely based on constant index.
INFO: [HLS 214-449] Automatically partitioning array 'W3_55' dimension 1 completely based on constant index.
INFO: [HLS 214-449] Automatically partitioning array 'W3_56' dimension 1 completely based on constant index.
INFO: [HLS 214-449] Automatically partitioning array 'W3_57' dimension 1 completely based on constant index.
INFO: [HLS 214-449] Automatically partitioning array 'W3_58' dimension 1 completely based on constant index.
INFO: [HLS 214-449] Automatically partitioning array 'W3_59' dimension 1 completely based on constant index.
INFO: [HLS 214-449] Automatically partitioning array 'W3_60' dimension 1 completely based on constant index.
INFO: [HLS 214-449] Automatically partitioning array 'W3_61' dimension 1 completely based on constant index.
INFO: [HLS 214-449] Automatically partitioning array 'W3_62' dimension 1 completely based on constant index.
INFO: [HLS 214-449] Automatically partitioning array 'W3_63' dimension 1 completely based on constant index.
INFO: [HLS 214-270] Inferring pragma 'array_partition type=complete dim=1' for array 'W2_0' due to pipeline pragma
INFO: [HLS 214-270] Inferring pragma 'array_partition type=complete dim=1' for array 'W2_1' due to pipeline pragma
INFO: [HLS 214-270] Inferring pragma 'array_partition type=complete dim=1' for array 'W2_10' due to pipeline pragma
INFO: [HLS 214-270] Inferring pragma 'array_partition type=complete dim=1' for array 'W2_100' due to pipeline pragma
INFO: [HLS 214-270] Inferring pragma 'array_partition type=complete dim=1' for array 'W2_101' due to pipeline pragma
INFO: [HLS 214-270] Inferring pragma 'array_partition type=complete dim=1' for array 'W2_102' due to pipeline pragma
INFO: [HLS 214-270] Inferring pragma 'array_partition type=complete dim=1' for array 'W2_103' due to pipeline pragma
INFO: [HLS 214-270] Inferring pragma 'array_partition type=complete dim=1' for array 'W2_104' due to pipeline pragma
INFO: [HLS 214-270] Inferring pragma 'array_partition type=complete dim=1' for array 'W2_105' due to pipeline pragma
INFO: [HLS 214-270] Inferring pragma 'array_partition type=complete dim=1' for array 'W2_106' due to pipeline pragma
INFO: [HLS 214-270] Inferring pragma 'array_partition type=complete dim=1' for array 'W2_107' due to pipeline pragma
INFO: [HLS 214-270] Inferring pragma 'array_partition type=complete dim=1' for array 'W2_108' due to pipeline pragma
INFO: [HLS 214-270] Inferring pragma 'array_partition type=complete dim=1' for array 'W2_109' due to pipeline pragma
INFO: [HLS 214-270] Inferring pragma 'array_partition type=complete dim=1' for array 'W2_11' due to pipeline pragma
INFO: [HLS 214-270] Inferring pragma 'array_partition type=complete dim=1' for array 'W2_110' due to pipeline pragma
INFO: [HLS 214-270] Inferring pragma 'array_partition type=complete dim=1' for array 'W2_111' due to pipeline pragma
INFO: [HLS 214-270] Inferring pragma 'array_partition type=complete dim=1' for array 'W2_112' due to pipeline pragma
INFO: [HLS 214-270] Inferring pragma 'array_partition type=complete dim=1' for array 'W2_113' due to pipeline pragma
INFO: [HLS 214-270] Inferring pragma 'array_partition type=complete dim=1' for array 'W2_114' due to pipeline pragma
INFO: [HLS 214-270] Inferring pragma 'array_partition type=complete dim=1' for array 'W2_115' due to pipeline pragma
INFO: [HLS 214-270] Inferring pragma 'array_partition type=complete dim=1' for array 'W2_116' due to pipeline pragma
INFO: [HLS 214-270] Inferring pragma 'array_partition type=complete dim=1' for array 'W2_117' due to pipeline pragma
INFO: [HLS 214-270] Inferring pragma 'array_partition type=complete dim=1' for array 'W2_118' due to pipeline pragma
INFO: [HLS 214-270] Inferring pragma 'array_partition type=complete dim=1' for array 'W2_119' due to pipeline pragma
INFO: [HLS 214-270] Inferring pragma 'array_partition type=complete dim=1' for array 'W2_12' due to pipeline pragma
INFO: [HLS 214-270] Inferring pragma 'array_partition type=complete dim=1' for array 'W2_120' due to pipeline pragma
INFO: [HLS 214-270] Inferring pragma 'array_partition type=complete dim=1' for array 'W2_121' due to pipeline pragma
INFO: [HLS 214-270] Inferring pragma 'array_partition type=complete dim=1' for array 'W2_122' due to pipeline pragma
INFO: [HLS 214-270] Inferring pragma 'array_partition type=complete dim=1' for array 'W2_123' due to pipeline pragma
INFO: [HLS 214-270] Inferring pragma 'array_partition type=complete dim=1' for array 'W2_124' due to pipeline pragma
INFO: [HLS 214-270] Inferring pragma 'array_partition type=complete dim=1' for array 'W2_125' due to pipeline pragma
INFO: [HLS 214-270] Inferring pragma 'array_partition type=complete dim=1' for array 'W2_126' due to pipeline pragma
INFO: [HLS 214-270] Inferring pragma 'array_partition type=complete dim=1' for array 'W2_127' due to pipeline pragma
INFO: [HLS 214-270] Inferring pragma 'array_partition type=complete dim=1' for array 'W2_13' due to pipeline pragma
INFO: [HLS 214-270] Inferring pragma 'array_partition type=complete dim=1' for array 'W2_14' due to pipeline pragma
INFO: [HLS 214-270] Inferring pragma 'array_partition type=complete dim=1' for array 'W2_15' due to pipeline pragma
INFO: [HLS 214-270] Inferring pragma 'array_partition type=complete dim=1' for array 'W2_16' due to pipeline pragma
INFO: [HLS 214-270] Inferring pragma 'array_partition type=complete dim=1' for array 'W2_17' due to pipeline pragma
INFO: [HLS 214-270] Inferring pragma 'array_partition type=complete dim=1' for array 'W2_18' due to pipeline pragma
INFO: [HLS 214-270] Inferring pragma 'array_partition type=complete dim=1' for array 'W2_19' due to pipeline pragma
INFO: [HLS 214-270] Inferring pragma 'array_partition type=complete dim=1' for array 'W2_2' due to pipeline pragma
INFO: [HLS 214-270] Inferring pragma 'array_partition type=complete dim=1' for array 'W2_20' due to pipeline pragma
INFO: [HLS 214-270] Inferring pragma 'array_partition type=complete dim=1' for array 'W2_21' due to pipeline pragma
INFO: [HLS 214-270] Inferring pragma 'array_partition type=complete dim=1' for array 'W2_22' due to pipeline pragma
INFO: [HLS 214-270] Inferring pragma 'array_partition type=complete dim=1' for array 'W2_23' due to pipeline pragma
INFO: [HLS 214-270] Inferring pragma 'array_partition type=complete dim=1' for array 'W2_24' due to pipeline pragma
INFO: [HLS 214-270] Inferring pragma 'array_partition type=complete dim=1' for array 'W2_25' due to pipeline pragma
INFO: [HLS 214-270] Inferring pragma 'array_partition type=complete dim=1' for array 'W2_26' due to pipeline pragma
INFO: [HLS 214-270] Inferring pragma 'array_partition type=complete dim=1' for array 'W2_27' due to pipeline pragma
INFO: [HLS 214-270] Inferring pragma 'array_partition type=complete dim=1' for array 'W2_28' due to pipeline pragma
INFO: [HLS 214-270] Inferring pragma 'array_partition type=complete dim=1' for array 'W2_29' due to pipeline pragma
INFO: [HLS 214-270] Inferring pragma 'array_partition type=complete dim=1' for array 'W2_3' due to pipeline pragma
INFO: [HLS 214-270] Inferring pragma 'array_partition type=complete dim=1' for array 'W2_30' due to pipeline pragma
INFO: [HLS 214-270] Inferring pragma 'array_partition type=complete dim=1' for array 'W2_31' due to pipeline pragma
INFO: [HLS 214-270] Inferring pragma 'array_partition type=complete dim=1' for array 'W2_32' due to pipeline pragma
INFO: [HLS 214-270] Inferring pragma 'array_partition type=complete dim=1' for array 'W2_33' due to pipeline pragma
INFO: [HLS 214-270] Inferring pragma 'array_partition type=complete dim=1' for array 'W2_34' due to pipeline pragma
INFO: [HLS 214-270] Inferring pragma 'array_partition type=complete dim=1' for array 'W2_35' due to pipeline pragma
INFO: [HLS 214-270] Inferring pragma 'array_partition type=complete dim=1' for array 'W2_36' due to pipeline pragma
INFO: [HLS 214-270] Inferring pragma 'array_partition type=complete dim=1' for array 'W2_37' due to pipeline pragma
INFO: [HLS 214-270] Inferring pragma 'array_partition type=complete dim=1' for array 'W2_38' due to pipeline pragma
INFO: [HLS 214-270] Inferring pragma 'array_partition type=complete dim=1' for array 'W2_39' due to pipeline pragma
INFO: [HLS 214-270] Inferring pragma 'array_partition type=complete dim=1' for array 'W2_4' due to pipeline pragma
INFO: [HLS 214-270] Inferring pragma 'array_partition type=complete dim=1' for array 'W2_40' due to pipeline pragma
INFO: [HLS 214-270] Inferring pragma 'array_partition type=complete dim=1' for array 'W2_41' due to pipeline pragma
INFO: [HLS 214-270] Inferring pragma 'array_partition type=complete dim=1' for array 'W2_42' due to pipeline pragma
INFO: [HLS 214-270] Inferring pragma 'array_partition type=complete dim=1' for array 'W2_43' due to pipeline pragma
INFO: [HLS 214-270] Inferring pragma 'array_partition type=complete dim=1' for array 'W2_44' due to pipeline pragma
INFO: [HLS 214-270] Inferring pragma 'array_partition type=complete dim=1' for array 'W2_45' due to pipeline pragma
INFO: [HLS 214-270] Inferring pragma 'array_partition type=complete dim=1' for array 'W2_46' due to pipeline pragma
INFO: [HLS 214-270] Inferring pragma 'array_partition type=complete dim=1' for array 'W2_47' due to pipeline pragma
INFO: [HLS 214-270] Inferring pragma 'array_partition type=complete dim=1' for array 'W2_48' due to pipeline pragma
INFO: [HLS 214-270] Inferring pragma 'array_partition type=complete dim=1' for array 'W2_49' due to pipeline pragma
INFO: [HLS 214-270] Inferring pragma 'array_partition type=complete dim=1' for array 'W2_5' due to pipeline pragma
INFO: [HLS 214-270] Inferring pragma 'array_partition type=complete dim=1' for array 'W2_50' due to pipeline pragma
INFO: [HLS 214-270] Inferring pragma 'array_partition type=complete dim=1' for array 'W2_51' due to pipeline pragma
INFO: [HLS 214-270] Inferring pragma 'array_partition type=complete dim=1' for array 'W2_52' due to pipeline pragma
INFO: [HLS 214-270] Inferring pragma 'array_partition type=complete dim=1' for array 'W2_53' due to pipeline pragma
INFO: [HLS 214-270] Inferring pragma 'array_partition type=complete dim=1' for array 'W2_54' due to pipeline pragma
INFO: [HLS 214-270] Inferring pragma 'array_partition type=complete dim=1' for array 'W2_55' due to pipeline pragma
INFO: [HLS 214-270] Inferring pragma 'array_partition type=complete dim=1' for array 'W2_56' due to pipeline pragma
INFO: [HLS 214-270] Inferring pragma 'array_partition type=complete dim=1' for array 'W2_57' due to pipeline pragma
INFO: [HLS 214-270] Inferring pragma 'array_partition type=complete dim=1' for array 'W2_58' due to pipeline pragma
INFO: [HLS 214-270] Inferring pragma 'array_partition type=complete dim=1' for array 'W2_59' due to pipeline pragma
INFO: [HLS 214-270] Inferring pragma 'array_partition type=complete dim=1' for array 'W2_6' due to pipeline pragma
INFO: [HLS 214-270] Inferring pragma 'array_partition type=complete dim=1' for array 'W2_60' due to pipeline pragma
INFO: [HLS 214-270] Inferring pragma 'array_partition type=complete dim=1' for array 'W2_61' due to pipeline pragma
INFO: [HLS 214-270] Inferring pragma 'array_partition type=complete dim=1' for array 'W2_62' due to pipeline pragma
INFO: [HLS 214-270] Inferring pragma 'array_partition type=complete dim=1' for array 'W2_63' due to pipeline pragma
INFO: [HLS 214-270] Inferring pragma 'array_partition type=complete dim=1' for array 'W2_64' due to pipeline pragma
INFO: [HLS 214-270] Inferring pragma 'array_partition type=complete dim=1' for array 'W2_65' due to pipeline pragma
INFO: [HLS 214-270] Inferring pragma 'array_partition type=complete dim=1' for array 'W2_66' due to pipeline pragma
INFO: [HLS 214-270] Inferring pragma 'array_partition type=complete dim=1' for array 'W2_67' due to pipeline pragma
INFO: [HLS 214-270] Inferring pragma 'array_partition type=complete dim=1' for array 'W2_68' due to pipeline pragma
INFO: [HLS 214-270] Inferring pragma 'array_partition type=complete dim=1' for array 'W2_69' due to pipeline pragma
INFO: [HLS 214-270] Inferring pragma 'array_partition type=complete dim=1' for array 'W2_7' due to pipeline pragma
INFO: [HLS 214-270] Inferring pragma 'array_partition type=complete dim=1' for array 'W2_70' due to pipeline pragma
INFO: [HLS 214-270] Inferring pragma 'array_partition type=complete dim=1' for array 'W2_71' due to pipeline pragma
INFO: [HLS 214-270] Inferring pragma 'array_partition type=complete dim=1' for array 'W2_72' due to pipeline pragma
INFO: [HLS 214-270] Inferring pragma 'array_partition type=complete dim=1' for array 'W2_73' due to pipeline pragma
INFO: [HLS 214-270] Inferring pragma 'array_partition type=complete dim=1' for array 'W2_74' due to pipeline pragma
INFO: [HLS 214-270] Inferring pragma 'array_partition type=complete dim=1' for array 'W2_75' due to pipeline pragma
INFO: [HLS 214-270] Inferring pragma 'array_partition type=complete dim=1' for array 'W2_76' due to pipeline pragma
INFO: [HLS 214-270] Inferring pragma 'array_partition type=complete dim=1' for array 'W2_77' due to pipeline pragma
INFO: [HLS 214-270] Inferring pragma 'array_partition type=complete dim=1' for array 'W2_78' due to pipeline pragma
INFO: [HLS 214-270] Inferring pragma 'array_partition type=complete dim=1' for array 'W2_79' due to pipeline pragma
INFO: [HLS 214-270] Inferring pragma 'array_partition type=complete dim=1' for array 'W2_8' due to pipeline pragma
INFO: [HLS 214-270] Inferring pragma 'array_partition type=complete dim=1' for array 'W2_80' due to pipeline pragma
INFO: [HLS 214-270] Inferring pragma 'array_partition type=complete dim=1' for array 'W2_81' due to pipeline pragma
INFO: [HLS 214-270] Inferring pragma 'array_partition type=complete dim=1' for array 'W2_82' due to pipeline pragma
INFO: [HLS 214-270] Inferring pragma 'array_partition type=complete dim=1' for array 'W2_83' due to pipeline pragma
INFO: [HLS 214-270] Inferring pragma 'array_partition type=complete dim=1' for array 'W2_84' due to pipeline pragma
INFO: [HLS 214-270] Inferring pragma 'array_partition type=complete dim=1' for array 'W2_85' due to pipeline pragma
INFO: [HLS 214-270] Inferring pragma 'array_partition type=complete dim=1' for array 'W2_86' due to pipeline pragma
INFO: [HLS 214-270] Inferring pragma 'array_partition type=complete dim=1' for array 'W2_87' due to pipeline pragma
INFO: [HLS 214-270] Inferring pragma 'array_partition type=complete dim=1' for array 'W2_88' due to pipeline pragma
INFO: [HLS 214-270] Inferring pragma 'array_partition type=complete dim=1' for array 'W2_89' due to pipeline pragma
INFO: [HLS 214-270] Inferring pragma 'array_partition type=complete dim=1' for array 'W2_9' due to pipeline pragma
INFO: [HLS 214-270] Inferring pragma 'array_partition type=complete dim=1' for array 'W2_90' due to pipeline pragma
INFO: [HLS 214-270] Inferring pragma 'array_partition type=complete dim=1' for array 'W2_91' due to pipeline pragma
INFO: [HLS 214-270] Inferring pragma 'array_partition type=complete dim=1' for array 'W2_92' due to pipeline pragma
INFO: [HLS 214-270] Inferring pragma 'array_partition type=complete dim=1' for array 'W2_93' due to pipeline pragma
INFO: [HLS 214-270] Inferring pragma 'array_partition type=complete dim=1' for array 'W2_94' due to pipeline pragma
INFO: [HLS 214-270] Inferring pragma 'array_partition type=complete dim=1' for array 'W2_95' due to pipeline pragma
INFO: [HLS 214-270] Inferring pragma 'array_partition type=complete dim=1' for array 'W2_96' due to pipeline pragma
INFO: [HLS 214-270] Inferring pragma 'array_partition type=complete dim=1' for array 'W2_97' due to pipeline pragma
INFO: [HLS 214-270] Inferring pragma 'array_partition type=complete dim=1' for array 'W2_98' due to pipeline pragma
INFO: [HLS 214-270] Inferring pragma 'array_partition type=complete dim=1' for array 'W2_99' due to pipeline pragma
INFO: [HLS 214-270] Inferring pragma 'array_partition type=complete dim=1' for array 'W3_0' due to pipeline pragma
INFO: [HLS 214-270] Inferring pragma 'array_partition type=complete dim=1' for array 'W3_1' due to pipeline pragma
INFO: [HLS 214-270] Inferring pragma 'array_partition type=complete dim=1' for array 'W3_10' due to pipeline pragma
INFO: [HLS 214-270] Inferring pragma 'array_partition type=complete dim=1' for array 'W3_11' due to pipeline pragma
INFO: [HLS 214-270] Inferring pragma 'array_partition type=complete dim=1' for array 'W3_12' due to pipeline pragma
INFO: [HLS 214-270] Inferring pragma 'array_partition type=complete dim=1' for array 'W3_13' due to pipeline pragma
INFO: [HLS 214-270] Inferring pragma 'array_partition type=complete dim=1' for array 'W3_14' due to pipeline pragma
INFO: [HLS 214-270] Inferring pragma 'array_partition type=complete dim=1' for array 'W3_15' due to pipeline pragma
INFO: [HLS 214-270] Inferring pragma 'array_partition type=complete dim=1' for array 'W3_16' due to pipeline pragma
INFO: [HLS 214-270] Inferring pragma 'array_partition type=complete dim=1' for array 'W3_17' due to pipeline pragma
INFO: [HLS 214-270] Inferring pragma 'array_partition type=complete dim=1' for array 'W3_18' due to pipeline pragma
INFO: [HLS 214-270] Inferring pragma 'array_partition type=complete dim=1' for array 'W3_19' due to pipeline pragma
INFO: [HLS 214-270] Inferring pragma 'array_partition type=complete dim=1' for array 'W3_2' due to pipeline pragma
INFO: [HLS 214-270] Inferring pragma 'array_partition type=complete dim=1' for array 'W3_20' due to pipeline pragma
INFO: [HLS 214-270] Inferring pragma 'array_partition type=complete dim=1' for array 'W3_21' due to pipeline pragma
INFO: [HLS 214-270] Inferring pragma 'array_partition type=complete dim=1' for array 'W3_22' due to pipeline pragma
INFO: [HLS 214-270] Inferring pragma 'array_partition type=complete dim=1' for array 'W3_23' due to pipeline pragma
INFO: [HLS 214-270] Inferring pragma 'array_partition type=complete dim=1' for array 'W3_24' due to pipeline pragma
INFO: [HLS 214-270] Inferring pragma 'array_partition type=complete dim=1' for array 'W3_25' due to pipeline pragma
INFO: [HLS 214-270] Inferring pragma 'array_partition type=complete dim=1' for array 'W3_26' due to pipeline pragma
INFO: [HLS 214-270] Inferring pragma 'array_partition type=complete dim=1' for array 'W3_27' due to pipeline pragma
INFO: [HLS 214-270] Inferring pragma 'array_partition type=complete dim=1' for array 'W3_28' due to pipeline pragma
INFO: [HLS 214-270] Inferring pragma 'array_partition type=complete dim=1' for array 'W3_29' due to pipeline pragma
INFO: [HLS 214-270] Inferring pragma 'array_partition type=complete dim=1' for array 'W3_3' due to pipeline pragma
INFO: [HLS 214-270] Inferring pragma 'array_partition type=complete dim=1' for array 'W3_30' due to pipeline pragma
INFO: [HLS 214-270] Inferring pragma 'array_partition type=complete dim=1' for array 'W3_31' due to pipeline pragma
INFO: [HLS 214-270] Inferring pragma 'array_partition type=complete dim=1' for array 'W3_32' due to pipeline pragma
INFO: [HLS 214-270] Inferring pragma 'array_partition type=complete dim=1' for array 'W3_33' due to pipeline pragma
INFO: [HLS 214-270] Inferring pragma 'array_partition type=complete dim=1' for array 'W3_34' due to pipeline pragma
INFO: [HLS 214-270] Inferring pragma 'array_partition type=complete dim=1' for array 'W3_35' due to pipeline pragma
INFO: [HLS 214-270] Inferring pragma 'array_partition type=complete dim=1' for array 'W3_36' due to pipeline pragma
INFO: [HLS 214-270] Inferring pragma 'array_partition type=complete dim=1' for array 'W3_37' due to pipeline pragma
INFO: [HLS 214-270] Inferring pragma 'array_partition type=complete dim=1' for array 'W3_38' due to pipeline pragma
INFO: [HLS 214-270] Inferring pragma 'array_partition type=complete dim=1' for array 'W3_39' due to pipeline pragma
INFO: [HLS 214-270] Inferring pragma 'array_partition type=complete dim=1' for array 'W3_4' due to pipeline pragma
INFO: [HLS 214-270] Inferring pragma 'array_partition type=complete dim=1' for array 'W3_40' due to pipeline pragma
INFO: [HLS 214-270] Inferring pragma 'array_partition type=complete dim=1' for array 'W3_41' due to pipeline pragma
INFO: [HLS 214-270] Inferring pragma 'array_partition type=complete dim=1' for array 'W3_42' due to pipeline pragma
INFO: [HLS 214-270] Inferring pragma 'array_partition type=complete dim=1' for array 'W3_43' due to pipeline pragma
INFO: [HLS 214-270] Inferring pragma 'array_partition type=complete dim=1' for array 'W3_44' due to pipeline pragma
INFO: [HLS 214-270] Inferring pragma 'array_partition type=complete dim=1' for array 'W3_45' due to pipeline pragma
INFO: [HLS 214-270] Inferring pragma 'array_partition type=complete dim=1' for array 'W3_46' due to pipeline pragma
INFO: [HLS 214-270] Inferring pragma 'array_partition type=complete dim=1' for array 'W3_47' due to pipeline pragma
INFO: [HLS 214-270] Inferring pragma 'array_partition type=complete dim=1' for array 'W3_48' due to pipeline pragma
INFO: [HLS 214-270] Inferring pragma 'array_partition type=complete dim=1' for array 'W3_49' due to pipeline pragma
INFO: [HLS 214-270] Inferring pragma 'array_partition type=complete dim=1' for array 'W3_5' due to pipeline pragma
INFO: [HLS 214-270] Inferring pragma 'array_partition type=complete dim=1' for array 'W3_50' due to pipeline pragma
INFO: [HLS 214-270] Inferring pragma 'array_partition type=complete dim=1' for array 'W3_51' due to pipeline pragma
INFO: [HLS 214-270] Inferring pragma 'array_partition type=complete dim=1' for array 'W3_52' due to pipeline pragma
INFO: [HLS 214-270] Inferring pragma 'array_partition type=complete dim=1' for array 'W3_53' due to pipeline pragma
INFO: [HLS 214-270] Inferring pragma 'array_partition type=complete dim=1' for array 'W3_54' due to pipeline pragma
INFO: [HLS 214-270] Inferring pragma 'array_partition type=complete dim=1' for array 'W3_55' due to pipeline pragma
INFO: [HLS 214-270] Inferring pragma 'array_partition type=complete dim=1' for array 'W3_56' due to pipeline pragma
INFO: [HLS 214-270] Inferring pragma 'array_partition type=complete dim=1' for array 'W3_57' due to pipeline pragma
INFO: [HLS 214-270] Inferring pragma 'array_partition type=complete dim=1' for array 'W3_58' due to pipeline pragma
INFO: [HLS 214-270] Inferring pragma 'array_partition type=complete dim=1' for array 'W3_59' due to pipeline pragma
INFO: [HLS 214-270] Inferring pragma 'array_partition type=complete dim=1' for array 'W3_6' due to pipeline pragma
INFO: [HLS 214-270] Inferring pragma 'array_partition type=complete dim=1' for array 'W3_60' due to pipeline pragma
INFO: [HLS 214-270] Inferring pragma 'array_partition type=complete dim=1' for array 'W3_61' due to pipeline pragma
INFO: [HLS 214-270] Inferring pragma 'array_partition type=complete dim=1' for array 'W3_62' due to pipeline pragma
INFO: [HLS 214-270] Inferring pragma 'array_partition type=complete dim=1' for array 'W3_63' due to pipeline pragma
INFO: [HLS 214-270] Inferring pragma 'array_partition type=complete dim=1' for array 'W3_7' due to pipeline pragma
INFO: [HLS 214-270] Inferring pragma 'array_partition type=complete dim=1' for array 'W3_8' due to pipeline pragma
INFO: [HLS 214-270] Inferring pragma 'array_partition type=complete dim=1' for array 'W3_9' due to pipeline pragma
INFO: [HLS 214-248] Applying array_partition to 'W3_9': Complete partitioning on dimension 1.
INFO: [HLS 214-248] Applying array_partition to 'W3_8': Complete partitioning on dimension 1.
INFO: [HLS 214-248] Applying array_partition to 'W3_7': Complete partitioning on dimension 1.
INFO: [HLS 214-248] Applying array_partition to 'W3_63': Complete partitioning on dimension 1.
INFO: [HLS 214-248] Applying array_partition to 'W3_62': Complete partitioning on dimension 1.
INFO: [HLS 214-248] Applying array_partition to 'W3_61': Complete partitioning on dimension 1.
INFO: [HLS 214-248] Applying array_partition to 'W3_60': Complete partitioning on dimension 1.
INFO: [HLS 214-248] Applying array_partition to 'W3_6': Complete partitioning on dimension 1.
INFO: [HLS 214-248] Applying array_partition to 'W3_59': Complete partitioning on dimension 1.
INFO: [HLS 214-248] Applying array_partition to 'W3_58': Complete partitioning on dimension 1.
INFO: [HLS 214-248] Applying array_partition to 'W3_57': Complete partitioning on dimension 1.
INFO: [HLS 214-248] Applying array_partition to 'W3_56': Complete partitioning on dimension 1.
INFO: [HLS 214-248] Applying array_partition to 'W3_55': Complete partitioning on dimension 1.
INFO: [HLS 214-248] Applying array_partition to 'W3_54': Complete partitioning on dimension 1.
INFO: [HLS 214-248] Applying array_partition to 'W3_53': Complete partitioning on dimension 1.
INFO: [HLS 214-248] Applying array_partition to 'W3_52': Complete partitioning on dimension 1.
INFO: [HLS 214-248] Applying array_partition to 'W3_51': Complete partitioning on dimension 1.
INFO: [HLS 214-248] Applying array_partition to 'W3_50': Complete partitioning on dimension 1.
INFO: [HLS 214-248] Applying array_partition to 'W3_5': Complete partitioning on dimension 1.
INFO: [HLS 214-248] Applying array_partition to 'W3_49': Complete partitioning on dimension 1.
INFO: [HLS 214-248] Applying array_partition to 'W3_48': Complete partitioning on dimension 1.
INFO: [HLS 214-248] Applying array_partition to 'W3_47': Complete partitioning on dimension 1.
INFO: [HLS 214-248] Applying array_partition to 'W3_46': Complete partitioning on dimension 1.
INFO: [HLS 214-248] Applying array_partition to 'W3_45': Complete partitioning on dimension 1.
INFO: [HLS 214-248] Applying array_partition to 'W3_44': Complete partitioning on dimension 1.
INFO: [HLS 214-248] Applying array_partition to 'W3_43': Complete partitioning on dimension 1.
INFO: [HLS 214-248] Applying array_partition to 'W3_42': Complete partitioning on dimension 1.
INFO: [HLS 214-248] Applying array_partition to 'W3_41': Complete partitioning on dimension 1.
INFO: [HLS 214-248] Applying array_partition to 'W3_40': Complete partitioning on dimension 1.
INFO: [HLS 214-248] Applying array_partition to 'W3_4': Complete partitioning on dimension 1.
INFO: [HLS 214-248] Applying array_partition to 'W3_39': Complete partitioning on dimension 1.
INFO: [HLS 214-248] Applying array_partition to 'W3_38': Complete partitioning on dimension 1.
INFO: [HLS 214-248] Applying array_partition to 'W3_37': Complete partitioning on dimension 1.
INFO: [HLS 214-248] Applying array_partition to 'W3_36': Complete partitioning on dimension 1.
INFO: [HLS 214-248] Applying array_partition to 'W3_35': Complete partitioning on dimension 1.
INFO: [HLS 214-248] Applying array_partition to 'W3_34': Complete partitioning on dimension 1.
INFO: [HLS 214-248] Applying array_partition to 'W3_33': Complete partitioning on dimension 1.
INFO: [HLS 214-248] Applying array_partition to 'W3_32': Complete partitioning on dimension 1.
INFO: [HLS 214-248] Applying array_partition to 'W3_31': Complete partitioning on dimension 1.
INFO: [HLS 214-248] Applying array_partition to 'W3_30': Complete partitioning on dimension 1.
INFO: [HLS 214-248] Applying array_partition to 'W3_3': Complete partitioning on dimension 1.
INFO: [HLS 214-248] Applying array_partition to 'W3_29': Complete partitioning on dimension 1.
INFO: [HLS 214-248] Applying array_partition to 'W3_28': Complete partitioning on dimension 1.
INFO: [HLS 214-248] Applying array_partition to 'W3_27': Complete partitioning on dimension 1.
INFO: [HLS 214-248] Applying array_partition to 'W3_26': Complete partitioning on dimension 1.
INFO: [HLS 214-248] Applying array_partition to 'W3_25': Complete partitioning on dimension 1.
INFO: [HLS 214-248] Applying array_partition to 'W3_24': Complete partitioning on dimension 1.
INFO: [HLS 214-248] Applying array_partition to 'W3_23': Complete partitioning on dimension 1.
INFO: [HLS 214-248] Applying array_partition to 'W3_22': Complete partitioning on dimension 1.
INFO: [HLS 214-248] Applying array_partition to 'W3_21': Complete partitioning on dimension 1.
INFO: [HLS 214-248] Applying array_partition to 'W3_20': Complete partitioning on dimension 1.
INFO: [HLS 214-248] Applying array_partition to 'W3_2': Complete partitioning on dimension 1.
INFO: [HLS 214-248] Applying array_partition to 'W3_19': Complete partitioning on dimension 1.
INFO: [HLS 214-248] Applying array_partition to 'W3_18': Complete partitioning on dimension 1.
INFO: [HLS 214-248] Applying array_partition to 'W3_17': Complete partitioning on dimension 1.
INFO: [HLS 214-248] Applying array_partition to 'W3_16': Complete partitioning on dimension 1.
INFO: [HLS 214-248] Applying array_partition to 'W3_15': Complete partitioning on dimension 1.
INFO: [HLS 214-248] Applying array_partition to 'W3_14': Complete partitioning on dimension 1.
INFO: [HLS 214-248] Applying array_partition to 'W3_13': Complete partitioning on dimension 1.
INFO: [HLS 214-248] Applying array_partition to 'W3_12': Complete partitioning on dimension 1.
INFO: [HLS 214-248] Applying array_partition to 'W3_11': Complete partitioning on dimension 1.
INFO: [HLS 214-248] Applying array_partition to 'W3_10': Complete partitioning on dimension 1.
INFO: [HLS 214-248] Applying array_partition to 'W3_1': Complete partitioning on dimension 1.
INFO: [HLS 214-248] Applying array_partition to 'W3_0': Complete partitioning on dimension 1.
INFO: [HLS 214-248] Applying array_partition to 'W2_99': Complete partitioning on dimension 1.
INFO: [HLS 214-248] Applying array_partition to 'W2_98': Complete partitioning on dimension 1.
INFO: [HLS 214-248] Applying array_partition to 'W2_97': Complete partitioning on dimension 1.
INFO: [HLS 214-248] Applying array_partition to 'W2_96': Complete partitioning on dimension 1.
INFO: [HLS 214-248] Applying array_partition to 'W2_95': Complete partitioning on dimension 1.
INFO: [HLS 214-248] Applying array_partition to 'W2_94': Complete partitioning on dimension 1.
INFO: [HLS 214-248] Applying array_partition to 'W2_93': Complete partitioning on dimension 1.
INFO: [HLS 214-248] Applying array_partition to 'W2_92': Complete partitioning on dimension 1.
INFO: [HLS 214-248] Applying array_partition to 'W2_91': Complete partitioning on dimension 1.
INFO: [HLS 214-248] Applying array_partition to 'W2_90': Complete partitioning on dimension 1.
INFO: [HLS 214-248] Applying array_partition to 'W2_9': Complete partitioning on dimension 1.
INFO: [HLS 214-248] Applying array_partition to 'W2_89': Complete partitioning on dimension 1.
INFO: [HLS 214-248] Applying array_partition to 'W2_88': Complete partitioning on dimension 1.
INFO: [HLS 214-248] Applying array_partition to 'W2_87': Complete partitioning on dimension 1.
INFO: [HLS 214-248] Applying array_partition to 'W2_86': Complete partitioning on dimension 1.
INFO: [HLS 214-248] Applying array_partition to 'W2_85': Complete partitioning on dimension 1.
INFO: [HLS 214-248] Applying array_partition to 'W2_84': Complete partitioning on dimension 1.
INFO: [HLS 214-248] Applying array_partition to 'W2_83': Complete partitioning on dimension 1.
INFO: [HLS 214-248] Applying array_partition to 'W2_82': Complete partitioning on dimension 1.
INFO: [HLS 214-248] Applying array_partition to 'W2_81': Complete partitioning on dimension 1.
INFO: [HLS 214-248] Applying array_partition to 'W2_80': Complete partitioning on dimension 1.
INFO: [HLS 214-248] Applying array_partition to 'W2_8': Complete partitioning on dimension 1.
INFO: [HLS 214-248] Applying array_partition to 'W2_79': Complete partitioning on dimension 1.
INFO: [HLS 214-248] Applying array_partition to 'W2_78': Complete partitioning on dimension 1.
INFO: [HLS 214-248] Applying array_partition to 'W2_77': Complete partitioning on dimension 1.
INFO: [HLS 214-248] Applying array_partition to 'W2_76': Complete partitioning on dimension 1.
INFO: [HLS 214-248] Applying array_partition to 'W2_75': Complete partitioning on dimension 1.
INFO: [HLS 214-248] Applying array_partition to 'W2_74': Complete partitioning on dimension 1.
INFO: [HLS 214-248] Applying array_partition to 'W2_73': Complete partitioning on dimension 1.
INFO: [HLS 214-248] Applying array_partition to 'W2_72': Complete partitioning on dimension 1.
INFO: [HLS 214-248] Applying array_partition to 'W2_71': Complete partitioning on dimension 1.
INFO: [HLS 214-248] Applying array_partition to 'W2_70': Complete partitioning on dimension 1.
INFO: [HLS 214-248] Applying array_partition to 'W2_7': Complete partitioning on dimension 1.
INFO: [HLS 214-248] Applying array_partition to 'W2_69': Complete partitioning on dimension 1.
INFO: [HLS 214-248] Applying array_partition to 'W2_68': Complete partitioning on dimension 1.
INFO: [HLS 214-248] Applying array_partition to 'W2_67': Complete partitioning on dimension 1.
INFO: [HLS 214-248] Applying array_partition to 'W2_66': Complete partitioning on dimension 1.
INFO: [HLS 214-248] Applying array_partition to 'W2_65': Complete partitioning on dimension 1.
INFO: [HLS 214-248] Applying array_partition to 'W2_64': Complete partitioning on dimension 1.
INFO: [HLS 214-248] Applying array_partition to 'W2_63': Complete partitioning on dimension 1.
INFO: [HLS 214-248] Applying array_partition to 'W2_62': Complete partitioning on dimension 1.
INFO: [HLS 214-248] Applying array_partition to 'W2_61': Complete partitioning on dimension 1.
INFO: [HLS 214-248] Applying array_partition to 'W2_60': Complete partitioning on dimension 1.
INFO: [HLS 214-248] Applying array_partition to 'W2_6': Complete partitioning on dimension 1.
INFO: [HLS 214-248] Applying array_partition to 'W2_59': Complete partitioning on dimension 1.
INFO: [HLS 214-248] Applying array_partition to 'W2_58': Complete partitioning on dimension 1.
INFO: [HLS 214-248] Applying array_partition to 'W2_57': Complete partitioning on dimension 1.
INFO: [HLS 214-248] Applying array_partition to 'W2_56': Complete partitioning on dimension 1.
INFO: [HLS 214-248] Applying array_partition to 'W2_55': Complete partitioning on dimension 1.
INFO: [HLS 214-248] Applying array_partition to 'W2_54': Complete partitioning on dimension 1.
INFO: [HLS 214-248] Applying array_partition to 'W2_53': Complete partitioning on dimension 1.
INFO: [HLS 214-248] Applying array_partition to 'W2_52': Complete partitioning on dimension 1.
INFO: [HLS 214-248] Applying array_partition to 'W2_51': Complete partitioning on dimension 1.
INFO: [HLS 214-248] Applying array_partition to 'W2_50': Complete partitioning on dimension 1.
INFO: [HLS 214-248] Applying array_partition to 'W2_5': Complete partitioning on dimension 1.
INFO: [HLS 214-248] Applying array_partition to 'W2_49': Complete partitioning on dimension 1.
INFO: [HLS 214-248] Applying array_partition to 'W2_48': Complete partitioning on dimension 1.
INFO: [HLS 214-248] Applying array_partition to 'W2_47': Complete partitioning on dimension 1.
INFO: [HLS 214-248] Applying array_partition to 'W2_46': Complete partitioning on dimension 1.
INFO: [HLS 214-248] Applying array_partition to 'W2_45': Complete partitioning on dimension 1.
INFO: [HLS 214-248] Applying array_partition to 'W2_44': Complete partitioning on dimension 1.
INFO: [HLS 214-248] Applying array_partition to 'W2_43': Complete partitioning on dimension 1.
INFO: [HLS 214-248] Applying array_partition to 'W2_42': Complete partitioning on dimension 1.
INFO: [HLS 214-248] Applying array_partition to 'W2_41': Complete partitioning on dimension 1.
INFO: [HLS 214-248] Applying array_partition to 'W2_40': Complete partitioning on dimension 1.
INFO: [HLS 214-248] Applying array_partition to 'W2_4': Complete partitioning on dimension 1.
INFO: [HLS 214-248] Applying array_partition to 'W2_39': Complete partitioning on dimension 1.
INFO: [HLS 214-248] Applying array_partition to 'W2_38': Complete partitioning on dimension 1.
INFO: [HLS 214-248] Applying array_partition to 'W2_37': Complete partitioning on dimension 1.
INFO: [HLS 214-248] Applying array_partition to 'W2_36': Complete partitioning on dimension 1.
INFO: [HLS 214-248] Applying array_partition to 'W2_35': Complete partitioning on dimension 1.
INFO: [HLS 214-248] Applying array_partition to 'W2_34': Complete partitioning on dimension 1.
INFO: [HLS 214-248] Applying array_partition to 'W2_33': Complete partitioning on dimension 1.
INFO: [HLS 214-248] Applying array_partition to 'W2_32': Complete partitioning on dimension 1.
INFO: [HLS 214-248] Applying array_partition to 'W2_31': Complete partitioning on dimension 1.
INFO: [HLS 214-248] Applying array_partition to 'W2_30': Complete partitioning on dimension 1.
INFO: [HLS 214-248] Applying array_partition to 'W2_3': Complete partitioning on dimension 1.
INFO: [HLS 214-248] Applying array_partition to 'W2_29': Complete partitioning on dimension 1.
INFO: [HLS 214-248] Applying array_partition to 'W2_28': Complete partitioning on dimension 1.
INFO: [HLS 214-248] Applying array_partition to 'W2_27': Complete partitioning on dimension 1.
INFO: [HLS 214-248] Applying array_partition to 'W2_26': Complete partitioning on dimension 1.
INFO: [HLS 214-248] Applying array_partition to 'W2_25': Complete partitioning on dimension 1.
INFO: [HLS 214-248] Applying array_partition to 'W2_24': Complete partitioning on dimension 1.
INFO: [HLS 214-248] Applying array_partition to 'W2_23': Complete partitioning on dimension 1.
INFO: [HLS 214-248] Applying array_partition to 'W2_22': Complete partitioning on dimension 1.
INFO: [HLS 214-248] Applying array_partition to 'W2_21': Complete partitioning on dimension 1.
INFO: [HLS 214-248] Applying array_partition to 'W2_20': Complete partitioning on dimension 1.
INFO: [HLS 214-248] Applying array_partition to 'W2_2': Complete partitioning on dimension 1.
INFO: [HLS 214-248] Applying array_partition to 'W2_19': Complete partitioning on dimension 1.
INFO: [HLS 214-248] Applying array_partition to 'W2_18': Complete partitioning on dimension 1.
INFO: [HLS 214-248] Applying array_partition to 'W2_17': Complete partitioning on dimension 1.
INFO: [HLS 214-248] Applying array_partition to 'W2_16': Complete partitioning on dimension 1.
INFO: [HLS 214-248] Applying array_partition to 'W2_15': Complete partitioning on dimension 1.
INFO: [HLS 214-248] Applying array_partition to 'W2_14': Complete partitioning on dimension 1.
INFO: [HLS 214-248] Applying array_partition to 'W2_13': Complete partitioning on dimension 1.
INFO: [HLS 214-248] Applying array_partition to 'W2_127': Complete partitioning on dimension 1.
INFO: [HLS 214-248] Applying array_partition to 'W2_126': Complete partitioning on dimension 1.
INFO: [HLS 214-248] Applying array_partition to 'W2_125': Complete partitioning on dimension 1.
INFO: [HLS 214-248] Applying array_partition to 'W2_124': Complete partitioning on dimension 1.
INFO: [HLS 214-248] Applying array_partition to 'W2_123': Complete partitioning on dimension 1.
INFO: [HLS 214-248] Applying array_partition to 'W2_122': Complete partitioning on dimension 1.
INFO: [HLS 214-248] Applying array_partition to 'W2_121': Complete partitioning on dimension 1.
INFO: [HLS 214-248] Applying array_partition to 'W2_120': Complete partitioning on dimension 1.
INFO: [HLS 214-248] Applying array_partition to 'W2_12': Complete partitioning on dimension 1.
INFO: [HLS 214-248] Applying array_partition to 'W2_119': Complete partitioning on dimension 1.
INFO: [HLS 214-248] Applying array_partition to 'W2_118': Complete partitioning on dimension 1.
INFO: [HLS 214-248] Applying array_partition to 'W2_117': Complete partitioning on dimension 1.
INFO: [HLS 214-248] Applying array_partition to 'W2_116': Complete partitioning on dimension 1.
INFO: [HLS 214-248] Applying array_partition to 'W2_115': Complete partitioning on dimension 1.
INFO: [HLS 214-248] Applying array_partition to 'W2_114': Complete partitioning on dimension 1.
INFO: [HLS 214-248] Applying array_partition to 'W2_113': Complete partitioning on dimension 1.
INFO: [HLS 214-248] Applying array_partition to 'W2_112': Complete partitioning on dimension 1.
INFO: [HLS 214-248] Applying array_partition to 'W2_111': Complete partitioning on dimension 1.
INFO: [HLS 214-248] Applying array_partition to 'W2_110': Complete partitioning on dimension 1.
INFO: [HLS 214-248] Applying array_partition to 'W2_11': Complete partitioning on dimension 1.
INFO: [HLS 214-248] Applying array_partition to 'W2_109': Complete partitioning on dimension 1.
INFO: [HLS 214-248] Applying array_partition to 'W2_108': Complete partitioning on dimension 1.
INFO: [HLS 214-248] Applying array_partition to 'W2_107': Complete partitioning on dimension 1.
INFO: [HLS 214-248] Applying array_partition to 'W2_106': Complete partitioning on dimension 1.
INFO: [HLS 214-248] Applying array_partition to 'W2_105': Complete partitioning on dimension 1.
INFO: [HLS 214-248] Applying array_partition to 'W2_104': Complete partitioning on dimension 1.
INFO: [HLS 214-248] Applying array_partition to 'W2_103': Complete partitioning on dimension 1.
INFO: [HLS 214-248] Applying array_partition to 'W2_102': Complete partitioning on dimension 1.
INFO: [HLS 214-248] Applying array_partition to 'W2_101': Complete partitioning on dimension 1.
INFO: [HLS 214-248] Applying array_partition to 'W2_100': Complete partitioning on dimension 1.
INFO: [HLS 214-248] Applying array_partition to 'W2_10': Complete partitioning on dimension 1.
INFO: [HLS 214-248] Applying array_partition to 'W2_1': Complete partitioning on dimension 1.
INFO: [HLS 214-248] Applying array_partition to 'W2_0': Complete partitioning on dimension 1.
INFO: [HLS 200-111] Finished Compiling Optimization and Transform: CPU user time: 3 seconds. CPU system time: 0 seconds. Elapsed time: 230.107 seconds; current allocated memory: 277.391 MB.
INFO: [HLS 200-111] Finished Checking Pragmas: CPU user time: 0 seconds. CPU system time: 0 seconds. Elapsed time: 0.004 seconds; current allocated memory: 277.398 MB.
INFO: [HLS 200-10] Starting code transformations ...
INFO: [HLS 200-111] Finished Standard Transforms: CPU user time: 2 seconds. CPU system time: 0 seconds. Elapsed time: 1.99 seconds; current allocated memory: 325.992 MB.
INFO: [HLS 200-10] Checking synthesizability ...
INFO: [HLS 200-111] Finished Checking Synthesizability: CPU user time: 1 seconds. CPU system time: 0 seconds. Elapsed time: 1.247 seconds; current allocated memory: 364.711 MB.
INFO: [XFORM 203-11] Balancing expressions in function 'feedforward' (bnn.cpp:20:21)...973 expression(s) balanced.
INFO: [HLS 200-111] Finished Loop, function and other optimizations: CPU user time: 11 seconds. CPU system time: 0 seconds. Elapsed time: 12.162 seconds; current allocated memory: 452.020 MB.
INFO: [HLS 200-111] Finished Architecture Synthesis: CPU user time: 30 seconds. CPU system time: 0 seconds. Elapsed time: 31.271 seconds; current allocated memory: 551.164 MB.
INFO: [HLS 200-10] Starting hardware synthesis ...
INFO: [HLS 200-10] Synthesizing 'feedforward' ...
INFO: [SYN 201-201] Setting up clock 'default' with a period of 10ns.
INFO: [HLS 200-10] ----------------------------------------------------------------
INFO: [HLS 200-42] -- Implementing module 'sign' 
INFO: [HLS 200-10] ----------------------------------------------------------------
INFO: [SCHED 204-11] Starting scheduling ...
INFO: [SCHED 204-61] Pipelining function 'sign'.
INFO: [HLS 200-1470] Pipelining result : Target II = NA, Final II = 1, Depth = 1, function 'sign'
INFO: [SCHED 204-11] Finished scheduling.
INFO: [HLS 200-111] Finished Scheduling: CPU user time: 4 seconds. CPU system time: 0 seconds. Elapsed time: 4.051 seconds; current allocated memory: 556.605 MB.
INFO: [BIND 205-100] Starting micro-architecture generation ...
INFO: [BIND 205-101] Performing variable lifetime analysis.
INFO: [BIND 205-101] Exploring resource sharing.
INFO: [BIND 205-101] Binding ...
INFO: [BIND 205-100] Finished micro-architecture generation.
INFO: [HLS 200-111] Finished Binding: CPU user time: 0 seconds. CPU system time: 0 seconds. Elapsed time: 0.112 seconds; current allocated memory: 557.609 MB.
INFO: [HLS 200-10] ----------------------------------------------------------------
INFO: [HLS 200-42] -- Implementing module 'quantize' 
INFO: [HLS 200-10] ----------------------------------------------------------------
INFO: [SCHED 204-11] Starting scheduling ...
INFO: [SCHED 204-61] Pipelining function 'quantize'.
INFO: [HLS 200-1470] Pipelining result : Target II = NA, Final II = 1, Depth = 1, function 'quantize'
INFO: [SCHED 204-11] Finished scheduling.
INFO: [HLS 200-111] Finished Scheduling: CPU user time: 0 seconds. CPU system time: 0 seconds. Elapsed time: 0.151 seconds; current allocated memory: 557.738 MB.
INFO: [BIND 205-100] Starting micro-architecture generation ...
INFO: [BIND 205-101] Performing variable lifetime analysis.
INFO: [BIND 205-101] Exploring resource sharing.
INFO: [BIND 205-101] Binding ...
INFO: [BIND 205-100] Finished micro-architecture generation.
INFO: [HLS 200-111] Finished Binding: CPU user time: 0 seconds. CPU system time: 0 seconds. Elapsed time: 0.078 seconds; current allocated memory: 557.738 MB.
INFO: [HLS 200-10] ----------------------------------------------------------------
INFO: [HLS 200-42] -- Implementing module 'feedforward_Pipeline_VITIS_LOOP_88_1' 
INFO: [HLS 200-10] ----------------------------------------------------------------
INFO: [SCHED 204-11] Starting scheduling ...
INFO: [SCHED 204-61] Pipelining loop 'VITIS_LOOP_88_1'.
INFO: [HLS 200-1470] Pipelining result : Target II = NA, Final II = 1, Depth = 3, loop 'VITIS_LOOP_88_1'
INFO: [SCHED 204-11] Finished scheduling.
INFO: [HLS 200-111] Finished Scheduling: CPU user time: 4 seconds. CPU system time: 0 seconds. Elapsed time: 4.412 seconds; current allocated memory: 588.664 MB.
INFO: [BIND 205-100] Starting micro-architecture generation ...
INFO: [BIND 205-101] Performing variable lifetime analysis.
INFO: [BIND 205-101] Exploring resource sharing.
INFO: [BIND 205-101] Binding ...
INFO: [BIND 205-100] Finished micro-architecture generation.
INFO: [HLS 200-111] Finished Binding: CPU user time: 0 seconds. CPU system time: 0 seconds. Elapsed time: 1.141 seconds; current allocated memory: 604.742 MB.
INFO: [HLS 200-10] ----------------------------------------------------------------
INFO: [HLS 200-42] -- Implementing module 'feedforward_Pipeline_VITIS_LOOP_46_1' 
INFO: [HLS 200-10] ----------------------------------------------------------------
INFO: [SCHED 204-11] Starting scheduling ...
INFO: [SCHED 204-61] Pipelining loop 'VITIS_LOOP_46_1'.
INFO: [HLS 200-1470] Pipelining result : Target II = NA, Final II = 1, Depth = 4, loop 'VITIS_LOOP_46_1'
INFO: [SCHED 204-11] Finished scheduling.
INFO: [HLS 200-111] Finished Scheduling: CPU user time: 1 seconds. CPU system time: 0 seconds. Elapsed time: 2.424 seconds; current allocated memory: 624.859 MB.
INFO: [BIND 205-100] Starting micro-architecture generation ...
INFO: [BIND 205-101] Performing variable lifetime analysis.
INFO: [BIND 205-101] Exploring resource sharing.
INFO: [BIND 205-101] Binding ...
INFO: [BIND 205-100] Finished micro-architecture generation.
INFO: [HLS 200-111] Finished Binding: CPU user time: 2 seconds. CPU system time: 0 seconds. Elapsed time: 1.674 seconds; current allocated memory: 624.945 MB.
INFO: [HLS 200-10] ----------------------------------------------------------------
INFO: [HLS 200-42] -- Implementing module 'feedforward_Pipeline_VITIS_LOOP_46_11' 
INFO: [HLS 200-10] ----------------------------------------------------------------
INFO: [SCHED 204-11] Starting scheduling ...
INFO: [SCHED 204-61] Pipelining loop 'VITIS_LOOP_46_1'.
INFO: [HLS 200-1470] Pipelining result : Target II = NA, Final II = 1, Depth = 3, loop 'VITIS_LOOP_46_1'
INFO: [SCHED 204-11] Finished scheduling.
INFO: [HLS 200-111] Finished Scheduling: CPU user time: 0 seconds. CPU system time: 0 seconds. Elapsed time: 0.846 seconds; current allocated memory: 625.066 MB.
INFO: [BIND 205-100] Starting micro-architecture generation ...
INFO: [BIND 205-101] Performing variable lifetime analysis.
INFO: [BIND 205-101] Exploring resource sharing.
INFO: [BIND 205-101] Binding ...
INFO: [BIND 205-100] Finished micro-architecture generation.
INFO: [HLS 200-111] Finished Binding: CPU user time: 0 seconds. CPU system time: 0 seconds. Elapsed time: 0.204 seconds; current allocated memory: 625.066 MB.
INFO: [HLS 200-10] ----------------------------------------------------------------
INFO: [HLS 200-42] -- Implementing module 'feedforward_Pipeline_VITIS_LOOP_46_12' 
INFO: [HLS 200-10] ----------------------------------------------------------------
INFO: [SCHED 204-11] Starting scheduling ...
INFO: [SCHED 204-61] Pipelining loop 'VITIS_LOOP_46_1'.
INFO: [HLS 200-1470] Pipelining result : Target II = NA, Final II = 1, Depth = 2, loop 'VITIS_LOOP_46_1'
INFO: [SCHED 204-11] Finished scheduling.
INFO: [HLS 200-111] Finished Scheduling: CPU user time: 0 seconds. CPU system time: 0 seconds. Elapsed time: 0.232 seconds; current allocated memory: 625.066 MB.
INFO: [BIND 205-100] Starting micro-architecture generation ...
INFO: [BIND 205-101] Performing variable lifetime analysis.
INFO: [BIND 205-101] Exploring resource sharing.
INFO: [BIND 205-101] Binding ...
INFO: [BIND 205-100] Finished micro-architecture generation.
INFO: [HLS 200-111] Finished Binding: CPU user time: 0 seconds. CPU system time: 0 seconds. Elapsed time: 0.142 seconds; current allocated memory: 625.086 MB.
INFO: [HLS 200-10] ----------------------------------------------------------------
INFO: [HLS 200-42] -- Implementing module 'feedforward_Pipeline_VITIS_LOOP_143_7' 
INFO: [HLS 200-10] ----------------------------------------------------------------
INFO: [SCHED 204-11] Starting scheduling ...
INFO: [SCHED 204-61] Pipelining loop 'VITIS_LOOP_143_7'.
INFO: [HLS 200-1470] Pipelining result : Target II = 1, Final II = 1, Depth = 2, loop 'VITIS_LOOP_143_7'
INFO: [SCHED 204-11] Finished scheduling.
INFO: [HLS 200-111] Finished Scheduling: CPU user time: 0 seconds. CPU system time: 0 seconds. Elapsed time: 0.188 seconds; current allocated memory: 625.090 MB.
INFO: [BIND 205-100] Starting micro-architecture generation ...
INFO: [BIND 205-101] Performing variable lifetime analysis.
INFO: [BIND 205-101] Exploring resource sharing.
INFO: [BIND 205-101] Binding ...
INFO: [BIND 205-100] Finished micro-architecture generation.
INFO: [HLS 200-111] Finished Binding: CPU user time: 0 seconds. CPU system time: 0 seconds. Elapsed time: 0.107 seconds; current allocated memory: 625.094 MB.
INFO: [HLS 200-10] ----------------------------------------------------------------
INFO: [HLS 200-42] -- Implementing module 'feedforward' 
INFO: [HLS 200-10] ----------------------------------------------------------------
INFO: [SCHED 204-11] Starting scheduling ...
INFO: [SCHED 204-11] Finished scheduling.
INFO: [HLS 200-111] Finished Scheduling: CPU user time: 2 seconds. CPU system time: 0 seconds. Elapsed time: 1.882 seconds; current allocated memory: 644.164 MB.
INFO: [BIND 205-100] Starting micro-architecture generation ...
INFO: [BIND 205-101] Performing variable lifetime analysis.
INFO: [BIND 205-101] Exploring resource sharing.
INFO: [BIND 205-101] Binding ...
INFO: [BIND 205-100] Finished micro-architecture generation.
INFO: [HLS 200-111] Finished Binding: CPU user time: 2 seconds. CPU system time: 0 seconds. Elapsed time: 2.239 seconds; current allocated memory: 644.664 MB.
INFO: [HLS 200-10] ----------------------------------------------------------------
INFO: [HLS 200-10] -- Generating RTL for module 'sign' 
INFO: [HLS 200-10] ----------------------------------------------------------------
INFO: [RTGEN 206-100] Finished creating RTL model for 'sign'.
INFO: [HLS 200-111] Finished Creating RTL model: CPU user time: 0 seconds. CPU system time: 0 seconds. Elapsed time: 0.761 seconds; current allocated memory: 646.781 MB.
INFO: [HLS 200-10] ----------------------------------------------------------------
INFO: [HLS 200-10] -- Generating RTL for module 'quantize' 
INFO: [HLS 200-10] ----------------------------------------------------------------
INFO: [RTGEN 206-100] Finished creating RTL model for 'quantize'.
INFO: [HLS 200-111] Finished Creating RTL model: CPU user time: 0 seconds. CPU system time: 0 seconds. Elapsed time: 0.175 seconds; current allocated memory: 647.465 MB.
INFO: [HLS 200-10] ----------------------------------------------------------------
INFO: [HLS 200-10] -- Generating RTL for module 'feedforward_Pipeline_VITIS_LOOP_88_1' 
INFO: [HLS 200-10] ----------------------------------------------------------------
INFO: [HLS 200-1030] Apply Unified Pipeline Control on module 'feedforward_Pipeline_VITIS_LOOP_88_1' pipeline 'VITIS_LOOP_88_1' pipeline type 'loop pipeline'
INFO: [RTGEN 206-104] Estimated max fanout for 'feedforward_Pipeline_VITIS_LOOP_88_1' is 25088 from HDL expression: ((ap_loop_exit_ready_pp0_iter1_reg == 1'b1) & (icmp_ln88_reg_23661 == 1'd1) & (1'b0 == ap_block_pp0_stage0_subdone_grp0_done_reg) & (1'b0 == ap_block_pp0_stage0_01001_grp0) & (1'b1 == ap_CS_fsm_pp0_stage0))
INFO: [RTGEN 206-100] Finished creating RTL model for 'feedforward_Pipeline_VITIS_LOOP_88_1'.
INFO: [HLS 200-111] Finished Creating RTL model: CPU user time: 2 seconds. CPU system time: 0 seconds. Elapsed time: 3.81 seconds; current allocated memory: 684.852 MB.
INFO: [HLS 200-10] ----------------------------------------------------------------
INFO: [HLS 200-10] -- Generating RTL for module 'feedforward_Pipeline_VITIS_LOOP_46_1' 
INFO: [HLS 200-10] ----------------------------------------------------------------
INFO: [HLS 200-1030] Apply Unified Pipeline Control on module 'feedforward_Pipeline_VITIS_LOOP_46_1' pipeline 'VITIS_LOOP_46_1' pipeline type 'loop pipeline'
INFO: [RTGEN 206-100] Finished creating RTL model for 'feedforward_Pipeline_VITIS_LOOP_46_1'.
INFO: [HLS 200-111] Finished Creating RTL model: CPU user time: 3 seconds. CPU system time: 2 seconds. Elapsed time: 6.536 seconds; current allocated memory: 757.938 MB.
INFO: [HLS 200-10] ----------------------------------------------------------------
INFO: [HLS 200-10] -- Generating RTL for module 'feedforward_Pipeline_VITIS_LOOP_46_11' 
INFO: [HLS 200-10] ----------------------------------------------------------------
INFO: [HLS 200-1030] Apply Unified Pipeline Control on module 'feedforward_Pipeline_VITIS_LOOP_46_11' pipeline 'VITIS_LOOP_46_1' pipeline type 'loop pipeline'
INFO: [RTGEN 206-100] Finished creating RTL model for 'feedforward_Pipeline_VITIS_LOOP_46_11'.
INFO: [HLS 200-111] Finished Creating RTL model: CPU user time: 2 seconds. CPU system time: 2 seconds. Elapsed time: 4.238 seconds; current allocated memory: 821.965 MB.
INFO: [HLS 200-10] ----------------------------------------------------------------
INFO: [HLS 200-10] -- Generating RTL for module 'feedforward_Pipeline_VITIS_LOOP_46_12' 
INFO: [HLS 200-10] ----------------------------------------------------------------
INFO: [HLS 200-1030] Apply Unified Pipeline Control on module 'feedforward_Pipeline_VITIS_LOOP_46_12' pipeline 'VITIS_LOOP_46_1' pipeline type 'loop pipeline'
INFO: [RTGEN 206-100] Finished creating RTL model for 'feedforward_Pipeline_VITIS_LOOP_46_12'.
INFO: [HLS 200-111] Finished Creating RTL model: CPU user time: 0 seconds. CPU system time: 0 seconds. Elapsed time: 0.834 seconds; current allocated memory: 824.527 MB.
INFO: [HLS 200-10] ----------------------------------------------------------------
INFO: [HLS 200-10] -- Generating RTL for module 'feedforward_Pipeline_VITIS_LOOP_143_7' 
INFO: [HLS 200-10] ----------------------------------------------------------------
INFO: [HLS 200-1030] Apply Unified Pipeline Control on module 'feedforward_Pipeline_VITIS_LOOP_143_7' pipeline 'VITIS_LOOP_143_7' pipeline type 'loop pipeline'
INFO: [RTGEN 206-100] Finished creating RTL model for 'feedforward_Pipeline_VITIS_LOOP_143_7'.
INFO: [HLS 200-111] Finished Creating RTL model: CPU user time: 0 seconds. CPU system time: 0 seconds. Elapsed time: 0.521 seconds; current allocated memory: 829.117 MB.
INFO: [HLS 200-10] ----------------------------------------------------------------
INFO: [HLS 200-10] -- Generating RTL for module 'feedforward' 
INFO: [HLS 200-10] ----------------------------------------------------------------
WARNING: [RTGEN 206-101] Design contains AXI ports. Reset is fixed to synchronous and active low.
INFO: [RTGEN 206-500] Setting interface mode on port 'feedforward/input_stream_V_data_V' to 'axis' (register, both mode).
INFO: [RTGEN 206-500] Setting interface mode on port 'feedforward/input_stream_V_keep_V' to 'axis' (register, both mode).
INFO: [RTGEN 206-500] Setting interface mode on port 'feedforward/input_stream_V_strb_V' to 'axis' (register, both mode).
INFO: [RTGEN 206-500] Setting interface mode on port 'feedforward/input_stream_V_user_V' to 'axis' (register, both mode).
INFO: [RTGEN 206-500] Setting interface mode on port 'feedforward/input_stream_V_last_V' to 'axis' (register, both mode).
INFO: [RTGEN 206-500] Setting interface mode on port 'feedforward/input_stream_V_id_V' to 'axis' (register, both mode).
INFO: [RTGEN 206-500] Setting interface mode on port 'feedforward/input_stream_V_dest_V' to 'axis' (register, both mode).
INFO: [RTGEN 206-500] Setting interface mode on port 'feedforward/output_stream_V_data_V' to 'axis' (register, both mode).
INFO: [RTGEN 206-500] Setting interface mode on port 'feedforward/output_stream_V_keep_V' to 'axis' (register, both mode).
INFO: [RTGEN 206-500] Setting interface mode on port 'feedforward/output_stream_V_strb_V' to 'axis' (register, both mode).
INFO: [RTGEN 206-500] Setting interface mode on port 'feedforward/output_stream_V_user_V' to 'axis' (register, both mode).
INFO: [RTGEN 206-500] Setting interface mode on port 'feedforward/output_stream_V_last_V' to 'axis' (register, both mode).
INFO: [RTGEN 206-500] Setting interface mode on port 'feedforward/output_stream_V_id_V' to 'axis' (register, both mode).
INFO: [RTGEN 206-500] Setting interface mode on port 'feedforward/output_stream_V_dest_V' to 'axis' (register, both mode).
INFO: [RTGEN 206-500] Setting interface mode on function 'feedforward' to 's_axilite & ap_ctrl_hs'.
INFO: [RTGEN 206-100] Bundling port 'return' to AXI-Lite port control.
INFO: [RTGEN 206-104] Estimated max fanout for 'feedforward' is 6158 from HDL expression: (1'b1 == ap_CS_fsm_state70)
INFO: [RTGEN 206-100] Finished creating RTL model for 'feedforward'.
INFO: [RTMG 210-278] Implementing memory 'feedforward_layer1_activations_RAM_AUTO_1R1W' using auto RAMs.
INFO: [RTMG 210-278] Implementing memory 'feedforward_layer2_activations_RAM_AUTO_1R1W' using auto RAMs.
INFO: [RTMG 210-278] Implementing memory 'feedforward_layer3_activations_RAM_AUTO_1R1W' using auto RAMs.
INFO: [HLS 200-111] Finished Creating RTL model: CPU user time: 1 seconds. CPU system time: 0 seconds. Elapsed time: 2.058 seconds; current allocated memory: 852.492 MB.
INFO: [HLS 200-111] Finished Generating all RTL models: CPU user time: 1 seconds. CPU system time: 1 seconds. Elapsed time: 4.393 seconds; current allocated memory: 908.410 MB.
INFO: [HLS 200-111] Finished Updating report files: CPU user time: 1 seconds. CPU system time: 0 seconds. Elapsed time: 1.778 seconds; current allocated memory: 926.105 MB.
INFO: [VHDL 208-304] Generating VHDL RTL for feedforward.
INFO: [VLOG 209-307] Generating Verilog RTL for feedforward.
INFO: [HLS 200-790] **** Loop Constraint Status: All loop constraints were satisfied.
INFO: [HLS 200-789] **** Estimated Fmax: 143.02 MHz
INFO: [HLS 200-112] Total CPU user time: 73 seconds. Total CPU system time: 6 seconds. Total elapsed time: 333.943 seconds; peak allocated memory: 926.184 MB.
INFO: [v++ 60-791] Total elapsed time: 0h 5m 38s
