06/11/25 23:52:06: Running xcd server. This server was built by gradle.
06/11/25 23:52:06: Server was asked to start on port: '57973'
06/11/25 23:52:06: Server is using token UUID: 'ca5f692a-86c2-40e5-a9e6-1a0b92b7ca6e'
06/11/25 23:52:06: SESSION_MGR: creating session with session uuid: '6d04a3e9-ade5-4ab9-8d63-1f78fcd2ec76' and name 'default'
06/11/25 23:52:06: Attempting to start server on port '57973'
06/11/25 23:52:06: Running Dispatch Server
06/11/25 23:52:06: Version 2.2.0
06/11/25 23:52:08: Dispatch Server: Accepted socket connection from client
06/11/25 23:52:08: Starting Socket connection
06/11/25 23:52:08: EXCHANGE_TOKEN received, server token: ca5f692a-86c2-40e5-a9e6-1a0b92b7ca6e, passed token: ca5f692a-86c2-40e5-a9e6-1a0b92b7ca6e
06/11/25 23:52:08: DISPATCH_HANDLER: Adding handler from function makeHandler in library xv_system_diagram
06/11/25 23:52:08: SESSION_MGR: creating session with session uuid: 'eaad797a-d25d-47a2-b6ed-102e425e2f5c' and name 'v++_compile_bnn_hls'
06/11/25 23:52:08: KERNEL_SVC: creating session with uuid: 'eaad797a-d25d-47a2-b6ed-102e425e2f5c' and name 'v++_compile_bnn_hls'
06/11/25 23:52:08: GUIDANCE_SMGR: creating guidance session with uuid: 'eaad797a-d25d-47a2-b6ed-102e425e2f5c' and name 'v++_compile_bnn_hls'
06/11/25 23:52:08: SYSTEM_DIAGRAM: creating session with uuid: 'eaad797a-d25d-47a2-b6ed-102e425e2f5c' and name 'v++_compile_bnn_hls'
06/11/25 23:52:13: Dispatch Server: Accepted socket connection from client
06/11/25 23:52:13: Starting Socket connection
06/11/25 23:52:53: SESSION_MGR: closing session for UUID 'eaad797a-d25d-47a2-b6ed-102e425e2f5c' with name 'v++_compile_bnn_hls'
06/11/25 23:52:53: KERNEL_SVC: closing session for UUID 'eaad797a-d25d-47a2-b6ed-102e425e2f5c' with name 'v++_compile_bnn_hls'
06/11/25 23:52:53: GUIDANCE_SMGR: closing session for UUID 'eaad797a-d25d-47a2-b6ed-102e425e2f5c' with name 'v++_compile_bnn_hls'
06/11/25 23:52:53: SYSTEM_DIAGRAM: closing session for UUID 'eaad797a-d25d-47a2-b6ed-102e425e2f5c' with name 'v++_compile_bnn_hls'
06/11/25 23:52:53: STOP_SERVER received, server token: ca5f692a-86c2-40e5-a9e6-1a0b92b7ca6e, passed token: ca5f692a-86c2-40e5-a9e6-1a0b92b7ca6e
06/11/25 23:52:53: Socket received request to stop server.
06/11/25 23:52:53: Dispatch Server: do_await_stop
06/11/25 23:52:53: SERVER: destructor for server bound to port 57973
