D:\ecen529\finalProject\vitis\bnn_hls\bnn_hls\hls\.autopilot\db\bnn.pp.0.cpp:2388:5: warning: Added loop label VITIS_LOOP_676_1:   [xilinx-label-all-loops]
    for (unsigned i = low; i != high+1; ++i) {
    ^~~
    VITIS_LOOP_676_1: 
D:\ecen529\finalProject\vitis\bnn_hls\bnn_hls\hls\.autopilot\db\bnn.pp.0.cpp:2388:5: note: FIX-IT applied suggested code changes
D:\ecen529\finalProject\vitis\bnn_hls\bnn_hls\hls\.autopilot\db\bnn.pp.0.cpp:2402:5: warning: Added loop label VITIS_LOOP_690_1:   [xilinx-label-all-loops]
    for (unsigned i = low; i != high+1; ++i) {
    ^~~
    VITIS_LOOP_690_1: 
D:\ecen529\finalProject\vitis\bnn_hls\bnn_hls\hls\.autopilot\db\bnn.pp.0.cpp:2402:5: note: FIX-IT applied suggested code changes
D:\ecen529\finalProject\vitis\bnn_hls\bnn_hls\hls\.autopilot\db\bnn.pp.0.cpp:2416:5: warning: Added loop label VITIS_LOOP_704_1:   [xilinx-label-all-loops]
    for (unsigned i = low; i != high+1; ++i) {
    ^~~
    VITIS_LOOP_704_1: 
D:\ecen529\finalProject\vitis\bnn_hls\bnn_hls\hls\.autopilot\db\bnn.pp.0.cpp:2416:5: note: FIX-IT applied suggested code changes
D:\ecen529\finalProject\vitis\bnn_hls\bnn_hls\hls\.autopilot\db\bnn.pp.0.cpp:4050:7: warning: Added loop label VITIS_LOOP_1248_1:   [xilinx-label-all-loops]
      for (i = 0; i < __N - 1; ++i) {
      ^~~
      VITIS_LOOP_1248_1: 
D:\ecen529\finalProject\vitis\bnn_hls\bnn_hls\hls\.autopilot\db\bnn.pp.0.cpp:4050:7: note: FIX-IT applied suggested code changes
D:\ecen529\finalProject\vitis\bnn_hls\bnn_hls\hls\.autopilot\db\bnn.pp.0.cpp:31793:5: warning: Added loop label VITIS_LOOP_46_1:   [xilinx-label-all-loops]
    for (int x = 0; x < rowsB; x++) {
    ^~~
    VITIS_LOOP_46_1: 
D:\ecen529\finalProject\vitis\bnn_hls\bnn_hls\hls\.autopilot\db\bnn.pp.0.cpp:31793:5: note: FIX-IT applied suggested code changes
D:\ecen529\finalProject\vitis\bnn_hls\bnn_hls\hls\.autopilot\db\bnn.pp.0.cpp:31796:9: warning: Added loop label VITIS_LOOP_49_2:   [xilinx-label-all-loops]
        for (int y = 0; y < colsB; y++) {
        ^~~
        VITIS_LOOP_49_2: 
D:\ecen529\finalProject\vitis\bnn_hls\bnn_hls\hls\.autopilot\db\bnn.pp.0.cpp:31796:9: note: FIX-IT applied suggested code changes
D:\ecen529\finalProject\vitis\bnn_hls\bnn_hls\hls\.autopilot\db\bnn.pp.0.cpp:31839:2: warning: Added loop label VITIS_LOOP_88_1:   [xilinx-label-all-loops]
 for (int i = 0; i < 28*28; ++i)
 ^~~
 VITIS_LOOP_88_1: 
D:\ecen529\finalProject\vitis\bnn_hls\bnn_hls\hls\.autopilot\db\bnn.pp.0.cpp:31839:2: note: FIX-IT applied suggested code changes
D:\ecen529\finalProject\vitis\bnn_hls\bnn_hls\hls\.autopilot\db\bnn.pp.0.cpp:31850:5: warning: Added loop label VITIS_LOOP_99_2:   [xilinx-label-all-loops]
    for (int i = 0; i < rowsW1; ++i)
    ^~~
    VITIS_LOOP_99_2: 
D:\ecen529\finalProject\vitis\bnn_hls\bnn_hls\hls\.autopilot\db\bnn.pp.0.cpp:31850:5: note: FIX-IT applied suggested code changes
D:\ecen529\finalProject\vitis\bnn_hls\bnn_hls\hls\.autopilot\db\bnn.pp.0.cpp:31857:5: warning: Added loop label VITIS_LOOP_106_3:   [xilinx-label-all-loops]
    for (int i = 0; i < rowsW1; ++i)
    ^~~
    VITIS_LOOP_106_3: 
D:\ecen529\finalProject\vitis\bnn_hls\bnn_hls\hls\.autopilot\db\bnn.pp.0.cpp:31857:5: note: FIX-IT applied suggested code changes
D:\ecen529\finalProject\vitis\bnn_hls\bnn_hls\hls\.autopilot\db\bnn.pp.0.cpp:31868:5: warning: Added loop label VITIS_LOOP_117_4:   [xilinx-label-all-loops]
    for (int i = 0; i < rowsW2; ++i)
    ^~~
    VITIS_LOOP_117_4: 
D:\ecen529\finalProject\vitis\bnn_hls\bnn_hls\hls\.autopilot\db\bnn.pp.0.cpp:31868:5: note: FIX-IT applied suggested code changes
D:\ecen529\finalProject\vitis\bnn_hls\bnn_hls\hls\.autopilot\db\bnn.pp.0.cpp:31875:5: warning: Added loop label VITIS_LOOP_124_5:   [xilinx-label-all-loops]
    for (int i = 0; i < rowsW2; ++i)
    ^~~
    VITIS_LOOP_124_5: 
D:\ecen529\finalProject\vitis\bnn_hls\bnn_hls\hls\.autopilot\db\bnn.pp.0.cpp:31875:5: note: FIX-IT applied suggested code changes
D:\ecen529\finalProject\vitis\bnn_hls\bnn_hls\hls\.autopilot\db\bnn.pp.0.cpp:31885:5: warning: Added loop label VITIS_LOOP_134_6:   [xilinx-label-all-loops]
    for (int i = 0; i < rowsW3; ++i)
    ^~~
    VITIS_LOOP_134_6: 
D:\ecen529\finalProject\vitis\bnn_hls\bnn_hls\hls\.autopilot\db\bnn.pp.0.cpp:31885:5: note: FIX-IT applied suggested code changes
D:\ecen529\finalProject\vitis\bnn_hls\bnn_hls\hls\.autopilot\db\bnn.pp.0.cpp:31894:5: warning: Added loop label VITIS_LOOP_143_7:   [xilinx-label-all-loops]
    for (int i = 0; i < rowsW3; ++i)
    ^~~
    VITIS_LOOP_143_7: 
D:\ecen529\finalProject\vitis\bnn_hls\bnn_hls\hls\.autopilot\db\bnn.pp.0.cpp:31894:5: note: FIX-IT applied suggested code changes
