

================================================================
== Vitis HLS Report for 'feedforward_Pipeline_VITIS_LOOP_139_6'
================================================================
* Date:           Fri Jun 13 14:38:43 2025

* Version:        2024.2 (Build 5238294 on Nov  8 2024)
* Project:        bnn_hls
* Solution:       hls (Vivado IP Flow Target)
* Product family: zynq
* Target device:  xc7z020-clg400-1


================================================================
== Performance Estimates
================================================================
+ Timing: 
    * Summary: 
    +--------+----------+----------+------------+
    |  Clock |  Target  | Estimated| Uncertainty|
    +--------+----------+----------+------------+
    |ap_clk  |  10.00 ns|  5.806 ns|     2.70 ns|
    +--------+----------+----------+------------+

+ Latency: 
    * Summary: 
    +---------+---------+----------+----------+-----+-----+------------------------------------------------+
    |  Latency (cycles) |  Latency (absolute) |  Interval |                    Pipeline                    |
    |   min   |   max   |    min   |    max   | min | max |                      Type                      |
    +---------+---------+----------+----------+-----+-----+------------------------------------------------+
    |       67|       67|  0.670 us|  0.670 us|   65|   65|  loop auto-rewind stp (delay=0 clock cycles(s))|
    +---------+---------+----------+----------+-----+-----+------------------------------------------------+

    + Detail: 
        * Instance: 
        N/A

        * Loop: 
        +--------------------+---------+---------+----------+-----------+-----------+------+----------+
        |                    |  Latency (cycles) | Iteration|  Initiation Interval  | Trip |          |
        |      Loop Name     |   min   |   max   |  Latency |  achieved |   target  | Count| Pipelined|
        +--------------------+---------+---------+----------+-----------+-----------+------+----------+
        |- VITIS_LOOP_139_6  |       65|       65|         3|          1|          1|    64|       yes|
        +--------------------+---------+---------+----------+-----------+-----------+------+----------+

============================================================
+ Verbose Summary: Synthesis Manager
============================================================
InlineROM: 1
ExposeGlobal: 0
============================================================
+ Verbose Summary: CDFG Model
============================================================
IsTopModel: 0
ResetActiveHigh: 1
IsCombinational: 0
IsDatapathOnly: 0
HasWiredReturn: 1
HasMFsm: 2
HasVarLatency: 1
IsPipeline: 0
IsRtlPipelined: 0
IsInstanceOverlapped: 0
IsDontTouch: 0
HasImplIP: 0
IsGatedGlobalClock: 0

+ Individual pipeline summary: 
  * Pipeline-0: initiation interval (II) = 1, depth = 3


============================================================
+ Verbose Summary: Schedule
============================================================
* Number of FSM states : 3
* Pipeline : 1
  Pipeline-0 : II = 1, D = 3, States = { 1 2 3 }
* Dataflow Pipeline: 0

* FSM state transitions: 
1 --> 2 
2 --> 3 
3 --> 

* FSM state operations: 

State 1 <SV = 0> <Delay = 5.04>
ST_1 : Operation 6 [1/1] (0.00ns)   --->   "%i = alloca i32 1" [bnn.cpp:139]   --->   Operation 6 'alloca' 'i' <Predicate = true> <Delay = 0.00>
ST_1 : Operation 7 [1/1] (1.58ns)   --->   "%store_ln139 = store i7 0, i7 %i" [bnn.cpp:139]   --->   Operation 7 'store' 'store_ln139' <Predicate = true> <Delay = 1.58>
ST_1 : Operation 8 [1/1] (0.00ns)   --->   "%br_ln0 = br void %for.body71"   --->   Operation 8 'br' 'br_ln0' <Predicate = true> <Delay = 0.00>
ST_1 : Operation 9 [1/1] (0.00ns)   --->   "%i_3 = load i7 %i" [bnn.cpp:139]   --->   Operation 9 'load' 'i_3' <Predicate = true> <Delay = 0.00>
ST_1 : Operation 10 [1/1] (1.87ns)   --->   "%icmp_ln139 = icmp_eq  i7 %i_3, i7 64" [bnn.cpp:139]   --->   Operation 10 'icmp' 'icmp_ln139' <Predicate = true> <Delay = 1.87> <CoreInst = "Cmp">   --->   Core 9 'Cmp' <Latency = 0> <II = 1> <Delay = 1.87> <FuncUnit> <Opcode : 'seteq' 'setne' 'setle' 'setge' 'setlt' 'setgt'> <InPorts = 2> <OutPorts = 1>
ST_1 : Operation 11 [1/1] (1.87ns)   --->   "%add_ln139 = add i7 %i_3, i7 1" [bnn.cpp:139]   --->   Operation 11 'add' 'add_ln139' <Predicate = true> <Delay = 1.87> <CoreInst = "Adder">   --->   Core 1 'Adder' <Latency = 0> <II = 1> <Delay = 1.87> <FuncUnit> <Opcode : 'add' 'sub'> <InPorts = 2> <OutPorts = 1>
ST_1 : Operation 12 [1/1] (0.00ns)   --->   "%br_ln139 = br i1 %icmp_ln139, void %for.body71.split, void %for.body86.preheader.exitStub" [bnn.cpp:139]   --->   Operation 12 'br' 'br_ln139' <Predicate = true> <Delay = 0.00>
ST_1 : Operation 13 [1/1] (0.00ns)   --->   "%zext_ln139 = zext i7 %i_3" [bnn.cpp:139]   --->   Operation 13 'zext' 'zext_ln139' <Predicate = (!icmp_ln139)> <Delay = 0.00>
ST_1 : Operation 14 [1/1] (0.00ns)   --->   "%layer3_activations_addr = getelementptr i32 %layer3_activations, i64 0, i64 %zext_ln139" [bnn.cpp:142]   --->   Operation 14 'getelementptr' 'layer3_activations_addr' <Predicate = (!icmp_ln139)> <Delay = 0.00>
ST_1 : Operation 15 [2/2] (3.25ns)   --->   "%layer3_activations_load = load i6 %layer3_activations_addr" [bnn.cpp:142]   --->   Operation 15 'load' 'layer3_activations_load' <Predicate = (!icmp_ln139)> <Delay = 3.25> <CoreInst = "RAM">   --->   Core 81 'RAM' <Latency = 1> <II = 1> <Delay = 3.25> <Storage> <Opcode : 'load' 'store'> <Ports = 2> <Width = 32> <Depth = 64> <RAM>
ST_1 : Operation 16 [1/1] (1.58ns)   --->   "%store_ln139 = store i7 %add_ln139, i7 %i" [bnn.cpp:139]   --->   Operation 16 'store' 'store_ln139' <Predicate = (!icmp_ln139)> <Delay = 1.58>

State 2 <SV = 1> <Delay = 3.25>
ST_2 : Operation 17 [1/2] ( I:3.25ns O:3.25ns )   --->   "%layer3_activations_load = load i6 %layer3_activations_addr" [bnn.cpp:142]   --->   Operation 17 'load' 'layer3_activations_load' <Predicate = true> <Delay = 3.25> <CoreInst = "RAM">   --->   Core 81 'RAM' <Latency = 1> <II = 1> <Delay = 3.25> <Storage> <Opcode : 'load' 'store'> <Ports = 2> <Width = 32> <Depth = 64> <RAM>
ST_2 : Operation 25 [1/1] (1.58ns)   --->   "%ret_ln0 = ret"   --->   Operation 25 'ret' 'ret_ln0' <Predicate = (icmp_ln139)> <Delay = 1.58>

State 3 <SV = 2> <Delay = 5.80>
ST_3 : Operation 18 [1/1] (0.00ns)   --->   "%specpipeline_ln141 = specpipeline void @_ssdm_op_SpecPipeline, i32 4294967295, i32 0, i32 0, i32 0, void @empty_1" [bnn.cpp:141]   --->   Operation 18 'specpipeline' 'specpipeline_ln141' <Predicate = true> <Delay = 0.00>
ST_3 : Operation 19 [1/1] (0.00ns)   --->   "%speclooptripcount_ln139 = speclooptripcount void @_ssdm_op_SpecLoopTripCount, i64 64, i64 64, i64 64" [bnn.cpp:139]   --->   Operation 19 'speclooptripcount' 'speclooptripcount_ln139' <Predicate = true> <Delay = 0.00>
ST_3 : Operation 20 [1/1] (0.00ns)   --->   "%specloopname_ln139 = specloopname void @_ssdm_op_SpecLoopName, void @empty_8" [bnn.cpp:139]   --->   Operation 20 'specloopname' 'specloopname_ln139' <Predicate = true> <Delay = 0.00>
ST_3 : Operation 21 [1/1] (0.00ns) (grouped into LUT with out node add_ln142)   --->   "%shl_ln142 = shl i32 %layer3_activations_load, i32 1" [bnn.cpp:142]   --->   Operation 21 'shl' 'shl_ln142' <Predicate = true> <Delay = 0.00>
ST_3 : Operation 22 [1/1] (2.55ns) (out node of the LUT)   --->   "%add_ln142 = add i32 %shl_ln142, i32 4294934528" [bnn.cpp:142]   --->   Operation 22 'add' 'add_ln142' <Predicate = true> <Delay = 2.55> <CoreInst = "Adder">   --->   Core 1 'Adder' <Latency = 0> <II = 1> <Delay = 2.55> <FuncUnit> <Opcode : 'add' 'sub'> <InPorts = 2> <OutPorts = 1>
ST_3 : Operation 23 [1/1] ( I:3.25ns O:3.25ns )   --->   "%store_ln142 = store i32 %add_ln142, i6 %layer3_activations_addr" [bnn.cpp:142]   --->   Operation 23 'store' 'store_ln142' <Predicate = true> <Delay = 3.25> <CoreInst = "RAM">   --->   Core 81 'RAM' <Latency = 1> <II = 1> <Delay = 3.25> <Storage> <Opcode : 'load' 'store'> <Ports = 2> <Width = 32> <Depth = 64> <RAM>
ST_3 : Operation 24 [1/1] (0.00ns)   --->   "%br_ln139 = br void %for.body71" [bnn.cpp:139]   --->   Operation 24 'br' 'br_ln139' <Predicate = true> <Delay = 0.00>


============================================================
+ Verbose Summary: Timing violations
============================================================
Target clock period: 10.000ns, clock uncertainty: 2.700ns.

 <State 1>: 5.046ns
The critical path consists of the following:
	'store' operation 0 bit ('store_ln139', bnn.cpp:139) of constant 0 on local variable 'i', bnn.cpp:139 [3]  (1.588 ns)
	'load' operation 7 bit ('i', bnn.cpp:139) on local variable 'i', bnn.cpp:139 [6]  (0.000 ns)
	'icmp' operation 1 bit ('icmp_ln139', bnn.cpp:139) [7]  (1.870 ns)
	'store' operation 0 bit ('store_ln139', bnn.cpp:139) of variable 'add_ln139', bnn.cpp:139 on local variable 'i', bnn.cpp:139 [20]  (1.588 ns)

 <State 2>: 3.254ns
The critical path consists of the following:
	'load' operation 32 bit ('layer3_activations_load', bnn.cpp:142) on array 'layer3_activations' [16]  (3.254 ns)

 <State 3>: 5.806ns
The critical path consists of the following:
	'shl' operation 32 bit ('shl_ln142', bnn.cpp:142) [17]  (0.000 ns)
	'add' operation 32 bit ('add_ln142', bnn.cpp:142) [18]  (2.552 ns)
	'store' operation 0 bit ('store_ln142', bnn.cpp:142) of variable 'add_ln142', bnn.cpp:142 on array 'layer3_activations' [19]  (3.254 ns)


============================================================
+ Verbose Summary: Binding
============================================================
N/A
* FSMD analyzer results:
  - Output states:
 - Input state : 
  - Chain level:
	State 1
	State 2
	State 3


============================================================
+ Verbose Summary: Datapath Resource usage 
============================================================
N/A
