

================================================================
== Vitis HLS Report for 'feedforward_Pipeline_VITIS_LOOP_143_7'
================================================================
* Date:           Sat Jun 14 08:40:15 2025

* Version:        2024.2 (Build 5238294 on Nov  8 2024)
* Project:        bnn_hls
* Solution:       hls (Vivado IP Flow Target)
* Product family: zynq
* Target device:  xc7z020-clg400-1


================================================================
== Performance Estimates
================================================================
+ Timing: 
    * Summary: 
    +--------+----------+----------+------------+
    |  Clock |  Target  | Estimated| Uncertainty|
    +--------+----------+----------+------------+
    |ap_clk  |  10.00 ns|  4.911 ns|     2.70 ns|
    +--------+----------+----------+------------+

+ Latency: 
    * Summary: 
    +---------+---------+----------+----------+-----+-----+------------------------------------------------+
    |  Latency (cycles) |  Latency (absolute) |  Interval |                    Pipeline                    |
    |   min   |   max   |    min   |    max   | min | max |                      Type                      |
    +---------+---------+----------+----------+-----+-----+------------------------------------------------+
    |       12|       12|  0.120 us|  0.120 us|   11|   11|  loop auto-rewind stp (delay=0 clock cycles(s))|
    +---------+---------+----------+----------+-----+-----+------------------------------------------------+

    + Detail: 
        * Instance: 
        N/A

        * Loop: 
        +--------------------+---------+---------+----------+-----------+-----------+------+----------+
        |                    |  Latency (cycles) | Iteration|  Initiation Interval  | Trip |          |
        |      Loop Name     |   min   |   max   |  Latency |  achieved |   target  | Count| Pipelined|
        +--------------------+---------+---------+----------+-----------+-----------+------+----------+
        |- VITIS_LOOP_143_7  |       10|       10|         2|          1|          1|    10|       yes|
        +--------------------+---------+---------+----------+-----------+-----------+------+----------+

============================================================
+ Verbose Summary: Synthesis Manager
============================================================
InlineROM: 1
ExposeGlobal: 0
============================================================
+ Verbose Summary: CDFG Model
============================================================
IsTopModel: 0
ResetActiveHigh: 1
IsCombinational: 0
IsDatapathOnly: 0
HasWiredReturn: 1
HasMFsm: 2
HasVarLatency: 1
IsPipeline: 0
IsRtlPipelined: 0
IsInstanceOverlapped: 0
IsDontTouch: 0
HasImplIP: 0
IsGatedGlobalClock: 0

+ Individual pipeline summary: 
  * Pipeline-0: initiation interval (II) = 1, depth = 2


============================================================
+ Verbose Summary: Schedule
============================================================
* Number of FSM states : 2
* Pipeline : 1
  Pipeline-0 : II = 1, D = 2, States = { 1 2 }
* Dataflow Pipeline: 0

* FSM state transitions: 
1 --> 2 
2 --> 

* FSM state operations: 

State 1 <SV = 0> <Delay = 4.91>
ST_1 : Operation 5 [1/1] (0.00ns)   --->   "%i = alloca i32 1" [bnn.cpp:143]   --->   Operation 5 'alloca' 'i' <Predicate = true> <Delay = 0.00>
ST_1 : Operation 6 [1/1] (0.00ns)   --->   "%specaxissidechannel_ln0 = specaxissidechannel void @_ssdm_op_SpecAXISSideChannel, i32 %output_stream_V_data_V, i4 %output_stream_V_keep_V, i4 %output_stream_V_strb_V, i2 %output_stream_V_user_V, i1 %output_stream_V_last_V, i5 %output_stream_V_id_V, i8 %output_stream_V_dest_V, void @empty_4"   --->   Operation 6 'specaxissidechannel' 'specaxissidechannel_ln0' <Predicate = true> <Delay = 0.00>
ST_1 : Operation 7 [1/1] (0.00ns)   --->   "%specinterface_ln0 = specinterface void @_ssdm_op_SpecInterface, i8 %output_stream_V_dest_V, i5 %output_stream_V_id_V, i1 %output_stream_V_last_V, i2 %output_stream_V_user_V, i4 %output_stream_V_strb_V, i4 %output_stream_V_keep_V, i32 %output_stream_V_data_V, void @empty, i32 0, i32 0, void @empty_0, i32 0, i32 0, void @empty_1, void @empty_1, void @empty_1, i32 0, i32 0, i32 0, i32 0, void @empty_1, void @empty_1, i32 4294967295, i32 0, i32 0"   --->   Operation 7 'specinterface' 'specinterface_ln0' <Predicate = true> <Delay = 0.00>
ST_1 : Operation 8 [1/1] (1.58ns)   --->   "%store_ln143 = store i4 0, i4 %i" [bnn.cpp:143]   --->   Operation 8 'store' 'store_ln143' <Predicate = true> <Delay = 1.58>
ST_1 : Operation 9 [1/1] (0.00ns)   --->   "%br_ln143 = br void %for.inc90" [bnn.cpp:143]   --->   Operation 9 'br' 'br_ln143' <Predicate = true> <Delay = 0.00>
ST_1 : Operation 10 [1/1] (0.00ns)   --->   "%i_3 = load i4 %i" [bnn.cpp:143]   --->   Operation 10 'load' 'i_3' <Predicate = true> <Delay = 0.00>
ST_1 : Operation 11 [1/1] (1.73ns)   --->   "%icmp_ln143 = icmp_eq  i4 %i_3, i4 10" [bnn.cpp:143]   --->   Operation 11 'icmp' 'icmp_ln143' <Predicate = true> <Delay = 1.73> <CoreInst = "Cmp">   --->   Core 9 'Cmp' <Latency = 0> <II = 1> <Delay = 1.73> <FuncUnit> <Opcode : 'seteq' 'setne' 'setle' 'setge' 'setlt' 'setgt'> <InPorts = 2> <OutPorts = 1>
ST_1 : Operation 12 [1/1] (1.73ns)   --->   "%add_ln143 = add i4 %i_3, i4 1" [bnn.cpp:143]   --->   Operation 12 'add' 'add_ln143' <Predicate = true> <Delay = 1.73> <CoreInst = "Adder">   --->   Core 1 'Adder' <Latency = 0> <II = 1> <Delay = 1.73> <FuncUnit> <Opcode : 'add' 'sub'> <InPorts = 2> <OutPorts = 1>
ST_1 : Operation 13 [1/1] (0.00ns)   --->   "%br_ln143 = br i1 %icmp_ln143, void %for.inc90.split, void %for.end92.exitStub" [bnn.cpp:143]   --->   Operation 13 'br' 'br_ln143' <Predicate = true> <Delay = 0.00>
ST_1 : Operation 14 [1/1] (0.00ns)   --->   "%zext_ln143 = zext i4 %i_3" [bnn.cpp:143]   --->   Operation 14 'zext' 'zext_ln143' <Predicate = (!icmp_ln143)> <Delay = 0.00>
ST_1 : Operation 15 [1/1] (0.00ns)   --->   "%layer3_activations_addr = getelementptr i32 %layer3_activations, i64 0, i64 %zext_ln143" [bnn.cpp:147]   --->   Operation 15 'getelementptr' 'layer3_activations_addr' <Predicate = (!icmp_ln143)> <Delay = 0.00>
ST_1 : Operation 16 [2/2] (2.32ns)   --->   "%temp_data = load i4 %layer3_activations_addr" [bnn.cpp:147]   --->   Operation 16 'load' 'temp_data' <Predicate = (!icmp_ln143)> <Delay = 2.32> <CoreInst = "RAM">   --->   Core 81 'RAM' <Latency = 1> <II = 1> <Delay = 2.32> <Storage> <Opcode : 'load' 'store'> <Ports = 2> <Width = 32> <Depth = 10> <RAM>
ST_1 : Operation 17 [1/1] (1.73ns)   --->   "%temp_last = icmp_eq  i4 %i_3, i4 9" [bnn.cpp:150]   --->   Operation 17 'icmp' 'temp_last' <Predicate = (!icmp_ln143)> <Delay = 1.73> <CoreInst = "Cmp">   --->   Core 9 'Cmp' <Latency = 0> <II = 1> <Delay = 1.73> <FuncUnit> <Opcode : 'seteq' 'setne' 'setle' 'setge' 'setlt' 'setgt'> <InPorts = 2> <OutPorts = 1>
ST_1 : Operation 18 [1/1] (1.58ns)   --->   "%store_ln143 = store i4 %add_ln143, i4 %i" [bnn.cpp:143]   --->   Operation 18 'store' 'store_ln143' <Predicate = (!icmp_ln143)> <Delay = 1.58>
ST_1 : Operation 25 [1/1] (1.58ns)   --->   "%ret_ln0 = ret"   --->   Operation 25 'ret' 'ret_ln0' <Predicate = (icmp_ln143)> <Delay = 1.58>

State 2 <SV = 1> <Delay = 3.61>
ST_2 : Operation 19 [1/1] (0.00ns)   --->   "%specpipeline_ln145 = specpipeline void @_ssdm_op_SpecPipeline, i32 4294967295, i32 0, i32 0, i32 0, void @empty_1" [bnn.cpp:145]   --->   Operation 19 'specpipeline' 'specpipeline_ln145' <Predicate = true> <Delay = 0.00>
ST_2 : Operation 20 [1/1] (0.00ns)   --->   "%speclooptripcount_ln143 = speclooptripcount void @_ssdm_op_SpecLoopTripCount, i64 10, i64 10, i64 10" [bnn.cpp:143]   --->   Operation 20 'speclooptripcount' 'speclooptripcount_ln143' <Predicate = true> <Delay = 0.00>
ST_2 : Operation 21 [1/1] (0.00ns)   --->   "%specloopname_ln143 = specloopname void @_ssdm_op_SpecLoopName, void @empty_7" [bnn.cpp:143]   --->   Operation 21 'specloopname' 'specloopname_ln143' <Predicate = true> <Delay = 0.00>
ST_2 : Operation 22 [1/2] ( I:2.32ns O:2.32ns )   --->   "%temp_data = load i4 %layer3_activations_addr" [bnn.cpp:147]   --->   Operation 22 'load' 'temp_data' <Predicate = true> <Delay = 2.32> <CoreInst = "RAM">   --->   Core 81 'RAM' <Latency = 1> <II = 1> <Delay = 2.32> <Storage> <Opcode : 'load' 'store'> <Ports = 2> <Width = 32> <Depth = 10> <RAM>
ST_2 : Operation 23 [1/1] (1.29ns)   --->   "%write_ln151 = write void @_ssdm_op_Write.axis.volatile.i32P0A.i4P0A.i4P0A.i2P0A.i1P0A.i5P0A.i8P0A, i32 %output_stream_V_data_V, i4 %output_stream_V_keep_V, i4 %output_stream_V_strb_V, i2 %output_stream_V_user_V, i1 %output_stream_V_last_V, i5 %output_stream_V_id_V, i8 %output_stream_V_dest_V, i32 %temp_data, i4 15, i4 15, i2 0, i1 %temp_last, i5 0, i8 0" [bnn.cpp:151]   --->   Operation 23 'write' 'write_ln151' <Predicate = true> <Delay = 1.29> <CoreInst = "regslice">   --->   Core 135 'regslice' <Latency = 0> <II = 1> <Delay = 1.86> <Adapter> <Opcode : 'read' 'write'>
ST_2 : Operation 24 [1/1] (0.00ns)   --->   "%br_ln143 = br void %for.inc90" [bnn.cpp:143]   --->   Operation 24 'br' 'br_ln143' <Predicate = true> <Delay = 0.00>


============================================================
+ Verbose Summary: Timing violations
============================================================
Target clock period: 10.000ns, clock uncertainty: 2.700ns.

 <State 1>: 4.911ns
The critical path consists of the following:
	'store' operation 0 bit ('store_ln143', bnn.cpp:143) of constant 0 on local variable 'i', bnn.cpp:143 [12]  (1.588 ns)
	'load' operation 4 bit ('i', bnn.cpp:143) on local variable 'i', bnn.cpp:143 [15]  (0.000 ns)
	'icmp' operation 1 bit ('icmp_ln143', bnn.cpp:143) [16]  (1.735 ns)
	'store' operation 0 bit ('store_ln143', bnn.cpp:143) of variable 'add_ln143', bnn.cpp:143 on local variable 'i', bnn.cpp:143 [28]  (1.588 ns)

 <State 2>: 3.612ns
The critical path consists of the following:
	'load' operation 32 bit ('temp.data', bnn.cpp:147) on array 'layer3_activations' [25]  (2.322 ns)
	axis write operation ('write_ln151', bnn.cpp:151) on port 'output_stream_V_data_V' (bnn.cpp:151) [27]  (1.290 ns)


============================================================
+ Verbose Summary: Binding
============================================================
N/A
* FSMD analyzer results:
  - Output states:
 - Input state : 
  - Chain level:
	State 1
	State 2


============================================================
+ Verbose Summary: Datapath Resource usage 
============================================================
N/A
