

================================================================
== Vitis HLS Report for 'feedforward_Pipeline_VITIS_LOOP_110_3'
================================================================
* Date:           Fri Jun 13 14:38:40 2025

* Version:        2024.2 (Build 5238294 on Nov  8 2024)
* Project:        bnn_hls
* Solution:       hls (Vivado IP Flow Target)
* Product family: zynq
* Target device:  xc7z020-clg400-1


================================================================
== Performance Estimates
================================================================
+ Timing: 
    * Summary: 
    +--------+----------+----------+------------+
    |  Clock |  Target  | Estimated| Uncertainty|
    +--------+----------+----------+------------+
    |ap_clk  |  10.00 ns|  7.191 ns|     2.70 ns|
    +--------+----------+----------+------------+

+ Latency: 
    * Summary: 
    +---------+---------+----------+----------+-----+-----+------------------------------------------------+
    |  Latency (cycles) |  Latency (absolute) |  Interval |                    Pipeline                    |
    |   min   |   max   |    min   |    max   | min | max |                      Type                      |
    +---------+---------+----------+----------+-----+-----+------------------------------------------------+
    |      786|      786|  7.860 us|  7.860 us|  785|  785|  loop auto-rewind stp (delay=0 clock cycles(s))|
    +---------+---------+----------+----------+-----+-----+------------------------------------------------+

    + Detail: 
        * Instance: 
        N/A

        * Loop: 
        +--------------------+---------+---------+----------+-----------+-----------+------+----------+
        |                    |  Latency (cycles) | Iteration|  Initiation Interval  | Trip |          |
        |      Loop Name     |   min   |   max   |  Latency |  achieved |   target  | Count| Pipelined|
        +--------------------+---------+---------+----------+-----------+-----------+------+----------+
        |- VITIS_LOOP_110_3  |      784|      784|         2|          1|          1|   784|       yes|
        +--------------------+---------+---------+----------+-----------+-----------+------+----------+

============================================================
+ Verbose Summary: Synthesis Manager
============================================================
InlineROM: 1
ExposeGlobal: 0
============================================================
+ Verbose Summary: CDFG Model
============================================================
IsTopModel: 0
ResetActiveHigh: 1
IsCombinational: 0
IsDatapathOnly: 0
HasWiredReturn: 1
HasMFsm: 2
HasVarLatency: 1
IsPipeline: 0
IsRtlPipelined: 0
IsInstanceOverlapped: 0
IsDontTouch: 0
HasImplIP: 0
IsGatedGlobalClock: 0

+ Individual pipeline summary: 
  * Pipeline-0: initiation interval (II) = 1, depth = 2


============================================================
+ Verbose Summary: Schedule
============================================================
* Number of FSM states : 2
* Pipeline : 1
  Pipeline-0 : II = 1, D = 2, States = { 1 2 }
* Dataflow Pipeline: 0

* FSM state transitions: 
1 --> 2 
2 --> 

* FSM state operations: 

State 1 <SV = 0> <Delay = 4.90>
ST_1 : Operation 5 [1/1] (0.00ns)   --->   "%i_2 = alloca i32 1" [bnn.cpp:110]   --->   Operation 5 'alloca' 'i_2' <Predicate = true> <Delay = 0.00>
ST_1 : Operation 6 [1/1] (0.00ns)   --->   "%a_1 = alloca i32 1"   --->   Operation 6 'alloca' 'a_1' <Predicate = true> <Delay = 0.00>
ST_1 : Operation 7 [1/1] (1.58ns)   --->   "%store_ln110 = store i10 0, i10 %i_2" [bnn.cpp:110]   --->   Operation 7 'store' 'store_ln110' <Predicate = true> <Delay = 1.58>
ST_1 : Operation 8 [1/1] (0.00ns)   --->   "%br_ln0 = br void %for.inc30"   --->   Operation 8 'br' 'br_ln0' <Predicate = true> <Delay = 0.00>
ST_1 : Operation 9 [1/1] (0.00ns)   --->   "%i = load i10 %i_2" [bnn.cpp:110]   --->   Operation 9 'load' 'i' <Predicate = true> <Delay = 0.00>
ST_1 : Operation 10 [1/1] (1.73ns)   --->   "%icmp_ln110 = icmp_eq  i10 %i, i10 784" [bnn.cpp:110]   --->   Operation 10 'icmp' 'icmp_ln110' <Predicate = true> <Delay = 1.73> <CoreInst = "Cmp">   --->   Core 9 'Cmp' <Latency = 0> <II = 1> <Delay = 1.73> <FuncUnit> <Opcode : 'seteq' 'setne' 'setle' 'setge' 'setlt' 'setgt'> <InPorts = 2> <OutPorts = 1>
ST_1 : Operation 11 [1/1] (1.73ns)   --->   "%add_ln110 = add i10 %i, i10 1" [bnn.cpp:110]   --->   Operation 11 'add' 'add_ln110' <Predicate = true> <Delay = 1.73> <CoreInst = "Adder">   --->   Core 1 'Adder' <Latency = 0> <II = 1> <Delay = 1.73> <FuncUnit> <Opcode : 'add' 'sub'> <InPorts = 2> <OutPorts = 1>
ST_1 : Operation 12 [1/1] (0.00ns)   --->   "%br_ln110 = br i1 %icmp_ln110, void %for.inc30.split, void %matmul_xnor.2.region_begin.exitStub" [bnn.cpp:110]   --->   Operation 12 'br' 'br_ln110' <Predicate = true> <Delay = 0.00>
ST_1 : Operation 13 [1/1] (0.00ns)   --->   "%trunc_ln110 = trunc i10 %i" [bnn.cpp:110]   --->   Operation 13 'trunc' 'trunc_ln110' <Predicate = (!icmp_ln110)> <Delay = 0.00>
ST_1 : Operation 14 [1/1] (0.00ns)   --->   "%lshr_ln2 = partselect i9 @_ssdm_op_PartSelect.i9.i10.i32.i32, i10 %i, i32 1, i32 9" [bnn.cpp:110]   --->   Operation 14 'partselect' 'lshr_ln2' <Predicate = (!icmp_ln110)> <Delay = 0.00>
ST_1 : Operation 15 [1/1] (0.00ns)   --->   "%zext_ln110 = zext i9 %lshr_ln2" [bnn.cpp:110]   --->   Operation 15 'zext' 'zext_ln110' <Predicate = (!icmp_ln110)> <Delay = 0.00>
ST_1 : Operation 16 [1/1] (0.00ns)   --->   "%layer1_activations_addr = getelementptr i32 %layer1_activations, i64 0, i64 %zext_ln110" [bnn.cpp:113]   --->   Operation 16 'getelementptr' 'layer1_activations_addr' <Predicate = (!icmp_ln110)> <Delay = 0.00>
ST_1 : Operation 17 [1/1] (0.00ns)   --->   "%layer1_activations_2_addr = getelementptr i32 %layer1_activations_2, i64 0, i64 %zext_ln110" [bnn.cpp:113]   --->   Operation 17 'getelementptr' 'layer1_activations_2_addr' <Predicate = (!icmp_ln110)> <Delay = 0.00>
ST_1 : Operation 18 [2/2] (3.25ns)   --->   "%layer1_activations_load = load i9 %layer1_activations_addr" [bnn.cpp:113]   --->   Operation 18 'load' 'layer1_activations_load' <Predicate = (!icmp_ln110)> <Delay = 3.25> <CoreInst = "RAM">   --->   Core 81 'RAM' <Latency = 1> <II = 1> <Delay = 3.25> <Storage> <Opcode : 'load' 'store'> <Ports = 2> <Width = 32> <Depth = 392> <RAM>
ST_1 : Operation 19 [2/2] (3.25ns)   --->   "%layer1_activations_2_load = load i9 %layer1_activations_2_addr" [bnn.cpp:113]   --->   Operation 19 'load' 'layer1_activations_2_load' <Predicate = (!icmp_ln110)> <Delay = 3.25> <CoreInst = "RAM">   --->   Core 81 'RAM' <Latency = 1> <II = 1> <Delay = 3.25> <Storage> <Opcode : 'load' 'store'> <Ports = 2> <Width = 32> <Depth = 392> <RAM>
ST_1 : Operation 20 [1/1] (1.73ns)   --->   "%switch_ln113 = switch i10 %i, void %arrayidx29.case.783, i10 0, void %arrayidx29.case.0, i10 1, void %arrayidx29.exit, i10 2, void %arrayidx29.exit, i10 3, void %arrayidx29.exit, i10 4, void %arrayidx29.exit, i10 5, void %arrayidx29.exit, i10 6, void %arrayidx29.exit, i10 7, void %arrayidx29.exit, i10 8, void %arrayidx29.exit, i10 9, void %arrayidx29.exit, i10 10, void %arrayidx29.exit, i10 11, void %arrayidx29.exit, i10 12, void %arrayidx29.exit, i10 13, void %arrayidx29.exit, i10 14, void %arrayidx29.exit, i10 15, void %arrayidx29.exit, i10 16, void %arrayidx29.exit, i10 17, void %arrayidx29.exit, i10 18, void %arrayidx29.exit, i10 19, void %arrayidx29.exit, i10 20, void %arrayidx29.exit, i10 21, void %arrayidx29.exit, i10 22, void %arrayidx29.exit, i10 23, void %arrayidx29.exit, i10 24, void %arrayidx29.exit, i10 25, void %arrayidx29.exit, i10 26, void %arrayidx29.exit, i10 27, void %arrayidx29.exit, i10 28, void %arrayidx29.exit, i10 29, void %arrayidx29.exit, i10 30, void %arrayidx29.exit, i10 31, void %arrayidx29.exit, i10 32, void %arrayidx29.exit, i10 33, void %arrayidx29.exit, i10 34, void %arrayidx29.exit, i10 35, void %arrayidx29.exit, i10 36, void %arrayidx29.exit, i10 37, void %arrayidx29.exit, i10 38, void %arrayidx29.exit, i10 39, void %arrayidx29.exit, i10 40, void %arrayidx29.exit, i10 41, void %arrayidx29.exit, i10 42, void %arrayidx29.exit, i10 43, void %arrayidx29.exit, i10 44, void %arrayidx29.exit, i10 45, void %arrayidx29.exit, i10 46, void %arrayidx29.exit, i10 47, void %arrayidx29.exit, i10 48, void %arrayidx29.exit, i10 49, void %arrayidx29.exit, i10 50, void %arrayidx29.exit, i10 51, void %arrayidx29.exit, i10 52, void %arrayidx29.exit, i10 53, void %arrayidx29.exit, i10 54, void %arrayidx29.exit, i10 55, void %arrayidx29.exit, i10 56, void %arrayidx29.exit, i10 57, void %arrayidx29.exit, i10 58, void %arrayidx29.exit, i10 59, void %arrayidx29.exit, i10 60, void %arrayidx29.exit, i10 61, void %arrayidx29.exit, i10 62, void %arrayidx29.exit, i10 63, void %arrayidx29.exit, i10 64, void %arrayidx29.exit, i10 65, void %arrayidx29.exit, i10 66, void %arrayidx29.exit, i10 67, void %arrayidx29.exit, i10 68, void %arrayidx29.exit, i10 69, void %arrayidx29.exit, i10 70, void %arrayidx29.exit, i10 71, void %arrayidx29.exit, i10 72, void %arrayidx29.exit, i10 73, void %arrayidx29.exit, i10 74, void %arrayidx29.exit, i10 75, void %arrayidx29.exit, i10 76, void %arrayidx29.exit, i10 77, void %arrayidx29.exit, i10 78, void %arrayidx29.exit, i10 79, void %arrayidx29.exit, i10 80, void %arrayidx29.exit, i10 81, void %arrayidx29.exit, i10 82, void %arrayidx29.exit, i10 83, void %arrayidx29.exit, i10 84, void %arrayidx29.exit, i10 85, void %arrayidx29.exit, i10 86, void %arrayidx29.exit, i10 87, void %arrayidx29.exit, i10 88, void %arrayidx29.exit, i10 89, void %arrayidx29.exit, i10 90, void %arrayidx29.exit, i10 91, void %arrayidx29.exit, i10 92, void %arrayidx29.exit, i10 93, void %arrayidx29.exit, i10 94, void %arrayidx29.exit, i10 95, void %arrayidx29.exit, i10 96, void %arrayidx29.exit, i10 97, void %arrayidx29.exit, i10 98, void %arrayidx29.exit, i10 99, void %arrayidx29.exit, i10 100, void %arrayidx29.exit, i10 101, void %arrayidx29.exit, i10 102, void %arrayidx29.exit, i10 103, void %arrayidx29.exit, i10 104, void %arrayidx29.exit, i10 105, void %arrayidx29.exit, i10 106, void %arrayidx29.exit, i10 107, void %arrayidx29.exit, i10 108, void %arrayidx29.exit, i10 109, void %arrayidx29.exit, i10 110, void %arrayidx29.exit, i10 111, void %arrayidx29.exit, i10 112, void %arrayidx29.exit, i10 113, void %arrayidx29.exit, i10 114, void %arrayidx29.exit, i10 115, void %arrayidx29.exit, i10 116, void %arrayidx29.exit, i10 117, void %arrayidx29.exit, i10 118, void %arrayidx29.exit, i10 119, void %arrayidx29.exit, i10 120, void %arrayidx29.exit, i10 121, void %arrayidx29.exit, i10 122, void %arrayidx29.exit, i10 123, void %arrayidx29.exit, i10 124, void %arrayidx29.exit, i10 125, void %arrayidx29.exit, i10 126, void %arrayidx29.exit, i10 127, void %arrayidx29.exit, i10 128, void %arrayidx29.exit, i10 129, void %arrayidx29.exit, i10 130, void %arrayidx29.exit, i10 131, void %arrayidx29.exit, i10 132, void %arrayidx29.exit, i10 133, void %arrayidx29.exit, i10 134, void %arrayidx29.exit, i10 135, void %arrayidx29.exit, i10 136, void %arrayidx29.exit, i10 137, void %arrayidx29.exit, i10 138, void %arrayidx29.exit, i10 139, void %arrayidx29.exit, i10 140, void %arrayidx29.exit, i10 141, void %arrayidx29.exit, i10 142, void %arrayidx29.exit, i10 143, void %arrayidx29.exit, i10 144, void %arrayidx29.exit, i10 145, void %arrayidx29.exit, i10 146, void %arrayidx29.exit, i10 147, void %arrayidx29.exit, i10 148, void %arrayidx29.exit, i10 149, void %arrayidx29.exit, i10 150, void %arrayidx29.exit, i10 151, void %arrayidx29.exit, i10 152, void %arrayidx29.exit, i10 153, void %arrayidx29.exit, i10 154, void %arrayidx29.exit, i10 155, void %arrayidx29.exit, i10 156, void %arrayidx29.exit, i10 157, void %arrayidx29.exit, i10 158, void %arrayidx29.exit, i10 159, void %arrayidx29.exit, i10 160, void %arrayidx29.exit, i10 161, void %arrayidx29.exit, i10 162, void %arrayidx29.exit, i10 163, void %arrayidx29.exit, i10 164, void %arrayidx29.exit, i10 165, void %arrayidx29.exit, i10 166, void %arrayidx29.exit, i10 167, void %arrayidx29.exit, i10 168, void %arrayidx29.exit, i10 169, void %arrayidx29.exit, i10 170, void %arrayidx29.exit, i10 171, void %arrayidx29.exit, i10 172, void %arrayidx29.exit, i10 173, void %arrayidx29.exit, i10 174, void %arrayidx29.exit, i10 175, void %arrayidx29.exit, i10 176, void %arrayidx29.exit, i10 177, void %arrayidx29.exit, i10 178, void %arrayidx29.exit, i10 179, void %arrayidx29.exit, i10 180, void %arrayidx29.exit, i10 181, void %arrayidx29.exit, i10 182, void %arrayidx29.exit, i10 183, void %arrayidx29.exit, i10 184, void %arrayidx29.exit, i10 185, void %arrayidx29.exit, i10 186, void %arrayidx29.exit, i10 187, void %arrayidx29.exit, i10 188, void %arrayidx29.exit, i10 189, void %arrayidx29.exit, i10 190, void %arrayidx29.exit, i10 191, void %arrayidx29.exit, i10 192, void %arrayidx29.exit, i10 193, void %arrayidx29.exit, i10 194, void %arrayidx29.exit, i10 195, void %arrayidx29.exit, i10 196, void %arrayidx29.exit, i10 197, void %arrayidx29.exit, i10 198, void %arrayidx29.exit, i10 199, void %arrayidx29.exit, i10 200, void %arrayidx29.exit, i10 201, void %arrayidx29.exit, i10 202, void %arrayidx29.exit, i10 203, void %arrayidx29.exit, i10 204, void %arrayidx29.exit, i10 205, void %arrayidx29.exit, i10 206, void %arrayidx29.exit, i10 207, void %arrayidx29.exit, i10 208, void %arrayidx29.exit, i10 209, void %arrayidx29.exit, i10 210, void %arrayidx29.exit, i10 211, void %arrayidx29.exit, i10 212, void %arrayidx29.exit, i10 213, void %arrayidx29.exit, i10 214, void %arrayidx29.exit, i10 215, void %arrayidx29.exit, i10 216, void %arrayidx29.exit, i10 217, void %arrayidx29.exit, i10 218, void %arrayidx29.exit, i10 219, void %arrayidx29.exit, i10 220, void %arrayidx29.exit, i10 221, void %arrayidx29.exit, i10 222, void %arrayidx29.exit, i10 223, void %arrayidx29.exit, i10 224, void %arrayidx29.exit, i10 225, void %arrayidx29.exit, i10 226, void %arrayidx29.exit, i10 227, void %arrayidx29.exit, i10 228, void %arrayidx29.exit, i10 229, void %arrayidx29.exit, i10 230, void %arrayidx29.exit, i10 231, void %arrayidx29.exit, i10 232, void %arrayidx29.exit, i10 233, void %arrayidx29.exit, i10 234, void %arrayidx29.exit, i10 235, void %arrayidx29.exit, i10 236, void %arrayidx29.exit, i10 237, void %arrayidx29.exit, i10 238, void %arrayidx29.exit, i10 239, void %arrayidx29.exit, i10 240, void %arrayidx29.exit, i10 241, void %arrayidx29.exit, i10 242, void %arrayidx29.exit, i10 243, void %arrayidx29.exit, i10 244, void %arrayidx29.exit, i10 245, void %arrayidx29.exit, i10 246, void %arrayidx29.exit, i10 247, void %arrayidx29.exit, i10 248, void %arrayidx29.exit, i10 249, void %arrayidx29.exit, i10 250, void %arrayidx29.exit, i10 251, void %arrayidx29.exit, i10 252, void %arrayidx29.exit, i10 253, void %arrayidx29.exit, i10 254, void %arrayidx29.exit, i10 255, void %arrayidx29.exit, i10 256, void %arrayidx29.exit, i10 257, void %arrayidx29.exit, i10 258, void %arrayidx29.exit, i10 259, void %arrayidx29.exit, i10 260, void %arrayidx29.exit, i10 261, void %arrayidx29.exit, i10 262, void %arrayidx29.exit, i10 263, void %arrayidx29.exit, i10 264, void %arrayidx29.exit, i10 265, void %arrayidx29.exit, i10 266, void %arrayidx29.exit, i10 267, void %arrayidx29.exit, i10 268, void %arrayidx29.exit, i10 269, void %arrayidx29.exit, i10 270, void %arrayidx29.exit, i10 271, void %arrayidx29.exit, i10 272, void %arrayidx29.exit, i10 273, void %arrayidx29.exit, i10 274, void %arrayidx29.exit, i10 275, void %arrayidx29.exit, i10 276, void %arrayidx29.exit, i10 277, void %arrayidx29.exit, i10 278, void %arrayidx29.exit, i10 279, void %arrayidx29.exit, i10 280, void %arrayidx29.exit, i10 281, void %arrayidx29.exit, i10 282, void %arrayidx29.exit, i10 283, void %arrayidx29.exit, i10 284, void %arrayidx29.exit, i10 285, void %arrayidx29.exit, i10 286, void %arrayidx29.exit, i10 287, void %arrayidx29.exit, i10 288, void %arrayidx29.exit, i10 289, void %arrayidx29.exit, i10 290, void %arrayidx29.exit, i10 291, void %arrayidx29.exit, i10 292, void %arrayidx29.exit, i10 293, void %arrayidx29.exit, i10 294, void %arrayidx29.exit, i10 295, void %arrayidx29.exit, i10 296, void %arrayidx29.exit, i10 297, void %arrayidx29.exit, i10 298, void %arrayidx29.exit, i10 299, void %arrayidx29.exit, i10 300, void %arrayidx29.exit, i10 301, void %arrayidx29.exit, i10 302, void %arrayidx29.exit, i10 303, void %arrayidx29.exit, i10 304, void %arrayidx29.exit, i10 305, void %arrayidx29.exit, i10 306, void %arrayidx29.exit, i10 307, void %arrayidx29.exit, i10 308, void %arrayidx29.exit, i10 309, void %arrayidx29.exit, i10 310, void %arrayidx29.exit, i10 311, void %arrayidx29.exit, i10 312, void %arrayidx29.exit, i10 313, void %arrayidx29.exit, i10 314, void %arrayidx29.exit, i10 315, void %arrayidx29.exit, i10 316, void %arrayidx29.exit, i10 317, void %arrayidx29.exit, i10 318, void %arrayidx29.exit, i10 319, void %arrayidx29.exit, i10 320, void %arrayidx29.exit, i10 321, void %arrayidx29.exit, i10 322, void %arrayidx29.exit, i10 323, void %arrayidx29.exit, i10 324, void %arrayidx29.exit, i10 325, void %arrayidx29.exit, i10 326, void %arrayidx29.exit, i10 327, void %arrayidx29.exit, i10 328, void %arrayidx29.exit, i10 329, void %arrayidx29.exit, i10 330, void %arrayidx29.exit, i10 331, void %arrayidx29.exit, i10 332, void %arrayidx29.exit, i10 333, void %arrayidx29.exit, i10 334, void %arrayidx29.exit, i10 335, void %arrayidx29.exit, i10 336, void %arrayidx29.exit, i10 337, void %arrayidx29.exit, i10 338, void %arrayidx29.exit, i10 339, void %arrayidx29.exit, i10 340, void %arrayidx29.exit, i10 341, void %arrayidx29.exit, i10 342, void %arrayidx29.exit, i10 343, void %arrayidx29.exit, i10 344, void %arrayidx29.exit, i10 345, void %arrayidx29.exit, i10 346, void %arrayidx29.exit, i10 347, void %arrayidx29.exit, i10 348, void %arrayidx29.exit, i10 349, void %arrayidx29.exit, i10 350, void %arrayidx29.exit, i10 351, void %arrayidx29.exit, i10 352, void %arrayidx29.exit, i10 353, void %arrayidx29.exit, i10 354, void %arrayidx29.exit, i10 355, void %arrayidx29.exit, i10 356, void %arrayidx29.exit, i10 357, void %arrayidx29.exit, i10 358, void %arrayidx29.exit, i10 359, void %arrayidx29.exit, i10 360, void %arrayidx29.exit, i10 361, void %arrayidx29.exit, i10 362, void %arrayidx29.exit, i10 363, void %arrayidx29.exit, i10 364, void %arrayidx29.exit, i10 365, void %arrayidx29.exit, i10 366, void %arrayidx29.exit, i10 367, void %arrayidx29.exit, i10 368, void %arrayidx29.exit, i10 369, void %arrayidx29.exit, i10 370, void %arrayidx29.exit, i10 371, void %arrayidx29.exit, i10 372, void %arrayidx29.exit, i10 373, void %arrayidx29.exit, i10 374, void %arrayidx29.exit, i10 375, void %arrayidx29.exit, i10 376, void %arrayidx29.exit, i10 377, void %arrayidx29.exit, i10 378, void %arrayidx29.exit, i10 379, void %arrayidx29.exit, i10 380, void %arrayidx29.exit, i10 381, void %arrayidx29.exit, i10 382, void %arrayidx29.exit, i10 383, void %arrayidx29.exit, i10 384, void %arrayidx29.exit, i10 385, void %arrayidx29.exit, i10 386, void %arrayidx29.exit, i10 387, void %arrayidx29.exit, i10 388, void %arrayidx29.exit, i10 389, void %arrayidx29.exit, i10 390, void %arrayidx29.exit, i10 391, void %arrayidx29.exit, i10 392, void %arrayidx29.exit, i10 393, void %arrayidx29.exit, i10 394, void %arrayidx29.exit, i10 395, void %arrayidx29.exit, i10 396, void %arrayidx29.exit, i10 397, void %arrayidx29.exit, i10 398, void %arrayidx29.exit, i10 399, void %arrayidx29.exit, i10 400, void %arrayidx29.exit, i10 401, void %arrayidx29.exit, i10 402, void %arrayidx29.exit, i10 403, void %arrayidx29.exit, i10 404, void %arrayidx29.exit, i10 405, void %arrayidx29.exit, i10 406, void %arrayidx29.exit, i10 407, void %arrayidx29.exit, i10 408, void %arrayidx29.exit, i10 409, void %arrayidx29.exit, i10 410, void %arrayidx29.exit, i10 411, void %arrayidx29.exit, i10 412, void %arrayidx29.exit, i10 413, void %arrayidx29.exit, i10 414, void %arrayidx29.exit, i10 415, void %arrayidx29.exit, i10 416, void %arrayidx29.exit, i10 417, void %arrayidx29.exit, i10 418, void %arrayidx29.exit, i10 419, void %arrayidx29.exit, i10 420, void %arrayidx29.exit, i10 421, void %arrayidx29.exit, i10 422, void %arrayidx29.exit, i10 423, void %arrayidx29.exit, i10 424, void %arrayidx29.exit, i10 425, void %arrayidx29.exit, i10 426, void %arrayidx29.exit, i10 427, void %arrayidx29.exit, i10 428, void %arrayidx29.exit, i10 429, void %arrayidx29.exit, i10 430, void %arrayidx29.exit, i10 431, void %arrayidx29.exit, i10 432, void %arrayidx29.exit, i10 433, void %arrayidx29.exit, i10 434, void %arrayidx29.exit, i10 435, void %arrayidx29.exit, i10 436, void %arrayidx29.exit, i10 437, void %arrayidx29.exit, i10 438, void %arrayidx29.exit, i10 439, void %arrayidx29.exit, i10 440, void %arrayidx29.exit, i10 441, void %arrayidx29.exit, i10 442, void %arrayidx29.exit, i10 443, void %arrayidx29.exit, i10 444, void %arrayidx29.exit, i10 445, void %arrayidx29.exit, i10 446, void %arrayidx29.exit, i10 447, void %arrayidx29.exit, i10 448, void %arrayidx29.exit, i10 449, void %arrayidx29.exit, i10 450, void %arrayidx29.exit, i10 451, void %arrayidx29.exit, i10 452, void %arrayidx29.exit, i10 453, void %arrayidx29.exit, i10 454, void %arrayidx29.exit, i10 455, void %arrayidx29.exit, i10 456, void %arrayidx29.exit, i10 457, void %arrayidx29.exit, i10 458, void %arrayidx29.exit, i10 459, void %arrayidx29.exit, i10 460, void %arrayidx29.exit, i10 461, void %arrayidx29.exit, i10 462, void %arrayidx29.exit, i10 463, void %arrayidx29.exit, i10 464, void %arrayidx29.exit, i10 465, void %arrayidx29.exit, i10 466, void %arrayidx29.exit, i10 467, void %arrayidx29.exit, i10 468, void %arrayidx29.exit, i10 469, void %arrayidx29.exit, i10 470, void %arrayidx29.exit, i10 471, void %arrayidx29.exit, i10 472, void %arrayidx29.exit, i10 473, void %arrayidx29.exit, i10 474, void %arrayidx29.exit, i10 475, void %arrayidx29.exit, i10 476, void %arrayidx29.exit, i10 477, void %arrayidx29.exit, i10 478, void %arrayidx29.exit, i10 479, void %arrayidx29.exit, i10 480, void %arrayidx29.exit, i10 481, void %arrayidx29.exit, i10 482, void %arrayidx29.exit, i10 483, void %arrayidx29.exit, i10 484, void %arrayidx29.exit, i10 485, void %arrayidx29.exit, i10 486, void %arrayidx29.exit, i10 487, void %arrayidx29.exit, i10 488, void %arrayidx29.exit, i10 489, void %arrayidx29.exit, i10 490, void %arrayidx29.exit, i10 491, void %arrayidx29.exit, i10 492, void %arrayidx29.exit, i10 493, void %arrayidx29.exit, i10 494, void %arrayidx29.exit, i10 495, void %arrayidx29.exit, i10 496, void %arrayidx29.exit, i10 497, void %arrayidx29.exit, i10 498, void %arrayidx29.exit, i10 499, void %arrayidx29.exit, i10 500, void %arrayidx29.exit, i10 501, void %arrayidx29.exit, i10 502, void %arrayidx29.exit, i10 503, void %arrayidx29.exit, i10 504, void %arrayidx29.exit, i10 505, void %arrayidx29.exit, i10 506, void %arrayidx29.exit, i10 507, void %arrayidx29.exit, i10 508, void %arrayidx29.exit, i10 509, void %arrayidx29.exit, i10 510, void %arrayidx29.exit, i10 511, void %arrayidx29.exit, i10 512, void %arrayidx29.exit, i10 513, void %arrayidx29.exit, i10 514, void %arrayidx29.exit, i10 515, void %arrayidx29.exit, i10 516, void %arrayidx29.exit, i10 517, void %arrayidx29.exit, i10 518, void %arrayidx29.exit, i10 519, void %arrayidx29.exit, i10 520, void %arrayidx29.exit, i10 521, void %arrayidx29.exit, i10 522, void %arrayidx29.exit, i10 523, void %arrayidx29.exit, i10 524, void %arrayidx29.exit, i10 525, void %arrayidx29.exit, i10 526, void %arrayidx29.exit, i10 527, void %arrayidx29.exit, i10 528, void %arrayidx29.exit, i10 529, void %arrayidx29.exit, i10 530, void %arrayidx29.exit, i10 531, void %arrayidx29.exit, i10 532, void %arrayidx29.exit, i10 533, void %arrayidx29.exit, i10 534, void %arrayidx29.exit, i10 535, void %arrayidx29.exit, i10 536, void %arrayidx29.exit, i10 537, void %arrayidx29.exit, i10 538, void %arrayidx29.exit, i10 539, void %arrayidx29.exit, i10 540, void %arrayidx29.exit, i10 541, void %arrayidx29.exit, i10 542, void %arrayidx29.exit, i10 543, void %arrayidx29.exit, i10 544, void %arrayidx29.exit, i10 545, void %arrayidx29.exit, i10 546, void %arrayidx29.exit, i10 547, void %arrayidx29.exit, i10 548, void %arrayidx29.exit, i10 549, void %arrayidx29.exit, i10 550, void %arrayidx29.exit, i10 551, void %arrayidx29.exit, i10 552, void %arrayidx29.exit, i10 553, void %arrayidx29.exit, i10 554, void %arrayidx29.exit, i10 555, void %arrayidx29.exit, i10 556, void %arrayidx29.exit, i10 557, void %arrayidx29.exit, i10 558, void %arrayidx29.exit, i10 559, void %arrayidx29.exit, i10 560, void %arrayidx29.exit, i10 561, void %arrayidx29.exit, i10 562, void %arrayidx29.exit, i10 563, void %arrayidx29.exit, i10 564, void %arrayidx29.exit, i10 565, void %arrayidx29.exit, i10 566, void %arrayidx29.exit, i10 567, void %arrayidx29.exit, i10 568, void %arrayidx29.exit, i10 569, void %arrayidx29.exit, i10 570, void %arrayidx29.exit, i10 571, void %arrayidx29.exit, i10 572, void %arrayidx29.exit, i10 573, void %arrayidx29.exit, i10 574, void %arrayidx29.exit, i10 575, void %arrayidx29.exit, i10 576, void %arrayidx29.exit, i10 577, void %arrayidx29.exit, i10 578, void %arrayidx29.exit, i10 579, void %arrayidx29.exit, i10 580, void %arrayidx29.exit, i10 581, void %arrayidx29.exit, i10 582, void %arrayidx29.exit, i10 583, void %arrayidx29.exit, i10 584, void %arrayidx29.exit, i10 585, void %arrayidx29.exit, i10 586, void %arrayidx29.exit, i10 587, void %arrayidx29.exit, i10 588, void %arrayidx29.exit, i10 589, void %arrayidx29.exit, i10 590, void %arrayidx29.exit, i10 591, void %arrayidx29.exit, i10 592, void %arrayidx29.exit, i10 593, void %arrayidx29.exit, i10 594, void %arrayidx29.exit, i10 595, void %arrayidx29.exit, i10 596, void %arrayidx29.exit, i10 597, void %arrayidx29.exit, i10 598, void %arrayidx29.exit, i10 599, void %arrayidx29.exit, i10 600, void %arrayidx29.exit, i10 601, void %arrayidx29.exit, i10 602, void %arrayidx29.exit, i10 603, void %arrayidx29.exit, i10 604, void %arrayidx29.exit, i10 605, void %arrayidx29.exit, i10 606, void %arrayidx29.exit, i10 607, void %arrayidx29.exit, i10 608, void %arrayidx29.exit, i10 609, void %arrayidx29.exit, i10 610, void %arrayidx29.exit, i10 611, void %arrayidx29.exit, i10 612, void %arrayidx29.exit, i10 613, void %arrayidx29.exit, i10 614, void %arrayidx29.exit, i10 615, void %arrayidx29.exit, i10 616, void %arrayidx29.exit, i10 617, void %arrayidx29.exit, i10 618, void %arrayidx29.exit, i10 619, void %arrayidx29.exit, i10 620, void %arrayidx29.exit, i10 621, void %arrayidx29.exit, i10 622, void %arrayidx29.exit, i10 623, void %arrayidx29.exit, i10 624, void %arrayidx29.exit, i10 625, void %arrayidx29.exit, i10 626, void %arrayidx29.exit, i10 627, void %arrayidx29.exit, i10 628, void %arrayidx29.exit, i10 629, void %arrayidx29.exit, i10 630, void %arrayidx29.exit, i10 631, void %arrayidx29.exit, i10 632, void %arrayidx29.exit, i10 633, void %arrayidx29.exit, i10 634, void %arrayidx29.exit, i10 635, void %arrayidx29.exit, i10 636, void %arrayidx29.exit, i10 637, void %arrayidx29.exit, i10 638, void %arrayidx29.exit, i10 639, void %arrayidx29.exit, i10 640, void %arrayidx29.exit, i10 641, void %arrayidx29.exit, i10 642, void %arrayidx29.exit, i10 643, void %arrayidx29.exit, i10 644, void %arrayidx29.exit, i10 645, void %arrayidx29.exit, i10 646, void %arrayidx29.exit, i10 647, void %arrayidx29.exit, i10 648, void %arrayidx29.exit, i10 649, void %arrayidx29.exit, i10 650, void %arrayidx29.exit, i10 651, void %arrayidx29.exit, i10 652, void %arrayidx29.exit, i10 653, void %arrayidx29.exit, i10 654, void %arrayidx29.exit, i10 655, void %arrayidx29.exit, i10 656, void %arrayidx29.exit, i10 657, void %arrayidx29.exit, i10 658, void %arrayidx29.exit, i10 659, void %arrayidx29.exit, i10 660, void %arrayidx29.exit, i10 661, void %arrayidx29.exit, i10 662, void %arrayidx29.exit, i10 663, void %arrayidx29.exit, i10 664, void %arrayidx29.exit, i10 665, void %arrayidx29.exit, i10 666, void %arrayidx29.exit, i10 667, void %arrayidx29.exit, i10 668, void %arrayidx29.exit, i10 669, void %arrayidx29.exit, i10 670, void %arrayidx29.exit, i10 671, void %arrayidx29.exit, i10 672, void %arrayidx29.exit, i10 673, void %arrayidx29.exit, i10 674, void %arrayidx29.exit, i10 675, void %arrayidx29.exit, i10 676, void %arrayidx29.exit, i10 677, void %arrayidx29.exit, i10 678, void %arrayidx29.exit, i10 679, void %arrayidx29.exit, i10 680, void %arrayidx29.exit, i10 681, void %arrayidx29.exit, i10 682, void %arrayidx29.exit, i10 683, void %arrayidx29.exit, i10 684, void %arrayidx29.exit, i10 685, void %arrayidx29.exit, i10 686, void %arrayidx29.exit, i10 687, void %arrayidx29.exit, i10 688, void %arrayidx29.exit, i10 689, void %arrayidx29.exit, i10 690, void %arrayidx29.exit, i10 691, void %arrayidx29.exit, i10 692, void %arrayidx29.exit, i10 693, void %arrayidx29.exit, i10 694, void %arrayidx29.exit, i10 695, void %arrayidx29.exit, i10 696, void %arrayidx29.exit, i10 697, void %arrayidx29.exit, i10 698, void %arrayidx29.exit, i10 699, void %arrayidx29.exit, i10 700, void %arrayidx29.exit, i10 701, void %arrayidx29.exit, i10 702, void %arrayidx29.exit, i10 703, void %arrayidx29.exit, i10 704, void %arrayidx29.exit, i10 705, void %arrayidx29.exit, i10 706, void %arrayidx29.exit, i10 707, void %arrayidx29.exit, i10 708, void %arrayidx29.exit, i10 709, void %arrayidx29.exit, i10 710, void %arrayidx29.exit, i10 711, void %arrayidx29.exit, i10 712, void %arrayidx29.exit, i10 713, void %arrayidx29.exit, i10 714, void %arrayidx29.exit, i10 715, void %arrayidx29.exit, i10 716, void %arrayidx29.exit, i10 717, void %arrayidx29.exit, i10 718, void %arrayidx29.exit, i10 719, void %arrayidx29.exit, i10 720, void %arrayidx29.exit, i10 721, void %arrayidx29.exit, i10 722, void %arrayidx29.exit, i10 723, void %arrayidx29.exit, i10 724, void %arrayidx29.exit, i10 725, void %arrayidx29.exit, i10 726, void %arrayidx29.exit, i10 727, void %arrayidx29.exit, i10 728, void %arrayidx29.exit, i10 729, void %arrayidx29.exit, i10 730, void %arrayidx29.exit, i10 731, void %arrayidx29.exit, i10 732, void %arrayidx29.exit, i10 733, void %arrayidx29.exit, i10 734, void %arrayidx29.exit, i10 735, void %arrayidx29.exit, i10 736, void %arrayidx29.exit, i10 737, void %arrayidx29.exit, i10 738, void %arrayidx29.exit, i10 739, void %arrayidx29.exit, i10 740, void %arrayidx29.exit, i10 741, void %arrayidx29.exit, i10 742, void %arrayidx29.exit, i10 743, void %arrayidx29.exit, i10 744, void %arrayidx29.exit, i10 745, void %arrayidx29.exit, i10 746, void %arrayidx29.exit, i10 747, void %arrayidx29.exit, i10 748, void %arrayidx29.exit, i10 749, void %arrayidx29.exit, i10 750, void %arrayidx29.exit, i10 751, void %arrayidx29.exit, i10 752, void %arrayidx29.exit, i10 753, void %arrayidx29.exit, i10 754, void %arrayidx29.exit, i10 755, void %arrayidx29.exit, i10 756, void %arrayidx29.exit, i10 757, void %arrayidx29.exit, i10 758, void %arrayidx29.exit, i10 759, void %arrayidx29.exit, i10 760, void %arrayidx29.exit, i10 761, void %arrayidx29.exit, i10 762, void %arrayidx29.exit, i10 763, void %arrayidx29.exit, i10 764, void %arrayidx29.exit, i10 765, void %arrayidx29.exit, i10 766, void %arrayidx29.exit, i10 767, void %arrayidx29.exit, i10 768, void %arrayidx29.exit, i10 769, void %arrayidx29.exit, i10 770, void %arrayidx29.exit, i10 771, void %arrayidx29.exit, i10 772, void %arrayidx29.exit, i10 773, void %arrayidx29.exit, i10 774, void %arrayidx29.exit, i10 775, void %arrayidx29.exit, i10 776, void %arrayidx29.exit, i10 777, void %arrayidx29.exit, i10 778, void %arrayidx29.exit, i10 779, void %arrayidx29.exit, i10 780, void %arrayidx29.exit, i10 781, void %arrayidx29.exit, i10 782, void %arrayidx29.exit" [bnn.cpp:113]   --->   Operation 20 'switch' 'switch_ln113' <Predicate = (!icmp_ln110)> <Delay = 1.73>
ST_1 : Operation 21 [1/1] (0.00ns)   --->   "%br_ln113 = br void %arrayidx29.exit" [bnn.cpp:113]   --->   Operation 21 'br' 'br_ln113' <Predicate = 785.000000 bdd nodes> <Delay = 0.00>
ST_1 : Operation 22 [1/1] (1.58ns)   --->   "%store_ln110 = store i10 %add_ln110, i10 %i_2" [bnn.cpp:110]   --->   Operation 22 'store' 'store_ln110' <Predicate = (!icmp_ln110)> <Delay = 1.58>
ST_1 : Operation 23 [1/1] (0.00ns)   --->   "%br_ln110 = br void %for.inc30" [bnn.cpp:110]   --->   Operation 23 'br' 'br_ln110' <Predicate = (!icmp_ln110)> <Delay = 0.00>
ST_1 : Operation 34 [1/1] (0.00ns)   --->   "%a_1_load = load i32 %a_1"   --->   Operation 34 'load' 'a_1_load' <Predicate = (icmp_ln110)> <Delay = 0.00>
ST_1 : Operation 35 [1/1] (0.00ns)   --->   "%write_ln0 = write void @_ssdm_op_Write.ap_auto.i32P0A, i32 %a_1_out, i32 %a_1_load"   --->   Operation 35 'write' 'write_ln0' <Predicate = (icmp_ln110)> <Delay = 0.00>
ST_1 : Operation 36 [1/1] (1.58ns)   --->   "%ret_ln0 = ret"   --->   Operation 36 'ret' 'ret_ln0' <Predicate = (icmp_ln110)> <Delay = 1.58>

State 2 <SV = 1> <Delay = 7.19>
ST_2 : Operation 24 [1/1] (0.00ns)   --->   "%specpipeline_ln112 = specpipeline void @_ssdm_op_SpecPipeline, i32 4294967295, i32 0, i32 0, i32 0, void @empty_1" [bnn.cpp:112]   --->   Operation 24 'specpipeline' 'specpipeline_ln112' <Predicate = true> <Delay = 0.00>
ST_2 : Operation 25 [1/1] (0.00ns)   --->   "%speclooptripcount_ln110 = speclooptripcount void @_ssdm_op_SpecLoopTripCount, i64 784, i64 784, i64 784" [bnn.cpp:110]   --->   Operation 25 'speclooptripcount' 'speclooptripcount_ln110' <Predicate = true> <Delay = 0.00>
ST_2 : Operation 26 [1/1] (0.00ns)   --->   "%specloopname_ln110 = specloopname void @_ssdm_op_SpecLoopName, void @empty_11" [bnn.cpp:110]   --->   Operation 26 'specloopname' 'specloopname_ln110' <Predicate = true> <Delay = 0.00>
ST_2 : Operation 27 [1/2] ( I:3.25ns O:3.25ns )   --->   "%layer1_activations_load = load i9 %layer1_activations_addr" [bnn.cpp:113]   --->   Operation 27 'load' 'layer1_activations_load' <Predicate = true> <Delay = 3.25> <CoreInst = "RAM">   --->   Core 81 'RAM' <Latency = 1> <II = 1> <Delay = 3.25> <Storage> <Opcode : 'load' 'store'> <Ports = 2> <Width = 32> <Depth = 392> <RAM>
ST_2 : Operation 28 [1/2] ( I:3.25ns O:3.25ns )   --->   "%layer1_activations_2_load = load i9 %layer1_activations_2_addr" [bnn.cpp:113]   --->   Operation 28 'load' 'layer1_activations_2_load' <Predicate = true> <Delay = 3.25> <CoreInst = "RAM">   --->   Core 81 'RAM' <Latency = 1> <II = 1> <Delay = 3.25> <Storage> <Opcode : 'load' 'store'> <Ports = 2> <Width = 32> <Depth = 392> <RAM>
ST_2 : Operation 29 [1/1] (0.69ns)   --->   "%x = select i1 %trunc_ln110, i32 %layer1_activations_2_load, i32 %layer1_activations_load" [bnn.cpp:113]   --->   Operation 29 'select' 'x' <Predicate = true> <Delay = 0.69> <CoreInst = "Sel">   --->   Core 73 'Sel' <Latency = 0> <II = 1> <Delay = 0.69> <FuncUnit> <Opcode : 'select'> <InPorts = 3> <OutPorts = 1>
ST_2 : Operation 30 [1/1] (2.55ns)   --->   "%icmp_ln40 = icmp_sgt  i32 %x, i32 0" [bnn.cpp:40->bnn.cpp:113]   --->   Operation 30 'icmp' 'icmp_ln40' <Predicate = true> <Delay = 2.55> <CoreInst = "Cmp">   --->   Core 9 'Cmp' <Latency = 0> <II = 1> <Delay = 2.55> <FuncUnit> <Opcode : 'seteq' 'setne' 'setle' 'setge' 'setlt' 'setgt'> <InPorts = 2> <OutPorts = 1>
ST_2 : Operation 31 [1/1] (0.68ns)   --->   "%select_ln113 = select i1 %icmp_ln40, i32 0, i32 256" [bnn.cpp:113]   --->   Operation 31 'select' 'select_ln113' <Predicate = true> <Delay = 0.68> <CoreInst = "Sel">   --->   Core 73 'Sel' <Latency = 0> <II = 1> <Delay = 0.68> <FuncUnit> <Opcode : 'select'> <InPorts = 3> <OutPorts = 1>
ST_2 : Operation 32 [1/1] (0.00ns)   --->   "%store_ln113 = store i32 %select_ln113, i32 %a_1" [bnn.cpp:113]   --->   Operation 32 'store' 'store_ln113' <Predicate = (i == 0)> <Delay = 0.00>
ST_2 : Operation 33 [1/1] (0.00ns)   --->   "%br_ln113 = br void %arrayidx29.exit" [bnn.cpp:113]   --->   Operation 33 'br' 'br_ln113' <Predicate = (i == 0)> <Delay = 0.00>


============================================================
+ Verbose Summary: Timing violations
============================================================
Target clock period: 10.000ns, clock uncertainty: 2.700ns.

 <State 1>: 4.907ns
The critical path consists of the following:
	'store' operation 0 bit ('store_ln110', bnn.cpp:110) of constant 0 on local variable 'i', bnn.cpp:110 [6]  (1.588 ns)
	'load' operation 10 bit ('i', bnn.cpp:110) on local variable 'i', bnn.cpp:110 [9]  (0.000 ns)
	'icmp' operation 1 bit ('icmp_ln110', bnn.cpp:110) [10]  (1.731 ns)
	'store' operation 0 bit ('store_ln110', bnn.cpp:110) of variable 'add_ln110', bnn.cpp:110 on local variable 'i', bnn.cpp:110 [34]  (1.588 ns)

 <State 2>: 7.191ns
The critical path consists of the following:
	'load' operation 32 bit ('layer1_activations_load', bnn.cpp:113) on array 'layer1_activations' [22]  (3.254 ns)
	'select' operation 32 bit ('x', bnn.cpp:113) [24]  (0.698 ns)
	'icmp' operation 1 bit ('icmp_ln40', bnn.cpp:40->bnn.cpp:113) [25]  (2.552 ns)
	'select' operation 32 bit ('select_ln113', bnn.cpp:113) [26]  (0.687 ns)
	'store' operation 0 bit ('store_ln113', bnn.cpp:113) of variable 'select_ln113', bnn.cpp:113 on local variable 'a_1' [29]  (0.000 ns)


============================================================
+ Verbose Summary: Binding
============================================================
N/A
* FSMD analyzer results:
  - Output states:
 - Input state : 
  - Chain level:
	State 1
	State 2


============================================================
+ Verbose Summary: Datapath Resource usage 
============================================================
N/A
