

================================================================
== Vitis HLS Report for 'feedforward_Pipeline_VITIS_LOOP_48_11'
================================================================
* Date:           Fri Jun 13 14:38:41 2025

* Version:        2024.2 (Build 5238294 on Nov  8 2024)
* Project:        bnn_hls
* Solution:       hls (Vivado IP Flow Target)
* Product family: zynq
* Target device:  xc7z020-clg400-1


================================================================
== Performance Estimates
================================================================
+ Timing: 
    * Summary: 
    +--------+----------+----------+------------+
    |  Clock |  Target  | Estimated| Uncertainty|
    +--------+----------+----------+------------+
    |ap_clk  |  10.00 ns|  5.819 ns|     2.70 ns|
    +--------+----------+----------+------------+

+ Latency: 
    * Summary: 
    +---------+---------+----------+----------+-----+-----+------------------------------------------------+
    |  Latency (cycles) |  Latency (absolute) |  Interval |                    Pipeline                    |
    |   min   |   max   |    min   |    max   | min | max |                      Type                      |
    +---------+---------+----------+----------+-----+-----+------------------------------------------------+
    |      130|      130|  1.300 us|  1.300 us|  129|  129|  loop auto-rewind stp (delay=0 clock cycles(s))|
    +---------+---------+----------+----------+-----+-----+------------------------------------------------+

    + Detail: 
        * Instance: 
        N/A

        * Loop: 
        +-------------------+---------+---------+----------+-----------+-----------+------+----------+
        |                   |  Latency (cycles) | Iteration|  Initiation Interval  | Trip |          |
        |     Loop Name     |   min   |   max   |  Latency |  achieved |   target  | Count| Pipelined|
        +-------------------+---------+---------+----------+-----------+-----------+------+----------+
        |- VITIS_LOOP_48_1  |      128|      128|         2|          1|          1|   128|       yes|
        +-------------------+---------+---------+----------+-----------+-----------+------+----------+

============================================================
+ Verbose Summary: Synthesis Manager
============================================================
InlineROM: 1
ExposeGlobal: 0
============================================================
+ Verbose Summary: CDFG Model
============================================================
IsTopModel: 0
ResetActiveHigh: 1
IsCombinational: 0
IsDatapathOnly: 0
HasWiredReturn: 1
HasMFsm: 2
HasVarLatency: 1
IsPipeline: 0
IsRtlPipelined: 0
IsInstanceOverlapped: 0
IsDontTouch: 0
HasImplIP: 0
IsGatedGlobalClock: 0

+ Individual pipeline summary: 
  * Pipeline-0: initiation interval (II) = 1, depth = 2


============================================================
+ Verbose Summary: Schedule
============================================================
* Number of FSM states : 2
* Pipeline : 1
  Pipeline-0 : II = 1, D = 2, States = { 1 2 }
* Dataflow Pipeline: 0

* FSM state transitions: 
1 --> 2 
2 --> 

* FSM state operations: 

State 1 <SV = 0> <Delay = 5.81>
ST_1 : Operation 5 [1/1] (0.00ns)   --->   "%x = alloca i32 1" [bnn.cpp:48->bnn.cpp:119]   --->   Operation 5 'alloca' 'x' <Predicate = true> <Delay = 0.00>
ST_1 : Operation 6 [1/1] (0.00ns)   --->   "%a_1_reload_read = read i32 @_ssdm_op_Read.ap_auto.i32, i32 %a_1_reload"   --->   Operation 6 'read' 'a_1_reload_read' <Predicate = true> <Delay = 0.00>
ST_1 : Operation 7 [1/1] (1.58ns)   --->   "%store_ln48 = store i8 0, i8 %x" [bnn.cpp:48->bnn.cpp:119]   --->   Operation 7 'store' 'store_ln48' <Predicate = true> <Delay = 1.58>
ST_1 : Operation 8 [1/1] (0.00ns)   --->   "%br_ln0 = br void %for.body.i5"   --->   Operation 8 'br' 'br_ln0' <Predicate = true> <Delay = 0.00>
ST_1 : Operation 9 [1/1] (0.00ns)   --->   "%x_2 = load i8 %x" [bnn.cpp:48->bnn.cpp:119]   --->   Operation 9 'load' 'x_2' <Predicate = true> <Delay = 0.00>
ST_1 : Operation 10 [1/1] (1.91ns)   --->   "%icmp_ln48 = icmp_eq  i8 %x_2, i8 128" [bnn.cpp:48->bnn.cpp:119]   --->   Operation 10 'icmp' 'icmp_ln48' <Predicate = true> <Delay = 1.91> <CoreInst = "Cmp">   --->   Core 9 'Cmp' <Latency = 0> <II = 1> <Delay = 1.91> <FuncUnit> <Opcode : 'seteq' 'setne' 'setle' 'setge' 'setlt' 'setgt'> <InPorts = 2> <OutPorts = 1>
ST_1 : Operation 11 [1/1] (0.00ns)   --->   "%speclooptripcount_ln0 = speclooptripcount void @_ssdm_op_SpecLoopTripCount, i64 128, i64 128, i64 128"   --->   Operation 11 'speclooptripcount' 'speclooptripcount_ln0' <Predicate = true> <Delay = 0.00>
ST_1 : Operation 12 [1/1] (1.91ns)   --->   "%add_ln48 = add i8 %x_2, i8 1" [bnn.cpp:48->bnn.cpp:119]   --->   Operation 12 'add' 'add_ln48' <Predicate = true> <Delay = 1.91> <CoreInst = "Adder">   --->   Core 1 'Adder' <Latency = 0> <II = 1> <Delay = 1.91> <FuncUnit> <Opcode : 'add' 'sub'> <InPorts = 2> <OutPorts = 1>
ST_1 : Operation 13 [1/1] (0.00ns)   --->   "%br_ln48 = br i1 %icmp_ln48, void %for.body.split.i14, void %matmul_xnor.2.region_end.exitStub" [bnn.cpp:48->bnn.cpp:119]   --->   Operation 13 'br' 'br_ln48' <Predicate = true> <Delay = 0.00>
ST_1 : Operation 14 [1/1] (0.00ns)   --->   "%trunc_ln48 = trunc i8 %x_2" [bnn.cpp:48->bnn.cpp:119]   --->   Operation 14 'trunc' 'trunc_ln48' <Predicate = (!icmp_ln48)> <Delay = 0.00>
ST_1 : Operation 15 [1/1] (0.00ns) (grouped into LUT with out node icmp_ln20)   --->   "%trunc_ln48_1 = trunc i8 %x_2" [bnn.cpp:48->bnn.cpp:119]   --->   Operation 15 'trunc' 'trunc_ln48_1' <Predicate = (!icmp_ln48)> <Delay = 0.00>
ST_1 : Operation 16 [1/1] (0.00ns)   --->   "%lshr_ln48_1 = partselect i5 @_ssdm_op_PartSelect.i5.i8.i32.i32, i8 %x_2, i32 2, i32 6" [bnn.cpp:48->bnn.cpp:119]   --->   Operation 16 'partselect' 'lshr_ln48_1' <Predicate = (!icmp_ln48)> <Delay = 0.00>
ST_1 : Operation 17 [1/1] (0.00ns) (grouped into LUT with out node icmp_ln20)   --->   "%b = sparsemux i7 @_ssdm_op_SparseMux.ap_auto.128i7.i7.i7, i7 0, i7 24, i7 1, i7 119, i7 2, i7 102, i7 3, i7 115, i7 4, i7 16, i7 5, i7 7, i7 6, i7 106, i7 7, i7 9, i7 8, i7 18, i7 9, i7 18, i7 10, i7 26, i7 11, i7 7, i7 12, i7 119, i7 13, i7 111, i7 14, i7 119, i7 15, i7 118, i7 16, i7 0, i7 17, i7 105, i7 18, i7 15, i7 19, i7 98, i7 20, i7 30, i7 21, i7 97, i7 22, i7 16, i7 23, i7 112, i7 24, i7 103, i7 25, i7 21, i7 26, i7 1, i7 27, i7 16, i7 28, i7 28, i7 29, i7 24, i7 30, i7 92, i7 31, i7 101, i7 32, i7 13, i7 33, i7 13, i7 34, i7 126, i7 35, i7 2, i7 36, i7 100, i7 37, i7 16, i7 38, i7 31, i7 39, i7 6, i7 40, i7 8, i7 41, i7 112, i7 42, i7 32, i7 43, i7 20, i7 44, i7 27, i7 45, i7 105, i7 46, i7 15, i7 47, i7 6, i7 48, i7 5, i7 49, i7 13, i7 50, i7 125, i7 51, i7 7, i7 52, i7 124, i7 53, i7 106, i7 54, i7 5, i7 55, i7 12, i7 56, i7 125, i7 57, i7 119, i7 58, i7 112, i7 59, i7 11, i7 60, i7 125, i7 61, i7 103, i7 62, i7 22, i7 63, i7 11, i7 64, i7 0, i7 65, i7 118, i7 66, i7 0, i7 67, i7 35, i7 68, i7 104, i7 69, i7 13, i7 70, i7 3, i7 71, i7 3, i7 72, i7 114, i7 73, i7 1, i7 74, i7 4, i7 75, i7 123, i7 76, i7 115, i7 77, i7 127, i7 78, i7 7, i7 79, i7 127, i7 80, i7 107, i7 81, i7 0, i7 82, i7 16, i7 83, i7 12, i7 84, i7 6, i7 85, i7 108, i7 86, i7 15, i7 87, i7 11, i7 88, i7 106, i7 89, i7 93, i7 90, i7 120, i7 91, i7 123, i7 92, i7 105, i7 93, i7 113, i7 94, i7 17, i7 95, i7 27, i7 96, i7 9, i7 97, i7 121, i7 98, i7 7, i7 99, i7 7, i7 100, i7 119, i7 101, i7 105, i7 102, i7 14, i7 103, i7 124, i7 104, i7 115, i7 105, i7 34, i7 106, i7 89, i7 107, i7 108, i7 108, i7 36, i7 109, i7 2, i7 110, i7 5, i7 111, i7 12, i7 112, i7 14, i7 113, i7 98, i7 114, i7 1, i7 115, i7 30, i7 116, i7 124, i7 117, i7 8, i7 118, i7 25, i7 119, i7 14, i7 120, i7 34, i7 121, i7 41, i7 122, i7 27, i7 123, i7 21, i7 124, i7 116, i7 125, i7 115, i7 126, i7 106, i7 127, i7 100, i7 0, i7 %trunc_ln48_1" [bnn.cpp:55->bnn.cpp:119]   --->   Operation 17 'sparsemux' 'b' <Predicate = (!icmp_ln48)> <Delay = 0.00> <CoreInst = "BinarySparseMux_DontCare">   --->   Core 137 'BinarySparseMux_DontCare' <Latency = 0> <II = 1> <Delay = 4.23> <FuncUnit> <Opcode : 'sparsemux'> <InPorts = 2> <OutPorts = 1>
ST_1 : Operation 18 [1/1] (0.00ns) (grouped into LUT with out node icmp_ln20)   --->   "%sext_ln18 = sext i7 %b" [bnn.cpp:18->bnn.cpp:55->bnn.cpp:119]   --->   Operation 18 'sext' 'sext_ln18' <Predicate = (!icmp_ln48)> <Delay = 0.00>
ST_1 : Operation 19 [1/1] (4.23ns) (out node of the LUT)   --->   "%icmp_ln20 = icmp_eq  i32 %sext_ln18, i32 %a_1_reload_read" [bnn.cpp:20->bnn.cpp:55->bnn.cpp:119]   --->   Operation 19 'icmp' 'icmp_ln20' <Predicate = (!icmp_ln48)> <Delay = 4.23> <CoreInst = "Cmp">   --->   Core 9 'Cmp' <Latency = 0> <II = 1> <Delay = 2.55> <FuncUnit> <Opcode : 'seteq' 'setne' 'setle' 'setge' 'setlt' 'setgt'> <InPorts = 2> <OutPorts = 1>
ST_1 : Operation 20 [1/1] (1.56ns)   --->   "%switch_ln57 = switch i2 %trunc_ln48, void %arrayidx93.case.3.i, i2 0, void %arrayidx93.case.0.i15, i2 1, void %arrayidx93.case.1.i16, i2 2, void %arrayidx93.case.2.i" [bnn.cpp:57->bnn.cpp:119]   --->   Operation 20 'switch' 'switch_ln57' <Predicate = (!icmp_ln48)> <Delay = 1.56>
ST_1 : Operation 21 [1/1] (1.58ns)   --->   "%store_ln48 = store i8 %add_ln48, i8 %x" [bnn.cpp:48->bnn.cpp:119]   --->   Operation 21 'store' 'store_ln48' <Predicate = (!icmp_ln48)> <Delay = 1.58>
ST_1 : Operation 22 [1/1] (0.00ns)   --->   "%br_ln48 = br void %for.body.i5" [bnn.cpp:48->bnn.cpp:119]   --->   Operation 22 'br' 'br_ln48' <Predicate = (!icmp_ln48)> <Delay = 0.00>
ST_1 : Operation 40 [1/1] (1.58ns)   --->   "%ret_ln0 = ret"   --->   Operation 40 'ret' 'ret_ln0' <Predicate = (icmp_ln48)> <Delay = 1.58>

State 2 <SV = 1> <Delay = 3.25>
ST_2 : Operation 23 [1/1] (0.00ns)   --->   "%specpipeline_ln50 = specpipeline void @_ssdm_op_SpecPipeline, i32 1, i32 0, i32 0, i32 0, void @empty_1" [bnn.cpp:50->bnn.cpp:119]   --->   Operation 23 'specpipeline' 'specpipeline_ln50' <Predicate = true> <Delay = 0.00>
ST_2 : Operation 24 [1/1] (0.00ns)   --->   "%specloopname_ln48 = specloopname void @_ssdm_op_SpecLoopName, void @empty_14" [bnn.cpp:48->bnn.cpp:119]   --->   Operation 24 'specloopname' 'specloopname_ln48' <Predicate = true> <Delay = 0.00>
ST_2 : Operation 25 [1/1] (0.00ns)   --->   "%zext_ln48 = zext i5 %lshr_ln48_1" [bnn.cpp:48->bnn.cpp:119]   --->   Operation 25 'zext' 'zext_ln48' <Predicate = true> <Delay = 0.00>
ST_2 : Operation 26 [1/1] (0.00ns)   --->   "%cnt = bitconcatenate i9 @_ssdm_op_BitConcatenate.i9.i1.i8, i1 %icmp_ln20, i8 0" [bnn.cpp:55->bnn.cpp:119]   --->   Operation 26 'bitconcatenate' 'cnt' <Predicate = true> <Delay = 0.00>
ST_2 : Operation 27 [1/1] (0.00ns)   --->   "%zext_ln51 = zext i9 %cnt" [bnn.cpp:51->bnn.cpp:119]   --->   Operation 27 'zext' 'zext_ln51' <Predicate = true> <Delay = 0.00>
ST_2 : Operation 28 [1/1] (0.00ns)   --->   "%layer2_activations_addr = getelementptr i32 %layer2_activations, i64 0, i64 %zext_ln48" [bnn.cpp:57->bnn.cpp:119]   --->   Operation 28 'getelementptr' 'layer2_activations_addr' <Predicate = true> <Delay = 0.00>
ST_2 : Operation 29 [1/1] (0.00ns)   --->   "%layer2_activations_4_addr = getelementptr i32 %layer2_activations_4, i64 0, i64 %zext_ln48" [bnn.cpp:57->bnn.cpp:119]   --->   Operation 29 'getelementptr' 'layer2_activations_4_addr' <Predicate = true> <Delay = 0.00>
ST_2 : Operation 30 [1/1] (0.00ns)   --->   "%layer2_activations_5_addr = getelementptr i32 %layer2_activations_5, i64 0, i64 %zext_ln48" [bnn.cpp:57->bnn.cpp:119]   --->   Operation 30 'getelementptr' 'layer2_activations_5_addr' <Predicate = true> <Delay = 0.00>
ST_2 : Operation 31 [1/1] (0.00ns)   --->   "%layer2_activations_6_addr = getelementptr i32 %layer2_activations_6, i64 0, i64 %zext_ln48" [bnn.cpp:57->bnn.cpp:119]   --->   Operation 31 'getelementptr' 'layer2_activations_6_addr' <Predicate = true> <Delay = 0.00>
ST_2 : Operation 32 [1/1] ( I:3.25ns O:3.25ns )   --->   "%store_ln57 = store i32 %zext_ln51, i5 %layer2_activations_5_addr" [bnn.cpp:57->bnn.cpp:119]   --->   Operation 32 'store' 'store_ln57' <Predicate = (trunc_ln48 == 2)> <Delay = 3.25> <CoreInst = "RAM">   --->   Core 81 'RAM' <Latency = 1> <II = 1> <Delay = 3.25> <Storage> <Opcode : 'load' 'store'> <Ports = 2> <Width = 32> <Depth = 32> <RAM>
ST_2 : Operation 33 [1/1] (0.00ns)   --->   "%br_ln57 = br void %arrayidx93.exit.i19" [bnn.cpp:57->bnn.cpp:119]   --->   Operation 33 'br' 'br_ln57' <Predicate = (trunc_ln48 == 2)> <Delay = 0.00>
ST_2 : Operation 34 [1/1] ( I:3.25ns O:3.25ns )   --->   "%store_ln57 = store i32 %zext_ln51, i5 %layer2_activations_4_addr" [bnn.cpp:57->bnn.cpp:119]   --->   Operation 34 'store' 'store_ln57' <Predicate = (trunc_ln48 == 1)> <Delay = 3.25> <CoreInst = "RAM">   --->   Core 81 'RAM' <Latency = 1> <II = 1> <Delay = 3.25> <Storage> <Opcode : 'load' 'store'> <Ports = 2> <Width = 32> <Depth = 32> <RAM>
ST_2 : Operation 35 [1/1] (0.00ns)   --->   "%br_ln57 = br void %arrayidx93.exit.i19" [bnn.cpp:57->bnn.cpp:119]   --->   Operation 35 'br' 'br_ln57' <Predicate = (trunc_ln48 == 1)> <Delay = 0.00>
ST_2 : Operation 36 [1/1] ( I:3.25ns O:3.25ns )   --->   "%store_ln57 = store i32 %zext_ln51, i5 %layer2_activations_addr" [bnn.cpp:57->bnn.cpp:119]   --->   Operation 36 'store' 'store_ln57' <Predicate = (trunc_ln48 == 0)> <Delay = 3.25> <CoreInst = "RAM">   --->   Core 81 'RAM' <Latency = 1> <II = 1> <Delay = 3.25> <Storage> <Opcode : 'load' 'store'> <Ports = 2> <Width = 32> <Depth = 32> <RAM>
ST_2 : Operation 37 [1/1] (0.00ns)   --->   "%br_ln57 = br void %arrayidx93.exit.i19" [bnn.cpp:57->bnn.cpp:119]   --->   Operation 37 'br' 'br_ln57' <Predicate = (trunc_ln48 == 0)> <Delay = 0.00>
ST_2 : Operation 38 [1/1] ( I:3.25ns O:3.25ns )   --->   "%store_ln57 = store i32 %zext_ln51, i5 %layer2_activations_6_addr" [bnn.cpp:57->bnn.cpp:119]   --->   Operation 38 'store' 'store_ln57' <Predicate = (trunc_ln48 == 3)> <Delay = 3.25> <CoreInst = "RAM">   --->   Core 81 'RAM' <Latency = 1> <II = 1> <Delay = 3.25> <Storage> <Opcode : 'load' 'store'> <Ports = 2> <Width = 32> <Depth = 32> <RAM>
ST_2 : Operation 39 [1/1] (0.00ns)   --->   "%br_ln57 = br void %arrayidx93.exit.i19" [bnn.cpp:57->bnn.cpp:119]   --->   Operation 39 'br' 'br_ln57' <Predicate = (trunc_ln48 == 3)> <Delay = 0.00>


============================================================
+ Verbose Summary: Binding
============================================================
STG Binding: 
---------------- STG Properties BEGIN ----------------
- Is combinational: 0
- Is one-state seq: 0
- Is datapath-only: 0
- Is pipelined: 0
- Is top level: 0
Port [ Return ] is wired: 1; IO mode=ap_ctrl_hs:ce=0
Port [ layer2_activations_6]:  wired=1; compound=1; hidden=0; nouse=0; global=0; static=0; extern=0; dir=1; type=1; pingpong=0; private_global=0; MemPort=[03]; IO mode=ap_memory:ce=0
Port [ layer2_activations_5]:  wired=1; compound=1; hidden=0; nouse=0; global=0; static=0; extern=0; dir=1; type=1; pingpong=0; private_global=0; MemPort=[03]; IO mode=ap_memory:ce=0
Port [ layer2_activations_4]:  wired=1; compound=1; hidden=0; nouse=0; global=0; static=0; extern=0; dir=1; type=1; pingpong=0; private_global=0; MemPort=[03]; IO mode=ap_memory:ce=0
Port [ layer2_activations]:  wired=1; compound=1; hidden=0; nouse=0; global=0; static=0; extern=0; dir=1; type=1; pingpong=0; private_global=0; MemPort=[03]; IO mode=ap_memory:ce=0
Port [ a_1_reload]:  wired=1; compound=0; hidden=0; nouse=0; global=0; static=0; extern=0; dir=0; type=0; pingpong=0; private_global=0; IO mode=ap_none:ce=0
---------------- STG Properties END ------------------

---------------- Datapath Model BEGIN ----------------

<LifeTime>
<method=bitvector/>
x                         (alloca           ) [ 010]
a_1_reload_read           (read             ) [ 000]
store_ln48                (store            ) [ 000]
br_ln0                    (br               ) [ 000]
x_2                       (load             ) [ 000]
icmp_ln48                 (icmp             ) [ 010]
speclooptripcount_ln0     (speclooptripcount) [ 000]
add_ln48                  (add              ) [ 000]
br_ln48                   (br               ) [ 000]
trunc_ln48                (trunc            ) [ 011]
trunc_ln48_1              (trunc            ) [ 000]
lshr_ln48_1               (partselect       ) [ 011]
b                         (sparsemux        ) [ 000]
sext_ln18                 (sext             ) [ 000]
icmp_ln20                 (icmp             ) [ 011]
switch_ln57               (switch           ) [ 000]
store_ln48                (store            ) [ 000]
br_ln48                   (br               ) [ 000]
specpipeline_ln50         (specpipeline     ) [ 000]
specloopname_ln48         (specloopname     ) [ 000]
zext_ln48                 (zext             ) [ 000]
cnt                       (bitconcatenate   ) [ 000]
zext_ln51                 (zext             ) [ 000]
layer2_activations_addr   (getelementptr    ) [ 000]
layer2_activations_4_addr (getelementptr    ) [ 000]
layer2_activations_5_addr (getelementptr    ) [ 000]
layer2_activations_6_addr (getelementptr    ) [ 000]
store_ln57                (store            ) [ 000]
br_ln57                   (br               ) [ 000]
store_ln57                (store            ) [ 000]
br_ln57                   (br               ) [ 000]
store_ln57                (store            ) [ 000]
br_ln57                   (br               ) [ 000]
store_ln57                (store            ) [ 000]
br_ln57                   (br               ) [ 000]
ret_ln0                   (ret              ) [ 000]
</LifeTime>

<model>

<comp_list>
<comp id="0" class="1000" name="layer2_activations_6">
<pin_list>
<pin id="1" dir="1" index="0" bw="1" slack="0"/>
</pin_list>
<bind>
<StgValue><ssdm name="layer2_activations_6"/><MemPortTyVec>0 3 </MemPortTyVec>
</StgValue>
</bind>
</comp>

<comp id="2" class="1000" name="layer2_activations_5">
<pin_list>
<pin id="3" dir="1" index="0" bw="1" slack="0"/>
</pin_list>
<bind>
<StgValue><ssdm name="layer2_activations_5"/><MemPortTyVec>0 3 </MemPortTyVec>
</StgValue>
</bind>
</comp>

<comp id="4" class="1000" name="layer2_activations_4">
<pin_list>
<pin id="5" dir="1" index="0" bw="1" slack="0"/>
</pin_list>
<bind>
<StgValue><ssdm name="layer2_activations_4"/><MemPortTyVec>0 3 </MemPortTyVec>
</StgValue>
</bind>
</comp>

<comp id="6" class="1000" name="layer2_activations">
<pin_list>
<pin id="7" dir="1" index="0" bw="1" slack="0"/>
</pin_list>
<bind>
<StgValue><ssdm name="layer2_activations"/><MemPortTyVec>0 3 </MemPortTyVec>
</StgValue>
</bind>
</comp>

<comp id="8" class="1000" name="a_1_reload">
<pin_list>
<pin id="9" dir="1" index="0" bw="1" slack="0"/>
</pin_list>
<bind>
<StgValue><ssdm name="a_1_reload"/></StgValue>
</bind>
</comp>

<comp id="10" class="1001" name="const_10">
<pin_list>
<pin id="11" dir="1" index="0" bw="1" slack="0"/>
</pin_list>
<bind>
<StgValue><ssdm name=""/></StgValue>
</bind>
</comp>

<comp id="12" class="1001" name="const_12">
<pin_list>
<pin id="13" dir="1" index="0" bw="1" slack="0"/>
</pin_list>
<bind>
<StgValue><ssdm name="_ssdm_op_Read.ap_auto.i32"/></StgValue>
</bind>
</comp>

<comp id="14" class="1001" name="const_14">
<pin_list>
<pin id="15" dir="1" index="0" bw="1" slack="0"/>
</pin_list>
<bind>
<StgValue><ssdm name=""/></StgValue>
</bind>
</comp>

<comp id="16" class="1001" name="const_16">
<pin_list>
<pin id="17" dir="1" index="0" bw="1" slack="0"/>
</pin_list>
<bind>
<StgValue><ssdm name=""/></StgValue>
</bind>
</comp>

<comp id="18" class="1001" name="const_18">
<pin_list>
<pin id="19" dir="1" index="0" bw="1" slack="2147483647"/>
</pin_list>
<bind>
<StgValue><ssdm name="_ssdm_op_SpecLoopTripCount"/></StgValue>
</bind>
</comp>

<comp id="20" class="1001" name="const_20">
<pin_list>
<pin id="21" dir="1" index="0" bw="1" slack="2147483647"/>
</pin_list>
<bind>
<StgValue><ssdm name=""/></StgValue>
</bind>
</comp>

<comp id="22" class="1001" name="const_22">
<pin_list>
<pin id="23" dir="1" index="0" bw="1" slack="0"/>
</pin_list>
<bind>
<StgValue><ssdm name=""/></StgValue>
</bind>
</comp>

<comp id="24" class="1001" name="const_24">
<pin_list>
<pin id="25" dir="1" index="0" bw="1" slack="0"/>
</pin_list>
<bind>
<StgValue><ssdm name="_ssdm_op_PartSelect.i5.i8.i32.i32"/></StgValue>
</bind>
</comp>

<comp id="26" class="1001" name="const_26">
<pin_list>
<pin id="27" dir="1" index="0" bw="1" slack="0"/>
</pin_list>
<bind>
<StgValue><ssdm name=""/></StgValue>
</bind>
</comp>

<comp id="28" class="1001" name="const_28">
<pin_list>
<pin id="29" dir="1" index="0" bw="1" slack="0"/>
</pin_list>
<bind>
<StgValue><ssdm name=""/></StgValue>
</bind>
</comp>

<comp id="30" class="1001" name="const_30">
<pin_list>
<pin id="31" dir="1" index="0" bw="1" slack="0"/>
</pin_list>
<bind>
<StgValue><ssdm name="_ssdm_op_SparseMux.ap_auto.128i7.i7.i7"/></StgValue>
</bind>
</comp>

<comp id="32" class="1001" name="const_32">
<pin_list>
<pin id="33" dir="1" index="0" bw="1" slack="0"/>
</pin_list>
<bind>
<StgValue><ssdm name=""/></StgValue>
</bind>
</comp>

<comp id="34" class="1001" name="const_34">
<pin_list>
<pin id="35" dir="1" index="0" bw="1" slack="0"/>
</pin_list>
<bind>
<StgValue><ssdm name=""/></StgValue>
</bind>
</comp>

<comp id="36" class="1001" name="const_36">
<pin_list>
<pin id="37" dir="1" index="0" bw="1" slack="0"/>
</pin_list>
<bind>
<StgValue><ssdm name=""/></StgValue>
</bind>
</comp>

<comp id="38" class="1001" name="const_38">
<pin_list>
<pin id="39" dir="1" index="0" bw="1" slack="0"/>
</pin_list>
<bind>
<StgValue><ssdm name=""/></StgValue>
</bind>
</comp>

<comp id="40" class="1001" name="const_40">
<pin_list>
<pin id="41" dir="1" index="0" bw="1" slack="0"/>
</pin_list>
<bind>
<StgValue><ssdm name=""/></StgValue>
</bind>
</comp>

<comp id="42" class="1001" name="const_42">
<pin_list>
<pin id="43" dir="1" index="0" bw="1" slack="0"/>
</pin_list>
<bind>
<StgValue><ssdm name=""/></StgValue>
</bind>
</comp>

<comp id="44" class="1001" name="const_44">
<pin_list>
<pin id="45" dir="1" index="0" bw="1" slack="0"/>
</pin_list>
<bind>
<StgValue><ssdm name=""/></StgValue>
</bind>
</comp>

<comp id="46" class="1001" name="const_46">
<pin_list>
<pin id="47" dir="1" index="0" bw="1" slack="0"/>
</pin_list>
<bind>
<StgValue><ssdm name=""/></StgValue>
</bind>
</comp>

<comp id="48" class="1001" name="const_48">
<pin_list>
<pin id="49" dir="1" index="0" bw="1" slack="0"/>
</pin_list>
<bind>
<StgValue><ssdm name=""/></StgValue>
</bind>
</comp>

<comp id="50" class="1001" name="const_50">
<pin_list>
<pin id="51" dir="1" index="0" bw="1" slack="0"/>
</pin_list>
<bind>
<StgValue><ssdm name=""/></StgValue>
</bind>
</comp>

<comp id="52" class="1001" name="const_52">
<pin_list>
<pin id="53" dir="1" index="0" bw="1" slack="0"/>
</pin_list>
<bind>
<StgValue><ssdm name=""/></StgValue>
</bind>
</comp>

<comp id="54" class="1001" name="const_54">
<pin_list>
<pin id="55" dir="1" index="0" bw="1" slack="0"/>
</pin_list>
<bind>
<StgValue><ssdm name=""/></StgValue>
</bind>
</comp>

<comp id="56" class="1001" name="const_56">
<pin_list>
<pin id="57" dir="1" index="0" bw="1" slack="0"/>
</pin_list>
<bind>
<StgValue><ssdm name=""/></StgValue>
</bind>
</comp>

<comp id="58" class="1001" name="const_58">
<pin_list>
<pin id="59" dir="1" index="0" bw="1" slack="0"/>
</pin_list>
<bind>
<StgValue><ssdm name=""/></StgValue>
</bind>
</comp>

<comp id="60" class="1001" name="const_60">
<pin_list>
<pin id="61" dir="1" index="0" bw="1" slack="0"/>
</pin_list>
<bind>
<StgValue><ssdm name=""/></StgValue>
</bind>
</comp>

<comp id="62" class="1001" name="const_62">
<pin_list>
<pin id="63" dir="1" index="0" bw="1" slack="0"/>
</pin_list>
<bind>
<StgValue><ssdm name=""/></StgValue>
</bind>
</comp>

<comp id="64" class="1001" name="const_64">
<pin_list>
<pin id="65" dir="1" index="0" bw="1" slack="0"/>
</pin_list>
<bind>
<StgValue><ssdm name=""/></StgValue>
</bind>
</comp>

<comp id="66" class="1001" name="const_66">
<pin_list>
<pin id="67" dir="1" index="0" bw="1" slack="0"/>
</pin_list>
<bind>
<StgValue><ssdm name=""/></StgValue>
</bind>
</comp>

<comp id="68" class="1001" name="const_68">
<pin_list>
<pin id="69" dir="1" index="0" bw="1" slack="0"/>
</pin_list>
<bind>
<StgValue><ssdm name=""/></StgValue>
</bind>
</comp>

<comp id="70" class="1001" name="const_70">
<pin_list>
<pin id="71" dir="1" index="0" bw="1" slack="0"/>
</pin_list>
<bind>
<StgValue><ssdm name=""/></StgValue>
</bind>
</comp>

<comp id="72" class="1001" name="const_72">
<pin_list>
<pin id="73" dir="1" index="0" bw="1" slack="0"/>
</pin_list>
<bind>
<StgValue><ssdm name=""/></StgValue>
</bind>
</comp>

<comp id="74" class="1001" name="const_74">
<pin_list>
<pin id="75" dir="1" index="0" bw="1" slack="0"/>
</pin_list>
<bind>
<StgValue><ssdm name=""/></StgValue>
</bind>
</comp>

<comp id="76" class="1001" name="const_76">
<pin_list>
<pin id="77" dir="1" index="0" bw="1" slack="0"/>
</pin_list>
<bind>
<StgValue><ssdm name=""/></StgValue>
</bind>
</comp>

<comp id="78" class="1001" name="const_78">
<pin_list>
<pin id="79" dir="1" index="0" bw="1" slack="0"/>
</pin_list>
<bind>
<StgValue><ssdm name=""/></StgValue>
</bind>
</comp>

<comp id="80" class="1001" name="const_80">
<pin_list>
<pin id="81" dir="1" index="0" bw="1" slack="0"/>
</pin_list>
<bind>
<StgValue><ssdm name=""/></StgValue>
</bind>
</comp>

<comp id="82" class="1001" name="const_82">
<pin_list>
<pin id="83" dir="1" index="0" bw="1" slack="0"/>
</pin_list>
<bind>
<StgValue><ssdm name=""/></StgValue>
</bind>
</comp>

<comp id="84" class="1001" name="const_84">
<pin_list>
<pin id="85" dir="1" index="0" bw="1" slack="0"/>
</pin_list>
<bind>
<StgValue><ssdm name=""/></StgValue>
</bind>
</comp>

<comp id="86" class="1001" name="const_86">
<pin_list>
<pin id="87" dir="1" index="0" bw="1" slack="0"/>
</pin_list>
<bind>
<StgValue><ssdm name=""/></StgValue>
</bind>
</comp>

<comp id="88" class="1001" name="const_88">
<pin_list>
<pin id="89" dir="1" index="0" bw="1" slack="0"/>
</pin_list>
<bind>
<StgValue><ssdm name=""/></StgValue>
</bind>
</comp>

<comp id="90" class="1001" name="const_90">
<pin_list>
<pin id="91" dir="1" index="0" bw="1" slack="0"/>
</pin_list>
<bind>
<StgValue><ssdm name=""/></StgValue>
</bind>
</comp>

<comp id="92" class="1001" name="const_92">
<pin_list>
<pin id="93" dir="1" index="0" bw="1" slack="0"/>
</pin_list>
<bind>
<StgValue><ssdm name=""/></StgValue>
</bind>
</comp>

<comp id="94" class="1001" name="const_94">
<pin_list>
<pin id="95" dir="1" index="0" bw="1" slack="0"/>
</pin_list>
<bind>
<StgValue><ssdm name=""/></StgValue>
</bind>
</comp>

<comp id="96" class="1001" name="const_96">
<pin_list>
<pin id="97" dir="1" index="0" bw="1" slack="0"/>
</pin_list>
<bind>
<StgValue><ssdm name=""/></StgValue>
</bind>
</comp>

<comp id="98" class="1001" name="const_98">
<pin_list>
<pin id="99" dir="1" index="0" bw="1" slack="0"/>
</pin_list>
<bind>
<StgValue><ssdm name=""/></StgValue>
</bind>
</comp>

<comp id="100" class="1001" name="const_100">
<pin_list>
<pin id="101" dir="1" index="0" bw="1" slack="0"/>
</pin_list>
<bind>
<StgValue><ssdm name=""/></StgValue>
</bind>
</comp>

<comp id="102" class="1001" name="const_102">
<pin_list>
<pin id="103" dir="1" index="0" bw="1" slack="0"/>
</pin_list>
<bind>
<StgValue><ssdm name=""/></StgValue>
</bind>
</comp>

<comp id="104" class="1001" name="const_104">
<pin_list>
<pin id="105" dir="1" index="0" bw="1" slack="0"/>
</pin_list>
<bind>
<StgValue><ssdm name=""/></StgValue>
</bind>
</comp>

<comp id="106" class="1001" name="const_106">
<pin_list>
<pin id="107" dir="1" index="0" bw="1" slack="0"/>
</pin_list>
<bind>
<StgValue><ssdm name=""/></StgValue>
</bind>
</comp>

<comp id="108" class="1001" name="const_108">
<pin_list>
<pin id="109" dir="1" index="0" bw="1" slack="0"/>
</pin_list>
<bind>
<StgValue><ssdm name=""/></StgValue>
</bind>
</comp>

<comp id="110" class="1001" name="const_110">
<pin_list>
<pin id="111" dir="1" index="0" bw="1" slack="0"/>
</pin_list>
<bind>
<StgValue><ssdm name=""/></StgValue>
</bind>
</comp>

<comp id="112" class="1001" name="const_112">
<pin_list>
<pin id="113" dir="1" index="0" bw="1" slack="0"/>
</pin_list>
<bind>
<StgValue><ssdm name=""/></StgValue>
</bind>
</comp>

<comp id="114" class="1001" name="const_114">
<pin_list>
<pin id="115" dir="1" index="0" bw="1" slack="0"/>
</pin_list>
<bind>
<StgValue><ssdm name=""/></StgValue>
</bind>
</comp>

<comp id="116" class="1001" name="const_116">
<pin_list>
<pin id="117" dir="1" index="0" bw="1" slack="0"/>
</pin_list>
<bind>
<StgValue><ssdm name=""/></StgValue>
</bind>
</comp>

<comp id="118" class="1001" name="const_118">
<pin_list>
<pin id="119" dir="1" index="0" bw="1" slack="0"/>
</pin_list>
<bind>
<StgValue><ssdm name=""/></StgValue>
</bind>
</comp>

<comp id="120" class="1001" name="const_120">
<pin_list>
<pin id="121" dir="1" index="0" bw="1" slack="0"/>
</pin_list>
<bind>
<StgValue><ssdm name=""/></StgValue>
</bind>
</comp>

<comp id="122" class="1001" name="const_122">
<pin_list>
<pin id="123" dir="1" index="0" bw="1" slack="0"/>
</pin_list>
<bind>
<StgValue><ssdm name=""/></StgValue>
</bind>
</comp>

<comp id="124" class="1001" name="const_124">
<pin_list>
<pin id="125" dir="1" index="0" bw="1" slack="0"/>
</pin_list>
<bind>
<StgValue><ssdm name=""/></StgValue>
</bind>
</comp>

<comp id="126" class="1001" name="const_126">
<pin_list>
<pin id="127" dir="1" index="0" bw="1" slack="0"/>
</pin_list>
<bind>
<StgValue><ssdm name=""/></StgValue>
</bind>
</comp>

<comp id="128" class="1001" name="const_128">
<pin_list>
<pin id="129" dir="1" index="0" bw="1" slack="0"/>
</pin_list>
<bind>
<StgValue><ssdm name=""/></StgValue>
</bind>
</comp>

<comp id="130" class="1001" name="const_130">
<pin_list>
<pin id="131" dir="1" index="0" bw="1" slack="0"/>
</pin_list>
<bind>
<StgValue><ssdm name=""/></StgValue>
</bind>
</comp>

<comp id="132" class="1001" name="const_132">
<pin_list>
<pin id="133" dir="1" index="0" bw="1" slack="0"/>
</pin_list>
<bind>
<StgValue><ssdm name=""/></StgValue>
</bind>
</comp>

<comp id="134" class="1001" name="const_134">
<pin_list>
<pin id="135" dir="1" index="0" bw="1" slack="0"/>
</pin_list>
<bind>
<StgValue><ssdm name=""/></StgValue>
</bind>
</comp>

<comp id="136" class="1001" name="const_136">
<pin_list>
<pin id="137" dir="1" index="0" bw="1" slack="0"/>
</pin_list>
<bind>
<StgValue><ssdm name=""/></StgValue>
</bind>
</comp>

<comp id="138" class="1001" name="const_138">
<pin_list>
<pin id="139" dir="1" index="0" bw="1" slack="0"/>
</pin_list>
<bind>
<StgValue><ssdm name=""/></StgValue>
</bind>
</comp>

<comp id="140" class="1001" name="const_140">
<pin_list>
<pin id="141" dir="1" index="0" bw="1" slack="0"/>
</pin_list>
<bind>
<StgValue><ssdm name=""/></StgValue>
</bind>
</comp>

<comp id="142" class="1001" name="const_142">
<pin_list>
<pin id="143" dir="1" index="0" bw="1" slack="0"/>
</pin_list>
<bind>
<StgValue><ssdm name=""/></StgValue>
</bind>
</comp>

<comp id="144" class="1001" name="const_144">
<pin_list>
<pin id="145" dir="1" index="0" bw="1" slack="0"/>
</pin_list>
<bind>
<StgValue><ssdm name=""/></StgValue>
</bind>
</comp>

<comp id="146" class="1001" name="const_146">
<pin_list>
<pin id="147" dir="1" index="0" bw="1" slack="0"/>
</pin_list>
<bind>
<StgValue><ssdm name=""/></StgValue>
</bind>
</comp>

<comp id="148" class="1001" name="const_148">
<pin_list>
<pin id="149" dir="1" index="0" bw="1" slack="0"/>
</pin_list>
<bind>
<StgValue><ssdm name=""/></StgValue>
</bind>
</comp>

<comp id="150" class="1001" name="const_150">
<pin_list>
<pin id="151" dir="1" index="0" bw="1" slack="0"/>
</pin_list>
<bind>
<StgValue><ssdm name=""/></StgValue>
</bind>
</comp>

<comp id="152" class="1001" name="const_152">
<pin_list>
<pin id="153" dir="1" index="0" bw="1" slack="0"/>
</pin_list>
<bind>
<StgValue><ssdm name=""/></StgValue>
</bind>
</comp>

<comp id="154" class="1001" name="const_154">
<pin_list>
<pin id="155" dir="1" index="0" bw="1" slack="0"/>
</pin_list>
<bind>
<StgValue><ssdm name=""/></StgValue>
</bind>
</comp>

<comp id="156" class="1001" name="const_156">
<pin_list>
<pin id="157" dir="1" index="0" bw="1" slack="0"/>
</pin_list>
<bind>
<StgValue><ssdm name=""/></StgValue>
</bind>
</comp>

<comp id="158" class="1001" name="const_158">
<pin_list>
<pin id="159" dir="1" index="0" bw="1" slack="0"/>
</pin_list>
<bind>
<StgValue><ssdm name=""/></StgValue>
</bind>
</comp>

<comp id="160" class="1001" name="const_160">
<pin_list>
<pin id="161" dir="1" index="0" bw="1" slack="0"/>
</pin_list>
<bind>
<StgValue><ssdm name=""/></StgValue>
</bind>
</comp>

<comp id="162" class="1001" name="const_162">
<pin_list>
<pin id="163" dir="1" index="0" bw="1" slack="0"/>
</pin_list>
<bind>
<StgValue><ssdm name=""/></StgValue>
</bind>
</comp>

<comp id="164" class="1001" name="const_164">
<pin_list>
<pin id="165" dir="1" index="0" bw="1" slack="0"/>
</pin_list>
<bind>
<StgValue><ssdm name=""/></StgValue>
</bind>
</comp>

<comp id="166" class="1001" name="const_166">
<pin_list>
<pin id="167" dir="1" index="0" bw="1" slack="0"/>
</pin_list>
<bind>
<StgValue><ssdm name=""/></StgValue>
</bind>
</comp>

<comp id="168" class="1001" name="const_168">
<pin_list>
<pin id="169" dir="1" index="0" bw="1" slack="0"/>
</pin_list>
<bind>
<StgValue><ssdm name=""/></StgValue>
</bind>
</comp>

<comp id="170" class="1001" name="const_170">
<pin_list>
<pin id="171" dir="1" index="0" bw="1" slack="0"/>
</pin_list>
<bind>
<StgValue><ssdm name=""/></StgValue>
</bind>
</comp>

<comp id="172" class="1001" name="const_172">
<pin_list>
<pin id="173" dir="1" index="0" bw="1" slack="0"/>
</pin_list>
<bind>
<StgValue><ssdm name=""/></StgValue>
</bind>
</comp>

<comp id="174" class="1001" name="const_174">
<pin_list>
<pin id="175" dir="1" index="0" bw="1" slack="0"/>
</pin_list>
<bind>
<StgValue><ssdm name=""/></StgValue>
</bind>
</comp>

<comp id="176" class="1001" name="const_176">
<pin_list>
<pin id="177" dir="1" index="0" bw="1" slack="0"/>
</pin_list>
<bind>
<StgValue><ssdm name=""/></StgValue>
</bind>
</comp>

<comp id="178" class="1001" name="const_178">
<pin_list>
<pin id="179" dir="1" index="0" bw="1" slack="0"/>
</pin_list>
<bind>
<StgValue><ssdm name=""/></StgValue>
</bind>
</comp>

<comp id="180" class="1001" name="const_180">
<pin_list>
<pin id="181" dir="1" index="0" bw="1" slack="0"/>
</pin_list>
<bind>
<StgValue><ssdm name=""/></StgValue>
</bind>
</comp>

<comp id="182" class="1001" name="const_182">
<pin_list>
<pin id="183" dir="1" index="0" bw="1" slack="0"/>
</pin_list>
<bind>
<StgValue><ssdm name=""/></StgValue>
</bind>
</comp>

<comp id="184" class="1001" name="const_184">
<pin_list>
<pin id="185" dir="1" index="0" bw="1" slack="0"/>
</pin_list>
<bind>
<StgValue><ssdm name=""/></StgValue>
</bind>
</comp>

<comp id="186" class="1001" name="const_186">
<pin_list>
<pin id="187" dir="1" index="0" bw="1" slack="0"/>
</pin_list>
<bind>
<StgValue><ssdm name=""/></StgValue>
</bind>
</comp>

<comp id="188" class="1001" name="const_188">
<pin_list>
<pin id="189" dir="1" index="0" bw="1" slack="0"/>
</pin_list>
<bind>
<StgValue><ssdm name=""/></StgValue>
</bind>
</comp>

<comp id="190" class="1001" name="const_190">
<pin_list>
<pin id="191" dir="1" index="0" bw="1" slack="0"/>
</pin_list>
<bind>
<StgValue><ssdm name=""/></StgValue>
</bind>
</comp>

<comp id="192" class="1001" name="const_192">
<pin_list>
<pin id="193" dir="1" index="0" bw="1" slack="0"/>
</pin_list>
<bind>
<StgValue><ssdm name=""/></StgValue>
</bind>
</comp>

<comp id="194" class="1001" name="const_194">
<pin_list>
<pin id="195" dir="1" index="0" bw="1" slack="0"/>
</pin_list>
<bind>
<StgValue><ssdm name=""/></StgValue>
</bind>
</comp>

<comp id="196" class="1001" name="const_196">
<pin_list>
<pin id="197" dir="1" index="0" bw="1" slack="0"/>
</pin_list>
<bind>
<StgValue><ssdm name=""/></StgValue>
</bind>
</comp>

<comp id="198" class="1001" name="const_198">
<pin_list>
<pin id="199" dir="1" index="0" bw="1" slack="0"/>
</pin_list>
<bind>
<StgValue><ssdm name=""/></StgValue>
</bind>
</comp>

<comp id="200" class="1001" name="const_200">
<pin_list>
<pin id="201" dir="1" index="0" bw="1" slack="0"/>
</pin_list>
<bind>
<StgValue><ssdm name=""/></StgValue>
</bind>
</comp>

<comp id="202" class="1001" name="const_202">
<pin_list>
<pin id="203" dir="1" index="0" bw="1" slack="0"/>
</pin_list>
<bind>
<StgValue><ssdm name=""/></StgValue>
</bind>
</comp>

<comp id="204" class="1001" name="const_204">
<pin_list>
<pin id="205" dir="1" index="0" bw="1" slack="0"/>
</pin_list>
<bind>
<StgValue><ssdm name=""/></StgValue>
</bind>
</comp>

<comp id="206" class="1001" name="const_206">
<pin_list>
<pin id="207" dir="1" index="0" bw="1" slack="0"/>
</pin_list>
<bind>
<StgValue><ssdm name=""/></StgValue>
</bind>
</comp>

<comp id="208" class="1001" name="const_208">
<pin_list>
<pin id="209" dir="1" index="0" bw="1" slack="0"/>
</pin_list>
<bind>
<StgValue><ssdm name=""/></StgValue>
</bind>
</comp>

<comp id="210" class="1001" name="const_210">
<pin_list>
<pin id="211" dir="1" index="0" bw="1" slack="0"/>
</pin_list>
<bind>
<StgValue><ssdm name=""/></StgValue>
</bind>
</comp>

<comp id="212" class="1001" name="const_212">
<pin_list>
<pin id="213" dir="1" index="0" bw="1" slack="0"/>
</pin_list>
<bind>
<StgValue><ssdm name=""/></StgValue>
</bind>
</comp>

<comp id="214" class="1001" name="const_214">
<pin_list>
<pin id="215" dir="1" index="0" bw="1" slack="0"/>
</pin_list>
<bind>
<StgValue><ssdm name=""/></StgValue>
</bind>
</comp>

<comp id="216" class="1001" name="const_216">
<pin_list>
<pin id="217" dir="1" index="0" bw="1" slack="0"/>
</pin_list>
<bind>
<StgValue><ssdm name=""/></StgValue>
</bind>
</comp>

<comp id="218" class="1001" name="const_218">
<pin_list>
<pin id="219" dir="1" index="0" bw="1" slack="0"/>
</pin_list>
<bind>
<StgValue><ssdm name=""/></StgValue>
</bind>
</comp>

<comp id="220" class="1001" name="const_220">
<pin_list>
<pin id="221" dir="1" index="0" bw="1" slack="0"/>
</pin_list>
<bind>
<StgValue><ssdm name=""/></StgValue>
</bind>
</comp>

<comp id="222" class="1001" name="const_222">
<pin_list>
<pin id="223" dir="1" index="0" bw="1" slack="0"/>
</pin_list>
<bind>
<StgValue><ssdm name=""/></StgValue>
</bind>
</comp>

<comp id="224" class="1001" name="const_224">
<pin_list>
<pin id="225" dir="1" index="0" bw="1" slack="0"/>
</pin_list>
<bind>
<StgValue><ssdm name=""/></StgValue>
</bind>
</comp>

<comp id="226" class="1001" name="const_226">
<pin_list>
<pin id="227" dir="1" index="0" bw="1" slack="0"/>
</pin_list>
<bind>
<StgValue><ssdm name=""/></StgValue>
</bind>
</comp>

<comp id="228" class="1001" name="const_228">
<pin_list>
<pin id="229" dir="1" index="0" bw="1" slack="0"/>
</pin_list>
<bind>
<StgValue><ssdm name=""/></StgValue>
</bind>
</comp>

<comp id="230" class="1001" name="const_230">
<pin_list>
<pin id="231" dir="1" index="0" bw="1" slack="0"/>
</pin_list>
<bind>
<StgValue><ssdm name=""/></StgValue>
</bind>
</comp>

<comp id="232" class="1001" name="const_232">
<pin_list>
<pin id="233" dir="1" index="0" bw="1" slack="0"/>
</pin_list>
<bind>
<StgValue><ssdm name=""/></StgValue>
</bind>
</comp>

<comp id="234" class="1001" name="const_234">
<pin_list>
<pin id="235" dir="1" index="0" bw="1" slack="0"/>
</pin_list>
<bind>
<StgValue><ssdm name=""/></StgValue>
</bind>
</comp>

<comp id="236" class="1001" name="const_236">
<pin_list>
<pin id="237" dir="1" index="0" bw="1" slack="0"/>
</pin_list>
<bind>
<StgValue><ssdm name=""/></StgValue>
</bind>
</comp>

<comp id="238" class="1001" name="const_238">
<pin_list>
<pin id="239" dir="1" index="0" bw="1" slack="0"/>
</pin_list>
<bind>
<StgValue><ssdm name=""/></StgValue>
</bind>
</comp>

<comp id="240" class="1001" name="const_240">
<pin_list>
<pin id="241" dir="1" index="0" bw="1" slack="0"/>
</pin_list>
<bind>
<StgValue><ssdm name=""/></StgValue>
</bind>
</comp>

<comp id="242" class="1001" name="const_242">
<pin_list>
<pin id="243" dir="1" index="0" bw="1" slack="0"/>
</pin_list>
<bind>
<StgValue><ssdm name=""/></StgValue>
</bind>
</comp>

<comp id="244" class="1001" name="const_244">
<pin_list>
<pin id="245" dir="1" index="0" bw="1" slack="0"/>
</pin_list>
<bind>
<StgValue><ssdm name=""/></StgValue>
</bind>
</comp>

<comp id="246" class="1001" name="const_246">
<pin_list>
<pin id="247" dir="1" index="0" bw="1" slack="0"/>
</pin_list>
<bind>
<StgValue><ssdm name=""/></StgValue>
</bind>
</comp>

<comp id="248" class="1001" name="const_248">
<pin_list>
<pin id="249" dir="1" index="0" bw="1" slack="0"/>
</pin_list>
<bind>
<StgValue><ssdm name=""/></StgValue>
</bind>
</comp>

<comp id="250" class="1001" name="const_250">
<pin_list>
<pin id="251" dir="1" index="0" bw="1" slack="0"/>
</pin_list>
<bind>
<StgValue><ssdm name=""/></StgValue>
</bind>
</comp>

<comp id="252" class="1001" name="const_252">
<pin_list>
<pin id="253" dir="1" index="0" bw="1" slack="0"/>
</pin_list>
<bind>
<StgValue><ssdm name=""/></StgValue>
</bind>
</comp>

<comp id="254" class="1001" name="const_254">
<pin_list>
<pin id="255" dir="1" index="0" bw="1" slack="0"/>
</pin_list>
<bind>
<StgValue><ssdm name=""/></StgValue>
</bind>
</comp>

<comp id="256" class="1001" name="const_256">
<pin_list>
<pin id="257" dir="1" index="0" bw="1" slack="0"/>
</pin_list>
<bind>
<StgValue><ssdm name=""/></StgValue>
</bind>
</comp>

<comp id="258" class="1001" name="const_258">
<pin_list>
<pin id="259" dir="1" index="0" bw="1" slack="0"/>
</pin_list>
<bind>
<StgValue><ssdm name=""/></StgValue>
</bind>
</comp>

<comp id="260" class="1001" name="const_260">
<pin_list>
<pin id="261" dir="1" index="0" bw="1" slack="0"/>
</pin_list>
<bind>
<StgValue><ssdm name=""/></StgValue>
</bind>
</comp>

<comp id="262" class="1001" name="const_262">
<pin_list>
<pin id="263" dir="1" index="0" bw="1" slack="0"/>
</pin_list>
<bind>
<StgValue><ssdm name=""/></StgValue>
</bind>
</comp>

<comp id="264" class="1001" name="const_264">
<pin_list>
<pin id="265" dir="1" index="0" bw="1" slack="0"/>
</pin_list>
<bind>
<StgValue><ssdm name=""/></StgValue>
</bind>
</comp>

<comp id="266" class="1001" name="const_266">
<pin_list>
<pin id="267" dir="1" index="0" bw="1" slack="0"/>
</pin_list>
<bind>
<StgValue><ssdm name=""/></StgValue>
</bind>
</comp>

<comp id="268" class="1001" name="const_268">
<pin_list>
<pin id="269" dir="1" index="0" bw="1" slack="0"/>
</pin_list>
<bind>
<StgValue><ssdm name=""/></StgValue>
</bind>
</comp>

<comp id="270" class="1001" name="const_270">
<pin_list>
<pin id="271" dir="1" index="0" bw="1" slack="0"/>
</pin_list>
<bind>
<StgValue><ssdm name=""/></StgValue>
</bind>
</comp>

<comp id="272" class="1001" name="const_272">
<pin_list>
<pin id="273" dir="1" index="0" bw="1" slack="0"/>
</pin_list>
<bind>
<StgValue><ssdm name=""/></StgValue>
</bind>
</comp>

<comp id="274" class="1001" name="const_274">
<pin_list>
<pin id="275" dir="1" index="0" bw="1" slack="0"/>
</pin_list>
<bind>
<StgValue><ssdm name=""/></StgValue>
</bind>
</comp>

<comp id="276" class="1001" name="const_276">
<pin_list>
<pin id="277" dir="1" index="0" bw="1" slack="0"/>
</pin_list>
<bind>
<StgValue><ssdm name=""/></StgValue>
</bind>
</comp>

<comp id="278" class="1001" name="const_278">
<pin_list>
<pin id="279" dir="1" index="0" bw="1" slack="0"/>
</pin_list>
<bind>
<StgValue><ssdm name=""/></StgValue>
</bind>
</comp>

<comp id="280" class="1001" name="const_280">
<pin_list>
<pin id="281" dir="1" index="0" bw="1" slack="0"/>
</pin_list>
<bind>
<StgValue><ssdm name=""/></StgValue>
</bind>
</comp>

<comp id="282" class="1001" name="const_282">
<pin_list>
<pin id="283" dir="1" index="0" bw="1" slack="0"/>
</pin_list>
<bind>
<StgValue><ssdm name=""/></StgValue>
</bind>
</comp>

<comp id="284" class="1001" name="const_284">
<pin_list>
<pin id="285" dir="1" index="0" bw="1" slack="0"/>
</pin_list>
<bind>
<StgValue><ssdm name=""/></StgValue>
</bind>
</comp>

<comp id="286" class="1001" name="const_286">
<pin_list>
<pin id="287" dir="1" index="0" bw="1" slack="0"/>
</pin_list>
<bind>
<StgValue><ssdm name=""/></StgValue>
</bind>
</comp>

<comp id="288" class="1001" name="const_288">
<pin_list>
<pin id="289" dir="1" index="0" bw="1" slack="0"/>
</pin_list>
<bind>
<StgValue><ssdm name=""/></StgValue>
</bind>
</comp>

<comp id="290" class="1001" name="const_290">
<pin_list>
<pin id="291" dir="1" index="0" bw="1" slack="2147483647"/>
</pin_list>
<bind>
<StgValue><ssdm name=""/></StgValue>
</bind>
</comp>

<comp id="292" class="1001" name="const_292">
<pin_list>
<pin id="293" dir="1" index="0" bw="1" slack="2147483647"/>
</pin_list>
<bind>
<StgValue><ssdm name=""/></StgValue>
</bind>
</comp>

<comp id="294" class="1001" name="const_294">
<pin_list>
<pin id="295" dir="1" index="0" bw="1" slack="2147483647"/>
</pin_list>
<bind>
<StgValue><ssdm name=""/></StgValue>
</bind>
</comp>

<comp id="296" class="1001" name="const_296">
<pin_list>
<pin id="297" dir="1" index="0" bw="1" slack="2147483647"/>
</pin_list>
<bind>
<StgValue><ssdm name="_ssdm_op_SpecPipeline"/></StgValue>
</bind>
</comp>

<comp id="298" class="1001" name="const_298">
<pin_list>
<pin id="299" dir="1" index="0" bw="1" slack="2147483647"/>
</pin_list>
<bind>
<StgValue><ssdm name=""/></StgValue>
</bind>
</comp>

<comp id="300" class="1001" name="const_300">
<pin_list>
<pin id="301" dir="1" index="0" bw="1" slack="2147483647"/>
</pin_list>
<bind>
<StgValue><ssdm name="empty_1"/></StgValue>
</bind>
</comp>

<comp id="302" class="1001" name="const_302">
<pin_list>
<pin id="303" dir="1" index="0" bw="1" slack="2147483647"/>
</pin_list>
<bind>
<StgValue><ssdm name="_ssdm_op_SpecLoopName"/></StgValue>
</bind>
</comp>

<comp id="304" class="1001" name="const_304">
<pin_list>
<pin id="305" dir="1" index="0" bw="1" slack="2147483647"/>
</pin_list>
<bind>
<StgValue><ssdm name="empty_14"/></StgValue>
</bind>
</comp>

<comp id="306" class="1001" name="const_306">
<pin_list>
<pin id="307" dir="1" index="0" bw="1" slack="0"/>
</pin_list>
<bind>
<StgValue><ssdm name="_ssdm_op_BitConcatenate.i9.i1.i8"/></StgValue>
</bind>
</comp>

<comp id="308" class="1001" name="const_308">
<pin_list>
<pin id="309" dir="1" index="0" bw="1" slack="0"/>
</pin_list>
<bind>
<StgValue><ssdm name=""/></StgValue>
</bind>
</comp>

<comp id="310" class="1004" name="x_fu_310">
<pin_list>
<pin id="311" dir="0" index="0" bw="1" slack="0"/>
<pin id="312" dir="1" index="1" bw="8" slack="0"/>
</pin_list>
<bind>
<opcode="alloca(26) " fcode="alloca"/>
<opset="x/1 "/>
</bind>
</comp>

<comp id="314" class="1004" name="a_1_reload_read_read_fu_314">
<pin_list>
<pin id="315" dir="0" index="0" bw="32" slack="0"/>
<pin id="316" dir="0" index="1" bw="32" slack="0"/>
<pin id="317" dir="1" index="2" bw="32" slack="0"/>
</pin_list>
<bind>
<opcode="read(1150) " fcode="read"/>
<opset="a_1_reload_read/1 "/>
</bind>
</comp>

<comp id="320" class="1004" name="layer2_activations_addr_gep_fu_320">
<pin_list>
<pin id="321" dir="0" index="0" bw="32" slack="0"/>
<pin id="322" dir="0" index="1" bw="1" slack="0"/>
<pin id="323" dir="0" index="2" bw="5" slack="0"/>
<pin id="324" dir="1" index="3" bw="5" slack="0"/>
</pin_list>
<bind>
<opcode="getelementptr(29) " fcode="getelementptr"/>
<opset="layer2_activations_addr/2 "/>
</bind>
</comp>

<comp id="327" class="1004" name="layer2_activations_4_addr_gep_fu_327">
<pin_list>
<pin id="328" dir="0" index="0" bw="32" slack="0"/>
<pin id="329" dir="0" index="1" bw="1" slack="0"/>
<pin id="330" dir="0" index="2" bw="5" slack="0"/>
<pin id="331" dir="1" index="3" bw="5" slack="0"/>
</pin_list>
<bind>
<opcode="getelementptr(29) " fcode="getelementptr"/>
<opset="layer2_activations_4_addr/2 "/>
</bind>
</comp>

<comp id="334" class="1004" name="layer2_activations_5_addr_gep_fu_334">
<pin_list>
<pin id="335" dir="0" index="0" bw="32" slack="0"/>
<pin id="336" dir="0" index="1" bw="1" slack="0"/>
<pin id="337" dir="0" index="2" bw="5" slack="0"/>
<pin id="338" dir="1" index="3" bw="5" slack="0"/>
</pin_list>
<bind>
<opcode="getelementptr(29) " fcode="getelementptr"/>
<opset="layer2_activations_5_addr/2 "/>
</bind>
</comp>

<comp id="341" class="1004" name="layer2_activations_6_addr_gep_fu_341">
<pin_list>
<pin id="342" dir="0" index="0" bw="32" slack="0"/>
<pin id="343" dir="0" index="1" bw="1" slack="0"/>
<pin id="344" dir="0" index="2" bw="5" slack="0"/>
<pin id="345" dir="1" index="3" bw="5" slack="0"/>
</pin_list>
<bind>
<opcode="getelementptr(29) " fcode="getelementptr"/>
<opset="layer2_activations_6_addr/2 "/>
</bind>
</comp>

<comp id="348" class="1004" name="store_ln57_access_fu_348">
<pin_list>
<pin id="349" dir="0" index="0" bw="5" slack="0"/>
<pin id="350" dir="0" index="1" bw="32" slack="0"/>
<pin id="351" dir="0" index="2" bw="0" slack="2147483647"/>
<pin id="352" dir="1" index="3" bw="32" slack="2147483647"/>
</pin_list>
<bind>
<opcode="store(28) " fcode="store"/>
<opset="store_ln57/2 "/>
</bind>
</comp>

<comp id="354" class="1004" name="store_ln57_access_fu_354">
<pin_list>
<pin id="355" dir="0" index="0" bw="5" slack="0"/>
<pin id="356" dir="0" index="1" bw="32" slack="0"/>
<pin id="357" dir="0" index="2" bw="0" slack="2147483647"/>
<pin id="358" dir="1" index="3" bw="32" slack="2147483647"/>
</pin_list>
<bind>
<opcode="store(28) " fcode="store"/>
<opset="store_ln57/2 "/>
</bind>
</comp>

<comp id="360" class="1004" name="store_ln57_access_fu_360">
<pin_list>
<pin id="361" dir="0" index="0" bw="5" slack="0"/>
<pin id="362" dir="0" index="1" bw="32" slack="0"/>
<pin id="363" dir="0" index="2" bw="0" slack="2147483647"/>
<pin id="364" dir="1" index="3" bw="32" slack="2147483647"/>
</pin_list>
<bind>
<opcode="store(28) " fcode="store"/>
<opset="store_ln57/2 "/>
</bind>
</comp>

<comp id="366" class="1004" name="store_ln57_access_fu_366">
<pin_list>
<pin id="367" dir="0" index="0" bw="5" slack="0"/>
<pin id="368" dir="0" index="1" bw="32" slack="0"/>
<pin id="369" dir="0" index="2" bw="0" slack="2147483647"/>
<pin id="370" dir="1" index="3" bw="32" slack="2147483647"/>
</pin_list>
<bind>
<opcode="store(28) " fcode="store"/>
<opset="store_ln57/2 "/>
</bind>
</comp>

<comp id="372" class="1004" name="store_ln48_store_fu_372">
<pin_list>
<pin id="373" dir="0" index="0" bw="1" slack="0"/>
<pin id="374" dir="0" index="1" bw="8" slack="0"/>
<pin id="375" dir="1" index="2" bw="0" slack="2147483647"/>
</pin_list>
<bind>
<opcode="store(28) " fcode="store"/>
<opset="store_ln48/1 "/>
</bind>
</comp>

<comp id="377" class="1004" name="x_2_load_fu_377">
<pin_list>
<pin id="378" dir="0" index="0" bw="8" slack="0"/>
<pin id="379" dir="1" index="1" bw="8" slack="0"/>
</pin_list>
<bind>
<opcode="load(27) " fcode="load"/>
<opset="x_2/1 "/>
</bind>
</comp>

<comp id="380" class="1004" name="icmp_ln48_fu_380">
<pin_list>
<pin id="381" dir="0" index="0" bw="8" slack="0"/>
<pin id="382" dir="0" index="1" bw="8" slack="0"/>
<pin id="383" dir="1" index="2" bw="1" slack="2147483647"/>
</pin_list>
<bind>
<opcode="icmp(45) " fcode="icmp"/>
<opset="icmp_ln48/1 "/>
</bind>
</comp>

<comp id="386" class="1004" name="add_ln48_fu_386">
<pin_list>
<pin id="387" dir="0" index="0" bw="8" slack="0"/>
<pin id="388" dir="0" index="1" bw="1" slack="0"/>
<pin id="389" dir="1" index="2" bw="8" slack="0"/>
</pin_list>
<bind>
<opcode="add(8) " fcode="add"/>
<opset="add_ln48/1 "/>
</bind>
</comp>

<comp id="392" class="1004" name="trunc_ln48_fu_392">
<pin_list>
<pin id="393" dir="0" index="0" bw="8" slack="0"/>
<pin id="394" dir="1" index="1" bw="2" slack="1"/>
</pin_list>
<bind>
<opcode="trunc(33) " fcode="trunc"/>
<opset="trunc_ln48/1 "/>
</bind>
</comp>

<comp id="396" class="1004" name="trunc_ln48_1_fu_396">
<pin_list>
<pin id="397" dir="0" index="0" bw="8" slack="0"/>
<pin id="398" dir="1" index="1" bw="7" slack="0"/>
</pin_list>
<bind>
<opcode="trunc(33) " fcode="trunc"/>
<opset="trunc_ln48_1/1 "/>
</bind>
</comp>

<comp id="400" class="1004" name="lshr_ln48_1_fu_400">
<pin_list>
<pin id="401" dir="0" index="0" bw="5" slack="0"/>
<pin id="402" dir="0" index="1" bw="8" slack="0"/>
<pin id="403" dir="0" index="2" bw="3" slack="0"/>
<pin id="404" dir="0" index="3" bw="4" slack="0"/>
<pin id="405" dir="1" index="4" bw="5" slack="1"/>
</pin_list>
<bind>
<opcode="partselect(1002) " fcode="partselect"/>
<opset="lshr_ln48_1/1 "/>
</bind>
</comp>

<comp id="410" class="1004" name="b_fu_410">
<pin_list>
<pin id="411" dir="0" index="0" bw="7" slack="0"/>
<pin id="412" dir="0" index="1" bw="7" slack="0"/>
<pin id="413" dir="0" index="2" bw="7" slack="0"/>
<pin id="414" dir="0" index="3" bw="7" slack="0"/>
<pin id="415" dir="0" index="4" bw="7" slack="0"/>
<pin id="416" dir="0" index="5" bw="7" slack="0"/>
<pin id="417" dir="0" index="6" bw="7" slack="0"/>
<pin id="418" dir="0" index="7" bw="7" slack="0"/>
<pin id="419" dir="0" index="8" bw="7" slack="0"/>
<pin id="420" dir="0" index="9" bw="7" slack="0"/>
<pin id="421" dir="0" index="10" bw="7" slack="0"/>
<pin id="422" dir="0" index="11" bw="7" slack="0"/>
<pin id="423" dir="0" index="12" bw="7" slack="0"/>
<pin id="424" dir="0" index="13" bw="7" slack="0"/>
<pin id="425" dir="0" index="14" bw="7" slack="0"/>
<pin id="426" dir="0" index="15" bw="7" slack="0"/>
<pin id="427" dir="0" index="16" bw="7" slack="0"/>
<pin id="428" dir="0" index="17" bw="7" slack="0"/>
<pin id="429" dir="0" index="18" bw="7" slack="0"/>
<pin id="430" dir="0" index="19" bw="7" slack="0"/>
<pin id="431" dir="0" index="20" bw="7" slack="0"/>
<pin id="432" dir="0" index="21" bw="7" slack="0"/>
<pin id="433" dir="0" index="22" bw="7" slack="0"/>
<pin id="434" dir="0" index="23" bw="7" slack="0"/>
<pin id="435" dir="0" index="24" bw="7" slack="0"/>
<pin id="436" dir="0" index="25" bw="7" slack="0"/>
<pin id="437" dir="0" index="26" bw="7" slack="0"/>
<pin id="438" dir="0" index="27" bw="7" slack="0"/>
<pin id="439" dir="0" index="28" bw="7" slack="0"/>
<pin id="440" dir="0" index="29" bw="7" slack="0"/>
<pin id="441" dir="0" index="30" bw="7" slack="0"/>
<pin id="442" dir="0" index="31" bw="7" slack="0"/>
<pin id="443" dir="0" index="32" bw="7" slack="0"/>
<pin id="444" dir="0" index="33" bw="7" slack="0"/>
<pin id="445" dir="0" index="34" bw="7" slack="0"/>
<pin id="446" dir="0" index="35" bw="7" slack="0"/>
<pin id="447" dir="0" index="36" bw="7" slack="0"/>
<pin id="448" dir="0" index="37" bw="7" slack="0"/>
<pin id="449" dir="0" index="38" bw="7" slack="0"/>
<pin id="450" dir="0" index="39" bw="7" slack="0"/>
<pin id="451" dir="0" index="40" bw="7" slack="0"/>
<pin id="452" dir="0" index="41" bw="7" slack="0"/>
<pin id="453" dir="0" index="42" bw="7" slack="0"/>
<pin id="454" dir="0" index="43" bw="7" slack="0"/>
<pin id="455" dir="0" index="44" bw="7" slack="0"/>
<pin id="456" dir="0" index="45" bw="7" slack="0"/>
<pin id="457" dir="0" index="46" bw="7" slack="0"/>
<pin id="458" dir="0" index="47" bw="7" slack="0"/>
<pin id="459" dir="0" index="48" bw="7" slack="0"/>
<pin id="460" dir="0" index="49" bw="7" slack="0"/>
<pin id="461" dir="0" index="50" bw="7" slack="0"/>
<pin id="462" dir="0" index="51" bw="7" slack="0"/>
<pin id="463" dir="0" index="52" bw="7" slack="0"/>
<pin id="464" dir="0" index="53" bw="7" slack="0"/>
<pin id="465" dir="0" index="54" bw="7" slack="0"/>
<pin id="466" dir="0" index="55" bw="7" slack="0"/>
<pin id="467" dir="0" index="56" bw="7" slack="0"/>
<pin id="468" dir="0" index="57" bw="7" slack="0"/>
<pin id="469" dir="0" index="58" bw="7" slack="0"/>
<pin id="470" dir="0" index="59" bw="7" slack="0"/>
<pin id="471" dir="0" index="60" bw="7" slack="0"/>
<pin id="472" dir="0" index="61" bw="7" slack="0"/>
<pin id="473" dir="0" index="62" bw="7" slack="0"/>
<pin id="474" dir="0" index="63" bw="7" slack="0"/>
<pin id="475" dir="0" index="64" bw="7" slack="0"/>
<pin id="476" dir="0" index="65" bw="7" slack="0"/>
<pin id="477" dir="0" index="66" bw="7" slack="0"/>
<pin id="478" dir="0" index="67" bw="7" slack="0"/>
<pin id="479" dir="0" index="68" bw="7" slack="0"/>
<pin id="480" dir="0" index="69" bw="7" slack="0"/>
<pin id="481" dir="0" index="70" bw="7" slack="0"/>
<pin id="482" dir="0" index="71" bw="7" slack="0"/>
<pin id="483" dir="0" index="72" bw="7" slack="0"/>
<pin id="484" dir="0" index="73" bw="7" slack="0"/>
<pin id="485" dir="0" index="74" bw="7" slack="0"/>
<pin id="486" dir="0" index="75" bw="7" slack="0"/>
<pin id="487" dir="0" index="76" bw="7" slack="0"/>
<pin id="488" dir="0" index="77" bw="7" slack="0"/>
<pin id="489" dir="0" index="78" bw="7" slack="0"/>
<pin id="490" dir="0" index="79" bw="7" slack="0"/>
<pin id="491" dir="0" index="80" bw="7" slack="0"/>
<pin id="492" dir="0" index="81" bw="7" slack="0"/>
<pin id="493" dir="0" index="82" bw="7" slack="0"/>
<pin id="494" dir="0" index="83" bw="7" slack="0"/>
<pin id="495" dir="0" index="84" bw="7" slack="0"/>
<pin id="496" dir="0" index="85" bw="7" slack="0"/>
<pin id="497" dir="0" index="86" bw="7" slack="0"/>
<pin id="498" dir="0" index="87" bw="7" slack="0"/>
<pin id="499" dir="0" index="88" bw="7" slack="0"/>
<pin id="500" dir="0" index="89" bw="7" slack="0"/>
<pin id="501" dir="0" index="90" bw="7" slack="0"/>
<pin id="502" dir="0" index="91" bw="7" slack="0"/>
<pin id="503" dir="0" index="92" bw="7" slack="0"/>
<pin id="504" dir="0" index="93" bw="7" slack="0"/>
<pin id="505" dir="0" index="94" bw="7" slack="0"/>
<pin id="506" dir="0" index="95" bw="7" slack="0"/>
<pin id="507" dir="0" index="96" bw="7" slack="0"/>
<pin id="508" dir="0" index="97" bw="7" slack="0"/>
<pin id="509" dir="0" index="98" bw="7" slack="0"/>
<pin id="510" dir="0" index="99" bw="7" slack="0"/>
<pin id="511" dir="0" index="100" bw="7" slack="0"/>
<pin id="512" dir="0" index="101" bw="7" slack="0"/>
<pin id="513" dir="0" index="102" bw="7" slack="0"/>
<pin id="514" dir="0" index="103" bw="7" slack="0"/>
<pin id="515" dir="0" index="104" bw="7" slack="0"/>
<pin id="516" dir="0" index="105" bw="7" slack="0"/>
<pin id="517" dir="0" index="106" bw="7" slack="0"/>
<pin id="518" dir="0" index="107" bw="7" slack="0"/>
<pin id="519" dir="0" index="108" bw="7" slack="0"/>
<pin id="520" dir="0" index="109" bw="7" slack="0"/>
<pin id="521" dir="0" index="110" bw="7" slack="0"/>
<pin id="522" dir="0" index="111" bw="7" slack="0"/>
<pin id="523" dir="0" index="112" bw="7" slack="0"/>
<pin id="524" dir="0" index="113" bw="7" slack="0"/>
<pin id="525" dir="0" index="114" bw="7" slack="0"/>
<pin id="526" dir="0" index="115" bw="7" slack="0"/>
<pin id="527" dir="0" index="116" bw="7" slack="0"/>
<pin id="528" dir="0" index="117" bw="7" slack="0"/>
<pin id="529" dir="0" index="118" bw="7" slack="0"/>
<pin id="530" dir="0" index="119" bw="7" slack="0"/>
<pin id="531" dir="0" index="120" bw="7" slack="0"/>
<pin id="532" dir="0" index="121" bw="7" slack="0"/>
<pin id="533" dir="0" index="122" bw="7" slack="0"/>
<pin id="534" dir="0" index="123" bw="7" slack="0"/>
<pin id="535" dir="0" index="124" bw="7" slack="0"/>
<pin id="536" dir="0" index="125" bw="7" slack="0"/>
<pin id="537" dir="0" index="126" bw="7" slack="0"/>
<pin id="538" dir="0" index="127" bw="7" slack="0"/>
<pin id="539" dir="0" index="128" bw="7" slack="0"/>
<pin id="540" dir="0" index="129" bw="7" slack="0"/>
<pin id="541" dir="0" index="130" bw="7" slack="0"/>
<pin id="542" dir="0" index="131" bw="7" slack="0"/>
<pin id="543" dir="0" index="132" bw="7" slack="0"/>
<pin id="544" dir="0" index="133" bw="7" slack="0"/>
<pin id="545" dir="0" index="134" bw="7" slack="0"/>
<pin id="546" dir="0" index="135" bw="7" slack="0"/>
<pin id="547" dir="0" index="136" bw="7" slack="0"/>
<pin id="548" dir="0" index="137" bw="7" slack="0"/>
<pin id="549" dir="0" index="138" bw="7" slack="0"/>
<pin id="550" dir="0" index="139" bw="7" slack="0"/>
<pin id="551" dir="0" index="140" bw="7" slack="0"/>
<pin id="552" dir="0" index="141" bw="7" slack="0"/>
<pin id="553" dir="0" index="142" bw="7" slack="0"/>
<pin id="554" dir="0" index="143" bw="7" slack="0"/>
<pin id="555" dir="0" index="144" bw="7" slack="0"/>
<pin id="556" dir="0" index="145" bw="7" slack="0"/>
<pin id="557" dir="0" index="146" bw="7" slack="0"/>
<pin id="558" dir="0" index="147" bw="7" slack="0"/>
<pin id="559" dir="0" index="148" bw="7" slack="0"/>
<pin id="560" dir="0" index="149" bw="7" slack="0"/>
<pin id="561" dir="0" index="150" bw="7" slack="0"/>
<pin id="562" dir="0" index="151" bw="7" slack="0"/>
<pin id="563" dir="0" index="152" bw="7" slack="0"/>
<pin id="564" dir="0" index="153" bw="7" slack="0"/>
<pin id="565" dir="0" index="154" bw="7" slack="0"/>
<pin id="566" dir="0" index="155" bw="7" slack="0"/>
<pin id="567" dir="0" index="156" bw="7" slack="0"/>
<pin id="568" dir="0" index="157" bw="7" slack="0"/>
<pin id="569" dir="0" index="158" bw="7" slack="0"/>
<pin id="570" dir="0" index="159" bw="7" slack="0"/>
<pin id="571" dir="0" index="160" bw="7" slack="0"/>
<pin id="572" dir="0" index="161" bw="7" slack="0"/>
<pin id="573" dir="0" index="162" bw="7" slack="0"/>
<pin id="574" dir="0" index="163" bw="7" slack="0"/>
<pin id="575" dir="0" index="164" bw="7" slack="0"/>
<pin id="576" dir="0" index="165" bw="7" slack="0"/>
<pin id="577" dir="0" index="166" bw="7" slack="0"/>
<pin id="578" dir="0" index="167" bw="7" slack="0"/>
<pin id="579" dir="0" index="168" bw="7" slack="0"/>
<pin id="580" dir="0" index="169" bw="7" slack="0"/>
<pin id="581" dir="0" index="170" bw="7" slack="0"/>
<pin id="582" dir="0" index="171" bw="7" slack="0"/>
<pin id="583" dir="0" index="172" bw="7" slack="0"/>
<pin id="584" dir="0" index="173" bw="7" slack="0"/>
<pin id="585" dir="0" index="174" bw="7" slack="0"/>
<pin id="586" dir="0" index="175" bw="7" slack="0"/>
<pin id="587" dir="0" index="176" bw="7" slack="0"/>
<pin id="588" dir="0" index="177" bw="7" slack="0"/>
<pin id="589" dir="0" index="178" bw="7" slack="0"/>
<pin id="590" dir="0" index="179" bw="7" slack="0"/>
<pin id="591" dir="0" index="180" bw="7" slack="0"/>
<pin id="592" dir="0" index="181" bw="7" slack="0"/>
<pin id="593" dir="0" index="182" bw="7" slack="0"/>
<pin id="594" dir="0" index="183" bw="7" slack="0"/>
<pin id="595" dir="0" index="184" bw="7" slack="0"/>
<pin id="596" dir="0" index="185" bw="7" slack="0"/>
<pin id="597" dir="0" index="186" bw="7" slack="0"/>
<pin id="598" dir="0" index="187" bw="7" slack="0"/>
<pin id="599" dir="0" index="188" bw="7" slack="0"/>
<pin id="600" dir="0" index="189" bw="7" slack="0"/>
<pin id="601" dir="0" index="190" bw="7" slack="0"/>
<pin id="602" dir="0" index="191" bw="7" slack="0"/>
<pin id="603" dir="0" index="192" bw="7" slack="0"/>
<pin id="604" dir="0" index="193" bw="7" slack="0"/>
<pin id="605" dir="0" index="194" bw="7" slack="0"/>
<pin id="606" dir="0" index="195" bw="7" slack="0"/>
<pin id="607" dir="0" index="196" bw="7" slack="0"/>
<pin id="608" dir="0" index="197" bw="7" slack="0"/>
<pin id="609" dir="0" index="198" bw="7" slack="0"/>
<pin id="610" dir="0" index="199" bw="7" slack="0"/>
<pin id="611" dir="0" index="200" bw="7" slack="0"/>
<pin id="612" dir="0" index="201" bw="7" slack="0"/>
<pin id="613" dir="0" index="202" bw="7" slack="0"/>
<pin id="614" dir="0" index="203" bw="7" slack="0"/>
<pin id="615" dir="0" index="204" bw="7" slack="0"/>
<pin id="616" dir="0" index="205" bw="7" slack="0"/>
<pin id="617" dir="0" index="206" bw="7" slack="0"/>
<pin id="618" dir="0" index="207" bw="7" slack="0"/>
<pin id="619" dir="0" index="208" bw="7" slack="0"/>
<pin id="620" dir="0" index="209" bw="7" slack="0"/>
<pin id="621" dir="0" index="210" bw="7" slack="0"/>
<pin id="622" dir="0" index="211" bw="7" slack="0"/>
<pin id="623" dir="0" index="212" bw="7" slack="0"/>
<pin id="624" dir="0" index="213" bw="7" slack="0"/>
<pin id="625" dir="0" index="214" bw="7" slack="0"/>
<pin id="626" dir="0" index="215" bw="7" slack="0"/>
<pin id="627" dir="0" index="216" bw="7" slack="0"/>
<pin id="628" dir="0" index="217" bw="7" slack="0"/>
<pin id="629" dir="0" index="218" bw="7" slack="0"/>
<pin id="630" dir="0" index="219" bw="7" slack="0"/>
<pin id="631" dir="0" index="220" bw="7" slack="0"/>
<pin id="632" dir="0" index="221" bw="7" slack="0"/>
<pin id="633" dir="0" index="222" bw="7" slack="0"/>
<pin id="634" dir="0" index="223" bw="7" slack="0"/>
<pin id="635" dir="0" index="224" bw="7" slack="0"/>
<pin id="636" dir="0" index="225" bw="7" slack="0"/>
<pin id="637" dir="0" index="226" bw="7" slack="0"/>
<pin id="638" dir="0" index="227" bw="7" slack="0"/>
<pin id="639" dir="0" index="228" bw="7" slack="0"/>
<pin id="640" dir="0" index="229" bw="7" slack="0"/>
<pin id="641" dir="0" index="230" bw="7" slack="0"/>
<pin id="642" dir="0" index="231" bw="7" slack="0"/>
<pin id="643" dir="0" index="232" bw="7" slack="0"/>
<pin id="644" dir="0" index="233" bw="7" slack="0"/>
<pin id="645" dir="0" index="234" bw="7" slack="0"/>
<pin id="646" dir="0" index="235" bw="7" slack="0"/>
<pin id="647" dir="0" index="236" bw="7" slack="0"/>
<pin id="648" dir="0" index="237" bw="7" slack="0"/>
<pin id="649" dir="0" index="238" bw="7" slack="0"/>
<pin id="650" dir="0" index="239" bw="7" slack="0"/>
<pin id="651" dir="0" index="240" bw="7" slack="0"/>
<pin id="652" dir="0" index="241" bw="7" slack="0"/>
<pin id="653" dir="0" index="242" bw="7" slack="0"/>
<pin id="654" dir="0" index="243" bw="7" slack="0"/>
<pin id="655" dir="0" index="244" bw="7" slack="0"/>
<pin id="656" dir="0" index="245" bw="7" slack="0"/>
<pin id="657" dir="0" index="246" bw="7" slack="0"/>
<pin id="658" dir="0" index="247" bw="7" slack="0"/>
<pin id="659" dir="0" index="248" bw="7" slack="0"/>
<pin id="660" dir="0" index="249" bw="7" slack="0"/>
<pin id="661" dir="0" index="250" bw="7" slack="0"/>
<pin id="662" dir="0" index="251" bw="7" slack="0"/>
<pin id="663" dir="0" index="252" bw="7" slack="0"/>
<pin id="664" dir="0" index="253" bw="7" slack="0"/>
<pin id="665" dir="0" index="254" bw="7" slack="0"/>
<pin id="666" dir="0" index="255" bw="7" slack="0"/>
<pin id="667" dir="0" index="256" bw="7" slack="0"/>
<pin id="668" dir="0" index="257" bw="7" slack="0"/>
<pin id="669" dir="0" index="258" bw="7" slack="0"/>
<pin id="670" dir="1" index="259" bw="7" slack="0"/>
</pin_list>
<bind>
<opcode="sparsemux(1197) " fcode="sparsemux"/>
<opset="b/1 "/>
</bind>
</comp>

<comp id="930" class="1004" name="sext_ln18_fu_930">
<pin_list>
<pin id="931" dir="0" index="0" bw="7" slack="0"/>
<pin id="932" dir="1" index="1" bw="32" slack="0"/>
</pin_list>
<bind>
<opcode="sext(35) " fcode="sext"/>
<opset="sext_ln18/1 "/>
</bind>
</comp>

<comp id="934" class="1004" name="icmp_ln20_fu_934">
<pin_list>
<pin id="935" dir="0" index="0" bw="7" slack="0"/>
<pin id="936" dir="0" index="1" bw="32" slack="0"/>
<pin id="937" dir="1" index="2" bw="1" slack="1"/>
</pin_list>
<bind>
<opcode="icmp(45) " fcode="icmp"/>
<opset="icmp_ln20/1 "/>
</bind>
</comp>

<comp id="940" class="1004" name="store_ln48_store_fu_940">
<pin_list>
<pin id="941" dir="0" index="0" bw="8" slack="0"/>
<pin id="942" dir="0" index="1" bw="8" slack="0"/>
<pin id="943" dir="1" index="2" bw="0" slack="2147483647"/>
</pin_list>
<bind>
<opcode="store(28) " fcode="store"/>
<opset="store_ln48/1 "/>
</bind>
</comp>

<comp id="945" class="1004" name="zext_ln48_fu_945">
<pin_list>
<pin id="946" dir="0" index="0" bw="5" slack="1"/>
<pin id="947" dir="1" index="1" bw="64" slack="0"/>
</pin_list>
<bind>
<opcode="zext(34) " fcode="zext"/>
<opset="zext_ln48/2 "/>
</bind>
</comp>

<comp id="952" class="1004" name="cnt_fu_952">
<pin_list>
<pin id="953" dir="0" index="0" bw="9" slack="0"/>
<pin id="954" dir="0" index="1" bw="1" slack="1"/>
<pin id="955" dir="0" index="2" bw="1" slack="0"/>
<pin id="956" dir="1" index="3" bw="9" slack="0"/>
</pin_list>
<bind>
<opcode="bitconcatenate(1004) " fcode="bitconcatenate"/>
<opset="cnt/2 "/>
</bind>
</comp>

<comp id="959" class="1004" name="zext_ln51_fu_959">
<pin_list>
<pin id="960" dir="0" index="0" bw="9" slack="0"/>
<pin id="961" dir="1" index="1" bw="32" slack="0"/>
</pin_list>
<bind>
<opcode="zext(34) " fcode="zext"/>
<opset="zext_ln51/2 "/>
</bind>
</comp>

<comp id="967" class="1005" name="x_reg_967">
<pin_list>
<pin id="968" dir="0" index="0" bw="8" slack="0"/>
<pin id="969" dir="1" index="1" bw="8" slack="0"/>
</pin_list>
<bind>
<opset="x "/>
</bind>
</comp>

<comp id="977" class="1005" name="trunc_ln48_reg_977">
<pin_list>
<pin id="978" dir="0" index="0" bw="2" slack="1"/>
<pin id="979" dir="1" index="1" bw="2" slack="2147483647"/>
</pin_list>
<bind>
<opset="trunc_ln48 "/>
</bind>
</comp>

<comp id="981" class="1005" name="lshr_ln48_1_reg_981">
<pin_list>
<pin id="982" dir="0" index="0" bw="5" slack="1"/>
<pin id="983" dir="1" index="1" bw="5" slack="1"/>
</pin_list>
<bind>
<opset="lshr_ln48_1 "/>
</bind>
</comp>

<comp id="986" class="1005" name="icmp_ln20_reg_986">
<pin_list>
<pin id="987" dir="0" index="0" bw="1" slack="1"/>
<pin id="988" dir="1" index="1" bw="1" slack="1"/>
</pin_list>
<bind>
<opset="icmp_ln20 "/>
</bind>
</comp>

</comp_list>

<net_list>
<net id="313"><net_src comp="10" pin="0"/><net_sink comp="310" pin=0"/></net>

<net id="318"><net_src comp="12" pin="0"/><net_sink comp="314" pin=0"/></net>

<net id="319"><net_src comp="8" pin="0"/><net_sink comp="314" pin=1"/></net>

<net id="325"><net_src comp="6" pin="0"/><net_sink comp="320" pin=0"/></net>

<net id="326"><net_src comp="308" pin="0"/><net_sink comp="320" pin=1"/></net>

<net id="332"><net_src comp="4" pin="0"/><net_sink comp="327" pin=0"/></net>

<net id="333"><net_src comp="308" pin="0"/><net_sink comp="327" pin=1"/></net>

<net id="339"><net_src comp="2" pin="0"/><net_sink comp="334" pin=0"/></net>

<net id="340"><net_src comp="308" pin="0"/><net_sink comp="334" pin=1"/></net>

<net id="346"><net_src comp="0" pin="0"/><net_sink comp="341" pin=0"/></net>

<net id="347"><net_src comp="308" pin="0"/><net_sink comp="341" pin=1"/></net>

<net id="353"><net_src comp="334" pin="3"/><net_sink comp="348" pin=0"/></net>

<net id="359"><net_src comp="327" pin="3"/><net_sink comp="354" pin=0"/></net>

<net id="365"><net_src comp="320" pin="3"/><net_sink comp="360" pin=0"/></net>

<net id="371"><net_src comp="341" pin="3"/><net_sink comp="366" pin=0"/></net>

<net id="376"><net_src comp="14" pin="0"/><net_sink comp="372" pin=0"/></net>

<net id="384"><net_src comp="377" pin="1"/><net_sink comp="380" pin=0"/></net>

<net id="385"><net_src comp="16" pin="0"/><net_sink comp="380" pin=1"/></net>

<net id="390"><net_src comp="377" pin="1"/><net_sink comp="386" pin=0"/></net>

<net id="391"><net_src comp="22" pin="0"/><net_sink comp="386" pin=1"/></net>

<net id="395"><net_src comp="377" pin="1"/><net_sink comp="392" pin=0"/></net>

<net id="399"><net_src comp="377" pin="1"/><net_sink comp="396" pin=0"/></net>

<net id="406"><net_src comp="24" pin="0"/><net_sink comp="400" pin=0"/></net>

<net id="407"><net_src comp="377" pin="1"/><net_sink comp="400" pin=1"/></net>

<net id="408"><net_src comp="26" pin="0"/><net_sink comp="400" pin=2"/></net>

<net id="409"><net_src comp="28" pin="0"/><net_sink comp="400" pin=3"/></net>

<net id="671"><net_src comp="30" pin="0"/><net_sink comp="410" pin=0"/></net>

<net id="672"><net_src comp="32" pin="0"/><net_sink comp="410" pin=1"/></net>

<net id="673"><net_src comp="34" pin="0"/><net_sink comp="410" pin=2"/></net>

<net id="674"><net_src comp="36" pin="0"/><net_sink comp="410" pin=3"/></net>

<net id="675"><net_src comp="38" pin="0"/><net_sink comp="410" pin=4"/></net>

<net id="676"><net_src comp="40" pin="0"/><net_sink comp="410" pin=5"/></net>

<net id="677"><net_src comp="42" pin="0"/><net_sink comp="410" pin=6"/></net>

<net id="678"><net_src comp="44" pin="0"/><net_sink comp="410" pin=7"/></net>

<net id="679"><net_src comp="46" pin="0"/><net_sink comp="410" pin=8"/></net>

<net id="680"><net_src comp="48" pin="0"/><net_sink comp="410" pin=9"/></net>

<net id="681"><net_src comp="50" pin="0"/><net_sink comp="410" pin=10"/></net>

<net id="682"><net_src comp="52" pin="0"/><net_sink comp="410" pin=11"/></net>

<net id="683"><net_src comp="54" pin="0"/><net_sink comp="410" pin=12"/></net>

<net id="684"><net_src comp="56" pin="0"/><net_sink comp="410" pin=13"/></net>

<net id="685"><net_src comp="58" pin="0"/><net_sink comp="410" pin=14"/></net>

<net id="686"><net_src comp="54" pin="0"/><net_sink comp="410" pin=15"/></net>

<net id="687"><net_src comp="60" pin="0"/><net_sink comp="410" pin=16"/></net>

<net id="688"><net_src comp="62" pin="0"/><net_sink comp="410" pin=17"/></net>

<net id="689"><net_src comp="64" pin="0"/><net_sink comp="410" pin=18"/></net>

<net id="690"><net_src comp="60" pin="0"/><net_sink comp="410" pin=19"/></net>

<net id="691"><net_src comp="64" pin="0"/><net_sink comp="410" pin=20"/></net>

<net id="692"><net_src comp="66" pin="0"/><net_sink comp="410" pin=21"/></net>

<net id="693"><net_src comp="68" pin="0"/><net_sink comp="410" pin=22"/></net>

<net id="694"><net_src comp="70" pin="0"/><net_sink comp="410" pin=23"/></net>

<net id="695"><net_src comp="54" pin="0"/><net_sink comp="410" pin=24"/></net>

<net id="696"><net_src comp="72" pin="0"/><net_sink comp="410" pin=25"/></net>

<net id="697"><net_src comp="38" pin="0"/><net_sink comp="410" pin=26"/></net>

<net id="698"><net_src comp="74" pin="0"/><net_sink comp="410" pin=27"/></net>

<net id="699"><net_src comp="76" pin="0"/><net_sink comp="410" pin=28"/></net>

<net id="700"><net_src comp="78" pin="0"/><net_sink comp="410" pin=29"/></net>

<net id="701"><net_src comp="38" pin="0"/><net_sink comp="410" pin=30"/></net>

<net id="702"><net_src comp="80" pin="0"/><net_sink comp="410" pin=31"/></net>

<net id="703"><net_src comp="82" pin="0"/><net_sink comp="410" pin=32"/></net>

<net id="704"><net_src comp="50" pin="0"/><net_sink comp="410" pin=33"/></net>

<net id="705"><net_src comp="32" pin="0"/><net_sink comp="410" pin=34"/></net>

<net id="706"><net_src comp="84" pin="0"/><net_sink comp="410" pin=35"/></net>

<net id="707"><net_src comp="86" pin="0"/><net_sink comp="410" pin=36"/></net>

<net id="708"><net_src comp="64" pin="0"/><net_sink comp="410" pin=37"/></net>

<net id="709"><net_src comp="80" pin="0"/><net_sink comp="410" pin=38"/></net>

<net id="710"><net_src comp="88" pin="0"/><net_sink comp="410" pin=39"/></net>

<net id="711"><net_src comp="90" pin="0"/><net_sink comp="410" pin=40"/></net>

<net id="712"><net_src comp="92" pin="0"/><net_sink comp="410" pin=41"/></net>

<net id="713"><net_src comp="94" pin="0"/><net_sink comp="410" pin=42"/></net>

<net id="714"><net_src comp="96" pin="0"/><net_sink comp="410" pin=43"/></net>

<net id="715"><net_src comp="98" pin="0"/><net_sink comp="410" pin=44"/></net>

<net id="716"><net_src comp="100" pin="0"/><net_sink comp="410" pin=45"/></net>

<net id="717"><net_src comp="50" pin="0"/><net_sink comp="410" pin=46"/></net>

<net id="718"><net_src comp="102" pin="0"/><net_sink comp="410" pin=47"/></net>

<net id="719"><net_src comp="104" pin="0"/><net_sink comp="410" pin=48"/></net>

<net id="720"><net_src comp="34" pin="0"/><net_sink comp="410" pin=49"/></net>

<net id="721"><net_src comp="106" pin="0"/><net_sink comp="410" pin=50"/></net>

<net id="722"><net_src comp="108" pin="0"/><net_sink comp="410" pin=51"/></net>

<net id="723"><net_src comp="96" pin="0"/><net_sink comp="410" pin=52"/></net>

<net id="724"><net_src comp="68" pin="0"/><net_sink comp="410" pin=53"/></net>

<net id="725"><net_src comp="36" pin="0"/><net_sink comp="410" pin=54"/></net>

<net id="726"><net_src comp="110" pin="0"/><net_sink comp="410" pin=55"/></net>

<net id="727"><net_src comp="50" pin="0"/><net_sink comp="410" pin=56"/></net>

<net id="728"><net_src comp="112" pin="0"/><net_sink comp="410" pin=57"/></net>

<net id="729"><net_src comp="112" pin="0"/><net_sink comp="410" pin=58"/></net>

<net id="730"><net_src comp="114" pin="0"/><net_sink comp="410" pin=59"/></net>

<net id="731"><net_src comp="34" pin="0"/><net_sink comp="410" pin=60"/></net>

<net id="732"><net_src comp="94" pin="0"/><net_sink comp="410" pin=61"/></net>

<net id="733"><net_src comp="116" pin="0"/><net_sink comp="410" pin=62"/></net>

<net id="734"><net_src comp="118" pin="0"/><net_sink comp="410" pin=63"/></net>

<net id="735"><net_src comp="120" pin="0"/><net_sink comp="410" pin=64"/></net>

<net id="736"><net_src comp="122" pin="0"/><net_sink comp="410" pin=65"/></net>

<net id="737"><net_src comp="74" pin="0"/><net_sink comp="410" pin=66"/></net>

<net id="738"><net_src comp="124" pin="0"/><net_sink comp="410" pin=67"/></net>

<net id="739"><net_src comp="74" pin="0"/><net_sink comp="410" pin=68"/></net>

<net id="740"><net_src comp="126" pin="0"/><net_sink comp="410" pin=69"/></net>

<net id="741"><net_src comp="128" pin="0"/><net_sink comp="410" pin=70"/></net>

<net id="742"><net_src comp="130" pin="0"/><net_sink comp="410" pin=71"/></net>

<net id="743"><net_src comp="40" pin="0"/><net_sink comp="410" pin=72"/></net>

<net id="744"><net_src comp="132" pin="0"/><net_sink comp="410" pin=73"/></net>

<net id="745"><net_src comp="134" pin="0"/><net_sink comp="410" pin=74"/></net>

<net id="746"><net_src comp="136" pin="0"/><net_sink comp="410" pin=75"/></net>

<net id="747"><net_src comp="50" pin="0"/><net_sink comp="410" pin=76"/></net>

<net id="748"><net_src comp="138" pin="0"/><net_sink comp="410" pin=77"/></net>

<net id="749"><net_src comp="118" pin="0"/><net_sink comp="410" pin=78"/></net>

<net id="750"><net_src comp="140" pin="0"/><net_sink comp="410" pin=79"/></net>

<net id="751"><net_src comp="56" pin="0"/><net_sink comp="410" pin=80"/></net>

<net id="752"><net_src comp="142" pin="0"/><net_sink comp="410" pin=81"/></net>

<net id="753"><net_src comp="62" pin="0"/><net_sink comp="410" pin=82"/></net>

<net id="754"><net_src comp="144" pin="0"/><net_sink comp="410" pin=83"/></net>

<net id="755"><net_src comp="104" pin="0"/><net_sink comp="410" pin=84"/></net>

<net id="756"><net_src comp="146" pin="0"/><net_sink comp="410" pin=85"/></net>

<net id="757"><net_src comp="122" pin="0"/><net_sink comp="410" pin=86"/></net>

<net id="758"><net_src comp="148" pin="0"/><net_sink comp="410" pin=87"/></net>

<net id="759"><net_src comp="92" pin="0"/><net_sink comp="410" pin=88"/></net>

<net id="760"><net_src comp="150" pin="0"/><net_sink comp="410" pin=89"/></net>

<net id="761"><net_src comp="110" pin="0"/><net_sink comp="410" pin=90"/></net>

<net id="762"><net_src comp="152" pin="0"/><net_sink comp="410" pin=91"/></net>

<net id="763"><net_src comp="86" pin="0"/><net_sink comp="410" pin=92"/></net>

<net id="764"><net_src comp="154" pin="0"/><net_sink comp="410" pin=93"/></net>

<net id="765"><net_src comp="80" pin="0"/><net_sink comp="410" pin=94"/></net>

<net id="766"><net_src comp="156" pin="0"/><net_sink comp="410" pin=95"/></net>

<net id="767"><net_src comp="56" pin="0"/><net_sink comp="410" pin=96"/></net>

<net id="768"><net_src comp="158" pin="0"/><net_sink comp="410" pin=97"/></net>

<net id="769"><net_src comp="52" pin="0"/><net_sink comp="410" pin=98"/></net>

<net id="770"><net_src comp="160" pin="0"/><net_sink comp="410" pin=99"/></net>

<net id="771"><net_src comp="74" pin="0"/><net_sink comp="410" pin=100"/></net>

<net id="772"><net_src comp="162" pin="0"/><net_sink comp="410" pin=101"/></net>

<net id="773"><net_src comp="164" pin="0"/><net_sink comp="410" pin=102"/></net>

<net id="774"><net_src comp="166" pin="0"/><net_sink comp="410" pin=103"/></net>

<net id="775"><net_src comp="54" pin="0"/><net_sink comp="410" pin=104"/></net>

<net id="776"><net_src comp="168" pin="0"/><net_sink comp="410" pin=105"/></net>

<net id="777"><net_src comp="170" pin="0"/><net_sink comp="410" pin=106"/></net>

<net id="778"><net_src comp="172" pin="0"/><net_sink comp="410" pin=107"/></net>

<net id="779"><net_src comp="58" pin="0"/><net_sink comp="410" pin=108"/></net>

<net id="780"><net_src comp="174" pin="0"/><net_sink comp="410" pin=109"/></net>

<net id="781"><net_src comp="52" pin="0"/><net_sink comp="410" pin=110"/></net>

<net id="782"><net_src comp="176" pin="0"/><net_sink comp="410" pin=111"/></net>

<net id="783"><net_src comp="72" pin="0"/><net_sink comp="410" pin=112"/></net>

<net id="784"><net_src comp="178" pin="0"/><net_sink comp="410" pin=113"/></net>

<net id="785"><net_src comp="164" pin="0"/><net_sink comp="410" pin=114"/></net>

<net id="786"><net_src comp="180" pin="0"/><net_sink comp="410" pin=115"/></net>

<net id="787"><net_src comp="38" pin="0"/><net_sink comp="410" pin=116"/></net>

<net id="788"><net_src comp="182" pin="0"/><net_sink comp="410" pin=117"/></net>

<net id="789"><net_src comp="104" pin="0"/><net_sink comp="410" pin=118"/></net>

<net id="790"><net_src comp="184" pin="0"/><net_sink comp="410" pin=119"/></net>

<net id="791"><net_src comp="70" pin="0"/><net_sink comp="410" pin=120"/></net>

<net id="792"><net_src comp="186" pin="0"/><net_sink comp="410" pin=121"/></net>

<net id="793"><net_src comp="164" pin="0"/><net_sink comp="410" pin=122"/></net>

<net id="794"><net_src comp="188" pin="0"/><net_sink comp="410" pin=123"/></net>

<net id="795"><net_src comp="106" pin="0"/><net_sink comp="410" pin=124"/></net>

<net id="796"><net_src comp="190" pin="0"/><net_sink comp="410" pin=125"/></net>

<net id="797"><net_src comp="100" pin="0"/><net_sink comp="410" pin=126"/></net>

<net id="798"><net_src comp="192" pin="0"/><net_sink comp="410" pin=127"/></net>

<net id="799"><net_src comp="70" pin="0"/><net_sink comp="410" pin=128"/></net>

<net id="800"><net_src comp="194" pin="0"/><net_sink comp="410" pin=129"/></net>

<net id="801"><net_src comp="32" pin="0"/><net_sink comp="410" pin=130"/></net>

<net id="802"><net_src comp="196" pin="0"/><net_sink comp="410" pin=131"/></net>

<net id="803"><net_src comp="82" pin="0"/><net_sink comp="410" pin=132"/></net>

<net id="804"><net_src comp="198" pin="0"/><net_sink comp="410" pin=133"/></net>

<net id="805"><net_src comp="32" pin="0"/><net_sink comp="410" pin=134"/></net>

<net id="806"><net_src comp="200" pin="0"/><net_sink comp="410" pin=135"/></net>

<net id="807"><net_src comp="130" pin="0"/><net_sink comp="410" pin=136"/></net>

<net id="808"><net_src comp="202" pin="0"/><net_sink comp="410" pin=137"/></net>

<net id="809"><net_src comp="204" pin="0"/><net_sink comp="410" pin=138"/></net>

<net id="810"><net_src comp="206" pin="0"/><net_sink comp="410" pin=139"/></net>

<net id="811"><net_src comp="74" pin="0"/><net_sink comp="410" pin=140"/></net>

<net id="812"><net_src comp="208" pin="0"/><net_sink comp="410" pin=141"/></net>

<net id="813"><net_src comp="44" pin="0"/><net_sink comp="410" pin=142"/></net>

<net id="814"><net_src comp="210" pin="0"/><net_sink comp="410" pin=143"/></net>

<net id="815"><net_src comp="44" pin="0"/><net_sink comp="410" pin=144"/></net>

<net id="816"><net_src comp="212" pin="0"/><net_sink comp="410" pin=145"/></net>

<net id="817"><net_src comp="214" pin="0"/><net_sink comp="410" pin=146"/></net>

<net id="818"><net_src comp="216" pin="0"/><net_sink comp="410" pin=147"/></net>

<net id="819"><net_src comp="36" pin="0"/><net_sink comp="410" pin=148"/></net>

<net id="820"><net_src comp="218" pin="0"/><net_sink comp="410" pin=149"/></net>

<net id="821"><net_src comp="48" pin="0"/><net_sink comp="410" pin=150"/></net>

<net id="822"><net_src comp="220" pin="0"/><net_sink comp="410" pin=151"/></net>

<net id="823"><net_src comp="222" pin="0"/><net_sink comp="410" pin=152"/></net>

<net id="824"><net_src comp="224" pin="0"/><net_sink comp="410" pin=153"/></net>

<net id="825"><net_src comp="46" pin="0"/><net_sink comp="410" pin=154"/></net>

<net id="826"><net_src comp="226" pin="0"/><net_sink comp="410" pin=155"/></net>

<net id="827"><net_src comp="228" pin="0"/><net_sink comp="410" pin=156"/></net>

<net id="828"><net_src comp="230" pin="0"/><net_sink comp="410" pin=157"/></net>

<net id="829"><net_src comp="54" pin="0"/><net_sink comp="410" pin=158"/></net>

<net id="830"><net_src comp="232" pin="0"/><net_sink comp="410" pin=159"/></net>

<net id="831"><net_src comp="228" pin="0"/><net_sink comp="410" pin=160"/></net>

<net id="832"><net_src comp="234" pin="0"/><net_sink comp="410" pin=161"/></net>

<net id="833"><net_src comp="236" pin="0"/><net_sink comp="410" pin=162"/></net>

<net id="834"><net_src comp="238" pin="0"/><net_sink comp="410" pin=163"/></net>

<net id="835"><net_src comp="32" pin="0"/><net_sink comp="410" pin=164"/></net>

<net id="836"><net_src comp="240" pin="0"/><net_sink comp="410" pin=165"/></net>

<net id="837"><net_src comp="50" pin="0"/><net_sink comp="410" pin=166"/></net>

<net id="838"><net_src comp="242" pin="0"/><net_sink comp="410" pin=167"/></net>

<net id="839"><net_src comp="72" pin="0"/><net_sink comp="410" pin=168"/></net>

<net id="840"><net_src comp="244" pin="0"/><net_sink comp="410" pin=169"/></net>

<net id="841"><net_src comp="56" pin="0"/><net_sink comp="410" pin=170"/></net>

<net id="842"><net_src comp="246" pin="0"/><net_sink comp="410" pin=171"/></net>

<net id="843"><net_src comp="248" pin="0"/><net_sink comp="410" pin=172"/></net>

<net id="844"><net_src comp="250" pin="0"/><net_sink comp="410" pin=173"/></net>

<net id="845"><net_src comp="80" pin="0"/><net_sink comp="410" pin=174"/></net>

<net id="846"><net_src comp="252" pin="0"/><net_sink comp="410" pin=175"/></net>

<net id="847"><net_src comp="70" pin="0"/><net_sink comp="410" pin=176"/></net>

<net id="848"><net_src comp="254" pin="0"/><net_sink comp="410" pin=177"/></net>

<net id="849"><net_src comp="58" pin="0"/><net_sink comp="410" pin=178"/></net>

<net id="850"><net_src comp="256" pin="0"/><net_sink comp="410" pin=179"/></net>

<net id="851"><net_src comp="258" pin="0"/><net_sink comp="410" pin=180"/></net>

<net id="852"><net_src comp="260" pin="0"/><net_sink comp="410" pin=181"/></net>

<net id="853"><net_src comp="262" pin="0"/><net_sink comp="410" pin=182"/></net>

<net id="854"><net_src comp="264" pin="0"/><net_sink comp="410" pin=183"/></net>

<net id="855"><net_src comp="222" pin="0"/><net_sink comp="410" pin=184"/></net>

<net id="856"><net_src comp="116" pin="0"/><net_sink comp="410" pin=185"/></net>

<net id="857"><net_src comp="86" pin="0"/><net_sink comp="410" pin=186"/></net>

<net id="858"><net_src comp="258" pin="0"/><net_sink comp="410" pin=187"/></net>

<net id="859"><net_src comp="266" pin="0"/><net_sink comp="410" pin=188"/></net>

<net id="860"><net_src comp="268" pin="0"/><net_sink comp="410" pin=189"/></net>

<net id="861"><net_src comp="84" pin="0"/><net_sink comp="410" pin=190"/></net>

<net id="862"><net_src comp="270" pin="0"/><net_sink comp="410" pin=191"/></net>

<net id="863"><net_src comp="110" pin="0"/><net_sink comp="410" pin=192"/></net>

<net id="864"><net_src comp="272" pin="0"/><net_sink comp="410" pin=193"/></net>

<net id="865"><net_src comp="60" pin="0"/><net_sink comp="410" pin=194"/></net>

<net id="866"><net_src comp="98" pin="0"/><net_sink comp="410" pin=195"/></net>

<net id="867"><net_src comp="274" pin="0"/><net_sink comp="410" pin=196"/></net>

<net id="868"><net_src comp="90" pin="0"/><net_sink comp="410" pin=197"/></net>

<net id="869"><net_src comp="54" pin="0"/><net_sink comp="410" pin=198"/></net>

<net id="870"><net_src comp="276" pin="0"/><net_sink comp="410" pin=199"/></net>

<net id="871"><net_src comp="54" pin="0"/><net_sink comp="410" pin=200"/></net>

<net id="872"><net_src comp="134" pin="0"/><net_sink comp="410" pin=201"/></net>

<net id="873"><net_src comp="38" pin="0"/><net_sink comp="410" pin=202"/></net>

<net id="874"><net_src comp="120" pin="0"/><net_sink comp="410" pin=203"/></net>

<net id="875"><net_src comp="86" pin="0"/><net_sink comp="410" pin=204"/></net>

<net id="876"><net_src comp="42" pin="0"/><net_sink comp="410" pin=205"/></net>

<net id="877"><net_src comp="78" pin="0"/><net_sink comp="410" pin=206"/></net>

<net id="878"><net_src comp="106" pin="0"/><net_sink comp="410" pin=207"/></net>

<net id="879"><net_src comp="170" pin="0"/><net_sink comp="410" pin=208"/></net>

<net id="880"><net_src comp="204" pin="0"/><net_sink comp="410" pin=209"/></net>

<net id="881"><net_src comp="46" pin="0"/><net_sink comp="410" pin=210"/></net>

<net id="882"><net_src comp="86" pin="0"/><net_sink comp="410" pin=211"/></net>

<net id="883"><net_src comp="126" pin="0"/><net_sink comp="410" pin=212"/></net>

<net id="884"><net_src comp="58" pin="0"/><net_sink comp="410" pin=213"/></net>

<net id="885"><net_src comp="256" pin="0"/><net_sink comp="410" pin=214"/></net>

<net id="886"><net_src comp="236" pin="0"/><net_sink comp="410" pin=215"/></net>

<net id="887"><net_src comp="248" pin="0"/><net_sink comp="410" pin=216"/></net>

<net id="888"><net_src comp="248" pin="0"/><net_sink comp="410" pin=217"/></net>

<net id="889"><net_src comp="132" pin="0"/><net_sink comp="410" pin=218"/></net>

<net id="890"><net_src comp="278" pin="0"/><net_sink comp="410" pin=219"/></net>

<net id="891"><net_src comp="40" pin="0"/><net_sink comp="410" pin=220"/></net>

<net id="892"><net_src comp="280" pin="0"/><net_sink comp="410" pin=221"/></net>

<net id="893"><net_src comp="52" pin="0"/><net_sink comp="410" pin=222"/></net>

<net id="894"><net_src comp="76" pin="0"/><net_sink comp="410" pin=223"/></net>

<net id="895"><net_src comp="72" pin="0"/><net_sink comp="410" pin=224"/></net>

<net id="896"><net_src comp="104" pin="0"/><net_sink comp="410" pin=225"/></net>

<net id="897"><net_src comp="78" pin="0"/><net_sink comp="410" pin=226"/></net>

<net id="898"><net_src comp="266" pin="0"/><net_sink comp="410" pin=227"/></net>

<net id="899"><net_src comp="90" pin="0"/><net_sink comp="410" pin=228"/></net>

<net id="900"><net_src comp="214" pin="0"/><net_sink comp="410" pin=229"/></net>

<net id="901"><net_src comp="36" pin="0"/><net_sink comp="410" pin=230"/></net>

<net id="902"><net_src comp="46" pin="0"/><net_sink comp="410" pin=231"/></net>

<net id="903"><net_src comp="94" pin="0"/><net_sink comp="410" pin=232"/></net>

<net id="904"><net_src comp="282" pin="0"/><net_sink comp="410" pin=233"/></net>

<net id="905"><net_src comp="170" pin="0"/><net_sink comp="410" pin=234"/></net>

<net id="906"><net_src comp="284" pin="0"/><net_sink comp="410" pin=235"/></net>

<net id="907"><net_src comp="62" pin="0"/><net_sink comp="410" pin=236"/></net>

<net id="908"><net_src comp="82" pin="0"/><net_sink comp="410" pin=237"/></net>

<net id="909"><net_src comp="108" pin="0"/><net_sink comp="410" pin=238"/></net>

<net id="910"><net_src comp="38" pin="0"/><net_sink comp="410" pin=239"/></net>

<net id="911"><net_src comp="78" pin="0"/><net_sink comp="410" pin=240"/></net>

<net id="912"><net_src comp="262" pin="0"/><net_sink comp="410" pin=241"/></net>

<net id="913"><net_src comp="126" pin="0"/><net_sink comp="410" pin=242"/></net>

<net id="914"><net_src comp="274" pin="0"/><net_sink comp="410" pin=243"/></net>

<net id="915"><net_src comp="144" pin="0"/><net_sink comp="410" pin=244"/></net>

<net id="916"><net_src comp="286" pin="0"/><net_sink comp="410" pin=245"/></net>

<net id="917"><net_src comp="110" pin="0"/><net_sink comp="410" pin=246"/></net>

<net id="918"><net_src comp="222" pin="0"/><net_sink comp="410" pin=247"/></net>

<net id="919"><net_src comp="96" pin="0"/><net_sink comp="410" pin=248"/></net>

<net id="920"><net_src comp="170" pin="0"/><net_sink comp="410" pin=249"/></net>

<net id="921"><net_src comp="282" pin="0"/><net_sink comp="410" pin=250"/></net>

<net id="922"><net_src comp="164" pin="0"/><net_sink comp="410" pin=251"/></net>

<net id="923"><net_src comp="46" pin="0"/><net_sink comp="410" pin=252"/></net>

<net id="924"><net_src comp="128" pin="0"/><net_sink comp="410" pin=253"/></net>

<net id="925"><net_src comp="58" pin="0"/><net_sink comp="410" pin=254"/></net>

<net id="926"><net_src comp="228" pin="0"/><net_sink comp="410" pin=255"/></net>

<net id="927"><net_src comp="134" pin="0"/><net_sink comp="410" pin=256"/></net>

<net id="928"><net_src comp="288" pin="0"/><net_sink comp="410" pin=257"/></net>

<net id="929"><net_src comp="396" pin="1"/><net_sink comp="410" pin=258"/></net>

<net id="933"><net_src comp="410" pin="259"/><net_sink comp="930" pin=0"/></net>

<net id="938"><net_src comp="930" pin="1"/><net_sink comp="934" pin=0"/></net>

<net id="939"><net_src comp="314" pin="2"/><net_sink comp="934" pin=1"/></net>

<net id="944"><net_src comp="386" pin="2"/><net_sink comp="940" pin=0"/></net>

<net id="948"><net_src comp="945" pin="1"/><net_sink comp="320" pin=2"/></net>

<net id="949"><net_src comp="945" pin="1"/><net_sink comp="327" pin=2"/></net>

<net id="950"><net_src comp="945" pin="1"/><net_sink comp="334" pin=2"/></net>

<net id="951"><net_src comp="945" pin="1"/><net_sink comp="341" pin=2"/></net>

<net id="957"><net_src comp="306" pin="0"/><net_sink comp="952" pin=0"/></net>

<net id="958"><net_src comp="14" pin="0"/><net_sink comp="952" pin=2"/></net>

<net id="962"><net_src comp="952" pin="3"/><net_sink comp="959" pin=0"/></net>

<net id="963"><net_src comp="959" pin="1"/><net_sink comp="348" pin=1"/></net>

<net id="964"><net_src comp="959" pin="1"/><net_sink comp="354" pin=1"/></net>

<net id="965"><net_src comp="959" pin="1"/><net_sink comp="360" pin=1"/></net>

<net id="966"><net_src comp="959" pin="1"/><net_sink comp="366" pin=1"/></net>

<net id="970"><net_src comp="310" pin="1"/><net_sink comp="967" pin=0"/></net>

<net id="971"><net_src comp="967" pin="1"/><net_sink comp="372" pin=1"/></net>

<net id="972"><net_src comp="967" pin="1"/><net_sink comp="377" pin=0"/></net>

<net id="973"><net_src comp="967" pin="1"/><net_sink comp="940" pin=1"/></net>

<net id="980"><net_src comp="392" pin="1"/><net_sink comp="977" pin=0"/></net>

<net id="984"><net_src comp="400" pin="4"/><net_sink comp="981" pin=0"/></net>

<net id="985"><net_src comp="981" pin="1"/><net_sink comp="945" pin=0"/></net>

<net id="989"><net_src comp="934" pin="2"/><net_sink comp="986" pin=0"/></net>

<net id="990"><net_src comp="986" pin="1"/><net_sink comp="952" pin=1"/></net>

</net_list>

</model> 
---------------- Datapath Model END ------------------

* FSMD analyzer results:
  - Output states:
	Port: layer2_activations_6 | {2 }
	Port: layer2_activations_5 | {2 }
	Port: layer2_activations_4 | {2 }
	Port: layer2_activations | {2 }
 - Input state : 
	Port: feedforward_Pipeline_VITIS_LOOP_48_11 : a_1_reload | {1 }
  - Chain level:
	State 1
		store_ln48 : 1
		x_2 : 1
		icmp_ln48 : 2
		add_ln48 : 2
		br_ln48 : 3
		trunc_ln48 : 2
		trunc_ln48_1 : 2
		lshr_ln48_1 : 2
		b : 3
		sext_ln18 : 4
		icmp_ln20 : 5
		switch_ln57 : 3
		store_ln48 : 3
	State 2
		zext_ln51 : 1
		layer2_activations_addr : 1
		layer2_activations_4_addr : 1
		layer2_activations_5_addr : 1
		layer2_activations_6_addr : 1
		store_ln57 : 2
		store_ln57 : 2
		store_ln57 : 2
		store_ln57 : 2


============================================================
+ Verbose Summary: Datapath Resource usage 
============================================================

* Functional unit list:
|----------|-----------------------------|---------|---------|
| Operation|       Functional Unit       |    FF   |   LUT   |
|----------|-----------------------------|---------|---------|
| sparsemux|           b_fu_410          |    0    |   673   |
|----------|-----------------------------|---------|---------|
|   icmp   |       icmp_ln48_fu_380      |    0    |    15   |
|          |       icmp_ln20_fu_934      |    0    |    39   |
|----------|-----------------------------|---------|---------|
|    add   |       add_ln48_fu_386       |    0    |    15   |
|----------|-----------------------------|---------|---------|
|   read   | a_1_reload_read_read_fu_314 |    0    |    0    |
|----------|-----------------------------|---------|---------|
|   trunc  |      trunc_ln48_fu_392      |    0    |    0    |
|          |     trunc_ln48_1_fu_396     |    0    |    0    |
|----------|-----------------------------|---------|---------|
|partselect|      lshr_ln48_1_fu_400     |    0    |    0    |
|----------|-----------------------------|---------|---------|
|   sext   |       sext_ln18_fu_930      |    0    |    0    |
|----------|-----------------------------|---------|---------|
|   zext   |       zext_ln48_fu_945      |    0    |    0    |
|          |       zext_ln51_fu_959      |    0    |    0    |
|----------|-----------------------------|---------|---------|
|bitconcatenate|          cnt_fu_952         |    0    |    0    |
|----------|-----------------------------|---------|---------|
|   Total  |                             |    0    |   742   |
|----------|-----------------------------|---------|---------|

Memories:
N/A

* Register list:
+-------------------+--------+
|                   |   FF   |
+-------------------+--------+
| icmp_ln20_reg_986 |    1   |
|lshr_ln48_1_reg_981|    5   |
| trunc_ln48_reg_977|    2   |
|     x_reg_967     |    8   |
+-------------------+--------+
|       Total       |   16   |
+-------------------+--------+

* Multiplexer (MUX) list: 
|--------|------|------|------|--------|
|  Comp  |  Pin | Size |  BW  | S x BW |
|--------|------|------|------|--------|
|  Total |      |      |      |    0   |
|--------|------|------|------|--------|



* Summary:
+-----------+--------+--------+
|           |   FF   |   LUT  |
+-----------+--------+--------+
|  Function |    0   |   742  |
|   Memory  |    -   |    -   |
|Multiplexer|    -   |    -   |
|  Register |   16   |    -   |
+-----------+--------+--------+
|   Total   |   16   |   742  |
+-----------+--------+--------+
