

================================================================
== Vitis HLS Report for 'feedforward_Pipeline_VITIS_LOOP_124_5'
================================================================
* Date:           Sat Jun 14 08:40:14 2025

* Version:        2024.2 (Build 5238294 on Nov  8 2024)
* Project:        bnn_hls
* Solution:       hls (Vivado IP Flow Target)
* Product family: zynq
* Target device:  xc7z020-clg400-1


================================================================
== Performance Estimates
================================================================
+ Timing: 
    * Summary: 
    +--------+----------+----------+------------+
    |  Clock |  Target  | Estimated| Uncertainty|
    +--------+----------+----------+------------+
    |ap_clk  |  10.00 ns|  6.701 ns|     2.70 ns|
    +--------+----------+----------+------------+

+ Latency: 
    * Summary: 
    +---------+---------+----------+----------+-----+-----+------------------------------------------------+
    |  Latency (cycles) |  Latency (absolute) |  Interval |                    Pipeline                    |
    |   min   |   max   |    min   |    max   | min | max |                      Type                      |
    +---------+---------+----------+----------+-----+-----+------------------------------------------------+
    |       66|       66|  0.660 us|  0.660 us|   65|   65|  loop auto-rewind stp (delay=0 clock cycles(s))|
    +---------+---------+----------+----------+-----+-----+------------------------------------------------+

    + Detail: 
        * Instance: 
        N/A

        * Loop: 
        +--------------------+---------+---------+----------+-----------+-----------+------+----------+
        |                    |  Latency (cycles) | Iteration|  Initiation Interval  | Trip |          |
        |      Loop Name     |   min   |   max   |  Latency |  achieved |   target  | Count| Pipelined|
        +--------------------+---------+---------+----------+-----------+-----------+------+----------+
        |- VITIS_LOOP_124_5  |       64|       64|         2|          1|          1|    64|       yes|
        +--------------------+---------+---------+----------+-----------+-----------+------+----------+

============================================================
+ Verbose Summary: Synthesis Manager
============================================================
InlineROM: 1
ExposeGlobal: 0
============================================================
+ Verbose Summary: CDFG Model
============================================================
IsTopModel: 0
ResetActiveHigh: 1
IsCombinational: 0
IsDatapathOnly: 0
HasWiredReturn: 1
HasMFsm: 2
HasVarLatency: 1
IsPipeline: 0
IsRtlPipelined: 0
IsInstanceOverlapped: 0
IsDontTouch: 0
HasImplIP: 0
IsGatedGlobalClock: 0

+ Individual pipeline summary: 
  * Pipeline-0: initiation interval (II) = 1, depth = 2


============================================================
+ Verbose Summary: Schedule
============================================================
* Number of FSM states : 2
* Pipeline : 1
  Pipeline-0 : II = 1, D = 2, States = { 1 2 }
* Dataflow Pipeline: 0

* FSM state transitions: 
1 --> 2 
2 --> 

* FSM state operations: 

State 1 <SV = 0> <Delay = 5.04>
ST_1 : Operation 5 [1/1] (0.00ns)   --->   "%i_4 = alloca i32 1" [bnn.cpp:124]   --->   Operation 5 'alloca' 'i_4' <Predicate = true> <Delay = 0.00>
ST_1 : Operation 6 [1/1] (0.00ns)   --->   "%layer2_quant = alloca i32 1" [bnn.cpp:83]   --->   Operation 6 'alloca' 'layer2_quant' <Predicate = true> <Delay = 0.00>
ST_1 : Operation 7 [1/1] (0.00ns)   --->   "%layer2_quant_1 = alloca i32 1" [bnn.cpp:83]   --->   Operation 7 'alloca' 'layer2_quant_1' <Predicate = true> <Delay = 0.00>
ST_1 : Operation 8 [1/1] (0.00ns)   --->   "%layer2_quant_2 = alloca i32 1" [bnn.cpp:83]   --->   Operation 8 'alloca' 'layer2_quant_2' <Predicate = true> <Delay = 0.00>
ST_1 : Operation 9 [1/1] (0.00ns)   --->   "%layer2_quant_3 = alloca i32 1" [bnn.cpp:83]   --->   Operation 9 'alloca' 'layer2_quant_3' <Predicate = true> <Delay = 0.00>
ST_1 : Operation 10 [1/1] (0.00ns)   --->   "%layer2_quant_4 = alloca i32 1" [bnn.cpp:83]   --->   Operation 10 'alloca' 'layer2_quant_4' <Predicate = true> <Delay = 0.00>
ST_1 : Operation 11 [1/1] (0.00ns)   --->   "%layer2_quant_5 = alloca i32 1" [bnn.cpp:83]   --->   Operation 11 'alloca' 'layer2_quant_5' <Predicate = true> <Delay = 0.00>
ST_1 : Operation 12 [1/1] (0.00ns)   --->   "%layer2_quant_6 = alloca i32 1" [bnn.cpp:83]   --->   Operation 12 'alloca' 'layer2_quant_6' <Predicate = true> <Delay = 0.00>
ST_1 : Operation 13 [1/1] (0.00ns)   --->   "%layer2_quant_7 = alloca i32 1" [bnn.cpp:83]   --->   Operation 13 'alloca' 'layer2_quant_7' <Predicate = true> <Delay = 0.00>
ST_1 : Operation 14 [1/1] (0.00ns)   --->   "%layer2_quant_8 = alloca i32 1" [bnn.cpp:83]   --->   Operation 14 'alloca' 'layer2_quant_8' <Predicate = true> <Delay = 0.00>
ST_1 : Operation 15 [1/1] (0.00ns)   --->   "%layer2_quant_9 = alloca i32 1" [bnn.cpp:83]   --->   Operation 15 'alloca' 'layer2_quant_9' <Predicate = true> <Delay = 0.00>
ST_1 : Operation 16 [1/1] (0.00ns)   --->   "%layer2_quant_10 = alloca i32 1" [bnn.cpp:83]   --->   Operation 16 'alloca' 'layer2_quant_10' <Predicate = true> <Delay = 0.00>
ST_1 : Operation 17 [1/1] (0.00ns)   --->   "%layer2_quant_11 = alloca i32 1" [bnn.cpp:83]   --->   Operation 17 'alloca' 'layer2_quant_11' <Predicate = true> <Delay = 0.00>
ST_1 : Operation 18 [1/1] (0.00ns)   --->   "%layer2_quant_12 = alloca i32 1" [bnn.cpp:83]   --->   Operation 18 'alloca' 'layer2_quant_12' <Predicate = true> <Delay = 0.00>
ST_1 : Operation 19 [1/1] (0.00ns)   --->   "%layer2_quant_13 = alloca i32 1" [bnn.cpp:83]   --->   Operation 19 'alloca' 'layer2_quant_13' <Predicate = true> <Delay = 0.00>
ST_1 : Operation 20 [1/1] (0.00ns)   --->   "%layer2_quant_14 = alloca i32 1" [bnn.cpp:83]   --->   Operation 20 'alloca' 'layer2_quant_14' <Predicate = true> <Delay = 0.00>
ST_1 : Operation 21 [1/1] (0.00ns)   --->   "%layer2_quant_15 = alloca i32 1" [bnn.cpp:83]   --->   Operation 21 'alloca' 'layer2_quant_15' <Predicate = true> <Delay = 0.00>
ST_1 : Operation 22 [1/1] (0.00ns)   --->   "%layer2_quant_16 = alloca i32 1" [bnn.cpp:83]   --->   Operation 22 'alloca' 'layer2_quant_16' <Predicate = true> <Delay = 0.00>
ST_1 : Operation 23 [1/1] (0.00ns)   --->   "%layer2_quant_17 = alloca i32 1" [bnn.cpp:83]   --->   Operation 23 'alloca' 'layer2_quant_17' <Predicate = true> <Delay = 0.00>
ST_1 : Operation 24 [1/1] (0.00ns)   --->   "%layer2_quant_18 = alloca i32 1" [bnn.cpp:83]   --->   Operation 24 'alloca' 'layer2_quant_18' <Predicate = true> <Delay = 0.00>
ST_1 : Operation 25 [1/1] (0.00ns)   --->   "%layer2_quant_19 = alloca i32 1" [bnn.cpp:83]   --->   Operation 25 'alloca' 'layer2_quant_19' <Predicate = true> <Delay = 0.00>
ST_1 : Operation 26 [1/1] (0.00ns)   --->   "%layer2_quant_20 = alloca i32 1" [bnn.cpp:83]   --->   Operation 26 'alloca' 'layer2_quant_20' <Predicate = true> <Delay = 0.00>
ST_1 : Operation 27 [1/1] (0.00ns)   --->   "%layer2_quant_21 = alloca i32 1" [bnn.cpp:83]   --->   Operation 27 'alloca' 'layer2_quant_21' <Predicate = true> <Delay = 0.00>
ST_1 : Operation 28 [1/1] (0.00ns)   --->   "%layer2_quant_22 = alloca i32 1" [bnn.cpp:83]   --->   Operation 28 'alloca' 'layer2_quant_22' <Predicate = true> <Delay = 0.00>
ST_1 : Operation 29 [1/1] (0.00ns)   --->   "%layer2_quant_23 = alloca i32 1" [bnn.cpp:83]   --->   Operation 29 'alloca' 'layer2_quant_23' <Predicate = true> <Delay = 0.00>
ST_1 : Operation 30 [1/1] (0.00ns)   --->   "%layer2_quant_24 = alloca i32 1" [bnn.cpp:83]   --->   Operation 30 'alloca' 'layer2_quant_24' <Predicate = true> <Delay = 0.00>
ST_1 : Operation 31 [1/1] (0.00ns)   --->   "%layer2_quant_25 = alloca i32 1" [bnn.cpp:83]   --->   Operation 31 'alloca' 'layer2_quant_25' <Predicate = true> <Delay = 0.00>
ST_1 : Operation 32 [1/1] (0.00ns)   --->   "%layer2_quant_26 = alloca i32 1" [bnn.cpp:83]   --->   Operation 32 'alloca' 'layer2_quant_26' <Predicate = true> <Delay = 0.00>
ST_1 : Operation 33 [1/1] (0.00ns)   --->   "%layer2_quant_27 = alloca i32 1" [bnn.cpp:83]   --->   Operation 33 'alloca' 'layer2_quant_27' <Predicate = true> <Delay = 0.00>
ST_1 : Operation 34 [1/1] (0.00ns)   --->   "%layer2_quant_28 = alloca i32 1" [bnn.cpp:83]   --->   Operation 34 'alloca' 'layer2_quant_28' <Predicate = true> <Delay = 0.00>
ST_1 : Operation 35 [1/1] (0.00ns)   --->   "%layer2_quant_29 = alloca i32 1" [bnn.cpp:83]   --->   Operation 35 'alloca' 'layer2_quant_29' <Predicate = true> <Delay = 0.00>
ST_1 : Operation 36 [1/1] (0.00ns)   --->   "%layer2_quant_30 = alloca i32 1" [bnn.cpp:83]   --->   Operation 36 'alloca' 'layer2_quant_30' <Predicate = true> <Delay = 0.00>
ST_1 : Operation 37 [1/1] (0.00ns)   --->   "%layer2_quant_31 = alloca i32 1" [bnn.cpp:83]   --->   Operation 37 'alloca' 'layer2_quant_31' <Predicate = true> <Delay = 0.00>
ST_1 : Operation 38 [1/1] (0.00ns)   --->   "%layer2_quant_32 = alloca i32 1" [bnn.cpp:83]   --->   Operation 38 'alloca' 'layer2_quant_32' <Predicate = true> <Delay = 0.00>
ST_1 : Operation 39 [1/1] (0.00ns)   --->   "%layer2_quant_33 = alloca i32 1" [bnn.cpp:83]   --->   Operation 39 'alloca' 'layer2_quant_33' <Predicate = true> <Delay = 0.00>
ST_1 : Operation 40 [1/1] (0.00ns)   --->   "%layer2_quant_34 = alloca i32 1" [bnn.cpp:83]   --->   Operation 40 'alloca' 'layer2_quant_34' <Predicate = true> <Delay = 0.00>
ST_1 : Operation 41 [1/1] (0.00ns)   --->   "%layer2_quant_35 = alloca i32 1" [bnn.cpp:83]   --->   Operation 41 'alloca' 'layer2_quant_35' <Predicate = true> <Delay = 0.00>
ST_1 : Operation 42 [1/1] (0.00ns)   --->   "%layer2_quant_36 = alloca i32 1" [bnn.cpp:83]   --->   Operation 42 'alloca' 'layer2_quant_36' <Predicate = true> <Delay = 0.00>
ST_1 : Operation 43 [1/1] (0.00ns)   --->   "%layer2_quant_37 = alloca i32 1" [bnn.cpp:83]   --->   Operation 43 'alloca' 'layer2_quant_37' <Predicate = true> <Delay = 0.00>
ST_1 : Operation 44 [1/1] (0.00ns)   --->   "%layer2_quant_38 = alloca i32 1" [bnn.cpp:83]   --->   Operation 44 'alloca' 'layer2_quant_38' <Predicate = true> <Delay = 0.00>
ST_1 : Operation 45 [1/1] (0.00ns)   --->   "%layer2_quant_39 = alloca i32 1" [bnn.cpp:83]   --->   Operation 45 'alloca' 'layer2_quant_39' <Predicate = true> <Delay = 0.00>
ST_1 : Operation 46 [1/1] (0.00ns)   --->   "%layer2_quant_40 = alloca i32 1" [bnn.cpp:83]   --->   Operation 46 'alloca' 'layer2_quant_40' <Predicate = true> <Delay = 0.00>
ST_1 : Operation 47 [1/1] (0.00ns)   --->   "%layer2_quant_41 = alloca i32 1" [bnn.cpp:83]   --->   Operation 47 'alloca' 'layer2_quant_41' <Predicate = true> <Delay = 0.00>
ST_1 : Operation 48 [1/1] (0.00ns)   --->   "%layer2_quant_42 = alloca i32 1" [bnn.cpp:83]   --->   Operation 48 'alloca' 'layer2_quant_42' <Predicate = true> <Delay = 0.00>
ST_1 : Operation 49 [1/1] (0.00ns)   --->   "%layer2_quant_43 = alloca i32 1" [bnn.cpp:83]   --->   Operation 49 'alloca' 'layer2_quant_43' <Predicate = true> <Delay = 0.00>
ST_1 : Operation 50 [1/1] (0.00ns)   --->   "%layer2_quant_44 = alloca i32 1" [bnn.cpp:83]   --->   Operation 50 'alloca' 'layer2_quant_44' <Predicate = true> <Delay = 0.00>
ST_1 : Operation 51 [1/1] (0.00ns)   --->   "%layer2_quant_45 = alloca i32 1" [bnn.cpp:83]   --->   Operation 51 'alloca' 'layer2_quant_45' <Predicate = true> <Delay = 0.00>
ST_1 : Operation 52 [1/1] (0.00ns)   --->   "%layer2_quant_46 = alloca i32 1" [bnn.cpp:83]   --->   Operation 52 'alloca' 'layer2_quant_46' <Predicate = true> <Delay = 0.00>
ST_1 : Operation 53 [1/1] (0.00ns)   --->   "%layer2_quant_47 = alloca i32 1" [bnn.cpp:83]   --->   Operation 53 'alloca' 'layer2_quant_47' <Predicate = true> <Delay = 0.00>
ST_1 : Operation 54 [1/1] (0.00ns)   --->   "%layer2_quant_48 = alloca i32 1" [bnn.cpp:83]   --->   Operation 54 'alloca' 'layer2_quant_48' <Predicate = true> <Delay = 0.00>
ST_1 : Operation 55 [1/1] (0.00ns)   --->   "%layer2_quant_49 = alloca i32 1" [bnn.cpp:83]   --->   Operation 55 'alloca' 'layer2_quant_49' <Predicate = true> <Delay = 0.00>
ST_1 : Operation 56 [1/1] (0.00ns)   --->   "%layer2_quant_50 = alloca i32 1" [bnn.cpp:83]   --->   Operation 56 'alloca' 'layer2_quant_50' <Predicate = true> <Delay = 0.00>
ST_1 : Operation 57 [1/1] (0.00ns)   --->   "%layer2_quant_51 = alloca i32 1" [bnn.cpp:83]   --->   Operation 57 'alloca' 'layer2_quant_51' <Predicate = true> <Delay = 0.00>
ST_1 : Operation 58 [1/1] (0.00ns)   --->   "%layer2_quant_52 = alloca i32 1" [bnn.cpp:83]   --->   Operation 58 'alloca' 'layer2_quant_52' <Predicate = true> <Delay = 0.00>
ST_1 : Operation 59 [1/1] (0.00ns)   --->   "%layer2_quant_53 = alloca i32 1" [bnn.cpp:83]   --->   Operation 59 'alloca' 'layer2_quant_53' <Predicate = true> <Delay = 0.00>
ST_1 : Operation 60 [1/1] (0.00ns)   --->   "%layer2_quant_54 = alloca i32 1" [bnn.cpp:83]   --->   Operation 60 'alloca' 'layer2_quant_54' <Predicate = true> <Delay = 0.00>
ST_1 : Operation 61 [1/1] (0.00ns)   --->   "%layer2_quant_55 = alloca i32 1" [bnn.cpp:83]   --->   Operation 61 'alloca' 'layer2_quant_55' <Predicate = true> <Delay = 0.00>
ST_1 : Operation 62 [1/1] (0.00ns)   --->   "%layer2_quant_56 = alloca i32 1" [bnn.cpp:83]   --->   Operation 62 'alloca' 'layer2_quant_56' <Predicate = true> <Delay = 0.00>
ST_1 : Operation 63 [1/1] (0.00ns)   --->   "%layer2_quant_57 = alloca i32 1" [bnn.cpp:83]   --->   Operation 63 'alloca' 'layer2_quant_57' <Predicate = true> <Delay = 0.00>
ST_1 : Operation 64 [1/1] (0.00ns)   --->   "%layer2_quant_58 = alloca i32 1" [bnn.cpp:83]   --->   Operation 64 'alloca' 'layer2_quant_58' <Predicate = true> <Delay = 0.00>
ST_1 : Operation 65 [1/1] (0.00ns)   --->   "%layer2_quant_59 = alloca i32 1" [bnn.cpp:83]   --->   Operation 65 'alloca' 'layer2_quant_59' <Predicate = true> <Delay = 0.00>
ST_1 : Operation 66 [1/1] (0.00ns)   --->   "%layer2_quant_60 = alloca i32 1" [bnn.cpp:83]   --->   Operation 66 'alloca' 'layer2_quant_60' <Predicate = true> <Delay = 0.00>
ST_1 : Operation 67 [1/1] (0.00ns)   --->   "%layer2_quant_61 = alloca i32 1" [bnn.cpp:83]   --->   Operation 67 'alloca' 'layer2_quant_61' <Predicate = true> <Delay = 0.00>
ST_1 : Operation 68 [1/1] (0.00ns)   --->   "%layer2_quant_62 = alloca i32 1" [bnn.cpp:83]   --->   Operation 68 'alloca' 'layer2_quant_62' <Predicate = true> <Delay = 0.00>
ST_1 : Operation 69 [1/1] (0.00ns)   --->   "%layer2_quant_63 = alloca i32 1" [bnn.cpp:83]   --->   Operation 69 'alloca' 'layer2_quant_63' <Predicate = true> <Delay = 0.00>
ST_1 : Operation 70 [1/1] (1.58ns)   --->   "%store_ln124 = store i7 0, i7 %i_4" [bnn.cpp:124]   --->   Operation 70 'store' 'store_ln124' <Predicate = true> <Delay = 1.58>
ST_1 : Operation 71 [1/1] (0.00ns)   --->   "%br_ln0 = br void %for.inc57"   --->   Operation 71 'br' 'br_ln0' <Predicate = true> <Delay = 0.00>
ST_1 : Operation 72 [1/1] (0.00ns)   --->   "%i = load i7 %i_4" [bnn.cpp:124]   --->   Operation 72 'load' 'i' <Predicate = true> <Delay = 0.00>
ST_1 : Operation 73 [1/1] (1.87ns)   --->   "%icmp_ln124 = icmp_eq  i7 %i, i7 64" [bnn.cpp:124]   --->   Operation 73 'icmp' 'icmp_ln124' <Predicate = true> <Delay = 1.87> <CoreInst = "Cmp">   --->   Core 9 'Cmp' <Latency = 0> <II = 1> <Delay = 1.87> <FuncUnit> <Opcode : 'seteq' 'setne' 'setle' 'setge' 'setlt' 'setgt'> <InPorts = 2> <OutPorts = 1>
ST_1 : Operation 74 [1/1] (1.87ns)   --->   "%add_ln124 = add i7 %i, i7 1" [bnn.cpp:124]   --->   Operation 74 'add' 'add_ln124' <Predicate = true> <Delay = 1.87> <CoreInst = "Adder">   --->   Core 1 'Adder' <Latency = 0> <II = 1> <Delay = 1.87> <FuncUnit> <Opcode : 'add' 'sub'> <InPorts = 2> <OutPorts = 1>
ST_1 : Operation 75 [1/1] (0.00ns)   --->   "%br_ln124 = br i1 %icmp_ln124, void %for.inc57.split, void %for.inc.i234.preheader.exitStub" [bnn.cpp:124]   --->   Operation 75 'br' 'br_ln124' <Predicate = true> <Delay = 0.00>
ST_1 : Operation 76 [1/1] (0.00ns)   --->   "%trunc_ln124 = trunc i7 %i" [bnn.cpp:124]   --->   Operation 76 'trunc' 'trunc_ln124' <Predicate = (!icmp_ln124)> <Delay = 0.00>
ST_1 : Operation 77 [1/1] (0.00ns)   --->   "%trunc_ln124_1 = trunc i7 %i" [bnn.cpp:124]   --->   Operation 77 'trunc' 'trunc_ln124_1' <Predicate = (!icmp_ln124)> <Delay = 0.00>
ST_1 : Operation 78 [1/1] (0.00ns)   --->   "%lshr_ln4 = partselect i4 @_ssdm_op_PartSelect.i4.i7.i32.i32, i7 %i, i32 2, i32 5" [bnn.cpp:83]   --->   Operation 78 'partselect' 'lshr_ln4' <Predicate = (!icmp_ln124)> <Delay = 0.00>
ST_1 : Operation 79 [1/1] (0.00ns)   --->   "%zext_ln83 = zext i4 %lshr_ln4" [bnn.cpp:83]   --->   Operation 79 'zext' 'zext_ln83' <Predicate = (!icmp_ln124)> <Delay = 0.00>
ST_1 : Operation 80 [1/1] (0.00ns)   --->   "%layer2_activations_addr = getelementptr i32 %layer2_activations, i64 0, i64 %zext_ln83" [bnn.cpp:127]   --->   Operation 80 'getelementptr' 'layer2_activations_addr' <Predicate = (!icmp_ln124)> <Delay = 0.00>
ST_1 : Operation 81 [1/1] (0.00ns)   --->   "%layer2_activations_1_addr = getelementptr i32 %layer2_activations_1, i64 0, i64 %zext_ln83" [bnn.cpp:127]   --->   Operation 81 'getelementptr' 'layer2_activations_1_addr' <Predicate = (!icmp_ln124)> <Delay = 0.00>
ST_1 : Operation 82 [1/1] (0.00ns)   --->   "%layer2_activations_2_addr = getelementptr i32 %layer2_activations_2, i64 0, i64 %zext_ln83" [bnn.cpp:127]   --->   Operation 82 'getelementptr' 'layer2_activations_2_addr' <Predicate = (!icmp_ln124)> <Delay = 0.00>
ST_1 : Operation 83 [1/1] (0.00ns)   --->   "%layer2_activations_3_addr = getelementptr i32 %layer2_activations_3, i64 0, i64 %zext_ln83" [bnn.cpp:127]   --->   Operation 83 'getelementptr' 'layer2_activations_3_addr' <Predicate = (!icmp_ln124)> <Delay = 0.00>
ST_1 : Operation 84 [2/2] (2.32ns)   --->   "%layer2_activations_load = load i4 %layer2_activations_addr" [bnn.cpp:127]   --->   Operation 84 'load' 'layer2_activations_load' <Predicate = (!icmp_ln124)> <Delay = 2.32> <CoreInst = "RAM">   --->   Core 81 'RAM' <Latency = 1> <II = 1> <Delay = 2.32> <Storage> <Opcode : 'load' 'store'> <Ports = 2> <Width = 32> <Depth = 16> <RAM>
ST_1 : Operation 85 [2/2] (2.32ns)   --->   "%layer2_activations_1_load = load i4 %layer2_activations_1_addr" [bnn.cpp:127]   --->   Operation 85 'load' 'layer2_activations_1_load' <Predicate = (!icmp_ln124)> <Delay = 2.32> <CoreInst = "RAM">   --->   Core 81 'RAM' <Latency = 1> <II = 1> <Delay = 2.32> <Storage> <Opcode : 'load' 'store'> <Ports = 2> <Width = 32> <Depth = 16> <RAM>
ST_1 : Operation 86 [2/2] (2.32ns)   --->   "%layer2_activations_2_load = load i4 %layer2_activations_2_addr" [bnn.cpp:127]   --->   Operation 86 'load' 'layer2_activations_2_load' <Predicate = (!icmp_ln124)> <Delay = 2.32> <CoreInst = "RAM">   --->   Core 81 'RAM' <Latency = 1> <II = 1> <Delay = 2.32> <Storage> <Opcode : 'load' 'store'> <Ports = 2> <Width = 32> <Depth = 16> <RAM>
ST_1 : Operation 87 [2/2] (2.32ns)   --->   "%layer2_activations_3_load = load i4 %layer2_activations_3_addr" [bnn.cpp:127]   --->   Operation 87 'load' 'layer2_activations_3_load' <Predicate = (!icmp_ln124)> <Delay = 2.32> <CoreInst = "RAM">   --->   Core 81 'RAM' <Latency = 1> <II = 1> <Delay = 2.32> <Storage> <Opcode : 'load' 'store'> <Ports = 2> <Width = 32> <Depth = 16> <RAM>
ST_1 : Operation 88 [1/1] (1.82ns)   --->   "%switch_ln127 = switch i6 %trunc_ln124_1, void %arrayidx56.case.63, i6 0, void %arrayidx56.case.0, i6 1, void %arrayidx56.case.1, i6 2, void %arrayidx56.case.2, i6 3, void %arrayidx56.case.3, i6 4, void %arrayidx56.case.4, i6 5, void %arrayidx56.case.5, i6 6, void %arrayidx56.case.6, i6 7, void %arrayidx56.case.7, i6 8, void %arrayidx56.case.8, i6 9, void %arrayidx56.case.9, i6 10, void %arrayidx56.case.10, i6 11, void %arrayidx56.case.11, i6 12, void %arrayidx56.case.12, i6 13, void %arrayidx56.case.13, i6 14, void %arrayidx56.case.14, i6 15, void %arrayidx56.case.15, i6 16, void %arrayidx56.case.16, i6 17, void %arrayidx56.case.17, i6 18, void %arrayidx56.case.18, i6 19, void %arrayidx56.case.19, i6 20, void %arrayidx56.case.20, i6 21, void %arrayidx56.case.21, i6 22, void %arrayidx56.case.22, i6 23, void %arrayidx56.case.23, i6 24, void %arrayidx56.case.24, i6 25, void %arrayidx56.case.25, i6 26, void %arrayidx56.case.26, i6 27, void %arrayidx56.case.27, i6 28, void %arrayidx56.case.28, i6 29, void %arrayidx56.case.29, i6 30, void %arrayidx56.case.30, i6 31, void %arrayidx56.case.31, i6 32, void %arrayidx56.case.32, i6 33, void %arrayidx56.case.33, i6 34, void %arrayidx56.case.34, i6 35, void %arrayidx56.case.35, i6 36, void %arrayidx56.case.36, i6 37, void %arrayidx56.case.37, i6 38, void %arrayidx56.case.38, i6 39, void %arrayidx56.case.39, i6 40, void %arrayidx56.case.40, i6 41, void %arrayidx56.case.41, i6 42, void %arrayidx56.case.42, i6 43, void %arrayidx56.case.43, i6 44, void %arrayidx56.case.44, i6 45, void %arrayidx56.case.45, i6 46, void %arrayidx56.case.46, i6 47, void %arrayidx56.case.47, i6 48, void %arrayidx56.case.48, i6 49, void %arrayidx56.case.49, i6 50, void %arrayidx56.case.50, i6 51, void %arrayidx56.case.51, i6 52, void %arrayidx56.case.52, i6 53, void %arrayidx56.case.53, i6 54, void %arrayidx56.case.54, i6 55, void %arrayidx56.case.55, i6 56, void %arrayidx56.case.56, i6 57, void %arrayidx56.case.57, i6 58, void %arrayidx56.case.58, i6 59, void %arrayidx56.case.59, i6 60, void %arrayidx56.case.60, i6 61, void %arrayidx56.case.61, i6 62, void %for.inc57.split.arrayidx56.exit_crit_edge" [bnn.cpp:127]   --->   Operation 88 'switch' 'switch_ln127' <Predicate = (!icmp_ln124)> <Delay = 1.82>
ST_1 : Operation 89 [1/1] (1.58ns)   --->   "%store_ln124 = store i7 %add_ln124, i7 %i_4" [bnn.cpp:124]   --->   Operation 89 'store' 'store_ln124' <Predicate = (!icmp_ln124)> <Delay = 1.58>
ST_1 : Operation 90 [1/1] (0.00ns)   --->   "%br_ln124 = br void %for.inc57" [bnn.cpp:124]   --->   Operation 90 'br' 'br_ln124' <Predicate = (!icmp_ln124)> <Delay = 0.00>
ST_1 : Operation 229 [1/1] (0.00ns)   --->   "%layer2_quant_load = load i32 %layer2_quant"   --->   Operation 229 'load' 'layer2_quant_load' <Predicate = (icmp_ln124)> <Delay = 0.00>
ST_1 : Operation 230 [1/1] (0.00ns)   --->   "%layer2_quant_1_load = load i32 %layer2_quant_1"   --->   Operation 230 'load' 'layer2_quant_1_load' <Predicate = (icmp_ln124)> <Delay = 0.00>
ST_1 : Operation 231 [1/1] (0.00ns)   --->   "%layer2_quant_2_load = load i32 %layer2_quant_2"   --->   Operation 231 'load' 'layer2_quant_2_load' <Predicate = (icmp_ln124)> <Delay = 0.00>
ST_1 : Operation 232 [1/1] (0.00ns)   --->   "%layer2_quant_3_load = load i32 %layer2_quant_3"   --->   Operation 232 'load' 'layer2_quant_3_load' <Predicate = (icmp_ln124)> <Delay = 0.00>
ST_1 : Operation 233 [1/1] (0.00ns)   --->   "%layer2_quant_4_load = load i32 %layer2_quant_4"   --->   Operation 233 'load' 'layer2_quant_4_load' <Predicate = (icmp_ln124)> <Delay = 0.00>
ST_1 : Operation 234 [1/1] (0.00ns)   --->   "%layer2_quant_5_load = load i32 %layer2_quant_5"   --->   Operation 234 'load' 'layer2_quant_5_load' <Predicate = (icmp_ln124)> <Delay = 0.00>
ST_1 : Operation 235 [1/1] (0.00ns)   --->   "%layer2_quant_6_load = load i32 %layer2_quant_6"   --->   Operation 235 'load' 'layer2_quant_6_load' <Predicate = (icmp_ln124)> <Delay = 0.00>
ST_1 : Operation 236 [1/1] (0.00ns)   --->   "%layer2_quant_7_load = load i32 %layer2_quant_7"   --->   Operation 236 'load' 'layer2_quant_7_load' <Predicate = (icmp_ln124)> <Delay = 0.00>
ST_1 : Operation 237 [1/1] (0.00ns)   --->   "%layer2_quant_8_load = load i32 %layer2_quant_8"   --->   Operation 237 'load' 'layer2_quant_8_load' <Predicate = (icmp_ln124)> <Delay = 0.00>
ST_1 : Operation 238 [1/1] (0.00ns)   --->   "%layer2_quant_9_load = load i32 %layer2_quant_9"   --->   Operation 238 'load' 'layer2_quant_9_load' <Predicate = (icmp_ln124)> <Delay = 0.00>
ST_1 : Operation 239 [1/1] (0.00ns)   --->   "%layer2_quant_10_load = load i32 %layer2_quant_10"   --->   Operation 239 'load' 'layer2_quant_10_load' <Predicate = (icmp_ln124)> <Delay = 0.00>
ST_1 : Operation 240 [1/1] (0.00ns)   --->   "%layer2_quant_11_load = load i32 %layer2_quant_11"   --->   Operation 240 'load' 'layer2_quant_11_load' <Predicate = (icmp_ln124)> <Delay = 0.00>
ST_1 : Operation 241 [1/1] (0.00ns)   --->   "%layer2_quant_12_load = load i32 %layer2_quant_12"   --->   Operation 241 'load' 'layer2_quant_12_load' <Predicate = (icmp_ln124)> <Delay = 0.00>
ST_1 : Operation 242 [1/1] (0.00ns)   --->   "%layer2_quant_13_load = load i32 %layer2_quant_13"   --->   Operation 242 'load' 'layer2_quant_13_load' <Predicate = (icmp_ln124)> <Delay = 0.00>
ST_1 : Operation 243 [1/1] (0.00ns)   --->   "%layer2_quant_14_load = load i32 %layer2_quant_14"   --->   Operation 243 'load' 'layer2_quant_14_load' <Predicate = (icmp_ln124)> <Delay = 0.00>
ST_1 : Operation 244 [1/1] (0.00ns)   --->   "%layer2_quant_15_load = load i32 %layer2_quant_15"   --->   Operation 244 'load' 'layer2_quant_15_load' <Predicate = (icmp_ln124)> <Delay = 0.00>
ST_1 : Operation 245 [1/1] (0.00ns)   --->   "%layer2_quant_16_load = load i32 %layer2_quant_16"   --->   Operation 245 'load' 'layer2_quant_16_load' <Predicate = (icmp_ln124)> <Delay = 0.00>
ST_1 : Operation 246 [1/1] (0.00ns)   --->   "%layer2_quant_17_load = load i32 %layer2_quant_17"   --->   Operation 246 'load' 'layer2_quant_17_load' <Predicate = (icmp_ln124)> <Delay = 0.00>
ST_1 : Operation 247 [1/1] (0.00ns)   --->   "%layer2_quant_18_load = load i32 %layer2_quant_18"   --->   Operation 247 'load' 'layer2_quant_18_load' <Predicate = (icmp_ln124)> <Delay = 0.00>
ST_1 : Operation 248 [1/1] (0.00ns)   --->   "%layer2_quant_19_load = load i32 %layer2_quant_19"   --->   Operation 248 'load' 'layer2_quant_19_load' <Predicate = (icmp_ln124)> <Delay = 0.00>
ST_1 : Operation 249 [1/1] (0.00ns)   --->   "%layer2_quant_20_load = load i32 %layer2_quant_20"   --->   Operation 249 'load' 'layer2_quant_20_load' <Predicate = (icmp_ln124)> <Delay = 0.00>
ST_1 : Operation 250 [1/1] (0.00ns)   --->   "%layer2_quant_21_load = load i32 %layer2_quant_21"   --->   Operation 250 'load' 'layer2_quant_21_load' <Predicate = (icmp_ln124)> <Delay = 0.00>
ST_1 : Operation 251 [1/1] (0.00ns)   --->   "%layer2_quant_22_load = load i32 %layer2_quant_22"   --->   Operation 251 'load' 'layer2_quant_22_load' <Predicate = (icmp_ln124)> <Delay = 0.00>
ST_1 : Operation 252 [1/1] (0.00ns)   --->   "%layer2_quant_23_load = load i32 %layer2_quant_23"   --->   Operation 252 'load' 'layer2_quant_23_load' <Predicate = (icmp_ln124)> <Delay = 0.00>
ST_1 : Operation 253 [1/1] (0.00ns)   --->   "%layer2_quant_24_load = load i32 %layer2_quant_24"   --->   Operation 253 'load' 'layer2_quant_24_load' <Predicate = (icmp_ln124)> <Delay = 0.00>
ST_1 : Operation 254 [1/1] (0.00ns)   --->   "%layer2_quant_25_load = load i32 %layer2_quant_25"   --->   Operation 254 'load' 'layer2_quant_25_load' <Predicate = (icmp_ln124)> <Delay = 0.00>
ST_1 : Operation 255 [1/1] (0.00ns)   --->   "%layer2_quant_26_load = load i32 %layer2_quant_26"   --->   Operation 255 'load' 'layer2_quant_26_load' <Predicate = (icmp_ln124)> <Delay = 0.00>
ST_1 : Operation 256 [1/1] (0.00ns)   --->   "%layer2_quant_27_load = load i32 %layer2_quant_27"   --->   Operation 256 'load' 'layer2_quant_27_load' <Predicate = (icmp_ln124)> <Delay = 0.00>
ST_1 : Operation 257 [1/1] (0.00ns)   --->   "%layer2_quant_28_load = load i32 %layer2_quant_28"   --->   Operation 257 'load' 'layer2_quant_28_load' <Predicate = (icmp_ln124)> <Delay = 0.00>
ST_1 : Operation 258 [1/1] (0.00ns)   --->   "%layer2_quant_29_load = load i32 %layer2_quant_29"   --->   Operation 258 'load' 'layer2_quant_29_load' <Predicate = (icmp_ln124)> <Delay = 0.00>
ST_1 : Operation 259 [1/1] (0.00ns)   --->   "%layer2_quant_30_load = load i32 %layer2_quant_30"   --->   Operation 259 'load' 'layer2_quant_30_load' <Predicate = (icmp_ln124)> <Delay = 0.00>
ST_1 : Operation 260 [1/1] (0.00ns)   --->   "%layer2_quant_31_load = load i32 %layer2_quant_31"   --->   Operation 260 'load' 'layer2_quant_31_load' <Predicate = (icmp_ln124)> <Delay = 0.00>
ST_1 : Operation 261 [1/1] (0.00ns)   --->   "%layer2_quant_32_load = load i32 %layer2_quant_32"   --->   Operation 261 'load' 'layer2_quant_32_load' <Predicate = (icmp_ln124)> <Delay = 0.00>
ST_1 : Operation 262 [1/1] (0.00ns)   --->   "%layer2_quant_33_load = load i32 %layer2_quant_33"   --->   Operation 262 'load' 'layer2_quant_33_load' <Predicate = (icmp_ln124)> <Delay = 0.00>
ST_1 : Operation 263 [1/1] (0.00ns)   --->   "%layer2_quant_34_load = load i32 %layer2_quant_34"   --->   Operation 263 'load' 'layer2_quant_34_load' <Predicate = (icmp_ln124)> <Delay = 0.00>
ST_1 : Operation 264 [1/1] (0.00ns)   --->   "%layer2_quant_35_load = load i32 %layer2_quant_35"   --->   Operation 264 'load' 'layer2_quant_35_load' <Predicate = (icmp_ln124)> <Delay = 0.00>
ST_1 : Operation 265 [1/1] (0.00ns)   --->   "%layer2_quant_36_load = load i32 %layer2_quant_36"   --->   Operation 265 'load' 'layer2_quant_36_load' <Predicate = (icmp_ln124)> <Delay = 0.00>
ST_1 : Operation 266 [1/1] (0.00ns)   --->   "%layer2_quant_37_load = load i32 %layer2_quant_37"   --->   Operation 266 'load' 'layer2_quant_37_load' <Predicate = (icmp_ln124)> <Delay = 0.00>
ST_1 : Operation 267 [1/1] (0.00ns)   --->   "%layer2_quant_38_load = load i32 %layer2_quant_38"   --->   Operation 267 'load' 'layer2_quant_38_load' <Predicate = (icmp_ln124)> <Delay = 0.00>
ST_1 : Operation 268 [1/1] (0.00ns)   --->   "%layer2_quant_39_load = load i32 %layer2_quant_39"   --->   Operation 268 'load' 'layer2_quant_39_load' <Predicate = (icmp_ln124)> <Delay = 0.00>
ST_1 : Operation 269 [1/1] (0.00ns)   --->   "%layer2_quant_40_load = load i32 %layer2_quant_40"   --->   Operation 269 'load' 'layer2_quant_40_load' <Predicate = (icmp_ln124)> <Delay = 0.00>
ST_1 : Operation 270 [1/1] (0.00ns)   --->   "%layer2_quant_41_load = load i32 %layer2_quant_41"   --->   Operation 270 'load' 'layer2_quant_41_load' <Predicate = (icmp_ln124)> <Delay = 0.00>
ST_1 : Operation 271 [1/1] (0.00ns)   --->   "%layer2_quant_42_load = load i32 %layer2_quant_42"   --->   Operation 271 'load' 'layer2_quant_42_load' <Predicate = (icmp_ln124)> <Delay = 0.00>
ST_1 : Operation 272 [1/1] (0.00ns)   --->   "%layer2_quant_43_load = load i32 %layer2_quant_43"   --->   Operation 272 'load' 'layer2_quant_43_load' <Predicate = (icmp_ln124)> <Delay = 0.00>
ST_1 : Operation 273 [1/1] (0.00ns)   --->   "%layer2_quant_44_load = load i32 %layer2_quant_44"   --->   Operation 273 'load' 'layer2_quant_44_load' <Predicate = (icmp_ln124)> <Delay = 0.00>
ST_1 : Operation 274 [1/1] (0.00ns)   --->   "%layer2_quant_45_load = load i32 %layer2_quant_45"   --->   Operation 274 'load' 'layer2_quant_45_load' <Predicate = (icmp_ln124)> <Delay = 0.00>
ST_1 : Operation 275 [1/1] (0.00ns)   --->   "%layer2_quant_46_load = load i32 %layer2_quant_46"   --->   Operation 275 'load' 'layer2_quant_46_load' <Predicate = (icmp_ln124)> <Delay = 0.00>
ST_1 : Operation 276 [1/1] (0.00ns)   --->   "%layer2_quant_47_load = load i32 %layer2_quant_47"   --->   Operation 276 'load' 'layer2_quant_47_load' <Predicate = (icmp_ln124)> <Delay = 0.00>
ST_1 : Operation 277 [1/1] (0.00ns)   --->   "%layer2_quant_48_load = load i32 %layer2_quant_48"   --->   Operation 277 'load' 'layer2_quant_48_load' <Predicate = (icmp_ln124)> <Delay = 0.00>
ST_1 : Operation 278 [1/1] (0.00ns)   --->   "%layer2_quant_49_load = load i32 %layer2_quant_49"   --->   Operation 278 'load' 'layer2_quant_49_load' <Predicate = (icmp_ln124)> <Delay = 0.00>
ST_1 : Operation 279 [1/1] (0.00ns)   --->   "%layer2_quant_50_load = load i32 %layer2_quant_50"   --->   Operation 279 'load' 'layer2_quant_50_load' <Predicate = (icmp_ln124)> <Delay = 0.00>
ST_1 : Operation 280 [1/1] (0.00ns)   --->   "%layer2_quant_51_load = load i32 %layer2_quant_51"   --->   Operation 280 'load' 'layer2_quant_51_load' <Predicate = (icmp_ln124)> <Delay = 0.00>
ST_1 : Operation 281 [1/1] (0.00ns)   --->   "%layer2_quant_52_load = load i32 %layer2_quant_52"   --->   Operation 281 'load' 'layer2_quant_52_load' <Predicate = (icmp_ln124)> <Delay = 0.00>
ST_1 : Operation 282 [1/1] (0.00ns)   --->   "%layer2_quant_53_load = load i32 %layer2_quant_53"   --->   Operation 282 'load' 'layer2_quant_53_load' <Predicate = (icmp_ln124)> <Delay = 0.00>
ST_1 : Operation 283 [1/1] (0.00ns)   --->   "%layer2_quant_54_load = load i32 %layer2_quant_54"   --->   Operation 283 'load' 'layer2_quant_54_load' <Predicate = (icmp_ln124)> <Delay = 0.00>
ST_1 : Operation 284 [1/1] (0.00ns)   --->   "%layer2_quant_55_load = load i32 %layer2_quant_55"   --->   Operation 284 'load' 'layer2_quant_55_load' <Predicate = (icmp_ln124)> <Delay = 0.00>
ST_1 : Operation 285 [1/1] (0.00ns)   --->   "%layer2_quant_56_load = load i32 %layer2_quant_56"   --->   Operation 285 'load' 'layer2_quant_56_load' <Predicate = (icmp_ln124)> <Delay = 0.00>
ST_1 : Operation 286 [1/1] (0.00ns)   --->   "%layer2_quant_57_load = load i32 %layer2_quant_57"   --->   Operation 286 'load' 'layer2_quant_57_load' <Predicate = (icmp_ln124)> <Delay = 0.00>
ST_1 : Operation 287 [1/1] (0.00ns)   --->   "%layer2_quant_58_load = load i32 %layer2_quant_58"   --->   Operation 287 'load' 'layer2_quant_58_load' <Predicate = (icmp_ln124)> <Delay = 0.00>
ST_1 : Operation 288 [1/1] (0.00ns)   --->   "%layer2_quant_59_load = load i32 %layer2_quant_59"   --->   Operation 288 'load' 'layer2_quant_59_load' <Predicate = (icmp_ln124)> <Delay = 0.00>
ST_1 : Operation 289 [1/1] (0.00ns)   --->   "%layer2_quant_60_load = load i32 %layer2_quant_60"   --->   Operation 289 'load' 'layer2_quant_60_load' <Predicate = (icmp_ln124)> <Delay = 0.00>
ST_1 : Operation 290 [1/1] (0.00ns)   --->   "%layer2_quant_61_load = load i32 %layer2_quant_61"   --->   Operation 290 'load' 'layer2_quant_61_load' <Predicate = (icmp_ln124)> <Delay = 0.00>
ST_1 : Operation 291 [1/1] (0.00ns)   --->   "%layer2_quant_62_load = load i32 %layer2_quant_62"   --->   Operation 291 'load' 'layer2_quant_62_load' <Predicate = (icmp_ln124)> <Delay = 0.00>
ST_1 : Operation 292 [1/1] (0.00ns)   --->   "%layer2_quant_63_load = load i32 %layer2_quant_63"   --->   Operation 292 'load' 'layer2_quant_63_load' <Predicate = (icmp_ln124)> <Delay = 0.00>
ST_1 : Operation 293 [1/1] (0.00ns)   --->   "%write_ln0 = write void @_ssdm_op_Write.ap_auto.i32P0A, i32 %layer2_quant_63_out, i32 %layer2_quant_63_load"   --->   Operation 293 'write' 'write_ln0' <Predicate = (icmp_ln124)> <Delay = 0.00>
ST_1 : Operation 294 [1/1] (0.00ns)   --->   "%write_ln0 = write void @_ssdm_op_Write.ap_auto.i32P0A, i32 %layer2_quant_62_out, i32 %layer2_quant_62_load"   --->   Operation 294 'write' 'write_ln0' <Predicate = (icmp_ln124)> <Delay = 0.00>
ST_1 : Operation 295 [1/1] (0.00ns)   --->   "%write_ln0 = write void @_ssdm_op_Write.ap_auto.i32P0A, i32 %layer2_quant_61_out, i32 %layer2_quant_61_load"   --->   Operation 295 'write' 'write_ln0' <Predicate = (icmp_ln124)> <Delay = 0.00>
ST_1 : Operation 296 [1/1] (0.00ns)   --->   "%write_ln0 = write void @_ssdm_op_Write.ap_auto.i32P0A, i32 %layer2_quant_60_out, i32 %layer2_quant_60_load"   --->   Operation 296 'write' 'write_ln0' <Predicate = (icmp_ln124)> <Delay = 0.00>
ST_1 : Operation 297 [1/1] (0.00ns)   --->   "%write_ln0 = write void @_ssdm_op_Write.ap_auto.i32P0A, i32 %layer2_quant_59_out, i32 %layer2_quant_59_load"   --->   Operation 297 'write' 'write_ln0' <Predicate = (icmp_ln124)> <Delay = 0.00>
ST_1 : Operation 298 [1/1] (0.00ns)   --->   "%write_ln0 = write void @_ssdm_op_Write.ap_auto.i32P0A, i32 %layer2_quant_58_out, i32 %layer2_quant_58_load"   --->   Operation 298 'write' 'write_ln0' <Predicate = (icmp_ln124)> <Delay = 0.00>
ST_1 : Operation 299 [1/1] (0.00ns)   --->   "%write_ln0 = write void @_ssdm_op_Write.ap_auto.i32P0A, i32 %layer2_quant_57_out, i32 %layer2_quant_57_load"   --->   Operation 299 'write' 'write_ln0' <Predicate = (icmp_ln124)> <Delay = 0.00>
ST_1 : Operation 300 [1/1] (0.00ns)   --->   "%write_ln0 = write void @_ssdm_op_Write.ap_auto.i32P0A, i32 %layer2_quant_56_out, i32 %layer2_quant_56_load"   --->   Operation 300 'write' 'write_ln0' <Predicate = (icmp_ln124)> <Delay = 0.00>
ST_1 : Operation 301 [1/1] (0.00ns)   --->   "%write_ln0 = write void @_ssdm_op_Write.ap_auto.i32P0A, i32 %layer2_quant_55_out, i32 %layer2_quant_55_load"   --->   Operation 301 'write' 'write_ln0' <Predicate = (icmp_ln124)> <Delay = 0.00>
ST_1 : Operation 302 [1/1] (0.00ns)   --->   "%write_ln0 = write void @_ssdm_op_Write.ap_auto.i32P0A, i32 %layer2_quant_54_out, i32 %layer2_quant_54_load"   --->   Operation 302 'write' 'write_ln0' <Predicate = (icmp_ln124)> <Delay = 0.00>
ST_1 : Operation 303 [1/1] (0.00ns)   --->   "%write_ln0 = write void @_ssdm_op_Write.ap_auto.i32P0A, i32 %layer2_quant_53_out, i32 %layer2_quant_53_load"   --->   Operation 303 'write' 'write_ln0' <Predicate = (icmp_ln124)> <Delay = 0.00>
ST_1 : Operation 304 [1/1] (0.00ns)   --->   "%write_ln0 = write void @_ssdm_op_Write.ap_auto.i32P0A, i32 %layer2_quant_52_out, i32 %layer2_quant_52_load"   --->   Operation 304 'write' 'write_ln0' <Predicate = (icmp_ln124)> <Delay = 0.00>
ST_1 : Operation 305 [1/1] (0.00ns)   --->   "%write_ln0 = write void @_ssdm_op_Write.ap_auto.i32P0A, i32 %layer2_quant_51_out, i32 %layer2_quant_51_load"   --->   Operation 305 'write' 'write_ln0' <Predicate = (icmp_ln124)> <Delay = 0.00>
ST_1 : Operation 306 [1/1] (0.00ns)   --->   "%write_ln0 = write void @_ssdm_op_Write.ap_auto.i32P0A, i32 %layer2_quant_50_out, i32 %layer2_quant_50_load"   --->   Operation 306 'write' 'write_ln0' <Predicate = (icmp_ln124)> <Delay = 0.00>
ST_1 : Operation 307 [1/1] (0.00ns)   --->   "%write_ln0 = write void @_ssdm_op_Write.ap_auto.i32P0A, i32 %layer2_quant_49_out, i32 %layer2_quant_49_load"   --->   Operation 307 'write' 'write_ln0' <Predicate = (icmp_ln124)> <Delay = 0.00>
ST_1 : Operation 308 [1/1] (0.00ns)   --->   "%write_ln0 = write void @_ssdm_op_Write.ap_auto.i32P0A, i32 %layer2_quant_48_out, i32 %layer2_quant_48_load"   --->   Operation 308 'write' 'write_ln0' <Predicate = (icmp_ln124)> <Delay = 0.00>
ST_1 : Operation 309 [1/1] (0.00ns)   --->   "%write_ln0 = write void @_ssdm_op_Write.ap_auto.i32P0A, i32 %layer2_quant_47_out, i32 %layer2_quant_47_load"   --->   Operation 309 'write' 'write_ln0' <Predicate = (icmp_ln124)> <Delay = 0.00>
ST_1 : Operation 310 [1/1] (0.00ns)   --->   "%write_ln0 = write void @_ssdm_op_Write.ap_auto.i32P0A, i32 %layer2_quant_46_out, i32 %layer2_quant_46_load"   --->   Operation 310 'write' 'write_ln0' <Predicate = (icmp_ln124)> <Delay = 0.00>
ST_1 : Operation 311 [1/1] (0.00ns)   --->   "%write_ln0 = write void @_ssdm_op_Write.ap_auto.i32P0A, i32 %layer2_quant_45_out, i32 %layer2_quant_45_load"   --->   Operation 311 'write' 'write_ln0' <Predicate = (icmp_ln124)> <Delay = 0.00>
ST_1 : Operation 312 [1/1] (0.00ns)   --->   "%write_ln0 = write void @_ssdm_op_Write.ap_auto.i32P0A, i32 %layer2_quant_44_out, i32 %layer2_quant_44_load"   --->   Operation 312 'write' 'write_ln0' <Predicate = (icmp_ln124)> <Delay = 0.00>
ST_1 : Operation 313 [1/1] (0.00ns)   --->   "%write_ln0 = write void @_ssdm_op_Write.ap_auto.i32P0A, i32 %layer2_quant_43_out, i32 %layer2_quant_43_load"   --->   Operation 313 'write' 'write_ln0' <Predicate = (icmp_ln124)> <Delay = 0.00>
ST_1 : Operation 314 [1/1] (0.00ns)   --->   "%write_ln0 = write void @_ssdm_op_Write.ap_auto.i32P0A, i32 %layer2_quant_42_out, i32 %layer2_quant_42_load"   --->   Operation 314 'write' 'write_ln0' <Predicate = (icmp_ln124)> <Delay = 0.00>
ST_1 : Operation 315 [1/1] (0.00ns)   --->   "%write_ln0 = write void @_ssdm_op_Write.ap_auto.i32P0A, i32 %layer2_quant_41_out, i32 %layer2_quant_41_load"   --->   Operation 315 'write' 'write_ln0' <Predicate = (icmp_ln124)> <Delay = 0.00>
ST_1 : Operation 316 [1/1] (0.00ns)   --->   "%write_ln0 = write void @_ssdm_op_Write.ap_auto.i32P0A, i32 %layer2_quant_40_out, i32 %layer2_quant_40_load"   --->   Operation 316 'write' 'write_ln0' <Predicate = (icmp_ln124)> <Delay = 0.00>
ST_1 : Operation 317 [1/1] (0.00ns)   --->   "%write_ln0 = write void @_ssdm_op_Write.ap_auto.i32P0A, i32 %layer2_quant_39_out, i32 %layer2_quant_39_load"   --->   Operation 317 'write' 'write_ln0' <Predicate = (icmp_ln124)> <Delay = 0.00>
ST_1 : Operation 318 [1/1] (0.00ns)   --->   "%write_ln0 = write void @_ssdm_op_Write.ap_auto.i32P0A, i32 %layer2_quant_38_out, i32 %layer2_quant_38_load"   --->   Operation 318 'write' 'write_ln0' <Predicate = (icmp_ln124)> <Delay = 0.00>
ST_1 : Operation 319 [1/1] (0.00ns)   --->   "%write_ln0 = write void @_ssdm_op_Write.ap_auto.i32P0A, i32 %layer2_quant_37_out, i32 %layer2_quant_37_load"   --->   Operation 319 'write' 'write_ln0' <Predicate = (icmp_ln124)> <Delay = 0.00>
ST_1 : Operation 320 [1/1] (0.00ns)   --->   "%write_ln0 = write void @_ssdm_op_Write.ap_auto.i32P0A, i32 %layer2_quant_36_out, i32 %layer2_quant_36_load"   --->   Operation 320 'write' 'write_ln0' <Predicate = (icmp_ln124)> <Delay = 0.00>
ST_1 : Operation 321 [1/1] (0.00ns)   --->   "%write_ln0 = write void @_ssdm_op_Write.ap_auto.i32P0A, i32 %layer2_quant_35_out, i32 %layer2_quant_35_load"   --->   Operation 321 'write' 'write_ln0' <Predicate = (icmp_ln124)> <Delay = 0.00>
ST_1 : Operation 322 [1/1] (0.00ns)   --->   "%write_ln0 = write void @_ssdm_op_Write.ap_auto.i32P0A, i32 %layer2_quant_34_out, i32 %layer2_quant_34_load"   --->   Operation 322 'write' 'write_ln0' <Predicate = (icmp_ln124)> <Delay = 0.00>
ST_1 : Operation 323 [1/1] (0.00ns)   --->   "%write_ln0 = write void @_ssdm_op_Write.ap_auto.i32P0A, i32 %layer2_quant_33_out, i32 %layer2_quant_33_load"   --->   Operation 323 'write' 'write_ln0' <Predicate = (icmp_ln124)> <Delay = 0.00>
ST_1 : Operation 324 [1/1] (0.00ns)   --->   "%write_ln0 = write void @_ssdm_op_Write.ap_auto.i32P0A, i32 %layer2_quant_32_out, i32 %layer2_quant_32_load"   --->   Operation 324 'write' 'write_ln0' <Predicate = (icmp_ln124)> <Delay = 0.00>
ST_1 : Operation 325 [1/1] (0.00ns)   --->   "%write_ln0 = write void @_ssdm_op_Write.ap_auto.i32P0A, i32 %layer2_quant_31_out, i32 %layer2_quant_31_load"   --->   Operation 325 'write' 'write_ln0' <Predicate = (icmp_ln124)> <Delay = 0.00>
ST_1 : Operation 326 [1/1] (0.00ns)   --->   "%write_ln0 = write void @_ssdm_op_Write.ap_auto.i32P0A, i32 %layer2_quant_30_out, i32 %layer2_quant_30_load"   --->   Operation 326 'write' 'write_ln0' <Predicate = (icmp_ln124)> <Delay = 0.00>
ST_1 : Operation 327 [1/1] (0.00ns)   --->   "%write_ln0 = write void @_ssdm_op_Write.ap_auto.i32P0A, i32 %layer2_quant_29_out, i32 %layer2_quant_29_load"   --->   Operation 327 'write' 'write_ln0' <Predicate = (icmp_ln124)> <Delay = 0.00>
ST_1 : Operation 328 [1/1] (0.00ns)   --->   "%write_ln0 = write void @_ssdm_op_Write.ap_auto.i32P0A, i32 %layer2_quant_28_out, i32 %layer2_quant_28_load"   --->   Operation 328 'write' 'write_ln0' <Predicate = (icmp_ln124)> <Delay = 0.00>
ST_1 : Operation 329 [1/1] (0.00ns)   --->   "%write_ln0 = write void @_ssdm_op_Write.ap_auto.i32P0A, i32 %layer2_quant_27_out, i32 %layer2_quant_27_load"   --->   Operation 329 'write' 'write_ln0' <Predicate = (icmp_ln124)> <Delay = 0.00>
ST_1 : Operation 330 [1/1] (0.00ns)   --->   "%write_ln0 = write void @_ssdm_op_Write.ap_auto.i32P0A, i32 %layer2_quant_26_out, i32 %layer2_quant_26_load"   --->   Operation 330 'write' 'write_ln0' <Predicate = (icmp_ln124)> <Delay = 0.00>
ST_1 : Operation 331 [1/1] (0.00ns)   --->   "%write_ln0 = write void @_ssdm_op_Write.ap_auto.i32P0A, i32 %layer2_quant_25_out, i32 %layer2_quant_25_load"   --->   Operation 331 'write' 'write_ln0' <Predicate = (icmp_ln124)> <Delay = 0.00>
ST_1 : Operation 332 [1/1] (0.00ns)   --->   "%write_ln0 = write void @_ssdm_op_Write.ap_auto.i32P0A, i32 %layer2_quant_24_out, i32 %layer2_quant_24_load"   --->   Operation 332 'write' 'write_ln0' <Predicate = (icmp_ln124)> <Delay = 0.00>
ST_1 : Operation 333 [1/1] (0.00ns)   --->   "%write_ln0 = write void @_ssdm_op_Write.ap_auto.i32P0A, i32 %layer2_quant_23_out, i32 %layer2_quant_23_load"   --->   Operation 333 'write' 'write_ln0' <Predicate = (icmp_ln124)> <Delay = 0.00>
ST_1 : Operation 334 [1/1] (0.00ns)   --->   "%write_ln0 = write void @_ssdm_op_Write.ap_auto.i32P0A, i32 %layer2_quant_22_out, i32 %layer2_quant_22_load"   --->   Operation 334 'write' 'write_ln0' <Predicate = (icmp_ln124)> <Delay = 0.00>
ST_1 : Operation 335 [1/1] (0.00ns)   --->   "%write_ln0 = write void @_ssdm_op_Write.ap_auto.i32P0A, i32 %layer2_quant_21_out, i32 %layer2_quant_21_load"   --->   Operation 335 'write' 'write_ln0' <Predicate = (icmp_ln124)> <Delay = 0.00>
ST_1 : Operation 336 [1/1] (0.00ns)   --->   "%write_ln0 = write void @_ssdm_op_Write.ap_auto.i32P0A, i32 %layer2_quant_20_out, i32 %layer2_quant_20_load"   --->   Operation 336 'write' 'write_ln0' <Predicate = (icmp_ln124)> <Delay = 0.00>
ST_1 : Operation 337 [1/1] (0.00ns)   --->   "%write_ln0 = write void @_ssdm_op_Write.ap_auto.i32P0A, i32 %layer2_quant_19_out, i32 %layer2_quant_19_load"   --->   Operation 337 'write' 'write_ln0' <Predicate = (icmp_ln124)> <Delay = 0.00>
ST_1 : Operation 338 [1/1] (0.00ns)   --->   "%write_ln0 = write void @_ssdm_op_Write.ap_auto.i32P0A, i32 %layer2_quant_18_out, i32 %layer2_quant_18_load"   --->   Operation 338 'write' 'write_ln0' <Predicate = (icmp_ln124)> <Delay = 0.00>
ST_1 : Operation 339 [1/1] (0.00ns)   --->   "%write_ln0 = write void @_ssdm_op_Write.ap_auto.i32P0A, i32 %layer2_quant_17_out, i32 %layer2_quant_17_load"   --->   Operation 339 'write' 'write_ln0' <Predicate = (icmp_ln124)> <Delay = 0.00>
ST_1 : Operation 340 [1/1] (0.00ns)   --->   "%write_ln0 = write void @_ssdm_op_Write.ap_auto.i32P0A, i32 %layer2_quant_16_out, i32 %layer2_quant_16_load"   --->   Operation 340 'write' 'write_ln0' <Predicate = (icmp_ln124)> <Delay = 0.00>
ST_1 : Operation 341 [1/1] (0.00ns)   --->   "%write_ln0 = write void @_ssdm_op_Write.ap_auto.i32P0A, i32 %layer2_quant_15_out, i32 %layer2_quant_15_load"   --->   Operation 341 'write' 'write_ln0' <Predicate = (icmp_ln124)> <Delay = 0.00>
ST_1 : Operation 342 [1/1] (0.00ns)   --->   "%write_ln0 = write void @_ssdm_op_Write.ap_auto.i32P0A, i32 %layer2_quant_14_out, i32 %layer2_quant_14_load"   --->   Operation 342 'write' 'write_ln0' <Predicate = (icmp_ln124)> <Delay = 0.00>
ST_1 : Operation 343 [1/1] (0.00ns)   --->   "%write_ln0 = write void @_ssdm_op_Write.ap_auto.i32P0A, i32 %layer2_quant_13_out, i32 %layer2_quant_13_load"   --->   Operation 343 'write' 'write_ln0' <Predicate = (icmp_ln124)> <Delay = 0.00>
ST_1 : Operation 344 [1/1] (0.00ns)   --->   "%write_ln0 = write void @_ssdm_op_Write.ap_auto.i32P0A, i32 %layer2_quant_12_out, i32 %layer2_quant_12_load"   --->   Operation 344 'write' 'write_ln0' <Predicate = (icmp_ln124)> <Delay = 0.00>
ST_1 : Operation 345 [1/1] (0.00ns)   --->   "%write_ln0 = write void @_ssdm_op_Write.ap_auto.i32P0A, i32 %layer2_quant_11_out, i32 %layer2_quant_11_load"   --->   Operation 345 'write' 'write_ln0' <Predicate = (icmp_ln124)> <Delay = 0.00>
ST_1 : Operation 346 [1/1] (0.00ns)   --->   "%write_ln0 = write void @_ssdm_op_Write.ap_auto.i32P0A, i32 %layer2_quant_10_out, i32 %layer2_quant_10_load"   --->   Operation 346 'write' 'write_ln0' <Predicate = (icmp_ln124)> <Delay = 0.00>
ST_1 : Operation 347 [1/1] (0.00ns)   --->   "%write_ln0 = write void @_ssdm_op_Write.ap_auto.i32P0A, i32 %layer2_quant_9_out, i32 %layer2_quant_9_load"   --->   Operation 347 'write' 'write_ln0' <Predicate = (icmp_ln124)> <Delay = 0.00>
ST_1 : Operation 348 [1/1] (0.00ns)   --->   "%write_ln0 = write void @_ssdm_op_Write.ap_auto.i32P0A, i32 %layer2_quant_8_out, i32 %layer2_quant_8_load"   --->   Operation 348 'write' 'write_ln0' <Predicate = (icmp_ln124)> <Delay = 0.00>
ST_1 : Operation 349 [1/1] (0.00ns)   --->   "%write_ln0 = write void @_ssdm_op_Write.ap_auto.i32P0A, i32 %layer2_quant_7_out, i32 %layer2_quant_7_load"   --->   Operation 349 'write' 'write_ln0' <Predicate = (icmp_ln124)> <Delay = 0.00>
ST_1 : Operation 350 [1/1] (0.00ns)   --->   "%write_ln0 = write void @_ssdm_op_Write.ap_auto.i32P0A, i32 %layer2_quant_6_out, i32 %layer2_quant_6_load"   --->   Operation 350 'write' 'write_ln0' <Predicate = (icmp_ln124)> <Delay = 0.00>
ST_1 : Operation 351 [1/1] (0.00ns)   --->   "%write_ln0 = write void @_ssdm_op_Write.ap_auto.i32P0A, i32 %layer2_quant_5_out, i32 %layer2_quant_5_load"   --->   Operation 351 'write' 'write_ln0' <Predicate = (icmp_ln124)> <Delay = 0.00>
ST_1 : Operation 352 [1/1] (0.00ns)   --->   "%write_ln0 = write void @_ssdm_op_Write.ap_auto.i32P0A, i32 %layer2_quant_4_out, i32 %layer2_quant_4_load"   --->   Operation 352 'write' 'write_ln0' <Predicate = (icmp_ln124)> <Delay = 0.00>
ST_1 : Operation 353 [1/1] (0.00ns)   --->   "%write_ln0 = write void @_ssdm_op_Write.ap_auto.i32P0A, i32 %layer2_quant_3_out, i32 %layer2_quant_3_load"   --->   Operation 353 'write' 'write_ln0' <Predicate = (icmp_ln124)> <Delay = 0.00>
ST_1 : Operation 354 [1/1] (0.00ns)   --->   "%write_ln0 = write void @_ssdm_op_Write.ap_auto.i32P0A, i32 %layer2_quant_2_out, i32 %layer2_quant_2_load"   --->   Operation 354 'write' 'write_ln0' <Predicate = (icmp_ln124)> <Delay = 0.00>
ST_1 : Operation 355 [1/1] (0.00ns)   --->   "%write_ln0 = write void @_ssdm_op_Write.ap_auto.i32P0A, i32 %layer2_quant_1_out, i32 %layer2_quant_1_load"   --->   Operation 355 'write' 'write_ln0' <Predicate = (icmp_ln124)> <Delay = 0.00>
ST_1 : Operation 356 [1/1] (0.00ns)   --->   "%write_ln0 = write void @_ssdm_op_Write.ap_auto.i32P0A, i32 %layer2_quant_out, i32 %layer2_quant_load"   --->   Operation 356 'write' 'write_ln0' <Predicate = (icmp_ln124)> <Delay = 0.00>
ST_1 : Operation 357 [1/1] (1.58ns)   --->   "%ret_ln0 = ret"   --->   Operation 357 'ret' 'ret_ln0' <Predicate = (icmp_ln124)> <Delay = 1.58>

State 2 <SV = 1> <Delay = 6.70>
ST_2 : Operation 91 [1/1] (0.00ns)   --->   "%specpipeline_ln126 = specpipeline void @_ssdm_op_SpecPipeline, i32 4294967295, i32 0, i32 0, i32 0, void @empty_1" [bnn.cpp:126]   --->   Operation 91 'specpipeline' 'specpipeline_ln126' <Predicate = true> <Delay = 0.00>
ST_2 : Operation 92 [1/1] (0.00ns)   --->   "%speclooptripcount_ln83 = speclooptripcount void @_ssdm_op_SpecLoopTripCount, i64 64, i64 64, i64 64" [bnn.cpp:83]   --->   Operation 92 'speclooptripcount' 'speclooptripcount_ln83' <Predicate = true> <Delay = 0.00>
ST_2 : Operation 93 [1/1] (0.00ns)   --->   "%specloopname_ln124 = specloopname void @_ssdm_op_SpecLoopName, void @empty_10" [bnn.cpp:124]   --->   Operation 93 'specloopname' 'specloopname_ln124' <Predicate = true> <Delay = 0.00>
ST_2 : Operation 94 [1/2] ( I:2.32ns O:2.32ns )   --->   "%layer2_activations_load = load i4 %layer2_activations_addr" [bnn.cpp:127]   --->   Operation 94 'load' 'layer2_activations_load' <Predicate = true> <Delay = 2.32> <CoreInst = "RAM">   --->   Core 81 'RAM' <Latency = 1> <II = 1> <Delay = 2.32> <Storage> <Opcode : 'load' 'store'> <Ports = 2> <Width = 32> <Depth = 16> <RAM>
ST_2 : Operation 95 [1/2] ( I:2.32ns O:2.32ns )   --->   "%layer2_activations_1_load = load i4 %layer2_activations_1_addr" [bnn.cpp:127]   --->   Operation 95 'load' 'layer2_activations_1_load' <Predicate = true> <Delay = 2.32> <CoreInst = "RAM">   --->   Core 81 'RAM' <Latency = 1> <II = 1> <Delay = 2.32> <Storage> <Opcode : 'load' 'store'> <Ports = 2> <Width = 32> <Depth = 16> <RAM>
ST_2 : Operation 96 [1/2] ( I:2.32ns O:2.32ns )   --->   "%layer2_activations_2_load = load i4 %layer2_activations_2_addr" [bnn.cpp:127]   --->   Operation 96 'load' 'layer2_activations_2_load' <Predicate = true> <Delay = 2.32> <CoreInst = "RAM">   --->   Core 81 'RAM' <Latency = 1> <II = 1> <Delay = 2.32> <Storage> <Opcode : 'load' 'store'> <Ports = 2> <Width = 32> <Depth = 16> <RAM>
ST_2 : Operation 97 [1/2] ( I:2.32ns O:2.32ns )   --->   "%layer2_activations_3_load = load i4 %layer2_activations_3_addr" [bnn.cpp:127]   --->   Operation 97 'load' 'layer2_activations_3_load' <Predicate = true> <Delay = 2.32> <CoreInst = "RAM">   --->   Core 81 'RAM' <Latency = 1> <II = 1> <Delay = 2.32> <Storage> <Opcode : 'load' 'store'> <Ports = 2> <Width = 32> <Depth = 16> <RAM>
ST_2 : Operation 98 [1/1] (1.82ns)   --->   "%x_assign_2 = sparsemux i32 @_ssdm_op_SparseMux.ap_auto.4i32.i32.i2, i2 0, i32 %layer2_activations_load, i2 1, i32 %layer2_activations_1_load, i2 2, i32 %layer2_activations_2_load, i2 3, i32 %layer2_activations_3_load, i32 0, i2 %trunc_ln124" [bnn.cpp:127]   --->   Operation 98 'sparsemux' 'x_assign_2' <Predicate = true> <Delay = 1.82> <CoreInst = "BinarySparseMux_DontCare">   --->   Core 137 'BinarySparseMux_DontCare' <Latency = 0> <II = 1> <Delay = 1.82> <FuncUnit> <Opcode : 'sparsemux'> <InPorts = 2> <OutPorts = 1>
ST_2 : Operation 99 [1/1] (2.55ns)   --->   "%layer2_quant_64 = icmp_slt  i32 %x_assign_2, i32 1" [bnn.cpp:29->bnn.cpp:127]   --->   Operation 99 'icmp' 'layer2_quant_64' <Predicate = true> <Delay = 2.55> <CoreInst = "Cmp">   --->   Core 9 'Cmp' <Latency = 0> <II = 1> <Delay = 2.55> <FuncUnit> <Opcode : 'seteq' 'setne' 'setle' 'setge' 'setlt' 'setgt'> <InPorts = 2> <OutPorts = 1>
ST_2 : Operation 100 [1/1] (0.00ns)   --->   "%zext_ln127 = zext i1 %layer2_quant_64" [bnn.cpp:127]   --->   Operation 100 'zext' 'zext_ln127' <Predicate = true> <Delay = 0.00>
ST_2 : Operation 101 [1/1] (0.00ns)   --->   "%store_ln83 = store i32 %zext_ln127, i32 %layer2_quant_62" [bnn.cpp:83]   --->   Operation 101 'store' 'store_ln83' <Predicate = (trunc_ln124_1 == 62)> <Delay = 0.00>
ST_2 : Operation 102 [1/1] (0.00ns)   --->   "%br_ln127 = br void %arrayidx56.exit" [bnn.cpp:127]   --->   Operation 102 'br' 'br_ln127' <Predicate = (trunc_ln124_1 == 62)> <Delay = 0.00>
ST_2 : Operation 103 [1/1] (0.00ns)   --->   "%store_ln83 = store i32 %zext_ln127, i32 %layer2_quant_61" [bnn.cpp:83]   --->   Operation 103 'store' 'store_ln83' <Predicate = (trunc_ln124_1 == 61)> <Delay = 0.00>
ST_2 : Operation 104 [1/1] (0.00ns)   --->   "%br_ln127 = br void %arrayidx56.exit" [bnn.cpp:127]   --->   Operation 104 'br' 'br_ln127' <Predicate = (trunc_ln124_1 == 61)> <Delay = 0.00>
ST_2 : Operation 105 [1/1] (0.00ns)   --->   "%store_ln83 = store i32 %zext_ln127, i32 %layer2_quant_60" [bnn.cpp:83]   --->   Operation 105 'store' 'store_ln83' <Predicate = (trunc_ln124_1 == 60)> <Delay = 0.00>
ST_2 : Operation 106 [1/1] (0.00ns)   --->   "%br_ln127 = br void %arrayidx56.exit" [bnn.cpp:127]   --->   Operation 106 'br' 'br_ln127' <Predicate = (trunc_ln124_1 == 60)> <Delay = 0.00>
ST_2 : Operation 107 [1/1] (0.00ns)   --->   "%store_ln83 = store i32 %zext_ln127, i32 %layer2_quant_59" [bnn.cpp:83]   --->   Operation 107 'store' 'store_ln83' <Predicate = (trunc_ln124_1 == 59)> <Delay = 0.00>
ST_2 : Operation 108 [1/1] (0.00ns)   --->   "%br_ln127 = br void %arrayidx56.exit" [bnn.cpp:127]   --->   Operation 108 'br' 'br_ln127' <Predicate = (trunc_ln124_1 == 59)> <Delay = 0.00>
ST_2 : Operation 109 [1/1] (0.00ns)   --->   "%store_ln83 = store i32 %zext_ln127, i32 %layer2_quant_58" [bnn.cpp:83]   --->   Operation 109 'store' 'store_ln83' <Predicate = (trunc_ln124_1 == 58)> <Delay = 0.00>
ST_2 : Operation 110 [1/1] (0.00ns)   --->   "%br_ln127 = br void %arrayidx56.exit" [bnn.cpp:127]   --->   Operation 110 'br' 'br_ln127' <Predicate = (trunc_ln124_1 == 58)> <Delay = 0.00>
ST_2 : Operation 111 [1/1] (0.00ns)   --->   "%store_ln83 = store i32 %zext_ln127, i32 %layer2_quant_57" [bnn.cpp:83]   --->   Operation 111 'store' 'store_ln83' <Predicate = (trunc_ln124_1 == 57)> <Delay = 0.00>
ST_2 : Operation 112 [1/1] (0.00ns)   --->   "%br_ln127 = br void %arrayidx56.exit" [bnn.cpp:127]   --->   Operation 112 'br' 'br_ln127' <Predicate = (trunc_ln124_1 == 57)> <Delay = 0.00>
ST_2 : Operation 113 [1/1] (0.00ns)   --->   "%store_ln83 = store i32 %zext_ln127, i32 %layer2_quant_56" [bnn.cpp:83]   --->   Operation 113 'store' 'store_ln83' <Predicate = (trunc_ln124_1 == 56)> <Delay = 0.00>
ST_2 : Operation 114 [1/1] (0.00ns)   --->   "%br_ln127 = br void %arrayidx56.exit" [bnn.cpp:127]   --->   Operation 114 'br' 'br_ln127' <Predicate = (trunc_ln124_1 == 56)> <Delay = 0.00>
ST_2 : Operation 115 [1/1] (0.00ns)   --->   "%store_ln83 = store i32 %zext_ln127, i32 %layer2_quant_55" [bnn.cpp:83]   --->   Operation 115 'store' 'store_ln83' <Predicate = (trunc_ln124_1 == 55)> <Delay = 0.00>
ST_2 : Operation 116 [1/1] (0.00ns)   --->   "%br_ln127 = br void %arrayidx56.exit" [bnn.cpp:127]   --->   Operation 116 'br' 'br_ln127' <Predicate = (trunc_ln124_1 == 55)> <Delay = 0.00>
ST_2 : Operation 117 [1/1] (0.00ns)   --->   "%store_ln83 = store i32 %zext_ln127, i32 %layer2_quant_54" [bnn.cpp:83]   --->   Operation 117 'store' 'store_ln83' <Predicate = (trunc_ln124_1 == 54)> <Delay = 0.00>
ST_2 : Operation 118 [1/1] (0.00ns)   --->   "%br_ln127 = br void %arrayidx56.exit" [bnn.cpp:127]   --->   Operation 118 'br' 'br_ln127' <Predicate = (trunc_ln124_1 == 54)> <Delay = 0.00>
ST_2 : Operation 119 [1/1] (0.00ns)   --->   "%store_ln83 = store i32 %zext_ln127, i32 %layer2_quant_53" [bnn.cpp:83]   --->   Operation 119 'store' 'store_ln83' <Predicate = (trunc_ln124_1 == 53)> <Delay = 0.00>
ST_2 : Operation 120 [1/1] (0.00ns)   --->   "%br_ln127 = br void %arrayidx56.exit" [bnn.cpp:127]   --->   Operation 120 'br' 'br_ln127' <Predicate = (trunc_ln124_1 == 53)> <Delay = 0.00>
ST_2 : Operation 121 [1/1] (0.00ns)   --->   "%store_ln83 = store i32 %zext_ln127, i32 %layer2_quant_52" [bnn.cpp:83]   --->   Operation 121 'store' 'store_ln83' <Predicate = (trunc_ln124_1 == 52)> <Delay = 0.00>
ST_2 : Operation 122 [1/1] (0.00ns)   --->   "%br_ln127 = br void %arrayidx56.exit" [bnn.cpp:127]   --->   Operation 122 'br' 'br_ln127' <Predicate = (trunc_ln124_1 == 52)> <Delay = 0.00>
ST_2 : Operation 123 [1/1] (0.00ns)   --->   "%store_ln83 = store i32 %zext_ln127, i32 %layer2_quant_51" [bnn.cpp:83]   --->   Operation 123 'store' 'store_ln83' <Predicate = (trunc_ln124_1 == 51)> <Delay = 0.00>
ST_2 : Operation 124 [1/1] (0.00ns)   --->   "%br_ln127 = br void %arrayidx56.exit" [bnn.cpp:127]   --->   Operation 124 'br' 'br_ln127' <Predicate = (trunc_ln124_1 == 51)> <Delay = 0.00>
ST_2 : Operation 125 [1/1] (0.00ns)   --->   "%store_ln83 = store i32 %zext_ln127, i32 %layer2_quant_50" [bnn.cpp:83]   --->   Operation 125 'store' 'store_ln83' <Predicate = (trunc_ln124_1 == 50)> <Delay = 0.00>
ST_2 : Operation 126 [1/1] (0.00ns)   --->   "%br_ln127 = br void %arrayidx56.exit" [bnn.cpp:127]   --->   Operation 126 'br' 'br_ln127' <Predicate = (trunc_ln124_1 == 50)> <Delay = 0.00>
ST_2 : Operation 127 [1/1] (0.00ns)   --->   "%store_ln83 = store i32 %zext_ln127, i32 %layer2_quant_49" [bnn.cpp:83]   --->   Operation 127 'store' 'store_ln83' <Predicate = (trunc_ln124_1 == 49)> <Delay = 0.00>
ST_2 : Operation 128 [1/1] (0.00ns)   --->   "%br_ln127 = br void %arrayidx56.exit" [bnn.cpp:127]   --->   Operation 128 'br' 'br_ln127' <Predicate = (trunc_ln124_1 == 49)> <Delay = 0.00>
ST_2 : Operation 129 [1/1] (0.00ns)   --->   "%store_ln83 = store i32 %zext_ln127, i32 %layer2_quant_48" [bnn.cpp:83]   --->   Operation 129 'store' 'store_ln83' <Predicate = (trunc_ln124_1 == 48)> <Delay = 0.00>
ST_2 : Operation 130 [1/1] (0.00ns)   --->   "%br_ln127 = br void %arrayidx56.exit" [bnn.cpp:127]   --->   Operation 130 'br' 'br_ln127' <Predicate = (trunc_ln124_1 == 48)> <Delay = 0.00>
ST_2 : Operation 131 [1/1] (0.00ns)   --->   "%store_ln83 = store i32 %zext_ln127, i32 %layer2_quant_47" [bnn.cpp:83]   --->   Operation 131 'store' 'store_ln83' <Predicate = (trunc_ln124_1 == 47)> <Delay = 0.00>
ST_2 : Operation 132 [1/1] (0.00ns)   --->   "%br_ln127 = br void %arrayidx56.exit" [bnn.cpp:127]   --->   Operation 132 'br' 'br_ln127' <Predicate = (trunc_ln124_1 == 47)> <Delay = 0.00>
ST_2 : Operation 133 [1/1] (0.00ns)   --->   "%store_ln83 = store i32 %zext_ln127, i32 %layer2_quant_46" [bnn.cpp:83]   --->   Operation 133 'store' 'store_ln83' <Predicate = (trunc_ln124_1 == 46)> <Delay = 0.00>
ST_2 : Operation 134 [1/1] (0.00ns)   --->   "%br_ln127 = br void %arrayidx56.exit" [bnn.cpp:127]   --->   Operation 134 'br' 'br_ln127' <Predicate = (trunc_ln124_1 == 46)> <Delay = 0.00>
ST_2 : Operation 135 [1/1] (0.00ns)   --->   "%store_ln83 = store i32 %zext_ln127, i32 %layer2_quant_45" [bnn.cpp:83]   --->   Operation 135 'store' 'store_ln83' <Predicate = (trunc_ln124_1 == 45)> <Delay = 0.00>
ST_2 : Operation 136 [1/1] (0.00ns)   --->   "%br_ln127 = br void %arrayidx56.exit" [bnn.cpp:127]   --->   Operation 136 'br' 'br_ln127' <Predicate = (trunc_ln124_1 == 45)> <Delay = 0.00>
ST_2 : Operation 137 [1/1] (0.00ns)   --->   "%store_ln83 = store i32 %zext_ln127, i32 %layer2_quant_44" [bnn.cpp:83]   --->   Operation 137 'store' 'store_ln83' <Predicate = (trunc_ln124_1 == 44)> <Delay = 0.00>
ST_2 : Operation 138 [1/1] (0.00ns)   --->   "%br_ln127 = br void %arrayidx56.exit" [bnn.cpp:127]   --->   Operation 138 'br' 'br_ln127' <Predicate = (trunc_ln124_1 == 44)> <Delay = 0.00>
ST_2 : Operation 139 [1/1] (0.00ns)   --->   "%store_ln83 = store i32 %zext_ln127, i32 %layer2_quant_43" [bnn.cpp:83]   --->   Operation 139 'store' 'store_ln83' <Predicate = (trunc_ln124_1 == 43)> <Delay = 0.00>
ST_2 : Operation 140 [1/1] (0.00ns)   --->   "%br_ln127 = br void %arrayidx56.exit" [bnn.cpp:127]   --->   Operation 140 'br' 'br_ln127' <Predicate = (trunc_ln124_1 == 43)> <Delay = 0.00>
ST_2 : Operation 141 [1/1] (0.00ns)   --->   "%store_ln83 = store i32 %zext_ln127, i32 %layer2_quant_42" [bnn.cpp:83]   --->   Operation 141 'store' 'store_ln83' <Predicate = (trunc_ln124_1 == 42)> <Delay = 0.00>
ST_2 : Operation 142 [1/1] (0.00ns)   --->   "%br_ln127 = br void %arrayidx56.exit" [bnn.cpp:127]   --->   Operation 142 'br' 'br_ln127' <Predicate = (trunc_ln124_1 == 42)> <Delay = 0.00>
ST_2 : Operation 143 [1/1] (0.00ns)   --->   "%store_ln83 = store i32 %zext_ln127, i32 %layer2_quant_41" [bnn.cpp:83]   --->   Operation 143 'store' 'store_ln83' <Predicate = (trunc_ln124_1 == 41)> <Delay = 0.00>
ST_2 : Operation 144 [1/1] (0.00ns)   --->   "%br_ln127 = br void %arrayidx56.exit" [bnn.cpp:127]   --->   Operation 144 'br' 'br_ln127' <Predicate = (trunc_ln124_1 == 41)> <Delay = 0.00>
ST_2 : Operation 145 [1/1] (0.00ns)   --->   "%store_ln83 = store i32 %zext_ln127, i32 %layer2_quant_40" [bnn.cpp:83]   --->   Operation 145 'store' 'store_ln83' <Predicate = (trunc_ln124_1 == 40)> <Delay = 0.00>
ST_2 : Operation 146 [1/1] (0.00ns)   --->   "%br_ln127 = br void %arrayidx56.exit" [bnn.cpp:127]   --->   Operation 146 'br' 'br_ln127' <Predicate = (trunc_ln124_1 == 40)> <Delay = 0.00>
ST_2 : Operation 147 [1/1] (0.00ns)   --->   "%store_ln83 = store i32 %zext_ln127, i32 %layer2_quant_39" [bnn.cpp:83]   --->   Operation 147 'store' 'store_ln83' <Predicate = (trunc_ln124_1 == 39)> <Delay = 0.00>
ST_2 : Operation 148 [1/1] (0.00ns)   --->   "%br_ln127 = br void %arrayidx56.exit" [bnn.cpp:127]   --->   Operation 148 'br' 'br_ln127' <Predicate = (trunc_ln124_1 == 39)> <Delay = 0.00>
ST_2 : Operation 149 [1/1] (0.00ns)   --->   "%store_ln83 = store i32 %zext_ln127, i32 %layer2_quant_38" [bnn.cpp:83]   --->   Operation 149 'store' 'store_ln83' <Predicate = (trunc_ln124_1 == 38)> <Delay = 0.00>
ST_2 : Operation 150 [1/1] (0.00ns)   --->   "%br_ln127 = br void %arrayidx56.exit" [bnn.cpp:127]   --->   Operation 150 'br' 'br_ln127' <Predicate = (trunc_ln124_1 == 38)> <Delay = 0.00>
ST_2 : Operation 151 [1/1] (0.00ns)   --->   "%store_ln83 = store i32 %zext_ln127, i32 %layer2_quant_37" [bnn.cpp:83]   --->   Operation 151 'store' 'store_ln83' <Predicate = (trunc_ln124_1 == 37)> <Delay = 0.00>
ST_2 : Operation 152 [1/1] (0.00ns)   --->   "%br_ln127 = br void %arrayidx56.exit" [bnn.cpp:127]   --->   Operation 152 'br' 'br_ln127' <Predicate = (trunc_ln124_1 == 37)> <Delay = 0.00>
ST_2 : Operation 153 [1/1] (0.00ns)   --->   "%store_ln83 = store i32 %zext_ln127, i32 %layer2_quant_36" [bnn.cpp:83]   --->   Operation 153 'store' 'store_ln83' <Predicate = (trunc_ln124_1 == 36)> <Delay = 0.00>
ST_2 : Operation 154 [1/1] (0.00ns)   --->   "%br_ln127 = br void %arrayidx56.exit" [bnn.cpp:127]   --->   Operation 154 'br' 'br_ln127' <Predicate = (trunc_ln124_1 == 36)> <Delay = 0.00>
ST_2 : Operation 155 [1/1] (0.00ns)   --->   "%store_ln83 = store i32 %zext_ln127, i32 %layer2_quant_35" [bnn.cpp:83]   --->   Operation 155 'store' 'store_ln83' <Predicate = (trunc_ln124_1 == 35)> <Delay = 0.00>
ST_2 : Operation 156 [1/1] (0.00ns)   --->   "%br_ln127 = br void %arrayidx56.exit" [bnn.cpp:127]   --->   Operation 156 'br' 'br_ln127' <Predicate = (trunc_ln124_1 == 35)> <Delay = 0.00>
ST_2 : Operation 157 [1/1] (0.00ns)   --->   "%store_ln83 = store i32 %zext_ln127, i32 %layer2_quant_34" [bnn.cpp:83]   --->   Operation 157 'store' 'store_ln83' <Predicate = (trunc_ln124_1 == 34)> <Delay = 0.00>
ST_2 : Operation 158 [1/1] (0.00ns)   --->   "%br_ln127 = br void %arrayidx56.exit" [bnn.cpp:127]   --->   Operation 158 'br' 'br_ln127' <Predicate = (trunc_ln124_1 == 34)> <Delay = 0.00>
ST_2 : Operation 159 [1/1] (0.00ns)   --->   "%store_ln83 = store i32 %zext_ln127, i32 %layer2_quant_33" [bnn.cpp:83]   --->   Operation 159 'store' 'store_ln83' <Predicate = (trunc_ln124_1 == 33)> <Delay = 0.00>
ST_2 : Operation 160 [1/1] (0.00ns)   --->   "%br_ln127 = br void %arrayidx56.exit" [bnn.cpp:127]   --->   Operation 160 'br' 'br_ln127' <Predicate = (trunc_ln124_1 == 33)> <Delay = 0.00>
ST_2 : Operation 161 [1/1] (0.00ns)   --->   "%store_ln83 = store i32 %zext_ln127, i32 %layer2_quant_32" [bnn.cpp:83]   --->   Operation 161 'store' 'store_ln83' <Predicate = (trunc_ln124_1 == 32)> <Delay = 0.00>
ST_2 : Operation 162 [1/1] (0.00ns)   --->   "%br_ln127 = br void %arrayidx56.exit" [bnn.cpp:127]   --->   Operation 162 'br' 'br_ln127' <Predicate = (trunc_ln124_1 == 32)> <Delay = 0.00>
ST_2 : Operation 163 [1/1] (0.00ns)   --->   "%store_ln83 = store i32 %zext_ln127, i32 %layer2_quant_31" [bnn.cpp:83]   --->   Operation 163 'store' 'store_ln83' <Predicate = (trunc_ln124_1 == 31)> <Delay = 0.00>
ST_2 : Operation 164 [1/1] (0.00ns)   --->   "%br_ln127 = br void %arrayidx56.exit" [bnn.cpp:127]   --->   Operation 164 'br' 'br_ln127' <Predicate = (trunc_ln124_1 == 31)> <Delay = 0.00>
ST_2 : Operation 165 [1/1] (0.00ns)   --->   "%store_ln83 = store i32 %zext_ln127, i32 %layer2_quant_30" [bnn.cpp:83]   --->   Operation 165 'store' 'store_ln83' <Predicate = (trunc_ln124_1 == 30)> <Delay = 0.00>
ST_2 : Operation 166 [1/1] (0.00ns)   --->   "%br_ln127 = br void %arrayidx56.exit" [bnn.cpp:127]   --->   Operation 166 'br' 'br_ln127' <Predicate = (trunc_ln124_1 == 30)> <Delay = 0.00>
ST_2 : Operation 167 [1/1] (0.00ns)   --->   "%store_ln83 = store i32 %zext_ln127, i32 %layer2_quant_29" [bnn.cpp:83]   --->   Operation 167 'store' 'store_ln83' <Predicate = (trunc_ln124_1 == 29)> <Delay = 0.00>
ST_2 : Operation 168 [1/1] (0.00ns)   --->   "%br_ln127 = br void %arrayidx56.exit" [bnn.cpp:127]   --->   Operation 168 'br' 'br_ln127' <Predicate = (trunc_ln124_1 == 29)> <Delay = 0.00>
ST_2 : Operation 169 [1/1] (0.00ns)   --->   "%store_ln83 = store i32 %zext_ln127, i32 %layer2_quant_28" [bnn.cpp:83]   --->   Operation 169 'store' 'store_ln83' <Predicate = (trunc_ln124_1 == 28)> <Delay = 0.00>
ST_2 : Operation 170 [1/1] (0.00ns)   --->   "%br_ln127 = br void %arrayidx56.exit" [bnn.cpp:127]   --->   Operation 170 'br' 'br_ln127' <Predicate = (trunc_ln124_1 == 28)> <Delay = 0.00>
ST_2 : Operation 171 [1/1] (0.00ns)   --->   "%store_ln83 = store i32 %zext_ln127, i32 %layer2_quant_27" [bnn.cpp:83]   --->   Operation 171 'store' 'store_ln83' <Predicate = (trunc_ln124_1 == 27)> <Delay = 0.00>
ST_2 : Operation 172 [1/1] (0.00ns)   --->   "%br_ln127 = br void %arrayidx56.exit" [bnn.cpp:127]   --->   Operation 172 'br' 'br_ln127' <Predicate = (trunc_ln124_1 == 27)> <Delay = 0.00>
ST_2 : Operation 173 [1/1] (0.00ns)   --->   "%store_ln83 = store i32 %zext_ln127, i32 %layer2_quant_26" [bnn.cpp:83]   --->   Operation 173 'store' 'store_ln83' <Predicate = (trunc_ln124_1 == 26)> <Delay = 0.00>
ST_2 : Operation 174 [1/1] (0.00ns)   --->   "%br_ln127 = br void %arrayidx56.exit" [bnn.cpp:127]   --->   Operation 174 'br' 'br_ln127' <Predicate = (trunc_ln124_1 == 26)> <Delay = 0.00>
ST_2 : Operation 175 [1/1] (0.00ns)   --->   "%store_ln83 = store i32 %zext_ln127, i32 %layer2_quant_25" [bnn.cpp:83]   --->   Operation 175 'store' 'store_ln83' <Predicate = (trunc_ln124_1 == 25)> <Delay = 0.00>
ST_2 : Operation 176 [1/1] (0.00ns)   --->   "%br_ln127 = br void %arrayidx56.exit" [bnn.cpp:127]   --->   Operation 176 'br' 'br_ln127' <Predicate = (trunc_ln124_1 == 25)> <Delay = 0.00>
ST_2 : Operation 177 [1/1] (0.00ns)   --->   "%store_ln83 = store i32 %zext_ln127, i32 %layer2_quant_24" [bnn.cpp:83]   --->   Operation 177 'store' 'store_ln83' <Predicate = (trunc_ln124_1 == 24)> <Delay = 0.00>
ST_2 : Operation 178 [1/1] (0.00ns)   --->   "%br_ln127 = br void %arrayidx56.exit" [bnn.cpp:127]   --->   Operation 178 'br' 'br_ln127' <Predicate = (trunc_ln124_1 == 24)> <Delay = 0.00>
ST_2 : Operation 179 [1/1] (0.00ns)   --->   "%store_ln83 = store i32 %zext_ln127, i32 %layer2_quant_23" [bnn.cpp:83]   --->   Operation 179 'store' 'store_ln83' <Predicate = (trunc_ln124_1 == 23)> <Delay = 0.00>
ST_2 : Operation 180 [1/1] (0.00ns)   --->   "%br_ln127 = br void %arrayidx56.exit" [bnn.cpp:127]   --->   Operation 180 'br' 'br_ln127' <Predicate = (trunc_ln124_1 == 23)> <Delay = 0.00>
ST_2 : Operation 181 [1/1] (0.00ns)   --->   "%store_ln83 = store i32 %zext_ln127, i32 %layer2_quant_22" [bnn.cpp:83]   --->   Operation 181 'store' 'store_ln83' <Predicate = (trunc_ln124_1 == 22)> <Delay = 0.00>
ST_2 : Operation 182 [1/1] (0.00ns)   --->   "%br_ln127 = br void %arrayidx56.exit" [bnn.cpp:127]   --->   Operation 182 'br' 'br_ln127' <Predicate = (trunc_ln124_1 == 22)> <Delay = 0.00>
ST_2 : Operation 183 [1/1] (0.00ns)   --->   "%store_ln83 = store i32 %zext_ln127, i32 %layer2_quant_21" [bnn.cpp:83]   --->   Operation 183 'store' 'store_ln83' <Predicate = (trunc_ln124_1 == 21)> <Delay = 0.00>
ST_2 : Operation 184 [1/1] (0.00ns)   --->   "%br_ln127 = br void %arrayidx56.exit" [bnn.cpp:127]   --->   Operation 184 'br' 'br_ln127' <Predicate = (trunc_ln124_1 == 21)> <Delay = 0.00>
ST_2 : Operation 185 [1/1] (0.00ns)   --->   "%store_ln83 = store i32 %zext_ln127, i32 %layer2_quant_20" [bnn.cpp:83]   --->   Operation 185 'store' 'store_ln83' <Predicate = (trunc_ln124_1 == 20)> <Delay = 0.00>
ST_2 : Operation 186 [1/1] (0.00ns)   --->   "%br_ln127 = br void %arrayidx56.exit" [bnn.cpp:127]   --->   Operation 186 'br' 'br_ln127' <Predicate = (trunc_ln124_1 == 20)> <Delay = 0.00>
ST_2 : Operation 187 [1/1] (0.00ns)   --->   "%store_ln83 = store i32 %zext_ln127, i32 %layer2_quant_19" [bnn.cpp:83]   --->   Operation 187 'store' 'store_ln83' <Predicate = (trunc_ln124_1 == 19)> <Delay = 0.00>
ST_2 : Operation 188 [1/1] (0.00ns)   --->   "%br_ln127 = br void %arrayidx56.exit" [bnn.cpp:127]   --->   Operation 188 'br' 'br_ln127' <Predicate = (trunc_ln124_1 == 19)> <Delay = 0.00>
ST_2 : Operation 189 [1/1] (0.00ns)   --->   "%store_ln83 = store i32 %zext_ln127, i32 %layer2_quant_18" [bnn.cpp:83]   --->   Operation 189 'store' 'store_ln83' <Predicate = (trunc_ln124_1 == 18)> <Delay = 0.00>
ST_2 : Operation 190 [1/1] (0.00ns)   --->   "%br_ln127 = br void %arrayidx56.exit" [bnn.cpp:127]   --->   Operation 190 'br' 'br_ln127' <Predicate = (trunc_ln124_1 == 18)> <Delay = 0.00>
ST_2 : Operation 191 [1/1] (0.00ns)   --->   "%store_ln83 = store i32 %zext_ln127, i32 %layer2_quant_17" [bnn.cpp:83]   --->   Operation 191 'store' 'store_ln83' <Predicate = (trunc_ln124_1 == 17)> <Delay = 0.00>
ST_2 : Operation 192 [1/1] (0.00ns)   --->   "%br_ln127 = br void %arrayidx56.exit" [bnn.cpp:127]   --->   Operation 192 'br' 'br_ln127' <Predicate = (trunc_ln124_1 == 17)> <Delay = 0.00>
ST_2 : Operation 193 [1/1] (0.00ns)   --->   "%store_ln83 = store i32 %zext_ln127, i32 %layer2_quant_16" [bnn.cpp:83]   --->   Operation 193 'store' 'store_ln83' <Predicate = (trunc_ln124_1 == 16)> <Delay = 0.00>
ST_2 : Operation 194 [1/1] (0.00ns)   --->   "%br_ln127 = br void %arrayidx56.exit" [bnn.cpp:127]   --->   Operation 194 'br' 'br_ln127' <Predicate = (trunc_ln124_1 == 16)> <Delay = 0.00>
ST_2 : Operation 195 [1/1] (0.00ns)   --->   "%store_ln83 = store i32 %zext_ln127, i32 %layer2_quant_15" [bnn.cpp:83]   --->   Operation 195 'store' 'store_ln83' <Predicate = (trunc_ln124_1 == 15)> <Delay = 0.00>
ST_2 : Operation 196 [1/1] (0.00ns)   --->   "%br_ln127 = br void %arrayidx56.exit" [bnn.cpp:127]   --->   Operation 196 'br' 'br_ln127' <Predicate = (trunc_ln124_1 == 15)> <Delay = 0.00>
ST_2 : Operation 197 [1/1] (0.00ns)   --->   "%store_ln83 = store i32 %zext_ln127, i32 %layer2_quant_14" [bnn.cpp:83]   --->   Operation 197 'store' 'store_ln83' <Predicate = (trunc_ln124_1 == 14)> <Delay = 0.00>
ST_2 : Operation 198 [1/1] (0.00ns)   --->   "%br_ln127 = br void %arrayidx56.exit" [bnn.cpp:127]   --->   Operation 198 'br' 'br_ln127' <Predicate = (trunc_ln124_1 == 14)> <Delay = 0.00>
ST_2 : Operation 199 [1/1] (0.00ns)   --->   "%store_ln83 = store i32 %zext_ln127, i32 %layer2_quant_13" [bnn.cpp:83]   --->   Operation 199 'store' 'store_ln83' <Predicate = (trunc_ln124_1 == 13)> <Delay = 0.00>
ST_2 : Operation 200 [1/1] (0.00ns)   --->   "%br_ln127 = br void %arrayidx56.exit" [bnn.cpp:127]   --->   Operation 200 'br' 'br_ln127' <Predicate = (trunc_ln124_1 == 13)> <Delay = 0.00>
ST_2 : Operation 201 [1/1] (0.00ns)   --->   "%store_ln83 = store i32 %zext_ln127, i32 %layer2_quant_12" [bnn.cpp:83]   --->   Operation 201 'store' 'store_ln83' <Predicate = (trunc_ln124_1 == 12)> <Delay = 0.00>
ST_2 : Operation 202 [1/1] (0.00ns)   --->   "%br_ln127 = br void %arrayidx56.exit" [bnn.cpp:127]   --->   Operation 202 'br' 'br_ln127' <Predicate = (trunc_ln124_1 == 12)> <Delay = 0.00>
ST_2 : Operation 203 [1/1] (0.00ns)   --->   "%store_ln83 = store i32 %zext_ln127, i32 %layer2_quant_11" [bnn.cpp:83]   --->   Operation 203 'store' 'store_ln83' <Predicate = (trunc_ln124_1 == 11)> <Delay = 0.00>
ST_2 : Operation 204 [1/1] (0.00ns)   --->   "%br_ln127 = br void %arrayidx56.exit" [bnn.cpp:127]   --->   Operation 204 'br' 'br_ln127' <Predicate = (trunc_ln124_1 == 11)> <Delay = 0.00>
ST_2 : Operation 205 [1/1] (0.00ns)   --->   "%store_ln83 = store i32 %zext_ln127, i32 %layer2_quant_10" [bnn.cpp:83]   --->   Operation 205 'store' 'store_ln83' <Predicate = (trunc_ln124_1 == 10)> <Delay = 0.00>
ST_2 : Operation 206 [1/1] (0.00ns)   --->   "%br_ln127 = br void %arrayidx56.exit" [bnn.cpp:127]   --->   Operation 206 'br' 'br_ln127' <Predicate = (trunc_ln124_1 == 10)> <Delay = 0.00>
ST_2 : Operation 207 [1/1] (0.00ns)   --->   "%store_ln83 = store i32 %zext_ln127, i32 %layer2_quant_9" [bnn.cpp:83]   --->   Operation 207 'store' 'store_ln83' <Predicate = (trunc_ln124_1 == 9)> <Delay = 0.00>
ST_2 : Operation 208 [1/1] (0.00ns)   --->   "%br_ln127 = br void %arrayidx56.exit" [bnn.cpp:127]   --->   Operation 208 'br' 'br_ln127' <Predicate = (trunc_ln124_1 == 9)> <Delay = 0.00>
ST_2 : Operation 209 [1/1] (0.00ns)   --->   "%store_ln83 = store i32 %zext_ln127, i32 %layer2_quant_8" [bnn.cpp:83]   --->   Operation 209 'store' 'store_ln83' <Predicate = (trunc_ln124_1 == 8)> <Delay = 0.00>
ST_2 : Operation 210 [1/1] (0.00ns)   --->   "%br_ln127 = br void %arrayidx56.exit" [bnn.cpp:127]   --->   Operation 210 'br' 'br_ln127' <Predicate = (trunc_ln124_1 == 8)> <Delay = 0.00>
ST_2 : Operation 211 [1/1] (0.00ns)   --->   "%store_ln83 = store i32 %zext_ln127, i32 %layer2_quant_7" [bnn.cpp:83]   --->   Operation 211 'store' 'store_ln83' <Predicate = (trunc_ln124_1 == 7)> <Delay = 0.00>
ST_2 : Operation 212 [1/1] (0.00ns)   --->   "%br_ln127 = br void %arrayidx56.exit" [bnn.cpp:127]   --->   Operation 212 'br' 'br_ln127' <Predicate = (trunc_ln124_1 == 7)> <Delay = 0.00>
ST_2 : Operation 213 [1/1] (0.00ns)   --->   "%store_ln83 = store i32 %zext_ln127, i32 %layer2_quant_6" [bnn.cpp:83]   --->   Operation 213 'store' 'store_ln83' <Predicate = (trunc_ln124_1 == 6)> <Delay = 0.00>
ST_2 : Operation 214 [1/1] (0.00ns)   --->   "%br_ln127 = br void %arrayidx56.exit" [bnn.cpp:127]   --->   Operation 214 'br' 'br_ln127' <Predicate = (trunc_ln124_1 == 6)> <Delay = 0.00>
ST_2 : Operation 215 [1/1] (0.00ns)   --->   "%store_ln83 = store i32 %zext_ln127, i32 %layer2_quant_5" [bnn.cpp:83]   --->   Operation 215 'store' 'store_ln83' <Predicate = (trunc_ln124_1 == 5)> <Delay = 0.00>
ST_2 : Operation 216 [1/1] (0.00ns)   --->   "%br_ln127 = br void %arrayidx56.exit" [bnn.cpp:127]   --->   Operation 216 'br' 'br_ln127' <Predicate = (trunc_ln124_1 == 5)> <Delay = 0.00>
ST_2 : Operation 217 [1/1] (0.00ns)   --->   "%store_ln83 = store i32 %zext_ln127, i32 %layer2_quant_4" [bnn.cpp:83]   --->   Operation 217 'store' 'store_ln83' <Predicate = (trunc_ln124_1 == 4)> <Delay = 0.00>
ST_2 : Operation 218 [1/1] (0.00ns)   --->   "%br_ln127 = br void %arrayidx56.exit" [bnn.cpp:127]   --->   Operation 218 'br' 'br_ln127' <Predicate = (trunc_ln124_1 == 4)> <Delay = 0.00>
ST_2 : Operation 219 [1/1] (0.00ns)   --->   "%store_ln83 = store i32 %zext_ln127, i32 %layer2_quant_3" [bnn.cpp:83]   --->   Operation 219 'store' 'store_ln83' <Predicate = (trunc_ln124_1 == 3)> <Delay = 0.00>
ST_2 : Operation 220 [1/1] (0.00ns)   --->   "%br_ln127 = br void %arrayidx56.exit" [bnn.cpp:127]   --->   Operation 220 'br' 'br_ln127' <Predicate = (trunc_ln124_1 == 3)> <Delay = 0.00>
ST_2 : Operation 221 [1/1] (0.00ns)   --->   "%store_ln83 = store i32 %zext_ln127, i32 %layer2_quant_2" [bnn.cpp:83]   --->   Operation 221 'store' 'store_ln83' <Predicate = (trunc_ln124_1 == 2)> <Delay = 0.00>
ST_2 : Operation 222 [1/1] (0.00ns)   --->   "%br_ln127 = br void %arrayidx56.exit" [bnn.cpp:127]   --->   Operation 222 'br' 'br_ln127' <Predicate = (trunc_ln124_1 == 2)> <Delay = 0.00>
ST_2 : Operation 223 [1/1] (0.00ns)   --->   "%store_ln83 = store i32 %zext_ln127, i32 %layer2_quant_1" [bnn.cpp:83]   --->   Operation 223 'store' 'store_ln83' <Predicate = (trunc_ln124_1 == 1)> <Delay = 0.00>
ST_2 : Operation 224 [1/1] (0.00ns)   --->   "%br_ln127 = br void %arrayidx56.exit" [bnn.cpp:127]   --->   Operation 224 'br' 'br_ln127' <Predicate = (trunc_ln124_1 == 1)> <Delay = 0.00>
ST_2 : Operation 225 [1/1] (0.00ns)   --->   "%store_ln83 = store i32 %zext_ln127, i32 %layer2_quant" [bnn.cpp:83]   --->   Operation 225 'store' 'store_ln83' <Predicate = (trunc_ln124_1 == 0)> <Delay = 0.00>
ST_2 : Operation 226 [1/1] (0.00ns)   --->   "%br_ln127 = br void %arrayidx56.exit" [bnn.cpp:127]   --->   Operation 226 'br' 'br_ln127' <Predicate = (trunc_ln124_1 == 0)> <Delay = 0.00>
ST_2 : Operation 227 [1/1] (0.00ns)   --->   "%store_ln83 = store i32 %zext_ln127, i32 %layer2_quant_63" [bnn.cpp:83]   --->   Operation 227 'store' 'store_ln83' <Predicate = (trunc_ln124_1 == 63)> <Delay = 0.00>
ST_2 : Operation 228 [1/1] (0.00ns)   --->   "%br_ln127 = br void %arrayidx56.exit" [bnn.cpp:127]   --->   Operation 228 'br' 'br_ln127' <Predicate = (trunc_ln124_1 == 63)> <Delay = 0.00>


============================================================
+ Verbose Summary: Timing violations
============================================================
Target clock period: 10.000ns, clock uncertainty: 2.700ns.

 <State 1>: 5.046ns
The critical path consists of the following:
	'store' operation 0 bit ('store_ln124', bnn.cpp:124) of constant 0 on local variable 'i', bnn.cpp:124 [134]  (1.588 ns)
	'load' operation 7 bit ('i', bnn.cpp:124) on local variable 'i', bnn.cpp:124 [137]  (0.000 ns)
	'icmp' operation 1 bit ('icmp_ln124', bnn.cpp:124) [138]  (1.870 ns)
	'store' operation 0 bit ('store_ln124', bnn.cpp:124) of variable 'add_ln124', bnn.cpp:124 on local variable 'i', bnn.cpp:124 [354]  (1.588 ns)

 <State 2>: 6.701ns
The critical path consists of the following:
	'load' operation 32 bit ('layer2_activations_load', bnn.cpp:127) on array 'layer2_activations' [153]  (2.322 ns)
	'sparsemux' operation 32 bit ('x', bnn.cpp:127) [157]  (1.827 ns)
	'icmp' operation 1 bit ('layer2_quant', bnn.cpp:29->bnn.cpp:127) [158]  (2.552 ns)
	'store' operation 0 bit ('store_ln83', bnn.cpp:83) of variable 'zext_ln127', bnn.cpp:127 on local variable 'layer2_quant', bnn.cpp:83 [165]  (0.000 ns)


============================================================
+ Verbose Summary: Binding
============================================================
N/A
* FSMD analyzer results:
  - Output states:
 - Input state : 
  - Chain level:
	State 1
	State 2


============================================================
+ Verbose Summary: Datapath Resource usage 
============================================================
N/A
