

================================================================
== Vitis HLS Report for 'feedforward_Pipeline_VITIS_LOOP_129_5'
================================================================
* Date:           Fri Jun 13 14:38:42 2025

* Version:        2024.2 (Build 5238294 on Nov  8 2024)
* Project:        bnn_hls
* Solution:       hls (Vivado IP Flow Target)
* Product family: zynq
* Target device:  xc7z020-clg400-1


================================================================
== Performance Estimates
================================================================
+ Timing: 
    * Summary: 
    +--------+----------+----------+------------+
    |  Clock |  Target  | Estimated| Uncertainty|
    +--------+----------+----------+------------+
    |ap_clk  |  10.00 ns|  5.091 ns|     2.70 ns|
    +--------+----------+----------+------------+

+ Latency: 
    * Summary: 
    +---------+---------+----------+----------+-----+-----+------------------------------------------------+
    |  Latency (cycles) |  Latency (absolute) |  Interval |                    Pipeline                    |
    |   min   |   max   |    min   |    max   | min | max |                      Type                      |
    +---------+---------+----------+----------+-----+-----+------------------------------------------------+
    |      131|      131|  1.310 us|  1.310 us|  129|  129|  loop auto-rewind stp (delay=0 clock cycles(s))|
    +---------+---------+----------+----------+-----+-----+------------------------------------------------+

    + Detail: 
        * Instance: 
        N/A

        * Loop: 
        +--------------------+---------+---------+----------+-----------+-----------+------+----------+
        |                    |  Latency (cycles) | Iteration|  Initiation Interval  | Trip |          |
        |      Loop Name     |   min   |   max   |  Latency |  achieved |   target  | Count| Pipelined|
        +--------------------+---------+---------+----------+-----------+-----------+------+----------+
        |- VITIS_LOOP_129_5  |      129|      129|         3|          1|          1|   128|       yes|
        +--------------------+---------+---------+----------+-----------+-----------+------+----------+

============================================================
+ Verbose Summary: Synthesis Manager
============================================================
InlineROM: 1
ExposeGlobal: 0
============================================================
+ Verbose Summary: CDFG Model
============================================================
IsTopModel: 0
ResetActiveHigh: 1
IsCombinational: 0
IsDatapathOnly: 0
HasWiredReturn: 1
HasMFsm: 2
HasVarLatency: 1
IsPipeline: 0
IsRtlPipelined: 0
IsInstanceOverlapped: 0
IsDontTouch: 0
HasImplIP: 0
IsGatedGlobalClock: 0

+ Individual pipeline summary: 
  * Pipeline-0: initiation interval (II) = 1, depth = 3


============================================================
+ Verbose Summary: Schedule
============================================================
* Number of FSM states : 3
* Pipeline : 1
  Pipeline-0 : II = 1, D = 3, States = { 1 2 3 }
* Dataflow Pipeline: 0

* FSM state transitions: 
1 --> 2 
2 --> 3 
3 --> 

* FSM state operations: 

State 1 <SV = 0> <Delay = 5.09>
ST_1 : Operation 6 [1/1] (0.00ns)   --->   "%i = alloca i32 1" [bnn.cpp:129]   --->   Operation 6 'alloca' 'i' <Predicate = true> <Delay = 0.00>
ST_1 : Operation 7 [1/1] (0.00ns)   --->   "%a_2 = alloca i32 1"   --->   Operation 7 'alloca' 'a_2' <Predicate = true> <Delay = 0.00>
ST_1 : Operation 8 [1/1] (1.58ns)   --->   "%store_ln129 = store i8 0, i8 %i" [bnn.cpp:129]   --->   Operation 8 'store' 'store_ln129' <Predicate = true> <Delay = 1.58>
ST_1 : Operation 9 [1/1] (0.00ns)   --->   "%br_ln0 = br void %for.inc62"   --->   Operation 9 'br' 'br_ln0' <Predicate = true> <Delay = 0.00>
ST_1 : Operation 10 [1/1] (0.00ns)   --->   "%i_4 = load i8 %i" [bnn.cpp:129]   --->   Operation 10 'load' 'i_4' <Predicate = true> <Delay = 0.00>
ST_1 : Operation 11 [1/1] (1.91ns)   --->   "%icmp_ln129 = icmp_eq  i8 %i_4, i8 128" [bnn.cpp:129]   --->   Operation 11 'icmp' 'icmp_ln129' <Predicate = true> <Delay = 1.91> <CoreInst = "Cmp">   --->   Core 9 'Cmp' <Latency = 0> <II = 1> <Delay = 1.91> <FuncUnit> <Opcode : 'seteq' 'setne' 'setle' 'setge' 'setlt' 'setgt'> <InPorts = 2> <OutPorts = 1>
ST_1 : Operation 12 [1/1] (1.91ns)   --->   "%add_ln129 = add i8 %i_4, i8 1" [bnn.cpp:129]   --->   Operation 12 'add' 'add_ln129' <Predicate = true> <Delay = 1.91> <CoreInst = "Adder">   --->   Core 1 'Adder' <Latency = 0> <II = 1> <Delay = 1.91> <FuncUnit> <Opcode : 'add' 'sub'> <InPorts = 2> <OutPorts = 1>
ST_1 : Operation 13 [1/1] (0.00ns)   --->   "%br_ln129 = br i1 %icmp_ln129, void %for.inc62.split, void %for.body.i22.preheader.exitStub" [bnn.cpp:129]   --->   Operation 13 'br' 'br_ln129' <Predicate = true> <Delay = 0.00>
ST_1 : Operation 14 [1/1] (0.00ns)   --->   "%trunc_ln129 = trunc i8 %i_4" [bnn.cpp:129]   --->   Operation 14 'trunc' 'trunc_ln129' <Predicate = (!icmp_ln129)> <Delay = 0.00>
ST_1 : Operation 15 [1/1] (0.00ns)   --->   "%trunc_ln129_1 = trunc i8 %i_4" [bnn.cpp:129]   --->   Operation 15 'trunc' 'trunc_ln129_1' <Predicate = (!icmp_ln129)> <Delay = 0.00>
ST_1 : Operation 16 [1/1] (0.00ns)   --->   "%lshr_ln4 = partselect i5 @_ssdm_op_PartSelect.i5.i8.i32.i32, i8 %i_4, i32 2, i32 6" [bnn.cpp:129]   --->   Operation 16 'partselect' 'lshr_ln4' <Predicate = (!icmp_ln129)> <Delay = 0.00>
ST_1 : Operation 17 [1/1] (0.00ns)   --->   "%zext_ln129 = zext i5 %lshr_ln4" [bnn.cpp:129]   --->   Operation 17 'zext' 'zext_ln129' <Predicate = (!icmp_ln129)> <Delay = 0.00>
ST_1 : Operation 18 [1/1] (0.00ns)   --->   "%layer2_activations_addr = getelementptr i32 %layer2_activations, i64 0, i64 %zext_ln129" [bnn.cpp:132]   --->   Operation 18 'getelementptr' 'layer2_activations_addr' <Predicate = (!icmp_ln129)> <Delay = 0.00>
ST_1 : Operation 19 [1/1] (0.00ns)   --->   "%layer2_activations_4_addr = getelementptr i32 %layer2_activations_4, i64 0, i64 %zext_ln129" [bnn.cpp:132]   --->   Operation 19 'getelementptr' 'layer2_activations_4_addr' <Predicate = (!icmp_ln129)> <Delay = 0.00>
ST_1 : Operation 20 [1/1] (0.00ns)   --->   "%layer2_activations_5_addr = getelementptr i32 %layer2_activations_5, i64 0, i64 %zext_ln129" [bnn.cpp:132]   --->   Operation 20 'getelementptr' 'layer2_activations_5_addr' <Predicate = (!icmp_ln129)> <Delay = 0.00>
ST_1 : Operation 21 [1/1] (0.00ns)   --->   "%layer2_activations_6_addr = getelementptr i32 %layer2_activations_6, i64 0, i64 %zext_ln129" [bnn.cpp:132]   --->   Operation 21 'getelementptr' 'layer2_activations_6_addr' <Predicate = (!icmp_ln129)> <Delay = 0.00>
ST_1 : Operation 22 [2/2] (3.25ns)   --->   "%layer2_activations_load = load i5 %layer2_activations_addr" [bnn.cpp:132]   --->   Operation 22 'load' 'layer2_activations_load' <Predicate = (!icmp_ln129)> <Delay = 3.25> <CoreInst = "RAM">   --->   Core 81 'RAM' <Latency = 1> <II = 1> <Delay = 3.25> <Storage> <Opcode : 'load' 'store'> <Ports = 2> <Width = 32> <Depth = 32> <RAM>
ST_1 : Operation 23 [2/2] (3.25ns)   --->   "%layer2_activations_4_load = load i5 %layer2_activations_4_addr" [bnn.cpp:132]   --->   Operation 23 'load' 'layer2_activations_4_load' <Predicate = (!icmp_ln129)> <Delay = 3.25> <CoreInst = "RAM">   --->   Core 81 'RAM' <Latency = 1> <II = 1> <Delay = 3.25> <Storage> <Opcode : 'load' 'store'> <Ports = 2> <Width = 32> <Depth = 32> <RAM>
ST_1 : Operation 24 [2/2] (3.25ns)   --->   "%layer2_activations_5_load = load i5 %layer2_activations_5_addr" [bnn.cpp:132]   --->   Operation 24 'load' 'layer2_activations_5_load' <Predicate = (!icmp_ln129)> <Delay = 3.25> <CoreInst = "RAM">   --->   Core 81 'RAM' <Latency = 1> <II = 1> <Delay = 3.25> <Storage> <Opcode : 'load' 'store'> <Ports = 2> <Width = 32> <Depth = 32> <RAM>
ST_1 : Operation 25 [2/2] (3.25ns)   --->   "%layer2_activations_6_load = load i5 %layer2_activations_6_addr" [bnn.cpp:132]   --->   Operation 25 'load' 'layer2_activations_6_load' <Predicate = (!icmp_ln129)> <Delay = 3.25> <CoreInst = "RAM">   --->   Core 81 'RAM' <Latency = 1> <II = 1> <Delay = 3.25> <Storage> <Opcode : 'load' 'store'> <Ports = 2> <Width = 32> <Depth = 32> <RAM>
ST_1 : Operation 26 [1/1] (1.87ns)   --->   "%switch_ln132 = switch i7 %trunc_ln129_1, void %arrayidx61.case.127, i7 0, void %arrayidx61.case.0, i7 1, void %arrayidx61.exit, i7 2, void %arrayidx61.exit, i7 3, void %arrayidx61.exit, i7 4, void %arrayidx61.exit, i7 5, void %arrayidx61.exit, i7 6, void %arrayidx61.exit, i7 7, void %arrayidx61.exit, i7 8, void %arrayidx61.exit, i7 9, void %arrayidx61.exit, i7 10, void %arrayidx61.exit, i7 11, void %arrayidx61.exit, i7 12, void %arrayidx61.exit, i7 13, void %arrayidx61.exit, i7 14, void %arrayidx61.exit, i7 15, void %arrayidx61.exit, i7 16, void %arrayidx61.exit, i7 17, void %arrayidx61.exit, i7 18, void %arrayidx61.exit, i7 19, void %arrayidx61.exit, i7 20, void %arrayidx61.exit, i7 21, void %arrayidx61.exit, i7 22, void %arrayidx61.exit, i7 23, void %arrayidx61.exit, i7 24, void %arrayidx61.exit, i7 25, void %arrayidx61.exit, i7 26, void %arrayidx61.exit, i7 27, void %arrayidx61.exit, i7 28, void %arrayidx61.exit, i7 29, void %arrayidx61.exit, i7 30, void %arrayidx61.exit, i7 31, void %arrayidx61.exit, i7 32, void %arrayidx61.exit, i7 33, void %arrayidx61.exit, i7 34, void %arrayidx61.exit, i7 35, void %arrayidx61.exit, i7 36, void %arrayidx61.exit, i7 37, void %arrayidx61.exit, i7 38, void %arrayidx61.exit, i7 39, void %arrayidx61.exit, i7 40, void %arrayidx61.exit, i7 41, void %arrayidx61.exit, i7 42, void %arrayidx61.exit, i7 43, void %arrayidx61.exit, i7 44, void %arrayidx61.exit, i7 45, void %arrayidx61.exit, i7 46, void %arrayidx61.exit, i7 47, void %arrayidx61.exit, i7 48, void %arrayidx61.exit, i7 49, void %arrayidx61.exit, i7 50, void %arrayidx61.exit, i7 51, void %arrayidx61.exit, i7 52, void %arrayidx61.exit, i7 53, void %arrayidx61.exit, i7 54, void %arrayidx61.exit, i7 55, void %arrayidx61.exit, i7 56, void %arrayidx61.exit, i7 57, void %arrayidx61.exit, i7 58, void %arrayidx61.exit, i7 59, void %arrayidx61.exit, i7 60, void %arrayidx61.exit, i7 61, void %arrayidx61.exit, i7 62, void %arrayidx61.exit, i7 63, void %arrayidx61.exit, i7 64, void %arrayidx61.exit, i7 65, void %arrayidx61.exit, i7 66, void %arrayidx61.exit, i7 67, void %arrayidx61.exit, i7 68, void %arrayidx61.exit, i7 69, void %arrayidx61.exit, i7 70, void %arrayidx61.exit, i7 71, void %arrayidx61.exit, i7 72, void %arrayidx61.exit, i7 73, void %arrayidx61.exit, i7 74, void %arrayidx61.exit, i7 75, void %arrayidx61.exit, i7 76, void %arrayidx61.exit, i7 77, void %arrayidx61.exit, i7 78, void %arrayidx61.exit, i7 79, void %arrayidx61.exit, i7 80, void %arrayidx61.exit, i7 81, void %arrayidx61.exit, i7 82, void %arrayidx61.exit, i7 83, void %arrayidx61.exit, i7 84, void %arrayidx61.exit, i7 85, void %arrayidx61.exit, i7 86, void %arrayidx61.exit, i7 87, void %arrayidx61.exit, i7 88, void %arrayidx61.exit, i7 89, void %arrayidx61.exit, i7 90, void %arrayidx61.exit, i7 91, void %arrayidx61.exit, i7 92, void %arrayidx61.exit, i7 93, void %arrayidx61.exit, i7 94, void %arrayidx61.exit, i7 95, void %arrayidx61.exit, i7 96, void %arrayidx61.exit, i7 97, void %arrayidx61.exit, i7 98, void %arrayidx61.exit, i7 99, void %arrayidx61.exit, i7 100, void %arrayidx61.exit, i7 101, void %arrayidx61.exit, i7 102, void %arrayidx61.exit, i7 103, void %arrayidx61.exit, i7 104, void %arrayidx61.exit, i7 105, void %arrayidx61.exit, i7 106, void %arrayidx61.exit, i7 107, void %arrayidx61.exit, i7 108, void %arrayidx61.exit, i7 109, void %arrayidx61.exit, i7 110, void %arrayidx61.exit, i7 111, void %arrayidx61.exit, i7 112, void %arrayidx61.exit, i7 113, void %arrayidx61.exit, i7 114, void %arrayidx61.exit, i7 115, void %arrayidx61.exit, i7 116, void %arrayidx61.exit, i7 117, void %arrayidx61.exit, i7 118, void %arrayidx61.exit, i7 119, void %arrayidx61.exit, i7 120, void %arrayidx61.exit, i7 121, void %arrayidx61.exit, i7 122, void %arrayidx61.exit, i7 123, void %arrayidx61.exit, i7 124, void %arrayidx61.exit, i7 125, void %arrayidx61.exit, i7 126, void %arrayidx61.exit" [bnn.cpp:132]   --->   Operation 26 'switch' 'switch_ln132' <Predicate = (!icmp_ln129)> <Delay = 1.87>
ST_1 : Operation 27 [1/1] (0.00ns)   --->   "%br_ln132 = br void %arrayidx61.exit" [bnn.cpp:132]   --->   Operation 27 'br' 'br_ln132' <Predicate = (!icmp_ln129 & trunc_ln129_1 == 127)> <Delay = 0.00>
ST_1 : Operation 28 [1/1] (1.58ns)   --->   "%store_ln129 = store i8 %add_ln129, i8 %i" [bnn.cpp:129]   --->   Operation 28 'store' 'store_ln129' <Predicate = (!icmp_ln129)> <Delay = 1.58>
ST_1 : Operation 29 [1/1] (0.00ns)   --->   "%br_ln129 = br void %for.inc62" [bnn.cpp:129]   --->   Operation 29 'br' 'br_ln129' <Predicate = (!icmp_ln129)> <Delay = 0.00>

State 2 <SV = 1> <Delay = 5.08>
ST_2 : Operation 30 [1/2] ( I:3.25ns O:3.25ns )   --->   "%layer2_activations_load = load i5 %layer2_activations_addr" [bnn.cpp:132]   --->   Operation 30 'load' 'layer2_activations_load' <Predicate = true> <Delay = 3.25> <CoreInst = "RAM">   --->   Core 81 'RAM' <Latency = 1> <II = 1> <Delay = 3.25> <Storage> <Opcode : 'load' 'store'> <Ports = 2> <Width = 32> <Depth = 32> <RAM>
ST_2 : Operation 31 [1/2] ( I:3.25ns O:3.25ns )   --->   "%layer2_activations_4_load = load i5 %layer2_activations_4_addr" [bnn.cpp:132]   --->   Operation 31 'load' 'layer2_activations_4_load' <Predicate = true> <Delay = 3.25> <CoreInst = "RAM">   --->   Core 81 'RAM' <Latency = 1> <II = 1> <Delay = 3.25> <Storage> <Opcode : 'load' 'store'> <Ports = 2> <Width = 32> <Depth = 32> <RAM>
ST_2 : Operation 32 [1/2] ( I:3.25ns O:3.25ns )   --->   "%layer2_activations_5_load = load i5 %layer2_activations_5_addr" [bnn.cpp:132]   --->   Operation 32 'load' 'layer2_activations_5_load' <Predicate = true> <Delay = 3.25> <CoreInst = "RAM">   --->   Core 81 'RAM' <Latency = 1> <II = 1> <Delay = 3.25> <Storage> <Opcode : 'load' 'store'> <Ports = 2> <Width = 32> <Depth = 32> <RAM>
ST_2 : Operation 33 [1/2] ( I:3.25ns O:3.25ns )   --->   "%layer2_activations_6_load = load i5 %layer2_activations_6_addr" [bnn.cpp:132]   --->   Operation 33 'load' 'layer2_activations_6_load' <Predicate = true> <Delay = 3.25> <CoreInst = "RAM">   --->   Core 81 'RAM' <Latency = 1> <II = 1> <Delay = 3.25> <Storage> <Opcode : 'load' 'store'> <Ports = 2> <Width = 32> <Depth = 32> <RAM>
ST_2 : Operation 34 [1/1] (1.82ns)   --->   "%x_2 = sparsemux i32 @_ssdm_op_SparseMux.ap_auto.4i32.i32.i2, i2 0, i32 %layer2_activations_load, i2 1, i32 %layer2_activations_4_load, i2 2, i32 %layer2_activations_5_load, i2 3, i32 %layer2_activations_6_load, i32 0, i2 %trunc_ln129" [bnn.cpp:132]   --->   Operation 34 'sparsemux' 'x_2' <Predicate = true> <Delay = 1.82> <CoreInst = "BinarySparseMux_DontCare">   --->   Core 137 'BinarySparseMux_DontCare' <Latency = 0> <II = 1> <Delay = 1.82> <FuncUnit> <Opcode : 'sparsemux'> <InPorts = 2> <OutPorts = 1>
ST_2 : Operation 42 [1/1] (0.00ns)   --->   "%a_2_load = load i32 %a_2"   --->   Operation 42 'load' 'a_2_load' <Predicate = (icmp_ln129)> <Delay = 0.00>
ST_2 : Operation 43 [1/1] (0.00ns)   --->   "%write_ln0 = write void @_ssdm_op_Write.ap_auto.i32P0A, i32 %a_2_out, i32 %a_2_load"   --->   Operation 43 'write' 'write_ln0' <Predicate = (icmp_ln129)> <Delay = 0.00>
ST_2 : Operation 44 [1/1] (1.58ns)   --->   "%ret_ln0 = ret"   --->   Operation 44 'ret' 'ret_ln0' <Predicate = (icmp_ln129)> <Delay = 1.58>

State 3 <SV = 2> <Delay = 3.23>
ST_3 : Operation 35 [1/1] (0.00ns)   --->   "%specpipeline_ln131 = specpipeline void @_ssdm_op_SpecPipeline, i32 4294967295, i32 0, i32 0, i32 0, void @empty_1" [bnn.cpp:131]   --->   Operation 35 'specpipeline' 'specpipeline_ln131' <Predicate = true> <Delay = 0.00>
ST_3 : Operation 36 [1/1] (0.00ns)   --->   "%speclooptripcount_ln129 = speclooptripcount void @_ssdm_op_SpecLoopTripCount, i64 128, i64 128, i64 128" [bnn.cpp:129]   --->   Operation 36 'speclooptripcount' 'speclooptripcount_ln129' <Predicate = true> <Delay = 0.00>
ST_3 : Operation 37 [1/1] (0.00ns)   --->   "%specloopname_ln129 = specloopname void @_ssdm_op_SpecLoopName, void @empty_9" [bnn.cpp:129]   --->   Operation 37 'specloopname' 'specloopname_ln129' <Predicate = true> <Delay = 0.00>
ST_3 : Operation 38 [1/1] (2.55ns)   --->   "%icmp_ln40 = icmp_sgt  i32 %x_2, i32 0" [bnn.cpp:40->bnn.cpp:132]   --->   Operation 38 'icmp' 'icmp_ln40' <Predicate = true> <Delay = 2.55> <CoreInst = "Cmp">   --->   Core 9 'Cmp' <Latency = 0> <II = 1> <Delay = 2.55> <FuncUnit> <Opcode : 'seteq' 'setne' 'setle' 'setge' 'setlt' 'setgt'> <InPorts = 2> <OutPorts = 1>
ST_3 : Operation 39 [1/1] (0.68ns)   --->   "%select_ln132 = select i1 %icmp_ln40, i32 0, i32 256" [bnn.cpp:132]   --->   Operation 39 'select' 'select_ln132' <Predicate = true> <Delay = 0.68> <CoreInst = "Sel">   --->   Core 73 'Sel' <Latency = 0> <II = 1> <Delay = 0.68> <FuncUnit> <Opcode : 'select'> <InPorts = 3> <OutPorts = 1>
ST_3 : Operation 40 [1/1] (0.00ns)   --->   "%store_ln132 = store i32 %select_ln132, i32 %a_2" [bnn.cpp:132]   --->   Operation 40 'store' 'store_ln132' <Predicate = (trunc_ln129_1 == 0)> <Delay = 0.00>
ST_3 : Operation 41 [1/1] (0.00ns)   --->   "%br_ln132 = br void %arrayidx61.exit" [bnn.cpp:132]   --->   Operation 41 'br' 'br_ln132' <Predicate = (trunc_ln129_1 == 0)> <Delay = 0.00>


============================================================
+ Verbose Summary: Binding
============================================================
STG Binding: 
---------------- STG Properties BEGIN ----------------
- Is combinational: 0
- Is one-state seq: 0
- Is datapath-only: 0
- Is pipelined: 0
- Is top level: 0
Port [ Return ] is wired: 1; IO mode=ap_ctrl_hs:ce=0
Port [ layer2_activations]:  wired=1; compound=1; hidden=0; nouse=0; global=0; static=0; extern=0; dir=0; type=1; pingpong=0; private_global=0; MemPort=[13]; IO mode=ap_memory:ce=0
Port [ layer2_activations_4]:  wired=1; compound=1; hidden=0; nouse=0; global=0; static=0; extern=0; dir=0; type=1; pingpong=0; private_global=0; MemPort=[13]; IO mode=ap_memory:ce=0
Port [ layer2_activations_5]:  wired=1; compound=1; hidden=0; nouse=0; global=0; static=0; extern=0; dir=0; type=1; pingpong=0; private_global=0; MemPort=[13]; IO mode=ap_memory:ce=0
Port [ layer2_activations_6]:  wired=1; compound=1; hidden=0; nouse=0; global=0; static=0; extern=0; dir=0; type=1; pingpong=0; private_global=0; MemPort=[13]; IO mode=ap_memory:ce=0
Port [ a_2_out]:  wired=1; compound=0; hidden=0; nouse=0; global=0; static=0; extern=0; dir=1; type=0; pingpong=0; private_global=0; IO mode=ap_vld:ce=0
---------------- STG Properties END ------------------

---------------- Datapath Model BEGIN ----------------

<LifeTime>
<method=bitvector/>
i                         (alloca           ) [ 0100]
a_2                       (alloca           ) [ 0111]
store_ln129               (store            ) [ 0000]
br_ln0                    (br               ) [ 0000]
i_4                       (load             ) [ 0000]
icmp_ln129                (icmp             ) [ 0110]
add_ln129                 (add              ) [ 0000]
br_ln129                  (br               ) [ 0000]
trunc_ln129               (trunc            ) [ 0110]
trunc_ln129_1             (trunc            ) [ 0111]
lshr_ln4                  (partselect       ) [ 0000]
zext_ln129                (zext             ) [ 0000]
layer2_activations_addr   (getelementptr    ) [ 0110]
layer2_activations_4_addr (getelementptr    ) [ 0110]
layer2_activations_5_addr (getelementptr    ) [ 0110]
layer2_activations_6_addr (getelementptr    ) [ 0110]
switch_ln132              (switch           ) [ 0000]
br_ln132                  (br               ) [ 0000]
store_ln129               (store            ) [ 0000]
br_ln129                  (br               ) [ 0000]
layer2_activations_load   (load             ) [ 0000]
layer2_activations_4_load (load             ) [ 0000]
layer2_activations_5_load (load             ) [ 0000]
layer2_activations_6_load (load             ) [ 0000]
x_2                       (sparsemux        ) [ 0101]
specpipeline_ln131        (specpipeline     ) [ 0000]
speclooptripcount_ln129   (speclooptripcount) [ 0000]
specloopname_ln129        (specloopname     ) [ 0000]
icmp_ln40                 (icmp             ) [ 0000]
select_ln132              (select           ) [ 0000]
store_ln132               (store            ) [ 0000]
br_ln132                  (br               ) [ 0000]
a_2_load                  (load             ) [ 0000]
write_ln0                 (write            ) [ 0000]
ret_ln0                   (ret              ) [ 0000]
</LifeTime>

<model>

<comp_list>
<comp id="0" class="1000" name="layer2_activations">
<pin_list>
<pin id="1" dir="1" index="0" bw="1" slack="0"/>
</pin_list>
<bind>
<StgValue><ssdm name="layer2_activations"/><MemPortTyVec>1 3 </MemPortTyVec>
</StgValue>
</bind>
</comp>

<comp id="2" class="1000" name="layer2_activations_4">
<pin_list>
<pin id="3" dir="1" index="0" bw="1" slack="0"/>
</pin_list>
<bind>
<StgValue><ssdm name="layer2_activations_4"/><MemPortTyVec>1 3 </MemPortTyVec>
</StgValue>
</bind>
</comp>

<comp id="4" class="1000" name="layer2_activations_5">
<pin_list>
<pin id="5" dir="1" index="0" bw="1" slack="0"/>
</pin_list>
<bind>
<StgValue><ssdm name="layer2_activations_5"/><MemPortTyVec>1 3 </MemPortTyVec>
</StgValue>
</bind>
</comp>

<comp id="6" class="1000" name="layer2_activations_6">
<pin_list>
<pin id="7" dir="1" index="0" bw="1" slack="0"/>
</pin_list>
<bind>
<StgValue><ssdm name="layer2_activations_6"/><MemPortTyVec>1 3 </MemPortTyVec>
</StgValue>
</bind>
</comp>

<comp id="8" class="1000" name="a_2_out">
<pin_list>
<pin id="9" dir="1" index="0" bw="1" slack="0"/>
</pin_list>
<bind>
<StgValue><ssdm name="a_2_out"/></StgValue>
</bind>
</comp>

<comp id="10" class="1001" name="const_10">
<pin_list>
<pin id="11" dir="1" index="0" bw="1" slack="0"/>
</pin_list>
<bind>
<StgValue><ssdm name=""/></StgValue>
</bind>
</comp>

<comp id="12" class="1001" name="const_12">
<pin_list>
<pin id="13" dir="1" index="0" bw="1" slack="0"/>
</pin_list>
<bind>
<StgValue><ssdm name=""/></StgValue>
</bind>
</comp>

<comp id="14" class="1001" name="const_14">
<pin_list>
<pin id="15" dir="1" index="0" bw="1" slack="0"/>
</pin_list>
<bind>
<StgValue><ssdm name=""/></StgValue>
</bind>
</comp>

<comp id="16" class="1001" name="const_16">
<pin_list>
<pin id="17" dir="1" index="0" bw="1" slack="0"/>
</pin_list>
<bind>
<StgValue><ssdm name=""/></StgValue>
</bind>
</comp>

<comp id="18" class="1001" name="const_18">
<pin_list>
<pin id="19" dir="1" index="0" bw="1" slack="0"/>
</pin_list>
<bind>
<StgValue><ssdm name="_ssdm_op_PartSelect.i5.i8.i32.i32"/></StgValue>
</bind>
</comp>

<comp id="20" class="1001" name="const_20">
<pin_list>
<pin id="21" dir="1" index="0" bw="1" slack="0"/>
</pin_list>
<bind>
<StgValue><ssdm name=""/></StgValue>
</bind>
</comp>

<comp id="22" class="1001" name="const_22">
<pin_list>
<pin id="23" dir="1" index="0" bw="1" slack="0"/>
</pin_list>
<bind>
<StgValue><ssdm name=""/></StgValue>
</bind>
</comp>

<comp id="24" class="1001" name="const_24">
<pin_list>
<pin id="25" dir="1" index="0" bw="1" slack="0"/>
</pin_list>
<bind>
<StgValue><ssdm name=""/></StgValue>
</bind>
</comp>

<comp id="26" class="1001" name="const_26">
<pin_list>
<pin id="27" dir="1" index="0" bw="1" slack="2147483647"/>
</pin_list>
<bind>
<StgValue><ssdm name=""/></StgValue>
</bind>
</comp>

<comp id="28" class="1001" name="const_28">
<pin_list>
<pin id="29" dir="1" index="0" bw="1" slack="2147483647"/>
</pin_list>
<bind>
<StgValue><ssdm name=""/></StgValue>
</bind>
</comp>

<comp id="30" class="1001" name="const_30">
<pin_list>
<pin id="31" dir="1" index="0" bw="1" slack="2147483647"/>
</pin_list>
<bind>
<StgValue><ssdm name=""/></StgValue>
</bind>
</comp>

<comp id="32" class="1001" name="const_32">
<pin_list>
<pin id="33" dir="1" index="0" bw="1" slack="2147483647"/>
</pin_list>
<bind>
<StgValue><ssdm name=""/></StgValue>
</bind>
</comp>

<comp id="34" class="1001" name="const_34">
<pin_list>
<pin id="35" dir="1" index="0" bw="1" slack="2147483647"/>
</pin_list>
<bind>
<StgValue><ssdm name=""/></StgValue>
</bind>
</comp>

<comp id="36" class="1001" name="const_36">
<pin_list>
<pin id="37" dir="1" index="0" bw="1" slack="2147483647"/>
</pin_list>
<bind>
<StgValue><ssdm name=""/></StgValue>
</bind>
</comp>

<comp id="38" class="1001" name="const_38">
<pin_list>
<pin id="39" dir="1" index="0" bw="1" slack="2147483647"/>
</pin_list>
<bind>
<StgValue><ssdm name=""/></StgValue>
</bind>
</comp>

<comp id="40" class="1001" name="const_40">
<pin_list>
<pin id="41" dir="1" index="0" bw="1" slack="2147483647"/>
</pin_list>
<bind>
<StgValue><ssdm name=""/></StgValue>
</bind>
</comp>

<comp id="42" class="1001" name="const_42">
<pin_list>
<pin id="43" dir="1" index="0" bw="1" slack="2147483647"/>
</pin_list>
<bind>
<StgValue><ssdm name=""/></StgValue>
</bind>
</comp>

<comp id="44" class="1001" name="const_44">
<pin_list>
<pin id="45" dir="1" index="0" bw="1" slack="2147483647"/>
</pin_list>
<bind>
<StgValue><ssdm name=""/></StgValue>
</bind>
</comp>

<comp id="46" class="1001" name="const_46">
<pin_list>
<pin id="47" dir="1" index="0" bw="1" slack="2147483647"/>
</pin_list>
<bind>
<StgValue><ssdm name=""/></StgValue>
</bind>
</comp>

<comp id="48" class="1001" name="const_48">
<pin_list>
<pin id="49" dir="1" index="0" bw="1" slack="2147483647"/>
</pin_list>
<bind>
<StgValue><ssdm name=""/></StgValue>
</bind>
</comp>

<comp id="50" class="1001" name="const_50">
<pin_list>
<pin id="51" dir="1" index="0" bw="1" slack="2147483647"/>
</pin_list>
<bind>
<StgValue><ssdm name=""/></StgValue>
</bind>
</comp>

<comp id="52" class="1001" name="const_52">
<pin_list>
<pin id="53" dir="1" index="0" bw="1" slack="2147483647"/>
</pin_list>
<bind>
<StgValue><ssdm name=""/></StgValue>
</bind>
</comp>

<comp id="54" class="1001" name="const_54">
<pin_list>
<pin id="55" dir="1" index="0" bw="1" slack="2147483647"/>
</pin_list>
<bind>
<StgValue><ssdm name=""/></StgValue>
</bind>
</comp>

<comp id="56" class="1001" name="const_56">
<pin_list>
<pin id="57" dir="1" index="0" bw="1" slack="2147483647"/>
</pin_list>
<bind>
<StgValue><ssdm name=""/></StgValue>
</bind>
</comp>

<comp id="58" class="1001" name="const_58">
<pin_list>
<pin id="59" dir="1" index="0" bw="1" slack="2147483647"/>
</pin_list>
<bind>
<StgValue><ssdm name=""/></StgValue>
</bind>
</comp>

<comp id="60" class="1001" name="const_60">
<pin_list>
<pin id="61" dir="1" index="0" bw="1" slack="2147483647"/>
</pin_list>
<bind>
<StgValue><ssdm name=""/></StgValue>
</bind>
</comp>

<comp id="62" class="1001" name="const_62">
<pin_list>
<pin id="63" dir="1" index="0" bw="1" slack="2147483647"/>
</pin_list>
<bind>
<StgValue><ssdm name=""/></StgValue>
</bind>
</comp>

<comp id="64" class="1001" name="const_64">
<pin_list>
<pin id="65" dir="1" index="0" bw="1" slack="2147483647"/>
</pin_list>
<bind>
<StgValue><ssdm name=""/></StgValue>
</bind>
</comp>

<comp id="66" class="1001" name="const_66">
<pin_list>
<pin id="67" dir="1" index="0" bw="1" slack="2147483647"/>
</pin_list>
<bind>
<StgValue><ssdm name=""/></StgValue>
</bind>
</comp>

<comp id="68" class="1001" name="const_68">
<pin_list>
<pin id="69" dir="1" index="0" bw="1" slack="2147483647"/>
</pin_list>
<bind>
<StgValue><ssdm name=""/></StgValue>
</bind>
</comp>

<comp id="70" class="1001" name="const_70">
<pin_list>
<pin id="71" dir="1" index="0" bw="1" slack="2147483647"/>
</pin_list>
<bind>
<StgValue><ssdm name=""/></StgValue>
</bind>
</comp>

<comp id="72" class="1001" name="const_72">
<pin_list>
<pin id="73" dir="1" index="0" bw="1" slack="2147483647"/>
</pin_list>
<bind>
<StgValue><ssdm name=""/></StgValue>
</bind>
</comp>

<comp id="74" class="1001" name="const_74">
<pin_list>
<pin id="75" dir="1" index="0" bw="1" slack="2147483647"/>
</pin_list>
<bind>
<StgValue><ssdm name=""/></StgValue>
</bind>
</comp>

<comp id="76" class="1001" name="const_76">
<pin_list>
<pin id="77" dir="1" index="0" bw="1" slack="2147483647"/>
</pin_list>
<bind>
<StgValue><ssdm name=""/></StgValue>
</bind>
</comp>

<comp id="78" class="1001" name="const_78">
<pin_list>
<pin id="79" dir="1" index="0" bw="1" slack="2147483647"/>
</pin_list>
<bind>
<StgValue><ssdm name=""/></StgValue>
</bind>
</comp>

<comp id="80" class="1001" name="const_80">
<pin_list>
<pin id="81" dir="1" index="0" bw="1" slack="2147483647"/>
</pin_list>
<bind>
<StgValue><ssdm name=""/></StgValue>
</bind>
</comp>

<comp id="82" class="1001" name="const_82">
<pin_list>
<pin id="83" dir="1" index="0" bw="1" slack="2147483647"/>
</pin_list>
<bind>
<StgValue><ssdm name=""/></StgValue>
</bind>
</comp>

<comp id="84" class="1001" name="const_84">
<pin_list>
<pin id="85" dir="1" index="0" bw="1" slack="2147483647"/>
</pin_list>
<bind>
<StgValue><ssdm name=""/></StgValue>
</bind>
</comp>

<comp id="86" class="1001" name="const_86">
<pin_list>
<pin id="87" dir="1" index="0" bw="1" slack="2147483647"/>
</pin_list>
<bind>
<StgValue><ssdm name=""/></StgValue>
</bind>
</comp>

<comp id="88" class="1001" name="const_88">
<pin_list>
<pin id="89" dir="1" index="0" bw="1" slack="2147483647"/>
</pin_list>
<bind>
<StgValue><ssdm name=""/></StgValue>
</bind>
</comp>

<comp id="90" class="1001" name="const_90">
<pin_list>
<pin id="91" dir="1" index="0" bw="1" slack="2147483647"/>
</pin_list>
<bind>
<StgValue><ssdm name=""/></StgValue>
</bind>
</comp>

<comp id="92" class="1001" name="const_92">
<pin_list>
<pin id="93" dir="1" index="0" bw="1" slack="2147483647"/>
</pin_list>
<bind>
<StgValue><ssdm name=""/></StgValue>
</bind>
</comp>

<comp id="94" class="1001" name="const_94">
<pin_list>
<pin id="95" dir="1" index="0" bw="1" slack="2147483647"/>
</pin_list>
<bind>
<StgValue><ssdm name=""/></StgValue>
</bind>
</comp>

<comp id="96" class="1001" name="const_96">
<pin_list>
<pin id="97" dir="1" index="0" bw="1" slack="2147483647"/>
</pin_list>
<bind>
<StgValue><ssdm name=""/></StgValue>
</bind>
</comp>

<comp id="98" class="1001" name="const_98">
<pin_list>
<pin id="99" dir="1" index="0" bw="1" slack="2147483647"/>
</pin_list>
<bind>
<StgValue><ssdm name=""/></StgValue>
</bind>
</comp>

<comp id="100" class="1001" name="const_100">
<pin_list>
<pin id="101" dir="1" index="0" bw="1" slack="2147483647"/>
</pin_list>
<bind>
<StgValue><ssdm name=""/></StgValue>
</bind>
</comp>

<comp id="102" class="1001" name="const_102">
<pin_list>
<pin id="103" dir="1" index="0" bw="1" slack="2147483647"/>
</pin_list>
<bind>
<StgValue><ssdm name=""/></StgValue>
</bind>
</comp>

<comp id="104" class="1001" name="const_104">
<pin_list>
<pin id="105" dir="1" index="0" bw="1" slack="2147483647"/>
</pin_list>
<bind>
<StgValue><ssdm name=""/></StgValue>
</bind>
</comp>

<comp id="106" class="1001" name="const_106">
<pin_list>
<pin id="107" dir="1" index="0" bw="1" slack="2147483647"/>
</pin_list>
<bind>
<StgValue><ssdm name=""/></StgValue>
</bind>
</comp>

<comp id="108" class="1001" name="const_108">
<pin_list>
<pin id="109" dir="1" index="0" bw="1" slack="2147483647"/>
</pin_list>
<bind>
<StgValue><ssdm name=""/></StgValue>
</bind>
</comp>

<comp id="110" class="1001" name="const_110">
<pin_list>
<pin id="111" dir="1" index="0" bw="1" slack="2147483647"/>
</pin_list>
<bind>
<StgValue><ssdm name=""/></StgValue>
</bind>
</comp>

<comp id="112" class="1001" name="const_112">
<pin_list>
<pin id="113" dir="1" index="0" bw="1" slack="2147483647"/>
</pin_list>
<bind>
<StgValue><ssdm name=""/></StgValue>
</bind>
</comp>

<comp id="114" class="1001" name="const_114">
<pin_list>
<pin id="115" dir="1" index="0" bw="1" slack="2147483647"/>
</pin_list>
<bind>
<StgValue><ssdm name=""/></StgValue>
</bind>
</comp>

<comp id="116" class="1001" name="const_116">
<pin_list>
<pin id="117" dir="1" index="0" bw="1" slack="2147483647"/>
</pin_list>
<bind>
<StgValue><ssdm name=""/></StgValue>
</bind>
</comp>

<comp id="118" class="1001" name="const_118">
<pin_list>
<pin id="119" dir="1" index="0" bw="1" slack="2147483647"/>
</pin_list>
<bind>
<StgValue><ssdm name=""/></StgValue>
</bind>
</comp>

<comp id="120" class="1001" name="const_120">
<pin_list>
<pin id="121" dir="1" index="0" bw="1" slack="2147483647"/>
</pin_list>
<bind>
<StgValue><ssdm name=""/></StgValue>
</bind>
</comp>

<comp id="122" class="1001" name="const_122">
<pin_list>
<pin id="123" dir="1" index="0" bw="1" slack="2147483647"/>
</pin_list>
<bind>
<StgValue><ssdm name=""/></StgValue>
</bind>
</comp>

<comp id="124" class="1001" name="const_124">
<pin_list>
<pin id="125" dir="1" index="0" bw="1" slack="2147483647"/>
</pin_list>
<bind>
<StgValue><ssdm name=""/></StgValue>
</bind>
</comp>

<comp id="126" class="1001" name="const_126">
<pin_list>
<pin id="127" dir="1" index="0" bw="1" slack="2147483647"/>
</pin_list>
<bind>
<StgValue><ssdm name=""/></StgValue>
</bind>
</comp>

<comp id="128" class="1001" name="const_128">
<pin_list>
<pin id="129" dir="1" index="0" bw="1" slack="2147483647"/>
</pin_list>
<bind>
<StgValue><ssdm name=""/></StgValue>
</bind>
</comp>

<comp id="130" class="1001" name="const_130">
<pin_list>
<pin id="131" dir="1" index="0" bw="1" slack="2147483647"/>
</pin_list>
<bind>
<StgValue><ssdm name=""/></StgValue>
</bind>
</comp>

<comp id="132" class="1001" name="const_132">
<pin_list>
<pin id="133" dir="1" index="0" bw="1" slack="2147483647"/>
</pin_list>
<bind>
<StgValue><ssdm name=""/></StgValue>
</bind>
</comp>

<comp id="134" class="1001" name="const_134">
<pin_list>
<pin id="135" dir="1" index="0" bw="1" slack="2147483647"/>
</pin_list>
<bind>
<StgValue><ssdm name=""/></StgValue>
</bind>
</comp>

<comp id="136" class="1001" name="const_136">
<pin_list>
<pin id="137" dir="1" index="0" bw="1" slack="2147483647"/>
</pin_list>
<bind>
<StgValue><ssdm name=""/></StgValue>
</bind>
</comp>

<comp id="138" class="1001" name="const_138">
<pin_list>
<pin id="139" dir="1" index="0" bw="1" slack="2147483647"/>
</pin_list>
<bind>
<StgValue><ssdm name=""/></StgValue>
</bind>
</comp>

<comp id="140" class="1001" name="const_140">
<pin_list>
<pin id="141" dir="1" index="0" bw="1" slack="2147483647"/>
</pin_list>
<bind>
<StgValue><ssdm name=""/></StgValue>
</bind>
</comp>

<comp id="142" class="1001" name="const_142">
<pin_list>
<pin id="143" dir="1" index="0" bw="1" slack="2147483647"/>
</pin_list>
<bind>
<StgValue><ssdm name=""/></StgValue>
</bind>
</comp>

<comp id="144" class="1001" name="const_144">
<pin_list>
<pin id="145" dir="1" index="0" bw="1" slack="2147483647"/>
</pin_list>
<bind>
<StgValue><ssdm name=""/></StgValue>
</bind>
</comp>

<comp id="146" class="1001" name="const_146">
<pin_list>
<pin id="147" dir="1" index="0" bw="1" slack="2147483647"/>
</pin_list>
<bind>
<StgValue><ssdm name=""/></StgValue>
</bind>
</comp>

<comp id="148" class="1001" name="const_148">
<pin_list>
<pin id="149" dir="1" index="0" bw="1" slack="2147483647"/>
</pin_list>
<bind>
<StgValue><ssdm name=""/></StgValue>
</bind>
</comp>

<comp id="150" class="1001" name="const_150">
<pin_list>
<pin id="151" dir="1" index="0" bw="1" slack="2147483647"/>
</pin_list>
<bind>
<StgValue><ssdm name=""/></StgValue>
</bind>
</comp>

<comp id="152" class="1001" name="const_152">
<pin_list>
<pin id="153" dir="1" index="0" bw="1" slack="2147483647"/>
</pin_list>
<bind>
<StgValue><ssdm name=""/></StgValue>
</bind>
</comp>

<comp id="154" class="1001" name="const_154">
<pin_list>
<pin id="155" dir="1" index="0" bw="1" slack="2147483647"/>
</pin_list>
<bind>
<StgValue><ssdm name=""/></StgValue>
</bind>
</comp>

<comp id="156" class="1001" name="const_156">
<pin_list>
<pin id="157" dir="1" index="0" bw="1" slack="2147483647"/>
</pin_list>
<bind>
<StgValue><ssdm name=""/></StgValue>
</bind>
</comp>

<comp id="158" class="1001" name="const_158">
<pin_list>
<pin id="159" dir="1" index="0" bw="1" slack="2147483647"/>
</pin_list>
<bind>
<StgValue><ssdm name=""/></StgValue>
</bind>
</comp>

<comp id="160" class="1001" name="const_160">
<pin_list>
<pin id="161" dir="1" index="0" bw="1" slack="2147483647"/>
</pin_list>
<bind>
<StgValue><ssdm name=""/></StgValue>
</bind>
</comp>

<comp id="162" class="1001" name="const_162">
<pin_list>
<pin id="163" dir="1" index="0" bw="1" slack="2147483647"/>
</pin_list>
<bind>
<StgValue><ssdm name=""/></StgValue>
</bind>
</comp>

<comp id="164" class="1001" name="const_164">
<pin_list>
<pin id="165" dir="1" index="0" bw="1" slack="2147483647"/>
</pin_list>
<bind>
<StgValue><ssdm name=""/></StgValue>
</bind>
</comp>

<comp id="166" class="1001" name="const_166">
<pin_list>
<pin id="167" dir="1" index="0" bw="1" slack="2147483647"/>
</pin_list>
<bind>
<StgValue><ssdm name=""/></StgValue>
</bind>
</comp>

<comp id="168" class="1001" name="const_168">
<pin_list>
<pin id="169" dir="1" index="0" bw="1" slack="2147483647"/>
</pin_list>
<bind>
<StgValue><ssdm name=""/></StgValue>
</bind>
</comp>

<comp id="170" class="1001" name="const_170">
<pin_list>
<pin id="171" dir="1" index="0" bw="1" slack="2147483647"/>
</pin_list>
<bind>
<StgValue><ssdm name=""/></StgValue>
</bind>
</comp>

<comp id="172" class="1001" name="const_172">
<pin_list>
<pin id="173" dir="1" index="0" bw="1" slack="2147483647"/>
</pin_list>
<bind>
<StgValue><ssdm name=""/></StgValue>
</bind>
</comp>

<comp id="174" class="1001" name="const_174">
<pin_list>
<pin id="175" dir="1" index="0" bw="1" slack="2147483647"/>
</pin_list>
<bind>
<StgValue><ssdm name=""/></StgValue>
</bind>
</comp>

<comp id="176" class="1001" name="const_176">
<pin_list>
<pin id="177" dir="1" index="0" bw="1" slack="2147483647"/>
</pin_list>
<bind>
<StgValue><ssdm name=""/></StgValue>
</bind>
</comp>

<comp id="178" class="1001" name="const_178">
<pin_list>
<pin id="179" dir="1" index="0" bw="1" slack="2147483647"/>
</pin_list>
<bind>
<StgValue><ssdm name=""/></StgValue>
</bind>
</comp>

<comp id="180" class="1001" name="const_180">
<pin_list>
<pin id="181" dir="1" index="0" bw="1" slack="2147483647"/>
</pin_list>
<bind>
<StgValue><ssdm name=""/></StgValue>
</bind>
</comp>

<comp id="182" class="1001" name="const_182">
<pin_list>
<pin id="183" dir="1" index="0" bw="1" slack="2147483647"/>
</pin_list>
<bind>
<StgValue><ssdm name=""/></StgValue>
</bind>
</comp>

<comp id="184" class="1001" name="const_184">
<pin_list>
<pin id="185" dir="1" index="0" bw="1" slack="2147483647"/>
</pin_list>
<bind>
<StgValue><ssdm name=""/></StgValue>
</bind>
</comp>

<comp id="186" class="1001" name="const_186">
<pin_list>
<pin id="187" dir="1" index="0" bw="1" slack="2147483647"/>
</pin_list>
<bind>
<StgValue><ssdm name=""/></StgValue>
</bind>
</comp>

<comp id="188" class="1001" name="const_188">
<pin_list>
<pin id="189" dir="1" index="0" bw="1" slack="2147483647"/>
</pin_list>
<bind>
<StgValue><ssdm name=""/></StgValue>
</bind>
</comp>

<comp id="190" class="1001" name="const_190">
<pin_list>
<pin id="191" dir="1" index="0" bw="1" slack="2147483647"/>
</pin_list>
<bind>
<StgValue><ssdm name=""/></StgValue>
</bind>
</comp>

<comp id="192" class="1001" name="const_192">
<pin_list>
<pin id="193" dir="1" index="0" bw="1" slack="2147483647"/>
</pin_list>
<bind>
<StgValue><ssdm name=""/></StgValue>
</bind>
</comp>

<comp id="194" class="1001" name="const_194">
<pin_list>
<pin id="195" dir="1" index="0" bw="1" slack="2147483647"/>
</pin_list>
<bind>
<StgValue><ssdm name=""/></StgValue>
</bind>
</comp>

<comp id="196" class="1001" name="const_196">
<pin_list>
<pin id="197" dir="1" index="0" bw="1" slack="2147483647"/>
</pin_list>
<bind>
<StgValue><ssdm name=""/></StgValue>
</bind>
</comp>

<comp id="198" class="1001" name="const_198">
<pin_list>
<pin id="199" dir="1" index="0" bw="1" slack="2147483647"/>
</pin_list>
<bind>
<StgValue><ssdm name=""/></StgValue>
</bind>
</comp>

<comp id="200" class="1001" name="const_200">
<pin_list>
<pin id="201" dir="1" index="0" bw="1" slack="2147483647"/>
</pin_list>
<bind>
<StgValue><ssdm name=""/></StgValue>
</bind>
</comp>

<comp id="202" class="1001" name="const_202">
<pin_list>
<pin id="203" dir="1" index="0" bw="1" slack="2147483647"/>
</pin_list>
<bind>
<StgValue><ssdm name=""/></StgValue>
</bind>
</comp>

<comp id="204" class="1001" name="const_204">
<pin_list>
<pin id="205" dir="1" index="0" bw="1" slack="2147483647"/>
</pin_list>
<bind>
<StgValue><ssdm name=""/></StgValue>
</bind>
</comp>

<comp id="206" class="1001" name="const_206">
<pin_list>
<pin id="207" dir="1" index="0" bw="1" slack="2147483647"/>
</pin_list>
<bind>
<StgValue><ssdm name=""/></StgValue>
</bind>
</comp>

<comp id="208" class="1001" name="const_208">
<pin_list>
<pin id="209" dir="1" index="0" bw="1" slack="2147483647"/>
</pin_list>
<bind>
<StgValue><ssdm name=""/></StgValue>
</bind>
</comp>

<comp id="210" class="1001" name="const_210">
<pin_list>
<pin id="211" dir="1" index="0" bw="1" slack="2147483647"/>
</pin_list>
<bind>
<StgValue><ssdm name=""/></StgValue>
</bind>
</comp>

<comp id="212" class="1001" name="const_212">
<pin_list>
<pin id="213" dir="1" index="0" bw="1" slack="2147483647"/>
</pin_list>
<bind>
<StgValue><ssdm name=""/></StgValue>
</bind>
</comp>

<comp id="214" class="1001" name="const_214">
<pin_list>
<pin id="215" dir="1" index="0" bw="1" slack="2147483647"/>
</pin_list>
<bind>
<StgValue><ssdm name=""/></StgValue>
</bind>
</comp>

<comp id="216" class="1001" name="const_216">
<pin_list>
<pin id="217" dir="1" index="0" bw="1" slack="2147483647"/>
</pin_list>
<bind>
<StgValue><ssdm name=""/></StgValue>
</bind>
</comp>

<comp id="218" class="1001" name="const_218">
<pin_list>
<pin id="219" dir="1" index="0" bw="1" slack="2147483647"/>
</pin_list>
<bind>
<StgValue><ssdm name=""/></StgValue>
</bind>
</comp>

<comp id="220" class="1001" name="const_220">
<pin_list>
<pin id="221" dir="1" index="0" bw="1" slack="2147483647"/>
</pin_list>
<bind>
<StgValue><ssdm name=""/></StgValue>
</bind>
</comp>

<comp id="222" class="1001" name="const_222">
<pin_list>
<pin id="223" dir="1" index="0" bw="1" slack="2147483647"/>
</pin_list>
<bind>
<StgValue><ssdm name=""/></StgValue>
</bind>
</comp>

<comp id="224" class="1001" name="const_224">
<pin_list>
<pin id="225" dir="1" index="0" bw="1" slack="2147483647"/>
</pin_list>
<bind>
<StgValue><ssdm name=""/></StgValue>
</bind>
</comp>

<comp id="226" class="1001" name="const_226">
<pin_list>
<pin id="227" dir="1" index="0" bw="1" slack="2147483647"/>
</pin_list>
<bind>
<StgValue><ssdm name=""/></StgValue>
</bind>
</comp>

<comp id="228" class="1001" name="const_228">
<pin_list>
<pin id="229" dir="1" index="0" bw="1" slack="2147483647"/>
</pin_list>
<bind>
<StgValue><ssdm name=""/></StgValue>
</bind>
</comp>

<comp id="230" class="1001" name="const_230">
<pin_list>
<pin id="231" dir="1" index="0" bw="1" slack="2147483647"/>
</pin_list>
<bind>
<StgValue><ssdm name=""/></StgValue>
</bind>
</comp>

<comp id="232" class="1001" name="const_232">
<pin_list>
<pin id="233" dir="1" index="0" bw="1" slack="2147483647"/>
</pin_list>
<bind>
<StgValue><ssdm name=""/></StgValue>
</bind>
</comp>

<comp id="234" class="1001" name="const_234">
<pin_list>
<pin id="235" dir="1" index="0" bw="1" slack="2147483647"/>
</pin_list>
<bind>
<StgValue><ssdm name=""/></StgValue>
</bind>
</comp>

<comp id="236" class="1001" name="const_236">
<pin_list>
<pin id="237" dir="1" index="0" bw="1" slack="2147483647"/>
</pin_list>
<bind>
<StgValue><ssdm name=""/></StgValue>
</bind>
</comp>

<comp id="238" class="1001" name="const_238">
<pin_list>
<pin id="239" dir="1" index="0" bw="1" slack="2147483647"/>
</pin_list>
<bind>
<StgValue><ssdm name=""/></StgValue>
</bind>
</comp>

<comp id="240" class="1001" name="const_240">
<pin_list>
<pin id="241" dir="1" index="0" bw="1" slack="2147483647"/>
</pin_list>
<bind>
<StgValue><ssdm name=""/></StgValue>
</bind>
</comp>

<comp id="242" class="1001" name="const_242">
<pin_list>
<pin id="243" dir="1" index="0" bw="1" slack="2147483647"/>
</pin_list>
<bind>
<StgValue><ssdm name=""/></StgValue>
</bind>
</comp>

<comp id="244" class="1001" name="const_244">
<pin_list>
<pin id="245" dir="1" index="0" bw="1" slack="2147483647"/>
</pin_list>
<bind>
<StgValue><ssdm name=""/></StgValue>
</bind>
</comp>

<comp id="246" class="1001" name="const_246">
<pin_list>
<pin id="247" dir="1" index="0" bw="1" slack="2147483647"/>
</pin_list>
<bind>
<StgValue><ssdm name=""/></StgValue>
</bind>
</comp>

<comp id="248" class="1001" name="const_248">
<pin_list>
<pin id="249" dir="1" index="0" bw="1" slack="2147483647"/>
</pin_list>
<bind>
<StgValue><ssdm name=""/></StgValue>
</bind>
</comp>

<comp id="250" class="1001" name="const_250">
<pin_list>
<pin id="251" dir="1" index="0" bw="1" slack="2147483647"/>
</pin_list>
<bind>
<StgValue><ssdm name=""/></StgValue>
</bind>
</comp>

<comp id="252" class="1001" name="const_252">
<pin_list>
<pin id="253" dir="1" index="0" bw="1" slack="2147483647"/>
</pin_list>
<bind>
<StgValue><ssdm name=""/></StgValue>
</bind>
</comp>

<comp id="254" class="1001" name="const_254">
<pin_list>
<pin id="255" dir="1" index="0" bw="1" slack="2147483647"/>
</pin_list>
<bind>
<StgValue><ssdm name=""/></StgValue>
</bind>
</comp>

<comp id="256" class="1001" name="const_256">
<pin_list>
<pin id="257" dir="1" index="0" bw="1" slack="2147483647"/>
</pin_list>
<bind>
<StgValue><ssdm name=""/></StgValue>
</bind>
</comp>

<comp id="258" class="1001" name="const_258">
<pin_list>
<pin id="259" dir="1" index="0" bw="1" slack="2147483647"/>
</pin_list>
<bind>
<StgValue><ssdm name=""/></StgValue>
</bind>
</comp>

<comp id="260" class="1001" name="const_260">
<pin_list>
<pin id="261" dir="1" index="0" bw="1" slack="2147483647"/>
</pin_list>
<bind>
<StgValue><ssdm name=""/></StgValue>
</bind>
</comp>

<comp id="262" class="1001" name="const_262">
<pin_list>
<pin id="263" dir="1" index="0" bw="1" slack="2147483647"/>
</pin_list>
<bind>
<StgValue><ssdm name=""/></StgValue>
</bind>
</comp>

<comp id="264" class="1001" name="const_264">
<pin_list>
<pin id="265" dir="1" index="0" bw="1" slack="2147483647"/>
</pin_list>
<bind>
<StgValue><ssdm name=""/></StgValue>
</bind>
</comp>

<comp id="266" class="1001" name="const_266">
<pin_list>
<pin id="267" dir="1" index="0" bw="1" slack="2147483647"/>
</pin_list>
<bind>
<StgValue><ssdm name=""/></StgValue>
</bind>
</comp>

<comp id="268" class="1001" name="const_268">
<pin_list>
<pin id="269" dir="1" index="0" bw="1" slack="2147483647"/>
</pin_list>
<bind>
<StgValue><ssdm name=""/></StgValue>
</bind>
</comp>

<comp id="270" class="1001" name="const_270">
<pin_list>
<pin id="271" dir="1" index="0" bw="1" slack="2147483647"/>
</pin_list>
<bind>
<StgValue><ssdm name=""/></StgValue>
</bind>
</comp>

<comp id="272" class="1001" name="const_272">
<pin_list>
<pin id="273" dir="1" index="0" bw="1" slack="2147483647"/>
</pin_list>
<bind>
<StgValue><ssdm name=""/></StgValue>
</bind>
</comp>

<comp id="274" class="1001" name="const_274">
<pin_list>
<pin id="275" dir="1" index="0" bw="1" slack="2147483647"/>
</pin_list>
<bind>
<StgValue><ssdm name=""/></StgValue>
</bind>
</comp>

<comp id="276" class="1001" name="const_276">
<pin_list>
<pin id="277" dir="1" index="0" bw="1" slack="2147483647"/>
</pin_list>
<bind>
<StgValue><ssdm name=""/></StgValue>
</bind>
</comp>

<comp id="278" class="1001" name="const_278">
<pin_list>
<pin id="279" dir="1" index="0" bw="1" slack="2147483647"/>
</pin_list>
<bind>
<StgValue><ssdm name=""/></StgValue>
</bind>
</comp>

<comp id="280" class="1001" name="const_280">
<pin_list>
<pin id="281" dir="1" index="0" bw="1" slack="0"/>
</pin_list>
<bind>
<StgValue><ssdm name="_ssdm_op_SparseMux.ap_auto.4i32.i32.i2"/></StgValue>
</bind>
</comp>

<comp id="282" class="1001" name="const_282">
<pin_list>
<pin id="283" dir="1" index="0" bw="1" slack="0"/>
</pin_list>
<bind>
<StgValue><ssdm name=""/></StgValue>
</bind>
</comp>

<comp id="284" class="1001" name="const_284">
<pin_list>
<pin id="285" dir="1" index="0" bw="1" slack="0"/>
</pin_list>
<bind>
<StgValue><ssdm name=""/></StgValue>
</bind>
</comp>

<comp id="286" class="1001" name="const_286">
<pin_list>
<pin id="287" dir="1" index="0" bw="1" slack="0"/>
</pin_list>
<bind>
<StgValue><ssdm name=""/></StgValue>
</bind>
</comp>

<comp id="288" class="1001" name="const_288">
<pin_list>
<pin id="289" dir="1" index="0" bw="1" slack="0"/>
</pin_list>
<bind>
<StgValue><ssdm name=""/></StgValue>
</bind>
</comp>

<comp id="290" class="1001" name="const_290">
<pin_list>
<pin id="291" dir="1" index="0" bw="1" slack="0"/>
</pin_list>
<bind>
<StgValue><ssdm name=""/></StgValue>
</bind>
</comp>

<comp id="292" class="1001" name="const_292">
<pin_list>
<pin id="293" dir="1" index="0" bw="1" slack="2147483647"/>
</pin_list>
<bind>
<StgValue><ssdm name="_ssdm_op_SpecPipeline"/></StgValue>
</bind>
</comp>

<comp id="294" class="1001" name="const_294">
<pin_list>
<pin id="295" dir="1" index="0" bw="1" slack="2147483647"/>
</pin_list>
<bind>
<StgValue><ssdm name=""/></StgValue>
</bind>
</comp>

<comp id="296" class="1001" name="const_296">
<pin_list>
<pin id="297" dir="1" index="0" bw="1" slack="0"/>
</pin_list>
<bind>
<StgValue><ssdm name=""/></StgValue>
</bind>
</comp>

<comp id="298" class="1001" name="const_298">
<pin_list>
<pin id="299" dir="1" index="0" bw="1" slack="2147483647"/>
</pin_list>
<bind>
<StgValue><ssdm name="empty_1"/></StgValue>
</bind>
</comp>

<comp id="300" class="1001" name="const_300">
<pin_list>
<pin id="301" dir="1" index="0" bw="1" slack="2147483647"/>
</pin_list>
<bind>
<StgValue><ssdm name="_ssdm_op_SpecLoopTripCount"/></StgValue>
</bind>
</comp>

<comp id="302" class="1001" name="const_302">
<pin_list>
<pin id="303" dir="1" index="0" bw="1" slack="2147483647"/>
</pin_list>
<bind>
<StgValue><ssdm name=""/></StgValue>
</bind>
</comp>

<comp id="304" class="1001" name="const_304">
<pin_list>
<pin id="305" dir="1" index="0" bw="1" slack="2147483647"/>
</pin_list>
<bind>
<StgValue><ssdm name="_ssdm_op_SpecLoopName"/></StgValue>
</bind>
</comp>

<comp id="306" class="1001" name="const_306">
<pin_list>
<pin id="307" dir="1" index="0" bw="1" slack="2147483647"/>
</pin_list>
<bind>
<StgValue><ssdm name="empty_9"/></StgValue>
</bind>
</comp>

<comp id="308" class="1001" name="const_308">
<pin_list>
<pin id="309" dir="1" index="0" bw="1" slack="0"/>
</pin_list>
<bind>
<StgValue><ssdm name=""/></StgValue>
</bind>
</comp>

<comp id="310" class="1001" name="const_310">
<pin_list>
<pin id="311" dir="1" index="0" bw="1" slack="0"/>
</pin_list>
<bind>
<StgValue><ssdm name="_ssdm_op_Write.ap_auto.i32P0A"/></StgValue>
</bind>
</comp>

<comp id="312" class="1004" name="i_fu_312">
<pin_list>
<pin id="313" dir="0" index="0" bw="1" slack="0"/>
<pin id="314" dir="1" index="1" bw="8" slack="0"/>
</pin_list>
<bind>
<opcode="alloca(26) " fcode="alloca"/>
<opset="i/1 "/>
</bind>
</comp>

<comp id="316" class="1004" name="a_2_fu_316">
<pin_list>
<pin id="317" dir="0" index="0" bw="1" slack="0"/>
<pin id="318" dir="1" index="1" bw="32" slack="1"/>
</pin_list>
<bind>
<opcode="alloca(26) " fcode="alloca"/>
<opset="a_2/1 "/>
</bind>
</comp>

<comp id="320" class="1004" name="write_ln0_write_fu_320">
<pin_list>
<pin id="321" dir="0" index="0" bw="0" slack="0"/>
<pin id="322" dir="0" index="1" bw="32" slack="0"/>
<pin id="323" dir="0" index="2" bw="32" slack="0"/>
<pin id="324" dir="1" index="3" bw="0" slack="2147483647"/>
</pin_list>
<bind>
<opcode="write(1151) " fcode="write"/>
<opset="write_ln0/2 "/>
</bind>
</comp>

<comp id="327" class="1004" name="layer2_activations_addr_gep_fu_327">
<pin_list>
<pin id="328" dir="0" index="0" bw="32" slack="0"/>
<pin id="329" dir="0" index="1" bw="1" slack="0"/>
<pin id="330" dir="0" index="2" bw="5" slack="0"/>
<pin id="331" dir="1" index="3" bw="5" slack="0"/>
</pin_list>
<bind>
<opcode="getelementptr(29) " fcode="getelementptr"/>
<opset="layer2_activations_addr/1 "/>
</bind>
</comp>

<comp id="334" class="1004" name="layer2_activations_4_addr_gep_fu_334">
<pin_list>
<pin id="335" dir="0" index="0" bw="32" slack="0"/>
<pin id="336" dir="0" index="1" bw="1" slack="0"/>
<pin id="337" dir="0" index="2" bw="5" slack="0"/>
<pin id="338" dir="1" index="3" bw="5" slack="0"/>
</pin_list>
<bind>
<opcode="getelementptr(29) " fcode="getelementptr"/>
<opset="layer2_activations_4_addr/1 "/>
</bind>
</comp>

<comp id="341" class="1004" name="layer2_activations_5_addr_gep_fu_341">
<pin_list>
<pin id="342" dir="0" index="0" bw="32" slack="0"/>
<pin id="343" dir="0" index="1" bw="1" slack="0"/>
<pin id="344" dir="0" index="2" bw="5" slack="0"/>
<pin id="345" dir="1" index="3" bw="5" slack="0"/>
</pin_list>
<bind>
<opcode="getelementptr(29) " fcode="getelementptr"/>
<opset="layer2_activations_5_addr/1 "/>
</bind>
</comp>

<comp id="348" class="1004" name="layer2_activations_6_addr_gep_fu_348">
<pin_list>
<pin id="349" dir="0" index="0" bw="32" slack="0"/>
<pin id="350" dir="0" index="1" bw="1" slack="0"/>
<pin id="351" dir="0" index="2" bw="5" slack="0"/>
<pin id="352" dir="1" index="3" bw="5" slack="0"/>
</pin_list>
<bind>
<opcode="getelementptr(29) " fcode="getelementptr"/>
<opset="layer2_activations_6_addr/1 "/>
</bind>
</comp>

<comp id="355" class="1004" name="grp_access_fu_355">
<pin_list>
<pin id="356" dir="0" index="0" bw="5" slack="0"/>
<pin id="357" dir="0" index="1" bw="32" slack="2147483647"/>
<pin id="358" dir="0" index="2" bw="0" slack="2147483647"/>
<pin id="359" dir="1" index="3" bw="32" slack="0"/>
</pin_list>
<bind>
<opcode="load(27) " fcode="load"/>
<opset="layer2_activations_load/1 "/>
</bind>
</comp>

<comp id="361" class="1004" name="grp_access_fu_361">
<pin_list>
<pin id="362" dir="0" index="0" bw="5" slack="0"/>
<pin id="363" dir="0" index="1" bw="32" slack="2147483647"/>
<pin id="364" dir="0" index="2" bw="0" slack="2147483647"/>
<pin id="365" dir="1" index="3" bw="32" slack="0"/>
</pin_list>
<bind>
<opcode="load(27) " fcode="load"/>
<opset="layer2_activations_4_load/1 "/>
</bind>
</comp>

<comp id="367" class="1004" name="grp_access_fu_367">
<pin_list>
<pin id="368" dir="0" index="0" bw="5" slack="0"/>
<pin id="369" dir="0" index="1" bw="32" slack="2147483647"/>
<pin id="370" dir="0" index="2" bw="0" slack="2147483647"/>
<pin id="371" dir="1" index="3" bw="32" slack="0"/>
</pin_list>
<bind>
<opcode="load(27) " fcode="load"/>
<opset="layer2_activations_5_load/1 "/>
</bind>
</comp>

<comp id="373" class="1004" name="grp_access_fu_373">
<pin_list>
<pin id="374" dir="0" index="0" bw="5" slack="0"/>
<pin id="375" dir="0" index="1" bw="32" slack="2147483647"/>
<pin id="376" dir="0" index="2" bw="0" slack="2147483647"/>
<pin id="377" dir="1" index="3" bw="32" slack="0"/>
</pin_list>
<bind>
<opcode="load(27) " fcode="load"/>
<opset="layer2_activations_6_load/1 "/>
</bind>
</comp>

<comp id="379" class="1004" name="store_ln129_store_fu_379">
<pin_list>
<pin id="380" dir="0" index="0" bw="1" slack="0"/>
<pin id="381" dir="0" index="1" bw="8" slack="0"/>
<pin id="382" dir="1" index="2" bw="0" slack="2147483647"/>
</pin_list>
<bind>
<opcode="store(28) " fcode="store"/>
<opset="store_ln129/1 "/>
</bind>
</comp>

<comp id="384" class="1004" name="i_4_load_fu_384">
<pin_list>
<pin id="385" dir="0" index="0" bw="8" slack="0"/>
<pin id="386" dir="1" index="1" bw="8" slack="0"/>
</pin_list>
<bind>
<opcode="load(27) " fcode="load"/>
<opset="i_4/1 "/>
</bind>
</comp>

<comp id="387" class="1004" name="icmp_ln129_fu_387">
<pin_list>
<pin id="388" dir="0" index="0" bw="8" slack="0"/>
<pin id="389" dir="0" index="1" bw="8" slack="0"/>
<pin id="390" dir="1" index="2" bw="1" slack="1"/>
</pin_list>
<bind>
<opcode="icmp(45) " fcode="icmp"/>
<opset="icmp_ln129/1 "/>
</bind>
</comp>

<comp id="393" class="1004" name="add_ln129_fu_393">
<pin_list>
<pin id="394" dir="0" index="0" bw="8" slack="0"/>
<pin id="395" dir="0" index="1" bw="1" slack="0"/>
<pin id="396" dir="1" index="2" bw="8" slack="0"/>
</pin_list>
<bind>
<opcode="add(8) " fcode="add"/>
<opset="add_ln129/1 "/>
</bind>
</comp>

<comp id="399" class="1004" name="trunc_ln129_fu_399">
<pin_list>
<pin id="400" dir="0" index="0" bw="8" slack="0"/>
<pin id="401" dir="1" index="1" bw="2" slack="1"/>
</pin_list>
<bind>
<opcode="trunc(33) " fcode="trunc"/>
<opset="trunc_ln129/1 "/>
</bind>
</comp>

<comp id="403" class="1004" name="trunc_ln129_1_fu_403">
<pin_list>
<pin id="404" dir="0" index="0" bw="8" slack="0"/>
<pin id="405" dir="1" index="1" bw="7" slack="2"/>
</pin_list>
<bind>
<opcode="trunc(33) " fcode="trunc"/>
<opset="trunc_ln129_1/1 "/>
</bind>
</comp>

<comp id="407" class="1004" name="lshr_ln4_fu_407">
<pin_list>
<pin id="408" dir="0" index="0" bw="5" slack="0"/>
<pin id="409" dir="0" index="1" bw="8" slack="0"/>
<pin id="410" dir="0" index="2" bw="3" slack="0"/>
<pin id="411" dir="0" index="3" bw="4" slack="0"/>
<pin id="412" dir="1" index="4" bw="5" slack="0"/>
</pin_list>
<bind>
<opcode="partselect(1002) " fcode="partselect"/>
<opset="lshr_ln4/1 "/>
</bind>
</comp>

<comp id="417" class="1004" name="zext_ln129_fu_417">
<pin_list>
<pin id="418" dir="0" index="0" bw="5" slack="0"/>
<pin id="419" dir="1" index="1" bw="64" slack="0"/>
</pin_list>
<bind>
<opcode="zext(34) " fcode="zext"/>
<opset="zext_ln129/1 "/>
</bind>
</comp>

<comp id="425" class="1004" name="store_ln129_store_fu_425">
<pin_list>
<pin id="426" dir="0" index="0" bw="8" slack="0"/>
<pin id="427" dir="0" index="1" bw="8" slack="0"/>
<pin id="428" dir="1" index="2" bw="0" slack="2147483647"/>
</pin_list>
<bind>
<opcode="store(28) " fcode="store"/>
<opset="store_ln129/1 "/>
</bind>
</comp>

<comp id="430" class="1004" name="x_2_fu_430">
<pin_list>
<pin id="431" dir="0" index="0" bw="32" slack="0"/>
<pin id="432" dir="0" index="1" bw="2" slack="0"/>
<pin id="433" dir="0" index="2" bw="32" slack="0"/>
<pin id="434" dir="0" index="3" bw="2" slack="0"/>
<pin id="435" dir="0" index="4" bw="32" slack="0"/>
<pin id="436" dir="0" index="5" bw="2" slack="0"/>
<pin id="437" dir="0" index="6" bw="32" slack="0"/>
<pin id="438" dir="0" index="7" bw="2" slack="0"/>
<pin id="439" dir="0" index="8" bw="32" slack="0"/>
<pin id="440" dir="0" index="9" bw="32" slack="0"/>
<pin id="441" dir="0" index="10" bw="2" slack="1"/>
<pin id="442" dir="1" index="11" bw="32" slack="1"/>
</pin_list>
<bind>
<opcode="sparsemux(1197) " fcode="sparsemux"/>
<opset="x_2/2 "/>
</bind>
</comp>

<comp id="453" class="1004" name="icmp_ln40_fu_453">
<pin_list>
<pin id="454" dir="0" index="0" bw="32" slack="1"/>
<pin id="455" dir="0" index="1" bw="1" slack="0"/>
<pin id="456" dir="1" index="2" bw="1" slack="0"/>
</pin_list>
<bind>
<opcode="icmp(45) " fcode="icmp"/>
<opset="icmp_ln40/3 "/>
</bind>
</comp>

<comp id="458" class="1004" name="select_ln132_fu_458">
<pin_list>
<pin id="459" dir="0" index="0" bw="1" slack="0"/>
<pin id="460" dir="0" index="1" bw="1" slack="0"/>
<pin id="461" dir="0" index="2" bw="10" slack="0"/>
<pin id="462" dir="1" index="3" bw="32" slack="0"/>
</pin_list>
<bind>
<opcode="select(49) " fcode="select"/>
<opset="select_ln132/3 "/>
</bind>
</comp>

<comp id="466" class="1004" name="store_ln132_store_fu_466">
<pin_list>
<pin id="467" dir="0" index="0" bw="10" slack="0"/>
<pin id="468" dir="0" index="1" bw="32" slack="2"/>
<pin id="469" dir="1" index="2" bw="0" slack="2147483647"/>
</pin_list>
<bind>
<opcode="store(28) " fcode="store"/>
<opset="store_ln132/3 "/>
</bind>
</comp>

<comp id="471" class="1004" name="a_2_load_load_fu_471">
<pin_list>
<pin id="472" dir="0" index="0" bw="32" slack="1"/>
<pin id="473" dir="1" index="1" bw="32" slack="0"/>
</pin_list>
<bind>
<opcode="load(27) " fcode="load"/>
<opset="a_2_load/2 "/>
</bind>
</comp>

<comp id="475" class="1005" name="i_reg_475">
<pin_list>
<pin id="476" dir="0" index="0" bw="8" slack="0"/>
<pin id="477" dir="1" index="1" bw="8" slack="0"/>
</pin_list>
<bind>
<opset="i "/>
</bind>
</comp>

<comp id="482" class="1005" name="a_2_reg_482">
<pin_list>
<pin id="483" dir="0" index="0" bw="32" slack="1"/>
<pin id="484" dir="1" index="1" bw="32" slack="1"/>
</pin_list>
<bind>
<opset="a_2 "/>
</bind>
</comp>

<comp id="488" class="1005" name="icmp_ln129_reg_488">
<pin_list>
<pin id="489" dir="0" index="0" bw="1" slack="1"/>
<pin id="490" dir="1" index="1" bw="1" slack="2147483647"/>
</pin_list>
<bind>
<opset="icmp_ln129 "/>
</bind>
</comp>

<comp id="492" class="1005" name="trunc_ln129_reg_492">
<pin_list>
<pin id="493" dir="0" index="0" bw="2" slack="1"/>
<pin id="494" dir="1" index="1" bw="2" slack="1"/>
</pin_list>
<bind>
<opset="trunc_ln129 "/>
</bind>
</comp>

<comp id="497" class="1005" name="trunc_ln129_1_reg_497">
<pin_list>
<pin id="498" dir="0" index="0" bw="7" slack="2"/>
<pin id="499" dir="1" index="1" bw="7" slack="2147483647"/>
</pin_list>
<bind>
<opset="trunc_ln129_1 "/>
</bind>
</comp>

<comp id="501" class="1005" name="layer2_activations_addr_reg_501">
<pin_list>
<pin id="502" dir="0" index="0" bw="5" slack="1"/>
<pin id="503" dir="1" index="1" bw="5" slack="1"/>
</pin_list>
<bind>
<opset="layer2_activations_addr "/>
</bind>
</comp>

<comp id="506" class="1005" name="layer2_activations_4_addr_reg_506">
<pin_list>
<pin id="507" dir="0" index="0" bw="5" slack="1"/>
<pin id="508" dir="1" index="1" bw="5" slack="1"/>
</pin_list>
<bind>
<opset="layer2_activations_4_addr "/>
</bind>
</comp>

<comp id="511" class="1005" name="layer2_activations_5_addr_reg_511">
<pin_list>
<pin id="512" dir="0" index="0" bw="5" slack="1"/>
<pin id="513" dir="1" index="1" bw="5" slack="1"/>
</pin_list>
<bind>
<opset="layer2_activations_5_addr "/>
</bind>
</comp>

<comp id="516" class="1005" name="layer2_activations_6_addr_reg_516">
<pin_list>
<pin id="517" dir="0" index="0" bw="5" slack="1"/>
<pin id="518" dir="1" index="1" bw="5" slack="1"/>
</pin_list>
<bind>
<opset="layer2_activations_6_addr "/>
</bind>
</comp>

<comp id="521" class="1005" name="x_2_reg_521">
<pin_list>
<pin id="522" dir="0" index="0" bw="32" slack="1"/>
<pin id="523" dir="1" index="1" bw="32" slack="1"/>
</pin_list>
<bind>
<opset="x_2 "/>
</bind>
</comp>

</comp_list>

<net_list>
<net id="315"><net_src comp="10" pin="0"/><net_sink comp="312" pin=0"/></net>

<net id="319"><net_src comp="10" pin="0"/><net_sink comp="316" pin=0"/></net>

<net id="325"><net_src comp="310" pin="0"/><net_sink comp="320" pin=0"/></net>

<net id="326"><net_src comp="8" pin="0"/><net_sink comp="320" pin=1"/></net>

<net id="332"><net_src comp="0" pin="0"/><net_sink comp="327" pin=0"/></net>

<net id="333"><net_src comp="24" pin="0"/><net_sink comp="327" pin=1"/></net>

<net id="339"><net_src comp="2" pin="0"/><net_sink comp="334" pin=0"/></net>

<net id="340"><net_src comp="24" pin="0"/><net_sink comp="334" pin=1"/></net>

<net id="346"><net_src comp="4" pin="0"/><net_sink comp="341" pin=0"/></net>

<net id="347"><net_src comp="24" pin="0"/><net_sink comp="341" pin=1"/></net>

<net id="353"><net_src comp="6" pin="0"/><net_sink comp="348" pin=0"/></net>

<net id="354"><net_src comp="24" pin="0"/><net_sink comp="348" pin=1"/></net>

<net id="360"><net_src comp="327" pin="3"/><net_sink comp="355" pin=0"/></net>

<net id="366"><net_src comp="334" pin="3"/><net_sink comp="361" pin=0"/></net>

<net id="372"><net_src comp="341" pin="3"/><net_sink comp="367" pin=0"/></net>

<net id="378"><net_src comp="348" pin="3"/><net_sink comp="373" pin=0"/></net>

<net id="383"><net_src comp="12" pin="0"/><net_sink comp="379" pin=0"/></net>

<net id="391"><net_src comp="384" pin="1"/><net_sink comp="387" pin=0"/></net>

<net id="392"><net_src comp="14" pin="0"/><net_sink comp="387" pin=1"/></net>

<net id="397"><net_src comp="384" pin="1"/><net_sink comp="393" pin=0"/></net>

<net id="398"><net_src comp="16" pin="0"/><net_sink comp="393" pin=1"/></net>

<net id="402"><net_src comp="384" pin="1"/><net_sink comp="399" pin=0"/></net>

<net id="406"><net_src comp="384" pin="1"/><net_sink comp="403" pin=0"/></net>

<net id="413"><net_src comp="18" pin="0"/><net_sink comp="407" pin=0"/></net>

<net id="414"><net_src comp="384" pin="1"/><net_sink comp="407" pin=1"/></net>

<net id="415"><net_src comp="20" pin="0"/><net_sink comp="407" pin=2"/></net>

<net id="416"><net_src comp="22" pin="0"/><net_sink comp="407" pin=3"/></net>

<net id="420"><net_src comp="407" pin="4"/><net_sink comp="417" pin=0"/></net>

<net id="421"><net_src comp="417" pin="1"/><net_sink comp="327" pin=2"/></net>

<net id="422"><net_src comp="417" pin="1"/><net_sink comp="334" pin=2"/></net>

<net id="423"><net_src comp="417" pin="1"/><net_sink comp="341" pin=2"/></net>

<net id="424"><net_src comp="417" pin="1"/><net_sink comp="348" pin=2"/></net>

<net id="429"><net_src comp="393" pin="2"/><net_sink comp="425" pin=0"/></net>

<net id="443"><net_src comp="280" pin="0"/><net_sink comp="430" pin=0"/></net>

<net id="444"><net_src comp="282" pin="0"/><net_sink comp="430" pin=1"/></net>

<net id="445"><net_src comp="355" pin="3"/><net_sink comp="430" pin=2"/></net>

<net id="446"><net_src comp="284" pin="0"/><net_sink comp="430" pin=3"/></net>

<net id="447"><net_src comp="361" pin="3"/><net_sink comp="430" pin=4"/></net>

<net id="448"><net_src comp="286" pin="0"/><net_sink comp="430" pin=5"/></net>

<net id="449"><net_src comp="367" pin="3"/><net_sink comp="430" pin=6"/></net>

<net id="450"><net_src comp="288" pin="0"/><net_sink comp="430" pin=7"/></net>

<net id="451"><net_src comp="373" pin="3"/><net_sink comp="430" pin=8"/></net>

<net id="452"><net_src comp="290" pin="0"/><net_sink comp="430" pin=9"/></net>

<net id="457"><net_src comp="296" pin="0"/><net_sink comp="453" pin=1"/></net>

<net id="463"><net_src comp="453" pin="2"/><net_sink comp="458" pin=0"/></net>

<net id="464"><net_src comp="296" pin="0"/><net_sink comp="458" pin=1"/></net>

<net id="465"><net_src comp="308" pin="0"/><net_sink comp="458" pin=2"/></net>

<net id="470"><net_src comp="458" pin="3"/><net_sink comp="466" pin=0"/></net>

<net id="474"><net_src comp="471" pin="1"/><net_sink comp="320" pin=2"/></net>

<net id="478"><net_src comp="312" pin="1"/><net_sink comp="475" pin=0"/></net>

<net id="479"><net_src comp="475" pin="1"/><net_sink comp="379" pin=1"/></net>

<net id="480"><net_src comp="475" pin="1"/><net_sink comp="384" pin=0"/></net>

<net id="481"><net_src comp="475" pin="1"/><net_sink comp="425" pin=1"/></net>

<net id="485"><net_src comp="316" pin="1"/><net_sink comp="482" pin=0"/></net>

<net id="486"><net_src comp="482" pin="1"/><net_sink comp="466" pin=1"/></net>

<net id="487"><net_src comp="482" pin="1"/><net_sink comp="471" pin=0"/></net>

<net id="491"><net_src comp="387" pin="2"/><net_sink comp="488" pin=0"/></net>

<net id="495"><net_src comp="399" pin="1"/><net_sink comp="492" pin=0"/></net>

<net id="496"><net_src comp="492" pin="1"/><net_sink comp="430" pin=10"/></net>

<net id="500"><net_src comp="403" pin="1"/><net_sink comp="497" pin=0"/></net>

<net id="504"><net_src comp="327" pin="3"/><net_sink comp="501" pin=0"/></net>

<net id="505"><net_src comp="501" pin="1"/><net_sink comp="355" pin=0"/></net>

<net id="509"><net_src comp="334" pin="3"/><net_sink comp="506" pin=0"/></net>

<net id="510"><net_src comp="506" pin="1"/><net_sink comp="361" pin=0"/></net>

<net id="514"><net_src comp="341" pin="3"/><net_sink comp="511" pin=0"/></net>

<net id="515"><net_src comp="511" pin="1"/><net_sink comp="367" pin=0"/></net>

<net id="519"><net_src comp="348" pin="3"/><net_sink comp="516" pin=0"/></net>

<net id="520"><net_src comp="516" pin="1"/><net_sink comp="373" pin=0"/></net>

<net id="524"><net_src comp="430" pin="11"/><net_sink comp="521" pin=0"/></net>

<net id="525"><net_src comp="521" pin="1"/><net_sink comp="453" pin=0"/></net>

</net_list>

</model> 
---------------- Datapath Model END ------------------

* FSMD analyzer results:
  - Output states:
	Port: a_2_out | {2 }
 - Input state : 
	Port: feedforward_Pipeline_VITIS_LOOP_129_5 : layer2_activations | {1 2 }
	Port: feedforward_Pipeline_VITIS_LOOP_129_5 : layer2_activations_4 | {1 2 }
	Port: feedforward_Pipeline_VITIS_LOOP_129_5 : layer2_activations_5 | {1 2 }
	Port: feedforward_Pipeline_VITIS_LOOP_129_5 : layer2_activations_6 | {1 2 }
  - Chain level:
	State 1
		store_ln129 : 1
		i_4 : 1
		icmp_ln129 : 2
		add_ln129 : 2
		br_ln129 : 3
		trunc_ln129 : 2
		trunc_ln129_1 : 2
		lshr_ln4 : 2
		zext_ln129 : 3
		layer2_activations_addr : 4
		layer2_activations_4_addr : 4
		layer2_activations_5_addr : 4
		layer2_activations_6_addr : 4
		layer2_activations_load : 5
		layer2_activations_4_load : 5
		layer2_activations_5_load : 5
		layer2_activations_6_load : 5
		switch_ln132 : 3
		store_ln129 : 3
	State 2
		x_2 : 1
		write_ln0 : 1
	State 3
		select_ln132 : 1
		store_ln132 : 2


============================================================
+ Verbose Summary: Datapath Resource usage 
============================================================

* Functional unit list:
|----------|------------------------|---------|---------|
| Operation|     Functional Unit    |    FF   |   LUT   |
|----------|------------------------|---------|---------|
|   icmp   |    icmp_ln129_fu_387   |    0    |    15   |
|          |    icmp_ln40_fu_453    |    0    |    39   |
|----------|------------------------|---------|---------|
| sparsemux|       x_2_fu_430       |    0    |    20   |
|----------|------------------------|---------|---------|
|    add   |    add_ln129_fu_393    |    0    |    15   |
|----------|------------------------|---------|---------|
|  select  |   select_ln132_fu_458  |    0    |    10   |
|----------|------------------------|---------|---------|
|   write  | write_ln0_write_fu_320 |    0    |    0    |
|----------|------------------------|---------|---------|
|   trunc  |   trunc_ln129_fu_399   |    0    |    0    |
|          |  trunc_ln129_1_fu_403  |    0    |    0    |
|----------|------------------------|---------|---------|
|partselect|     lshr_ln4_fu_407    |    0    |    0    |
|----------|------------------------|---------|---------|
|   zext   |    zext_ln129_fu_417   |    0    |    0    |
|----------|------------------------|---------|---------|
|   Total  |                        |    0    |    99   |
|----------|------------------------|---------|---------|

Memories:
N/A

* Register list:
+---------------------------------+--------+
|                                 |   FF   |
+---------------------------------+--------+
|           a_2_reg_482           |   32   |
|            i_reg_475            |    8   |
|        icmp_ln129_reg_488       |    1   |
|layer2_activations_4_addr_reg_506|    5   |
|layer2_activations_5_addr_reg_511|    5   |
|layer2_activations_6_addr_reg_516|    5   |
| layer2_activations_addr_reg_501 |    5   |
|      trunc_ln129_1_reg_497      |    7   |
|       trunc_ln129_reg_492       |    2   |
|           x_2_reg_521           |   32   |
+---------------------------------+--------+
|              Total              |   102  |
+---------------------------------+--------+

* Multiplexer (MUX) list: 
|-------------------|------|------|------|--------||---------||---------||---------|
|        Comp       |  Pin | Size |  BW  | S x BW ||  Delay  ||    FF   ||   LUT   |
|-------------------|------|------|------|--------||---------||---------||---------|
| grp_access_fu_355 |  p0  |   2  |   5  |   10   ||    0    ||    9    |
| grp_access_fu_361 |  p0  |   2  |   5  |   10   ||    0    ||    9    |
| grp_access_fu_367 |  p0  |   2  |   5  |   10   ||    0    ||    9    |
| grp_access_fu_373 |  p0  |   2  |   5  |   10   ||    0    ||    9    |
|-------------------|------|------|------|--------||---------||---------||---------|
|       Total       |      |      |      |   40   ||  6.352  ||    0    ||    36   |
|-------------------|------|------|------|--------||---------||---------||---------|



* Summary:
+-----------+--------+--------+--------+
|           |  Delay |   FF   |   LUT  |
+-----------+--------+--------+--------+
|  Function |    -   |    0   |   99   |
|   Memory  |    -   |    -   |    -   |
|Multiplexer|    6   |    0   |   36   |
|  Register |    -   |   102  |    -   |
+-----------+--------+--------+--------+
|   Total   |    6   |   102  |   135  |
+-----------+--------+--------+--------+
