

================================================================
== Vitis HLS Report for 'feedforward_Pipeline_VITIS_LOOP_122_4'
================================================================
* Date:           Fri Jun 13 14:38:41 2025

* Version:        2024.2 (Build 5238294 on Nov  8 2024)
* Project:        bnn_hls
* Solution:       hls (Vivado IP Flow Target)
* Product family: zynq
* Target device:  xc7z020-clg400-1


================================================================
== Performance Estimates
================================================================
+ Timing: 
    * Summary: 
    +--------+----------+----------+------------+
    |  Clock |  Target  | Estimated| Uncertainty|
    +--------+----------+----------+------------+
    |ap_clk  |  10.00 ns|  5.806 ns|     2.70 ns|
    +--------+----------+----------+------------+

+ Latency: 
    * Summary: 
    +---------+---------+----------+----------+-----+-----+------------------------------------------------+
    |  Latency (cycles) |  Latency (absolute) |  Interval |                    Pipeline                    |
    |   min   |   max   |    min   |    max   | min | max |                      Type                      |
    +---------+---------+----------+----------+-----+-----+------------------------------------------------+
    |       35|       35|  0.350 us|  0.350 us|   33|   33|  loop auto-rewind stp (delay=0 clock cycles(s))|
    +---------+---------+----------+----------+-----+-----+------------------------------------------------+

    + Detail: 
        * Instance: 
        N/A

        * Loop: 
        +--------------------+---------+---------+----------+-----------+-----------+------+----------+
        |                    |  Latency (cycles) | Iteration|  Initiation Interval  | Trip |          |
        |      Loop Name     |   min   |   max   |  Latency |  achieved |   target  | Count| Pipelined|
        +--------------------+---------+---------+----------+-----------+-----------+------+----------+
        |- VITIS_LOOP_122_4  |       33|       33|         3|          1|          1|    32|       yes|
        +--------------------+---------+---------+----------+-----------+-----------+------+----------+

============================================================
+ Verbose Summary: Synthesis Manager
============================================================
InlineROM: 1
ExposeGlobal: 0
============================================================
+ Verbose Summary: CDFG Model
============================================================
IsTopModel: 0
ResetActiveHigh: 1
IsCombinational: 0
IsDatapathOnly: 0
HasWiredReturn: 1
HasMFsm: 2
HasVarLatency: 1
IsPipeline: 0
IsRtlPipelined: 0
IsInstanceOverlapped: 0
IsDontTouch: 0
HasImplIP: 0
IsGatedGlobalClock: 0

+ Individual pipeline summary: 
  * Pipeline-0: initiation interval (II) = 1, depth = 3


============================================================
+ Verbose Summary: Schedule
============================================================
* Number of FSM states : 3
* Pipeline : 1
  Pipeline-0 : II = 1, D = 3, States = { 1 2 3 }
* Dataflow Pipeline: 0

* FSM state transitions: 
1 --> 2 
2 --> 3 
3 --> 

* FSM state operations: 

State 1 <SV = 0> <Delay = 5.09>
ST_1 : Operation 6 [1/1] (0.00ns)   --->   "%i_3 = alloca i32 1" [bnn.cpp:122]   --->   Operation 6 'alloca' 'i_3' <Predicate = true> <Delay = 0.00>
ST_1 : Operation 7 [1/1] (1.58ns)   --->   "%store_ln122 = store i8 0, i8 %i_3" [bnn.cpp:122]   --->   Operation 7 'store' 'store_ln122' <Predicate = true> <Delay = 1.58>
ST_1 : Operation 8 [1/1] (0.00ns)   --->   "%br_ln0 = br void %for.body39"   --->   Operation 8 'br' 'br_ln0' <Predicate = true> <Delay = 0.00>
ST_1 : Operation 9 [1/1] (0.00ns)   --->   "%i = load i8 %i_3" [bnn.cpp:122]   --->   Operation 9 'load' 'i' <Predicate = true> <Delay = 0.00>
ST_1 : Operation 10 [1/1] (0.00ns)   --->   "%tmp = bitselect i1 @_ssdm_op_BitSelect.i1.i8.i32, i8 %i, i32 7" [bnn.cpp:122]   --->   Operation 10 'bitselect' 'tmp' <Predicate = true> <Delay = 0.00>
ST_1 : Operation 11 [1/1] (0.00ns)   --->   "%br_ln122 = br i1 %tmp, void %for.body39.split, void %for.inc62.preheader.exitStub" [bnn.cpp:122]   --->   Operation 11 'br' 'br_ln122' <Predicate = true> <Delay = 0.00>
ST_1 : Operation 12 [1/1] (0.00ns)   --->   "%lshr_ln3 = partselect i5 @_ssdm_op_PartSelect.i5.i8.i32.i32, i8 %i, i32 2, i32 6" [bnn.cpp:122]   --->   Operation 12 'partselect' 'lshr_ln3' <Predicate = (!tmp)> <Delay = 0.00>
ST_1 : Operation 13 [1/1] (0.00ns)   --->   "%zext_ln122 = zext i5 %lshr_ln3" [bnn.cpp:122]   --->   Operation 13 'zext' 'zext_ln122' <Predicate = (!tmp)> <Delay = 0.00>
ST_1 : Operation 14 [1/1] (0.00ns)   --->   "%layer2_activations_addr = getelementptr i32 %layer2_activations, i64 0, i64 %zext_ln122" [bnn.cpp:125]   --->   Operation 14 'getelementptr' 'layer2_activations_addr' <Predicate = (!tmp)> <Delay = 0.00>
ST_1 : Operation 15 [2/2] (3.25ns)   --->   "%layer2_activations_load = load i5 %layer2_activations_addr" [bnn.cpp:125]   --->   Operation 15 'load' 'layer2_activations_load' <Predicate = (!tmp)> <Delay = 3.25> <CoreInst = "RAM">   --->   Core 81 'RAM' <Latency = 1> <II = 1> <Delay = 3.25> <Storage> <Opcode : 'load' 'store'> <Ports = 2> <Width = 32> <Depth = 32> <RAM>
ST_1 : Operation 16 [1/1] (0.00ns)   --->   "%layer2_activations_4_addr = getelementptr i32 %layer2_activations_4, i64 0, i64 %zext_ln122" [bnn.cpp:125]   --->   Operation 16 'getelementptr' 'layer2_activations_4_addr' <Predicate = (!tmp)> <Delay = 0.00>
ST_1 : Operation 17 [1/1] (0.00ns)   --->   "%layer2_activations_5_addr = getelementptr i32 %layer2_activations_5, i64 0, i64 %zext_ln122" [bnn.cpp:125]   --->   Operation 17 'getelementptr' 'layer2_activations_5_addr' <Predicate = (!tmp)> <Delay = 0.00>
ST_1 : Operation 18 [1/1] (0.00ns)   --->   "%layer2_activations_6_addr = getelementptr i32 %layer2_activations_6, i64 0, i64 %zext_ln122" [bnn.cpp:125]   --->   Operation 18 'getelementptr' 'layer2_activations_6_addr' <Predicate = (!tmp)> <Delay = 0.00>
ST_1 : Operation 19 [2/2] (3.25ns)   --->   "%layer2_activations_4_load = load i5 %layer2_activations_4_addr" [bnn.cpp:125]   --->   Operation 19 'load' 'layer2_activations_4_load' <Predicate = (!tmp)> <Delay = 3.25> <CoreInst = "RAM">   --->   Core 81 'RAM' <Latency = 1> <II = 1> <Delay = 3.25> <Storage> <Opcode : 'load' 'store'> <Ports = 2> <Width = 32> <Depth = 32> <RAM>
ST_1 : Operation 20 [2/2] (3.25ns)   --->   "%layer2_activations_5_load = load i5 %layer2_activations_5_addr" [bnn.cpp:125]   --->   Operation 20 'load' 'layer2_activations_5_load' <Predicate = (!tmp)> <Delay = 3.25> <CoreInst = "RAM">   --->   Core 81 'RAM' <Latency = 1> <II = 1> <Delay = 3.25> <Storage> <Opcode : 'load' 'store'> <Ports = 2> <Width = 32> <Depth = 32> <RAM>
ST_1 : Operation 21 [2/2] (3.25ns)   --->   "%layer2_activations_6_load = load i5 %layer2_activations_6_addr" [bnn.cpp:125]   --->   Operation 21 'load' 'layer2_activations_6_load' <Predicate = (!tmp)> <Delay = 3.25> <CoreInst = "RAM">   --->   Core 81 'RAM' <Latency = 1> <II = 1> <Delay = 3.25> <Storage> <Opcode : 'load' 'store'> <Ports = 2> <Width = 32> <Depth = 32> <RAM>
ST_1 : Operation 22 [1/1] (1.91ns)   --->   "%add_ln122 = add i8 %i, i8 4" [bnn.cpp:122]   --->   Operation 22 'add' 'add_ln122' <Predicate = (!tmp)> <Delay = 1.91> <CoreInst = "Adder">   --->   Core 1 'Adder' <Latency = 0> <II = 1> <Delay = 1.91> <FuncUnit> <Opcode : 'add' 'sub'> <InPorts = 2> <OutPorts = 1>
ST_1 : Operation 23 [1/1] (1.58ns)   --->   "%store_ln122 = store i8 %add_ln122, i8 %i_3" [bnn.cpp:122]   --->   Operation 23 'store' 'store_ln122' <Predicate = (!tmp)> <Delay = 1.58>

State 2 <SV = 1> <Delay = 3.25>
ST_2 : Operation 24 [1/2] ( I:3.25ns O:3.25ns )   --->   "%layer2_activations_load = load i5 %layer2_activations_addr" [bnn.cpp:125]   --->   Operation 24 'load' 'layer2_activations_load' <Predicate = true> <Delay = 3.25> <CoreInst = "RAM">   --->   Core 81 'RAM' <Latency = 1> <II = 1> <Delay = 3.25> <Storage> <Opcode : 'load' 'store'> <Ports = 2> <Width = 32> <Depth = 32> <RAM>
ST_2 : Operation 25 [1/2] ( I:3.25ns O:3.25ns )   --->   "%layer2_activations_4_load = load i5 %layer2_activations_4_addr" [bnn.cpp:125]   --->   Operation 25 'load' 'layer2_activations_4_load' <Predicate = true> <Delay = 3.25> <CoreInst = "RAM">   --->   Core 81 'RAM' <Latency = 1> <II = 1> <Delay = 3.25> <Storage> <Opcode : 'load' 'store'> <Ports = 2> <Width = 32> <Depth = 32> <RAM>
ST_2 : Operation 26 [1/2] ( I:3.25ns O:3.25ns )   --->   "%layer2_activations_5_load = load i5 %layer2_activations_5_addr" [bnn.cpp:125]   --->   Operation 26 'load' 'layer2_activations_5_load' <Predicate = true> <Delay = 3.25> <CoreInst = "RAM">   --->   Core 81 'RAM' <Latency = 1> <II = 1> <Delay = 3.25> <Storage> <Opcode : 'load' 'store'> <Ports = 2> <Width = 32> <Depth = 32> <RAM>
ST_2 : Operation 27 [1/2] ( I:3.25ns O:3.25ns )   --->   "%layer2_activations_6_load = load i5 %layer2_activations_6_addr" [bnn.cpp:125]   --->   Operation 27 'load' 'layer2_activations_6_load' <Predicate = true> <Delay = 3.25> <CoreInst = "RAM">   --->   Core 81 'RAM' <Latency = 1> <II = 1> <Delay = 3.25> <Storage> <Opcode : 'load' 'store'> <Ports = 2> <Width = 32> <Depth = 32> <RAM>
ST_2 : Operation 44 [1/1] (1.58ns)   --->   "%ret_ln0 = ret"   --->   Operation 44 'ret' 'ret_ln0' <Predicate = (tmp)> <Delay = 1.58>

State 3 <SV = 2> <Delay = 5.80>
ST_3 : Operation 28 [1/1] (0.00ns)   --->   "%specpipeline_ln122 = specpipeline void @_ssdm_op_SpecPipeline, i32 4294967295, i32 0, i32 0, i32 0, void @empty_1" [bnn.cpp:122]   --->   Operation 28 'specpipeline' 'specpipeline_ln122' <Predicate = true> <Delay = 0.00>
ST_3 : Operation 29 [1/1] (0.00ns)   --->   "%speclooptripcount_ln122 = speclooptripcount void @_ssdm_op_SpecLoopTripCount, i64 32, i64 32, i64 32" [bnn.cpp:122]   --->   Operation 29 'speclooptripcount' 'speclooptripcount_ln122' <Predicate = true> <Delay = 0.00>
ST_3 : Operation 30 [1/1] (0.00ns)   --->   "%specloopname_ln122 = specloopname void @_ssdm_op_SpecLoopName, void @empty_10" [bnn.cpp:122]   --->   Operation 30 'specloopname' 'specloopname_ln122' <Predicate = true> <Delay = 0.00>
ST_3 : Operation 31 [1/1] (0.00ns) (grouped into LUT with out node add_ln125)   --->   "%shl_ln125 = shl i32 %layer2_activations_load, i32 1" [bnn.cpp:125]   --->   Operation 31 'shl' 'shl_ln125' <Predicate = true> <Delay = 0.00>
ST_3 : Operation 32 [1/1] (2.55ns) (out node of the LUT)   --->   "%add_ln125 = add i32 %shl_ln125, i32 4294766592" [bnn.cpp:125]   --->   Operation 32 'add' 'add_ln125' <Predicate = true> <Delay = 2.55> <CoreInst = "Adder">   --->   Core 1 'Adder' <Latency = 0> <II = 1> <Delay = 2.55> <FuncUnit> <Opcode : 'add' 'sub'> <InPorts = 2> <OutPorts = 1>
ST_3 : Operation 33 [1/1] (0.00ns) (grouped into LUT with out node add_ln125_1)   --->   "%shl_ln125_1 = shl i32 %layer2_activations_4_load, i32 1" [bnn.cpp:125]   --->   Operation 33 'shl' 'shl_ln125_1' <Predicate = true> <Delay = 0.00>
ST_3 : Operation 34 [1/1] (2.55ns) (out node of the LUT)   --->   "%add_ln125_1 = add i32 %shl_ln125_1, i32 4294766592" [bnn.cpp:125]   --->   Operation 34 'add' 'add_ln125_1' <Predicate = true> <Delay = 2.55> <CoreInst = "Adder">   --->   Core 1 'Adder' <Latency = 0> <II = 1> <Delay = 2.55> <FuncUnit> <Opcode : 'add' 'sub'> <InPorts = 2> <OutPorts = 1>
ST_3 : Operation 35 [1/1] (0.00ns) (grouped into LUT with out node add_ln125_2)   --->   "%shl_ln125_2 = shl i32 %layer2_activations_5_load, i32 1" [bnn.cpp:125]   --->   Operation 35 'shl' 'shl_ln125_2' <Predicate = true> <Delay = 0.00>
ST_3 : Operation 36 [1/1] (2.55ns) (out node of the LUT)   --->   "%add_ln125_2 = add i32 %shl_ln125_2, i32 4294766592" [bnn.cpp:125]   --->   Operation 36 'add' 'add_ln125_2' <Predicate = true> <Delay = 2.55> <CoreInst = "Adder">   --->   Core 1 'Adder' <Latency = 0> <II = 1> <Delay = 2.55> <FuncUnit> <Opcode : 'add' 'sub'> <InPorts = 2> <OutPorts = 1>
ST_3 : Operation 37 [1/1] (0.00ns) (grouped into LUT with out node add_ln125_3)   --->   "%shl_ln125_3 = shl i32 %layer2_activations_6_load, i32 1" [bnn.cpp:125]   --->   Operation 37 'shl' 'shl_ln125_3' <Predicate = true> <Delay = 0.00>
ST_3 : Operation 38 [1/1] (2.55ns) (out node of the LUT)   --->   "%add_ln125_3 = add i32 %shl_ln125_3, i32 4294766592" [bnn.cpp:125]   --->   Operation 38 'add' 'add_ln125_3' <Predicate = true> <Delay = 2.55> <CoreInst = "Adder">   --->   Core 1 'Adder' <Latency = 0> <II = 1> <Delay = 2.55> <FuncUnit> <Opcode : 'add' 'sub'> <InPorts = 2> <OutPorts = 1>
ST_3 : Operation 39 [1/1] ( I:3.25ns O:3.25ns )   --->   "%store_ln125 = store i32 %add_ln125, i5 %layer2_activations_addr" [bnn.cpp:125]   --->   Operation 39 'store' 'store_ln125' <Predicate = true> <Delay = 3.25> <CoreInst = "RAM">   --->   Core 81 'RAM' <Latency = 1> <II = 1> <Delay = 3.25> <Storage> <Opcode : 'load' 'store'> <Ports = 2> <Width = 32> <Depth = 32> <RAM>
ST_3 : Operation 40 [1/1] ( I:3.25ns O:3.25ns )   --->   "%store_ln125 = store i32 %add_ln125_1, i5 %layer2_activations_4_addr" [bnn.cpp:125]   --->   Operation 40 'store' 'store_ln125' <Predicate = true> <Delay = 3.25> <CoreInst = "RAM">   --->   Core 81 'RAM' <Latency = 1> <II = 1> <Delay = 3.25> <Storage> <Opcode : 'load' 'store'> <Ports = 2> <Width = 32> <Depth = 32> <RAM>
ST_3 : Operation 41 [1/1] ( I:3.25ns O:3.25ns )   --->   "%store_ln125 = store i32 %add_ln125_2, i5 %layer2_activations_5_addr" [bnn.cpp:125]   --->   Operation 41 'store' 'store_ln125' <Predicate = true> <Delay = 3.25> <CoreInst = "RAM">   --->   Core 81 'RAM' <Latency = 1> <II = 1> <Delay = 3.25> <Storage> <Opcode : 'load' 'store'> <Ports = 2> <Width = 32> <Depth = 32> <RAM>
ST_3 : Operation 42 [1/1] ( I:3.25ns O:3.25ns )   --->   "%store_ln125 = store i32 %add_ln125_3, i5 %layer2_activations_6_addr" [bnn.cpp:125]   --->   Operation 42 'store' 'store_ln125' <Predicate = true> <Delay = 3.25> <CoreInst = "RAM">   --->   Core 81 'RAM' <Latency = 1> <II = 1> <Delay = 3.25> <Storage> <Opcode : 'load' 'store'> <Ports = 2> <Width = 32> <Depth = 32> <RAM>
ST_3 : Operation 43 [1/1] (0.00ns)   --->   "%br_ln122 = br void %for.body39" [bnn.cpp:122]   --->   Operation 43 'br' 'br_ln122' <Predicate = true> <Delay = 0.00>


============================================================
+ Verbose Summary: Timing violations
============================================================
Target clock period: 10.000ns, clock uncertainty: 2.700ns.

 <State 1>: 5.091ns
The critical path consists of the following:
	'store' operation 0 bit ('store_ln122', bnn.cpp:122) of constant 0 on local variable 'i', bnn.cpp:122 [6]  (1.588 ns)
	'load' operation 8 bit ('i', bnn.cpp:122) on local variable 'i', bnn.cpp:122 [9]  (0.000 ns)
	'add' operation 8 bit ('add_ln122', bnn.cpp:122) [38]  (1.915 ns)
	'store' operation 0 bit ('store_ln122', bnn.cpp:122) of variable 'add_ln122', bnn.cpp:122 on local variable 'i', bnn.cpp:122 [39]  (1.588 ns)

 <State 2>: 3.254ns
The critical path consists of the following:
	'load' operation 32 bit ('layer2_activations_load', bnn.cpp:125) on array 'layer2_activations' [19]  (3.254 ns)

 <State 3>: 5.806ns
The critical path consists of the following:
	'shl' operation 32 bit ('shl_ln125', bnn.cpp:125) [20]  (0.000 ns)
	'add' operation 32 bit ('add_ln125', bnn.cpp:125) [21]  (2.552 ns)
	'store' operation 0 bit ('store_ln125', bnn.cpp:125) of variable 'add_ln125', bnn.cpp:125 on array 'layer2_activations' [34]  (3.254 ns)


============================================================
+ Verbose Summary: Binding
============================================================
N/A
* FSMD analyzer results:
  - Output states:
 - Input state : 
  - Chain level:
	State 1
	State 2
	State 3


============================================================
+ Verbose Summary: Datapath Resource usage 
============================================================
N/A
