

================================================================
== Vitis HLS Report for 'feedforward_Pipeline_VITIS_LOOP_48_12'
================================================================
* Date:           Fri Jun 13 14:38:47 2025

* Version:        2024.2 (Build 5238294 on Nov  8 2024)
* Project:        bnn_hls
* Solution:       hls (Vivado IP Flow Target)
* Product family: zynq
* Target device:  xc7z020-clg400-1


================================================================
== Performance Estimates
================================================================
+ Timing: 
    * Summary: 
    +--------+----------+----------+------------+
    |  Clock |  Target  | Estimated| Uncertainty|
    +--------+----------+----------+------------+
    |ap_clk  |  10.00 ns|  5.046 ns|     2.70 ns|
    +--------+----------+----------+------------+

+ Latency: 
    * Summary: 
    +---------+---------+----------+----------+-----+-----+------------------------------------------------+
    |  Latency (cycles) |  Latency (absolute) |  Interval |                    Pipeline                    |
    |   min   |   max   |    min   |    max   | min | max |                      Type                      |
    +---------+---------+----------+----------+-----+-----+------------------------------------------------+
    |       66|       66|  0.660 us|  0.660 us|   65|   65|  loop auto-rewind stp (delay=0 clock cycles(s))|
    +---------+---------+----------+----------+-----+-----+------------------------------------------------+

    + Detail: 
        * Instance: 
        N/A

        * Loop: 
        +-------------------+---------+---------+----------+-----------+-----------+------+----------+
        |                   |  Latency (cycles) | Iteration|  Initiation Interval  | Trip |          |
        |     Loop Name     |   min   |   max   |  Latency |  achieved |   target  | Count| Pipelined|
        +-------------------+---------+---------+----------+-----------+-----------+------+----------+
        |- VITIS_LOOP_48_1  |       64|       64|         2|          1|          1|    64|       yes|
        +-------------------+---------+---------+----------+-----------+-----------+------+----------+



================================================================
== Utilization Estimates
================================================================
* Summary: 
+-----------------+---------+-----+--------+-------+-----+
|       Name      | BRAM_18K| DSP |   FF   |  LUT  | URAM|
+-----------------+---------+-----+--------+-------+-----+
|DSP              |        -|    -|       -|      -|    -|
|Expression       |        -|    -|       0|     70|    -|
|FIFO             |        -|    -|       -|      -|    -|
|Instance         |        -|    -|       0|    273|    -|
|Memory           |        -|    -|       -|      -|    -|
|Multiplexer      |        -|    -|       0|     36|    -|
|Register         |        -|    -|      18|      -|    -|
+-----------------+---------+-----+--------+-------+-----+
|Total            |        0|    0|      18|    379|    0|
+-----------------+---------+-----+--------+-------+-----+
|Available        |      280|  220|  106400|  53200|    0|
+-----------------+---------+-----+--------+-------+-----+
|Utilization (%)  |        0|    0|      ~0|     ~0|    0|
+-----------------+---------+-----+--------+-------+-----+

+ Detail: 
    * Instance: 
    +---------------------------+-----------------------+---------+----+---+-----+-----+
    |          Instance         |         Module        | BRAM_18K| DSP| FF| LUT | URAM|
    +---------------------------+-----------------------+---------+----+---+-----+-----+
    |sparsemux_129_6_8_1_1_U37  |sparsemux_129_6_8_1_1  |        0|   0|  0|  273|    0|
    +---------------------------+-----------------------+---------+----+---+-----+-----+
    |Total                      |                       |        0|   0|  0|  273|    0|
    +---------------------------+-----------------------+---------+----+---+-----+-----+

    * DSP: 
    N/A

    * Memory: 
    N/A

    * FIFO: 
    N/A

    * Expression: 
    +---------------------+----------+----+---+----+------------+------------+
    |    Variable Name    | Operation| DSP| FF| LUT| Bitwidth P0| Bitwidth P1|
    +---------------------+----------+----+---+----+------------+------------+
    |add_ln48_fu_309_p2   |         +|   0|  0|  14|           7|           1|
    |icmp_ln20_fu_587_p2  |      icmp|   0|  0|  39|          32|          32|
    |icmp_ln48_fu_303_p2  |      icmp|   0|  0|  15|           7|           8|
    |ap_enable_pp0        |       xor|   0|  0|   2|           1|           2|
    +---------------------+----------+----+---+----+------------+------------+
    |Total                |          |   0|  0|  70|          47|          43|
    +---------------------+----------+----+---+----+------------+------------+

    * Multiplexer: 
    +-------------------------+----+-----------+-----+-----------+
    |           Name          | LUT| Input Size| Bits| Total Bits|
    +-------------------------+----+-----------+-----+-----------+
    |ap_done_int              |   9|          2|    1|          2|
    |ap_enable_reg_pp0_iter1  |   9|          2|    1|          2|
    |ap_sig_allocacmp_x_1     |   9|          2|    7|         14|
    |x_fu_272                 |   9|          2|    7|         14|
    +-------------------------+----+-----------+-----+-----------+
    |Total                    |  36|          8|   16|         32|
    +-------------------------+----+-----------+-----+-----------+

    * Register: 
    +-------------------------+---+----+-----+-----------+
    |           Name          | FF| LUT| Bits| Const Bits|
    +-------------------------+---+----+-----+-----------+
    |ap_CS_fsm                |  1|   0|    1|          0|
    |ap_done_reg              |  1|   0|    1|          0|
    |ap_enable_reg_pp0_iter1  |  1|   0|    1|          0|
    |icmp_ln20_reg_629        |  1|   0|    1|          0|
    |x_1_reg_621              |  7|   0|    7|          0|
    |x_fu_272                 |  7|   0|    7|          0|
    +-------------------------+---+----+-----+-----------+
    |Total                    | 18|   0|   18|          0|
    +-------------------------+---+----+-----+-----------+



================================================================
== Interface
================================================================
* Summary: 
+-----------------------------+-----+-----+------------+---------------------------------------+--------------+
|          RTL Ports          | Dir | Bits|  Protocol  |             Source Object             |    C Type    |
+-----------------------------+-----+-----+------------+---------------------------------------+--------------+
|ap_clk                       |   in|    1|  ap_ctrl_hs|  feedforward_Pipeline_VITIS_LOOP_48_12|  return value|
|ap_rst                       |   in|    1|  ap_ctrl_hs|  feedforward_Pipeline_VITIS_LOOP_48_12|  return value|
|ap_start                     |   in|    1|  ap_ctrl_hs|  feedforward_Pipeline_VITIS_LOOP_48_12|  return value|
|ap_done                      |  out|    1|  ap_ctrl_hs|  feedforward_Pipeline_VITIS_LOOP_48_12|  return value|
|ap_idle                      |  out|    1|  ap_ctrl_hs|  feedforward_Pipeline_VITIS_LOOP_48_12|  return value|
|ap_ready                     |  out|    1|  ap_ctrl_hs|  feedforward_Pipeline_VITIS_LOOP_48_12|  return value|
|a_2_reload                   |   in|   32|     ap_none|                             a_2_reload|        scalar|
|layer3_activations_address0  |  out|    6|   ap_memory|                     layer3_activations|         array|
|layer3_activations_ce0       |  out|    1|   ap_memory|                     layer3_activations|         array|
|layer3_activations_we0       |  out|    1|   ap_memory|                     layer3_activations|         array|
|layer3_activations_d0        |  out|   32|   ap_memory|                     layer3_activations|         array|
+-----------------------------+-----+-----+------------+---------------------------------------+--------------+

============================================================
+ Verbose Summary: Synthesis Manager
============================================================
InlineROM: 1
ExposeGlobal: 0
============================================================
+ Verbose Summary: CDFG Model
============================================================
IsTopModel: 0
ResetActiveHigh: 1
IsCombinational: 2
IsDatapathOnly: 2
HasWiredReturn: 1
HasMFsm: 2
HasVarLatency: 1
IsPipeline: 0
IsRtlPipelined: 0
IsInstanceOverlapped: 0
IsDontTouch: 0
HasImplIP: 0
IsGatedGlobalClock: 0

+ Individual pipeline summary: 
  * Pipeline-0: initiation interval (II) = 1, depth = 2


============================================================
+ Verbose Summary: Schedule
============================================================
* Number of FSM states : 2
* Pipeline : 1
  Pipeline-0 : II = 1, D = 2, States = { 1 2 }
* Dataflow Pipeline: 0

* FSM state transitions: 
1 --> 2 
2 --> 

* FSM state operations: 

State 1 <SV = 0> <Delay = 5.04>
ST_1 : Operation 5 [1/1] (0.00ns)   --->   "%x = alloca i32 1" [bnn.cpp:48->bnn.cpp:137]   --->   Operation 5 'alloca' 'x' <Predicate = true> <Delay = 0.00>
ST_1 : Operation 6 [1/1] (0.00ns)   --->   "%a_2_reload_read = read i32 @_ssdm_op_Read.ap_auto.i32, i32 %a_2_reload"   --->   Operation 6 'read' 'a_2_reload_read' <Predicate = true> <Delay = 0.00>
ST_1 : Operation 7 [1/1] (1.58ns)   --->   "%store_ln48 = store i7 0, i7 %x" [bnn.cpp:48->bnn.cpp:137]   --->   Operation 7 'store' 'store_ln48' <Predicate = true> <Delay = 1.58>
ST_1 : Operation 8 [1/1] (0.00ns)   --->   "%br_ln0 = br void %for.body.i22"   --->   Operation 8 'br' 'br_ln0' <Predicate = true> <Delay = 0.00>
ST_1 : Operation 9 [1/1] (0.00ns)   --->   "%x_1 = load i7 %x" [bnn.cpp:48->bnn.cpp:137]   --->   Operation 9 'load' 'x_1' <Predicate = true> <Delay = 0.00>
ST_1 : Operation 10 [1/1] (1.87ns)   --->   "%icmp_ln48 = icmp_eq  i7 %x_1, i7 64" [bnn.cpp:48->bnn.cpp:137]   --->   Operation 10 'icmp' 'icmp_ln48' <Predicate = true> <Delay = 1.87> <CoreInst = "Cmp">   --->   Core 9 'Cmp' <Latency = 0> <II = 1> <Delay = 1.91> <FuncUnit> <Opcode : 'seteq' 'setne' 'setle' 'setge' 'setlt' 'setgt'> <InPorts = 2> <OutPorts = 1>
ST_1 : Operation 11 [1/1] (0.00ns)   --->   "%speclooptripcount_ln0 = speclooptripcount void @_ssdm_op_SpecLoopTripCount, i64 64, i64 64, i64 64"   --->   Operation 11 'speclooptripcount' 'speclooptripcount_ln0' <Predicate = true> <Delay = 0.00>
ST_1 : Operation 12 [1/1] (1.87ns)   --->   "%add_ln48 = add i7 %x_1, i7 1" [bnn.cpp:48->bnn.cpp:137]   --->   Operation 12 'add' 'add_ln48' <Predicate = true> <Delay = 1.87> <CoreInst = "Adder">   --->   Core 1 'Adder' <Latency = 0> <II = 1> <Delay = 1.87> <FuncUnit> <Opcode : 'add' 'sub'> <InPorts = 2> <OutPorts = 1>
ST_1 : Operation 13 [1/1] (0.00ns)   --->   "%br_ln48 = br i1 %icmp_ln48, void %for.body.split.i28, void %for.body71.preheader.exitStub" [bnn.cpp:48->bnn.cpp:137]   --->   Operation 13 'br' 'br_ln48' <Predicate = true> <Delay = 0.00>
ST_1 : Operation 14 [1/1] (0.00ns) (grouped into LUT with out node icmp_ln20)   --->   "%trunc_ln48 = trunc i7 %x_1" [bnn.cpp:48->bnn.cpp:137]   --->   Operation 14 'trunc' 'trunc_ln48' <Predicate = (!icmp_ln48)> <Delay = 0.00>
ST_1 : Operation 15 [1/1] (0.00ns) (grouped into LUT with out node icmp_ln20)   --->   "%b = sparsemux i8 @_ssdm_op_SparseMux.ap_auto.64i8.i8.i6, i6 0, i8 207, i6 1, i8 214, i6 2, i8 210, i6 3, i8 22, i6 4, i8 241, i6 5, i8 59, i6 6, i8 71, i6 7, i8 25, i6 8, i8 21, i6 9, i8 196, i6 10, i8 237, i6 11, i8 59, i6 12, i8 2, i6 13, i8 39, i6 14, i8 211, i6 15, i8 33, i6 16, i8 236, i6 17, i8 232, i6 18, i8 230, i6 19, i8 44, i6 20, i8 41, i6 21, i8 219, i6 22, i8 63, i6 23, i8 235, i6 24, i8 204, i6 25, i8 178, i6 26, i8 15, i6 27, i8 189, i6 28, i8 52, i6 29, i8 206, i6 30, i8 11, i6 31, i8 67, i6 32, i8 203, i6 33, i8 246, i6 34, i8 254, i6 35, i8 37, i6 36, i8 19, i6 37, i8 235, i6 38, i8 48, i6 39, i8 39, i6 40, i8 251, i6 41, i8 253, i6 42, i8 210, i6 43, i8 204, i6 44, i8 252, i6 45, i8 54, i6 46, i8 234, i6 47, i8 30, i6 48, i8 216, i6 49, i8 215, i6 50, i8 243, i6 51, i8 251, i6 52, i8 223, i6 53, i8 235, i6 54, i8 211, i6 55, i8 204, i6 56, i8 11, i6 57, i8 17, i6 58, i8 28, i6 59, i8 251, i6 60, i8 51, i6 61, i8 56, i6 62, i8 18, i6 63, i8 6, i8 0, i6 %trunc_ln48" [bnn.cpp:55->bnn.cpp:137]   --->   Operation 15 'sparsemux' 'b' <Predicate = (!icmp_ln48)> <Delay = 0.00> <CoreInst = "BinarySparseMux_DontCare">   --->   Core 137 'BinarySparseMux_DontCare' <Latency = 0> <II = 1> <Delay = 3.13> <FuncUnit> <Opcode : 'sparsemux'> <InPorts = 2> <OutPorts = 1>
ST_1 : Operation 16 [1/1] (0.00ns) (grouped into LUT with out node icmp_ln20)   --->   "%sext_ln18 = sext i8 %b" [bnn.cpp:18->bnn.cpp:55->bnn.cpp:137]   --->   Operation 16 'sext' 'sext_ln18' <Predicate = (!icmp_ln48)> <Delay = 0.00>
ST_1 : Operation 17 [1/1] (3.13ns) (out node of the LUT)   --->   "%icmp_ln20 = icmp_eq  i32 %sext_ln18, i32 %a_2_reload_read" [bnn.cpp:20->bnn.cpp:55->bnn.cpp:137]   --->   Operation 17 'icmp' 'icmp_ln20' <Predicate = (!icmp_ln48)> <Delay = 3.13> <CoreInst = "Cmp">   --->   Core 9 'Cmp' <Latency = 0> <II = 1> <Delay = 2.55> <FuncUnit> <Opcode : 'seteq' 'setne' 'setle' 'setge' 'setlt' 'setgt'> <InPorts = 2> <OutPorts = 1>
ST_1 : Operation 18 [1/1] (1.58ns)   --->   "%store_ln48 = store i7 %add_ln48, i7 %x" [bnn.cpp:48->bnn.cpp:137]   --->   Operation 18 'store' 'store_ln48' <Predicate = (!icmp_ln48)> <Delay = 1.58>
ST_1 : Operation 27 [1/1] (1.58ns)   --->   "%ret_ln0 = ret"   --->   Operation 27 'ret' 'ret_ln0' <Predicate = (icmp_ln48)> <Delay = 1.58>

State 2 <SV = 1> <Delay = 3.25>
ST_2 : Operation 19 [1/1] (0.00ns)   --->   "%zext_ln48 = zext i7 %x_1" [bnn.cpp:48->bnn.cpp:137]   --->   Operation 19 'zext' 'zext_ln48' <Predicate = true> <Delay = 0.00>
ST_2 : Operation 20 [1/1] (0.00ns)   --->   "%specpipeline_ln50 = specpipeline void @_ssdm_op_SpecPipeline, i32 1, i32 0, i32 0, i32 0, void @empty_1" [bnn.cpp:50->bnn.cpp:137]   --->   Operation 20 'specpipeline' 'specpipeline_ln50' <Predicate = true> <Delay = 0.00>
ST_2 : Operation 21 [1/1] (0.00ns)   --->   "%specloopname_ln48 = specloopname void @_ssdm_op_SpecLoopName, void @empty_14" [bnn.cpp:48->bnn.cpp:137]   --->   Operation 21 'specloopname' 'specloopname_ln48' <Predicate = true> <Delay = 0.00>
ST_2 : Operation 22 [1/1] (0.00ns)   --->   "%cnt = bitconcatenate i9 @_ssdm_op_BitConcatenate.i9.i1.i8, i1 %icmp_ln20, i8 0" [bnn.cpp:55->bnn.cpp:137]   --->   Operation 22 'bitconcatenate' 'cnt' <Predicate = true> <Delay = 0.00>
ST_2 : Operation 23 [1/1] (0.00ns)   --->   "%zext_ln51 = zext i9 %cnt" [bnn.cpp:51->bnn.cpp:137]   --->   Operation 23 'zext' 'zext_ln51' <Predicate = true> <Delay = 0.00>
ST_2 : Operation 24 [1/1] (0.00ns)   --->   "%layer3_activations_addr = getelementptr i32 %layer3_activations, i64 0, i64 %zext_ln48" [bnn.cpp:57->bnn.cpp:137]   --->   Operation 24 'getelementptr' 'layer3_activations_addr' <Predicate = true> <Delay = 0.00>
ST_2 : Operation 25 [1/1] ( I:3.25ns O:3.25ns )   --->   "%store_ln57 = store i32 %zext_ln51, i6 %layer3_activations_addr" [bnn.cpp:57->bnn.cpp:137]   --->   Operation 25 'store' 'store_ln57' <Predicate = true> <Delay = 3.25> <CoreInst = "RAM">   --->   Core 81 'RAM' <Latency = 1> <II = 1> <Delay = 3.25> <Storage> <Opcode : 'load' 'store'> <Ports = 2> <Width = 32> <Depth = 64> <RAM>
ST_2 : Operation 26 [1/1] (0.00ns)   --->   "%br_ln48 = br void %for.body.i22" [bnn.cpp:48->bnn.cpp:137]   --->   Operation 26 'br' 'br_ln48' <Predicate = true> <Delay = 0.00>


============================================================
+ Verbose Summary: Binding
============================================================
STG Binding: 
---------------- STG Properties BEGIN ----------------
- Is combinational: 0
- Is one-state seq: 0
- Is datapath-only: 0
- Is pipelined: 0
- Is top level: 0
Port [ Return ] is wired: 1; IO mode=ap_ctrl_hs:ce=0
Port [ a_2_reload]:  wired=1; compound=0; hidden=0; nouse=0; global=0; static=0; extern=0; dir=0; type=0; pingpong=0; private_global=0; IO mode=ap_none:ce=0
Port [ layer3_activations]:  wired=1; compound=1; hidden=0; nouse=0; global=0; static=0; extern=0; dir=1; type=1; pingpong=0; private_global=0; MemPort=[03]; IO mode=ap_memory:ce=0
---------------- STG Properties END ------------------

---------------- Datapath Model BEGIN ----------------

<LifeTime>
<method=bitvector/>
x                       (alloca           ) [ 010]
a_2_reload_read         (read             ) [ 000]
store_ln48              (store            ) [ 000]
br_ln0                  (br               ) [ 000]
x_1                     (load             ) [ 011]
icmp_ln48               (icmp             ) [ 010]
speclooptripcount_ln0   (speclooptripcount) [ 000]
add_ln48                (add              ) [ 000]
br_ln48                 (br               ) [ 000]
trunc_ln48              (trunc            ) [ 000]
b                       (sparsemux        ) [ 000]
sext_ln18               (sext             ) [ 000]
icmp_ln20               (icmp             ) [ 011]
store_ln48              (store            ) [ 000]
zext_ln48               (zext             ) [ 000]
specpipeline_ln50       (specpipeline     ) [ 000]
specloopname_ln48       (specloopname     ) [ 000]
cnt                     (bitconcatenate   ) [ 000]
zext_ln51               (zext             ) [ 000]
layer3_activations_addr (getelementptr    ) [ 000]
store_ln57              (store            ) [ 000]
br_ln48                 (br               ) [ 000]
ret_ln0                 (ret              ) [ 000]
</LifeTime>

<model>

<comp_list>
<comp id="0" class="1000" name="a_2_reload">
<pin_list>
<pin id="1" dir="1" index="0" bw="1" slack="0"/>
</pin_list>
<bind>
<StgValue><ssdm name="a_2_reload"/></StgValue>
</bind>
</comp>

<comp id="2" class="1000" name="layer3_activations">
<pin_list>
<pin id="3" dir="1" index="0" bw="1" slack="0"/>
</pin_list>
<bind>
<StgValue><ssdm name="layer3_activations"/><MemPortTyVec>0 3 </MemPortTyVec>
</StgValue>
</bind>
</comp>

<comp id="4" class="1001" name="const_4">
<pin_list>
<pin id="5" dir="1" index="0" bw="1" slack="0"/>
</pin_list>
<bind>
<StgValue><ssdm name=""/></StgValue>
</bind>
</comp>

<comp id="6" class="1001" name="const_6">
<pin_list>
<pin id="7" dir="1" index="0" bw="1" slack="0"/>
</pin_list>
<bind>
<StgValue><ssdm name="_ssdm_op_Read.ap_auto.i32"/></StgValue>
</bind>
</comp>

<comp id="8" class="1001" name="const_8">
<pin_list>
<pin id="9" dir="1" index="0" bw="1" slack="0"/>
</pin_list>
<bind>
<StgValue><ssdm name=""/></StgValue>
</bind>
</comp>

<comp id="10" class="1001" name="const_10">
<pin_list>
<pin id="11" dir="1" index="0" bw="1" slack="0"/>
</pin_list>
<bind>
<StgValue><ssdm name=""/></StgValue>
</bind>
</comp>

<comp id="12" class="1001" name="const_12">
<pin_list>
<pin id="13" dir="1" index="0" bw="1" slack="2147483647"/>
</pin_list>
<bind>
<StgValue><ssdm name="_ssdm_op_SpecLoopTripCount"/></StgValue>
</bind>
</comp>

<comp id="14" class="1001" name="const_14">
<pin_list>
<pin id="15" dir="1" index="0" bw="1" slack="2147483647"/>
</pin_list>
<bind>
<StgValue><ssdm name=""/></StgValue>
</bind>
</comp>

<comp id="16" class="1001" name="const_16">
<pin_list>
<pin id="17" dir="1" index="0" bw="1" slack="0"/>
</pin_list>
<bind>
<StgValue><ssdm name=""/></StgValue>
</bind>
</comp>

<comp id="18" class="1001" name="const_18">
<pin_list>
<pin id="19" dir="1" index="0" bw="1" slack="0"/>
</pin_list>
<bind>
<StgValue><ssdm name="_ssdm_op_SparseMux.ap_auto.64i8.i8.i6"/></StgValue>
</bind>
</comp>

<comp id="20" class="1001" name="const_20">
<pin_list>
<pin id="21" dir="1" index="0" bw="1" slack="0"/>
</pin_list>
<bind>
<StgValue><ssdm name=""/></StgValue>
</bind>
</comp>

<comp id="22" class="1001" name="const_22">
<pin_list>
<pin id="23" dir="1" index="0" bw="1" slack="0"/>
</pin_list>
<bind>
<StgValue><ssdm name=""/></StgValue>
</bind>
</comp>

<comp id="24" class="1001" name="const_24">
<pin_list>
<pin id="25" dir="1" index="0" bw="1" slack="0"/>
</pin_list>
<bind>
<StgValue><ssdm name=""/></StgValue>
</bind>
</comp>

<comp id="26" class="1001" name="const_26">
<pin_list>
<pin id="27" dir="1" index="0" bw="1" slack="0"/>
</pin_list>
<bind>
<StgValue><ssdm name=""/></StgValue>
</bind>
</comp>

<comp id="28" class="1001" name="const_28">
<pin_list>
<pin id="29" dir="1" index="0" bw="1" slack="0"/>
</pin_list>
<bind>
<StgValue><ssdm name=""/></StgValue>
</bind>
</comp>

<comp id="30" class="1001" name="const_30">
<pin_list>
<pin id="31" dir="1" index="0" bw="1" slack="0"/>
</pin_list>
<bind>
<StgValue><ssdm name=""/></StgValue>
</bind>
</comp>

<comp id="32" class="1001" name="const_32">
<pin_list>
<pin id="33" dir="1" index="0" bw="1" slack="0"/>
</pin_list>
<bind>
<StgValue><ssdm name=""/></StgValue>
</bind>
</comp>

<comp id="34" class="1001" name="const_34">
<pin_list>
<pin id="35" dir="1" index="0" bw="1" slack="0"/>
</pin_list>
<bind>
<StgValue><ssdm name=""/></StgValue>
</bind>
</comp>

<comp id="36" class="1001" name="const_36">
<pin_list>
<pin id="37" dir="1" index="0" bw="1" slack="0"/>
</pin_list>
<bind>
<StgValue><ssdm name=""/></StgValue>
</bind>
</comp>

<comp id="38" class="1001" name="const_38">
<pin_list>
<pin id="39" dir="1" index="0" bw="1" slack="0"/>
</pin_list>
<bind>
<StgValue><ssdm name=""/></StgValue>
</bind>
</comp>

<comp id="40" class="1001" name="const_40">
<pin_list>
<pin id="41" dir="1" index="0" bw="1" slack="0"/>
</pin_list>
<bind>
<StgValue><ssdm name=""/></StgValue>
</bind>
</comp>

<comp id="42" class="1001" name="const_42">
<pin_list>
<pin id="43" dir="1" index="0" bw="1" slack="0"/>
</pin_list>
<bind>
<StgValue><ssdm name=""/></StgValue>
</bind>
</comp>

<comp id="44" class="1001" name="const_44">
<pin_list>
<pin id="45" dir="1" index="0" bw="1" slack="0"/>
</pin_list>
<bind>
<StgValue><ssdm name=""/></StgValue>
</bind>
</comp>

<comp id="46" class="1001" name="const_46">
<pin_list>
<pin id="47" dir="1" index="0" bw="1" slack="0"/>
</pin_list>
<bind>
<StgValue><ssdm name=""/></StgValue>
</bind>
</comp>

<comp id="48" class="1001" name="const_48">
<pin_list>
<pin id="49" dir="1" index="0" bw="1" slack="0"/>
</pin_list>
<bind>
<StgValue><ssdm name=""/></StgValue>
</bind>
</comp>

<comp id="50" class="1001" name="const_50">
<pin_list>
<pin id="51" dir="1" index="0" bw="1" slack="0"/>
</pin_list>
<bind>
<StgValue><ssdm name=""/></StgValue>
</bind>
</comp>

<comp id="52" class="1001" name="const_52">
<pin_list>
<pin id="53" dir="1" index="0" bw="1" slack="0"/>
</pin_list>
<bind>
<StgValue><ssdm name=""/></StgValue>
</bind>
</comp>

<comp id="54" class="1001" name="const_54">
<pin_list>
<pin id="55" dir="1" index="0" bw="1" slack="0"/>
</pin_list>
<bind>
<StgValue><ssdm name=""/></StgValue>
</bind>
</comp>

<comp id="56" class="1001" name="const_56">
<pin_list>
<pin id="57" dir="1" index="0" bw="1" slack="0"/>
</pin_list>
<bind>
<StgValue><ssdm name=""/></StgValue>
</bind>
</comp>

<comp id="58" class="1001" name="const_58">
<pin_list>
<pin id="59" dir="1" index="0" bw="1" slack="0"/>
</pin_list>
<bind>
<StgValue><ssdm name=""/></StgValue>
</bind>
</comp>

<comp id="60" class="1001" name="const_60">
<pin_list>
<pin id="61" dir="1" index="0" bw="1" slack="0"/>
</pin_list>
<bind>
<StgValue><ssdm name=""/></StgValue>
</bind>
</comp>

<comp id="62" class="1001" name="const_62">
<pin_list>
<pin id="63" dir="1" index="0" bw="1" slack="0"/>
</pin_list>
<bind>
<StgValue><ssdm name=""/></StgValue>
</bind>
</comp>

<comp id="64" class="1001" name="const_64">
<pin_list>
<pin id="65" dir="1" index="0" bw="1" slack="0"/>
</pin_list>
<bind>
<StgValue><ssdm name=""/></StgValue>
</bind>
</comp>

<comp id="66" class="1001" name="const_66">
<pin_list>
<pin id="67" dir="1" index="0" bw="1" slack="0"/>
</pin_list>
<bind>
<StgValue><ssdm name=""/></StgValue>
</bind>
</comp>

<comp id="68" class="1001" name="const_68">
<pin_list>
<pin id="69" dir="1" index="0" bw="1" slack="0"/>
</pin_list>
<bind>
<StgValue><ssdm name=""/></StgValue>
</bind>
</comp>

<comp id="70" class="1001" name="const_70">
<pin_list>
<pin id="71" dir="1" index="0" bw="1" slack="0"/>
</pin_list>
<bind>
<StgValue><ssdm name=""/></StgValue>
</bind>
</comp>

<comp id="72" class="1001" name="const_72">
<pin_list>
<pin id="73" dir="1" index="0" bw="1" slack="0"/>
</pin_list>
<bind>
<StgValue><ssdm name=""/></StgValue>
</bind>
</comp>

<comp id="74" class="1001" name="const_74">
<pin_list>
<pin id="75" dir="1" index="0" bw="1" slack="0"/>
</pin_list>
<bind>
<StgValue><ssdm name=""/></StgValue>
</bind>
</comp>

<comp id="76" class="1001" name="const_76">
<pin_list>
<pin id="77" dir="1" index="0" bw="1" slack="0"/>
</pin_list>
<bind>
<StgValue><ssdm name=""/></StgValue>
</bind>
</comp>

<comp id="78" class="1001" name="const_78">
<pin_list>
<pin id="79" dir="1" index="0" bw="1" slack="0"/>
</pin_list>
<bind>
<StgValue><ssdm name=""/></StgValue>
</bind>
</comp>

<comp id="80" class="1001" name="const_80">
<pin_list>
<pin id="81" dir="1" index="0" bw="1" slack="0"/>
</pin_list>
<bind>
<StgValue><ssdm name=""/></StgValue>
</bind>
</comp>

<comp id="82" class="1001" name="const_82">
<pin_list>
<pin id="83" dir="1" index="0" bw="1" slack="0"/>
</pin_list>
<bind>
<StgValue><ssdm name=""/></StgValue>
</bind>
</comp>

<comp id="84" class="1001" name="const_84">
<pin_list>
<pin id="85" dir="1" index="0" bw="1" slack="0"/>
</pin_list>
<bind>
<StgValue><ssdm name=""/></StgValue>
</bind>
</comp>

<comp id="86" class="1001" name="const_86">
<pin_list>
<pin id="87" dir="1" index="0" bw="1" slack="0"/>
</pin_list>
<bind>
<StgValue><ssdm name=""/></StgValue>
</bind>
</comp>

<comp id="88" class="1001" name="const_88">
<pin_list>
<pin id="89" dir="1" index="0" bw="1" slack="0"/>
</pin_list>
<bind>
<StgValue><ssdm name=""/></StgValue>
</bind>
</comp>

<comp id="90" class="1001" name="const_90">
<pin_list>
<pin id="91" dir="1" index="0" bw="1" slack="0"/>
</pin_list>
<bind>
<StgValue><ssdm name=""/></StgValue>
</bind>
</comp>

<comp id="92" class="1001" name="const_92">
<pin_list>
<pin id="93" dir="1" index="0" bw="1" slack="0"/>
</pin_list>
<bind>
<StgValue><ssdm name=""/></StgValue>
</bind>
</comp>

<comp id="94" class="1001" name="const_94">
<pin_list>
<pin id="95" dir="1" index="0" bw="1" slack="0"/>
</pin_list>
<bind>
<StgValue><ssdm name=""/></StgValue>
</bind>
</comp>

<comp id="96" class="1001" name="const_96">
<pin_list>
<pin id="97" dir="1" index="0" bw="1" slack="0"/>
</pin_list>
<bind>
<StgValue><ssdm name=""/></StgValue>
</bind>
</comp>

<comp id="98" class="1001" name="const_98">
<pin_list>
<pin id="99" dir="1" index="0" bw="1" slack="0"/>
</pin_list>
<bind>
<StgValue><ssdm name=""/></StgValue>
</bind>
</comp>

<comp id="100" class="1001" name="const_100">
<pin_list>
<pin id="101" dir="1" index="0" bw="1" slack="0"/>
</pin_list>
<bind>
<StgValue><ssdm name=""/></StgValue>
</bind>
</comp>

<comp id="102" class="1001" name="const_102">
<pin_list>
<pin id="103" dir="1" index="0" bw="1" slack="0"/>
</pin_list>
<bind>
<StgValue><ssdm name=""/></StgValue>
</bind>
</comp>

<comp id="104" class="1001" name="const_104">
<pin_list>
<pin id="105" dir="1" index="0" bw="1" slack="0"/>
</pin_list>
<bind>
<StgValue><ssdm name=""/></StgValue>
</bind>
</comp>

<comp id="106" class="1001" name="const_106">
<pin_list>
<pin id="107" dir="1" index="0" bw="1" slack="0"/>
</pin_list>
<bind>
<StgValue><ssdm name=""/></StgValue>
</bind>
</comp>

<comp id="108" class="1001" name="const_108">
<pin_list>
<pin id="109" dir="1" index="0" bw="1" slack="0"/>
</pin_list>
<bind>
<StgValue><ssdm name=""/></StgValue>
</bind>
</comp>

<comp id="110" class="1001" name="const_110">
<pin_list>
<pin id="111" dir="1" index="0" bw="1" slack="0"/>
</pin_list>
<bind>
<StgValue><ssdm name=""/></StgValue>
</bind>
</comp>

<comp id="112" class="1001" name="const_112">
<pin_list>
<pin id="113" dir="1" index="0" bw="1" slack="0"/>
</pin_list>
<bind>
<StgValue><ssdm name=""/></StgValue>
</bind>
</comp>

<comp id="114" class="1001" name="const_114">
<pin_list>
<pin id="115" dir="1" index="0" bw="1" slack="0"/>
</pin_list>
<bind>
<StgValue><ssdm name=""/></StgValue>
</bind>
</comp>

<comp id="116" class="1001" name="const_116">
<pin_list>
<pin id="117" dir="1" index="0" bw="1" slack="0"/>
</pin_list>
<bind>
<StgValue><ssdm name=""/></StgValue>
</bind>
</comp>

<comp id="118" class="1001" name="const_118">
<pin_list>
<pin id="119" dir="1" index="0" bw="1" slack="0"/>
</pin_list>
<bind>
<StgValue><ssdm name=""/></StgValue>
</bind>
</comp>

<comp id="120" class="1001" name="const_120">
<pin_list>
<pin id="121" dir="1" index="0" bw="1" slack="0"/>
</pin_list>
<bind>
<StgValue><ssdm name=""/></StgValue>
</bind>
</comp>

<comp id="122" class="1001" name="const_122">
<pin_list>
<pin id="123" dir="1" index="0" bw="1" slack="0"/>
</pin_list>
<bind>
<StgValue><ssdm name=""/></StgValue>
</bind>
</comp>

<comp id="124" class="1001" name="const_124">
<pin_list>
<pin id="125" dir="1" index="0" bw="1" slack="0"/>
</pin_list>
<bind>
<StgValue><ssdm name=""/></StgValue>
</bind>
</comp>

<comp id="126" class="1001" name="const_126">
<pin_list>
<pin id="127" dir="1" index="0" bw="1" slack="0"/>
</pin_list>
<bind>
<StgValue><ssdm name=""/></StgValue>
</bind>
</comp>

<comp id="128" class="1001" name="const_128">
<pin_list>
<pin id="129" dir="1" index="0" bw="1" slack="0"/>
</pin_list>
<bind>
<StgValue><ssdm name=""/></StgValue>
</bind>
</comp>

<comp id="130" class="1001" name="const_130">
<pin_list>
<pin id="131" dir="1" index="0" bw="1" slack="0"/>
</pin_list>
<bind>
<StgValue><ssdm name=""/></StgValue>
</bind>
</comp>

<comp id="132" class="1001" name="const_132">
<pin_list>
<pin id="133" dir="1" index="0" bw="1" slack="0"/>
</pin_list>
<bind>
<StgValue><ssdm name=""/></StgValue>
</bind>
</comp>

<comp id="134" class="1001" name="const_134">
<pin_list>
<pin id="135" dir="1" index="0" bw="1" slack="0"/>
</pin_list>
<bind>
<StgValue><ssdm name=""/></StgValue>
</bind>
</comp>

<comp id="136" class="1001" name="const_136">
<pin_list>
<pin id="137" dir="1" index="0" bw="1" slack="0"/>
</pin_list>
<bind>
<StgValue><ssdm name=""/></StgValue>
</bind>
</comp>

<comp id="138" class="1001" name="const_138">
<pin_list>
<pin id="139" dir="1" index="0" bw="1" slack="0"/>
</pin_list>
<bind>
<StgValue><ssdm name=""/></StgValue>
</bind>
</comp>

<comp id="140" class="1001" name="const_140">
<pin_list>
<pin id="141" dir="1" index="0" bw="1" slack="0"/>
</pin_list>
<bind>
<StgValue><ssdm name=""/></StgValue>
</bind>
</comp>

<comp id="142" class="1001" name="const_142">
<pin_list>
<pin id="143" dir="1" index="0" bw="1" slack="0"/>
</pin_list>
<bind>
<StgValue><ssdm name=""/></StgValue>
</bind>
</comp>

<comp id="144" class="1001" name="const_144">
<pin_list>
<pin id="145" dir="1" index="0" bw="1" slack="0"/>
</pin_list>
<bind>
<StgValue><ssdm name=""/></StgValue>
</bind>
</comp>

<comp id="146" class="1001" name="const_146">
<pin_list>
<pin id="147" dir="1" index="0" bw="1" slack="0"/>
</pin_list>
<bind>
<StgValue><ssdm name=""/></StgValue>
</bind>
</comp>

<comp id="148" class="1001" name="const_148">
<pin_list>
<pin id="149" dir="1" index="0" bw="1" slack="0"/>
</pin_list>
<bind>
<StgValue><ssdm name=""/></StgValue>
</bind>
</comp>

<comp id="150" class="1001" name="const_150">
<pin_list>
<pin id="151" dir="1" index="0" bw="1" slack="0"/>
</pin_list>
<bind>
<StgValue><ssdm name=""/></StgValue>
</bind>
</comp>

<comp id="152" class="1001" name="const_152">
<pin_list>
<pin id="153" dir="1" index="0" bw="1" slack="0"/>
</pin_list>
<bind>
<StgValue><ssdm name=""/></StgValue>
</bind>
</comp>

<comp id="154" class="1001" name="const_154">
<pin_list>
<pin id="155" dir="1" index="0" bw="1" slack="0"/>
</pin_list>
<bind>
<StgValue><ssdm name=""/></StgValue>
</bind>
</comp>

<comp id="156" class="1001" name="const_156">
<pin_list>
<pin id="157" dir="1" index="0" bw="1" slack="0"/>
</pin_list>
<bind>
<StgValue><ssdm name=""/></StgValue>
</bind>
</comp>

<comp id="158" class="1001" name="const_158">
<pin_list>
<pin id="159" dir="1" index="0" bw="1" slack="0"/>
</pin_list>
<bind>
<StgValue><ssdm name=""/></StgValue>
</bind>
</comp>

<comp id="160" class="1001" name="const_160">
<pin_list>
<pin id="161" dir="1" index="0" bw="1" slack="0"/>
</pin_list>
<bind>
<StgValue><ssdm name=""/></StgValue>
</bind>
</comp>

<comp id="162" class="1001" name="const_162">
<pin_list>
<pin id="163" dir="1" index="0" bw="1" slack="0"/>
</pin_list>
<bind>
<StgValue><ssdm name=""/></StgValue>
</bind>
</comp>

<comp id="164" class="1001" name="const_164">
<pin_list>
<pin id="165" dir="1" index="0" bw="1" slack="0"/>
</pin_list>
<bind>
<StgValue><ssdm name=""/></StgValue>
</bind>
</comp>

<comp id="166" class="1001" name="const_166">
<pin_list>
<pin id="167" dir="1" index="0" bw="1" slack="0"/>
</pin_list>
<bind>
<StgValue><ssdm name=""/></StgValue>
</bind>
</comp>

<comp id="168" class="1001" name="const_168">
<pin_list>
<pin id="169" dir="1" index="0" bw="1" slack="0"/>
</pin_list>
<bind>
<StgValue><ssdm name=""/></StgValue>
</bind>
</comp>

<comp id="170" class="1001" name="const_170">
<pin_list>
<pin id="171" dir="1" index="0" bw="1" slack="0"/>
</pin_list>
<bind>
<StgValue><ssdm name=""/></StgValue>
</bind>
</comp>

<comp id="172" class="1001" name="const_172">
<pin_list>
<pin id="173" dir="1" index="0" bw="1" slack="0"/>
</pin_list>
<bind>
<StgValue><ssdm name=""/></StgValue>
</bind>
</comp>

<comp id="174" class="1001" name="const_174">
<pin_list>
<pin id="175" dir="1" index="0" bw="1" slack="0"/>
</pin_list>
<bind>
<StgValue><ssdm name=""/></StgValue>
</bind>
</comp>

<comp id="176" class="1001" name="const_176">
<pin_list>
<pin id="177" dir="1" index="0" bw="1" slack="0"/>
</pin_list>
<bind>
<StgValue><ssdm name=""/></StgValue>
</bind>
</comp>

<comp id="178" class="1001" name="const_178">
<pin_list>
<pin id="179" dir="1" index="0" bw="1" slack="0"/>
</pin_list>
<bind>
<StgValue><ssdm name=""/></StgValue>
</bind>
</comp>

<comp id="180" class="1001" name="const_180">
<pin_list>
<pin id="181" dir="1" index="0" bw="1" slack="0"/>
</pin_list>
<bind>
<StgValue><ssdm name=""/></StgValue>
</bind>
</comp>

<comp id="182" class="1001" name="const_182">
<pin_list>
<pin id="183" dir="1" index="0" bw="1" slack="0"/>
</pin_list>
<bind>
<StgValue><ssdm name=""/></StgValue>
</bind>
</comp>

<comp id="184" class="1001" name="const_184">
<pin_list>
<pin id="185" dir="1" index="0" bw="1" slack="0"/>
</pin_list>
<bind>
<StgValue><ssdm name=""/></StgValue>
</bind>
</comp>

<comp id="186" class="1001" name="const_186">
<pin_list>
<pin id="187" dir="1" index="0" bw="1" slack="0"/>
</pin_list>
<bind>
<StgValue><ssdm name=""/></StgValue>
</bind>
</comp>

<comp id="188" class="1001" name="const_188">
<pin_list>
<pin id="189" dir="1" index="0" bw="1" slack="0"/>
</pin_list>
<bind>
<StgValue><ssdm name=""/></StgValue>
</bind>
</comp>

<comp id="190" class="1001" name="const_190">
<pin_list>
<pin id="191" dir="1" index="0" bw="1" slack="0"/>
</pin_list>
<bind>
<StgValue><ssdm name=""/></StgValue>
</bind>
</comp>

<comp id="192" class="1001" name="const_192">
<pin_list>
<pin id="193" dir="1" index="0" bw="1" slack="0"/>
</pin_list>
<bind>
<StgValue><ssdm name=""/></StgValue>
</bind>
</comp>

<comp id="194" class="1001" name="const_194">
<pin_list>
<pin id="195" dir="1" index="0" bw="1" slack="0"/>
</pin_list>
<bind>
<StgValue><ssdm name=""/></StgValue>
</bind>
</comp>

<comp id="196" class="1001" name="const_196">
<pin_list>
<pin id="197" dir="1" index="0" bw="1" slack="0"/>
</pin_list>
<bind>
<StgValue><ssdm name=""/></StgValue>
</bind>
</comp>

<comp id="198" class="1001" name="const_198">
<pin_list>
<pin id="199" dir="1" index="0" bw="1" slack="0"/>
</pin_list>
<bind>
<StgValue><ssdm name=""/></StgValue>
</bind>
</comp>

<comp id="200" class="1001" name="const_200">
<pin_list>
<pin id="201" dir="1" index="0" bw="1" slack="0"/>
</pin_list>
<bind>
<StgValue><ssdm name=""/></StgValue>
</bind>
</comp>

<comp id="202" class="1001" name="const_202">
<pin_list>
<pin id="203" dir="1" index="0" bw="1" slack="0"/>
</pin_list>
<bind>
<StgValue><ssdm name=""/></StgValue>
</bind>
</comp>

<comp id="204" class="1001" name="const_204">
<pin_list>
<pin id="205" dir="1" index="0" bw="1" slack="0"/>
</pin_list>
<bind>
<StgValue><ssdm name=""/></StgValue>
</bind>
</comp>

<comp id="206" class="1001" name="const_206">
<pin_list>
<pin id="207" dir="1" index="0" bw="1" slack="0"/>
</pin_list>
<bind>
<StgValue><ssdm name=""/></StgValue>
</bind>
</comp>

<comp id="208" class="1001" name="const_208">
<pin_list>
<pin id="209" dir="1" index="0" bw="1" slack="0"/>
</pin_list>
<bind>
<StgValue><ssdm name=""/></StgValue>
</bind>
</comp>

<comp id="210" class="1001" name="const_210">
<pin_list>
<pin id="211" dir="1" index="0" bw="1" slack="0"/>
</pin_list>
<bind>
<StgValue><ssdm name=""/></StgValue>
</bind>
</comp>

<comp id="212" class="1001" name="const_212">
<pin_list>
<pin id="213" dir="1" index="0" bw="1" slack="0"/>
</pin_list>
<bind>
<StgValue><ssdm name=""/></StgValue>
</bind>
</comp>

<comp id="214" class="1001" name="const_214">
<pin_list>
<pin id="215" dir="1" index="0" bw="1" slack="0"/>
</pin_list>
<bind>
<StgValue><ssdm name=""/></StgValue>
</bind>
</comp>

<comp id="216" class="1001" name="const_216">
<pin_list>
<pin id="217" dir="1" index="0" bw="1" slack="0"/>
</pin_list>
<bind>
<StgValue><ssdm name=""/></StgValue>
</bind>
</comp>

<comp id="218" class="1001" name="const_218">
<pin_list>
<pin id="219" dir="1" index="0" bw="1" slack="0"/>
</pin_list>
<bind>
<StgValue><ssdm name=""/></StgValue>
</bind>
</comp>

<comp id="220" class="1001" name="const_220">
<pin_list>
<pin id="221" dir="1" index="0" bw="1" slack="0"/>
</pin_list>
<bind>
<StgValue><ssdm name=""/></StgValue>
</bind>
</comp>

<comp id="222" class="1001" name="const_222">
<pin_list>
<pin id="223" dir="1" index="0" bw="1" slack="0"/>
</pin_list>
<bind>
<StgValue><ssdm name=""/></StgValue>
</bind>
</comp>

<comp id="224" class="1001" name="const_224">
<pin_list>
<pin id="225" dir="1" index="0" bw="1" slack="0"/>
</pin_list>
<bind>
<StgValue><ssdm name=""/></StgValue>
</bind>
</comp>

<comp id="226" class="1001" name="const_226">
<pin_list>
<pin id="227" dir="1" index="0" bw="1" slack="0"/>
</pin_list>
<bind>
<StgValue><ssdm name=""/></StgValue>
</bind>
</comp>

<comp id="228" class="1001" name="const_228">
<pin_list>
<pin id="229" dir="1" index="0" bw="1" slack="0"/>
</pin_list>
<bind>
<StgValue><ssdm name=""/></StgValue>
</bind>
</comp>

<comp id="230" class="1001" name="const_230">
<pin_list>
<pin id="231" dir="1" index="0" bw="1" slack="0"/>
</pin_list>
<bind>
<StgValue><ssdm name=""/></StgValue>
</bind>
</comp>

<comp id="232" class="1001" name="const_232">
<pin_list>
<pin id="233" dir="1" index="0" bw="1" slack="0"/>
</pin_list>
<bind>
<StgValue><ssdm name=""/></StgValue>
</bind>
</comp>

<comp id="234" class="1001" name="const_234">
<pin_list>
<pin id="235" dir="1" index="0" bw="1" slack="0"/>
</pin_list>
<bind>
<StgValue><ssdm name=""/></StgValue>
</bind>
</comp>

<comp id="236" class="1001" name="const_236">
<pin_list>
<pin id="237" dir="1" index="0" bw="1" slack="0"/>
</pin_list>
<bind>
<StgValue><ssdm name=""/></StgValue>
</bind>
</comp>

<comp id="238" class="1001" name="const_238">
<pin_list>
<pin id="239" dir="1" index="0" bw="1" slack="0"/>
</pin_list>
<bind>
<StgValue><ssdm name=""/></StgValue>
</bind>
</comp>

<comp id="240" class="1001" name="const_240">
<pin_list>
<pin id="241" dir="1" index="0" bw="1" slack="0"/>
</pin_list>
<bind>
<StgValue><ssdm name=""/></StgValue>
</bind>
</comp>

<comp id="242" class="1001" name="const_242">
<pin_list>
<pin id="243" dir="1" index="0" bw="1" slack="0"/>
</pin_list>
<bind>
<StgValue><ssdm name=""/></StgValue>
</bind>
</comp>

<comp id="244" class="1001" name="const_244">
<pin_list>
<pin id="245" dir="1" index="0" bw="1" slack="0"/>
</pin_list>
<bind>
<StgValue><ssdm name=""/></StgValue>
</bind>
</comp>

<comp id="246" class="1001" name="const_246">
<pin_list>
<pin id="247" dir="1" index="0" bw="1" slack="0"/>
</pin_list>
<bind>
<StgValue><ssdm name=""/></StgValue>
</bind>
</comp>

<comp id="248" class="1001" name="const_248">
<pin_list>
<pin id="249" dir="1" index="0" bw="1" slack="0"/>
</pin_list>
<bind>
<StgValue><ssdm name=""/></StgValue>
</bind>
</comp>

<comp id="250" class="1001" name="const_250">
<pin_list>
<pin id="251" dir="1" index="0" bw="1" slack="0"/>
</pin_list>
<bind>
<StgValue><ssdm name=""/></StgValue>
</bind>
</comp>

<comp id="252" class="1001" name="const_252">
<pin_list>
<pin id="253" dir="1" index="0" bw="1" slack="0"/>
</pin_list>
<bind>
<StgValue><ssdm name=""/></StgValue>
</bind>
</comp>

<comp id="254" class="1001" name="const_254">
<pin_list>
<pin id="255" dir="1" index="0" bw="1" slack="0"/>
</pin_list>
<bind>
<StgValue><ssdm name=""/></StgValue>
</bind>
</comp>

<comp id="256" class="1001" name="const_256">
<pin_list>
<pin id="257" dir="1" index="0" bw="1" slack="2147483647"/>
</pin_list>
<bind>
<StgValue><ssdm name="_ssdm_op_SpecPipeline"/></StgValue>
</bind>
</comp>

<comp id="258" class="1001" name="const_258">
<pin_list>
<pin id="259" dir="1" index="0" bw="1" slack="2147483647"/>
</pin_list>
<bind>
<StgValue><ssdm name=""/></StgValue>
</bind>
</comp>

<comp id="260" class="1001" name="const_260">
<pin_list>
<pin id="261" dir="1" index="0" bw="1" slack="2147483647"/>
</pin_list>
<bind>
<StgValue><ssdm name="empty_1"/></StgValue>
</bind>
</comp>

<comp id="262" class="1001" name="const_262">
<pin_list>
<pin id="263" dir="1" index="0" bw="1" slack="2147483647"/>
</pin_list>
<bind>
<StgValue><ssdm name="_ssdm_op_SpecLoopName"/></StgValue>
</bind>
</comp>

<comp id="264" class="1001" name="const_264">
<pin_list>
<pin id="265" dir="1" index="0" bw="1" slack="2147483647"/>
</pin_list>
<bind>
<StgValue><ssdm name="empty_14"/></StgValue>
</bind>
</comp>

<comp id="266" class="1001" name="const_266">
<pin_list>
<pin id="267" dir="1" index="0" bw="1" slack="0"/>
</pin_list>
<bind>
<StgValue><ssdm name="_ssdm_op_BitConcatenate.i9.i1.i8"/></StgValue>
</bind>
</comp>

<comp id="268" class="1001" name="const_268">
<pin_list>
<pin id="269" dir="1" index="0" bw="1" slack="0"/>
</pin_list>
<bind>
<StgValue><ssdm name=""/></StgValue>
</bind>
</comp>

<comp id="270" class="1001" name="const_270">
<pin_list>
<pin id="271" dir="1" index="0" bw="1" slack="0"/>
</pin_list>
<bind>
<StgValue><ssdm name=""/></StgValue>
</bind>
</comp>

<comp id="272" class="1004" name="x_fu_272">
<pin_list>
<pin id="273" dir="0" index="0" bw="1" slack="0"/>
<pin id="274" dir="1" index="1" bw="7" slack="0"/>
</pin_list>
<bind>
<opcode="alloca(26) " fcode="alloca"/>
<opset="x/1 "/>
</bind>
</comp>

<comp id="276" class="1004" name="a_2_reload_read_read_fu_276">
<pin_list>
<pin id="277" dir="0" index="0" bw="32" slack="0"/>
<pin id="278" dir="0" index="1" bw="32" slack="0"/>
<pin id="279" dir="1" index="2" bw="32" slack="0"/>
</pin_list>
<bind>
<opcode="read(1150) " fcode="read"/>
<opset="a_2_reload_read/1 "/>
</bind>
</comp>

<comp id="282" class="1004" name="layer3_activations_addr_gep_fu_282">
<pin_list>
<pin id="283" dir="0" index="0" bw="32" slack="0"/>
<pin id="284" dir="0" index="1" bw="1" slack="0"/>
<pin id="285" dir="0" index="2" bw="7" slack="0"/>
<pin id="286" dir="1" index="3" bw="6" slack="0"/>
</pin_list>
<bind>
<opcode="getelementptr(29) " fcode="getelementptr"/>
<opset="layer3_activations_addr/2 "/>
</bind>
</comp>

<comp id="289" class="1004" name="store_ln57_access_fu_289">
<pin_list>
<pin id="290" dir="0" index="0" bw="6" slack="0"/>
<pin id="291" dir="0" index="1" bw="32" slack="0"/>
<pin id="292" dir="0" index="2" bw="0" slack="2147483647"/>
<pin id="293" dir="1" index="3" bw="32" slack="2147483647"/>
</pin_list>
<bind>
<opcode="store(28) " fcode="store"/>
<opset="store_ln57/2 "/>
</bind>
</comp>

<comp id="295" class="1004" name="store_ln48_store_fu_295">
<pin_list>
<pin id="296" dir="0" index="0" bw="1" slack="0"/>
<pin id="297" dir="0" index="1" bw="7" slack="0"/>
<pin id="298" dir="1" index="2" bw="0" slack="2147483647"/>
</pin_list>
<bind>
<opcode="store(28) " fcode="store"/>
<opset="store_ln48/1 "/>
</bind>
</comp>

<comp id="300" class="1004" name="x_1_load_fu_300">
<pin_list>
<pin id="301" dir="0" index="0" bw="7" slack="0"/>
<pin id="302" dir="1" index="1" bw="7" slack="0"/>
</pin_list>
<bind>
<opcode="load(27) " fcode="load"/>
<opset="x_1/1 "/>
</bind>
</comp>

<comp id="303" class="1004" name="icmp_ln48_fu_303">
<pin_list>
<pin id="304" dir="0" index="0" bw="7" slack="0"/>
<pin id="305" dir="0" index="1" bw="7" slack="0"/>
<pin id="306" dir="1" index="2" bw="1" slack="2147483647"/>
</pin_list>
<bind>
<opcode="icmp(45) " fcode="icmp"/>
<opset="icmp_ln48/1 "/>
</bind>
</comp>

<comp id="309" class="1004" name="add_ln48_fu_309">
<pin_list>
<pin id="310" dir="0" index="0" bw="7" slack="0"/>
<pin id="311" dir="0" index="1" bw="1" slack="0"/>
<pin id="312" dir="1" index="2" bw="7" slack="0"/>
</pin_list>
<bind>
<opcode="add(8) " fcode="add"/>
<opset="add_ln48/1 "/>
</bind>
</comp>

<comp id="315" class="1004" name="trunc_ln48_fu_315">
<pin_list>
<pin id="316" dir="0" index="0" bw="7" slack="0"/>
<pin id="317" dir="1" index="1" bw="6" slack="0"/>
</pin_list>
<bind>
<opcode="trunc(33) " fcode="trunc"/>
<opset="trunc_ln48/1 "/>
</bind>
</comp>

<comp id="319" class="1004" name="b_fu_319">
<pin_list>
<pin id="320" dir="0" index="0" bw="8" slack="0"/>
<pin id="321" dir="0" index="1" bw="6" slack="0"/>
<pin id="322" dir="0" index="2" bw="8" slack="0"/>
<pin id="323" dir="0" index="3" bw="6" slack="0"/>
<pin id="324" dir="0" index="4" bw="8" slack="0"/>
<pin id="325" dir="0" index="5" bw="6" slack="0"/>
<pin id="326" dir="0" index="6" bw="8" slack="0"/>
<pin id="327" dir="0" index="7" bw="6" slack="0"/>
<pin id="328" dir="0" index="8" bw="8" slack="0"/>
<pin id="329" dir="0" index="9" bw="6" slack="0"/>
<pin id="330" dir="0" index="10" bw="8" slack="0"/>
<pin id="331" dir="0" index="11" bw="6" slack="0"/>
<pin id="332" dir="0" index="12" bw="8" slack="0"/>
<pin id="333" dir="0" index="13" bw="6" slack="0"/>
<pin id="334" dir="0" index="14" bw="8" slack="0"/>
<pin id="335" dir="0" index="15" bw="6" slack="0"/>
<pin id="336" dir="0" index="16" bw="8" slack="0"/>
<pin id="337" dir="0" index="17" bw="6" slack="0"/>
<pin id="338" dir="0" index="18" bw="8" slack="0"/>
<pin id="339" dir="0" index="19" bw="6" slack="0"/>
<pin id="340" dir="0" index="20" bw="8" slack="0"/>
<pin id="341" dir="0" index="21" bw="6" slack="0"/>
<pin id="342" dir="0" index="22" bw="8" slack="0"/>
<pin id="343" dir="0" index="23" bw="6" slack="0"/>
<pin id="344" dir="0" index="24" bw="8" slack="0"/>
<pin id="345" dir="0" index="25" bw="6" slack="0"/>
<pin id="346" dir="0" index="26" bw="8" slack="0"/>
<pin id="347" dir="0" index="27" bw="6" slack="0"/>
<pin id="348" dir="0" index="28" bw="8" slack="0"/>
<pin id="349" dir="0" index="29" bw="6" slack="0"/>
<pin id="350" dir="0" index="30" bw="8" slack="0"/>
<pin id="351" dir="0" index="31" bw="6" slack="0"/>
<pin id="352" dir="0" index="32" bw="8" slack="0"/>
<pin id="353" dir="0" index="33" bw="6" slack="0"/>
<pin id="354" dir="0" index="34" bw="8" slack="0"/>
<pin id="355" dir="0" index="35" bw="6" slack="0"/>
<pin id="356" dir="0" index="36" bw="8" slack="0"/>
<pin id="357" dir="0" index="37" bw="6" slack="0"/>
<pin id="358" dir="0" index="38" bw="8" slack="0"/>
<pin id="359" dir="0" index="39" bw="6" slack="0"/>
<pin id="360" dir="0" index="40" bw="8" slack="0"/>
<pin id="361" dir="0" index="41" bw="6" slack="0"/>
<pin id="362" dir="0" index="42" bw="8" slack="0"/>
<pin id="363" dir="0" index="43" bw="6" slack="0"/>
<pin id="364" dir="0" index="44" bw="8" slack="0"/>
<pin id="365" dir="0" index="45" bw="6" slack="0"/>
<pin id="366" dir="0" index="46" bw="8" slack="0"/>
<pin id="367" dir="0" index="47" bw="6" slack="0"/>
<pin id="368" dir="0" index="48" bw="8" slack="0"/>
<pin id="369" dir="0" index="49" bw="6" slack="0"/>
<pin id="370" dir="0" index="50" bw="8" slack="0"/>
<pin id="371" dir="0" index="51" bw="6" slack="0"/>
<pin id="372" dir="0" index="52" bw="8" slack="0"/>
<pin id="373" dir="0" index="53" bw="6" slack="0"/>
<pin id="374" dir="0" index="54" bw="8" slack="0"/>
<pin id="375" dir="0" index="55" bw="6" slack="0"/>
<pin id="376" dir="0" index="56" bw="8" slack="0"/>
<pin id="377" dir="0" index="57" bw="6" slack="0"/>
<pin id="378" dir="0" index="58" bw="8" slack="0"/>
<pin id="379" dir="0" index="59" bw="6" slack="0"/>
<pin id="380" dir="0" index="60" bw="8" slack="0"/>
<pin id="381" dir="0" index="61" bw="6" slack="0"/>
<pin id="382" dir="0" index="62" bw="8" slack="0"/>
<pin id="383" dir="0" index="63" bw="6" slack="0"/>
<pin id="384" dir="0" index="64" bw="8" slack="0"/>
<pin id="385" dir="0" index="65" bw="6" slack="0"/>
<pin id="386" dir="0" index="66" bw="8" slack="0"/>
<pin id="387" dir="0" index="67" bw="6" slack="0"/>
<pin id="388" dir="0" index="68" bw="8" slack="0"/>
<pin id="389" dir="0" index="69" bw="6" slack="0"/>
<pin id="390" dir="0" index="70" bw="8" slack="0"/>
<pin id="391" dir="0" index="71" bw="6" slack="0"/>
<pin id="392" dir="0" index="72" bw="8" slack="0"/>
<pin id="393" dir="0" index="73" bw="6" slack="0"/>
<pin id="394" dir="0" index="74" bw="8" slack="0"/>
<pin id="395" dir="0" index="75" bw="6" slack="0"/>
<pin id="396" dir="0" index="76" bw="8" slack="0"/>
<pin id="397" dir="0" index="77" bw="6" slack="0"/>
<pin id="398" dir="0" index="78" bw="8" slack="0"/>
<pin id="399" dir="0" index="79" bw="6" slack="0"/>
<pin id="400" dir="0" index="80" bw="8" slack="0"/>
<pin id="401" dir="0" index="81" bw="6" slack="0"/>
<pin id="402" dir="0" index="82" bw="8" slack="0"/>
<pin id="403" dir="0" index="83" bw="6" slack="0"/>
<pin id="404" dir="0" index="84" bw="8" slack="0"/>
<pin id="405" dir="0" index="85" bw="6" slack="0"/>
<pin id="406" dir="0" index="86" bw="8" slack="0"/>
<pin id="407" dir="0" index="87" bw="6" slack="0"/>
<pin id="408" dir="0" index="88" bw="8" slack="0"/>
<pin id="409" dir="0" index="89" bw="6" slack="0"/>
<pin id="410" dir="0" index="90" bw="8" slack="0"/>
<pin id="411" dir="0" index="91" bw="6" slack="0"/>
<pin id="412" dir="0" index="92" bw="8" slack="0"/>
<pin id="413" dir="0" index="93" bw="6" slack="0"/>
<pin id="414" dir="0" index="94" bw="8" slack="0"/>
<pin id="415" dir="0" index="95" bw="6" slack="0"/>
<pin id="416" dir="0" index="96" bw="8" slack="0"/>
<pin id="417" dir="0" index="97" bw="6" slack="0"/>
<pin id="418" dir="0" index="98" bw="8" slack="0"/>
<pin id="419" dir="0" index="99" bw="6" slack="0"/>
<pin id="420" dir="0" index="100" bw="8" slack="0"/>
<pin id="421" dir="0" index="101" bw="6" slack="0"/>
<pin id="422" dir="0" index="102" bw="8" slack="0"/>
<pin id="423" dir="0" index="103" bw="6" slack="0"/>
<pin id="424" dir="0" index="104" bw="8" slack="0"/>
<pin id="425" dir="0" index="105" bw="6" slack="0"/>
<pin id="426" dir="0" index="106" bw="8" slack="0"/>
<pin id="427" dir="0" index="107" bw="6" slack="0"/>
<pin id="428" dir="0" index="108" bw="8" slack="0"/>
<pin id="429" dir="0" index="109" bw="6" slack="0"/>
<pin id="430" dir="0" index="110" bw="8" slack="0"/>
<pin id="431" dir="0" index="111" bw="6" slack="0"/>
<pin id="432" dir="0" index="112" bw="8" slack="0"/>
<pin id="433" dir="0" index="113" bw="6" slack="0"/>
<pin id="434" dir="0" index="114" bw="8" slack="0"/>
<pin id="435" dir="0" index="115" bw="6" slack="0"/>
<pin id="436" dir="0" index="116" bw="8" slack="0"/>
<pin id="437" dir="0" index="117" bw="6" slack="0"/>
<pin id="438" dir="0" index="118" bw="8" slack="0"/>
<pin id="439" dir="0" index="119" bw="6" slack="0"/>
<pin id="440" dir="0" index="120" bw="8" slack="0"/>
<pin id="441" dir="0" index="121" bw="6" slack="0"/>
<pin id="442" dir="0" index="122" bw="8" slack="0"/>
<pin id="443" dir="0" index="123" bw="6" slack="0"/>
<pin id="444" dir="0" index="124" bw="8" slack="0"/>
<pin id="445" dir="0" index="125" bw="6" slack="0"/>
<pin id="446" dir="0" index="126" bw="8" slack="0"/>
<pin id="447" dir="0" index="127" bw="6" slack="0"/>
<pin id="448" dir="0" index="128" bw="8" slack="0"/>
<pin id="449" dir="0" index="129" bw="8" slack="0"/>
<pin id="450" dir="0" index="130" bw="6" slack="0"/>
<pin id="451" dir="1" index="131" bw="8" slack="0"/>
</pin_list>
<bind>
<opcode="sparsemux(1197) " fcode="sparsemux"/>
<opset="b/1 "/>
</bind>
</comp>

<comp id="583" class="1004" name="sext_ln18_fu_583">
<pin_list>
<pin id="584" dir="0" index="0" bw="8" slack="0"/>
<pin id="585" dir="1" index="1" bw="32" slack="0"/>
</pin_list>
<bind>
<opcode="sext(35) " fcode="sext"/>
<opset="sext_ln18/1 "/>
</bind>
</comp>

<comp id="587" class="1004" name="icmp_ln20_fu_587">
<pin_list>
<pin id="588" dir="0" index="0" bw="32" slack="0"/>
<pin id="589" dir="0" index="1" bw="32" slack="0"/>
<pin id="590" dir="1" index="2" bw="1" slack="1"/>
</pin_list>
<bind>
<opcode="icmp(45) " fcode="icmp"/>
<opset="icmp_ln20/1 "/>
</bind>
</comp>

<comp id="593" class="1004" name="store_ln48_store_fu_593">
<pin_list>
<pin id="594" dir="0" index="0" bw="7" slack="0"/>
<pin id="595" dir="0" index="1" bw="7" slack="0"/>
<pin id="596" dir="1" index="2" bw="0" slack="2147483647"/>
</pin_list>
<bind>
<opcode="store(28) " fcode="store"/>
<opset="store_ln48/1 "/>
</bind>
</comp>

<comp id="598" class="1004" name="zext_ln48_fu_598">
<pin_list>
<pin id="599" dir="0" index="0" bw="7" slack="1"/>
<pin id="600" dir="1" index="1" bw="64" slack="0"/>
</pin_list>
<bind>
<opcode="zext(34) " fcode="zext"/>
<opset="zext_ln48/2 "/>
</bind>
</comp>

<comp id="602" class="1004" name="cnt_fu_602">
<pin_list>
<pin id="603" dir="0" index="0" bw="9" slack="0"/>
<pin id="604" dir="0" index="1" bw="1" slack="1"/>
<pin id="605" dir="0" index="2" bw="1" slack="0"/>
<pin id="606" dir="1" index="3" bw="9" slack="0"/>
</pin_list>
<bind>
<opcode="bitconcatenate(1004) " fcode="bitconcatenate"/>
<opset="cnt/2 "/>
</bind>
</comp>

<comp id="609" class="1004" name="zext_ln51_fu_609">
<pin_list>
<pin id="610" dir="0" index="0" bw="9" slack="0"/>
<pin id="611" dir="1" index="1" bw="32" slack="0"/>
</pin_list>
<bind>
<opcode="zext(34) " fcode="zext"/>
<opset="zext_ln51/2 "/>
</bind>
</comp>

<comp id="614" class="1005" name="x_reg_614">
<pin_list>
<pin id="615" dir="0" index="0" bw="7" slack="0"/>
<pin id="616" dir="1" index="1" bw="7" slack="0"/>
</pin_list>
<bind>
<opset="x "/>
</bind>
</comp>

<comp id="621" class="1005" name="x_1_reg_621">
<pin_list>
<pin id="622" dir="0" index="0" bw="7" slack="1"/>
<pin id="623" dir="1" index="1" bw="7" slack="1"/>
</pin_list>
<bind>
<opset="x_1 "/>
</bind>
</comp>

<comp id="629" class="1005" name="icmp_ln20_reg_629">
<pin_list>
<pin id="630" dir="0" index="0" bw="1" slack="1"/>
<pin id="631" dir="1" index="1" bw="1" slack="1"/>
</pin_list>
<bind>
<opset="icmp_ln20 "/>
</bind>
</comp>

</comp_list>

<net_list>
<net id="275"><net_src comp="4" pin="0"/><net_sink comp="272" pin=0"/></net>

<net id="280"><net_src comp="6" pin="0"/><net_sink comp="276" pin=0"/></net>

<net id="281"><net_src comp="0" pin="0"/><net_sink comp="276" pin=1"/></net>

<net id="287"><net_src comp="2" pin="0"/><net_sink comp="282" pin=0"/></net>

<net id="288"><net_src comp="270" pin="0"/><net_sink comp="282" pin=1"/></net>

<net id="294"><net_src comp="282" pin="3"/><net_sink comp="289" pin=0"/></net>

<net id="299"><net_src comp="8" pin="0"/><net_sink comp="295" pin=0"/></net>

<net id="307"><net_src comp="300" pin="1"/><net_sink comp="303" pin=0"/></net>

<net id="308"><net_src comp="10" pin="0"/><net_sink comp="303" pin=1"/></net>

<net id="313"><net_src comp="300" pin="1"/><net_sink comp="309" pin=0"/></net>

<net id="314"><net_src comp="16" pin="0"/><net_sink comp="309" pin=1"/></net>

<net id="318"><net_src comp="300" pin="1"/><net_sink comp="315" pin=0"/></net>

<net id="452"><net_src comp="18" pin="0"/><net_sink comp="319" pin=0"/></net>

<net id="453"><net_src comp="20" pin="0"/><net_sink comp="319" pin=1"/></net>

<net id="454"><net_src comp="22" pin="0"/><net_sink comp="319" pin=2"/></net>

<net id="455"><net_src comp="24" pin="0"/><net_sink comp="319" pin=3"/></net>

<net id="456"><net_src comp="26" pin="0"/><net_sink comp="319" pin=4"/></net>

<net id="457"><net_src comp="28" pin="0"/><net_sink comp="319" pin=5"/></net>

<net id="458"><net_src comp="30" pin="0"/><net_sink comp="319" pin=6"/></net>

<net id="459"><net_src comp="32" pin="0"/><net_sink comp="319" pin=7"/></net>

<net id="460"><net_src comp="34" pin="0"/><net_sink comp="319" pin=8"/></net>

<net id="461"><net_src comp="36" pin="0"/><net_sink comp="319" pin=9"/></net>

<net id="462"><net_src comp="38" pin="0"/><net_sink comp="319" pin=10"/></net>

<net id="463"><net_src comp="40" pin="0"/><net_sink comp="319" pin=11"/></net>

<net id="464"><net_src comp="42" pin="0"/><net_sink comp="319" pin=12"/></net>

<net id="465"><net_src comp="44" pin="0"/><net_sink comp="319" pin=13"/></net>

<net id="466"><net_src comp="46" pin="0"/><net_sink comp="319" pin=14"/></net>

<net id="467"><net_src comp="48" pin="0"/><net_sink comp="319" pin=15"/></net>

<net id="468"><net_src comp="50" pin="0"/><net_sink comp="319" pin=16"/></net>

<net id="469"><net_src comp="52" pin="0"/><net_sink comp="319" pin=17"/></net>

<net id="470"><net_src comp="54" pin="0"/><net_sink comp="319" pin=18"/></net>

<net id="471"><net_src comp="56" pin="0"/><net_sink comp="319" pin=19"/></net>

<net id="472"><net_src comp="58" pin="0"/><net_sink comp="319" pin=20"/></net>

<net id="473"><net_src comp="60" pin="0"/><net_sink comp="319" pin=21"/></net>

<net id="474"><net_src comp="62" pin="0"/><net_sink comp="319" pin=22"/></net>

<net id="475"><net_src comp="64" pin="0"/><net_sink comp="319" pin=23"/></net>

<net id="476"><net_src comp="42" pin="0"/><net_sink comp="319" pin=24"/></net>

<net id="477"><net_src comp="66" pin="0"/><net_sink comp="319" pin=25"/></net>

<net id="478"><net_src comp="68" pin="0"/><net_sink comp="319" pin=26"/></net>

<net id="479"><net_src comp="70" pin="0"/><net_sink comp="319" pin=27"/></net>

<net id="480"><net_src comp="72" pin="0"/><net_sink comp="319" pin=28"/></net>

<net id="481"><net_src comp="74" pin="0"/><net_sink comp="319" pin=29"/></net>

<net id="482"><net_src comp="76" pin="0"/><net_sink comp="319" pin=30"/></net>

<net id="483"><net_src comp="78" pin="0"/><net_sink comp="319" pin=31"/></net>

<net id="484"><net_src comp="80" pin="0"/><net_sink comp="319" pin=32"/></net>

<net id="485"><net_src comp="82" pin="0"/><net_sink comp="319" pin=33"/></net>

<net id="486"><net_src comp="84" pin="0"/><net_sink comp="319" pin=34"/></net>

<net id="487"><net_src comp="86" pin="0"/><net_sink comp="319" pin=35"/></net>

<net id="488"><net_src comp="88" pin="0"/><net_sink comp="319" pin=36"/></net>

<net id="489"><net_src comp="90" pin="0"/><net_sink comp="319" pin=37"/></net>

<net id="490"><net_src comp="92" pin="0"/><net_sink comp="319" pin=38"/></net>

<net id="491"><net_src comp="94" pin="0"/><net_sink comp="319" pin=39"/></net>

<net id="492"><net_src comp="96" pin="0"/><net_sink comp="319" pin=40"/></net>

<net id="493"><net_src comp="98" pin="0"/><net_sink comp="319" pin=41"/></net>

<net id="494"><net_src comp="100" pin="0"/><net_sink comp="319" pin=42"/></net>

<net id="495"><net_src comp="102" pin="0"/><net_sink comp="319" pin=43"/></net>

<net id="496"><net_src comp="104" pin="0"/><net_sink comp="319" pin=44"/></net>

<net id="497"><net_src comp="106" pin="0"/><net_sink comp="319" pin=45"/></net>

<net id="498"><net_src comp="108" pin="0"/><net_sink comp="319" pin=46"/></net>

<net id="499"><net_src comp="110" pin="0"/><net_sink comp="319" pin=47"/></net>

<net id="500"><net_src comp="112" pin="0"/><net_sink comp="319" pin=48"/></net>

<net id="501"><net_src comp="114" pin="0"/><net_sink comp="319" pin=49"/></net>

<net id="502"><net_src comp="116" pin="0"/><net_sink comp="319" pin=50"/></net>

<net id="503"><net_src comp="118" pin="0"/><net_sink comp="319" pin=51"/></net>

<net id="504"><net_src comp="120" pin="0"/><net_sink comp="319" pin=52"/></net>

<net id="505"><net_src comp="122" pin="0"/><net_sink comp="319" pin=53"/></net>

<net id="506"><net_src comp="124" pin="0"/><net_sink comp="319" pin=54"/></net>

<net id="507"><net_src comp="126" pin="0"/><net_sink comp="319" pin=55"/></net>

<net id="508"><net_src comp="128" pin="0"/><net_sink comp="319" pin=56"/></net>

<net id="509"><net_src comp="130" pin="0"/><net_sink comp="319" pin=57"/></net>

<net id="510"><net_src comp="132" pin="0"/><net_sink comp="319" pin=58"/></net>

<net id="511"><net_src comp="134" pin="0"/><net_sink comp="319" pin=59"/></net>

<net id="512"><net_src comp="136" pin="0"/><net_sink comp="319" pin=60"/></net>

<net id="513"><net_src comp="138" pin="0"/><net_sink comp="319" pin=61"/></net>

<net id="514"><net_src comp="140" pin="0"/><net_sink comp="319" pin=62"/></net>

<net id="515"><net_src comp="142" pin="0"/><net_sink comp="319" pin=63"/></net>

<net id="516"><net_src comp="144" pin="0"/><net_sink comp="319" pin=64"/></net>

<net id="517"><net_src comp="146" pin="0"/><net_sink comp="319" pin=65"/></net>

<net id="518"><net_src comp="148" pin="0"/><net_sink comp="319" pin=66"/></net>

<net id="519"><net_src comp="150" pin="0"/><net_sink comp="319" pin=67"/></net>

<net id="520"><net_src comp="152" pin="0"/><net_sink comp="319" pin=68"/></net>

<net id="521"><net_src comp="154" pin="0"/><net_sink comp="319" pin=69"/></net>

<net id="522"><net_src comp="156" pin="0"/><net_sink comp="319" pin=70"/></net>

<net id="523"><net_src comp="158" pin="0"/><net_sink comp="319" pin=71"/></net>

<net id="524"><net_src comp="160" pin="0"/><net_sink comp="319" pin=72"/></net>

<net id="525"><net_src comp="162" pin="0"/><net_sink comp="319" pin=73"/></net>

<net id="526"><net_src comp="164" pin="0"/><net_sink comp="319" pin=74"/></net>

<net id="527"><net_src comp="166" pin="0"/><net_sink comp="319" pin=75"/></net>

<net id="528"><net_src comp="112" pin="0"/><net_sink comp="319" pin=76"/></net>

<net id="529"><net_src comp="168" pin="0"/><net_sink comp="319" pin=77"/></net>

<net id="530"><net_src comp="170" pin="0"/><net_sink comp="319" pin=78"/></net>

<net id="531"><net_src comp="172" pin="0"/><net_sink comp="319" pin=79"/></net>

<net id="532"><net_src comp="72" pin="0"/><net_sink comp="319" pin=80"/></net>

<net id="533"><net_src comp="174" pin="0"/><net_sink comp="319" pin=81"/></net>

<net id="534"><net_src comp="176" pin="0"/><net_sink comp="319" pin=82"/></net>

<net id="535"><net_src comp="178" pin="0"/><net_sink comp="319" pin=83"/></net>

<net id="536"><net_src comp="180" pin="0"/><net_sink comp="319" pin=84"/></net>

<net id="537"><net_src comp="182" pin="0"/><net_sink comp="319" pin=85"/></net>

<net id="538"><net_src comp="30" pin="0"/><net_sink comp="319" pin=86"/></net>

<net id="539"><net_src comp="184" pin="0"/><net_sink comp="319" pin=87"/></net>

<net id="540"><net_src comp="116" pin="0"/><net_sink comp="319" pin=88"/></net>

<net id="541"><net_src comp="186" pin="0"/><net_sink comp="319" pin=89"/></net>

<net id="542"><net_src comp="188" pin="0"/><net_sink comp="319" pin=90"/></net>

<net id="543"><net_src comp="190" pin="0"/><net_sink comp="319" pin=91"/></net>

<net id="544"><net_src comp="192" pin="0"/><net_sink comp="319" pin=92"/></net>

<net id="545"><net_src comp="194" pin="0"/><net_sink comp="319" pin=93"/></net>

<net id="546"><net_src comp="196" pin="0"/><net_sink comp="319" pin=94"/></net>

<net id="547"><net_src comp="198" pin="0"/><net_sink comp="319" pin=95"/></net>

<net id="548"><net_src comp="200" pin="0"/><net_sink comp="319" pin=96"/></net>

<net id="549"><net_src comp="202" pin="0"/><net_sink comp="319" pin=97"/></net>

<net id="550"><net_src comp="204" pin="0"/><net_sink comp="319" pin=98"/></net>

<net id="551"><net_src comp="206" pin="0"/><net_sink comp="319" pin=99"/></net>

<net id="552"><net_src comp="208" pin="0"/><net_sink comp="319" pin=100"/></net>

<net id="553"><net_src comp="210" pin="0"/><net_sink comp="319" pin=101"/></net>

<net id="554"><net_src comp="212" pin="0"/><net_sink comp="319" pin=102"/></net>

<net id="555"><net_src comp="214" pin="0"/><net_sink comp="319" pin=103"/></net>

<net id="556"><net_src comp="176" pin="0"/><net_sink comp="319" pin=104"/></net>

<net id="557"><net_src comp="216" pin="0"/><net_sink comp="319" pin=105"/></net>

<net id="558"><net_src comp="218" pin="0"/><net_sink comp="319" pin=106"/></net>

<net id="559"><net_src comp="220" pin="0"/><net_sink comp="319" pin=107"/></net>

<net id="560"><net_src comp="112" pin="0"/><net_sink comp="319" pin=108"/></net>

<net id="561"><net_src comp="222" pin="0"/><net_sink comp="319" pin=109"/></net>

<net id="562"><net_src comp="76" pin="0"/><net_sink comp="319" pin=110"/></net>

<net id="563"><net_src comp="224" pin="0"/><net_sink comp="319" pin=111"/></net>

<net id="564"><net_src comp="116" pin="0"/><net_sink comp="319" pin=112"/></net>

<net id="565"><net_src comp="226" pin="0"/><net_sink comp="319" pin=113"/></net>

<net id="566"><net_src comp="140" pin="0"/><net_sink comp="319" pin=114"/></net>

<net id="567"><net_src comp="228" pin="0"/><net_sink comp="319" pin=115"/></net>

<net id="568"><net_src comp="230" pin="0"/><net_sink comp="319" pin=116"/></net>

<net id="569"><net_src comp="232" pin="0"/><net_sink comp="319" pin=117"/></net>

<net id="570"><net_src comp="234" pin="0"/><net_sink comp="319" pin=118"/></net>

<net id="571"><net_src comp="236" pin="0"/><net_sink comp="319" pin=119"/></net>

<net id="572"><net_src comp="176" pin="0"/><net_sink comp="319" pin=120"/></net>

<net id="573"><net_src comp="238" pin="0"/><net_sink comp="319" pin=121"/></net>

<net id="574"><net_src comp="240" pin="0"/><net_sink comp="319" pin=122"/></net>

<net id="575"><net_src comp="242" pin="0"/><net_sink comp="319" pin=123"/></net>

<net id="576"><net_src comp="244" pin="0"/><net_sink comp="319" pin=124"/></net>

<net id="577"><net_src comp="246" pin="0"/><net_sink comp="319" pin=125"/></net>

<net id="578"><net_src comp="248" pin="0"/><net_sink comp="319" pin=126"/></net>

<net id="579"><net_src comp="250" pin="0"/><net_sink comp="319" pin=127"/></net>

<net id="580"><net_src comp="252" pin="0"/><net_sink comp="319" pin=128"/></net>

<net id="581"><net_src comp="254" pin="0"/><net_sink comp="319" pin=129"/></net>

<net id="582"><net_src comp="315" pin="1"/><net_sink comp="319" pin=130"/></net>

<net id="586"><net_src comp="319" pin="131"/><net_sink comp="583" pin=0"/></net>

<net id="591"><net_src comp="583" pin="1"/><net_sink comp="587" pin=0"/></net>

<net id="592"><net_src comp="276" pin="2"/><net_sink comp="587" pin=1"/></net>

<net id="597"><net_src comp="309" pin="2"/><net_sink comp="593" pin=0"/></net>

<net id="601"><net_src comp="598" pin="1"/><net_sink comp="282" pin=2"/></net>

<net id="607"><net_src comp="266" pin="0"/><net_sink comp="602" pin=0"/></net>

<net id="608"><net_src comp="268" pin="0"/><net_sink comp="602" pin=2"/></net>

<net id="612"><net_src comp="602" pin="3"/><net_sink comp="609" pin=0"/></net>

<net id="613"><net_src comp="609" pin="1"/><net_sink comp="289" pin=1"/></net>

<net id="617"><net_src comp="272" pin="1"/><net_sink comp="614" pin=0"/></net>

<net id="618"><net_src comp="614" pin="1"/><net_sink comp="295" pin=1"/></net>

<net id="619"><net_src comp="614" pin="1"/><net_sink comp="300" pin=0"/></net>

<net id="620"><net_src comp="614" pin="1"/><net_sink comp="593" pin=1"/></net>

<net id="624"><net_src comp="300" pin="1"/><net_sink comp="621" pin=0"/></net>

<net id="625"><net_src comp="621" pin="1"/><net_sink comp="598" pin=0"/></net>

<net id="632"><net_src comp="587" pin="2"/><net_sink comp="629" pin=0"/></net>

<net id="633"><net_src comp="629" pin="1"/><net_sink comp="602" pin=1"/></net>

</net_list>

</model> 
---------------- Datapath Model END ------------------

* FSMD analyzer results:
  - Output states:
	Port: layer3_activations | {2 }
 - Input state : 
	Port: feedforward_Pipeline_VITIS_LOOP_48_12 : a_2_reload | {1 }
  - Chain level:
	State 1
		store_ln48 : 1
		x_1 : 1
		icmp_ln48 : 2
		add_ln48 : 2
		br_ln48 : 3
		trunc_ln48 : 2
		b : 3
		sext_ln18 : 4
		icmp_ln20 : 5
		store_ln48 : 3
	State 2
		zext_ln51 : 1
		layer3_activations_addr : 1
		store_ln57 : 2


============================================================
+ Verbose Summary: Datapath Resource usage 
============================================================

* Functional unit list:
|----------|-----------------------------|---------|---------|
| Operation|       Functional Unit       |    FF   |   LUT   |
|----------|-----------------------------|---------|---------|
| sparsemux|           b_fu_319          |    0    |   273   |
|----------|-----------------------------|---------|---------|
|   icmp   |       icmp_ln48_fu_303      |    0    |    14   |
|          |       icmp_ln20_fu_587      |    0    |    39   |
|----------|-----------------------------|---------|---------|
|    add   |       add_ln48_fu_309       |    0    |    14   |
|----------|-----------------------------|---------|---------|
|   read   | a_2_reload_read_read_fu_276 |    0    |    0    |
|----------|-----------------------------|---------|---------|
|   trunc  |      trunc_ln48_fu_315      |    0    |    0    |
|----------|-----------------------------|---------|---------|
|   sext   |       sext_ln18_fu_583      |    0    |    0    |
|----------|-----------------------------|---------|---------|
|   zext   |       zext_ln48_fu_598      |    0    |    0    |
|          |       zext_ln51_fu_609      |    0    |    0    |
|----------|-----------------------------|---------|---------|
|bitconcatenate|          cnt_fu_602         |    0    |    0    |
|----------|-----------------------------|---------|---------|
|   Total  |                             |    0    |   340   |
|----------|-----------------------------|---------|---------|

Memories:
N/A

* Register list:
+-----------------+--------+
|                 |   FF   |
+-----------------+--------+
|icmp_ln20_reg_629|    1   |
|   x_1_reg_621   |    7   |
|    x_reg_614    |    7   |
+-----------------+--------+
|      Total      |   15   |
+-----------------+--------+

* Multiplexer (MUX) list: 
|--------|------|------|------|--------|
|  Comp  |  Pin | Size |  BW  | S x BW |
|--------|------|------|------|--------|
|  Total |      |      |      |    0   |
|--------|------|------|------|--------|



* Summary:
+-----------+--------+--------+
|           |   FF   |   LUT  |
+-----------+--------+--------+
|  Function |    0   |   340  |
|   Memory  |    -   |    -   |
|Multiplexer|    -   |    -   |
|  Register |   15   |    -   |
+-----------+--------+--------+
|   Total   |   15   |   340  |
+-----------+--------+--------+
