

================================================================
== Vitis HLS Report for 'feedforward_Pipeline_VITIS_LOOP_46_12'
================================================================
* Date:           Sat Jun 14 08:40:14 2025

* Version:        2024.2 (Build 5238294 on Nov  8 2024)
* Project:        bnn_hls
* Solution:       hls (Vivado IP Flow Target)
* Product family: zynq
* Target device:  xc7z020-clg400-1


================================================================
== Performance Estimates
================================================================
+ Timing: 
    * Summary: 
    +--------+----------+----------+------------+
    |  Clock |  Target  | Estimated| Uncertainty|
    +--------+----------+----------+------------+
    |ap_clk  |  10.00 ns|  6.990 ns|     2.70 ns|
    +--------+----------+----------+------------+

+ Latency: 
    * Summary: 
    +---------+---------+----------+----------+-----+-----+------------------------------------------------+
    |  Latency (cycles) |  Latency (absolute) |  Interval |                    Pipeline                    |
    |   min   |   max   |    min   |    max   | min | max |                      Type                      |
    +---------+---------+----------+----------+-----+-----+------------------------------------------------+
    |       13|       13|  0.130 us|  0.130 us|   11|   11|  loop auto-rewind stp (delay=0 clock cycles(s))|
    +---------+---------+----------+----------+-----+-----+------------------------------------------------+

    + Detail: 
        * Instance: 
        N/A

        * Loop: 
        +-------------------+---------+---------+----------+-----------+-----------+------+----------+
        |                   |  Latency (cycles) | Iteration|  Initiation Interval  | Trip |          |
        |     Loop Name     |   min   |   max   |  Latency |  achieved |   target  | Count| Pipelined|
        +-------------------+---------+---------+----------+-----------+-----------+------+----------+
        |- VITIS_LOOP_46_1  |       11|       11|         3|          1|          1|    10|       yes|
        +-------------------+---------+---------+----------+-----------+-----------+------+----------+

============================================================
+ Verbose Summary: Synthesis Manager
============================================================
InlineROM: 1
ExposeGlobal: 0
============================================================
+ Verbose Summary: CDFG Model
============================================================
IsTopModel: 0
ResetActiveHigh: 1
IsCombinational: 0
IsDatapathOnly: 0
HasWiredReturn: 1
HasMFsm: 2
HasVarLatency: 1
IsPipeline: 0
IsRtlPipelined: 0
IsInstanceOverlapped: 0
IsDontTouch: 0
HasImplIP: 0
IsGatedGlobalClock: 0

+ Individual pipeline summary: 
  * Pipeline-0: initiation interval (II) = 1, depth = 3


============================================================
+ Verbose Summary: Schedule
============================================================
* Number of FSM states : 3
* Pipeline : 1
  Pipeline-0 : II = 1, D = 3, States = { 1 2 3 }
* Dataflow Pipeline: 0

* FSM state transitions: 
1 --> 2 
2 --> 3 
3 --> 

* FSM state operations: 

State 1 <SV = 0> <Delay = 5.68>
ST_1 : Operation 6 [1/1] (0.00ns)   --->   "%x = alloca i32 1" [bnn.cpp:46->bnn.cpp:132]   --->   Operation 6 'alloca' 'x' <Predicate = true> <Delay = 0.00>
ST_1 : Operation 7 [1/1] (0.00ns)   --->   "%layer2_quant_63_reload_read = read i32 @_ssdm_op_Read.ap_auto.i32, i32 %layer2_quant_63_reload"   --->   Operation 7 'read' 'layer2_quant_63_reload_read' <Predicate = true> <Delay = 0.00>
ST_1 : Operation 8 [1/1] (0.00ns)   --->   "%layer2_quant_62_reload_read = read i32 @_ssdm_op_Read.ap_auto.i32, i32 %layer2_quant_62_reload"   --->   Operation 8 'read' 'layer2_quant_62_reload_read' <Predicate = true> <Delay = 0.00>
ST_1 : Operation 9 [1/1] (0.00ns)   --->   "%layer2_quant_61_reload_read = read i32 @_ssdm_op_Read.ap_auto.i32, i32 %layer2_quant_61_reload"   --->   Operation 9 'read' 'layer2_quant_61_reload_read' <Predicate = true> <Delay = 0.00>
ST_1 : Operation 10 [1/1] (0.00ns)   --->   "%layer2_quant_60_reload_read = read i32 @_ssdm_op_Read.ap_auto.i32, i32 %layer2_quant_60_reload"   --->   Operation 10 'read' 'layer2_quant_60_reload_read' <Predicate = true> <Delay = 0.00>
ST_1 : Operation 11 [1/1] (0.00ns)   --->   "%layer2_quant_59_reload_read = read i32 @_ssdm_op_Read.ap_auto.i32, i32 %layer2_quant_59_reload"   --->   Operation 11 'read' 'layer2_quant_59_reload_read' <Predicate = true> <Delay = 0.00>
ST_1 : Operation 12 [1/1] (0.00ns)   --->   "%layer2_quant_58_reload_read = read i32 @_ssdm_op_Read.ap_auto.i32, i32 %layer2_quant_58_reload"   --->   Operation 12 'read' 'layer2_quant_58_reload_read' <Predicate = true> <Delay = 0.00>
ST_1 : Operation 13 [1/1] (0.00ns)   --->   "%layer2_quant_57_reload_read = read i32 @_ssdm_op_Read.ap_auto.i32, i32 %layer2_quant_57_reload"   --->   Operation 13 'read' 'layer2_quant_57_reload_read' <Predicate = true> <Delay = 0.00>
ST_1 : Operation 14 [1/1] (0.00ns)   --->   "%layer2_quant_56_reload_read = read i32 @_ssdm_op_Read.ap_auto.i32, i32 %layer2_quant_56_reload"   --->   Operation 14 'read' 'layer2_quant_56_reload_read' <Predicate = true> <Delay = 0.00>
ST_1 : Operation 15 [1/1] (0.00ns)   --->   "%layer2_quant_55_reload_read = read i32 @_ssdm_op_Read.ap_auto.i32, i32 %layer2_quant_55_reload"   --->   Operation 15 'read' 'layer2_quant_55_reload_read' <Predicate = true> <Delay = 0.00>
ST_1 : Operation 16 [1/1] (0.00ns)   --->   "%layer2_quant_54_reload_read = read i32 @_ssdm_op_Read.ap_auto.i32, i32 %layer2_quant_54_reload"   --->   Operation 16 'read' 'layer2_quant_54_reload_read' <Predicate = true> <Delay = 0.00>
ST_1 : Operation 17 [1/1] (0.00ns)   --->   "%layer2_quant_53_reload_read = read i32 @_ssdm_op_Read.ap_auto.i32, i32 %layer2_quant_53_reload"   --->   Operation 17 'read' 'layer2_quant_53_reload_read' <Predicate = true> <Delay = 0.00>
ST_1 : Operation 18 [1/1] (0.00ns)   --->   "%layer2_quant_52_reload_read = read i32 @_ssdm_op_Read.ap_auto.i32, i32 %layer2_quant_52_reload"   --->   Operation 18 'read' 'layer2_quant_52_reload_read' <Predicate = true> <Delay = 0.00>
ST_1 : Operation 19 [1/1] (0.00ns)   --->   "%layer2_quant_51_reload_read = read i32 @_ssdm_op_Read.ap_auto.i32, i32 %layer2_quant_51_reload"   --->   Operation 19 'read' 'layer2_quant_51_reload_read' <Predicate = true> <Delay = 0.00>
ST_1 : Operation 20 [1/1] (0.00ns)   --->   "%layer2_quant_50_reload_read = read i32 @_ssdm_op_Read.ap_auto.i32, i32 %layer2_quant_50_reload"   --->   Operation 20 'read' 'layer2_quant_50_reload_read' <Predicate = true> <Delay = 0.00>
ST_1 : Operation 21 [1/1] (0.00ns)   --->   "%layer2_quant_49_reload_read = read i32 @_ssdm_op_Read.ap_auto.i32, i32 %layer2_quant_49_reload"   --->   Operation 21 'read' 'layer2_quant_49_reload_read' <Predicate = true> <Delay = 0.00>
ST_1 : Operation 22 [1/1] (0.00ns)   --->   "%layer2_quant_48_reload_read = read i32 @_ssdm_op_Read.ap_auto.i32, i32 %layer2_quant_48_reload"   --->   Operation 22 'read' 'layer2_quant_48_reload_read' <Predicate = true> <Delay = 0.00>
ST_1 : Operation 23 [1/1] (0.00ns)   --->   "%layer2_quant_47_reload_read = read i32 @_ssdm_op_Read.ap_auto.i32, i32 %layer2_quant_47_reload"   --->   Operation 23 'read' 'layer2_quant_47_reload_read' <Predicate = true> <Delay = 0.00>
ST_1 : Operation 24 [1/1] (0.00ns)   --->   "%layer2_quant_46_reload_read = read i32 @_ssdm_op_Read.ap_auto.i32, i32 %layer2_quant_46_reload"   --->   Operation 24 'read' 'layer2_quant_46_reload_read' <Predicate = true> <Delay = 0.00>
ST_1 : Operation 25 [1/1] (0.00ns)   --->   "%layer2_quant_45_reload_read = read i32 @_ssdm_op_Read.ap_auto.i32, i32 %layer2_quant_45_reload"   --->   Operation 25 'read' 'layer2_quant_45_reload_read' <Predicate = true> <Delay = 0.00>
ST_1 : Operation 26 [1/1] (0.00ns)   --->   "%layer2_quant_44_reload_read = read i32 @_ssdm_op_Read.ap_auto.i32, i32 %layer2_quant_44_reload"   --->   Operation 26 'read' 'layer2_quant_44_reload_read' <Predicate = true> <Delay = 0.00>
ST_1 : Operation 27 [1/1] (0.00ns)   --->   "%layer2_quant_43_reload_read = read i32 @_ssdm_op_Read.ap_auto.i32, i32 %layer2_quant_43_reload"   --->   Operation 27 'read' 'layer2_quant_43_reload_read' <Predicate = true> <Delay = 0.00>
ST_1 : Operation 28 [1/1] (0.00ns)   --->   "%layer2_quant_42_reload_read = read i32 @_ssdm_op_Read.ap_auto.i32, i32 %layer2_quant_42_reload"   --->   Operation 28 'read' 'layer2_quant_42_reload_read' <Predicate = true> <Delay = 0.00>
ST_1 : Operation 29 [1/1] (0.00ns)   --->   "%layer2_quant_41_reload_read = read i32 @_ssdm_op_Read.ap_auto.i32, i32 %layer2_quant_41_reload"   --->   Operation 29 'read' 'layer2_quant_41_reload_read' <Predicate = true> <Delay = 0.00>
ST_1 : Operation 30 [1/1] (0.00ns)   --->   "%layer2_quant_40_reload_read = read i32 @_ssdm_op_Read.ap_auto.i32, i32 %layer2_quant_40_reload"   --->   Operation 30 'read' 'layer2_quant_40_reload_read' <Predicate = true> <Delay = 0.00>
ST_1 : Operation 31 [1/1] (0.00ns)   --->   "%layer2_quant_39_reload_read = read i32 @_ssdm_op_Read.ap_auto.i32, i32 %layer2_quant_39_reload"   --->   Operation 31 'read' 'layer2_quant_39_reload_read' <Predicate = true> <Delay = 0.00>
ST_1 : Operation 32 [1/1] (0.00ns)   --->   "%layer2_quant_38_reload_read = read i32 @_ssdm_op_Read.ap_auto.i32, i32 %layer2_quant_38_reload"   --->   Operation 32 'read' 'layer2_quant_38_reload_read' <Predicate = true> <Delay = 0.00>
ST_1 : Operation 33 [1/1] (0.00ns)   --->   "%layer2_quant_37_reload_read = read i32 @_ssdm_op_Read.ap_auto.i32, i32 %layer2_quant_37_reload"   --->   Operation 33 'read' 'layer2_quant_37_reload_read' <Predicate = true> <Delay = 0.00>
ST_1 : Operation 34 [1/1] (0.00ns)   --->   "%layer2_quant_36_reload_read = read i32 @_ssdm_op_Read.ap_auto.i32, i32 %layer2_quant_36_reload"   --->   Operation 34 'read' 'layer2_quant_36_reload_read' <Predicate = true> <Delay = 0.00>
ST_1 : Operation 35 [1/1] (0.00ns)   --->   "%layer2_quant_35_reload_read = read i32 @_ssdm_op_Read.ap_auto.i32, i32 %layer2_quant_35_reload"   --->   Operation 35 'read' 'layer2_quant_35_reload_read' <Predicate = true> <Delay = 0.00>
ST_1 : Operation 36 [1/1] (0.00ns)   --->   "%layer2_quant_34_reload_read = read i32 @_ssdm_op_Read.ap_auto.i32, i32 %layer2_quant_34_reload"   --->   Operation 36 'read' 'layer2_quant_34_reload_read' <Predicate = true> <Delay = 0.00>
ST_1 : Operation 37 [1/1] (0.00ns)   --->   "%layer2_quant_33_reload_read = read i32 @_ssdm_op_Read.ap_auto.i32, i32 %layer2_quant_33_reload"   --->   Operation 37 'read' 'layer2_quant_33_reload_read' <Predicate = true> <Delay = 0.00>
ST_1 : Operation 38 [1/1] (0.00ns)   --->   "%layer2_quant_32_reload_read = read i32 @_ssdm_op_Read.ap_auto.i32, i32 %layer2_quant_32_reload"   --->   Operation 38 'read' 'layer2_quant_32_reload_read' <Predicate = true> <Delay = 0.00>
ST_1 : Operation 39 [1/1] (0.00ns)   --->   "%layer2_quant_31_reload_read = read i32 @_ssdm_op_Read.ap_auto.i32, i32 %layer2_quant_31_reload"   --->   Operation 39 'read' 'layer2_quant_31_reload_read' <Predicate = true> <Delay = 0.00>
ST_1 : Operation 40 [1/1] (0.00ns)   --->   "%layer2_quant_30_reload_read = read i32 @_ssdm_op_Read.ap_auto.i32, i32 %layer2_quant_30_reload"   --->   Operation 40 'read' 'layer2_quant_30_reload_read' <Predicate = true> <Delay = 0.00>
ST_1 : Operation 41 [1/1] (0.00ns)   --->   "%layer2_quant_29_reload_read = read i32 @_ssdm_op_Read.ap_auto.i32, i32 %layer2_quant_29_reload"   --->   Operation 41 'read' 'layer2_quant_29_reload_read' <Predicate = true> <Delay = 0.00>
ST_1 : Operation 42 [1/1] (0.00ns)   --->   "%layer2_quant_28_reload_read = read i32 @_ssdm_op_Read.ap_auto.i32, i32 %layer2_quant_28_reload"   --->   Operation 42 'read' 'layer2_quant_28_reload_read' <Predicate = true> <Delay = 0.00>
ST_1 : Operation 43 [1/1] (0.00ns)   --->   "%layer2_quant_27_reload_read = read i32 @_ssdm_op_Read.ap_auto.i32, i32 %layer2_quant_27_reload"   --->   Operation 43 'read' 'layer2_quant_27_reload_read' <Predicate = true> <Delay = 0.00>
ST_1 : Operation 44 [1/1] (0.00ns)   --->   "%layer2_quant_26_reload_read = read i32 @_ssdm_op_Read.ap_auto.i32, i32 %layer2_quant_26_reload"   --->   Operation 44 'read' 'layer2_quant_26_reload_read' <Predicate = true> <Delay = 0.00>
ST_1 : Operation 45 [1/1] (0.00ns)   --->   "%layer2_quant_25_reload_read = read i32 @_ssdm_op_Read.ap_auto.i32, i32 %layer2_quant_25_reload"   --->   Operation 45 'read' 'layer2_quant_25_reload_read' <Predicate = true> <Delay = 0.00>
ST_1 : Operation 46 [1/1] (0.00ns)   --->   "%layer2_quant_24_reload_read = read i32 @_ssdm_op_Read.ap_auto.i32, i32 %layer2_quant_24_reload"   --->   Operation 46 'read' 'layer2_quant_24_reload_read' <Predicate = true> <Delay = 0.00>
ST_1 : Operation 47 [1/1] (0.00ns)   --->   "%layer2_quant_23_reload_read = read i32 @_ssdm_op_Read.ap_auto.i32, i32 %layer2_quant_23_reload"   --->   Operation 47 'read' 'layer2_quant_23_reload_read' <Predicate = true> <Delay = 0.00>
ST_1 : Operation 48 [1/1] (0.00ns)   --->   "%layer2_quant_22_reload_read = read i32 @_ssdm_op_Read.ap_auto.i32, i32 %layer2_quant_22_reload"   --->   Operation 48 'read' 'layer2_quant_22_reload_read' <Predicate = true> <Delay = 0.00>
ST_1 : Operation 49 [1/1] (0.00ns)   --->   "%layer2_quant_21_reload_read = read i32 @_ssdm_op_Read.ap_auto.i32, i32 %layer2_quant_21_reload"   --->   Operation 49 'read' 'layer2_quant_21_reload_read' <Predicate = true> <Delay = 0.00>
ST_1 : Operation 50 [1/1] (0.00ns)   --->   "%layer2_quant_20_reload_read = read i32 @_ssdm_op_Read.ap_auto.i32, i32 %layer2_quant_20_reload"   --->   Operation 50 'read' 'layer2_quant_20_reload_read' <Predicate = true> <Delay = 0.00>
ST_1 : Operation 51 [1/1] (0.00ns)   --->   "%layer2_quant_19_reload_read = read i32 @_ssdm_op_Read.ap_auto.i32, i32 %layer2_quant_19_reload"   --->   Operation 51 'read' 'layer2_quant_19_reload_read' <Predicate = true> <Delay = 0.00>
ST_1 : Operation 52 [1/1] (0.00ns)   --->   "%layer2_quant_18_reload_read = read i32 @_ssdm_op_Read.ap_auto.i32, i32 %layer2_quant_18_reload"   --->   Operation 52 'read' 'layer2_quant_18_reload_read' <Predicate = true> <Delay = 0.00>
ST_1 : Operation 53 [1/1] (0.00ns)   --->   "%layer2_quant_17_reload_read = read i32 @_ssdm_op_Read.ap_auto.i32, i32 %layer2_quant_17_reload"   --->   Operation 53 'read' 'layer2_quant_17_reload_read' <Predicate = true> <Delay = 0.00>
ST_1 : Operation 54 [1/1] (0.00ns)   --->   "%layer2_quant_16_reload_read = read i32 @_ssdm_op_Read.ap_auto.i32, i32 %layer2_quant_16_reload"   --->   Operation 54 'read' 'layer2_quant_16_reload_read' <Predicate = true> <Delay = 0.00>
ST_1 : Operation 55 [1/1] (0.00ns)   --->   "%layer2_quant_15_reload_read = read i32 @_ssdm_op_Read.ap_auto.i32, i32 %layer2_quant_15_reload"   --->   Operation 55 'read' 'layer2_quant_15_reload_read' <Predicate = true> <Delay = 0.00>
ST_1 : Operation 56 [1/1] (0.00ns)   --->   "%layer2_quant_14_reload_read = read i32 @_ssdm_op_Read.ap_auto.i32, i32 %layer2_quant_14_reload"   --->   Operation 56 'read' 'layer2_quant_14_reload_read' <Predicate = true> <Delay = 0.00>
ST_1 : Operation 57 [1/1] (0.00ns)   --->   "%layer2_quant_13_reload_read = read i32 @_ssdm_op_Read.ap_auto.i32, i32 %layer2_quant_13_reload"   --->   Operation 57 'read' 'layer2_quant_13_reload_read' <Predicate = true> <Delay = 0.00>
ST_1 : Operation 58 [1/1] (0.00ns)   --->   "%layer2_quant_12_reload_read = read i32 @_ssdm_op_Read.ap_auto.i32, i32 %layer2_quant_12_reload"   --->   Operation 58 'read' 'layer2_quant_12_reload_read' <Predicate = true> <Delay = 0.00>
ST_1 : Operation 59 [1/1] (0.00ns)   --->   "%layer2_quant_11_reload_read = read i32 @_ssdm_op_Read.ap_auto.i32, i32 %layer2_quant_11_reload"   --->   Operation 59 'read' 'layer2_quant_11_reload_read' <Predicate = true> <Delay = 0.00>
ST_1 : Operation 60 [1/1] (0.00ns)   --->   "%layer2_quant_10_reload_read = read i32 @_ssdm_op_Read.ap_auto.i32, i32 %layer2_quant_10_reload"   --->   Operation 60 'read' 'layer2_quant_10_reload_read' <Predicate = true> <Delay = 0.00>
ST_1 : Operation 61 [1/1] (0.00ns)   --->   "%layer2_quant_9_reload_read = read i32 @_ssdm_op_Read.ap_auto.i32, i32 %layer2_quant_9_reload"   --->   Operation 61 'read' 'layer2_quant_9_reload_read' <Predicate = true> <Delay = 0.00>
ST_1 : Operation 62 [1/1] (0.00ns)   --->   "%layer2_quant_8_reload_read = read i32 @_ssdm_op_Read.ap_auto.i32, i32 %layer2_quant_8_reload"   --->   Operation 62 'read' 'layer2_quant_8_reload_read' <Predicate = true> <Delay = 0.00>
ST_1 : Operation 63 [1/1] (0.00ns)   --->   "%layer2_quant_7_reload_read = read i32 @_ssdm_op_Read.ap_auto.i32, i32 %layer2_quant_7_reload"   --->   Operation 63 'read' 'layer2_quant_7_reload_read' <Predicate = true> <Delay = 0.00>
ST_1 : Operation 64 [1/1] (0.00ns)   --->   "%layer2_quant_6_reload_read = read i32 @_ssdm_op_Read.ap_auto.i32, i32 %layer2_quant_6_reload"   --->   Operation 64 'read' 'layer2_quant_6_reload_read' <Predicate = true> <Delay = 0.00>
ST_1 : Operation 65 [1/1] (0.00ns)   --->   "%layer2_quant_5_reload_read = read i32 @_ssdm_op_Read.ap_auto.i32, i32 %layer2_quant_5_reload"   --->   Operation 65 'read' 'layer2_quant_5_reload_read' <Predicate = true> <Delay = 0.00>
ST_1 : Operation 66 [1/1] (0.00ns)   --->   "%layer2_quant_4_reload_read = read i32 @_ssdm_op_Read.ap_auto.i32, i32 %layer2_quant_4_reload"   --->   Operation 66 'read' 'layer2_quant_4_reload_read' <Predicate = true> <Delay = 0.00>
ST_1 : Operation 67 [1/1] (0.00ns)   --->   "%layer2_quant_3_reload_read = read i32 @_ssdm_op_Read.ap_auto.i32, i32 %layer2_quant_3_reload"   --->   Operation 67 'read' 'layer2_quant_3_reload_read' <Predicate = true> <Delay = 0.00>
ST_1 : Operation 68 [1/1] (0.00ns)   --->   "%layer2_quant_2_reload_read = read i32 @_ssdm_op_Read.ap_auto.i32, i32 %layer2_quant_2_reload"   --->   Operation 68 'read' 'layer2_quant_2_reload_read' <Predicate = true> <Delay = 0.00>
ST_1 : Operation 69 [1/1] (0.00ns)   --->   "%layer2_quant_1_reload_read = read i32 @_ssdm_op_Read.ap_auto.i32, i32 %layer2_quant_1_reload"   --->   Operation 69 'read' 'layer2_quant_1_reload_read' <Predicate = true> <Delay = 0.00>
ST_1 : Operation 70 [1/1] (0.00ns)   --->   "%layer2_quant_reload_read = read i32 @_ssdm_op_Read.ap_auto.i32, i32 %layer2_quant_reload"   --->   Operation 70 'read' 'layer2_quant_reload_read' <Predicate = true> <Delay = 0.00>
ST_1 : Operation 71 [1/1] (1.58ns)   --->   "%store_ln46 = store i4 0, i4 %x" [bnn.cpp:46->bnn.cpp:132]   --->   Operation 71 'store' 'store_ln46' <Predicate = true> <Delay = 1.58>
ST_1 : Operation 72 [1/1] (0.00ns)   --->   "%br_ln0 = br void %for.inc.i234"   --->   Operation 72 'br' 'br_ln0' <Predicate = true> <Delay = 0.00>
ST_1 : Operation 73 [1/1] (0.00ns)   --->   "%x_1 = load i4 %x" [bnn.cpp:46->bnn.cpp:132]   --->   Operation 73 'load' 'x_1' <Predicate = true> <Delay = 0.00>
ST_1 : Operation 74 [1/1] (1.73ns)   --->   "%icmp_ln46 = icmp_eq  i4 %x_1, i4 10" [bnn.cpp:46->bnn.cpp:132]   --->   Operation 74 'icmp' 'icmp_ln46' <Predicate = true> <Delay = 1.73> <CoreInst = "Cmp">   --->   Core 9 'Cmp' <Latency = 0> <II = 1> <Delay = 1.73> <FuncUnit> <Opcode : 'seteq' 'setne' 'setle' 'setge' 'setlt' 'setgt'> <InPorts = 2> <OutPorts = 1>
ST_1 : Operation 75 [1/1] (0.00ns)   --->   "%speclooptripcount_ln0 = speclooptripcount void @_ssdm_op_SpecLoopTripCount, i64 10, i64 10, i64 10"   --->   Operation 75 'speclooptripcount' 'speclooptripcount_ln0' <Predicate = true> <Delay = 0.00>
ST_1 : Operation 76 [1/1] (1.73ns)   --->   "%add_ln46 = add i4 %x_1, i4 1" [bnn.cpp:46->bnn.cpp:132]   --->   Operation 76 'add' 'add_ln46' <Predicate = true> <Delay = 1.73> <CoreInst = "Adder">   --->   Core 1 'Adder' <Latency = 0> <II = 1> <Delay = 1.73> <FuncUnit> <Opcode : 'add' 'sub'> <InPorts = 2> <OutPorts = 1>
ST_1 : Operation 77 [1/1] (0.00ns)   --->   "%br_ln46 = br i1 %icmp_ln46, void %for.inc.i234.split, void %for.inc73.preheader.exitStub" [bnn.cpp:46->bnn.cpp:132]   --->   Operation 77 'br' 'br_ln46' <Predicate = true> <Delay = 0.00>
ST_1 : Operation 78 [1/1] (2.55ns)   --->   "%cnt = icmp_eq  i32 %layer2_quant_reload_read, i32 1" [bnn.cpp:20->bnn.cpp:51->bnn.cpp:132]   --->   Operation 78 'icmp' 'cnt' <Predicate = (!icmp_ln46)> <Delay = 2.55> <CoreInst = "Cmp">   --->   Core 9 'Cmp' <Latency = 0> <II = 1> <Delay = 2.55> <FuncUnit> <Opcode : 'seteq' 'setne' 'setle' 'setge' 'setlt' 'setgt'> <InPorts = 2> <OutPorts = 1>
ST_1 : Operation 79 [1/1] (0.00ns)   --->   "%zext_ln48 = zext i1 %cnt" [bnn.cpp:48->bnn.cpp:132]   --->   Operation 79 'zext' 'zext_ln48' <Predicate = (!icmp_ln46)> <Delay = 0.00>
ST_1 : Operation 80 [1/1] (2.55ns)   --->   "%icmp_ln20 = icmp_eq  i32 %layer2_quant_1_reload_read, i32 1" [bnn.cpp:20->bnn.cpp:51->bnn.cpp:132]   --->   Operation 80 'icmp' 'icmp_ln20' <Predicate = (!icmp_ln46)> <Delay = 2.55> <CoreInst = "Cmp">   --->   Core 9 'Cmp' <Latency = 0> <II = 1> <Delay = 2.55> <FuncUnit> <Opcode : 'seteq' 'setne' 'setle' 'setge' 'setlt' 'setgt'> <InPorts = 2> <OutPorts = 1>
ST_1 : Operation 81 [1/1] (0.00ns)   --->   "%zext_ln19 = zext i1 %icmp_ln20" [bnn.cpp:19->bnn.cpp:51->bnn.cpp:132]   --->   Operation 81 'zext' 'zext_ln19' <Predicate = (!icmp_ln46)> <Delay = 0.00>
ST_1 : Operation 82 [1/1] (2.55ns)   --->   "%icmp_ln20_1 = icmp_eq  i32 %layer2_quant_2_reload_read, i32 1" [bnn.cpp:20->bnn.cpp:51->bnn.cpp:132]   --->   Operation 82 'icmp' 'icmp_ln20_1' <Predicate = (!icmp_ln46)> <Delay = 2.55> <CoreInst = "Cmp">   --->   Core 9 'Cmp' <Latency = 0> <II = 1> <Delay = 2.55> <FuncUnit> <Opcode : 'seteq' 'setne' 'setle' 'setge' 'setlt' 'setgt'> <InPorts = 2> <OutPorts = 1>
ST_1 : Operation 83 [1/1] (0.00ns)   --->   "%zext_ln19_1 = zext i1 %icmp_ln20_1" [bnn.cpp:19->bnn.cpp:51->bnn.cpp:132]   --->   Operation 83 'zext' 'zext_ln19_1' <Predicate = (!icmp_ln46)> <Delay = 0.00>
ST_1 : Operation 84 [1/1] (2.55ns)   --->   "%icmp_ln20_2 = icmp_eq  i32 %layer2_quant_3_reload_read, i32 0" [bnn.cpp:20->bnn.cpp:51->bnn.cpp:132]   --->   Operation 84 'icmp' 'icmp_ln20_2' <Predicate = (!icmp_ln46)> <Delay = 2.55> <CoreInst = "Cmp">   --->   Core 9 'Cmp' <Latency = 0> <II = 1> <Delay = 2.55> <FuncUnit> <Opcode : 'seteq' 'setne' 'setle' 'setge' 'setlt' 'setgt'> <InPorts = 2> <OutPorts = 1>
ST_1 : Operation 85 [1/1] (0.00ns)   --->   "%zext_ln19_2 = zext i1 %icmp_ln20_2" [bnn.cpp:19->bnn.cpp:51->bnn.cpp:132]   --->   Operation 85 'zext' 'zext_ln19_2' <Predicate = (!icmp_ln46)> <Delay = 0.00>
ST_1 : Operation 86 [1/1] (2.55ns)   --->   "%icmp_ln20_3 = icmp_eq  i32 %layer2_quant_4_reload_read, i32 1" [bnn.cpp:20->bnn.cpp:51->bnn.cpp:132]   --->   Operation 86 'icmp' 'icmp_ln20_3' <Predicate = (!icmp_ln46)> <Delay = 2.55> <CoreInst = "Cmp">   --->   Core 9 'Cmp' <Latency = 0> <II = 1> <Delay = 2.55> <FuncUnit> <Opcode : 'seteq' 'setne' 'setle' 'setge' 'setlt' 'setgt'> <InPorts = 2> <OutPorts = 1>
ST_1 : Operation 87 [1/1] (0.00ns)   --->   "%zext_ln19_3 = zext i1 %icmp_ln20_3" [bnn.cpp:19->bnn.cpp:51->bnn.cpp:132]   --->   Operation 87 'zext' 'zext_ln19_3' <Predicate = (!icmp_ln46)> <Delay = 0.00>
ST_1 : Operation 88 [1/1] (2.55ns)   --->   "%icmp_ln20_4 = icmp_eq  i32 %layer2_quant_5_reload_read, i32 0" [bnn.cpp:20->bnn.cpp:51->bnn.cpp:132]   --->   Operation 88 'icmp' 'icmp_ln20_4' <Predicate = (!icmp_ln46)> <Delay = 2.55> <CoreInst = "Cmp">   --->   Core 9 'Cmp' <Latency = 0> <II = 1> <Delay = 2.55> <FuncUnit> <Opcode : 'seteq' 'setne' 'setle' 'setge' 'setlt' 'setgt'> <InPorts = 2> <OutPorts = 1>
ST_1 : Operation 89 [1/1] (0.00ns)   --->   "%zext_ln19_4 = zext i1 %icmp_ln20_4" [bnn.cpp:19->bnn.cpp:51->bnn.cpp:132]   --->   Operation 89 'zext' 'zext_ln19_4' <Predicate = (!icmp_ln46)> <Delay = 0.00>
ST_1 : Operation 90 [1/1] (2.55ns)   --->   "%icmp_ln20_5 = icmp_eq  i32 %layer2_quant_6_reload_read, i32 0" [bnn.cpp:20->bnn.cpp:51->bnn.cpp:132]   --->   Operation 90 'icmp' 'icmp_ln20_5' <Predicate = (!icmp_ln46)> <Delay = 2.55> <CoreInst = "Cmp">   --->   Core 9 'Cmp' <Latency = 0> <II = 1> <Delay = 2.55> <FuncUnit> <Opcode : 'seteq' 'setne' 'setle' 'setge' 'setlt' 'setgt'> <InPorts = 2> <OutPorts = 1>
ST_1 : Operation 91 [1/1] (0.00ns)   --->   "%zext_ln19_5 = zext i1 %icmp_ln20_5" [bnn.cpp:19->bnn.cpp:51->bnn.cpp:132]   --->   Operation 91 'zext' 'zext_ln19_5' <Predicate = (!icmp_ln46)> <Delay = 0.00>
ST_1 : Operation 92 [1/1] (2.55ns)   --->   "%icmp_ln20_6 = icmp_eq  i32 %layer2_quant_7_reload_read, i32 0" [bnn.cpp:20->bnn.cpp:51->bnn.cpp:132]   --->   Operation 92 'icmp' 'icmp_ln20_6' <Predicate = (!icmp_ln46)> <Delay = 2.55> <CoreInst = "Cmp">   --->   Core 9 'Cmp' <Latency = 0> <II = 1> <Delay = 2.55> <FuncUnit> <Opcode : 'seteq' 'setne' 'setle' 'setge' 'setlt' 'setgt'> <InPorts = 2> <OutPorts = 1>
ST_1 : Operation 93 [1/1] (0.00ns)   --->   "%zext_ln19_6 = zext i1 %icmp_ln20_6" [bnn.cpp:19->bnn.cpp:51->bnn.cpp:132]   --->   Operation 93 'zext' 'zext_ln19_6' <Predicate = (!icmp_ln46)> <Delay = 0.00>
ST_1 : Operation 94 [1/1] (2.55ns)   --->   "%icmp_ln20_7 = icmp_eq  i32 %layer2_quant_8_reload_read, i32 0" [bnn.cpp:20->bnn.cpp:51->bnn.cpp:132]   --->   Operation 94 'icmp' 'icmp_ln20_7' <Predicate = (!icmp_ln46)> <Delay = 2.55> <CoreInst = "Cmp">   --->   Core 9 'Cmp' <Latency = 0> <II = 1> <Delay = 2.55> <FuncUnit> <Opcode : 'seteq' 'setne' 'setle' 'setge' 'setlt' 'setgt'> <InPorts = 2> <OutPorts = 1>
ST_1 : Operation 95 [1/1] (0.00ns)   --->   "%zext_ln19_7 = zext i1 %icmp_ln20_7" [bnn.cpp:19->bnn.cpp:51->bnn.cpp:132]   --->   Operation 95 'zext' 'zext_ln19_7' <Predicate = (!icmp_ln46)> <Delay = 0.00>
ST_1 : Operation 96 [1/1] (2.55ns)   --->   "%icmp_ln20_8 = icmp_eq  i32 %layer2_quant_9_reload_read, i32 1" [bnn.cpp:20->bnn.cpp:51->bnn.cpp:132]   --->   Operation 96 'icmp' 'icmp_ln20_8' <Predicate = (!icmp_ln46)> <Delay = 2.55> <CoreInst = "Cmp">   --->   Core 9 'Cmp' <Latency = 0> <II = 1> <Delay = 2.55> <FuncUnit> <Opcode : 'seteq' 'setne' 'setle' 'setge' 'setlt' 'setgt'> <InPorts = 2> <OutPorts = 1>
ST_1 : Operation 97 [1/1] (0.00ns)   --->   "%zext_ln19_8 = zext i1 %icmp_ln20_8" [bnn.cpp:19->bnn.cpp:51->bnn.cpp:132]   --->   Operation 97 'zext' 'zext_ln19_8' <Predicate = (!icmp_ln46)> <Delay = 0.00>
ST_1 : Operation 98 [1/1] (2.55ns)   --->   "%icmp_ln20_9 = icmp_eq  i32 %layer2_quant_10_reload_read, i32 1" [bnn.cpp:20->bnn.cpp:51->bnn.cpp:132]   --->   Operation 98 'icmp' 'icmp_ln20_9' <Predicate = (!icmp_ln46)> <Delay = 2.55> <CoreInst = "Cmp">   --->   Core 9 'Cmp' <Latency = 0> <II = 1> <Delay = 2.55> <FuncUnit> <Opcode : 'seteq' 'setne' 'setle' 'setge' 'setlt' 'setgt'> <InPorts = 2> <OutPorts = 1>
ST_1 : Operation 99 [1/1] (0.00ns)   --->   "%zext_ln19_9 = zext i1 %icmp_ln20_9" [bnn.cpp:19->bnn.cpp:51->bnn.cpp:132]   --->   Operation 99 'zext' 'zext_ln19_9' <Predicate = (!icmp_ln46)> <Delay = 0.00>
ST_1 : Operation 100 [1/1] (2.55ns)   --->   "%icmp_ln20_10 = icmp_eq  i32 %layer2_quant_11_reload_read, i32 0" [bnn.cpp:20->bnn.cpp:51->bnn.cpp:132]   --->   Operation 100 'icmp' 'icmp_ln20_10' <Predicate = (!icmp_ln46)> <Delay = 2.55> <CoreInst = "Cmp">   --->   Core 9 'Cmp' <Latency = 0> <II = 1> <Delay = 2.55> <FuncUnit> <Opcode : 'seteq' 'setne' 'setle' 'setge' 'setlt' 'setgt'> <InPorts = 2> <OutPorts = 1>
ST_1 : Operation 101 [1/1] (0.00ns)   --->   "%zext_ln19_10 = zext i1 %icmp_ln20_10" [bnn.cpp:19->bnn.cpp:51->bnn.cpp:132]   --->   Operation 101 'zext' 'zext_ln19_10' <Predicate = (!icmp_ln46)> <Delay = 0.00>
ST_1 : Operation 102 [1/1] (2.55ns)   --->   "%icmp_ln20_11 = icmp_eq  i32 %layer2_quant_12_reload_read, i32 0" [bnn.cpp:20->bnn.cpp:51->bnn.cpp:132]   --->   Operation 102 'icmp' 'icmp_ln20_11' <Predicate = (!icmp_ln46)> <Delay = 2.55> <CoreInst = "Cmp">   --->   Core 9 'Cmp' <Latency = 0> <II = 1> <Delay = 2.55> <FuncUnit> <Opcode : 'seteq' 'setne' 'setle' 'setge' 'setlt' 'setgt'> <InPorts = 2> <OutPorts = 1>
ST_1 : Operation 103 [1/1] (0.00ns)   --->   "%zext_ln19_11 = zext i1 %icmp_ln20_11" [bnn.cpp:19->bnn.cpp:51->bnn.cpp:132]   --->   Operation 103 'zext' 'zext_ln19_11' <Predicate = (!icmp_ln46)> <Delay = 0.00>
ST_1 : Operation 104 [1/1] (2.55ns)   --->   "%icmp_ln20_12 = icmp_eq  i32 %layer2_quant_13_reload_read, i32 0" [bnn.cpp:20->bnn.cpp:51->bnn.cpp:132]   --->   Operation 104 'icmp' 'icmp_ln20_12' <Predicate = (!icmp_ln46)> <Delay = 2.55> <CoreInst = "Cmp">   --->   Core 9 'Cmp' <Latency = 0> <II = 1> <Delay = 2.55> <FuncUnit> <Opcode : 'seteq' 'setne' 'setle' 'setge' 'setlt' 'setgt'> <InPorts = 2> <OutPorts = 1>
ST_1 : Operation 105 [1/1] (0.00ns)   --->   "%zext_ln19_12 = zext i1 %icmp_ln20_12" [bnn.cpp:19->bnn.cpp:51->bnn.cpp:132]   --->   Operation 105 'zext' 'zext_ln19_12' <Predicate = (!icmp_ln46)> <Delay = 0.00>
ST_1 : Operation 106 [1/1] (2.55ns)   --->   "%icmp_ln20_13 = icmp_eq  i32 %layer2_quant_14_reload_read, i32 1" [bnn.cpp:20->bnn.cpp:51->bnn.cpp:132]   --->   Operation 106 'icmp' 'icmp_ln20_13' <Predicate = (!icmp_ln46)> <Delay = 2.55> <CoreInst = "Cmp">   --->   Core 9 'Cmp' <Latency = 0> <II = 1> <Delay = 2.55> <FuncUnit> <Opcode : 'seteq' 'setne' 'setle' 'setge' 'setlt' 'setgt'> <InPorts = 2> <OutPorts = 1>
ST_1 : Operation 107 [1/1] (0.00ns)   --->   "%zext_ln19_13 = zext i1 %icmp_ln20_13" [bnn.cpp:19->bnn.cpp:51->bnn.cpp:132]   --->   Operation 107 'zext' 'zext_ln19_13' <Predicate = (!icmp_ln46)> <Delay = 0.00>
ST_1 : Operation 108 [1/1] (2.55ns)   --->   "%icmp_ln20_14 = icmp_eq  i32 %layer2_quant_15_reload_read, i32 0" [bnn.cpp:20->bnn.cpp:51->bnn.cpp:132]   --->   Operation 108 'icmp' 'icmp_ln20_14' <Predicate = (!icmp_ln46)> <Delay = 2.55> <CoreInst = "Cmp">   --->   Core 9 'Cmp' <Latency = 0> <II = 1> <Delay = 2.55> <FuncUnit> <Opcode : 'seteq' 'setne' 'setle' 'setge' 'setlt' 'setgt'> <InPorts = 2> <OutPorts = 1>
ST_1 : Operation 109 [1/1] (0.00ns)   --->   "%zext_ln19_14 = zext i1 %icmp_ln20_14" [bnn.cpp:19->bnn.cpp:51->bnn.cpp:132]   --->   Operation 109 'zext' 'zext_ln19_14' <Predicate = (!icmp_ln46)> <Delay = 0.00>
ST_1 : Operation 110 [1/1] (2.55ns)   --->   "%icmp_ln20_15 = icmp_eq  i32 %layer2_quant_16_reload_read, i32 1" [bnn.cpp:20->bnn.cpp:51->bnn.cpp:132]   --->   Operation 110 'icmp' 'icmp_ln20_15' <Predicate = (!icmp_ln46)> <Delay = 2.55> <CoreInst = "Cmp">   --->   Core 9 'Cmp' <Latency = 0> <II = 1> <Delay = 2.55> <FuncUnit> <Opcode : 'seteq' 'setne' 'setle' 'setge' 'setlt' 'setgt'> <InPorts = 2> <OutPorts = 1>
ST_1 : Operation 111 [1/1] (0.00ns)   --->   "%zext_ln19_15 = zext i1 %icmp_ln20_15" [bnn.cpp:19->bnn.cpp:51->bnn.cpp:132]   --->   Operation 111 'zext' 'zext_ln19_15' <Predicate = (!icmp_ln46)> <Delay = 0.00>
ST_1 : Operation 112 [1/1] (2.55ns)   --->   "%icmp_ln20_16 = icmp_eq  i32 %layer2_quant_17_reload_read, i32 1" [bnn.cpp:20->bnn.cpp:51->bnn.cpp:132]   --->   Operation 112 'icmp' 'icmp_ln20_16' <Predicate = (!icmp_ln46)> <Delay = 2.55> <CoreInst = "Cmp">   --->   Core 9 'Cmp' <Latency = 0> <II = 1> <Delay = 2.55> <FuncUnit> <Opcode : 'seteq' 'setne' 'setle' 'setge' 'setlt' 'setgt'> <InPorts = 2> <OutPorts = 1>
ST_1 : Operation 113 [1/1] (0.00ns)   --->   "%zext_ln19_16 = zext i1 %icmp_ln20_16" [bnn.cpp:19->bnn.cpp:51->bnn.cpp:132]   --->   Operation 113 'zext' 'zext_ln19_16' <Predicate = (!icmp_ln46)> <Delay = 0.00>
ST_1 : Operation 114 [1/1] (2.55ns)   --->   "%icmp_ln20_17 = icmp_eq  i32 %layer2_quant_18_reload_read, i32 1" [bnn.cpp:20->bnn.cpp:51->bnn.cpp:132]   --->   Operation 114 'icmp' 'icmp_ln20_17' <Predicate = (!icmp_ln46)> <Delay = 2.55> <CoreInst = "Cmp">   --->   Core 9 'Cmp' <Latency = 0> <II = 1> <Delay = 2.55> <FuncUnit> <Opcode : 'seteq' 'setne' 'setle' 'setge' 'setlt' 'setgt'> <InPorts = 2> <OutPorts = 1>
ST_1 : Operation 115 [1/1] (0.00ns)   --->   "%zext_ln19_17 = zext i1 %icmp_ln20_17" [bnn.cpp:19->bnn.cpp:51->bnn.cpp:132]   --->   Operation 115 'zext' 'zext_ln19_17' <Predicate = (!icmp_ln46)> <Delay = 0.00>
ST_1 : Operation 116 [1/1] (2.55ns)   --->   "%icmp_ln20_18 = icmp_eq  i32 %layer2_quant_19_reload_read, i32 0" [bnn.cpp:20->bnn.cpp:51->bnn.cpp:132]   --->   Operation 116 'icmp' 'icmp_ln20_18' <Predicate = (!icmp_ln46)> <Delay = 2.55> <CoreInst = "Cmp">   --->   Core 9 'Cmp' <Latency = 0> <II = 1> <Delay = 2.55> <FuncUnit> <Opcode : 'seteq' 'setne' 'setle' 'setge' 'setlt' 'setgt'> <InPorts = 2> <OutPorts = 1>
ST_1 : Operation 117 [1/1] (0.00ns)   --->   "%zext_ln19_18 = zext i1 %icmp_ln20_18" [bnn.cpp:19->bnn.cpp:51->bnn.cpp:132]   --->   Operation 117 'zext' 'zext_ln19_18' <Predicate = (!icmp_ln46)> <Delay = 0.00>
ST_1 : Operation 118 [1/1] (2.55ns)   --->   "%icmp_ln20_19 = icmp_eq  i32 %layer2_quant_20_reload_read, i32 0" [bnn.cpp:20->bnn.cpp:51->bnn.cpp:132]   --->   Operation 118 'icmp' 'icmp_ln20_19' <Predicate = (!icmp_ln46)> <Delay = 2.55> <CoreInst = "Cmp">   --->   Core 9 'Cmp' <Latency = 0> <II = 1> <Delay = 2.55> <FuncUnit> <Opcode : 'seteq' 'setne' 'setle' 'setge' 'setlt' 'setgt'> <InPorts = 2> <OutPorts = 1>
ST_1 : Operation 119 [1/1] (0.00ns)   --->   "%zext_ln19_19 = zext i1 %icmp_ln20_19" [bnn.cpp:19->bnn.cpp:51->bnn.cpp:132]   --->   Operation 119 'zext' 'zext_ln19_19' <Predicate = (!icmp_ln46)> <Delay = 0.00>
ST_1 : Operation 120 [1/1] (2.55ns)   --->   "%icmp_ln20_20 = icmp_eq  i32 %layer2_quant_21_reload_read, i32 1" [bnn.cpp:20->bnn.cpp:51->bnn.cpp:132]   --->   Operation 120 'icmp' 'icmp_ln20_20' <Predicate = (!icmp_ln46)> <Delay = 2.55> <CoreInst = "Cmp">   --->   Core 9 'Cmp' <Latency = 0> <II = 1> <Delay = 2.55> <FuncUnit> <Opcode : 'seteq' 'setne' 'setle' 'setge' 'setlt' 'setgt'> <InPorts = 2> <OutPorts = 1>
ST_1 : Operation 121 [1/1] (0.00ns)   --->   "%zext_ln19_20 = zext i1 %icmp_ln20_20" [bnn.cpp:19->bnn.cpp:51->bnn.cpp:132]   --->   Operation 121 'zext' 'zext_ln19_20' <Predicate = (!icmp_ln46)> <Delay = 0.00>
ST_1 : Operation 122 [1/1] (2.55ns)   --->   "%icmp_ln20_21 = icmp_eq  i32 %layer2_quant_22_reload_read, i32 0" [bnn.cpp:20->bnn.cpp:51->bnn.cpp:132]   --->   Operation 122 'icmp' 'icmp_ln20_21' <Predicate = (!icmp_ln46)> <Delay = 2.55> <CoreInst = "Cmp">   --->   Core 9 'Cmp' <Latency = 0> <II = 1> <Delay = 2.55> <FuncUnit> <Opcode : 'seteq' 'setne' 'setle' 'setge' 'setlt' 'setgt'> <InPorts = 2> <OutPorts = 1>
ST_1 : Operation 123 [1/1] (0.00ns)   --->   "%zext_ln19_21 = zext i1 %icmp_ln20_21" [bnn.cpp:19->bnn.cpp:51->bnn.cpp:132]   --->   Operation 123 'zext' 'zext_ln19_21' <Predicate = (!icmp_ln46)> <Delay = 0.00>
ST_1 : Operation 124 [1/1] (2.55ns)   --->   "%icmp_ln20_22 = icmp_eq  i32 %layer2_quant_23_reload_read, i32 1" [bnn.cpp:20->bnn.cpp:51->bnn.cpp:132]   --->   Operation 124 'icmp' 'icmp_ln20_22' <Predicate = (!icmp_ln46)> <Delay = 2.55> <CoreInst = "Cmp">   --->   Core 9 'Cmp' <Latency = 0> <II = 1> <Delay = 2.55> <FuncUnit> <Opcode : 'seteq' 'setne' 'setle' 'setge' 'setlt' 'setgt'> <InPorts = 2> <OutPorts = 1>
ST_1 : Operation 125 [1/1] (0.00ns)   --->   "%zext_ln19_22 = zext i1 %icmp_ln20_22" [bnn.cpp:19->bnn.cpp:51->bnn.cpp:132]   --->   Operation 125 'zext' 'zext_ln19_22' <Predicate = (!icmp_ln46)> <Delay = 0.00>
ST_1 : Operation 126 [1/1] (2.55ns)   --->   "%icmp_ln20_23 = icmp_eq  i32 %layer2_quant_24_reload_read, i32 1" [bnn.cpp:20->bnn.cpp:51->bnn.cpp:132]   --->   Operation 126 'icmp' 'icmp_ln20_23' <Predicate = (!icmp_ln46)> <Delay = 2.55> <CoreInst = "Cmp">   --->   Core 9 'Cmp' <Latency = 0> <II = 1> <Delay = 2.55> <FuncUnit> <Opcode : 'seteq' 'setne' 'setle' 'setge' 'setlt' 'setgt'> <InPorts = 2> <OutPorts = 1>
ST_1 : Operation 127 [1/1] (0.00ns)   --->   "%zext_ln19_23 = zext i1 %icmp_ln20_23" [bnn.cpp:19->bnn.cpp:51->bnn.cpp:132]   --->   Operation 127 'zext' 'zext_ln19_23' <Predicate = (!icmp_ln46)> <Delay = 0.00>
ST_1 : Operation 128 [1/1] (2.55ns)   --->   "%icmp_ln20_24 = icmp_eq  i32 %layer2_quant_25_reload_read, i32 1" [bnn.cpp:20->bnn.cpp:51->bnn.cpp:132]   --->   Operation 128 'icmp' 'icmp_ln20_24' <Predicate = (!icmp_ln46)> <Delay = 2.55> <CoreInst = "Cmp">   --->   Core 9 'Cmp' <Latency = 0> <II = 1> <Delay = 2.55> <FuncUnit> <Opcode : 'seteq' 'setne' 'setle' 'setge' 'setlt' 'setgt'> <InPorts = 2> <OutPorts = 1>
ST_1 : Operation 129 [1/1] (0.00ns)   --->   "%zext_ln19_24 = zext i1 %icmp_ln20_24" [bnn.cpp:19->bnn.cpp:51->bnn.cpp:132]   --->   Operation 129 'zext' 'zext_ln19_24' <Predicate = (!icmp_ln46)> <Delay = 0.00>
ST_1 : Operation 130 [1/1] (2.55ns)   --->   "%icmp_ln20_25 = icmp_eq  i32 %layer2_quant_26_reload_read, i32 0" [bnn.cpp:20->bnn.cpp:51->bnn.cpp:132]   --->   Operation 130 'icmp' 'icmp_ln20_25' <Predicate = (!icmp_ln46)> <Delay = 2.55> <CoreInst = "Cmp">   --->   Core 9 'Cmp' <Latency = 0> <II = 1> <Delay = 2.55> <FuncUnit> <Opcode : 'seteq' 'setne' 'setle' 'setge' 'setlt' 'setgt'> <InPorts = 2> <OutPorts = 1>
ST_1 : Operation 131 [1/1] (0.00ns)   --->   "%zext_ln19_25 = zext i1 %icmp_ln20_25" [bnn.cpp:19->bnn.cpp:51->bnn.cpp:132]   --->   Operation 131 'zext' 'zext_ln19_25' <Predicate = (!icmp_ln46)> <Delay = 0.00>
ST_1 : Operation 132 [1/1] (2.55ns)   --->   "%icmp_ln20_26 = icmp_eq  i32 %layer2_quant_27_reload_read, i32 1" [bnn.cpp:20->bnn.cpp:51->bnn.cpp:132]   --->   Operation 132 'icmp' 'icmp_ln20_26' <Predicate = (!icmp_ln46)> <Delay = 2.55> <CoreInst = "Cmp">   --->   Core 9 'Cmp' <Latency = 0> <II = 1> <Delay = 2.55> <FuncUnit> <Opcode : 'seteq' 'setne' 'setle' 'setge' 'setlt' 'setgt'> <InPorts = 2> <OutPorts = 1>
ST_1 : Operation 133 [1/1] (0.00ns)   --->   "%zext_ln19_26 = zext i1 %icmp_ln20_26" [bnn.cpp:19->bnn.cpp:51->bnn.cpp:132]   --->   Operation 133 'zext' 'zext_ln19_26' <Predicate = (!icmp_ln46)> <Delay = 0.00>
ST_1 : Operation 134 [1/1] (2.55ns)   --->   "%icmp_ln20_27 = icmp_eq  i32 %layer2_quant_28_reload_read, i32 0" [bnn.cpp:20->bnn.cpp:51->bnn.cpp:132]   --->   Operation 134 'icmp' 'icmp_ln20_27' <Predicate = (!icmp_ln46)> <Delay = 2.55> <CoreInst = "Cmp">   --->   Core 9 'Cmp' <Latency = 0> <II = 1> <Delay = 2.55> <FuncUnit> <Opcode : 'seteq' 'setne' 'setle' 'setge' 'setlt' 'setgt'> <InPorts = 2> <OutPorts = 1>
ST_1 : Operation 135 [1/1] (0.00ns)   --->   "%zext_ln19_27 = zext i1 %icmp_ln20_27" [bnn.cpp:19->bnn.cpp:51->bnn.cpp:132]   --->   Operation 135 'zext' 'zext_ln19_27' <Predicate = (!icmp_ln46)> <Delay = 0.00>
ST_1 : Operation 136 [1/1] (2.55ns)   --->   "%icmp_ln20_28 = icmp_eq  i32 %layer2_quant_29_reload_read, i32 1" [bnn.cpp:20->bnn.cpp:51->bnn.cpp:132]   --->   Operation 136 'icmp' 'icmp_ln20_28' <Predicate = (!icmp_ln46)> <Delay = 2.55> <CoreInst = "Cmp">   --->   Core 9 'Cmp' <Latency = 0> <II = 1> <Delay = 2.55> <FuncUnit> <Opcode : 'seteq' 'setne' 'setle' 'setge' 'setlt' 'setgt'> <InPorts = 2> <OutPorts = 1>
ST_1 : Operation 137 [1/1] (0.00ns)   --->   "%zext_ln19_28 = zext i1 %icmp_ln20_28" [bnn.cpp:19->bnn.cpp:51->bnn.cpp:132]   --->   Operation 137 'zext' 'zext_ln19_28' <Predicate = (!icmp_ln46)> <Delay = 0.00>
ST_1 : Operation 138 [1/1] (2.55ns)   --->   "%icmp_ln20_29 = icmp_eq  i32 %layer2_quant_30_reload_read, i32 0" [bnn.cpp:20->bnn.cpp:51->bnn.cpp:132]   --->   Operation 138 'icmp' 'icmp_ln20_29' <Predicate = (!icmp_ln46)> <Delay = 2.55> <CoreInst = "Cmp">   --->   Core 9 'Cmp' <Latency = 0> <II = 1> <Delay = 2.55> <FuncUnit> <Opcode : 'seteq' 'setne' 'setle' 'setge' 'setlt' 'setgt'> <InPorts = 2> <OutPorts = 1>
ST_1 : Operation 139 [1/1] (0.00ns)   --->   "%zext_ln19_29 = zext i1 %icmp_ln20_29" [bnn.cpp:19->bnn.cpp:51->bnn.cpp:132]   --->   Operation 139 'zext' 'zext_ln19_29' <Predicate = (!icmp_ln46)> <Delay = 0.00>
ST_1 : Operation 140 [1/1] (2.55ns)   --->   "%icmp_ln20_30 = icmp_eq  i32 %layer2_quant_31_reload_read, i32 0" [bnn.cpp:20->bnn.cpp:51->bnn.cpp:132]   --->   Operation 140 'icmp' 'icmp_ln20_30' <Predicate = (!icmp_ln46)> <Delay = 2.55> <CoreInst = "Cmp">   --->   Core 9 'Cmp' <Latency = 0> <II = 1> <Delay = 2.55> <FuncUnit> <Opcode : 'seteq' 'setne' 'setle' 'setge' 'setlt' 'setgt'> <InPorts = 2> <OutPorts = 1>
ST_1 : Operation 141 [1/1] (0.00ns)   --->   "%zext_ln19_30 = zext i1 %icmp_ln20_30" [bnn.cpp:19->bnn.cpp:51->bnn.cpp:132]   --->   Operation 141 'zext' 'zext_ln19_30' <Predicate = (!icmp_ln46)> <Delay = 0.00>
ST_1 : Operation 142 [1/1] (2.55ns)   --->   "%icmp_ln20_31 = icmp_eq  i32 %layer2_quant_32_reload_read, i32 1" [bnn.cpp:20->bnn.cpp:51->bnn.cpp:132]   --->   Operation 142 'icmp' 'icmp_ln20_31' <Predicate = (!icmp_ln46)> <Delay = 2.55> <CoreInst = "Cmp">   --->   Core 9 'Cmp' <Latency = 0> <II = 1> <Delay = 2.55> <FuncUnit> <Opcode : 'seteq' 'setne' 'setle' 'setge' 'setlt' 'setgt'> <InPorts = 2> <OutPorts = 1>
ST_1 : Operation 143 [1/1] (0.00ns)   --->   "%zext_ln19_31 = zext i1 %icmp_ln20_31" [bnn.cpp:19->bnn.cpp:51->bnn.cpp:132]   --->   Operation 143 'zext' 'zext_ln19_31' <Predicate = (!icmp_ln46)> <Delay = 0.00>
ST_1 : Operation 144 [1/1] (2.55ns)   --->   "%icmp_ln20_32 = icmp_eq  i32 %layer2_quant_33_reload_read, i32 1" [bnn.cpp:20->bnn.cpp:51->bnn.cpp:132]   --->   Operation 144 'icmp' 'icmp_ln20_32' <Predicate = (!icmp_ln46)> <Delay = 2.55> <CoreInst = "Cmp">   --->   Core 9 'Cmp' <Latency = 0> <II = 1> <Delay = 2.55> <FuncUnit> <Opcode : 'seteq' 'setne' 'setle' 'setge' 'setlt' 'setgt'> <InPorts = 2> <OutPorts = 1>
ST_1 : Operation 145 [1/1] (0.00ns)   --->   "%zext_ln19_32 = zext i1 %icmp_ln20_32" [bnn.cpp:19->bnn.cpp:51->bnn.cpp:132]   --->   Operation 145 'zext' 'zext_ln19_32' <Predicate = (!icmp_ln46)> <Delay = 0.00>
ST_1 : Operation 146 [1/1] (2.55ns)   --->   "%icmp_ln20_33 = icmp_eq  i32 %layer2_quant_34_reload_read, i32 1" [bnn.cpp:20->bnn.cpp:51->bnn.cpp:132]   --->   Operation 146 'icmp' 'icmp_ln20_33' <Predicate = (!icmp_ln46)> <Delay = 2.55> <CoreInst = "Cmp">   --->   Core 9 'Cmp' <Latency = 0> <II = 1> <Delay = 2.55> <FuncUnit> <Opcode : 'seteq' 'setne' 'setle' 'setge' 'setlt' 'setgt'> <InPorts = 2> <OutPorts = 1>
ST_1 : Operation 147 [1/1] (0.00ns)   --->   "%zext_ln19_33 = zext i1 %icmp_ln20_33" [bnn.cpp:19->bnn.cpp:51->bnn.cpp:132]   --->   Operation 147 'zext' 'zext_ln19_33' <Predicate = (!icmp_ln46)> <Delay = 0.00>
ST_1 : Operation 148 [1/1] (2.55ns)   --->   "%icmp_ln20_34 = icmp_eq  i32 %layer2_quant_35_reload_read, i32 0" [bnn.cpp:20->bnn.cpp:51->bnn.cpp:132]   --->   Operation 148 'icmp' 'icmp_ln20_34' <Predicate = (!icmp_ln46)> <Delay = 2.55> <CoreInst = "Cmp">   --->   Core 9 'Cmp' <Latency = 0> <II = 1> <Delay = 2.55> <FuncUnit> <Opcode : 'seteq' 'setne' 'setle' 'setge' 'setlt' 'setgt'> <InPorts = 2> <OutPorts = 1>
ST_1 : Operation 149 [1/1] (0.00ns)   --->   "%zext_ln19_34 = zext i1 %icmp_ln20_34" [bnn.cpp:19->bnn.cpp:51->bnn.cpp:132]   --->   Operation 149 'zext' 'zext_ln19_34' <Predicate = (!icmp_ln46)> <Delay = 0.00>
ST_1 : Operation 150 [1/1] (2.55ns)   --->   "%icmp_ln20_35 = icmp_eq  i32 %layer2_quant_36_reload_read, i32 0" [bnn.cpp:20->bnn.cpp:51->bnn.cpp:132]   --->   Operation 150 'icmp' 'icmp_ln20_35' <Predicate = (!icmp_ln46)> <Delay = 2.55> <CoreInst = "Cmp">   --->   Core 9 'Cmp' <Latency = 0> <II = 1> <Delay = 2.55> <FuncUnit> <Opcode : 'seteq' 'setne' 'setle' 'setge' 'setlt' 'setgt'> <InPorts = 2> <OutPorts = 1>
ST_1 : Operation 151 [1/1] (0.00ns)   --->   "%zext_ln19_35 = zext i1 %icmp_ln20_35" [bnn.cpp:19->bnn.cpp:51->bnn.cpp:132]   --->   Operation 151 'zext' 'zext_ln19_35' <Predicate = (!icmp_ln46)> <Delay = 0.00>
ST_1 : Operation 152 [1/1] (2.55ns)   --->   "%icmp_ln20_36 = icmp_eq  i32 %layer2_quant_37_reload_read, i32 1" [bnn.cpp:20->bnn.cpp:51->bnn.cpp:132]   --->   Operation 152 'icmp' 'icmp_ln20_36' <Predicate = (!icmp_ln46)> <Delay = 2.55> <CoreInst = "Cmp">   --->   Core 9 'Cmp' <Latency = 0> <II = 1> <Delay = 2.55> <FuncUnit> <Opcode : 'seteq' 'setne' 'setle' 'setge' 'setlt' 'setgt'> <InPorts = 2> <OutPorts = 1>
ST_1 : Operation 153 [1/1] (0.00ns)   --->   "%zext_ln19_36 = zext i1 %icmp_ln20_36" [bnn.cpp:19->bnn.cpp:51->bnn.cpp:132]   --->   Operation 153 'zext' 'zext_ln19_36' <Predicate = (!icmp_ln46)> <Delay = 0.00>
ST_1 : Operation 154 [1/1] (2.55ns)   --->   "%icmp_ln20_37 = icmp_eq  i32 %layer2_quant_38_reload_read, i32 0" [bnn.cpp:20->bnn.cpp:51->bnn.cpp:132]   --->   Operation 154 'icmp' 'icmp_ln20_37' <Predicate = (!icmp_ln46)> <Delay = 2.55> <CoreInst = "Cmp">   --->   Core 9 'Cmp' <Latency = 0> <II = 1> <Delay = 2.55> <FuncUnit> <Opcode : 'seteq' 'setne' 'setle' 'setge' 'setlt' 'setgt'> <InPorts = 2> <OutPorts = 1>
ST_1 : Operation 155 [1/1] (0.00ns)   --->   "%zext_ln19_37 = zext i1 %icmp_ln20_37" [bnn.cpp:19->bnn.cpp:51->bnn.cpp:132]   --->   Operation 155 'zext' 'zext_ln19_37' <Predicate = (!icmp_ln46)> <Delay = 0.00>
ST_1 : Operation 156 [1/1] (2.55ns)   --->   "%icmp_ln20_38 = icmp_eq  i32 %layer2_quant_39_reload_read, i32 0" [bnn.cpp:20->bnn.cpp:51->bnn.cpp:132]   --->   Operation 156 'icmp' 'icmp_ln20_38' <Predicate = (!icmp_ln46)> <Delay = 2.55> <CoreInst = "Cmp">   --->   Core 9 'Cmp' <Latency = 0> <II = 1> <Delay = 2.55> <FuncUnit> <Opcode : 'seteq' 'setne' 'setle' 'setge' 'setlt' 'setgt'> <InPorts = 2> <OutPorts = 1>
ST_1 : Operation 157 [1/1] (0.00ns)   --->   "%zext_ln19_38 = zext i1 %icmp_ln20_38" [bnn.cpp:19->bnn.cpp:51->bnn.cpp:132]   --->   Operation 157 'zext' 'zext_ln19_38' <Predicate = (!icmp_ln46)> <Delay = 0.00>
ST_1 : Operation 158 [1/1] (2.55ns)   --->   "%icmp_ln20_39 = icmp_eq  i32 %layer2_quant_40_reload_read, i32 1" [bnn.cpp:20->bnn.cpp:51->bnn.cpp:132]   --->   Operation 158 'icmp' 'icmp_ln20_39' <Predicate = (!icmp_ln46)> <Delay = 2.55> <CoreInst = "Cmp">   --->   Core 9 'Cmp' <Latency = 0> <II = 1> <Delay = 2.55> <FuncUnit> <Opcode : 'seteq' 'setne' 'setle' 'setge' 'setlt' 'setgt'> <InPorts = 2> <OutPorts = 1>
ST_1 : Operation 159 [1/1] (0.00ns)   --->   "%zext_ln19_39 = zext i1 %icmp_ln20_39" [bnn.cpp:19->bnn.cpp:51->bnn.cpp:132]   --->   Operation 159 'zext' 'zext_ln19_39' <Predicate = (!icmp_ln46)> <Delay = 0.00>
ST_1 : Operation 160 [1/1] (2.55ns)   --->   "%icmp_ln20_40 = icmp_eq  i32 %layer2_quant_41_reload_read, i32 1" [bnn.cpp:20->bnn.cpp:51->bnn.cpp:132]   --->   Operation 160 'icmp' 'icmp_ln20_40' <Predicate = (!icmp_ln46)> <Delay = 2.55> <CoreInst = "Cmp">   --->   Core 9 'Cmp' <Latency = 0> <II = 1> <Delay = 2.55> <FuncUnit> <Opcode : 'seteq' 'setne' 'setle' 'setge' 'setlt' 'setgt'> <InPorts = 2> <OutPorts = 1>
ST_1 : Operation 161 [1/1] (0.00ns)   --->   "%zext_ln19_40 = zext i1 %icmp_ln20_40" [bnn.cpp:19->bnn.cpp:51->bnn.cpp:132]   --->   Operation 161 'zext' 'zext_ln19_40' <Predicate = (!icmp_ln46)> <Delay = 0.00>
ST_1 : Operation 162 [1/1] (2.55ns)   --->   "%icmp_ln20_41 = icmp_eq  i32 %layer2_quant_42_reload_read, i32 1" [bnn.cpp:20->bnn.cpp:51->bnn.cpp:132]   --->   Operation 162 'icmp' 'icmp_ln20_41' <Predicate = (!icmp_ln46)> <Delay = 2.55> <CoreInst = "Cmp">   --->   Core 9 'Cmp' <Latency = 0> <II = 1> <Delay = 2.55> <FuncUnit> <Opcode : 'seteq' 'setne' 'setle' 'setge' 'setlt' 'setgt'> <InPorts = 2> <OutPorts = 1>
ST_1 : Operation 163 [1/1] (0.00ns)   --->   "%zext_ln19_41 = zext i1 %icmp_ln20_41" [bnn.cpp:19->bnn.cpp:51->bnn.cpp:132]   --->   Operation 163 'zext' 'zext_ln19_41' <Predicate = (!icmp_ln46)> <Delay = 0.00>
ST_1 : Operation 164 [1/1] (2.55ns)   --->   "%icmp_ln20_42 = icmp_eq  i32 %layer2_quant_43_reload_read, i32 1" [bnn.cpp:20->bnn.cpp:51->bnn.cpp:132]   --->   Operation 164 'icmp' 'icmp_ln20_42' <Predicate = (!icmp_ln46)> <Delay = 2.55> <CoreInst = "Cmp">   --->   Core 9 'Cmp' <Latency = 0> <II = 1> <Delay = 2.55> <FuncUnit> <Opcode : 'seteq' 'setne' 'setle' 'setge' 'setlt' 'setgt'> <InPorts = 2> <OutPorts = 1>
ST_1 : Operation 165 [1/1] (0.00ns)   --->   "%zext_ln19_42 = zext i1 %icmp_ln20_42" [bnn.cpp:19->bnn.cpp:51->bnn.cpp:132]   --->   Operation 165 'zext' 'zext_ln19_42' <Predicate = (!icmp_ln46)> <Delay = 0.00>
ST_1 : Operation 166 [1/1] (2.55ns)   --->   "%icmp_ln20_43 = icmp_eq  i32 %layer2_quant_44_reload_read, i32 1" [bnn.cpp:20->bnn.cpp:51->bnn.cpp:132]   --->   Operation 166 'icmp' 'icmp_ln20_43' <Predicate = (!icmp_ln46)> <Delay = 2.55> <CoreInst = "Cmp">   --->   Core 9 'Cmp' <Latency = 0> <II = 1> <Delay = 2.55> <FuncUnit> <Opcode : 'seteq' 'setne' 'setle' 'setge' 'setlt' 'setgt'> <InPorts = 2> <OutPorts = 1>
ST_1 : Operation 167 [1/1] (0.00ns)   --->   "%zext_ln19_43 = zext i1 %icmp_ln20_43" [bnn.cpp:19->bnn.cpp:51->bnn.cpp:132]   --->   Operation 167 'zext' 'zext_ln19_43' <Predicate = (!icmp_ln46)> <Delay = 0.00>
ST_1 : Operation 168 [1/1] (2.55ns)   --->   "%icmp_ln20_44 = icmp_eq  i32 %layer2_quant_45_reload_read, i32 0" [bnn.cpp:20->bnn.cpp:51->bnn.cpp:132]   --->   Operation 168 'icmp' 'icmp_ln20_44' <Predicate = (!icmp_ln46)> <Delay = 2.55> <CoreInst = "Cmp">   --->   Core 9 'Cmp' <Latency = 0> <II = 1> <Delay = 2.55> <FuncUnit> <Opcode : 'seteq' 'setne' 'setle' 'setge' 'setlt' 'setgt'> <InPorts = 2> <OutPorts = 1>
ST_1 : Operation 169 [1/1] (0.00ns)   --->   "%zext_ln19_44 = zext i1 %icmp_ln20_44" [bnn.cpp:19->bnn.cpp:51->bnn.cpp:132]   --->   Operation 169 'zext' 'zext_ln19_44' <Predicate = (!icmp_ln46)> <Delay = 0.00>
ST_1 : Operation 170 [1/1] (2.55ns)   --->   "%icmp_ln20_45 = icmp_eq  i32 %layer2_quant_46_reload_read, i32 1" [bnn.cpp:20->bnn.cpp:51->bnn.cpp:132]   --->   Operation 170 'icmp' 'icmp_ln20_45' <Predicate = (!icmp_ln46)> <Delay = 2.55> <CoreInst = "Cmp">   --->   Core 9 'Cmp' <Latency = 0> <II = 1> <Delay = 2.55> <FuncUnit> <Opcode : 'seteq' 'setne' 'setle' 'setge' 'setlt' 'setgt'> <InPorts = 2> <OutPorts = 1>
ST_1 : Operation 171 [1/1] (0.00ns)   --->   "%zext_ln19_45 = zext i1 %icmp_ln20_45" [bnn.cpp:19->bnn.cpp:51->bnn.cpp:132]   --->   Operation 171 'zext' 'zext_ln19_45' <Predicate = (!icmp_ln46)> <Delay = 0.00>
ST_1 : Operation 172 [1/1] (2.55ns)   --->   "%icmp_ln20_46 = icmp_eq  i32 %layer2_quant_47_reload_read, i32 0" [bnn.cpp:20->bnn.cpp:51->bnn.cpp:132]   --->   Operation 172 'icmp' 'icmp_ln20_46' <Predicate = (!icmp_ln46)> <Delay = 2.55> <CoreInst = "Cmp">   --->   Core 9 'Cmp' <Latency = 0> <II = 1> <Delay = 2.55> <FuncUnit> <Opcode : 'seteq' 'setne' 'setle' 'setge' 'setlt' 'setgt'> <InPorts = 2> <OutPorts = 1>
ST_1 : Operation 173 [1/1] (0.00ns)   --->   "%zext_ln19_46 = zext i1 %icmp_ln20_46" [bnn.cpp:19->bnn.cpp:51->bnn.cpp:132]   --->   Operation 173 'zext' 'zext_ln19_46' <Predicate = (!icmp_ln46)> <Delay = 0.00>
ST_1 : Operation 174 [1/1] (2.55ns)   --->   "%icmp_ln20_47 = icmp_eq  i32 %layer2_quant_48_reload_read, i32 1" [bnn.cpp:20->bnn.cpp:51->bnn.cpp:132]   --->   Operation 174 'icmp' 'icmp_ln20_47' <Predicate = (!icmp_ln46)> <Delay = 2.55> <CoreInst = "Cmp">   --->   Core 9 'Cmp' <Latency = 0> <II = 1> <Delay = 2.55> <FuncUnit> <Opcode : 'seteq' 'setne' 'setle' 'setge' 'setlt' 'setgt'> <InPorts = 2> <OutPorts = 1>
ST_1 : Operation 175 [1/1] (0.00ns)   --->   "%zext_ln19_47 = zext i1 %icmp_ln20_47" [bnn.cpp:19->bnn.cpp:51->bnn.cpp:132]   --->   Operation 175 'zext' 'zext_ln19_47' <Predicate = (!icmp_ln46)> <Delay = 0.00>
ST_1 : Operation 176 [1/1] (2.55ns)   --->   "%icmp_ln20_48 = icmp_eq  i32 %layer2_quant_49_reload_read, i32 1" [bnn.cpp:20->bnn.cpp:51->bnn.cpp:132]   --->   Operation 176 'icmp' 'icmp_ln20_48' <Predicate = (!icmp_ln46)> <Delay = 2.55> <CoreInst = "Cmp">   --->   Core 9 'Cmp' <Latency = 0> <II = 1> <Delay = 2.55> <FuncUnit> <Opcode : 'seteq' 'setne' 'setle' 'setge' 'setlt' 'setgt'> <InPorts = 2> <OutPorts = 1>
ST_1 : Operation 177 [1/1] (0.00ns)   --->   "%zext_ln19_48 = zext i1 %icmp_ln20_48" [bnn.cpp:19->bnn.cpp:51->bnn.cpp:132]   --->   Operation 177 'zext' 'zext_ln19_48' <Predicate = (!icmp_ln46)> <Delay = 0.00>
ST_1 : Operation 178 [1/1] (2.55ns)   --->   "%icmp_ln20_49 = icmp_eq  i32 %layer2_quant_50_reload_read, i32 1" [bnn.cpp:20->bnn.cpp:51->bnn.cpp:132]   --->   Operation 178 'icmp' 'icmp_ln20_49' <Predicate = (!icmp_ln46)> <Delay = 2.55> <CoreInst = "Cmp">   --->   Core 9 'Cmp' <Latency = 0> <II = 1> <Delay = 2.55> <FuncUnit> <Opcode : 'seteq' 'setne' 'setle' 'setge' 'setlt' 'setgt'> <InPorts = 2> <OutPorts = 1>
ST_1 : Operation 179 [1/1] (0.00ns)   --->   "%zext_ln19_49 = zext i1 %icmp_ln20_49" [bnn.cpp:19->bnn.cpp:51->bnn.cpp:132]   --->   Operation 179 'zext' 'zext_ln19_49' <Predicate = (!icmp_ln46)> <Delay = 0.00>
ST_1 : Operation 180 [1/1] (2.55ns)   --->   "%icmp_ln20_50 = icmp_eq  i32 %layer2_quant_51_reload_read, i32 1" [bnn.cpp:20->bnn.cpp:51->bnn.cpp:132]   --->   Operation 180 'icmp' 'icmp_ln20_50' <Predicate = (!icmp_ln46)> <Delay = 2.55> <CoreInst = "Cmp">   --->   Core 9 'Cmp' <Latency = 0> <II = 1> <Delay = 2.55> <FuncUnit> <Opcode : 'seteq' 'setne' 'setle' 'setge' 'setlt' 'setgt'> <InPorts = 2> <OutPorts = 1>
ST_1 : Operation 181 [1/1] (0.00ns)   --->   "%zext_ln19_50 = zext i1 %icmp_ln20_50" [bnn.cpp:19->bnn.cpp:51->bnn.cpp:132]   --->   Operation 181 'zext' 'zext_ln19_50' <Predicate = (!icmp_ln46)> <Delay = 0.00>
ST_1 : Operation 182 [1/1] (2.55ns)   --->   "%icmp_ln20_51 = icmp_eq  i32 %layer2_quant_52_reload_read, i32 1" [bnn.cpp:20->bnn.cpp:51->bnn.cpp:132]   --->   Operation 182 'icmp' 'icmp_ln20_51' <Predicate = (!icmp_ln46)> <Delay = 2.55> <CoreInst = "Cmp">   --->   Core 9 'Cmp' <Latency = 0> <II = 1> <Delay = 2.55> <FuncUnit> <Opcode : 'seteq' 'setne' 'setle' 'setge' 'setlt' 'setgt'> <InPorts = 2> <OutPorts = 1>
ST_1 : Operation 183 [1/1] (0.00ns)   --->   "%zext_ln19_51 = zext i1 %icmp_ln20_51" [bnn.cpp:19->bnn.cpp:51->bnn.cpp:132]   --->   Operation 183 'zext' 'zext_ln19_51' <Predicate = (!icmp_ln46)> <Delay = 0.00>
ST_1 : Operation 184 [1/1] (2.55ns)   --->   "%icmp_ln20_52 = icmp_eq  i32 %layer2_quant_53_reload_read, i32 1" [bnn.cpp:20->bnn.cpp:51->bnn.cpp:132]   --->   Operation 184 'icmp' 'icmp_ln20_52' <Predicate = (!icmp_ln46)> <Delay = 2.55> <CoreInst = "Cmp">   --->   Core 9 'Cmp' <Latency = 0> <II = 1> <Delay = 2.55> <FuncUnit> <Opcode : 'seteq' 'setne' 'setle' 'setge' 'setlt' 'setgt'> <InPorts = 2> <OutPorts = 1>
ST_1 : Operation 185 [1/1] (0.00ns)   --->   "%zext_ln19_52 = zext i1 %icmp_ln20_52" [bnn.cpp:19->bnn.cpp:51->bnn.cpp:132]   --->   Operation 185 'zext' 'zext_ln19_52' <Predicate = (!icmp_ln46)> <Delay = 0.00>
ST_1 : Operation 186 [1/1] (2.55ns)   --->   "%icmp_ln20_53 = icmp_eq  i32 %layer2_quant_54_reload_read, i32 1" [bnn.cpp:20->bnn.cpp:51->bnn.cpp:132]   --->   Operation 186 'icmp' 'icmp_ln20_53' <Predicate = (!icmp_ln46)> <Delay = 2.55> <CoreInst = "Cmp">   --->   Core 9 'Cmp' <Latency = 0> <II = 1> <Delay = 2.55> <FuncUnit> <Opcode : 'seteq' 'setne' 'setle' 'setge' 'setlt' 'setgt'> <InPorts = 2> <OutPorts = 1>
ST_1 : Operation 187 [1/1] (0.00ns)   --->   "%zext_ln19_53 = zext i1 %icmp_ln20_53" [bnn.cpp:19->bnn.cpp:51->bnn.cpp:132]   --->   Operation 187 'zext' 'zext_ln19_53' <Predicate = (!icmp_ln46)> <Delay = 0.00>
ST_1 : Operation 188 [1/1] (2.55ns)   --->   "%icmp_ln20_54 = icmp_eq  i32 %layer2_quant_55_reload_read, i32 1" [bnn.cpp:20->bnn.cpp:51->bnn.cpp:132]   --->   Operation 188 'icmp' 'icmp_ln20_54' <Predicate = (!icmp_ln46)> <Delay = 2.55> <CoreInst = "Cmp">   --->   Core 9 'Cmp' <Latency = 0> <II = 1> <Delay = 2.55> <FuncUnit> <Opcode : 'seteq' 'setne' 'setle' 'setge' 'setlt' 'setgt'> <InPorts = 2> <OutPorts = 1>
ST_1 : Operation 189 [1/1] (0.00ns)   --->   "%zext_ln19_54 = zext i1 %icmp_ln20_54" [bnn.cpp:19->bnn.cpp:51->bnn.cpp:132]   --->   Operation 189 'zext' 'zext_ln19_54' <Predicate = (!icmp_ln46)> <Delay = 0.00>
ST_1 : Operation 190 [1/1] (2.55ns)   --->   "%icmp_ln20_55 = icmp_eq  i32 %layer2_quant_56_reload_read, i32 0" [bnn.cpp:20->bnn.cpp:51->bnn.cpp:132]   --->   Operation 190 'icmp' 'icmp_ln20_55' <Predicate = (!icmp_ln46)> <Delay = 2.55> <CoreInst = "Cmp">   --->   Core 9 'Cmp' <Latency = 0> <II = 1> <Delay = 2.55> <FuncUnit> <Opcode : 'seteq' 'setne' 'setle' 'setge' 'setlt' 'setgt'> <InPorts = 2> <OutPorts = 1>
ST_1 : Operation 191 [1/1] (0.00ns)   --->   "%zext_ln19_55 = zext i1 %icmp_ln20_55" [bnn.cpp:19->bnn.cpp:51->bnn.cpp:132]   --->   Operation 191 'zext' 'zext_ln19_55' <Predicate = (!icmp_ln46)> <Delay = 0.00>
ST_1 : Operation 192 [1/1] (2.55ns)   --->   "%icmp_ln20_56 = icmp_eq  i32 %layer2_quant_57_reload_read, i32 0" [bnn.cpp:20->bnn.cpp:51->bnn.cpp:132]   --->   Operation 192 'icmp' 'icmp_ln20_56' <Predicate = (!icmp_ln46)> <Delay = 2.55> <CoreInst = "Cmp">   --->   Core 9 'Cmp' <Latency = 0> <II = 1> <Delay = 2.55> <FuncUnit> <Opcode : 'seteq' 'setne' 'setle' 'setge' 'setlt' 'setgt'> <InPorts = 2> <OutPorts = 1>
ST_1 : Operation 193 [1/1] (0.00ns)   --->   "%zext_ln19_56 = zext i1 %icmp_ln20_56" [bnn.cpp:19->bnn.cpp:51->bnn.cpp:132]   --->   Operation 193 'zext' 'zext_ln19_56' <Predicate = (!icmp_ln46)> <Delay = 0.00>
ST_1 : Operation 194 [1/1] (2.55ns)   --->   "%icmp_ln20_57 = icmp_eq  i32 %layer2_quant_58_reload_read, i32 0" [bnn.cpp:20->bnn.cpp:51->bnn.cpp:132]   --->   Operation 194 'icmp' 'icmp_ln20_57' <Predicate = (!icmp_ln46)> <Delay = 2.55> <CoreInst = "Cmp">   --->   Core 9 'Cmp' <Latency = 0> <II = 1> <Delay = 2.55> <FuncUnit> <Opcode : 'seteq' 'setne' 'setle' 'setge' 'setlt' 'setgt'> <InPorts = 2> <OutPorts = 1>
ST_1 : Operation 195 [1/1] (0.00ns)   --->   "%zext_ln19_57 = zext i1 %icmp_ln20_57" [bnn.cpp:19->bnn.cpp:51->bnn.cpp:132]   --->   Operation 195 'zext' 'zext_ln19_57' <Predicate = (!icmp_ln46)> <Delay = 0.00>
ST_1 : Operation 196 [1/1] (2.55ns)   --->   "%icmp_ln20_58 = icmp_eq  i32 %layer2_quant_59_reload_read, i32 1" [bnn.cpp:20->bnn.cpp:51->bnn.cpp:132]   --->   Operation 196 'icmp' 'icmp_ln20_58' <Predicate = (!icmp_ln46)> <Delay = 2.55> <CoreInst = "Cmp">   --->   Core 9 'Cmp' <Latency = 0> <II = 1> <Delay = 2.55> <FuncUnit> <Opcode : 'seteq' 'setne' 'setle' 'setge' 'setlt' 'setgt'> <InPorts = 2> <OutPorts = 1>
ST_1 : Operation 197 [1/1] (0.00ns)   --->   "%zext_ln19_58 = zext i1 %icmp_ln20_58" [bnn.cpp:19->bnn.cpp:51->bnn.cpp:132]   --->   Operation 197 'zext' 'zext_ln19_58' <Predicate = (!icmp_ln46)> <Delay = 0.00>
ST_1 : Operation 198 [1/1] (2.55ns)   --->   "%icmp_ln20_59 = icmp_eq  i32 %layer2_quant_60_reload_read, i32 0" [bnn.cpp:20->bnn.cpp:51->bnn.cpp:132]   --->   Operation 198 'icmp' 'icmp_ln20_59' <Predicate = (!icmp_ln46)> <Delay = 2.55> <CoreInst = "Cmp">   --->   Core 9 'Cmp' <Latency = 0> <II = 1> <Delay = 2.55> <FuncUnit> <Opcode : 'seteq' 'setne' 'setle' 'setge' 'setlt' 'setgt'> <InPorts = 2> <OutPorts = 1>
ST_1 : Operation 199 [1/1] (0.00ns)   --->   "%zext_ln19_59 = zext i1 %icmp_ln20_59" [bnn.cpp:19->bnn.cpp:51->bnn.cpp:132]   --->   Operation 199 'zext' 'zext_ln19_59' <Predicate = (!icmp_ln46)> <Delay = 0.00>
ST_1 : Operation 200 [1/1] (2.55ns)   --->   "%icmp_ln20_60 = icmp_eq  i32 %layer2_quant_61_reload_read, i32 0" [bnn.cpp:20->bnn.cpp:51->bnn.cpp:132]   --->   Operation 200 'icmp' 'icmp_ln20_60' <Predicate = (!icmp_ln46)> <Delay = 2.55> <CoreInst = "Cmp">   --->   Core 9 'Cmp' <Latency = 0> <II = 1> <Delay = 2.55> <FuncUnit> <Opcode : 'seteq' 'setne' 'setle' 'setge' 'setlt' 'setgt'> <InPorts = 2> <OutPorts = 1>
ST_1 : Operation 201 [1/1] (0.00ns)   --->   "%zext_ln19_60 = zext i1 %icmp_ln20_60" [bnn.cpp:19->bnn.cpp:51->bnn.cpp:132]   --->   Operation 201 'zext' 'zext_ln19_60' <Predicate = (!icmp_ln46)> <Delay = 0.00>
ST_1 : Operation 202 [1/1] (2.55ns)   --->   "%icmp_ln20_61 = icmp_eq  i32 %layer2_quant_62_reload_read, i32 0" [bnn.cpp:20->bnn.cpp:51->bnn.cpp:132]   --->   Operation 202 'icmp' 'icmp_ln20_61' <Predicate = (!icmp_ln46)> <Delay = 2.55> <CoreInst = "Cmp">   --->   Core 9 'Cmp' <Latency = 0> <II = 1> <Delay = 2.55> <FuncUnit> <Opcode : 'seteq' 'setne' 'setle' 'setge' 'setlt' 'setgt'> <InPorts = 2> <OutPorts = 1>
ST_1 : Operation 203 [1/1] (0.00ns)   --->   "%zext_ln19_61 = zext i1 %icmp_ln20_61" [bnn.cpp:19->bnn.cpp:51->bnn.cpp:132]   --->   Operation 203 'zext' 'zext_ln19_61' <Predicate = (!icmp_ln46)> <Delay = 0.00>
ST_1 : Operation 204 [1/1] (2.55ns)   --->   "%icmp_ln20_62 = icmp_eq  i32 %layer2_quant_63_reload_read, i32 0" [bnn.cpp:20->bnn.cpp:51->bnn.cpp:132]   --->   Operation 204 'icmp' 'icmp_ln20_62' <Predicate = (!icmp_ln46)> <Delay = 2.55> <CoreInst = "Cmp">   --->   Core 9 'Cmp' <Latency = 0> <II = 1> <Delay = 2.55> <FuncUnit> <Opcode : 'seteq' 'setne' 'setle' 'setge' 'setlt' 'setgt'> <InPorts = 2> <OutPorts = 1>
ST_1 : Operation 205 [1/1] (0.00ns)   --->   "%zext_ln51 = zext i1 %icmp_ln20_62" [bnn.cpp:51->bnn.cpp:132]   --->   Operation 205 'zext' 'zext_ln51' <Predicate = (!icmp_ln46)> <Delay = 0.00>
ST_1 : Operation 206 [1/1] (1.56ns)   --->   "%add_ln51 = add i2 %zext_ln48, i2 %zext_ln19" [bnn.cpp:51->bnn.cpp:132]   --->   Operation 206 'add' 'add_ln51' <Predicate = (!icmp_ln46)> <Delay = 1.56> <CoreInst = "Adder">   --->   Core 1 'Adder' <Latency = 0> <II = 1> <Delay = 1.56> <FuncUnit> <Opcode : 'add' 'sub'> <InPorts = 2> <OutPorts = 1>
ST_1 : Operation 207 [1/1] (0.00ns)   --->   "%zext_ln51_1 = zext i2 %add_ln51" [bnn.cpp:51->bnn.cpp:132]   --->   Operation 207 'zext' 'zext_ln51_1' <Predicate = (!icmp_ln46)> <Delay = 0.00>
ST_1 : Operation 208 [1/1] (1.56ns)   --->   "%add_ln51_1 = add i2 %zext_ln19_8, i2 %zext_ln19_43" [bnn.cpp:51->bnn.cpp:132]   --->   Operation 208 'add' 'add_ln51_1' <Predicate = (!icmp_ln46)> <Delay = 1.56> <CoreInst = "Adder">   --->   Core 1 'Adder' <Latency = 0> <II = 1> <Delay = 1.56> <FuncUnit> <Opcode : 'add' 'sub'> <InPorts = 2> <OutPorts = 1>
ST_1 : Operation 209 [1/1] (0.00ns)   --->   "%zext_ln51_2 = zext i2 %add_ln51_1" [bnn.cpp:51->bnn.cpp:132]   --->   Operation 209 'zext' 'zext_ln51_2' <Predicate = (!icmp_ln46)> <Delay = 0.00>
ST_1 : Operation 210 [1/1] (1.56ns)   --->   "%add_ln51_2 = add i3 %zext_ln51_2, i3 %zext_ln51_1" [bnn.cpp:51->bnn.cpp:132]   --->   Operation 210 'add' 'add_ln51_2' <Predicate = (!icmp_ln46)> <Delay = 1.56> <CoreInst = "Adder">   --->   Core 1 'Adder' <Latency = 0> <II = 1> <Delay = 1.56> <FuncUnit> <Opcode : 'add' 'sub'> <InPorts = 2> <OutPorts = 1>
ST_1 : Operation 211 [1/1] (1.56ns)   --->   "%add_ln51_3 = add i2 %zext_ln19_41, i2 %zext_ln19_52" [bnn.cpp:51->bnn.cpp:132]   --->   Operation 211 'add' 'add_ln51_3' <Predicate = (!icmp_ln46)> <Delay = 1.56> <CoreInst = "Adder">   --->   Core 1 'Adder' <Latency = 0> <II = 1> <Delay = 1.56> <FuncUnit> <Opcode : 'add' 'sub'> <InPorts = 2> <OutPorts = 1>
ST_1 : Operation 212 [1/1] (0.00ns)   --->   "%zext_ln51_4 = zext i2 %add_ln51_3" [bnn.cpp:51->bnn.cpp:132]   --->   Operation 212 'zext' 'zext_ln51_4' <Predicate = (!icmp_ln46)> <Delay = 0.00>
ST_1 : Operation 213 [1/1] (1.56ns)   --->   "%add_ln51_4 = add i2 %zext_ln19_23, i2 %zext_ln19_48" [bnn.cpp:51->bnn.cpp:132]   --->   Operation 213 'add' 'add_ln51_4' <Predicate = (!icmp_ln46)> <Delay = 1.56> <CoreInst = "Adder">   --->   Core 1 'Adder' <Latency = 0> <II = 1> <Delay = 1.56> <FuncUnit> <Opcode : 'add' 'sub'> <InPorts = 2> <OutPorts = 1>
ST_1 : Operation 214 [1/1] (0.00ns)   --->   "%zext_ln51_5 = zext i2 %add_ln51_4" [bnn.cpp:51->bnn.cpp:132]   --->   Operation 214 'zext' 'zext_ln51_5' <Predicate = (!icmp_ln46)> <Delay = 0.00>
ST_1 : Operation 215 [1/1] (1.56ns)   --->   "%add_ln51_5 = add i3 %zext_ln51_5, i3 %zext_ln51_4" [bnn.cpp:51->bnn.cpp:132]   --->   Operation 215 'add' 'add_ln51_5' <Predicate = (!icmp_ln46)> <Delay = 1.56> <CoreInst = "Adder">   --->   Core 1 'Adder' <Latency = 0> <II = 1> <Delay = 1.56> <FuncUnit> <Opcode : 'add' 'sub'> <InPorts = 2> <OutPorts = 1>
ST_1 : Operation 216 [1/1] (1.56ns)   --->   "%add_ln51_7 = add i2 %zext_ln19_45, i2 %zext_ln19_58" [bnn.cpp:51->bnn.cpp:132]   --->   Operation 216 'add' 'add_ln51_7' <Predicate = (!icmp_ln46)> <Delay = 1.56> <CoreInst = "Adder">   --->   Core 1 'Adder' <Latency = 0> <II = 1> <Delay = 1.56> <FuncUnit> <Opcode : 'add' 'sub'> <InPorts = 2> <OutPorts = 1>
ST_1 : Operation 217 [1/1] (0.00ns)   --->   "%zext_ln51_8 = zext i2 %add_ln51_7" [bnn.cpp:51->bnn.cpp:132]   --->   Operation 217 'zext' 'zext_ln51_8' <Predicate = (!icmp_ln46)> <Delay = 0.00>
ST_1 : Operation 218 [1/1] (1.56ns)   --->   "%add_ln51_8 = add i2 %zext_ln19_9, i2 %zext_ln19_39" [bnn.cpp:51->bnn.cpp:132]   --->   Operation 218 'add' 'add_ln51_8' <Predicate = (!icmp_ln46)> <Delay = 1.56> <CoreInst = "Adder">   --->   Core 1 'Adder' <Latency = 0> <II = 1> <Delay = 1.56> <FuncUnit> <Opcode : 'add' 'sub'> <InPorts = 2> <OutPorts = 1>
ST_1 : Operation 219 [1/1] (0.00ns)   --->   "%zext_ln51_9 = zext i2 %add_ln51_8" [bnn.cpp:51->bnn.cpp:132]   --->   Operation 219 'zext' 'zext_ln51_9' <Predicate = (!icmp_ln46)> <Delay = 0.00>
ST_1 : Operation 220 [1/1] (1.56ns)   --->   "%add_ln51_9 = add i3 %zext_ln51_9, i3 %zext_ln51_8" [bnn.cpp:51->bnn.cpp:132]   --->   Operation 220 'add' 'add_ln51_9' <Predicate = (!icmp_ln46)> <Delay = 1.56> <CoreInst = "Adder">   --->   Core 1 'Adder' <Latency = 0> <II = 1> <Delay = 1.56> <FuncUnit> <Opcode : 'add' 'sub'> <InPorts = 2> <OutPorts = 1>
ST_1 : Operation 221 [1/1] (1.56ns)   --->   "%add_ln51_10 = add i2 %zext_ln19_51, i2 %zext_ln19_36" [bnn.cpp:51->bnn.cpp:132]   --->   Operation 221 'add' 'add_ln51_10' <Predicate = (!icmp_ln46)> <Delay = 1.56> <CoreInst = "Adder">   --->   Core 1 'Adder' <Latency = 0> <II = 1> <Delay = 1.56> <FuncUnit> <Opcode : 'add' 'sub'> <InPorts = 2> <OutPorts = 1>
ST_1 : Operation 222 [1/1] (0.00ns)   --->   "%zext_ln51_11 = zext i2 %add_ln51_10" [bnn.cpp:51->bnn.cpp:132]   --->   Operation 222 'zext' 'zext_ln51_11' <Predicate = (!icmp_ln46)> <Delay = 0.00>
ST_1 : Operation 223 [1/1] (1.56ns)   --->   "%add_ln51_11 = add i2 %zext_ln19_26, i2 %zext_ln19_3" [bnn.cpp:51->bnn.cpp:132]   --->   Operation 223 'add' 'add_ln51_11' <Predicate = (!icmp_ln46)> <Delay = 1.56> <CoreInst = "Adder">   --->   Core 1 'Adder' <Latency = 0> <II = 1> <Delay = 1.56> <FuncUnit> <Opcode : 'add' 'sub'> <InPorts = 2> <OutPorts = 1>
ST_1 : Operation 224 [1/1] (0.00ns)   --->   "%zext_ln51_12 = zext i2 %add_ln51_11" [bnn.cpp:51->bnn.cpp:132]   --->   Operation 224 'zext' 'zext_ln51_12' <Predicate = (!icmp_ln46)> <Delay = 0.00>
ST_1 : Operation 225 [1/1] (1.56ns)   --->   "%add_ln51_12 = add i3 %zext_ln51_12, i3 %zext_ln51_11" [bnn.cpp:51->bnn.cpp:132]   --->   Operation 225 'add' 'add_ln51_12' <Predicate = (!icmp_ln46)> <Delay = 1.56> <CoreInst = "Adder">   --->   Core 1 'Adder' <Latency = 0> <II = 1> <Delay = 1.56> <FuncUnit> <Opcode : 'add' 'sub'> <InPorts = 2> <OutPorts = 1>
ST_1 : Operation 226 [1/1] (1.56ns)   --->   "%add_ln51_15 = add i2 %zext_ln19_16, i2 %zext_ln19_22" [bnn.cpp:51->bnn.cpp:132]   --->   Operation 226 'add' 'add_ln51_15' <Predicate = (!icmp_ln46)> <Delay = 1.56> <CoreInst = "Adder">   --->   Core 1 'Adder' <Latency = 0> <II = 1> <Delay = 1.56> <FuncUnit> <Opcode : 'add' 'sub'> <InPorts = 2> <OutPorts = 1>
ST_1 : Operation 227 [1/1] (0.00ns)   --->   "%zext_ln51_16 = zext i2 %add_ln51_15" [bnn.cpp:51->bnn.cpp:132]   --->   Operation 227 'zext' 'zext_ln51_16' <Predicate = (!icmp_ln46)> <Delay = 0.00>
ST_1 : Operation 228 [1/1] (1.56ns)   --->   "%add_ln51_16 = add i2 %zext_ln19_20, i2 %zext_ln19_47" [bnn.cpp:51->bnn.cpp:132]   --->   Operation 228 'add' 'add_ln51_16' <Predicate = (!icmp_ln46)> <Delay = 1.56> <CoreInst = "Adder">   --->   Core 1 'Adder' <Latency = 0> <II = 1> <Delay = 1.56> <FuncUnit> <Opcode : 'add' 'sub'> <InPorts = 2> <OutPorts = 1>
ST_1 : Operation 229 [1/1] (0.00ns)   --->   "%zext_ln51_17 = zext i2 %add_ln51_16" [bnn.cpp:51->bnn.cpp:132]   --->   Operation 229 'zext' 'zext_ln51_17' <Predicate = (!icmp_ln46)> <Delay = 0.00>
ST_1 : Operation 230 [1/1] (1.56ns)   --->   "%add_ln51_17 = add i3 %zext_ln51_17, i3 %zext_ln51_16" [bnn.cpp:51->bnn.cpp:132]   --->   Operation 230 'add' 'add_ln51_17' <Predicate = (!icmp_ln46)> <Delay = 1.56> <CoreInst = "Adder">   --->   Core 1 'Adder' <Latency = 0> <II = 1> <Delay = 1.56> <FuncUnit> <Opcode : 'add' 'sub'> <InPorts = 2> <OutPorts = 1>
ST_1 : Operation 231 [1/1] (1.56ns)   --->   "%add_ln51_18 = add i2 %zext_ln19_17, i2 %zext_ln19_15" [bnn.cpp:51->bnn.cpp:132]   --->   Operation 231 'add' 'add_ln51_18' <Predicate = (!icmp_ln46)> <Delay = 1.56> <CoreInst = "Adder">   --->   Core 1 'Adder' <Latency = 0> <II = 1> <Delay = 1.56> <FuncUnit> <Opcode : 'add' 'sub'> <InPorts = 2> <OutPorts = 1>
ST_1 : Operation 232 [1/1] (0.00ns)   --->   "%zext_ln51_19 = zext i2 %add_ln51_18" [bnn.cpp:51->bnn.cpp:132]   --->   Operation 232 'zext' 'zext_ln51_19' <Predicate = (!icmp_ln46)> <Delay = 0.00>
ST_1 : Operation 233 [1/1] (1.56ns)   --->   "%add_ln51_19 = add i2 %zext_ln19_42, i2 %zext_ln19_50" [bnn.cpp:51->bnn.cpp:132]   --->   Operation 233 'add' 'add_ln51_19' <Predicate = (!icmp_ln46)> <Delay = 1.56> <CoreInst = "Adder">   --->   Core 1 'Adder' <Latency = 0> <II = 1> <Delay = 1.56> <FuncUnit> <Opcode : 'add' 'sub'> <InPorts = 2> <OutPorts = 1>
ST_1 : Operation 234 [1/1] (0.00ns)   --->   "%zext_ln51_20 = zext i2 %add_ln51_19" [bnn.cpp:51->bnn.cpp:132]   --->   Operation 234 'zext' 'zext_ln51_20' <Predicate = (!icmp_ln46)> <Delay = 0.00>
ST_1 : Operation 235 [1/1] (1.56ns)   --->   "%add_ln51_20 = add i3 %zext_ln51_20, i3 %zext_ln51_19" [bnn.cpp:51->bnn.cpp:132]   --->   Operation 235 'add' 'add_ln51_20' <Predicate = (!icmp_ln46)> <Delay = 1.56> <CoreInst = "Adder">   --->   Core 1 'Adder' <Latency = 0> <II = 1> <Delay = 1.56> <FuncUnit> <Opcode : 'add' 'sub'> <InPorts = 2> <OutPorts = 1>
ST_1 : Operation 236 [1/1] (1.56ns)   --->   "%add_ln51_22 = add i2 %zext_ln19_13, i2 %zext_ln19_40" [bnn.cpp:51->bnn.cpp:132]   --->   Operation 236 'add' 'add_ln51_22' <Predicate = (!icmp_ln46)> <Delay = 1.56> <CoreInst = "Adder">   --->   Core 1 'Adder' <Latency = 0> <II = 1> <Delay = 1.56> <FuncUnit> <Opcode : 'add' 'sub'> <InPorts = 2> <OutPorts = 1>
ST_1 : Operation 237 [1/1] (0.00ns)   --->   "%zext_ln51_23 = zext i2 %add_ln51_22" [bnn.cpp:51->bnn.cpp:132]   --->   Operation 237 'zext' 'zext_ln51_23' <Predicate = (!icmp_ln46)> <Delay = 0.00>
ST_1 : Operation 238 [1/1] (1.56ns)   --->   "%add_ln51_23 = add i2 %zext_ln19_24, i2 %zext_ln19_54" [bnn.cpp:51->bnn.cpp:132]   --->   Operation 238 'add' 'add_ln51_23' <Predicate = (!icmp_ln46)> <Delay = 1.56> <CoreInst = "Adder">   --->   Core 1 'Adder' <Latency = 0> <II = 1> <Delay = 1.56> <FuncUnit> <Opcode : 'add' 'sub'> <InPorts = 2> <OutPorts = 1>
ST_1 : Operation 239 [1/1] (0.00ns)   --->   "%zext_ln51_24 = zext i2 %add_ln51_23" [bnn.cpp:51->bnn.cpp:132]   --->   Operation 239 'zext' 'zext_ln51_24' <Predicate = (!icmp_ln46)> <Delay = 0.00>
ST_1 : Operation 240 [1/1] (1.56ns)   --->   "%add_ln51_24 = add i3 %zext_ln51_24, i3 %zext_ln51_23" [bnn.cpp:51->bnn.cpp:132]   --->   Operation 240 'add' 'add_ln51_24' <Predicate = (!icmp_ln46)> <Delay = 1.56> <CoreInst = "Adder">   --->   Core 1 'Adder' <Latency = 0> <II = 1> <Delay = 1.56> <FuncUnit> <Opcode : 'add' 'sub'> <InPorts = 2> <OutPorts = 1>
ST_1 : Operation 241 [1/1] (1.56ns)   --->   "%add_ln51_25 = add i2 %zext_ln19_1, i2 %zext_ln19_31" [bnn.cpp:51->bnn.cpp:132]   --->   Operation 241 'add' 'add_ln51_25' <Predicate = (!icmp_ln46)> <Delay = 1.56> <CoreInst = "Adder">   --->   Core 1 'Adder' <Latency = 0> <II = 1> <Delay = 1.56> <FuncUnit> <Opcode : 'add' 'sub'> <InPorts = 2> <OutPorts = 1>
ST_1 : Operation 242 [1/1] (0.00ns)   --->   "%zext_ln51_26 = zext i2 %add_ln51_25" [bnn.cpp:51->bnn.cpp:132]   --->   Operation 242 'zext' 'zext_ln51_26' <Predicate = (!icmp_ln46)> <Delay = 0.00>
ST_1 : Operation 243 [1/1] (1.56ns)   --->   "%add_ln51_26 = add i2 %zext_ln19_32, i2 %zext_ln19_49" [bnn.cpp:51->bnn.cpp:132]   --->   Operation 243 'add' 'add_ln51_26' <Predicate = (!icmp_ln46)> <Delay = 1.56> <CoreInst = "Adder">   --->   Core 1 'Adder' <Latency = 0> <II = 1> <Delay = 1.56> <FuncUnit> <Opcode : 'add' 'sub'> <InPorts = 2> <OutPorts = 1>
ST_1 : Operation 244 [1/1] (0.00ns)   --->   "%zext_ln51_27 = zext i2 %add_ln51_26" [bnn.cpp:51->bnn.cpp:132]   --->   Operation 244 'zext' 'zext_ln51_27' <Predicate = (!icmp_ln46)> <Delay = 0.00>
ST_1 : Operation 245 [1/1] (1.56ns)   --->   "%add_ln51_27 = add i3 %zext_ln51_27, i3 %zext_ln51_26" [bnn.cpp:51->bnn.cpp:132]   --->   Operation 245 'add' 'add_ln51_27' <Predicate = (!icmp_ln46)> <Delay = 1.56> <CoreInst = "Adder">   --->   Core 1 'Adder' <Latency = 0> <II = 1> <Delay = 1.56> <FuncUnit> <Opcode : 'add' 'sub'> <InPorts = 2> <OutPorts = 1>
ST_1 : Operation 246 [1/1] (1.56ns)   --->   "%add_ln51_31 = add i2 %zext_ln19_33, i2 %zext_ln19_53" [bnn.cpp:51->bnn.cpp:132]   --->   Operation 246 'add' 'add_ln51_31' <Predicate = (!icmp_ln46)> <Delay = 1.56> <CoreInst = "Adder">   --->   Core 1 'Adder' <Latency = 0> <II = 1> <Delay = 1.56> <FuncUnit> <Opcode : 'add' 'sub'> <InPorts = 2> <OutPorts = 1>
ST_1 : Operation 247 [1/1] (0.00ns)   --->   "%zext_ln51_32 = zext i2 %add_ln51_31" [bnn.cpp:51->bnn.cpp:132]   --->   Operation 247 'zext' 'zext_ln51_32' <Predicate = (!icmp_ln46)> <Delay = 0.00>
ST_1 : Operation 248 [1/1] (1.56ns)   --->   "%add_ln51_32 = add i2 %zext_ln19_28, i2 %zext_ln51" [bnn.cpp:51->bnn.cpp:132]   --->   Operation 248 'add' 'add_ln51_32' <Predicate = (!icmp_ln46)> <Delay = 1.56> <CoreInst = "Adder">   --->   Core 1 'Adder' <Latency = 0> <II = 1> <Delay = 1.56> <FuncUnit> <Opcode : 'add' 'sub'> <InPorts = 2> <OutPorts = 1>
ST_1 : Operation 249 [1/1] (0.00ns)   --->   "%zext_ln51_33 = zext i2 %add_ln51_32" [bnn.cpp:51->bnn.cpp:132]   --->   Operation 249 'zext' 'zext_ln51_33' <Predicate = (!icmp_ln46)> <Delay = 0.00>
ST_1 : Operation 250 [1/1] (1.56ns)   --->   "%add_ln51_33 = add i3 %zext_ln51_33, i3 %zext_ln51_32" [bnn.cpp:51->bnn.cpp:132]   --->   Operation 250 'add' 'add_ln51_33' <Predicate = (!icmp_ln46)> <Delay = 1.56> <CoreInst = "Adder">   --->   Core 1 'Adder' <Latency = 0> <II = 1> <Delay = 1.56> <FuncUnit> <Opcode : 'add' 'sub'> <InPorts = 2> <OutPorts = 1>
ST_1 : Operation 251 [1/1] (1.56ns)   --->   "%add_ln51_34 = add i2 %zext_ln19_19, i2 %zext_ln19_61" [bnn.cpp:51->bnn.cpp:132]   --->   Operation 251 'add' 'add_ln51_34' <Predicate = (!icmp_ln46)> <Delay = 1.56> <CoreInst = "Adder">   --->   Core 1 'Adder' <Latency = 0> <II = 1> <Delay = 1.56> <FuncUnit> <Opcode : 'add' 'sub'> <InPorts = 2> <OutPorts = 1>
ST_1 : Operation 252 [1/1] (0.00ns)   --->   "%zext_ln51_35 = zext i2 %add_ln51_34" [bnn.cpp:51->bnn.cpp:132]   --->   Operation 252 'zext' 'zext_ln51_35' <Predicate = (!icmp_ln46)> <Delay = 0.00>
ST_1 : Operation 253 [1/1] (1.56ns)   --->   "%add_ln51_35 = add i2 %zext_ln19_60, i2 %zext_ln19_59" [bnn.cpp:51->bnn.cpp:132]   --->   Operation 253 'add' 'add_ln51_35' <Predicate = (!icmp_ln46)> <Delay = 1.56> <CoreInst = "Adder">   --->   Core 1 'Adder' <Latency = 0> <II = 1> <Delay = 1.56> <FuncUnit> <Opcode : 'add' 'sub'> <InPorts = 2> <OutPorts = 1>
ST_1 : Operation 254 [1/1] (0.00ns)   --->   "%zext_ln51_36 = zext i2 %add_ln51_35" [bnn.cpp:51->bnn.cpp:132]   --->   Operation 254 'zext' 'zext_ln51_36' <Predicate = (!icmp_ln46)> <Delay = 0.00>
ST_1 : Operation 255 [1/1] (1.56ns)   --->   "%add_ln51_36 = add i3 %zext_ln51_36, i3 %zext_ln51_35" [bnn.cpp:51->bnn.cpp:132]   --->   Operation 255 'add' 'add_ln51_36' <Predicate = (!icmp_ln46)> <Delay = 1.56> <CoreInst = "Adder">   --->   Core 1 'Adder' <Latency = 0> <II = 1> <Delay = 1.56> <FuncUnit> <Opcode : 'add' 'sub'> <InPorts = 2> <OutPorts = 1>
ST_1 : Operation 256 [1/1] (1.56ns)   --->   "%add_ln51_38 = add i2 %zext_ln19_35, i2 %zext_ln19_7" [bnn.cpp:51->bnn.cpp:132]   --->   Operation 256 'add' 'add_ln51_38' <Predicate = (!icmp_ln46)> <Delay = 1.56> <CoreInst = "Adder">   --->   Core 1 'Adder' <Latency = 0> <II = 1> <Delay = 1.56> <FuncUnit> <Opcode : 'add' 'sub'> <InPorts = 2> <OutPorts = 1>
ST_1 : Operation 257 [1/1] (0.00ns)   --->   "%zext_ln51_39 = zext i2 %add_ln51_38" [bnn.cpp:51->bnn.cpp:132]   --->   Operation 257 'zext' 'zext_ln51_39' <Predicate = (!icmp_ln46)> <Delay = 0.00>
ST_1 : Operation 258 [1/1] (1.56ns)   --->   "%add_ln51_39 = add i2 %zext_ln19_27, i2 %zext_ln19_11" [bnn.cpp:51->bnn.cpp:132]   --->   Operation 258 'add' 'add_ln51_39' <Predicate = (!icmp_ln46)> <Delay = 1.56> <CoreInst = "Adder">   --->   Core 1 'Adder' <Latency = 0> <II = 1> <Delay = 1.56> <FuncUnit> <Opcode : 'add' 'sub'> <InPorts = 2> <OutPorts = 1>
ST_1 : Operation 259 [1/1] (0.00ns)   --->   "%zext_ln51_40 = zext i2 %add_ln51_39" [bnn.cpp:51->bnn.cpp:132]   --->   Operation 259 'zext' 'zext_ln51_40' <Predicate = (!icmp_ln46)> <Delay = 0.00>
ST_1 : Operation 260 [1/1] (1.56ns)   --->   "%add_ln51_40 = add i3 %zext_ln51_40, i3 %zext_ln51_39" [bnn.cpp:51->bnn.cpp:132]   --->   Operation 260 'add' 'add_ln51_40' <Predicate = (!icmp_ln46)> <Delay = 1.56> <CoreInst = "Adder">   --->   Core 1 'Adder' <Latency = 0> <II = 1> <Delay = 1.56> <FuncUnit> <Opcode : 'add' 'sub'> <InPorts = 2> <OutPorts = 1>
ST_1 : Operation 261 [1/1] (1.56ns)   --->   "%add_ln51_41 = add i2 %zext_ln19_6, i2 %zext_ln19_57" [bnn.cpp:51->bnn.cpp:132]   --->   Operation 261 'add' 'add_ln51_41' <Predicate = (!icmp_ln46)> <Delay = 1.56> <CoreInst = "Adder">   --->   Core 1 'Adder' <Latency = 0> <II = 1> <Delay = 1.56> <FuncUnit> <Opcode : 'add' 'sub'> <InPorts = 2> <OutPorts = 1>
ST_1 : Operation 262 [1/1] (0.00ns)   --->   "%zext_ln51_42 = zext i2 %add_ln51_41" [bnn.cpp:51->bnn.cpp:132]   --->   Operation 262 'zext' 'zext_ln51_42' <Predicate = (!icmp_ln46)> <Delay = 0.00>
ST_1 : Operation 263 [1/1] (1.56ns)   --->   "%add_ln51_42 = add i2 %zext_ln19_5, i2 %zext_ln19_56" [bnn.cpp:51->bnn.cpp:132]   --->   Operation 263 'add' 'add_ln51_42' <Predicate = (!icmp_ln46)> <Delay = 1.56> <CoreInst = "Adder">   --->   Core 1 'Adder' <Latency = 0> <II = 1> <Delay = 1.56> <FuncUnit> <Opcode : 'add' 'sub'> <InPorts = 2> <OutPorts = 1>
ST_1 : Operation 264 [1/1] (0.00ns)   --->   "%zext_ln51_43 = zext i2 %add_ln51_42" [bnn.cpp:51->bnn.cpp:132]   --->   Operation 264 'zext' 'zext_ln51_43' <Predicate = (!icmp_ln46)> <Delay = 0.00>
ST_1 : Operation 265 [1/1] (1.56ns)   --->   "%add_ln51_43 = add i3 %zext_ln51_43, i3 %zext_ln51_42" [bnn.cpp:51->bnn.cpp:132]   --->   Operation 265 'add' 'add_ln51_43' <Predicate = (!icmp_ln46)> <Delay = 1.56> <CoreInst = "Adder">   --->   Core 1 'Adder' <Latency = 0> <II = 1> <Delay = 1.56> <FuncUnit> <Opcode : 'add' 'sub'> <InPorts = 2> <OutPorts = 1>
ST_1 : Operation 266 [1/1] (1.56ns)   --->   "%add_ln51_46 = add i2 %zext_ln19_25, i2 %zext_ln19_55" [bnn.cpp:51->bnn.cpp:132]   --->   Operation 266 'add' 'add_ln51_46' <Predicate = (!icmp_ln46)> <Delay = 1.56> <CoreInst = "Adder">   --->   Core 1 'Adder' <Latency = 0> <II = 1> <Delay = 1.56> <FuncUnit> <Opcode : 'add' 'sub'> <InPorts = 2> <OutPorts = 1>
ST_1 : Operation 267 [1/1] (0.00ns)   --->   "%zext_ln51_47 = zext i2 %add_ln51_46" [bnn.cpp:51->bnn.cpp:132]   --->   Operation 267 'zext' 'zext_ln51_47' <Predicate = (!icmp_ln46)> <Delay = 0.00>
ST_1 : Operation 268 [1/1] (1.56ns)   --->   "%add_ln51_47 = add i2 %zext_ln19_14, i2 %zext_ln19_10" [bnn.cpp:51->bnn.cpp:132]   --->   Operation 268 'add' 'add_ln51_47' <Predicate = (!icmp_ln46)> <Delay = 1.56> <CoreInst = "Adder">   --->   Core 1 'Adder' <Latency = 0> <II = 1> <Delay = 1.56> <FuncUnit> <Opcode : 'add' 'sub'> <InPorts = 2> <OutPorts = 1>
ST_1 : Operation 269 [1/1] (0.00ns)   --->   "%zext_ln51_48 = zext i2 %add_ln51_47" [bnn.cpp:51->bnn.cpp:132]   --->   Operation 269 'zext' 'zext_ln51_48' <Predicate = (!icmp_ln46)> <Delay = 0.00>
ST_1 : Operation 270 [1/1] (1.56ns)   --->   "%add_ln51_48 = add i3 %zext_ln51_48, i3 %zext_ln51_47" [bnn.cpp:51->bnn.cpp:132]   --->   Operation 270 'add' 'add_ln51_48' <Predicate = (!icmp_ln46)> <Delay = 1.56> <CoreInst = "Adder">   --->   Core 1 'Adder' <Latency = 0> <II = 1> <Delay = 1.56> <FuncUnit> <Opcode : 'add' 'sub'> <InPorts = 2> <OutPorts = 1>
ST_1 : Operation 271 [1/1] (1.56ns)   --->   "%add_ln51_49 = add i2 %zext_ln19_37, i2 %zext_ln19_44" [bnn.cpp:51->bnn.cpp:132]   --->   Operation 271 'add' 'add_ln51_49' <Predicate = (!icmp_ln46)> <Delay = 1.56> <CoreInst = "Adder">   --->   Core 1 'Adder' <Latency = 0> <II = 1> <Delay = 1.56> <FuncUnit> <Opcode : 'add' 'sub'> <InPorts = 2> <OutPorts = 1>
ST_1 : Operation 272 [1/1] (0.00ns)   --->   "%zext_ln51_50 = zext i2 %add_ln51_49" [bnn.cpp:51->bnn.cpp:132]   --->   Operation 272 'zext' 'zext_ln51_50' <Predicate = (!icmp_ln46)> <Delay = 0.00>
ST_1 : Operation 273 [1/1] (1.56ns)   --->   "%add_ln51_50 = add i2 %zext_ln19_18, i2 %zext_ln19_2" [bnn.cpp:51->bnn.cpp:132]   --->   Operation 273 'add' 'add_ln51_50' <Predicate = (!icmp_ln46)> <Delay = 1.56> <CoreInst = "Adder">   --->   Core 1 'Adder' <Latency = 0> <II = 1> <Delay = 1.56> <FuncUnit> <Opcode : 'add' 'sub'> <InPorts = 2> <OutPorts = 1>
ST_1 : Operation 274 [1/1] (0.00ns)   --->   "%zext_ln51_51 = zext i2 %add_ln51_50" [bnn.cpp:51->bnn.cpp:132]   --->   Operation 274 'zext' 'zext_ln51_51' <Predicate = (!icmp_ln46)> <Delay = 0.00>
ST_1 : Operation 275 [1/1] (1.56ns)   --->   "%add_ln51_51 = add i3 %zext_ln51_51, i3 %zext_ln51_50" [bnn.cpp:51->bnn.cpp:132]   --->   Operation 275 'add' 'add_ln51_51' <Predicate = (!icmp_ln46)> <Delay = 1.56> <CoreInst = "Adder">   --->   Core 1 'Adder' <Latency = 0> <II = 1> <Delay = 1.56> <FuncUnit> <Opcode : 'add' 'sub'> <InPorts = 2> <OutPorts = 1>
ST_1 : Operation 276 [1/1] (1.56ns)   --->   "%add_ln51_53 = add i2 %zext_ln19_46, i2 %zext_ln19_30" [bnn.cpp:51->bnn.cpp:132]   --->   Operation 276 'add' 'add_ln51_53' <Predicate = (!icmp_ln46)> <Delay = 1.56> <CoreInst = "Adder">   --->   Core 1 'Adder' <Latency = 0> <II = 1> <Delay = 1.56> <FuncUnit> <Opcode : 'add' 'sub'> <InPorts = 2> <OutPorts = 1>
ST_1 : Operation 277 [1/1] (0.00ns)   --->   "%zext_ln51_54 = zext i2 %add_ln51_53" [bnn.cpp:51->bnn.cpp:132]   --->   Operation 277 'zext' 'zext_ln51_54' <Predicate = (!icmp_ln46)> <Delay = 0.00>
ST_1 : Operation 278 [1/1] (1.56ns)   --->   "%add_ln51_54 = add i2 %zext_ln19_12, i2 %zext_ln19_29" [bnn.cpp:51->bnn.cpp:132]   --->   Operation 278 'add' 'add_ln51_54' <Predicate = (!icmp_ln46)> <Delay = 1.56> <CoreInst = "Adder">   --->   Core 1 'Adder' <Latency = 0> <II = 1> <Delay = 1.56> <FuncUnit> <Opcode : 'add' 'sub'> <InPorts = 2> <OutPorts = 1>
ST_1 : Operation 279 [1/1] (0.00ns)   --->   "%zext_ln51_55 = zext i2 %add_ln51_54" [bnn.cpp:51->bnn.cpp:132]   --->   Operation 279 'zext' 'zext_ln51_55' <Predicate = (!icmp_ln46)> <Delay = 0.00>
ST_1 : Operation 280 [1/1] (1.56ns)   --->   "%add_ln51_55 = add i3 %zext_ln51_55, i3 %zext_ln51_54" [bnn.cpp:51->bnn.cpp:132]   --->   Operation 280 'add' 'add_ln51_55' <Predicate = (!icmp_ln46)> <Delay = 1.56> <CoreInst = "Adder">   --->   Core 1 'Adder' <Latency = 0> <II = 1> <Delay = 1.56> <FuncUnit> <Opcode : 'add' 'sub'> <InPorts = 2> <OutPorts = 1>
ST_1 : Operation 281 [1/1] (1.56ns)   --->   "%add_ln51_56 = add i2 %zext_ln19_38, i2 %zext_ln19_21" [bnn.cpp:51->bnn.cpp:132]   --->   Operation 281 'add' 'add_ln51_56' <Predicate = (!icmp_ln46)> <Delay = 1.56> <CoreInst = "Adder">   --->   Core 1 'Adder' <Latency = 0> <II = 1> <Delay = 1.56> <FuncUnit> <Opcode : 'add' 'sub'> <InPorts = 2> <OutPorts = 1>
ST_1 : Operation 282 [1/1] (0.00ns)   --->   "%zext_ln51_57 = zext i2 %add_ln51_56" [bnn.cpp:51->bnn.cpp:132]   --->   Operation 282 'zext' 'zext_ln51_57' <Predicate = (!icmp_ln46)> <Delay = 0.00>
ST_1 : Operation 283 [1/1] (1.56ns)   --->   "%add_ln51_57 = add i2 %zext_ln19_34, i2 %zext_ln19_4" [bnn.cpp:51->bnn.cpp:132]   --->   Operation 283 'add' 'add_ln51_57' <Predicate = (!icmp_ln46)> <Delay = 1.56> <CoreInst = "Adder">   --->   Core 1 'Adder' <Latency = 0> <II = 1> <Delay = 1.56> <FuncUnit> <Opcode : 'add' 'sub'> <InPorts = 2> <OutPorts = 1>
ST_1 : Operation 284 [1/1] (0.00ns)   --->   "%zext_ln51_58 = zext i2 %add_ln51_57" [bnn.cpp:51->bnn.cpp:132]   --->   Operation 284 'zext' 'zext_ln51_58' <Predicate = (!icmp_ln46)> <Delay = 0.00>
ST_1 : Operation 285 [1/1] (1.56ns)   --->   "%add_ln51_58 = add i3 %zext_ln51_58, i3 %zext_ln51_57" [bnn.cpp:51->bnn.cpp:132]   --->   Operation 285 'add' 'add_ln51_58' <Predicate = (!icmp_ln46)> <Delay = 1.56> <CoreInst = "Adder">   --->   Core 1 'Adder' <Latency = 0> <II = 1> <Delay = 1.56> <FuncUnit> <Opcode : 'add' 'sub'> <InPorts = 2> <OutPorts = 1>
ST_1 : Operation 286 [1/1] (1.58ns)   --->   "%store_ln46 = store i4 %add_ln46, i4 %x" [bnn.cpp:46->bnn.cpp:132]   --->   Operation 286 'store' 'store_ln46' <Predicate = (!icmp_ln46)> <Delay = 1.58>

State 2 <SV = 1> <Delay = 6.99>
ST_2 : Operation 287 [1/1] (0.00ns)   --->   "%zext_ln51_3 = zext i3 %add_ln51_2" [bnn.cpp:51->bnn.cpp:132]   --->   Operation 287 'zext' 'zext_ln51_3' <Predicate = true> <Delay = 0.00>
ST_2 : Operation 288 [1/1] (0.00ns)   --->   "%zext_ln51_6 = zext i3 %add_ln51_5" [bnn.cpp:51->bnn.cpp:132]   --->   Operation 288 'zext' 'zext_ln51_6' <Predicate = true> <Delay = 0.00>
ST_2 : Operation 289 [1/1] (1.65ns)   --->   "%add_ln51_6 = add i4 %zext_ln51_6, i4 %zext_ln51_3" [bnn.cpp:51->bnn.cpp:132]   --->   Operation 289 'add' 'add_ln51_6' <Predicate = true> <Delay = 1.65> <CoreInst = "Adder">   --->   Core 1 'Adder' <Latency = 0> <II = 1> <Delay = 1.65> <FuncUnit> <Opcode : 'add' 'sub'> <InPorts = 2> <OutPorts = 1>
ST_2 : Operation 290 [1/1] (0.00ns)   --->   "%zext_ln51_7 = zext i4 %add_ln51_6" [bnn.cpp:51->bnn.cpp:132]   --->   Operation 290 'zext' 'zext_ln51_7' <Predicate = true> <Delay = 0.00>
ST_2 : Operation 291 [1/1] (0.00ns)   --->   "%zext_ln51_10 = zext i3 %add_ln51_9" [bnn.cpp:51->bnn.cpp:132]   --->   Operation 291 'zext' 'zext_ln51_10' <Predicate = true> <Delay = 0.00>
ST_2 : Operation 292 [1/1] (0.00ns)   --->   "%zext_ln51_13 = zext i3 %add_ln51_12" [bnn.cpp:51->bnn.cpp:132]   --->   Operation 292 'zext' 'zext_ln51_13' <Predicate = true> <Delay = 0.00>
ST_2 : Operation 293 [1/1] (1.65ns)   --->   "%add_ln51_13 = add i4 %zext_ln51_13, i4 %zext_ln51_10" [bnn.cpp:51->bnn.cpp:132]   --->   Operation 293 'add' 'add_ln51_13' <Predicate = true> <Delay = 1.65> <CoreInst = "Adder">   --->   Core 1 'Adder' <Latency = 0> <II = 1> <Delay = 1.65> <FuncUnit> <Opcode : 'add' 'sub'> <InPorts = 2> <OutPorts = 1>
ST_2 : Operation 294 [1/1] (0.00ns)   --->   "%zext_ln51_14 = zext i4 %add_ln51_13" [bnn.cpp:51->bnn.cpp:132]   --->   Operation 294 'zext' 'zext_ln51_14' <Predicate = true> <Delay = 0.00>
ST_2 : Operation 295 [1/1] (1.73ns)   --->   "%add_ln51_14 = add i5 %zext_ln51_14, i5 %zext_ln51_7" [bnn.cpp:51->bnn.cpp:132]   --->   Operation 295 'add' 'add_ln51_14' <Predicate = true> <Delay = 1.73> <CoreInst = "Adder">   --->   Core 1 'Adder' <Latency = 0> <II = 1> <Delay = 1.73> <FuncUnit> <Opcode : 'add' 'sub'> <InPorts = 2> <OutPorts = 1>
ST_2 : Operation 296 [1/1] (0.00ns)   --->   "%zext_ln51_15 = zext i5 %add_ln51_14" [bnn.cpp:51->bnn.cpp:132]   --->   Operation 296 'zext' 'zext_ln51_15' <Predicate = true> <Delay = 0.00>
ST_2 : Operation 297 [1/1] (0.00ns)   --->   "%zext_ln51_18 = zext i3 %add_ln51_17" [bnn.cpp:51->bnn.cpp:132]   --->   Operation 297 'zext' 'zext_ln51_18' <Predicate = true> <Delay = 0.00>
ST_2 : Operation 298 [1/1] (0.00ns)   --->   "%zext_ln51_21 = zext i3 %add_ln51_20" [bnn.cpp:51->bnn.cpp:132]   --->   Operation 298 'zext' 'zext_ln51_21' <Predicate = true> <Delay = 0.00>
ST_2 : Operation 299 [1/1] (1.65ns)   --->   "%add_ln51_21 = add i4 %zext_ln51_21, i4 %zext_ln51_18" [bnn.cpp:51->bnn.cpp:132]   --->   Operation 299 'add' 'add_ln51_21' <Predicate = true> <Delay = 1.65> <CoreInst = "Adder">   --->   Core 1 'Adder' <Latency = 0> <II = 1> <Delay = 1.65> <FuncUnit> <Opcode : 'add' 'sub'> <InPorts = 2> <OutPorts = 1>
ST_2 : Operation 300 [1/1] (0.00ns)   --->   "%zext_ln51_22 = zext i4 %add_ln51_21" [bnn.cpp:51->bnn.cpp:132]   --->   Operation 300 'zext' 'zext_ln51_22' <Predicate = true> <Delay = 0.00>
ST_2 : Operation 301 [1/1] (0.00ns)   --->   "%zext_ln51_25 = zext i3 %add_ln51_24" [bnn.cpp:51->bnn.cpp:132]   --->   Operation 301 'zext' 'zext_ln51_25' <Predicate = true> <Delay = 0.00>
ST_2 : Operation 302 [1/1] (0.00ns)   --->   "%zext_ln51_28 = zext i3 %add_ln51_27" [bnn.cpp:51->bnn.cpp:132]   --->   Operation 302 'zext' 'zext_ln51_28' <Predicate = true> <Delay = 0.00>
ST_2 : Operation 303 [1/1] (1.65ns)   --->   "%add_ln51_28 = add i4 %zext_ln51_28, i4 %zext_ln51_25" [bnn.cpp:51->bnn.cpp:132]   --->   Operation 303 'add' 'add_ln51_28' <Predicate = true> <Delay = 1.65> <CoreInst = "Adder">   --->   Core 1 'Adder' <Latency = 0> <II = 1> <Delay = 1.65> <FuncUnit> <Opcode : 'add' 'sub'> <InPorts = 2> <OutPorts = 1>
ST_2 : Operation 304 [1/1] (0.00ns)   --->   "%zext_ln51_29 = zext i4 %add_ln51_28" [bnn.cpp:51->bnn.cpp:132]   --->   Operation 304 'zext' 'zext_ln51_29' <Predicate = true> <Delay = 0.00>
ST_2 : Operation 305 [1/1] (1.73ns)   --->   "%add_ln51_29 = add i5 %zext_ln51_29, i5 %zext_ln51_22" [bnn.cpp:51->bnn.cpp:132]   --->   Operation 305 'add' 'add_ln51_29' <Predicate = true> <Delay = 1.73> <CoreInst = "Adder">   --->   Core 1 'Adder' <Latency = 0> <II = 1> <Delay = 1.73> <FuncUnit> <Opcode : 'add' 'sub'> <InPorts = 2> <OutPorts = 1>
ST_2 : Operation 306 [1/1] (0.00ns)   --->   "%zext_ln51_30 = zext i5 %add_ln51_29" [bnn.cpp:51->bnn.cpp:132]   --->   Operation 306 'zext' 'zext_ln51_30' <Predicate = true> <Delay = 0.00>
ST_2 : Operation 307 [1/1] (1.78ns)   --->   "%add_ln51_30 = add i6 %zext_ln51_30, i6 %zext_ln51_15" [bnn.cpp:51->bnn.cpp:132]   --->   Operation 307 'add' 'add_ln51_30' <Predicate = true> <Delay = 1.78> <CoreInst = "Adder">   --->   Core 1 'Adder' <Latency = 0> <II = 1> <Delay = 1.78> <FuncUnit> <Opcode : 'add' 'sub'> <InPorts = 2> <OutPorts = 1>
ST_2 : Operation 308 [1/1] (0.00ns)   --->   "%zext_ln51_31 = zext i6 %add_ln51_30" [bnn.cpp:51->bnn.cpp:132]   --->   Operation 308 'zext' 'zext_ln51_31' <Predicate = true> <Delay = 0.00>
ST_2 : Operation 309 [1/1] (0.00ns)   --->   "%zext_ln51_34 = zext i3 %add_ln51_33" [bnn.cpp:51->bnn.cpp:132]   --->   Operation 309 'zext' 'zext_ln51_34' <Predicate = true> <Delay = 0.00>
ST_2 : Operation 310 [1/1] (0.00ns)   --->   "%zext_ln51_37 = zext i3 %add_ln51_36" [bnn.cpp:51->bnn.cpp:132]   --->   Operation 310 'zext' 'zext_ln51_37' <Predicate = true> <Delay = 0.00>
ST_2 : Operation 311 [1/1] (1.65ns)   --->   "%add_ln51_37 = add i4 %zext_ln51_37, i4 %zext_ln51_34" [bnn.cpp:51->bnn.cpp:132]   --->   Operation 311 'add' 'add_ln51_37' <Predicate = true> <Delay = 1.65> <CoreInst = "Adder">   --->   Core 1 'Adder' <Latency = 0> <II = 1> <Delay = 1.65> <FuncUnit> <Opcode : 'add' 'sub'> <InPorts = 2> <OutPorts = 1>
ST_2 : Operation 312 [1/1] (0.00ns)   --->   "%zext_ln51_38 = zext i4 %add_ln51_37" [bnn.cpp:51->bnn.cpp:132]   --->   Operation 312 'zext' 'zext_ln51_38' <Predicate = true> <Delay = 0.00>
ST_2 : Operation 313 [1/1] (0.00ns)   --->   "%zext_ln51_41 = zext i3 %add_ln51_40" [bnn.cpp:51->bnn.cpp:132]   --->   Operation 313 'zext' 'zext_ln51_41' <Predicate = true> <Delay = 0.00>
ST_2 : Operation 314 [1/1] (0.00ns)   --->   "%zext_ln51_44 = zext i3 %add_ln51_43" [bnn.cpp:51->bnn.cpp:132]   --->   Operation 314 'zext' 'zext_ln51_44' <Predicate = true> <Delay = 0.00>
ST_2 : Operation 315 [1/1] (1.65ns)   --->   "%add_ln51_44 = add i4 %zext_ln51_44, i4 %zext_ln51_41" [bnn.cpp:51->bnn.cpp:132]   --->   Operation 315 'add' 'add_ln51_44' <Predicate = true> <Delay = 1.65> <CoreInst = "Adder">   --->   Core 1 'Adder' <Latency = 0> <II = 1> <Delay = 1.65> <FuncUnit> <Opcode : 'add' 'sub'> <InPorts = 2> <OutPorts = 1>
ST_2 : Operation 316 [1/1] (0.00ns)   --->   "%zext_ln51_45 = zext i4 %add_ln51_44" [bnn.cpp:51->bnn.cpp:132]   --->   Operation 316 'zext' 'zext_ln51_45' <Predicate = true> <Delay = 0.00>
ST_2 : Operation 317 [1/1] (1.73ns)   --->   "%add_ln51_45 = add i5 %zext_ln51_45, i5 %zext_ln51_38" [bnn.cpp:51->bnn.cpp:132]   --->   Operation 317 'add' 'add_ln51_45' <Predicate = true> <Delay = 1.73> <CoreInst = "Adder">   --->   Core 1 'Adder' <Latency = 0> <II = 1> <Delay = 1.73> <FuncUnit> <Opcode : 'add' 'sub'> <InPorts = 2> <OutPorts = 1>
ST_2 : Operation 318 [1/1] (0.00ns)   --->   "%zext_ln51_46 = zext i5 %add_ln51_45" [bnn.cpp:51->bnn.cpp:132]   --->   Operation 318 'zext' 'zext_ln51_46' <Predicate = true> <Delay = 0.00>
ST_2 : Operation 319 [1/1] (0.00ns)   --->   "%zext_ln51_49 = zext i3 %add_ln51_48" [bnn.cpp:51->bnn.cpp:132]   --->   Operation 319 'zext' 'zext_ln51_49' <Predicate = true> <Delay = 0.00>
ST_2 : Operation 320 [1/1] (0.00ns)   --->   "%zext_ln51_52 = zext i3 %add_ln51_51" [bnn.cpp:51->bnn.cpp:132]   --->   Operation 320 'zext' 'zext_ln51_52' <Predicate = true> <Delay = 0.00>
ST_2 : Operation 321 [1/1] (1.65ns)   --->   "%add_ln51_52 = add i4 %zext_ln51_52, i4 %zext_ln51_49" [bnn.cpp:51->bnn.cpp:132]   --->   Operation 321 'add' 'add_ln51_52' <Predicate = true> <Delay = 1.65> <CoreInst = "Adder">   --->   Core 1 'Adder' <Latency = 0> <II = 1> <Delay = 1.65> <FuncUnit> <Opcode : 'add' 'sub'> <InPorts = 2> <OutPorts = 1>
ST_2 : Operation 322 [1/1] (0.00ns)   --->   "%zext_ln51_53 = zext i4 %add_ln51_52" [bnn.cpp:51->bnn.cpp:132]   --->   Operation 322 'zext' 'zext_ln51_53' <Predicate = true> <Delay = 0.00>
ST_2 : Operation 323 [1/1] (0.00ns)   --->   "%zext_ln51_56 = zext i3 %add_ln51_55" [bnn.cpp:51->bnn.cpp:132]   --->   Operation 323 'zext' 'zext_ln51_56' <Predicate = true> <Delay = 0.00>
ST_2 : Operation 324 [1/1] (0.00ns)   --->   "%zext_ln51_59 = zext i3 %add_ln51_58" [bnn.cpp:51->bnn.cpp:132]   --->   Operation 324 'zext' 'zext_ln51_59' <Predicate = true> <Delay = 0.00>
ST_2 : Operation 325 [1/1] (1.65ns)   --->   "%add_ln51_59 = add i4 %zext_ln51_59, i4 %zext_ln51_56" [bnn.cpp:51->bnn.cpp:132]   --->   Operation 325 'add' 'add_ln51_59' <Predicate = true> <Delay = 1.65> <CoreInst = "Adder">   --->   Core 1 'Adder' <Latency = 0> <II = 1> <Delay = 1.65> <FuncUnit> <Opcode : 'add' 'sub'> <InPorts = 2> <OutPorts = 1>
ST_2 : Operation 326 [1/1] (0.00ns)   --->   "%zext_ln51_60 = zext i4 %add_ln51_59" [bnn.cpp:51->bnn.cpp:132]   --->   Operation 326 'zext' 'zext_ln51_60' <Predicate = true> <Delay = 0.00>
ST_2 : Operation 327 [1/1] (1.73ns)   --->   "%add_ln51_60 = add i5 %zext_ln51_60, i5 %zext_ln51_53" [bnn.cpp:51->bnn.cpp:132]   --->   Operation 327 'add' 'add_ln51_60' <Predicate = true> <Delay = 1.73> <CoreInst = "Adder">   --->   Core 1 'Adder' <Latency = 0> <II = 1> <Delay = 1.73> <FuncUnit> <Opcode : 'add' 'sub'> <InPorts = 2> <OutPorts = 1>
ST_2 : Operation 328 [1/1] (0.00ns)   --->   "%zext_ln51_61 = zext i5 %add_ln51_60" [bnn.cpp:51->bnn.cpp:132]   --->   Operation 328 'zext' 'zext_ln51_61' <Predicate = true> <Delay = 0.00>
ST_2 : Operation 329 [1/1] (1.78ns)   --->   "%add_ln51_61 = add i6 %zext_ln51_61, i6 %zext_ln51_46" [bnn.cpp:51->bnn.cpp:132]   --->   Operation 329 'add' 'add_ln51_61' <Predicate = true> <Delay = 1.78> <CoreInst = "Adder">   --->   Core 1 'Adder' <Latency = 0> <II = 1> <Delay = 1.78> <FuncUnit> <Opcode : 'add' 'sub'> <InPorts = 2> <OutPorts = 1>
ST_2 : Operation 330 [1/1] (0.00ns)   --->   "%zext_ln51_62 = zext i6 %add_ln51_61" [bnn.cpp:51->bnn.cpp:132]   --->   Operation 330 'zext' 'zext_ln51_62' <Predicate = true> <Delay = 0.00>
ST_2 : Operation 331 [1/1] (1.82ns)   --->   "%cnt_1 = add i7 %zext_ln51_62, i7 %zext_ln51_31" [bnn.cpp:51->bnn.cpp:132]   --->   Operation 331 'add' 'cnt_1' <Predicate = true> <Delay = 1.82> <CoreInst = "Adder">   --->   Core 1 'Adder' <Latency = 0> <II = 1> <Delay = 1.82> <FuncUnit> <Opcode : 'add' 'sub'> <InPorts = 2> <OutPorts = 1>
ST_2 : Operation 339 [1/1] (1.58ns)   --->   "%ret_ln0 = ret"   --->   Operation 339 'ret' 'ret_ln0' <Predicate = (icmp_ln46)> <Delay = 1.58>

State 3 <SV = 2> <Delay = 2.32>
ST_3 : Operation 332 [1/1] (0.00ns)   --->   "%zext_ln46 = zext i4 %x_1" [bnn.cpp:46->bnn.cpp:132]   --->   Operation 332 'zext' 'zext_ln46' <Predicate = true> <Delay = 0.00>
ST_3 : Operation 333 [1/1] (0.00ns)   --->   "%specpipeline_ln47 = specpipeline void @_ssdm_op_SpecPipeline, i32 4294967295, i32 0, i32 0, i32 0, void @empty_1" [bnn.cpp:47->bnn.cpp:132]   --->   Operation 333 'specpipeline' 'specpipeline_ln47' <Predicate = true> <Delay = 0.00>
ST_3 : Operation 334 [1/1] (0.00ns)   --->   "%specloopname_ln46 = specloopname void @_ssdm_op_SpecLoopName, void @empty_9" [bnn.cpp:46->bnn.cpp:132]   --->   Operation 334 'specloopname' 'specloopname_ln46' <Predicate = true> <Delay = 0.00>
ST_3 : Operation 335 [1/1] (0.00ns)   --->   "%zext_ln48_1 = zext i7 %cnt_1" [bnn.cpp:48->bnn.cpp:132]   --->   Operation 335 'zext' 'zext_ln48_1' <Predicate = true> <Delay = 0.00>
ST_3 : Operation 336 [1/1] (0.00ns)   --->   "%layer3_activations_addr = getelementptr i32 %layer3_activations, i64 0, i64 %zext_ln46" [bnn.cpp:53->bnn.cpp:132]   --->   Operation 336 'getelementptr' 'layer3_activations_addr' <Predicate = true> <Delay = 0.00>
ST_3 : Operation 337 [1/1] ( I:2.32ns O:2.32ns )   --->   "%store_ln53 = store i32 %zext_ln48_1, i4 %layer3_activations_addr" [bnn.cpp:53->bnn.cpp:132]   --->   Operation 337 'store' 'store_ln53' <Predicate = true> <Delay = 2.32> <CoreInst = "RAM">   --->   Core 81 'RAM' <Latency = 1> <II = 1> <Delay = 2.32> <Storage> <Opcode : 'load' 'store'> <Ports = 2> <Width = 32> <Depth = 10> <RAM>
ST_3 : Operation 338 [1/1] (0.00ns)   --->   "%br_ln46 = br void %for.inc.i234" [bnn.cpp:46->bnn.cpp:132]   --->   Operation 338 'br' 'br_ln46' <Predicate = true> <Delay = 0.00>


============================================================
+ Verbose Summary: Timing violations
============================================================
Target clock period: 10.000ns, clock uncertainty: 2.700ns.

 <State 1>: 5.682ns
The critical path consists of the following:
	wire read operation ('layer2_quant_44_reload_read') on port 'layer2_quant_44_reload' [86]  (0.000 ns)
	'icmp' operation 1 bit ('icmp_ln20_43', bnn.cpp:20->bnn.cpp:51->bnn.cpp:132) [231]  (2.552 ns)
	'add' operation 2 bit ('add_ln51_1', bnn.cpp:51->bnn.cpp:132) [273]  (1.565 ns)
	'add' operation 3 bit ('add_ln51_2', bnn.cpp:51->bnn.cpp:132) [275]  (1.565 ns)

 <State 2>: 6.990ns
The critical path consists of the following:
	'add' operation 4 bit ('add_ln51_6', bnn.cpp:51->bnn.cpp:132) [283]  (1.650 ns)
	'add' operation 5 bit ('add_ln51_14', bnn.cpp:51->bnn.cpp:132) [299]  (1.735 ns)
	'add' operation 6 bit ('add_ln51_30', bnn.cpp:51->bnn.cpp:132) [331]  (1.780 ns)
	'add' operation 7 bit ('cnt', bnn.cpp:51->bnn.cpp:132) [395]  (1.825 ns)

 <State 3>: 2.322ns
The critical path consists of the following:
	'getelementptr' operation 4 bit ('layer3_activations_addr', bnn.cpp:53->bnn.cpp:132) [397]  (0.000 ns)
	'store' operation 0 bit ('store_ln53', bnn.cpp:53->bnn.cpp:132) of variable 'zext_ln48_1', bnn.cpp:48->bnn.cpp:132 on array 'layer3_activations' [398]  (2.322 ns)


============================================================
+ Verbose Summary: Binding
============================================================
N/A
* FSMD analyzer results:
  - Output states:
 - Input state : 
  - Chain level:
	State 1
	State 2
	State 3


============================================================
+ Verbose Summary: Datapath Resource usage 
============================================================
N/A
