

================================================================
== Vitis HLS Report for 'feedforward_Pipeline_VITIS_LOOP_153_5'
================================================================
* Date:           Fri Jun 13 23:25:10 2025

* Version:        2024.2 (Build 5238294 on Nov  8 2024)
* Project:        bnn_hls
* Solution:       hls (Vivado IP Flow Target)
* Product family: zynq
* Target device:  xc7z020-clg400-1


================================================================
== Performance Estimates
================================================================
+ Timing: 
    * Summary: 
    +--------+----------+----------+------------+
    |  Clock |  Target  | Estimated| Uncertainty|
    +--------+----------+----------+------------+
    |ap_clk  |  10.00 ns|  6.701 ns|     2.70 ns|
    +--------+----------+----------+------------+

+ Latency: 
    * Summary: 
    +---------+---------+----------+----------+-----+-----+------------------------------------------------+
    |  Latency (cycles) |  Latency (absolute) |  Interval |                    Pipeline                    |
    |   min   |   max   |    min   |    max   | min | max |                      Type                      |
    +---------+---------+----------+----------+-----+-----+------------------------------------------------+
    |       67|       67|  0.670 us|  0.670 us|   65|   65|  loop auto-rewind stp (delay=0 clock cycles(s))|
    +---------+---------+----------+----------+-----+-----+------------------------------------------------+

    + Detail: 
        * Instance: 
        N/A

        * Loop: 
        +--------------------+---------+---------+----------+-----------+-----------+------+----------+
        |                    |  Latency (cycles) | Iteration|  Initiation Interval  | Trip |          |
        |      Loop Name     |   min   |   max   |  Latency |  achieved |   target  | Count| Pipelined|
        +--------------------+---------+---------+----------+-----------+-----------+------+----------+
        |- VITIS_LOOP_153_5  |       65|       65|         3|          1|          1|    64|       yes|
        +--------------------+---------+---------+----------+-----------+-----------+------+----------+

============================================================
+ Verbose Summary: Synthesis Manager
============================================================
InlineROM: 1
ExposeGlobal: 0
============================================================
+ Verbose Summary: CDFG Model
============================================================
IsTopModel: 0
ResetActiveHigh: 1
IsCombinational: 0
IsDatapathOnly: 0
HasWiredReturn: 1
HasMFsm: 2
HasVarLatency: 1
IsPipeline: 0
IsRtlPipelined: 0
IsInstanceOverlapped: 0
IsDontTouch: 0
HasImplIP: 0
IsGatedGlobalClock: 0

+ Individual pipeline summary: 
  * Pipeline-0: initiation interval (II) = 1, depth = 3


============================================================
+ Verbose Summary: Schedule
============================================================
* Number of FSM states : 3
* Pipeline : 1
  Pipeline-0 : II = 1, D = 3, States = { 1 2 3 }
* Dataflow Pipeline: 0

* FSM state transitions: 
1 --> 2 
2 --> 3 
3 --> 

* FSM state operations: 

State 1 <SV = 0> <Delay = 5.04>
ST_1 : Operation 6 [1/1] (0.00ns)   --->   "%i = alloca i32 1" [bnn.cpp:153]   --->   Operation 6 'alloca' 'i' <Predicate = true> <Delay = 0.00>
ST_1 : Operation 7 [1/1] (0.00ns)   --->   "%shl_i_i_i_i6531 = alloca i32 1"   --->   Operation 7 'alloca' 'shl_i_i_i_i6531' <Predicate = true> <Delay = 0.00>
ST_1 : Operation 8 [1/1] (0.00ns)   --->   "%shl_i_i_i_i6533 = alloca i32 1"   --->   Operation 8 'alloca' 'shl_i_i_i_i6533' <Predicate = true> <Delay = 0.00>
ST_1 : Operation 9 [1/1] (0.00ns)   --->   "%shl_i_i_i_i6535 = alloca i32 1"   --->   Operation 9 'alloca' 'shl_i_i_i_i6535' <Predicate = true> <Delay = 0.00>
ST_1 : Operation 10 [1/1] (0.00ns)   --->   "%shl_i_i_i_i6537 = alloca i32 1"   --->   Operation 10 'alloca' 'shl_i_i_i_i6537' <Predicate = true> <Delay = 0.00>
ST_1 : Operation 11 [1/1] (0.00ns)   --->   "%shl_i_i_i_i6539 = alloca i32 1"   --->   Operation 11 'alloca' 'shl_i_i_i_i6539' <Predicate = true> <Delay = 0.00>
ST_1 : Operation 12 [1/1] (0.00ns)   --->   "%shl_i_i_i_i65311 = alloca i32 1"   --->   Operation 12 'alloca' 'shl_i_i_i_i65311' <Predicate = true> <Delay = 0.00>
ST_1 : Operation 13 [1/1] (0.00ns)   --->   "%shl_i_i_i_i65313 = alloca i32 1"   --->   Operation 13 'alloca' 'shl_i_i_i_i65313' <Predicate = true> <Delay = 0.00>
ST_1 : Operation 14 [1/1] (0.00ns)   --->   "%shl_i_i_i_i65315 = alloca i32 1"   --->   Operation 14 'alloca' 'shl_i_i_i_i65315' <Predicate = true> <Delay = 0.00>
ST_1 : Operation 15 [1/1] (0.00ns)   --->   "%shl_i_i_i_i65317 = alloca i32 1"   --->   Operation 15 'alloca' 'shl_i_i_i_i65317' <Predicate = true> <Delay = 0.00>
ST_1 : Operation 16 [1/1] (0.00ns)   --->   "%shl_i_i_i_i65319 = alloca i32 1"   --->   Operation 16 'alloca' 'shl_i_i_i_i65319' <Predicate = true> <Delay = 0.00>
ST_1 : Operation 17 [1/1] (0.00ns)   --->   "%shl_i_i_i_i65321 = alloca i32 1"   --->   Operation 17 'alloca' 'shl_i_i_i_i65321' <Predicate = true> <Delay = 0.00>
ST_1 : Operation 18 [1/1] (0.00ns)   --->   "%shl_i_i_i_i65323 = alloca i32 1"   --->   Operation 18 'alloca' 'shl_i_i_i_i65323' <Predicate = true> <Delay = 0.00>
ST_1 : Operation 19 [1/1] (0.00ns)   --->   "%shl_i_i_i_i65325 = alloca i32 1"   --->   Operation 19 'alloca' 'shl_i_i_i_i65325' <Predicate = true> <Delay = 0.00>
ST_1 : Operation 20 [1/1] (0.00ns)   --->   "%shl_i_i_i_i65327 = alloca i32 1"   --->   Operation 20 'alloca' 'shl_i_i_i_i65327' <Predicate = true> <Delay = 0.00>
ST_1 : Operation 21 [1/1] (0.00ns)   --->   "%shl_i_i_i_i65329 = alloca i32 1"   --->   Operation 21 'alloca' 'shl_i_i_i_i65329' <Predicate = true> <Delay = 0.00>
ST_1 : Operation 22 [1/1] (0.00ns)   --->   "%shl_i_i_i_i65331 = alloca i32 1"   --->   Operation 22 'alloca' 'shl_i_i_i_i65331' <Predicate = true> <Delay = 0.00>
ST_1 : Operation 23 [1/1] (0.00ns)   --->   "%shl_i_i_i_i65333 = alloca i32 1"   --->   Operation 23 'alloca' 'shl_i_i_i_i65333' <Predicate = true> <Delay = 0.00>
ST_1 : Operation 24 [1/1] (0.00ns)   --->   "%shl_i_i_i_i65335 = alloca i32 1"   --->   Operation 24 'alloca' 'shl_i_i_i_i65335' <Predicate = true> <Delay = 0.00>
ST_1 : Operation 25 [1/1] (0.00ns)   --->   "%shl_i_i_i_i65337 = alloca i32 1"   --->   Operation 25 'alloca' 'shl_i_i_i_i65337' <Predicate = true> <Delay = 0.00>
ST_1 : Operation 26 [1/1] (0.00ns)   --->   "%shl_i_i_i_i65339 = alloca i32 1"   --->   Operation 26 'alloca' 'shl_i_i_i_i65339' <Predicate = true> <Delay = 0.00>
ST_1 : Operation 27 [1/1] (0.00ns)   --->   "%shl_i_i_i_i65341 = alloca i32 1"   --->   Operation 27 'alloca' 'shl_i_i_i_i65341' <Predicate = true> <Delay = 0.00>
ST_1 : Operation 28 [1/1] (0.00ns)   --->   "%shl_i_i_i_i65343 = alloca i32 1"   --->   Operation 28 'alloca' 'shl_i_i_i_i65343' <Predicate = true> <Delay = 0.00>
ST_1 : Operation 29 [1/1] (0.00ns)   --->   "%shl_i_i_i_i65345 = alloca i32 1"   --->   Operation 29 'alloca' 'shl_i_i_i_i65345' <Predicate = true> <Delay = 0.00>
ST_1 : Operation 30 [1/1] (0.00ns)   --->   "%shl_i_i_i_i65347 = alloca i32 1"   --->   Operation 30 'alloca' 'shl_i_i_i_i65347' <Predicate = true> <Delay = 0.00>
ST_1 : Operation 31 [1/1] (0.00ns)   --->   "%shl_i_i_i_i65349 = alloca i32 1"   --->   Operation 31 'alloca' 'shl_i_i_i_i65349' <Predicate = true> <Delay = 0.00>
ST_1 : Operation 32 [1/1] (0.00ns)   --->   "%shl_i_i_i_i65351 = alloca i32 1"   --->   Operation 32 'alloca' 'shl_i_i_i_i65351' <Predicate = true> <Delay = 0.00>
ST_1 : Operation 33 [1/1] (0.00ns)   --->   "%shl_i_i_i_i65353 = alloca i32 1"   --->   Operation 33 'alloca' 'shl_i_i_i_i65353' <Predicate = true> <Delay = 0.00>
ST_1 : Operation 34 [1/1] (0.00ns)   --->   "%shl_i_i_i_i65355 = alloca i32 1"   --->   Operation 34 'alloca' 'shl_i_i_i_i65355' <Predicate = true> <Delay = 0.00>
ST_1 : Operation 35 [1/1] (0.00ns)   --->   "%shl_i_i_i_i65357 = alloca i32 1"   --->   Operation 35 'alloca' 'shl_i_i_i_i65357' <Predicate = true> <Delay = 0.00>
ST_1 : Operation 36 [1/1] (0.00ns)   --->   "%shl_i_i_i_i65359 = alloca i32 1"   --->   Operation 36 'alloca' 'shl_i_i_i_i65359' <Predicate = true> <Delay = 0.00>
ST_1 : Operation 37 [1/1] (0.00ns)   --->   "%shl_i_i_i_i65361 = alloca i32 1"   --->   Operation 37 'alloca' 'shl_i_i_i_i65361' <Predicate = true> <Delay = 0.00>
ST_1 : Operation 38 [1/1] (0.00ns)   --->   "%shl_i_i_i_i65363 = alloca i32 1"   --->   Operation 38 'alloca' 'shl_i_i_i_i65363' <Predicate = true> <Delay = 0.00>
ST_1 : Operation 39 [1/1] (0.00ns)   --->   "%shl_i_i_i_i65365 = alloca i32 1"   --->   Operation 39 'alloca' 'shl_i_i_i_i65365' <Predicate = true> <Delay = 0.00>
ST_1 : Operation 40 [1/1] (0.00ns)   --->   "%shl_i_i_i_i65367 = alloca i32 1"   --->   Operation 40 'alloca' 'shl_i_i_i_i65367' <Predicate = true> <Delay = 0.00>
ST_1 : Operation 41 [1/1] (0.00ns)   --->   "%shl_i_i_i_i65369 = alloca i32 1"   --->   Operation 41 'alloca' 'shl_i_i_i_i65369' <Predicate = true> <Delay = 0.00>
ST_1 : Operation 42 [1/1] (0.00ns)   --->   "%shl_i_i_i_i65371 = alloca i32 1"   --->   Operation 42 'alloca' 'shl_i_i_i_i65371' <Predicate = true> <Delay = 0.00>
ST_1 : Operation 43 [1/1] (0.00ns)   --->   "%shl_i_i_i_i65373 = alloca i32 1"   --->   Operation 43 'alloca' 'shl_i_i_i_i65373' <Predicate = true> <Delay = 0.00>
ST_1 : Operation 44 [1/1] (0.00ns)   --->   "%shl_i_i_i_i65375 = alloca i32 1"   --->   Operation 44 'alloca' 'shl_i_i_i_i65375' <Predicate = true> <Delay = 0.00>
ST_1 : Operation 45 [1/1] (0.00ns)   --->   "%shl_i_i_i_i65377 = alloca i32 1"   --->   Operation 45 'alloca' 'shl_i_i_i_i65377' <Predicate = true> <Delay = 0.00>
ST_1 : Operation 46 [1/1] (0.00ns)   --->   "%shl_i_i_i_i65379 = alloca i32 1"   --->   Operation 46 'alloca' 'shl_i_i_i_i65379' <Predicate = true> <Delay = 0.00>
ST_1 : Operation 47 [1/1] (0.00ns)   --->   "%shl_i_i_i_i65381 = alloca i32 1"   --->   Operation 47 'alloca' 'shl_i_i_i_i65381' <Predicate = true> <Delay = 0.00>
ST_1 : Operation 48 [1/1] (0.00ns)   --->   "%shl_i_i_i_i65383 = alloca i32 1"   --->   Operation 48 'alloca' 'shl_i_i_i_i65383' <Predicate = true> <Delay = 0.00>
ST_1 : Operation 49 [1/1] (0.00ns)   --->   "%shl_i_i_i_i65385 = alloca i32 1"   --->   Operation 49 'alloca' 'shl_i_i_i_i65385' <Predicate = true> <Delay = 0.00>
ST_1 : Operation 50 [1/1] (0.00ns)   --->   "%shl_i_i_i_i65387 = alloca i32 1"   --->   Operation 50 'alloca' 'shl_i_i_i_i65387' <Predicate = true> <Delay = 0.00>
ST_1 : Operation 51 [1/1] (0.00ns)   --->   "%shl_i_i_i_i65389 = alloca i32 1"   --->   Operation 51 'alloca' 'shl_i_i_i_i65389' <Predicate = true> <Delay = 0.00>
ST_1 : Operation 52 [1/1] (0.00ns)   --->   "%shl_i_i_i_i65391 = alloca i32 1"   --->   Operation 52 'alloca' 'shl_i_i_i_i65391' <Predicate = true> <Delay = 0.00>
ST_1 : Operation 53 [1/1] (0.00ns)   --->   "%shl_i_i_i_i65393 = alloca i32 1"   --->   Operation 53 'alloca' 'shl_i_i_i_i65393' <Predicate = true> <Delay = 0.00>
ST_1 : Operation 54 [1/1] (0.00ns)   --->   "%shl_i_i_i_i65395 = alloca i32 1"   --->   Operation 54 'alloca' 'shl_i_i_i_i65395' <Predicate = true> <Delay = 0.00>
ST_1 : Operation 55 [1/1] (0.00ns)   --->   "%shl_i_i_i_i65397 = alloca i32 1"   --->   Operation 55 'alloca' 'shl_i_i_i_i65397' <Predicate = true> <Delay = 0.00>
ST_1 : Operation 56 [1/1] (0.00ns)   --->   "%shl_i_i_i_i65399 = alloca i32 1"   --->   Operation 56 'alloca' 'shl_i_i_i_i65399' <Predicate = true> <Delay = 0.00>
ST_1 : Operation 57 [1/1] (0.00ns)   --->   "%shl_i_i_i_i653101 = alloca i32 1"   --->   Operation 57 'alloca' 'shl_i_i_i_i653101' <Predicate = true> <Delay = 0.00>
ST_1 : Operation 58 [1/1] (0.00ns)   --->   "%shl_i_i_i_i653103 = alloca i32 1"   --->   Operation 58 'alloca' 'shl_i_i_i_i653103' <Predicate = true> <Delay = 0.00>
ST_1 : Operation 59 [1/1] (0.00ns)   --->   "%shl_i_i_i_i653105 = alloca i32 1"   --->   Operation 59 'alloca' 'shl_i_i_i_i653105' <Predicate = true> <Delay = 0.00>
ST_1 : Operation 60 [1/1] (0.00ns)   --->   "%shl_i_i_i_i653107 = alloca i32 1"   --->   Operation 60 'alloca' 'shl_i_i_i_i653107' <Predicate = true> <Delay = 0.00>
ST_1 : Operation 61 [1/1] (0.00ns)   --->   "%shl_i_i_i_i653109 = alloca i32 1"   --->   Operation 61 'alloca' 'shl_i_i_i_i653109' <Predicate = true> <Delay = 0.00>
ST_1 : Operation 62 [1/1] (0.00ns)   --->   "%shl_i_i_i_i653111 = alloca i32 1"   --->   Operation 62 'alloca' 'shl_i_i_i_i653111' <Predicate = true> <Delay = 0.00>
ST_1 : Operation 63 [1/1] (0.00ns)   --->   "%shl_i_i_i_i653113 = alloca i32 1"   --->   Operation 63 'alloca' 'shl_i_i_i_i653113' <Predicate = true> <Delay = 0.00>
ST_1 : Operation 64 [1/1] (0.00ns)   --->   "%shl_i_i_i_i653115 = alloca i32 1"   --->   Operation 64 'alloca' 'shl_i_i_i_i653115' <Predicate = true> <Delay = 0.00>
ST_1 : Operation 65 [1/1] (0.00ns)   --->   "%shl_i_i_i_i653117 = alloca i32 1"   --->   Operation 65 'alloca' 'shl_i_i_i_i653117' <Predicate = true> <Delay = 0.00>
ST_1 : Operation 66 [1/1] (0.00ns)   --->   "%shl_i_i_i_i653119 = alloca i32 1"   --->   Operation 66 'alloca' 'shl_i_i_i_i653119' <Predicate = true> <Delay = 0.00>
ST_1 : Operation 67 [1/1] (0.00ns)   --->   "%shl_i_i_i_i653121 = alloca i32 1"   --->   Operation 67 'alloca' 'shl_i_i_i_i653121' <Predicate = true> <Delay = 0.00>
ST_1 : Operation 68 [1/1] (0.00ns)   --->   "%shl_i_i_i_i653123 = alloca i32 1"   --->   Operation 68 'alloca' 'shl_i_i_i_i653123' <Predicate = true> <Delay = 0.00>
ST_1 : Operation 69 [1/1] (0.00ns)   --->   "%shl_i_i_i_i653125 = alloca i32 1"   --->   Operation 69 'alloca' 'shl_i_i_i_i653125' <Predicate = true> <Delay = 0.00>
ST_1 : Operation 70 [1/1] (0.00ns)   --->   "%shl_i_i_i_i653127 = alloca i32 1"   --->   Operation 70 'alloca' 'shl_i_i_i_i653127' <Predicate = true> <Delay = 0.00>
ST_1 : Operation 71 [1/1] (1.58ns)   --->   "%store_ln153 = store i7 0, i7 %i" [bnn.cpp:153]   --->   Operation 71 'store' 'store_ln153' <Predicate = true> <Delay = 1.58>
ST_1 : Operation 72 [1/1] (0.00ns)   --->   "%br_ln0 = br void %for.inc64"   --->   Operation 72 'br' 'br_ln0' <Predicate = true> <Delay = 0.00>
ST_1 : Operation 73 [1/1] (0.00ns)   --->   "%i_3 = load i7 %i" [bnn.cpp:153]   --->   Operation 73 'load' 'i_3' <Predicate = true> <Delay = 0.00>
ST_1 : Operation 74 [1/1] (1.87ns)   --->   "%icmp_ln153 = icmp_eq  i7 %i_3, i7 64" [bnn.cpp:153]   --->   Operation 74 'icmp' 'icmp_ln153' <Predicate = true> <Delay = 1.87> <CoreInst = "Cmp">   --->   Core 9 'Cmp' <Latency = 0> <II = 1> <Delay = 1.87> <FuncUnit> <Opcode : 'seteq' 'setne' 'setle' 'setge' 'setlt' 'setgt'> <InPorts = 2> <OutPorts = 1>
ST_1 : Operation 75 [1/1] (1.87ns)   --->   "%add_ln153 = add i7 %i_3, i7 1" [bnn.cpp:153]   --->   Operation 75 'add' 'add_ln153' <Predicate = true> <Delay = 1.87> <CoreInst = "Adder">   --->   Core 1 'Adder' <Latency = 0> <II = 1> <Delay = 1.87> <FuncUnit> <Opcode : 'add' 'sub'> <InPorts = 2> <OutPorts = 1>
ST_1 : Operation 76 [1/1] (0.00ns)   --->   "%br_ln153 = br i1 %icmp_ln153, void %for.inc64.split, void %for.end66.exitStub" [bnn.cpp:153]   --->   Operation 76 'br' 'br_ln153' <Predicate = true> <Delay = 0.00>
ST_1 : Operation 77 [1/1] (0.00ns)   --->   "%trunc_ln153 = trunc i7 %i_3" [bnn.cpp:153]   --->   Operation 77 'trunc' 'trunc_ln153' <Predicate = (!icmp_ln153)> <Delay = 0.00>
ST_1 : Operation 78 [1/1] (0.00ns)   --->   "%trunc_ln153_1 = trunc i7 %i_3" [bnn.cpp:153]   --->   Operation 78 'trunc' 'trunc_ln153_1' <Predicate = (!icmp_ln153)> <Delay = 0.00>
ST_1 : Operation 79 [1/1] (0.00ns)   --->   "%lshr_ln3 = partselect i4 @_ssdm_op_PartSelect.i4.i7.i32.i32, i7 %i_3, i32 2, i32 5" [bnn.cpp:153]   --->   Operation 79 'partselect' 'lshr_ln3' <Predicate = (!icmp_ln153)> <Delay = 0.00>
ST_1 : Operation 80 [1/1] (0.00ns)   --->   "%zext_ln153 = zext i4 %lshr_ln3" [bnn.cpp:153]   --->   Operation 80 'zext' 'zext_ln153' <Predicate = (!icmp_ln153)> <Delay = 0.00>
ST_1 : Operation 81 [1/1] (0.00ns)   --->   "%layer2_activations_addr = getelementptr i32 %layer2_activations, i64 0, i64 %zext_ln153" [bnn.cpp:156]   --->   Operation 81 'getelementptr' 'layer2_activations_addr' <Predicate = (!icmp_ln153)> <Delay = 0.00>
ST_1 : Operation 82 [1/1] (0.00ns)   --->   "%layer2_activations_1_addr = getelementptr i32 %layer2_activations_1, i64 0, i64 %zext_ln153" [bnn.cpp:156]   --->   Operation 82 'getelementptr' 'layer2_activations_1_addr' <Predicate = (!icmp_ln153)> <Delay = 0.00>
ST_1 : Operation 83 [1/1] (0.00ns)   --->   "%layer2_activations_2_addr = getelementptr i32 %layer2_activations_2, i64 0, i64 %zext_ln153" [bnn.cpp:156]   --->   Operation 83 'getelementptr' 'layer2_activations_2_addr' <Predicate = (!icmp_ln153)> <Delay = 0.00>
ST_1 : Operation 84 [1/1] (0.00ns)   --->   "%layer2_activations_3_addr = getelementptr i32 %layer2_activations_3, i64 0, i64 %zext_ln153" [bnn.cpp:156]   --->   Operation 84 'getelementptr' 'layer2_activations_3_addr' <Predicate = (!icmp_ln153)> <Delay = 0.00>
ST_1 : Operation 85 [2/2] (2.32ns)   --->   "%layer2_activations_load = load i4 %layer2_activations_addr" [bnn.cpp:156]   --->   Operation 85 'load' 'layer2_activations_load' <Predicate = (!icmp_ln153)> <Delay = 2.32> <CoreInst = "RAM">   --->   Core 81 'RAM' <Latency = 1> <II = 1> <Delay = 2.32> <Storage> <Opcode : 'load' 'store'> <Ports = 2> <Width = 32> <Depth = 16> <RAM>
ST_1 : Operation 86 [2/2] (2.32ns)   --->   "%layer2_activations_1_load = load i4 %layer2_activations_1_addr" [bnn.cpp:156]   --->   Operation 86 'load' 'layer2_activations_1_load' <Predicate = (!icmp_ln153)> <Delay = 2.32> <CoreInst = "RAM">   --->   Core 81 'RAM' <Latency = 1> <II = 1> <Delay = 2.32> <Storage> <Opcode : 'load' 'store'> <Ports = 2> <Width = 32> <Depth = 16> <RAM>
ST_1 : Operation 87 [2/2] (2.32ns)   --->   "%layer2_activations_2_load = load i4 %layer2_activations_2_addr" [bnn.cpp:156]   --->   Operation 87 'load' 'layer2_activations_2_load' <Predicate = (!icmp_ln153)> <Delay = 2.32> <CoreInst = "RAM">   --->   Core 81 'RAM' <Latency = 1> <II = 1> <Delay = 2.32> <Storage> <Opcode : 'load' 'store'> <Ports = 2> <Width = 32> <Depth = 16> <RAM>
ST_1 : Operation 88 [2/2] (2.32ns)   --->   "%layer2_activations_3_load = load i4 %layer2_activations_3_addr" [bnn.cpp:156]   --->   Operation 88 'load' 'layer2_activations_3_load' <Predicate = (!icmp_ln153)> <Delay = 2.32> <CoreInst = "RAM">   --->   Core 81 'RAM' <Latency = 1> <II = 1> <Delay = 2.32> <Storage> <Opcode : 'load' 'store'> <Ports = 2> <Width = 32> <Depth = 16> <RAM>
ST_1 : Operation 89 [1/1] (1.82ns)   --->   "%switch_ln156 = switch i6 %trunc_ln153_1, void %arrayidx63.case.63, i6 0, void %arrayidx63.case.0, i6 1, void %arrayidx63.case.1, i6 2, void %arrayidx63.case.2, i6 3, void %arrayidx63.case.3, i6 4, void %arrayidx63.case.4, i6 5, void %arrayidx63.case.5, i6 6, void %arrayidx63.case.6, i6 7, void %arrayidx63.case.7, i6 8, void %arrayidx63.case.8, i6 9, void %arrayidx63.case.9, i6 10, void %arrayidx63.case.10, i6 11, void %arrayidx63.case.11, i6 12, void %arrayidx63.case.12, i6 13, void %arrayidx63.case.13, i6 14, void %arrayidx63.case.14, i6 15, void %arrayidx63.case.15, i6 16, void %arrayidx63.case.16, i6 17, void %arrayidx63.case.17, i6 18, void %arrayidx63.case.18, i6 19, void %arrayidx63.case.19, i6 20, void %arrayidx63.case.20, i6 21, void %arrayidx63.case.21, i6 22, void %arrayidx63.case.22, i6 23, void %arrayidx63.case.23, i6 24, void %arrayidx63.case.24, i6 25, void %arrayidx63.case.25, i6 26, void %arrayidx63.case.26, i6 27, void %arrayidx63.case.27, i6 28, void %arrayidx63.case.28, i6 29, void %arrayidx63.case.29, i6 30, void %arrayidx63.case.30, i6 31, void %arrayidx63.case.31, i6 32, void %arrayidx63.case.32, i6 33, void %arrayidx63.case.33, i6 34, void %arrayidx63.case.34, i6 35, void %arrayidx63.case.35, i6 36, void %arrayidx63.case.36, i6 37, void %arrayidx63.case.37, i6 38, void %arrayidx63.case.38, i6 39, void %arrayidx63.case.39, i6 40, void %arrayidx63.case.40, i6 41, void %arrayidx63.case.41, i6 42, void %arrayidx63.case.42, i6 43, void %arrayidx63.case.43, i6 44, void %arrayidx63.case.44, i6 45, void %arrayidx63.case.45, i6 46, void %arrayidx63.case.46, i6 47, void %arrayidx63.case.47, i6 48, void %arrayidx63.case.48, i6 49, void %arrayidx63.case.49, i6 50, void %arrayidx63.case.50, i6 51, void %arrayidx63.case.51, i6 52, void %arrayidx63.case.52, i6 53, void %arrayidx63.case.53, i6 54, void %arrayidx63.case.54, i6 55, void %arrayidx63.case.55, i6 56, void %arrayidx63.case.56, i6 57, void %arrayidx63.case.57, i6 58, void %arrayidx63.case.58, i6 59, void %arrayidx63.case.59, i6 60, void %arrayidx63.case.60, i6 61, void %arrayidx63.case.61, i6 62, void %for.inc64.split.arrayidx63.exit_crit_edge" [bnn.cpp:156]   --->   Operation 89 'switch' 'switch_ln156' <Predicate = (!icmp_ln153)> <Delay = 1.82>
ST_1 : Operation 90 [1/1] (1.58ns)   --->   "%store_ln153 = store i7 %add_ln153, i7 %i" [bnn.cpp:153]   --->   Operation 90 'store' 'store_ln153' <Predicate = (!icmp_ln153)> <Delay = 1.58>
ST_1 : Operation 91 [1/1] (0.00ns)   --->   "%br_ln153 = br void %for.inc64" [bnn.cpp:153]   --->   Operation 91 'br' 'br_ln153' <Predicate = (!icmp_ln153)> <Delay = 0.00>

State 2 <SV = 1> <Delay = 6.70>
ST_2 : Operation 92 [1/2] ( I:2.32ns O:2.32ns )   --->   "%layer2_activations_load = load i4 %layer2_activations_addr" [bnn.cpp:156]   --->   Operation 92 'load' 'layer2_activations_load' <Predicate = true> <Delay = 2.32> <CoreInst = "RAM">   --->   Core 81 'RAM' <Latency = 1> <II = 1> <Delay = 2.32> <Storage> <Opcode : 'load' 'store'> <Ports = 2> <Width = 32> <Depth = 16> <RAM>
ST_2 : Operation 93 [1/2] ( I:2.32ns O:2.32ns )   --->   "%layer2_activations_1_load = load i4 %layer2_activations_1_addr" [bnn.cpp:156]   --->   Operation 93 'load' 'layer2_activations_1_load' <Predicate = true> <Delay = 2.32> <CoreInst = "RAM">   --->   Core 81 'RAM' <Latency = 1> <II = 1> <Delay = 2.32> <Storage> <Opcode : 'load' 'store'> <Ports = 2> <Width = 32> <Depth = 16> <RAM>
ST_2 : Operation 94 [1/2] ( I:2.32ns O:2.32ns )   --->   "%layer2_activations_2_load = load i4 %layer2_activations_2_addr" [bnn.cpp:156]   --->   Operation 94 'load' 'layer2_activations_2_load' <Predicate = true> <Delay = 2.32> <CoreInst = "RAM">   --->   Core 81 'RAM' <Latency = 1> <II = 1> <Delay = 2.32> <Storage> <Opcode : 'load' 'store'> <Ports = 2> <Width = 32> <Depth = 16> <RAM>
ST_2 : Operation 95 [1/2] ( I:2.32ns O:2.32ns )   --->   "%layer2_activations_3_load = load i4 %layer2_activations_3_addr" [bnn.cpp:156]   --->   Operation 95 'load' 'layer2_activations_3_load' <Predicate = true> <Delay = 2.32> <CoreInst = "RAM">   --->   Core 81 'RAM' <Latency = 1> <II = 1> <Delay = 2.32> <Storage> <Opcode : 'load' 'store'> <Ports = 2> <Width = 32> <Depth = 16> <RAM>
ST_2 : Operation 96 [1/1] (1.82ns)   --->   "%x = sparsemux i32 @_ssdm_op_SparseMux.ap_auto.4i32.i32.i2, i2 0, i32 %layer2_activations_load, i2 1, i32 %layer2_activations_1_load, i2 2, i32 %layer2_activations_2_load, i2 3, i32 %layer2_activations_3_load, i32 0, i2 %trunc_ln153" [bnn.cpp:156]   --->   Operation 96 'sparsemux' 'x' <Predicate = true> <Delay = 1.82> <CoreInst = "BinarySparseMux_DontCare">   --->   Core 137 'BinarySparseMux_DontCare' <Latency = 0> <II = 1> <Delay = 1.82> <FuncUnit> <Opcode : 'sparsemux'> <InPorts = 2> <OutPorts = 1>
ST_2 : Operation 97 [1/1] (2.55ns)   --->   "%icmp_ln41 = icmp_sgt  i32 %x, i32 0" [bnn.cpp:41->bnn.cpp:156]   --->   Operation 97 'icmp' 'icmp_ln41' <Predicate = true> <Delay = 2.55> <CoreInst = "Cmp">   --->   Core 9 'Cmp' <Latency = 0> <II = 1> <Delay = 2.55> <FuncUnit> <Opcode : 'seteq' 'setne' 'setle' 'setge' 'setlt' 'setgt'> <InPorts = 2> <OutPorts = 1>
ST_2 : Operation 230 [1/1] (0.00ns)   --->   "%shl_i_i_i_i6531_load = load i32 %shl_i_i_i_i6531"   --->   Operation 230 'load' 'shl_i_i_i_i6531_load' <Predicate = (icmp_ln153)> <Delay = 0.00>
ST_2 : Operation 231 [1/1] (0.00ns)   --->   "%shl_i_i_i_i6533_load = load i32 %shl_i_i_i_i6533"   --->   Operation 231 'load' 'shl_i_i_i_i6533_load' <Predicate = (icmp_ln153)> <Delay = 0.00>
ST_2 : Operation 232 [1/1] (0.00ns)   --->   "%shl_i_i_i_i6535_load = load i32 %shl_i_i_i_i6535"   --->   Operation 232 'load' 'shl_i_i_i_i6535_load' <Predicate = (icmp_ln153)> <Delay = 0.00>
ST_2 : Operation 233 [1/1] (0.00ns)   --->   "%shl_i_i_i_i6537_load = load i32 %shl_i_i_i_i6537"   --->   Operation 233 'load' 'shl_i_i_i_i6537_load' <Predicate = (icmp_ln153)> <Delay = 0.00>
ST_2 : Operation 234 [1/1] (0.00ns)   --->   "%shl_i_i_i_i6539_load = load i32 %shl_i_i_i_i6539"   --->   Operation 234 'load' 'shl_i_i_i_i6539_load' <Predicate = (icmp_ln153)> <Delay = 0.00>
ST_2 : Operation 235 [1/1] (0.00ns)   --->   "%shl_i_i_i_i65311_load = load i32 %shl_i_i_i_i65311"   --->   Operation 235 'load' 'shl_i_i_i_i65311_load' <Predicate = (icmp_ln153)> <Delay = 0.00>
ST_2 : Operation 236 [1/1] (0.00ns)   --->   "%shl_i_i_i_i65313_load = load i32 %shl_i_i_i_i65313"   --->   Operation 236 'load' 'shl_i_i_i_i65313_load' <Predicate = (icmp_ln153)> <Delay = 0.00>
ST_2 : Operation 237 [1/1] (0.00ns)   --->   "%shl_i_i_i_i65315_load = load i32 %shl_i_i_i_i65315"   --->   Operation 237 'load' 'shl_i_i_i_i65315_load' <Predicate = (icmp_ln153)> <Delay = 0.00>
ST_2 : Operation 238 [1/1] (0.00ns)   --->   "%shl_i_i_i_i65317_load = load i32 %shl_i_i_i_i65317"   --->   Operation 238 'load' 'shl_i_i_i_i65317_load' <Predicate = (icmp_ln153)> <Delay = 0.00>
ST_2 : Operation 239 [1/1] (0.00ns)   --->   "%shl_i_i_i_i65319_load = load i32 %shl_i_i_i_i65319"   --->   Operation 239 'load' 'shl_i_i_i_i65319_load' <Predicate = (icmp_ln153)> <Delay = 0.00>
ST_2 : Operation 240 [1/1] (0.00ns)   --->   "%shl_i_i_i_i65321_load = load i32 %shl_i_i_i_i65321"   --->   Operation 240 'load' 'shl_i_i_i_i65321_load' <Predicate = (icmp_ln153)> <Delay = 0.00>
ST_2 : Operation 241 [1/1] (0.00ns)   --->   "%shl_i_i_i_i65323_load = load i32 %shl_i_i_i_i65323"   --->   Operation 241 'load' 'shl_i_i_i_i65323_load' <Predicate = (icmp_ln153)> <Delay = 0.00>
ST_2 : Operation 242 [1/1] (0.00ns)   --->   "%shl_i_i_i_i65325_load = load i32 %shl_i_i_i_i65325"   --->   Operation 242 'load' 'shl_i_i_i_i65325_load' <Predicate = (icmp_ln153)> <Delay = 0.00>
ST_2 : Operation 243 [1/1] (0.00ns)   --->   "%shl_i_i_i_i65327_load = load i32 %shl_i_i_i_i65327"   --->   Operation 243 'load' 'shl_i_i_i_i65327_load' <Predicate = (icmp_ln153)> <Delay = 0.00>
ST_2 : Operation 244 [1/1] (0.00ns)   --->   "%shl_i_i_i_i65329_load = load i32 %shl_i_i_i_i65329"   --->   Operation 244 'load' 'shl_i_i_i_i65329_load' <Predicate = (icmp_ln153)> <Delay = 0.00>
ST_2 : Operation 245 [1/1] (0.00ns)   --->   "%shl_i_i_i_i65331_load = load i32 %shl_i_i_i_i65331"   --->   Operation 245 'load' 'shl_i_i_i_i65331_load' <Predicate = (icmp_ln153)> <Delay = 0.00>
ST_2 : Operation 246 [1/1] (0.00ns)   --->   "%shl_i_i_i_i65333_load = load i32 %shl_i_i_i_i65333"   --->   Operation 246 'load' 'shl_i_i_i_i65333_load' <Predicate = (icmp_ln153)> <Delay = 0.00>
ST_2 : Operation 247 [1/1] (0.00ns)   --->   "%shl_i_i_i_i65335_load = load i32 %shl_i_i_i_i65335"   --->   Operation 247 'load' 'shl_i_i_i_i65335_load' <Predicate = (icmp_ln153)> <Delay = 0.00>
ST_2 : Operation 248 [1/1] (0.00ns)   --->   "%shl_i_i_i_i65337_load = load i32 %shl_i_i_i_i65337"   --->   Operation 248 'load' 'shl_i_i_i_i65337_load' <Predicate = (icmp_ln153)> <Delay = 0.00>
ST_2 : Operation 249 [1/1] (0.00ns)   --->   "%shl_i_i_i_i65339_load = load i32 %shl_i_i_i_i65339"   --->   Operation 249 'load' 'shl_i_i_i_i65339_load' <Predicate = (icmp_ln153)> <Delay = 0.00>
ST_2 : Operation 250 [1/1] (0.00ns)   --->   "%shl_i_i_i_i65341_load = load i32 %shl_i_i_i_i65341"   --->   Operation 250 'load' 'shl_i_i_i_i65341_load' <Predicate = (icmp_ln153)> <Delay = 0.00>
ST_2 : Operation 251 [1/1] (0.00ns)   --->   "%shl_i_i_i_i65343_load = load i32 %shl_i_i_i_i65343"   --->   Operation 251 'load' 'shl_i_i_i_i65343_load' <Predicate = (icmp_ln153)> <Delay = 0.00>
ST_2 : Operation 252 [1/1] (0.00ns)   --->   "%shl_i_i_i_i65345_load = load i32 %shl_i_i_i_i65345"   --->   Operation 252 'load' 'shl_i_i_i_i65345_load' <Predicate = (icmp_ln153)> <Delay = 0.00>
ST_2 : Operation 253 [1/1] (0.00ns)   --->   "%shl_i_i_i_i65347_load = load i32 %shl_i_i_i_i65347"   --->   Operation 253 'load' 'shl_i_i_i_i65347_load' <Predicate = (icmp_ln153)> <Delay = 0.00>
ST_2 : Operation 254 [1/1] (0.00ns)   --->   "%shl_i_i_i_i65349_load = load i32 %shl_i_i_i_i65349"   --->   Operation 254 'load' 'shl_i_i_i_i65349_load' <Predicate = (icmp_ln153)> <Delay = 0.00>
ST_2 : Operation 255 [1/1] (0.00ns)   --->   "%shl_i_i_i_i65351_load = load i32 %shl_i_i_i_i65351"   --->   Operation 255 'load' 'shl_i_i_i_i65351_load' <Predicate = (icmp_ln153)> <Delay = 0.00>
ST_2 : Operation 256 [1/1] (0.00ns)   --->   "%shl_i_i_i_i65353_load = load i32 %shl_i_i_i_i65353"   --->   Operation 256 'load' 'shl_i_i_i_i65353_load' <Predicate = (icmp_ln153)> <Delay = 0.00>
ST_2 : Operation 257 [1/1] (0.00ns)   --->   "%shl_i_i_i_i65355_load = load i32 %shl_i_i_i_i65355"   --->   Operation 257 'load' 'shl_i_i_i_i65355_load' <Predicate = (icmp_ln153)> <Delay = 0.00>
ST_2 : Operation 258 [1/1] (0.00ns)   --->   "%shl_i_i_i_i65357_load = load i32 %shl_i_i_i_i65357"   --->   Operation 258 'load' 'shl_i_i_i_i65357_load' <Predicate = (icmp_ln153)> <Delay = 0.00>
ST_2 : Operation 259 [1/1] (0.00ns)   --->   "%shl_i_i_i_i65359_load = load i32 %shl_i_i_i_i65359"   --->   Operation 259 'load' 'shl_i_i_i_i65359_load' <Predicate = (icmp_ln153)> <Delay = 0.00>
ST_2 : Operation 260 [1/1] (0.00ns)   --->   "%shl_i_i_i_i65361_load = load i32 %shl_i_i_i_i65361"   --->   Operation 260 'load' 'shl_i_i_i_i65361_load' <Predicate = (icmp_ln153)> <Delay = 0.00>
ST_2 : Operation 261 [1/1] (0.00ns)   --->   "%shl_i_i_i_i65363_load = load i32 %shl_i_i_i_i65363"   --->   Operation 261 'load' 'shl_i_i_i_i65363_load' <Predicate = (icmp_ln153)> <Delay = 0.00>
ST_2 : Operation 262 [1/1] (0.00ns)   --->   "%shl_i_i_i_i65365_load = load i32 %shl_i_i_i_i65365"   --->   Operation 262 'load' 'shl_i_i_i_i65365_load' <Predicate = (icmp_ln153)> <Delay = 0.00>
ST_2 : Operation 263 [1/1] (0.00ns)   --->   "%shl_i_i_i_i65367_load = load i32 %shl_i_i_i_i65367"   --->   Operation 263 'load' 'shl_i_i_i_i65367_load' <Predicate = (icmp_ln153)> <Delay = 0.00>
ST_2 : Operation 264 [1/1] (0.00ns)   --->   "%shl_i_i_i_i65369_load = load i32 %shl_i_i_i_i65369"   --->   Operation 264 'load' 'shl_i_i_i_i65369_load' <Predicate = (icmp_ln153)> <Delay = 0.00>
ST_2 : Operation 265 [1/1] (0.00ns)   --->   "%shl_i_i_i_i65371_load = load i32 %shl_i_i_i_i65371"   --->   Operation 265 'load' 'shl_i_i_i_i65371_load' <Predicate = (icmp_ln153)> <Delay = 0.00>
ST_2 : Operation 266 [1/1] (0.00ns)   --->   "%shl_i_i_i_i65373_load = load i32 %shl_i_i_i_i65373"   --->   Operation 266 'load' 'shl_i_i_i_i65373_load' <Predicate = (icmp_ln153)> <Delay = 0.00>
ST_2 : Operation 267 [1/1] (0.00ns)   --->   "%shl_i_i_i_i65375_load = load i32 %shl_i_i_i_i65375"   --->   Operation 267 'load' 'shl_i_i_i_i65375_load' <Predicate = (icmp_ln153)> <Delay = 0.00>
ST_2 : Operation 268 [1/1] (0.00ns)   --->   "%shl_i_i_i_i65377_load = load i32 %shl_i_i_i_i65377"   --->   Operation 268 'load' 'shl_i_i_i_i65377_load' <Predicate = (icmp_ln153)> <Delay = 0.00>
ST_2 : Operation 269 [1/1] (0.00ns)   --->   "%shl_i_i_i_i65379_load = load i32 %shl_i_i_i_i65379"   --->   Operation 269 'load' 'shl_i_i_i_i65379_load' <Predicate = (icmp_ln153)> <Delay = 0.00>
ST_2 : Operation 270 [1/1] (0.00ns)   --->   "%shl_i_i_i_i65381_load = load i32 %shl_i_i_i_i65381"   --->   Operation 270 'load' 'shl_i_i_i_i65381_load' <Predicate = (icmp_ln153)> <Delay = 0.00>
ST_2 : Operation 271 [1/1] (0.00ns)   --->   "%shl_i_i_i_i65383_load = load i32 %shl_i_i_i_i65383"   --->   Operation 271 'load' 'shl_i_i_i_i65383_load' <Predicate = (icmp_ln153)> <Delay = 0.00>
ST_2 : Operation 272 [1/1] (0.00ns)   --->   "%shl_i_i_i_i65385_load = load i32 %shl_i_i_i_i65385"   --->   Operation 272 'load' 'shl_i_i_i_i65385_load' <Predicate = (icmp_ln153)> <Delay = 0.00>
ST_2 : Operation 273 [1/1] (0.00ns)   --->   "%shl_i_i_i_i65387_load = load i32 %shl_i_i_i_i65387"   --->   Operation 273 'load' 'shl_i_i_i_i65387_load' <Predicate = (icmp_ln153)> <Delay = 0.00>
ST_2 : Operation 274 [1/1] (0.00ns)   --->   "%shl_i_i_i_i65389_load = load i32 %shl_i_i_i_i65389"   --->   Operation 274 'load' 'shl_i_i_i_i65389_load' <Predicate = (icmp_ln153)> <Delay = 0.00>
ST_2 : Operation 275 [1/1] (0.00ns)   --->   "%shl_i_i_i_i65391_load = load i32 %shl_i_i_i_i65391"   --->   Operation 275 'load' 'shl_i_i_i_i65391_load' <Predicate = (icmp_ln153)> <Delay = 0.00>
ST_2 : Operation 276 [1/1] (0.00ns)   --->   "%shl_i_i_i_i65393_load = load i32 %shl_i_i_i_i65393"   --->   Operation 276 'load' 'shl_i_i_i_i65393_load' <Predicate = (icmp_ln153)> <Delay = 0.00>
ST_2 : Operation 277 [1/1] (0.00ns)   --->   "%shl_i_i_i_i65395_load = load i32 %shl_i_i_i_i65395"   --->   Operation 277 'load' 'shl_i_i_i_i65395_load' <Predicate = (icmp_ln153)> <Delay = 0.00>
ST_2 : Operation 278 [1/1] (0.00ns)   --->   "%shl_i_i_i_i65397_load = load i32 %shl_i_i_i_i65397"   --->   Operation 278 'load' 'shl_i_i_i_i65397_load' <Predicate = (icmp_ln153)> <Delay = 0.00>
ST_2 : Operation 279 [1/1] (0.00ns)   --->   "%shl_i_i_i_i65399_load = load i32 %shl_i_i_i_i65399"   --->   Operation 279 'load' 'shl_i_i_i_i65399_load' <Predicate = (icmp_ln153)> <Delay = 0.00>
ST_2 : Operation 280 [1/1] (0.00ns)   --->   "%shl_i_i_i_i653101_load = load i32 %shl_i_i_i_i653101"   --->   Operation 280 'load' 'shl_i_i_i_i653101_load' <Predicate = (icmp_ln153)> <Delay = 0.00>
ST_2 : Operation 281 [1/1] (0.00ns)   --->   "%shl_i_i_i_i653103_load = load i32 %shl_i_i_i_i653103"   --->   Operation 281 'load' 'shl_i_i_i_i653103_load' <Predicate = (icmp_ln153)> <Delay = 0.00>
ST_2 : Operation 282 [1/1] (0.00ns)   --->   "%shl_i_i_i_i653105_load = load i32 %shl_i_i_i_i653105"   --->   Operation 282 'load' 'shl_i_i_i_i653105_load' <Predicate = (icmp_ln153)> <Delay = 0.00>
ST_2 : Operation 283 [1/1] (0.00ns)   --->   "%shl_i_i_i_i653107_load = load i32 %shl_i_i_i_i653107"   --->   Operation 283 'load' 'shl_i_i_i_i653107_load' <Predicate = (icmp_ln153)> <Delay = 0.00>
ST_2 : Operation 284 [1/1] (0.00ns)   --->   "%shl_i_i_i_i653109_load = load i32 %shl_i_i_i_i653109"   --->   Operation 284 'load' 'shl_i_i_i_i653109_load' <Predicate = (icmp_ln153)> <Delay = 0.00>
ST_2 : Operation 285 [1/1] (0.00ns)   --->   "%shl_i_i_i_i653111_load = load i32 %shl_i_i_i_i653111"   --->   Operation 285 'load' 'shl_i_i_i_i653111_load' <Predicate = (icmp_ln153)> <Delay = 0.00>
ST_2 : Operation 286 [1/1] (0.00ns)   --->   "%shl_i_i_i_i653113_load = load i32 %shl_i_i_i_i653113"   --->   Operation 286 'load' 'shl_i_i_i_i653113_load' <Predicate = (icmp_ln153)> <Delay = 0.00>
ST_2 : Operation 287 [1/1] (0.00ns)   --->   "%shl_i_i_i_i653115_load = load i32 %shl_i_i_i_i653115"   --->   Operation 287 'load' 'shl_i_i_i_i653115_load' <Predicate = (icmp_ln153)> <Delay = 0.00>
ST_2 : Operation 288 [1/1] (0.00ns)   --->   "%shl_i_i_i_i653117_load = load i32 %shl_i_i_i_i653117"   --->   Operation 288 'load' 'shl_i_i_i_i653117_load' <Predicate = (icmp_ln153)> <Delay = 0.00>
ST_2 : Operation 289 [1/1] (0.00ns)   --->   "%shl_i_i_i_i653119_load = load i32 %shl_i_i_i_i653119"   --->   Operation 289 'load' 'shl_i_i_i_i653119_load' <Predicate = (icmp_ln153)> <Delay = 0.00>
ST_2 : Operation 290 [1/1] (0.00ns)   --->   "%shl_i_i_i_i653121_load = load i32 %shl_i_i_i_i653121"   --->   Operation 290 'load' 'shl_i_i_i_i653121_load' <Predicate = (icmp_ln153)> <Delay = 0.00>
ST_2 : Operation 291 [1/1] (0.00ns)   --->   "%shl_i_i_i_i653123_load = load i32 %shl_i_i_i_i653123"   --->   Operation 291 'load' 'shl_i_i_i_i653123_load' <Predicate = (icmp_ln153)> <Delay = 0.00>
ST_2 : Operation 292 [1/1] (0.00ns)   --->   "%shl_i_i_i_i653125_load = load i32 %shl_i_i_i_i653125"   --->   Operation 292 'load' 'shl_i_i_i_i653125_load' <Predicate = (icmp_ln153)> <Delay = 0.00>
ST_2 : Operation 293 [1/1] (0.00ns)   --->   "%shl_i_i_i_i653127_load = load i32 %shl_i_i_i_i653127"   --->   Operation 293 'load' 'shl_i_i_i_i653127_load' <Predicate = (icmp_ln153)> <Delay = 0.00>
ST_2 : Operation 294 [1/1] (0.00ns)   --->   "%write_ln0 = write void @_ssdm_op_Write.ap_auto.i32P0A, i32 %shl_i_i_i_i653127_out, i32 %shl_i_i_i_i653127_load"   --->   Operation 294 'write' 'write_ln0' <Predicate = (icmp_ln153)> <Delay = 0.00>
ST_2 : Operation 295 [1/1] (0.00ns)   --->   "%write_ln0 = write void @_ssdm_op_Write.ap_auto.i32P0A, i32 %shl_i_i_i_i653125_out, i32 %shl_i_i_i_i653125_load"   --->   Operation 295 'write' 'write_ln0' <Predicate = (icmp_ln153)> <Delay = 0.00>
ST_2 : Operation 296 [1/1] (0.00ns)   --->   "%write_ln0 = write void @_ssdm_op_Write.ap_auto.i32P0A, i32 %shl_i_i_i_i653123_out, i32 %shl_i_i_i_i653123_load"   --->   Operation 296 'write' 'write_ln0' <Predicate = (icmp_ln153)> <Delay = 0.00>
ST_2 : Operation 297 [1/1] (0.00ns)   --->   "%write_ln0 = write void @_ssdm_op_Write.ap_auto.i32P0A, i32 %shl_i_i_i_i653121_out, i32 %shl_i_i_i_i653121_load"   --->   Operation 297 'write' 'write_ln0' <Predicate = (icmp_ln153)> <Delay = 0.00>
ST_2 : Operation 298 [1/1] (0.00ns)   --->   "%write_ln0 = write void @_ssdm_op_Write.ap_auto.i32P0A, i32 %shl_i_i_i_i653119_out, i32 %shl_i_i_i_i653119_load"   --->   Operation 298 'write' 'write_ln0' <Predicate = (icmp_ln153)> <Delay = 0.00>
ST_2 : Operation 299 [1/1] (0.00ns)   --->   "%write_ln0 = write void @_ssdm_op_Write.ap_auto.i32P0A, i32 %shl_i_i_i_i653117_out, i32 %shl_i_i_i_i653117_load"   --->   Operation 299 'write' 'write_ln0' <Predicate = (icmp_ln153)> <Delay = 0.00>
ST_2 : Operation 300 [1/1] (0.00ns)   --->   "%write_ln0 = write void @_ssdm_op_Write.ap_auto.i32P0A, i32 %shl_i_i_i_i653115_out, i32 %shl_i_i_i_i653115_load"   --->   Operation 300 'write' 'write_ln0' <Predicate = (icmp_ln153)> <Delay = 0.00>
ST_2 : Operation 301 [1/1] (0.00ns)   --->   "%write_ln0 = write void @_ssdm_op_Write.ap_auto.i32P0A, i32 %shl_i_i_i_i653113_out, i32 %shl_i_i_i_i653113_load"   --->   Operation 301 'write' 'write_ln0' <Predicate = (icmp_ln153)> <Delay = 0.00>
ST_2 : Operation 302 [1/1] (0.00ns)   --->   "%write_ln0 = write void @_ssdm_op_Write.ap_auto.i32P0A, i32 %shl_i_i_i_i653111_out, i32 %shl_i_i_i_i653111_load"   --->   Operation 302 'write' 'write_ln0' <Predicate = (icmp_ln153)> <Delay = 0.00>
ST_2 : Operation 303 [1/1] (0.00ns)   --->   "%write_ln0 = write void @_ssdm_op_Write.ap_auto.i32P0A, i32 %shl_i_i_i_i653109_out, i32 %shl_i_i_i_i653109_load"   --->   Operation 303 'write' 'write_ln0' <Predicate = (icmp_ln153)> <Delay = 0.00>
ST_2 : Operation 304 [1/1] (0.00ns)   --->   "%write_ln0 = write void @_ssdm_op_Write.ap_auto.i32P0A, i32 %shl_i_i_i_i653107_out, i32 %shl_i_i_i_i653107_load"   --->   Operation 304 'write' 'write_ln0' <Predicate = (icmp_ln153)> <Delay = 0.00>
ST_2 : Operation 305 [1/1] (0.00ns)   --->   "%write_ln0 = write void @_ssdm_op_Write.ap_auto.i32P0A, i32 %shl_i_i_i_i653105_out, i32 %shl_i_i_i_i653105_load"   --->   Operation 305 'write' 'write_ln0' <Predicate = (icmp_ln153)> <Delay = 0.00>
ST_2 : Operation 306 [1/1] (0.00ns)   --->   "%write_ln0 = write void @_ssdm_op_Write.ap_auto.i32P0A, i32 %shl_i_i_i_i653103_out, i32 %shl_i_i_i_i653103_load"   --->   Operation 306 'write' 'write_ln0' <Predicate = (icmp_ln153)> <Delay = 0.00>
ST_2 : Operation 307 [1/1] (0.00ns)   --->   "%write_ln0 = write void @_ssdm_op_Write.ap_auto.i32P0A, i32 %shl_i_i_i_i653101_out, i32 %shl_i_i_i_i653101_load"   --->   Operation 307 'write' 'write_ln0' <Predicate = (icmp_ln153)> <Delay = 0.00>
ST_2 : Operation 308 [1/1] (0.00ns)   --->   "%write_ln0 = write void @_ssdm_op_Write.ap_auto.i32P0A, i32 %shl_i_i_i_i65399_out, i32 %shl_i_i_i_i65399_load"   --->   Operation 308 'write' 'write_ln0' <Predicate = (icmp_ln153)> <Delay = 0.00>
ST_2 : Operation 309 [1/1] (0.00ns)   --->   "%write_ln0 = write void @_ssdm_op_Write.ap_auto.i32P0A, i32 %shl_i_i_i_i65397_out, i32 %shl_i_i_i_i65397_load"   --->   Operation 309 'write' 'write_ln0' <Predicate = (icmp_ln153)> <Delay = 0.00>
ST_2 : Operation 310 [1/1] (0.00ns)   --->   "%write_ln0 = write void @_ssdm_op_Write.ap_auto.i32P0A, i32 %shl_i_i_i_i65395_out, i32 %shl_i_i_i_i65395_load"   --->   Operation 310 'write' 'write_ln0' <Predicate = (icmp_ln153)> <Delay = 0.00>
ST_2 : Operation 311 [1/1] (0.00ns)   --->   "%write_ln0 = write void @_ssdm_op_Write.ap_auto.i32P0A, i32 %shl_i_i_i_i65393_out, i32 %shl_i_i_i_i65393_load"   --->   Operation 311 'write' 'write_ln0' <Predicate = (icmp_ln153)> <Delay = 0.00>
ST_2 : Operation 312 [1/1] (0.00ns)   --->   "%write_ln0 = write void @_ssdm_op_Write.ap_auto.i32P0A, i32 %shl_i_i_i_i65391_out, i32 %shl_i_i_i_i65391_load"   --->   Operation 312 'write' 'write_ln0' <Predicate = (icmp_ln153)> <Delay = 0.00>
ST_2 : Operation 313 [1/1] (0.00ns)   --->   "%write_ln0 = write void @_ssdm_op_Write.ap_auto.i32P0A, i32 %shl_i_i_i_i65389_out, i32 %shl_i_i_i_i65389_load"   --->   Operation 313 'write' 'write_ln0' <Predicate = (icmp_ln153)> <Delay = 0.00>
ST_2 : Operation 314 [1/1] (0.00ns)   --->   "%write_ln0 = write void @_ssdm_op_Write.ap_auto.i32P0A, i32 %shl_i_i_i_i65387_out, i32 %shl_i_i_i_i65387_load"   --->   Operation 314 'write' 'write_ln0' <Predicate = (icmp_ln153)> <Delay = 0.00>
ST_2 : Operation 315 [1/1] (0.00ns)   --->   "%write_ln0 = write void @_ssdm_op_Write.ap_auto.i32P0A, i32 %shl_i_i_i_i65385_out, i32 %shl_i_i_i_i65385_load"   --->   Operation 315 'write' 'write_ln0' <Predicate = (icmp_ln153)> <Delay = 0.00>
ST_2 : Operation 316 [1/1] (0.00ns)   --->   "%write_ln0 = write void @_ssdm_op_Write.ap_auto.i32P0A, i32 %shl_i_i_i_i65383_out, i32 %shl_i_i_i_i65383_load"   --->   Operation 316 'write' 'write_ln0' <Predicate = (icmp_ln153)> <Delay = 0.00>
ST_2 : Operation 317 [1/1] (0.00ns)   --->   "%write_ln0 = write void @_ssdm_op_Write.ap_auto.i32P0A, i32 %shl_i_i_i_i65381_out, i32 %shl_i_i_i_i65381_load"   --->   Operation 317 'write' 'write_ln0' <Predicate = (icmp_ln153)> <Delay = 0.00>
ST_2 : Operation 318 [1/1] (0.00ns)   --->   "%write_ln0 = write void @_ssdm_op_Write.ap_auto.i32P0A, i32 %shl_i_i_i_i65379_out, i32 %shl_i_i_i_i65379_load"   --->   Operation 318 'write' 'write_ln0' <Predicate = (icmp_ln153)> <Delay = 0.00>
ST_2 : Operation 319 [1/1] (0.00ns)   --->   "%write_ln0 = write void @_ssdm_op_Write.ap_auto.i32P0A, i32 %shl_i_i_i_i65377_out, i32 %shl_i_i_i_i65377_load"   --->   Operation 319 'write' 'write_ln0' <Predicate = (icmp_ln153)> <Delay = 0.00>
ST_2 : Operation 320 [1/1] (0.00ns)   --->   "%write_ln0 = write void @_ssdm_op_Write.ap_auto.i32P0A, i32 %shl_i_i_i_i65375_out, i32 %shl_i_i_i_i65375_load"   --->   Operation 320 'write' 'write_ln0' <Predicate = (icmp_ln153)> <Delay = 0.00>
ST_2 : Operation 321 [1/1] (0.00ns)   --->   "%write_ln0 = write void @_ssdm_op_Write.ap_auto.i32P0A, i32 %shl_i_i_i_i65373_out, i32 %shl_i_i_i_i65373_load"   --->   Operation 321 'write' 'write_ln0' <Predicate = (icmp_ln153)> <Delay = 0.00>
ST_2 : Operation 322 [1/1] (0.00ns)   --->   "%write_ln0 = write void @_ssdm_op_Write.ap_auto.i32P0A, i32 %shl_i_i_i_i65371_out, i32 %shl_i_i_i_i65371_load"   --->   Operation 322 'write' 'write_ln0' <Predicate = (icmp_ln153)> <Delay = 0.00>
ST_2 : Operation 323 [1/1] (0.00ns)   --->   "%write_ln0 = write void @_ssdm_op_Write.ap_auto.i32P0A, i32 %shl_i_i_i_i65369_out, i32 %shl_i_i_i_i65369_load"   --->   Operation 323 'write' 'write_ln0' <Predicate = (icmp_ln153)> <Delay = 0.00>
ST_2 : Operation 324 [1/1] (0.00ns)   --->   "%write_ln0 = write void @_ssdm_op_Write.ap_auto.i32P0A, i32 %shl_i_i_i_i65367_out, i32 %shl_i_i_i_i65367_load"   --->   Operation 324 'write' 'write_ln0' <Predicate = (icmp_ln153)> <Delay = 0.00>
ST_2 : Operation 325 [1/1] (0.00ns)   --->   "%write_ln0 = write void @_ssdm_op_Write.ap_auto.i32P0A, i32 %shl_i_i_i_i65365_out, i32 %shl_i_i_i_i65365_load"   --->   Operation 325 'write' 'write_ln0' <Predicate = (icmp_ln153)> <Delay = 0.00>
ST_2 : Operation 326 [1/1] (0.00ns)   --->   "%write_ln0 = write void @_ssdm_op_Write.ap_auto.i32P0A, i32 %shl_i_i_i_i65363_out, i32 %shl_i_i_i_i65363_load"   --->   Operation 326 'write' 'write_ln0' <Predicate = (icmp_ln153)> <Delay = 0.00>
ST_2 : Operation 327 [1/1] (0.00ns)   --->   "%write_ln0 = write void @_ssdm_op_Write.ap_auto.i32P0A, i32 %shl_i_i_i_i65361_out, i32 %shl_i_i_i_i65361_load"   --->   Operation 327 'write' 'write_ln0' <Predicate = (icmp_ln153)> <Delay = 0.00>
ST_2 : Operation 328 [1/1] (0.00ns)   --->   "%write_ln0 = write void @_ssdm_op_Write.ap_auto.i32P0A, i32 %shl_i_i_i_i65359_out, i32 %shl_i_i_i_i65359_load"   --->   Operation 328 'write' 'write_ln0' <Predicate = (icmp_ln153)> <Delay = 0.00>
ST_2 : Operation 329 [1/1] (0.00ns)   --->   "%write_ln0 = write void @_ssdm_op_Write.ap_auto.i32P0A, i32 %shl_i_i_i_i65357_out, i32 %shl_i_i_i_i65357_load"   --->   Operation 329 'write' 'write_ln0' <Predicate = (icmp_ln153)> <Delay = 0.00>
ST_2 : Operation 330 [1/1] (0.00ns)   --->   "%write_ln0 = write void @_ssdm_op_Write.ap_auto.i32P0A, i32 %shl_i_i_i_i65355_out, i32 %shl_i_i_i_i65355_load"   --->   Operation 330 'write' 'write_ln0' <Predicate = (icmp_ln153)> <Delay = 0.00>
ST_2 : Operation 331 [1/1] (0.00ns)   --->   "%write_ln0 = write void @_ssdm_op_Write.ap_auto.i32P0A, i32 %shl_i_i_i_i65353_out, i32 %shl_i_i_i_i65353_load"   --->   Operation 331 'write' 'write_ln0' <Predicate = (icmp_ln153)> <Delay = 0.00>
ST_2 : Operation 332 [1/1] (0.00ns)   --->   "%write_ln0 = write void @_ssdm_op_Write.ap_auto.i32P0A, i32 %shl_i_i_i_i65351_out, i32 %shl_i_i_i_i65351_load"   --->   Operation 332 'write' 'write_ln0' <Predicate = (icmp_ln153)> <Delay = 0.00>
ST_2 : Operation 333 [1/1] (0.00ns)   --->   "%write_ln0 = write void @_ssdm_op_Write.ap_auto.i32P0A, i32 %shl_i_i_i_i65349_out, i32 %shl_i_i_i_i65349_load"   --->   Operation 333 'write' 'write_ln0' <Predicate = (icmp_ln153)> <Delay = 0.00>
ST_2 : Operation 334 [1/1] (0.00ns)   --->   "%write_ln0 = write void @_ssdm_op_Write.ap_auto.i32P0A, i32 %shl_i_i_i_i65347_out, i32 %shl_i_i_i_i65347_load"   --->   Operation 334 'write' 'write_ln0' <Predicate = (icmp_ln153)> <Delay = 0.00>
ST_2 : Operation 335 [1/1] (0.00ns)   --->   "%write_ln0 = write void @_ssdm_op_Write.ap_auto.i32P0A, i32 %shl_i_i_i_i65345_out, i32 %shl_i_i_i_i65345_load"   --->   Operation 335 'write' 'write_ln0' <Predicate = (icmp_ln153)> <Delay = 0.00>
ST_2 : Operation 336 [1/1] (0.00ns)   --->   "%write_ln0 = write void @_ssdm_op_Write.ap_auto.i32P0A, i32 %shl_i_i_i_i65343_out, i32 %shl_i_i_i_i65343_load"   --->   Operation 336 'write' 'write_ln0' <Predicate = (icmp_ln153)> <Delay = 0.00>
ST_2 : Operation 337 [1/1] (0.00ns)   --->   "%write_ln0 = write void @_ssdm_op_Write.ap_auto.i32P0A, i32 %shl_i_i_i_i65341_out, i32 %shl_i_i_i_i65341_load"   --->   Operation 337 'write' 'write_ln0' <Predicate = (icmp_ln153)> <Delay = 0.00>
ST_2 : Operation 338 [1/1] (0.00ns)   --->   "%write_ln0 = write void @_ssdm_op_Write.ap_auto.i32P0A, i32 %shl_i_i_i_i65339_out, i32 %shl_i_i_i_i65339_load"   --->   Operation 338 'write' 'write_ln0' <Predicate = (icmp_ln153)> <Delay = 0.00>
ST_2 : Operation 339 [1/1] (0.00ns)   --->   "%write_ln0 = write void @_ssdm_op_Write.ap_auto.i32P0A, i32 %shl_i_i_i_i65337_out, i32 %shl_i_i_i_i65337_load"   --->   Operation 339 'write' 'write_ln0' <Predicate = (icmp_ln153)> <Delay = 0.00>
ST_2 : Operation 340 [1/1] (0.00ns)   --->   "%write_ln0 = write void @_ssdm_op_Write.ap_auto.i32P0A, i32 %shl_i_i_i_i65335_out, i32 %shl_i_i_i_i65335_load"   --->   Operation 340 'write' 'write_ln0' <Predicate = (icmp_ln153)> <Delay = 0.00>
ST_2 : Operation 341 [1/1] (0.00ns)   --->   "%write_ln0 = write void @_ssdm_op_Write.ap_auto.i32P0A, i32 %shl_i_i_i_i65333_out, i32 %shl_i_i_i_i65333_load"   --->   Operation 341 'write' 'write_ln0' <Predicate = (icmp_ln153)> <Delay = 0.00>
ST_2 : Operation 342 [1/1] (0.00ns)   --->   "%write_ln0 = write void @_ssdm_op_Write.ap_auto.i32P0A, i32 %shl_i_i_i_i65331_out, i32 %shl_i_i_i_i65331_load"   --->   Operation 342 'write' 'write_ln0' <Predicate = (icmp_ln153)> <Delay = 0.00>
ST_2 : Operation 343 [1/1] (0.00ns)   --->   "%write_ln0 = write void @_ssdm_op_Write.ap_auto.i32P0A, i32 %shl_i_i_i_i65329_out, i32 %shl_i_i_i_i65329_load"   --->   Operation 343 'write' 'write_ln0' <Predicate = (icmp_ln153)> <Delay = 0.00>
ST_2 : Operation 344 [1/1] (0.00ns)   --->   "%write_ln0 = write void @_ssdm_op_Write.ap_auto.i32P0A, i32 %shl_i_i_i_i65327_out, i32 %shl_i_i_i_i65327_load"   --->   Operation 344 'write' 'write_ln0' <Predicate = (icmp_ln153)> <Delay = 0.00>
ST_2 : Operation 345 [1/1] (0.00ns)   --->   "%write_ln0 = write void @_ssdm_op_Write.ap_auto.i32P0A, i32 %shl_i_i_i_i65325_out, i32 %shl_i_i_i_i65325_load"   --->   Operation 345 'write' 'write_ln0' <Predicate = (icmp_ln153)> <Delay = 0.00>
ST_2 : Operation 346 [1/1] (0.00ns)   --->   "%write_ln0 = write void @_ssdm_op_Write.ap_auto.i32P0A, i32 %shl_i_i_i_i65323_out, i32 %shl_i_i_i_i65323_load"   --->   Operation 346 'write' 'write_ln0' <Predicate = (icmp_ln153)> <Delay = 0.00>
ST_2 : Operation 347 [1/1] (0.00ns)   --->   "%write_ln0 = write void @_ssdm_op_Write.ap_auto.i32P0A, i32 %shl_i_i_i_i65321_out, i32 %shl_i_i_i_i65321_load"   --->   Operation 347 'write' 'write_ln0' <Predicate = (icmp_ln153)> <Delay = 0.00>
ST_2 : Operation 348 [1/1] (0.00ns)   --->   "%write_ln0 = write void @_ssdm_op_Write.ap_auto.i32P0A, i32 %shl_i_i_i_i65319_out, i32 %shl_i_i_i_i65319_load"   --->   Operation 348 'write' 'write_ln0' <Predicate = (icmp_ln153)> <Delay = 0.00>
ST_2 : Operation 349 [1/1] (0.00ns)   --->   "%write_ln0 = write void @_ssdm_op_Write.ap_auto.i32P0A, i32 %shl_i_i_i_i65317_out, i32 %shl_i_i_i_i65317_load"   --->   Operation 349 'write' 'write_ln0' <Predicate = (icmp_ln153)> <Delay = 0.00>
ST_2 : Operation 350 [1/1] (0.00ns)   --->   "%write_ln0 = write void @_ssdm_op_Write.ap_auto.i32P0A, i32 %shl_i_i_i_i65315_out, i32 %shl_i_i_i_i65315_load"   --->   Operation 350 'write' 'write_ln0' <Predicate = (icmp_ln153)> <Delay = 0.00>
ST_2 : Operation 351 [1/1] (0.00ns)   --->   "%write_ln0 = write void @_ssdm_op_Write.ap_auto.i32P0A, i32 %shl_i_i_i_i65313_out, i32 %shl_i_i_i_i65313_load"   --->   Operation 351 'write' 'write_ln0' <Predicate = (icmp_ln153)> <Delay = 0.00>
ST_2 : Operation 352 [1/1] (0.00ns)   --->   "%write_ln0 = write void @_ssdm_op_Write.ap_auto.i32P0A, i32 %shl_i_i_i_i65311_out, i32 %shl_i_i_i_i65311_load"   --->   Operation 352 'write' 'write_ln0' <Predicate = (icmp_ln153)> <Delay = 0.00>
ST_2 : Operation 353 [1/1] (0.00ns)   --->   "%write_ln0 = write void @_ssdm_op_Write.ap_auto.i32P0A, i32 %shl_i_i_i_i6539_out, i32 %shl_i_i_i_i6539_load"   --->   Operation 353 'write' 'write_ln0' <Predicate = (icmp_ln153)> <Delay = 0.00>
ST_2 : Operation 354 [1/1] (0.00ns)   --->   "%write_ln0 = write void @_ssdm_op_Write.ap_auto.i32P0A, i32 %shl_i_i_i_i6537_out, i32 %shl_i_i_i_i6537_load"   --->   Operation 354 'write' 'write_ln0' <Predicate = (icmp_ln153)> <Delay = 0.00>
ST_2 : Operation 355 [1/1] (0.00ns)   --->   "%write_ln0 = write void @_ssdm_op_Write.ap_auto.i32P0A, i32 %shl_i_i_i_i6535_out, i32 %shl_i_i_i_i6535_load"   --->   Operation 355 'write' 'write_ln0' <Predicate = (icmp_ln153)> <Delay = 0.00>
ST_2 : Operation 356 [1/1] (0.00ns)   --->   "%write_ln0 = write void @_ssdm_op_Write.ap_auto.i32P0A, i32 %shl_i_i_i_i6533_out, i32 %shl_i_i_i_i6533_load"   --->   Operation 356 'write' 'write_ln0' <Predicate = (icmp_ln153)> <Delay = 0.00>
ST_2 : Operation 357 [1/1] (0.00ns)   --->   "%write_ln0 = write void @_ssdm_op_Write.ap_auto.i32P0A, i32 %shl_i_i_i_i6531_out, i32 %shl_i_i_i_i6531_load"   --->   Operation 357 'write' 'write_ln0' <Predicate = (icmp_ln153)> <Delay = 0.00>
ST_2 : Operation 358 [1/1] (1.58ns)   --->   "%ret_ln0 = ret"   --->   Operation 358 'ret' 'ret_ln0' <Predicate = (icmp_ln153)> <Delay = 1.58>

State 3 <SV = 2> <Delay = 0.68>
ST_3 : Operation 98 [1/1] (0.00ns)   --->   "%specpipeline_ln155 = specpipeline void @_ssdm_op_SpecPipeline, i32 4294967295, i32 0, i32 0, i32 0, void @empty_1" [bnn.cpp:155]   --->   Operation 98 'specpipeline' 'specpipeline_ln155' <Predicate = true> <Delay = 0.00>
ST_3 : Operation 99 [1/1] (0.00ns)   --->   "%speclooptripcount_ln153 = speclooptripcount void @_ssdm_op_SpecLoopTripCount, i64 64, i64 64, i64 64" [bnn.cpp:153]   --->   Operation 99 'speclooptripcount' 'speclooptripcount_ln153' <Predicate = true> <Delay = 0.00>
ST_3 : Operation 100 [1/1] (0.00ns)   --->   "%specloopname_ln153 = specloopname void @_ssdm_op_SpecLoopName, void @empty_9" [bnn.cpp:153]   --->   Operation 100 'specloopname' 'specloopname_ln153' <Predicate = true> <Delay = 0.00>
ST_3 : Operation 101 [1/1] (0.68ns)   --->   "%select_ln156 = select i1 %icmp_ln41, i32 0, i32 256" [bnn.cpp:156]   --->   Operation 101 'select' 'select_ln156' <Predicate = true> <Delay = 0.68> <CoreInst = "Sel">   --->   Core 73 'Sel' <Latency = 0> <II = 1> <Delay = 0.68> <FuncUnit> <Opcode : 'select'> <InPorts = 3> <OutPorts = 1>
ST_3 : Operation 102 [1/1] (0.00ns)   --->   "%store_ln156 = store i32 %select_ln156, i32 %shl_i_i_i_i6531" [bnn.cpp:156]   --->   Operation 102 'store' 'store_ln156' <Predicate = (trunc_ln153_1 == 62)> <Delay = 0.00>
ST_3 : Operation 103 [1/1] (0.00ns)   --->   "%br_ln156 = br void %arrayidx63.exit" [bnn.cpp:156]   --->   Operation 103 'br' 'br_ln156' <Predicate = (trunc_ln153_1 == 62)> <Delay = 0.00>
ST_3 : Operation 104 [1/1] (0.00ns)   --->   "%store_ln156 = store i32 %select_ln156, i32 %shl_i_i_i_i6533" [bnn.cpp:156]   --->   Operation 104 'store' 'store_ln156' <Predicate = (trunc_ln153_1 == 61)> <Delay = 0.00>
ST_3 : Operation 105 [1/1] (0.00ns)   --->   "%br_ln156 = br void %arrayidx63.exit" [bnn.cpp:156]   --->   Operation 105 'br' 'br_ln156' <Predicate = (trunc_ln153_1 == 61)> <Delay = 0.00>
ST_3 : Operation 106 [1/1] (0.00ns)   --->   "%store_ln156 = store i32 %select_ln156, i32 %shl_i_i_i_i6535" [bnn.cpp:156]   --->   Operation 106 'store' 'store_ln156' <Predicate = (trunc_ln153_1 == 60)> <Delay = 0.00>
ST_3 : Operation 107 [1/1] (0.00ns)   --->   "%br_ln156 = br void %arrayidx63.exit" [bnn.cpp:156]   --->   Operation 107 'br' 'br_ln156' <Predicate = (trunc_ln153_1 == 60)> <Delay = 0.00>
ST_3 : Operation 108 [1/1] (0.00ns)   --->   "%store_ln156 = store i32 %select_ln156, i32 %shl_i_i_i_i6537" [bnn.cpp:156]   --->   Operation 108 'store' 'store_ln156' <Predicate = (trunc_ln153_1 == 59)> <Delay = 0.00>
ST_3 : Operation 109 [1/1] (0.00ns)   --->   "%br_ln156 = br void %arrayidx63.exit" [bnn.cpp:156]   --->   Operation 109 'br' 'br_ln156' <Predicate = (trunc_ln153_1 == 59)> <Delay = 0.00>
ST_3 : Operation 110 [1/1] (0.00ns)   --->   "%store_ln156 = store i32 %select_ln156, i32 %shl_i_i_i_i6539" [bnn.cpp:156]   --->   Operation 110 'store' 'store_ln156' <Predicate = (trunc_ln153_1 == 58)> <Delay = 0.00>
ST_3 : Operation 111 [1/1] (0.00ns)   --->   "%br_ln156 = br void %arrayidx63.exit" [bnn.cpp:156]   --->   Operation 111 'br' 'br_ln156' <Predicate = (trunc_ln153_1 == 58)> <Delay = 0.00>
ST_3 : Operation 112 [1/1] (0.00ns)   --->   "%store_ln156 = store i32 %select_ln156, i32 %shl_i_i_i_i65311" [bnn.cpp:156]   --->   Operation 112 'store' 'store_ln156' <Predicate = (trunc_ln153_1 == 57)> <Delay = 0.00>
ST_3 : Operation 113 [1/1] (0.00ns)   --->   "%br_ln156 = br void %arrayidx63.exit" [bnn.cpp:156]   --->   Operation 113 'br' 'br_ln156' <Predicate = (trunc_ln153_1 == 57)> <Delay = 0.00>
ST_3 : Operation 114 [1/1] (0.00ns)   --->   "%store_ln156 = store i32 %select_ln156, i32 %shl_i_i_i_i65313" [bnn.cpp:156]   --->   Operation 114 'store' 'store_ln156' <Predicate = (trunc_ln153_1 == 56)> <Delay = 0.00>
ST_3 : Operation 115 [1/1] (0.00ns)   --->   "%br_ln156 = br void %arrayidx63.exit" [bnn.cpp:156]   --->   Operation 115 'br' 'br_ln156' <Predicate = (trunc_ln153_1 == 56)> <Delay = 0.00>
ST_3 : Operation 116 [1/1] (0.00ns)   --->   "%store_ln156 = store i32 %select_ln156, i32 %shl_i_i_i_i65315" [bnn.cpp:156]   --->   Operation 116 'store' 'store_ln156' <Predicate = (trunc_ln153_1 == 55)> <Delay = 0.00>
ST_3 : Operation 117 [1/1] (0.00ns)   --->   "%br_ln156 = br void %arrayidx63.exit" [bnn.cpp:156]   --->   Operation 117 'br' 'br_ln156' <Predicate = (trunc_ln153_1 == 55)> <Delay = 0.00>
ST_3 : Operation 118 [1/1] (0.00ns)   --->   "%store_ln156 = store i32 %select_ln156, i32 %shl_i_i_i_i65317" [bnn.cpp:156]   --->   Operation 118 'store' 'store_ln156' <Predicate = (trunc_ln153_1 == 54)> <Delay = 0.00>
ST_3 : Operation 119 [1/1] (0.00ns)   --->   "%br_ln156 = br void %arrayidx63.exit" [bnn.cpp:156]   --->   Operation 119 'br' 'br_ln156' <Predicate = (trunc_ln153_1 == 54)> <Delay = 0.00>
ST_3 : Operation 120 [1/1] (0.00ns)   --->   "%store_ln156 = store i32 %select_ln156, i32 %shl_i_i_i_i65319" [bnn.cpp:156]   --->   Operation 120 'store' 'store_ln156' <Predicate = (trunc_ln153_1 == 53)> <Delay = 0.00>
ST_3 : Operation 121 [1/1] (0.00ns)   --->   "%br_ln156 = br void %arrayidx63.exit" [bnn.cpp:156]   --->   Operation 121 'br' 'br_ln156' <Predicate = (trunc_ln153_1 == 53)> <Delay = 0.00>
ST_3 : Operation 122 [1/1] (0.00ns)   --->   "%store_ln156 = store i32 %select_ln156, i32 %shl_i_i_i_i65321" [bnn.cpp:156]   --->   Operation 122 'store' 'store_ln156' <Predicate = (trunc_ln153_1 == 52)> <Delay = 0.00>
ST_3 : Operation 123 [1/1] (0.00ns)   --->   "%br_ln156 = br void %arrayidx63.exit" [bnn.cpp:156]   --->   Operation 123 'br' 'br_ln156' <Predicate = (trunc_ln153_1 == 52)> <Delay = 0.00>
ST_3 : Operation 124 [1/1] (0.00ns)   --->   "%store_ln156 = store i32 %select_ln156, i32 %shl_i_i_i_i65323" [bnn.cpp:156]   --->   Operation 124 'store' 'store_ln156' <Predicate = (trunc_ln153_1 == 51)> <Delay = 0.00>
ST_3 : Operation 125 [1/1] (0.00ns)   --->   "%br_ln156 = br void %arrayidx63.exit" [bnn.cpp:156]   --->   Operation 125 'br' 'br_ln156' <Predicate = (trunc_ln153_1 == 51)> <Delay = 0.00>
ST_3 : Operation 126 [1/1] (0.00ns)   --->   "%store_ln156 = store i32 %select_ln156, i32 %shl_i_i_i_i65325" [bnn.cpp:156]   --->   Operation 126 'store' 'store_ln156' <Predicate = (trunc_ln153_1 == 50)> <Delay = 0.00>
ST_3 : Operation 127 [1/1] (0.00ns)   --->   "%br_ln156 = br void %arrayidx63.exit" [bnn.cpp:156]   --->   Operation 127 'br' 'br_ln156' <Predicate = (trunc_ln153_1 == 50)> <Delay = 0.00>
ST_3 : Operation 128 [1/1] (0.00ns)   --->   "%store_ln156 = store i32 %select_ln156, i32 %shl_i_i_i_i65327" [bnn.cpp:156]   --->   Operation 128 'store' 'store_ln156' <Predicate = (trunc_ln153_1 == 49)> <Delay = 0.00>
ST_3 : Operation 129 [1/1] (0.00ns)   --->   "%br_ln156 = br void %arrayidx63.exit" [bnn.cpp:156]   --->   Operation 129 'br' 'br_ln156' <Predicate = (trunc_ln153_1 == 49)> <Delay = 0.00>
ST_3 : Operation 130 [1/1] (0.00ns)   --->   "%store_ln156 = store i32 %select_ln156, i32 %shl_i_i_i_i65329" [bnn.cpp:156]   --->   Operation 130 'store' 'store_ln156' <Predicate = (trunc_ln153_1 == 48)> <Delay = 0.00>
ST_3 : Operation 131 [1/1] (0.00ns)   --->   "%br_ln156 = br void %arrayidx63.exit" [bnn.cpp:156]   --->   Operation 131 'br' 'br_ln156' <Predicate = (trunc_ln153_1 == 48)> <Delay = 0.00>
ST_3 : Operation 132 [1/1] (0.00ns)   --->   "%store_ln156 = store i32 %select_ln156, i32 %shl_i_i_i_i65331" [bnn.cpp:156]   --->   Operation 132 'store' 'store_ln156' <Predicate = (trunc_ln153_1 == 47)> <Delay = 0.00>
ST_3 : Operation 133 [1/1] (0.00ns)   --->   "%br_ln156 = br void %arrayidx63.exit" [bnn.cpp:156]   --->   Operation 133 'br' 'br_ln156' <Predicate = (trunc_ln153_1 == 47)> <Delay = 0.00>
ST_3 : Operation 134 [1/1] (0.00ns)   --->   "%store_ln156 = store i32 %select_ln156, i32 %shl_i_i_i_i65333" [bnn.cpp:156]   --->   Operation 134 'store' 'store_ln156' <Predicate = (trunc_ln153_1 == 46)> <Delay = 0.00>
ST_3 : Operation 135 [1/1] (0.00ns)   --->   "%br_ln156 = br void %arrayidx63.exit" [bnn.cpp:156]   --->   Operation 135 'br' 'br_ln156' <Predicate = (trunc_ln153_1 == 46)> <Delay = 0.00>
ST_3 : Operation 136 [1/1] (0.00ns)   --->   "%store_ln156 = store i32 %select_ln156, i32 %shl_i_i_i_i65335" [bnn.cpp:156]   --->   Operation 136 'store' 'store_ln156' <Predicate = (trunc_ln153_1 == 45)> <Delay = 0.00>
ST_3 : Operation 137 [1/1] (0.00ns)   --->   "%br_ln156 = br void %arrayidx63.exit" [bnn.cpp:156]   --->   Operation 137 'br' 'br_ln156' <Predicate = (trunc_ln153_1 == 45)> <Delay = 0.00>
ST_3 : Operation 138 [1/1] (0.00ns)   --->   "%store_ln156 = store i32 %select_ln156, i32 %shl_i_i_i_i65337" [bnn.cpp:156]   --->   Operation 138 'store' 'store_ln156' <Predicate = (trunc_ln153_1 == 44)> <Delay = 0.00>
ST_3 : Operation 139 [1/1] (0.00ns)   --->   "%br_ln156 = br void %arrayidx63.exit" [bnn.cpp:156]   --->   Operation 139 'br' 'br_ln156' <Predicate = (trunc_ln153_1 == 44)> <Delay = 0.00>
ST_3 : Operation 140 [1/1] (0.00ns)   --->   "%store_ln156 = store i32 %select_ln156, i32 %shl_i_i_i_i65339" [bnn.cpp:156]   --->   Operation 140 'store' 'store_ln156' <Predicate = (trunc_ln153_1 == 43)> <Delay = 0.00>
ST_3 : Operation 141 [1/1] (0.00ns)   --->   "%br_ln156 = br void %arrayidx63.exit" [bnn.cpp:156]   --->   Operation 141 'br' 'br_ln156' <Predicate = (trunc_ln153_1 == 43)> <Delay = 0.00>
ST_3 : Operation 142 [1/1] (0.00ns)   --->   "%store_ln156 = store i32 %select_ln156, i32 %shl_i_i_i_i65341" [bnn.cpp:156]   --->   Operation 142 'store' 'store_ln156' <Predicate = (trunc_ln153_1 == 42)> <Delay = 0.00>
ST_3 : Operation 143 [1/1] (0.00ns)   --->   "%br_ln156 = br void %arrayidx63.exit" [bnn.cpp:156]   --->   Operation 143 'br' 'br_ln156' <Predicate = (trunc_ln153_1 == 42)> <Delay = 0.00>
ST_3 : Operation 144 [1/1] (0.00ns)   --->   "%store_ln156 = store i32 %select_ln156, i32 %shl_i_i_i_i65343" [bnn.cpp:156]   --->   Operation 144 'store' 'store_ln156' <Predicate = (trunc_ln153_1 == 41)> <Delay = 0.00>
ST_3 : Operation 145 [1/1] (0.00ns)   --->   "%br_ln156 = br void %arrayidx63.exit" [bnn.cpp:156]   --->   Operation 145 'br' 'br_ln156' <Predicate = (trunc_ln153_1 == 41)> <Delay = 0.00>
ST_3 : Operation 146 [1/1] (0.00ns)   --->   "%store_ln156 = store i32 %select_ln156, i32 %shl_i_i_i_i65345" [bnn.cpp:156]   --->   Operation 146 'store' 'store_ln156' <Predicate = (trunc_ln153_1 == 40)> <Delay = 0.00>
ST_3 : Operation 147 [1/1] (0.00ns)   --->   "%br_ln156 = br void %arrayidx63.exit" [bnn.cpp:156]   --->   Operation 147 'br' 'br_ln156' <Predicate = (trunc_ln153_1 == 40)> <Delay = 0.00>
ST_3 : Operation 148 [1/1] (0.00ns)   --->   "%store_ln156 = store i32 %select_ln156, i32 %shl_i_i_i_i65347" [bnn.cpp:156]   --->   Operation 148 'store' 'store_ln156' <Predicate = (trunc_ln153_1 == 39)> <Delay = 0.00>
ST_3 : Operation 149 [1/1] (0.00ns)   --->   "%br_ln156 = br void %arrayidx63.exit" [bnn.cpp:156]   --->   Operation 149 'br' 'br_ln156' <Predicate = (trunc_ln153_1 == 39)> <Delay = 0.00>
ST_3 : Operation 150 [1/1] (0.00ns)   --->   "%store_ln156 = store i32 %select_ln156, i32 %shl_i_i_i_i65349" [bnn.cpp:156]   --->   Operation 150 'store' 'store_ln156' <Predicate = (trunc_ln153_1 == 38)> <Delay = 0.00>
ST_3 : Operation 151 [1/1] (0.00ns)   --->   "%br_ln156 = br void %arrayidx63.exit" [bnn.cpp:156]   --->   Operation 151 'br' 'br_ln156' <Predicate = (trunc_ln153_1 == 38)> <Delay = 0.00>
ST_3 : Operation 152 [1/1] (0.00ns)   --->   "%store_ln156 = store i32 %select_ln156, i32 %shl_i_i_i_i65351" [bnn.cpp:156]   --->   Operation 152 'store' 'store_ln156' <Predicate = (trunc_ln153_1 == 37)> <Delay = 0.00>
ST_3 : Operation 153 [1/1] (0.00ns)   --->   "%br_ln156 = br void %arrayidx63.exit" [bnn.cpp:156]   --->   Operation 153 'br' 'br_ln156' <Predicate = (trunc_ln153_1 == 37)> <Delay = 0.00>
ST_3 : Operation 154 [1/1] (0.00ns)   --->   "%store_ln156 = store i32 %select_ln156, i32 %shl_i_i_i_i65353" [bnn.cpp:156]   --->   Operation 154 'store' 'store_ln156' <Predicate = (trunc_ln153_1 == 36)> <Delay = 0.00>
ST_3 : Operation 155 [1/1] (0.00ns)   --->   "%br_ln156 = br void %arrayidx63.exit" [bnn.cpp:156]   --->   Operation 155 'br' 'br_ln156' <Predicate = (trunc_ln153_1 == 36)> <Delay = 0.00>
ST_3 : Operation 156 [1/1] (0.00ns)   --->   "%store_ln156 = store i32 %select_ln156, i32 %shl_i_i_i_i65355" [bnn.cpp:156]   --->   Operation 156 'store' 'store_ln156' <Predicate = (trunc_ln153_1 == 35)> <Delay = 0.00>
ST_3 : Operation 157 [1/1] (0.00ns)   --->   "%br_ln156 = br void %arrayidx63.exit" [bnn.cpp:156]   --->   Operation 157 'br' 'br_ln156' <Predicate = (trunc_ln153_1 == 35)> <Delay = 0.00>
ST_3 : Operation 158 [1/1] (0.00ns)   --->   "%store_ln156 = store i32 %select_ln156, i32 %shl_i_i_i_i65357" [bnn.cpp:156]   --->   Operation 158 'store' 'store_ln156' <Predicate = (trunc_ln153_1 == 34)> <Delay = 0.00>
ST_3 : Operation 159 [1/1] (0.00ns)   --->   "%br_ln156 = br void %arrayidx63.exit" [bnn.cpp:156]   --->   Operation 159 'br' 'br_ln156' <Predicate = (trunc_ln153_1 == 34)> <Delay = 0.00>
ST_3 : Operation 160 [1/1] (0.00ns)   --->   "%store_ln156 = store i32 %select_ln156, i32 %shl_i_i_i_i65359" [bnn.cpp:156]   --->   Operation 160 'store' 'store_ln156' <Predicate = (trunc_ln153_1 == 33)> <Delay = 0.00>
ST_3 : Operation 161 [1/1] (0.00ns)   --->   "%br_ln156 = br void %arrayidx63.exit" [bnn.cpp:156]   --->   Operation 161 'br' 'br_ln156' <Predicate = (trunc_ln153_1 == 33)> <Delay = 0.00>
ST_3 : Operation 162 [1/1] (0.00ns)   --->   "%store_ln156 = store i32 %select_ln156, i32 %shl_i_i_i_i65361" [bnn.cpp:156]   --->   Operation 162 'store' 'store_ln156' <Predicate = (trunc_ln153_1 == 32)> <Delay = 0.00>
ST_3 : Operation 163 [1/1] (0.00ns)   --->   "%br_ln156 = br void %arrayidx63.exit" [bnn.cpp:156]   --->   Operation 163 'br' 'br_ln156' <Predicate = (trunc_ln153_1 == 32)> <Delay = 0.00>
ST_3 : Operation 164 [1/1] (0.00ns)   --->   "%store_ln156 = store i32 %select_ln156, i32 %shl_i_i_i_i65363" [bnn.cpp:156]   --->   Operation 164 'store' 'store_ln156' <Predicate = (trunc_ln153_1 == 31)> <Delay = 0.00>
ST_3 : Operation 165 [1/1] (0.00ns)   --->   "%br_ln156 = br void %arrayidx63.exit" [bnn.cpp:156]   --->   Operation 165 'br' 'br_ln156' <Predicate = (trunc_ln153_1 == 31)> <Delay = 0.00>
ST_3 : Operation 166 [1/1] (0.00ns)   --->   "%store_ln156 = store i32 %select_ln156, i32 %shl_i_i_i_i65365" [bnn.cpp:156]   --->   Operation 166 'store' 'store_ln156' <Predicate = (trunc_ln153_1 == 30)> <Delay = 0.00>
ST_3 : Operation 167 [1/1] (0.00ns)   --->   "%br_ln156 = br void %arrayidx63.exit" [bnn.cpp:156]   --->   Operation 167 'br' 'br_ln156' <Predicate = (trunc_ln153_1 == 30)> <Delay = 0.00>
ST_3 : Operation 168 [1/1] (0.00ns)   --->   "%store_ln156 = store i32 %select_ln156, i32 %shl_i_i_i_i65367" [bnn.cpp:156]   --->   Operation 168 'store' 'store_ln156' <Predicate = (trunc_ln153_1 == 29)> <Delay = 0.00>
ST_3 : Operation 169 [1/1] (0.00ns)   --->   "%br_ln156 = br void %arrayidx63.exit" [bnn.cpp:156]   --->   Operation 169 'br' 'br_ln156' <Predicate = (trunc_ln153_1 == 29)> <Delay = 0.00>
ST_3 : Operation 170 [1/1] (0.00ns)   --->   "%store_ln156 = store i32 %select_ln156, i32 %shl_i_i_i_i65369" [bnn.cpp:156]   --->   Operation 170 'store' 'store_ln156' <Predicate = (trunc_ln153_1 == 28)> <Delay = 0.00>
ST_3 : Operation 171 [1/1] (0.00ns)   --->   "%br_ln156 = br void %arrayidx63.exit" [bnn.cpp:156]   --->   Operation 171 'br' 'br_ln156' <Predicate = (trunc_ln153_1 == 28)> <Delay = 0.00>
ST_3 : Operation 172 [1/1] (0.00ns)   --->   "%store_ln156 = store i32 %select_ln156, i32 %shl_i_i_i_i65371" [bnn.cpp:156]   --->   Operation 172 'store' 'store_ln156' <Predicate = (trunc_ln153_1 == 27)> <Delay = 0.00>
ST_3 : Operation 173 [1/1] (0.00ns)   --->   "%br_ln156 = br void %arrayidx63.exit" [bnn.cpp:156]   --->   Operation 173 'br' 'br_ln156' <Predicate = (trunc_ln153_1 == 27)> <Delay = 0.00>
ST_3 : Operation 174 [1/1] (0.00ns)   --->   "%store_ln156 = store i32 %select_ln156, i32 %shl_i_i_i_i65373" [bnn.cpp:156]   --->   Operation 174 'store' 'store_ln156' <Predicate = (trunc_ln153_1 == 26)> <Delay = 0.00>
ST_3 : Operation 175 [1/1] (0.00ns)   --->   "%br_ln156 = br void %arrayidx63.exit" [bnn.cpp:156]   --->   Operation 175 'br' 'br_ln156' <Predicate = (trunc_ln153_1 == 26)> <Delay = 0.00>
ST_3 : Operation 176 [1/1] (0.00ns)   --->   "%store_ln156 = store i32 %select_ln156, i32 %shl_i_i_i_i65375" [bnn.cpp:156]   --->   Operation 176 'store' 'store_ln156' <Predicate = (trunc_ln153_1 == 25)> <Delay = 0.00>
ST_3 : Operation 177 [1/1] (0.00ns)   --->   "%br_ln156 = br void %arrayidx63.exit" [bnn.cpp:156]   --->   Operation 177 'br' 'br_ln156' <Predicate = (trunc_ln153_1 == 25)> <Delay = 0.00>
ST_3 : Operation 178 [1/1] (0.00ns)   --->   "%store_ln156 = store i32 %select_ln156, i32 %shl_i_i_i_i65377" [bnn.cpp:156]   --->   Operation 178 'store' 'store_ln156' <Predicate = (trunc_ln153_1 == 24)> <Delay = 0.00>
ST_3 : Operation 179 [1/1] (0.00ns)   --->   "%br_ln156 = br void %arrayidx63.exit" [bnn.cpp:156]   --->   Operation 179 'br' 'br_ln156' <Predicate = (trunc_ln153_1 == 24)> <Delay = 0.00>
ST_3 : Operation 180 [1/1] (0.00ns)   --->   "%store_ln156 = store i32 %select_ln156, i32 %shl_i_i_i_i65379" [bnn.cpp:156]   --->   Operation 180 'store' 'store_ln156' <Predicate = (trunc_ln153_1 == 23)> <Delay = 0.00>
ST_3 : Operation 181 [1/1] (0.00ns)   --->   "%br_ln156 = br void %arrayidx63.exit" [bnn.cpp:156]   --->   Operation 181 'br' 'br_ln156' <Predicate = (trunc_ln153_1 == 23)> <Delay = 0.00>
ST_3 : Operation 182 [1/1] (0.00ns)   --->   "%store_ln156 = store i32 %select_ln156, i32 %shl_i_i_i_i65381" [bnn.cpp:156]   --->   Operation 182 'store' 'store_ln156' <Predicate = (trunc_ln153_1 == 22)> <Delay = 0.00>
ST_3 : Operation 183 [1/1] (0.00ns)   --->   "%br_ln156 = br void %arrayidx63.exit" [bnn.cpp:156]   --->   Operation 183 'br' 'br_ln156' <Predicate = (trunc_ln153_1 == 22)> <Delay = 0.00>
ST_3 : Operation 184 [1/1] (0.00ns)   --->   "%store_ln156 = store i32 %select_ln156, i32 %shl_i_i_i_i65383" [bnn.cpp:156]   --->   Operation 184 'store' 'store_ln156' <Predicate = (trunc_ln153_1 == 21)> <Delay = 0.00>
ST_3 : Operation 185 [1/1] (0.00ns)   --->   "%br_ln156 = br void %arrayidx63.exit" [bnn.cpp:156]   --->   Operation 185 'br' 'br_ln156' <Predicate = (trunc_ln153_1 == 21)> <Delay = 0.00>
ST_3 : Operation 186 [1/1] (0.00ns)   --->   "%store_ln156 = store i32 %select_ln156, i32 %shl_i_i_i_i65385" [bnn.cpp:156]   --->   Operation 186 'store' 'store_ln156' <Predicate = (trunc_ln153_1 == 20)> <Delay = 0.00>
ST_3 : Operation 187 [1/1] (0.00ns)   --->   "%br_ln156 = br void %arrayidx63.exit" [bnn.cpp:156]   --->   Operation 187 'br' 'br_ln156' <Predicate = (trunc_ln153_1 == 20)> <Delay = 0.00>
ST_3 : Operation 188 [1/1] (0.00ns)   --->   "%store_ln156 = store i32 %select_ln156, i32 %shl_i_i_i_i65387" [bnn.cpp:156]   --->   Operation 188 'store' 'store_ln156' <Predicate = (trunc_ln153_1 == 19)> <Delay = 0.00>
ST_3 : Operation 189 [1/1] (0.00ns)   --->   "%br_ln156 = br void %arrayidx63.exit" [bnn.cpp:156]   --->   Operation 189 'br' 'br_ln156' <Predicate = (trunc_ln153_1 == 19)> <Delay = 0.00>
ST_3 : Operation 190 [1/1] (0.00ns)   --->   "%store_ln156 = store i32 %select_ln156, i32 %shl_i_i_i_i65389" [bnn.cpp:156]   --->   Operation 190 'store' 'store_ln156' <Predicate = (trunc_ln153_1 == 18)> <Delay = 0.00>
ST_3 : Operation 191 [1/1] (0.00ns)   --->   "%br_ln156 = br void %arrayidx63.exit" [bnn.cpp:156]   --->   Operation 191 'br' 'br_ln156' <Predicate = (trunc_ln153_1 == 18)> <Delay = 0.00>
ST_3 : Operation 192 [1/1] (0.00ns)   --->   "%store_ln156 = store i32 %select_ln156, i32 %shl_i_i_i_i65391" [bnn.cpp:156]   --->   Operation 192 'store' 'store_ln156' <Predicate = (trunc_ln153_1 == 17)> <Delay = 0.00>
ST_3 : Operation 193 [1/1] (0.00ns)   --->   "%br_ln156 = br void %arrayidx63.exit" [bnn.cpp:156]   --->   Operation 193 'br' 'br_ln156' <Predicate = (trunc_ln153_1 == 17)> <Delay = 0.00>
ST_3 : Operation 194 [1/1] (0.00ns)   --->   "%store_ln156 = store i32 %select_ln156, i32 %shl_i_i_i_i65393" [bnn.cpp:156]   --->   Operation 194 'store' 'store_ln156' <Predicate = (trunc_ln153_1 == 16)> <Delay = 0.00>
ST_3 : Operation 195 [1/1] (0.00ns)   --->   "%br_ln156 = br void %arrayidx63.exit" [bnn.cpp:156]   --->   Operation 195 'br' 'br_ln156' <Predicate = (trunc_ln153_1 == 16)> <Delay = 0.00>
ST_3 : Operation 196 [1/1] (0.00ns)   --->   "%store_ln156 = store i32 %select_ln156, i32 %shl_i_i_i_i65395" [bnn.cpp:156]   --->   Operation 196 'store' 'store_ln156' <Predicate = (trunc_ln153_1 == 15)> <Delay = 0.00>
ST_3 : Operation 197 [1/1] (0.00ns)   --->   "%br_ln156 = br void %arrayidx63.exit" [bnn.cpp:156]   --->   Operation 197 'br' 'br_ln156' <Predicate = (trunc_ln153_1 == 15)> <Delay = 0.00>
ST_3 : Operation 198 [1/1] (0.00ns)   --->   "%store_ln156 = store i32 %select_ln156, i32 %shl_i_i_i_i65397" [bnn.cpp:156]   --->   Operation 198 'store' 'store_ln156' <Predicate = (trunc_ln153_1 == 14)> <Delay = 0.00>
ST_3 : Operation 199 [1/1] (0.00ns)   --->   "%br_ln156 = br void %arrayidx63.exit" [bnn.cpp:156]   --->   Operation 199 'br' 'br_ln156' <Predicate = (trunc_ln153_1 == 14)> <Delay = 0.00>
ST_3 : Operation 200 [1/1] (0.00ns)   --->   "%store_ln156 = store i32 %select_ln156, i32 %shl_i_i_i_i65399" [bnn.cpp:156]   --->   Operation 200 'store' 'store_ln156' <Predicate = (trunc_ln153_1 == 13)> <Delay = 0.00>
ST_3 : Operation 201 [1/1] (0.00ns)   --->   "%br_ln156 = br void %arrayidx63.exit" [bnn.cpp:156]   --->   Operation 201 'br' 'br_ln156' <Predicate = (trunc_ln153_1 == 13)> <Delay = 0.00>
ST_3 : Operation 202 [1/1] (0.00ns)   --->   "%store_ln156 = store i32 %select_ln156, i32 %shl_i_i_i_i653101" [bnn.cpp:156]   --->   Operation 202 'store' 'store_ln156' <Predicate = (trunc_ln153_1 == 12)> <Delay = 0.00>
ST_3 : Operation 203 [1/1] (0.00ns)   --->   "%br_ln156 = br void %arrayidx63.exit" [bnn.cpp:156]   --->   Operation 203 'br' 'br_ln156' <Predicate = (trunc_ln153_1 == 12)> <Delay = 0.00>
ST_3 : Operation 204 [1/1] (0.00ns)   --->   "%store_ln156 = store i32 %select_ln156, i32 %shl_i_i_i_i653103" [bnn.cpp:156]   --->   Operation 204 'store' 'store_ln156' <Predicate = (trunc_ln153_1 == 11)> <Delay = 0.00>
ST_3 : Operation 205 [1/1] (0.00ns)   --->   "%br_ln156 = br void %arrayidx63.exit" [bnn.cpp:156]   --->   Operation 205 'br' 'br_ln156' <Predicate = (trunc_ln153_1 == 11)> <Delay = 0.00>
ST_3 : Operation 206 [1/1] (0.00ns)   --->   "%store_ln156 = store i32 %select_ln156, i32 %shl_i_i_i_i653105" [bnn.cpp:156]   --->   Operation 206 'store' 'store_ln156' <Predicate = (trunc_ln153_1 == 10)> <Delay = 0.00>
ST_3 : Operation 207 [1/1] (0.00ns)   --->   "%br_ln156 = br void %arrayidx63.exit" [bnn.cpp:156]   --->   Operation 207 'br' 'br_ln156' <Predicate = (trunc_ln153_1 == 10)> <Delay = 0.00>
ST_3 : Operation 208 [1/1] (0.00ns)   --->   "%store_ln156 = store i32 %select_ln156, i32 %shl_i_i_i_i653107" [bnn.cpp:156]   --->   Operation 208 'store' 'store_ln156' <Predicate = (trunc_ln153_1 == 9)> <Delay = 0.00>
ST_3 : Operation 209 [1/1] (0.00ns)   --->   "%br_ln156 = br void %arrayidx63.exit" [bnn.cpp:156]   --->   Operation 209 'br' 'br_ln156' <Predicate = (trunc_ln153_1 == 9)> <Delay = 0.00>
ST_3 : Operation 210 [1/1] (0.00ns)   --->   "%store_ln156 = store i32 %select_ln156, i32 %shl_i_i_i_i653109" [bnn.cpp:156]   --->   Operation 210 'store' 'store_ln156' <Predicate = (trunc_ln153_1 == 8)> <Delay = 0.00>
ST_3 : Operation 211 [1/1] (0.00ns)   --->   "%br_ln156 = br void %arrayidx63.exit" [bnn.cpp:156]   --->   Operation 211 'br' 'br_ln156' <Predicate = (trunc_ln153_1 == 8)> <Delay = 0.00>
ST_3 : Operation 212 [1/1] (0.00ns)   --->   "%store_ln156 = store i32 %select_ln156, i32 %shl_i_i_i_i653111" [bnn.cpp:156]   --->   Operation 212 'store' 'store_ln156' <Predicate = (trunc_ln153_1 == 7)> <Delay = 0.00>
ST_3 : Operation 213 [1/1] (0.00ns)   --->   "%br_ln156 = br void %arrayidx63.exit" [bnn.cpp:156]   --->   Operation 213 'br' 'br_ln156' <Predicate = (trunc_ln153_1 == 7)> <Delay = 0.00>
ST_3 : Operation 214 [1/1] (0.00ns)   --->   "%store_ln156 = store i32 %select_ln156, i32 %shl_i_i_i_i653113" [bnn.cpp:156]   --->   Operation 214 'store' 'store_ln156' <Predicate = (trunc_ln153_1 == 6)> <Delay = 0.00>
ST_3 : Operation 215 [1/1] (0.00ns)   --->   "%br_ln156 = br void %arrayidx63.exit" [bnn.cpp:156]   --->   Operation 215 'br' 'br_ln156' <Predicate = (trunc_ln153_1 == 6)> <Delay = 0.00>
ST_3 : Operation 216 [1/1] (0.00ns)   --->   "%store_ln156 = store i32 %select_ln156, i32 %shl_i_i_i_i653115" [bnn.cpp:156]   --->   Operation 216 'store' 'store_ln156' <Predicate = (trunc_ln153_1 == 5)> <Delay = 0.00>
ST_3 : Operation 217 [1/1] (0.00ns)   --->   "%br_ln156 = br void %arrayidx63.exit" [bnn.cpp:156]   --->   Operation 217 'br' 'br_ln156' <Predicate = (trunc_ln153_1 == 5)> <Delay = 0.00>
ST_3 : Operation 218 [1/1] (0.00ns)   --->   "%store_ln156 = store i32 %select_ln156, i32 %shl_i_i_i_i653117" [bnn.cpp:156]   --->   Operation 218 'store' 'store_ln156' <Predicate = (trunc_ln153_1 == 4)> <Delay = 0.00>
ST_3 : Operation 219 [1/1] (0.00ns)   --->   "%br_ln156 = br void %arrayidx63.exit" [bnn.cpp:156]   --->   Operation 219 'br' 'br_ln156' <Predicate = (trunc_ln153_1 == 4)> <Delay = 0.00>
ST_3 : Operation 220 [1/1] (0.00ns)   --->   "%store_ln156 = store i32 %select_ln156, i32 %shl_i_i_i_i653119" [bnn.cpp:156]   --->   Operation 220 'store' 'store_ln156' <Predicate = (trunc_ln153_1 == 3)> <Delay = 0.00>
ST_3 : Operation 221 [1/1] (0.00ns)   --->   "%br_ln156 = br void %arrayidx63.exit" [bnn.cpp:156]   --->   Operation 221 'br' 'br_ln156' <Predicate = (trunc_ln153_1 == 3)> <Delay = 0.00>
ST_3 : Operation 222 [1/1] (0.00ns)   --->   "%store_ln156 = store i32 %select_ln156, i32 %shl_i_i_i_i653121" [bnn.cpp:156]   --->   Operation 222 'store' 'store_ln156' <Predicate = (trunc_ln153_1 == 2)> <Delay = 0.00>
ST_3 : Operation 223 [1/1] (0.00ns)   --->   "%br_ln156 = br void %arrayidx63.exit" [bnn.cpp:156]   --->   Operation 223 'br' 'br_ln156' <Predicate = (trunc_ln153_1 == 2)> <Delay = 0.00>
ST_3 : Operation 224 [1/1] (0.00ns)   --->   "%store_ln156 = store i32 %select_ln156, i32 %shl_i_i_i_i653123" [bnn.cpp:156]   --->   Operation 224 'store' 'store_ln156' <Predicate = (trunc_ln153_1 == 1)> <Delay = 0.00>
ST_3 : Operation 225 [1/1] (0.00ns)   --->   "%br_ln156 = br void %arrayidx63.exit" [bnn.cpp:156]   --->   Operation 225 'br' 'br_ln156' <Predicate = (trunc_ln153_1 == 1)> <Delay = 0.00>
ST_3 : Operation 226 [1/1] (0.00ns)   --->   "%store_ln156 = store i32 %select_ln156, i32 %shl_i_i_i_i653125" [bnn.cpp:156]   --->   Operation 226 'store' 'store_ln156' <Predicate = (trunc_ln153_1 == 0)> <Delay = 0.00>
ST_3 : Operation 227 [1/1] (0.00ns)   --->   "%br_ln156 = br void %arrayidx63.exit" [bnn.cpp:156]   --->   Operation 227 'br' 'br_ln156' <Predicate = (trunc_ln153_1 == 0)> <Delay = 0.00>
ST_3 : Operation 228 [1/1] (0.00ns)   --->   "%store_ln156 = store i32 %select_ln156, i32 %shl_i_i_i_i653127" [bnn.cpp:156]   --->   Operation 228 'store' 'store_ln156' <Predicate = (trunc_ln153_1 == 63)> <Delay = 0.00>
ST_3 : Operation 229 [1/1] (0.00ns)   --->   "%br_ln156 = br void %arrayidx63.exit" [bnn.cpp:156]   --->   Operation 229 'br' 'br_ln156' <Predicate = (trunc_ln153_1 == 63)> <Delay = 0.00>


============================================================
+ Verbose Summary: Timing violations
============================================================
Target clock period: 10.000ns, clock uncertainty: 2.700ns.

 <State 1>: 5.046ns
The critical path consists of the following:
	'store' operation 0 bit ('store_ln153', bnn.cpp:153) of constant 0 on local variable 'i', bnn.cpp:153 [134]  (1.588 ns)
	'load' operation 7 bit ('i', bnn.cpp:153) on local variable 'i', bnn.cpp:153 [137]  (0.000 ns)
	'icmp' operation 1 bit ('icmp_ln153', bnn.cpp:153) [138]  (1.870 ns)
	'store' operation 0 bit ('store_ln153', bnn.cpp:153) of variable 'add_ln153', bnn.cpp:153 on local variable 'i', bnn.cpp:153 [354]  (1.588 ns)

 <State 2>: 6.701ns
The critical path consists of the following:
	'load' operation 32 bit ('layer2_activations_load', bnn.cpp:156) on array 'layer2_activations' [153]  (2.322 ns)
	'sparsemux' operation 32 bit ('x', bnn.cpp:156) [157]  (1.827 ns)
	'icmp' operation 1 bit ('icmp_ln41', bnn.cpp:41->bnn.cpp:156) [158]  (2.552 ns)

 <State 3>: 0.687ns
The critical path consists of the following:
	'select' operation 32 bit ('select_ln156', bnn.cpp:156) [159]  (0.687 ns)
	'store' operation 0 bit ('store_ln156', bnn.cpp:156) of variable 'select_ln156', bnn.cpp:156 on local variable 'shl_i_i_i_i6531' [162]  (0.000 ns)


============================================================
+ Verbose Summary: Binding
============================================================
N/A
* FSMD analyzer results:
  - Output states:
 - Input state : 
  - Chain level:
	State 1
	State 2
	State 3


============================================================
+ Verbose Summary: Datapath Resource usage 
============================================================
N/A
