D:\ecen529\finalProject\vitis\bnn_hls\bnn_hls\hls\.autopilot\db\weights.pp.0.cpp:2258:5: warning: Added loop label VITIS_LOOP_676_1:   [xilinx-label-all-loops]
    for (unsigned i = low; i != high+1; ++i) {
    ^~~
    VITIS_LOOP_676_1: 
D:\ecen529\finalProject\vitis\bnn_hls\bnn_hls\hls\.autopilot\db\weights.pp.0.cpp:2258:5: note: FIX-IT applied suggested code changes
D:\ecen529\finalProject\vitis\bnn_hls\bnn_hls\hls\.autopilot\db\weights.pp.0.cpp:2272:5: warning: Added loop label VITIS_LOOP_690_1:   [xilinx-label-all-loops]
    for (unsigned i = low; i != high+1; ++i) {
    ^~~
    VITIS_LOOP_690_1: 
D:\ecen529\finalProject\vitis\bnn_hls\bnn_hls\hls\.autopilot\db\weights.pp.0.cpp:2272:5: note: FIX-IT applied suggested code changes
D:\ecen529\finalProject\vitis\bnn_hls\bnn_hls\hls\.autopilot\db\weights.pp.0.cpp:2286:5: warning: Added loop label VITIS_LOOP_704_1:   [xilinx-label-all-loops]
    for (unsigned i = low; i != high+1; ++i) {
    ^~~
    VITIS_LOOP_704_1: 
D:\ecen529\finalProject\vitis\bnn_hls\bnn_hls\hls\.autopilot\db\weights.pp.0.cpp:2286:5: note: FIX-IT applied suggested code changes
D:\ecen529\finalProject\vitis\bnn_hls\bnn_hls\hls\.autopilot\db\weights.pp.0.cpp:3920:7: warning: Added loop label VITIS_LOOP_1248_1:   [xilinx-label-all-loops]
      for (i = 0; i < __N - 1; ++i) {
      ^~~
      VITIS_LOOP_1248_1: 
D:\ecen529\finalProject\vitis\bnn_hls\bnn_hls\hls\.autopilot\db\weights.pp.0.cpp:3920:7: note: FIX-IT applied suggested code changes
