================================================================
== Design Size Report
================================================================

* Total Instructions per Compilation Phase
+---------------+-----------------------------+--------------+----------------------------------------------------------------------------------------+
| Phase         | Step                        | Instructions | Description                                                                            |
+---------------+-----------------------------+--------------+----------------------------------------------------------------------------------------+
| Compile/Link  |                             | 288          | After all functions are compiled and linked into a single design                       |
|               |                             |              |                                                                                        |
| Unroll/Inline |                             |              | After user unroll and inline pragmas are applied                                       |
|               | (1) unroll                  | 307          | user unroll pragmas are applied                                                        |
|               | (2) simplification          | 250          | simplification of applied user unroll pragmas                                          |
|               | (3) inline                  | 191          | user inline pragmas are applied                                                        |
|               | (4) simplification          | 182          | simplification of applied user inline pragmas                                          |
|               |                             |              |                                                                                        |
| Array/Struct  |                             |              | After user array partition and struct aggregate/disaggregate pragmas are applied       |
|               | (1) array partition         | 184          | user array partition pragmas are applied                                               |
|               | (2) simplification          | 184          | simplification of applied user array partition & struct aggregate/disaggregate pragmas |
|               | (3) aggregate/disaggregate  | 184          | user struct aggregate/disaggregate pragmas are applied                                 |
|               | (4) array reshape           | 184          | apply array reshape pragmas                                                            |
|               | (5) access patterns         | 191          | array access pattern optmizations                                                      |
|               |                             |              |                                                                                        |
| Performance   |                             |              | After transformations are applied to meet performance pragma targets                   |
|               | (1) loop simplification     | 189          | loop and instruction simplification                                                    |
|               | (2) parallelization         | 682          | loops are unrolled or pipelined to meet performance targets                            |
|               | (3) array partition         | 842          | arrays are partitioned to meet performance targets                                     |
|               | (4) simplification          | 753          | simplification of design after performance transformations                             |
|               |                             |              |                                                                                        |
| HW Transforms |                             |              | After hardware transfomations                                                          |
|               | (1) lowering                | 757          | initial conversion to HW specific instructions                                         |
|               | (2) optimizations           | 800          | high level synthesis optimizations                                                     |
+---------------+-----------------------------+--------------+----------------------------------------------------------------------------------------+

* Instructions per Function for each Compilation Phase
+---------------------+-------------+---------------+---------------+--------------+-------------+---------------+
| Function            | Location    | Compile/Link  | Unroll/Inline | Array/Struct | Performance | HW Transforms |
+---------------------+-------------+---------------+---------------+--------------+-------------+---------------+
| + feedforward_burst | bnn.cpp:184 | 288           | 182           | 191          | 753         | 800           |
|    sign             | bnn.cpp:40  |  12 (3 calls) |               |              |             |               |
|    quantize         | bnn.cpp:31  |  12 (3 calls) |               |              |             |               |
|  + matmul_xnor      | bnn.cpp:47  | 111 (3 calls) |               |              |             |               |
|     XNOR            | bnn.cpp:22  |  12 (3 calls) |               |              |             |               |
+---------------------+-------------+---------------+---------------+--------------+-------------+---------------+

* Design Size Message Settings
+---------------------------------------------+--------+------------------------------------------------------------------+
| Message Setting                             | Value  | Description                                                      |
+---------------------------------------------+--------+------------------------------------------------------------------+
| config_compile -design_size_maximum_warning | 100000 | Show a warning when total design instructions exceeds this value |
+---------------------------------------------+--------+------------------------------------------------------------------+


