

================================================================
== Vitis HLS Report for 'feedforward_Pipeline_VITIS_LOOP_48_11'
================================================================
* Date:           Fri Jun 13 14:38:46 2025

* Version:        2024.2 (Build 5238294 on Nov  8 2024)
* Project:        bnn_hls
* Solution:       hls (Vivado IP Flow Target)
* Product family: zynq
* Target device:  xc7z020-clg400-1


================================================================
== Performance Estimates
================================================================
+ Timing: 
    * Summary: 
    +--------+----------+----------+------------+
    |  Clock |  Target  | Estimated| Uncertainty|
    +--------+----------+----------+------------+
    |ap_clk  |  10.00 ns|  5.819 ns|     2.70 ns|
    +--------+----------+----------+------------+

+ Latency: 
    * Summary: 
    +---------+---------+----------+----------+-----+-----+------------------------------------------------+
    |  Latency (cycles) |  Latency (absolute) |  Interval |                    Pipeline                    |
    |   min   |   max   |    min   |    max   | min | max |                      Type                      |
    +---------+---------+----------+----------+-----+-----+------------------------------------------------+
    |      130|      130|  1.300 us|  1.300 us|  129|  129|  loop auto-rewind stp (delay=0 clock cycles(s))|
    +---------+---------+----------+----------+-----+-----+------------------------------------------------+

    + Detail: 
        * Instance: 
        N/A

        * Loop: 
        +-------------------+---------+---------+----------+-----------+-----------+------+----------+
        |                   |  Latency (cycles) | Iteration|  Initiation Interval  | Trip |          |
        |     Loop Name     |   min   |   max   |  Latency |  achieved |   target  | Count| Pipelined|
        +-------------------+---------+---------+----------+-----------+-----------+------+----------+
        |- VITIS_LOOP_48_1  |      128|      128|         2|          1|          1|   128|       yes|
        +-------------------+---------+---------+----------+-----------+-----------+------+----------+



================================================================
== Utilization Estimates
================================================================
* Summary: 
+-----------------+---------+-----+--------+-------+-----+
|       Name      | BRAM_18K| DSP |   FF   |  LUT  | URAM|
+-----------------+---------+-----+--------+-------+-----+
|DSP              |        -|    -|       -|      -|    -|
|Expression       |        -|    -|       0|     70|    -|
|FIFO             |        -|    -|       -|      -|    -|
|Instance         |        -|    -|       0|    673|    -|
|Memory           |        -|    -|       -|      -|    -|
|Multiplexer      |        -|    -|       0|     36|    -|
|Register         |        -|    -|      19|      -|    -|
+-----------------+---------+-----+--------+-------+-----+
|Total            |        0|    0|      19|    779|    0|
+-----------------+---------+-----+--------+-------+-----+
|Available        |      280|  220|  106400|  53200|    0|
+-----------------+---------+-----+--------+-------+-----+
|Utilization (%)  |        0|    0|      ~0|      1|    0|
+-----------------+---------+-----+--------+-------+-----+

+ Detail: 
    * Instance: 
    +---------------------------+-----------------------+---------+----+---+-----+-----+
    |          Instance         |         Module        | BRAM_18K| DSP| FF| LUT | URAM|
    +---------------------------+-----------------------+---------+----+---+-----+-----+
    |sparsemux_257_7_7_1_1_U19  |sparsemux_257_7_7_1_1  |        0|   0|  0|  673|    0|
    +---------------------------+-----------------------+---------+----+---+-----+-----+
    |Total                      |                       |        0|   0|  0|  673|    0|
    +---------------------------+-----------------------+---------+----+---+-----+-----+

    * DSP: 
    N/A

    * Memory: 
    N/A

    * FIFO: 
    N/A

    * Expression: 
    +---------------------+----------+----+---+----+------------+------------+
    |    Variable Name    | Operation| DSP| FF| LUT| Bitwidth P0| Bitwidth P1|
    +---------------------+----------+----+---+----+------------+------------+
    |add_ln48_fu_386_p2   |         +|   0|  0|  15|           8|           1|
    |icmp_ln20_fu_934_p2  |      icmp|   0|  0|  39|          32|          32|
    |icmp_ln48_fu_380_p2  |      icmp|   0|  0|  14|           8|           9|
    |ap_enable_pp0        |       xor|   0|  0|   2|           1|           2|
    +---------------------+----------+----+---+----+------------+------------+
    |Total                |          |   0|  0|  70|          49|          44|
    +---------------------+----------+----+---+----+------------+------------+

    * Multiplexer: 
    +-------------------------+----+-----------+-----+-----------+
    |           Name          | LUT| Input Size| Bits| Total Bits|
    +-------------------------+----+-----------+-----+-----------+
    |ap_done_int              |   9|          2|    1|          2|
    |ap_enable_reg_pp0_iter1  |   9|          2|    1|          2|
    |ap_sig_allocacmp_x_2     |   9|          2|    8|         16|
    |x_fu_310                 |   9|          2|    8|         16|
    +-------------------------+----+-----------+-----+-----------+
    |Total                    |  36|          8|   18|         36|
    +-------------------------+----+-----------+-----+-----------+

    * Register: 
    +-------------------------+---+----+-----+-----------+
    |           Name          | FF| LUT| Bits| Const Bits|
    +-------------------------+---+----+-----+-----------+
    |ap_CS_fsm                |  1|   0|    1|          0|
    |ap_done_reg              |  1|   0|    1|          0|
    |ap_enable_reg_pp0_iter1  |  1|   0|    1|          0|
    |icmp_ln20_reg_986        |  1|   0|    1|          0|
    |lshr_ln48_1_reg_981      |  5|   0|    5|          0|
    |trunc_ln48_reg_977       |  2|   0|    2|          0|
    |x_fu_310                 |  8|   0|    8|          0|
    +-------------------------+---+----+-----+-----------+
    |Total                    | 19|   0|   19|          0|
    +-------------------------+---+----+-----+-----------+



================================================================
== Interface
================================================================
* Summary: 
+-------------------------------+-----+-----+------------+---------------------------------------+--------------+
|           RTL Ports           | Dir | Bits|  Protocol  |             Source Object             |    C Type    |
+-------------------------------+-----+-----+------------+---------------------------------------+--------------+
|ap_clk                         |   in|    1|  ap_ctrl_hs|  feedforward_Pipeline_VITIS_LOOP_48_11|  return value|
|ap_rst                         |   in|    1|  ap_ctrl_hs|  feedforward_Pipeline_VITIS_LOOP_48_11|  return value|
|ap_start                       |   in|    1|  ap_ctrl_hs|  feedforward_Pipeline_VITIS_LOOP_48_11|  return value|
|ap_done                        |  out|    1|  ap_ctrl_hs|  feedforward_Pipeline_VITIS_LOOP_48_11|  return value|
|ap_idle                        |  out|    1|  ap_ctrl_hs|  feedforward_Pipeline_VITIS_LOOP_48_11|  return value|
|ap_ready                       |  out|    1|  ap_ctrl_hs|  feedforward_Pipeline_VITIS_LOOP_48_11|  return value|
|layer2_activations_6_address0  |  out|    5|   ap_memory|                   layer2_activations_6|         array|
|layer2_activations_6_ce0       |  out|    1|   ap_memory|                   layer2_activations_6|         array|
|layer2_activations_6_we0       |  out|    1|   ap_memory|                   layer2_activations_6|         array|
|layer2_activations_6_d0        |  out|   32|   ap_memory|                   layer2_activations_6|         array|
|layer2_activations_5_address0  |  out|    5|   ap_memory|                   layer2_activations_5|         array|
|layer2_activations_5_ce0       |  out|    1|   ap_memory|                   layer2_activations_5|         array|
|layer2_activations_5_we0       |  out|    1|   ap_memory|                   layer2_activations_5|         array|
|layer2_activations_5_d0        |  out|   32|   ap_memory|                   layer2_activations_5|         array|
|layer2_activations_4_address0  |  out|    5|   ap_memory|                   layer2_activations_4|         array|
|layer2_activations_4_ce0       |  out|    1|   ap_memory|                   layer2_activations_4|         array|
|layer2_activations_4_we0       |  out|    1|   ap_memory|                   layer2_activations_4|         array|
|layer2_activations_4_d0        |  out|   32|   ap_memory|                   layer2_activations_4|         array|
|layer2_activations_address0    |  out|    5|   ap_memory|                     layer2_activations|         array|
|layer2_activations_ce0         |  out|    1|   ap_memory|                     layer2_activations|         array|
|layer2_activations_we0         |  out|    1|   ap_memory|                     layer2_activations|         array|
|layer2_activations_d0          |  out|   32|   ap_memory|                     layer2_activations|         array|
|a_1_reload                     |   in|   32|     ap_none|                             a_1_reload|        scalar|
+-------------------------------+-----+-----+------------+---------------------------------------+--------------+

