

================================================================
== Vitis HLS Report for 'feedforward_stream_Pipeline_VITIS_LOOP_49_12'
================================================================
* Date:           Sat Jun 14 16:46:19 2025

* Version:        2024.2 (Build 5238294 on Nov  8 2024)
* Project:        bnn_hls
* Solution:       hls (Vivado IP Flow Target)
* Product family: zynq
* Target device:  xc7z020-clg400-1


================================================================
== Performance Estimates
================================================================
+ Timing: 
    * Summary: 
    +--------+----------+----------+------------+
    |  Clock |  Target  | Estimated| Uncertainty|
    +--------+----------+----------+------------+
    |ap_clk  |  10.00 ns|  6.990 ns|     2.70 ns|
    +--------+----------+----------+------------+

+ Latency: 
    * Summary: 
    +---------+---------+----------+----------+-----+-----+------------------------------------------------+
    |  Latency (cycles) |  Latency (absolute) |  Interval |                    Pipeline                    |
    |   min   |   max   |    min   |    max   | min | max |                      Type                      |
    +---------+---------+----------+----------+-----+-----+------------------------------------------------+
    |       13|       13|  0.130 us|  0.130 us|   11|   11|  loop auto-rewind stp (delay=0 clock cycles(s))|
    +---------+---------+----------+----------+-----+-----+------------------------------------------------+

    + Detail: 
        * Instance: 
        N/A

        * Loop: 
        +-------------------+---------+---------+----------+-----------+-----------+------+----------+
        |                   |  Latency (cycles) | Iteration|  Initiation Interval  | Trip |          |
        |     Loop Name     |   min   |   max   |  Latency |  achieved |   target  | Count| Pipelined|
        +-------------------+---------+---------+----------+-----------+-----------+------+----------+
        |- VITIS_LOOP_49_1  |       11|       11|         3|          1|          1|    10|       yes|
        +-------------------+---------+---------+----------+-----------+-----------+------+----------+



================================================================
== Utilization Estimates
================================================================
* Summary: 
+-----------------+---------+-----+--------+-------+-----+
|       Name      | BRAM_18K| DSP |   FF   |  LUT  | URAM|
+-----------------+---------+-----+--------+-------+-----+
|DSP              |        -|    -|       -|      -|    -|
|Expression       |        -|    -|       0|   3218|    -|
|FIFO             |        -|    -|       -|      -|    -|
|Instance         |        -|    -|       -|      -|    -|
|Memory           |        -|    -|       -|      -|    -|
|Multiplexer      |        -|    -|       0|     36|    -|
|Register         |        -|    -|      72|      -|    -|
+-----------------+---------+-----+--------+-------+-----+
|Total            |        0|    0|      72|   3254|    0|
+-----------------+---------+-----+--------+-------+-----+
|Available        |      280|  220|  106400|  53200|    0|
+-----------------+---------+-----+--------+-------+-----+
|Utilization (%)  |        0|    0|      ~0|      6|    0|
+-----------------+---------+-----+--------+-------+-----+

+ Detail: 
    * Instance: 
    N/A

    * DSP: 
    N/A

    * Memory: 
    N/A

    * FIFO: 
    N/A

    * Expression: 
    +-------------------------+----------+----+---+----+------------+------------+
    |      Variable Name      | Operation| DSP| FF| LUT| Bitwidth P0| Bitwidth P1|
    +-------------------------+----------+----+---+----+------------+------------+
    |add_ln49_fu_571_p2       |         +|   0|  0|  13|           4|           1|
    |add_ln54_10_fu_1295_p2   |         +|   0|  0|  10|           2|           2|
    |add_ln54_11_fu_1305_p2   |         +|   0|  0|  10|           2|           2|
    |add_ln54_12_fu_1315_p2   |         +|   0|  0|  11|           3|           3|
    |add_ln54_13_fu_1660_p2   |         +|   0|  0|  13|           4|           4|
    |add_ln54_14_fu_1670_p2   |         +|   0|  0|  13|           5|           5|
    |add_ln54_15_fu_1321_p2   |         +|   0|  0|  10|           2|           2|
    |add_ln54_16_fu_1331_p2   |         +|   0|  0|  10|           2|           2|
    |add_ln54_17_fu_1341_p2   |         +|   0|  0|  11|           3|           3|
    |add_ln54_18_fu_1347_p2   |         +|   0|  0|  10|           2|           2|
    |add_ln54_19_fu_1357_p2   |         +|   0|  0|  10|           2|           2|
    |add_ln54_1_fu_1227_p2    |         +|   0|  0|  10|           2|           2|
    |add_ln54_20_fu_1367_p2   |         +|   0|  0|  11|           3|           3|
    |add_ln54_21_fu_1686_p2   |         +|   0|  0|  13|           4|           4|
    |add_ln54_22_fu_1373_p2   |         +|   0|  0|  10|           2|           2|
    |add_ln54_23_fu_1383_p2   |         +|   0|  0|  10|           2|           2|
    |add_ln54_24_fu_1393_p2   |         +|   0|  0|  11|           3|           3|
    |add_ln54_25_fu_1399_p2   |         +|   0|  0|  10|           2|           2|
    |add_ln54_26_fu_1409_p2   |         +|   0|  0|  10|           2|           2|
    |add_ln54_27_fu_1419_p2   |         +|   0|  0|  11|           3|           3|
    |add_ln54_28_fu_1702_p2   |         +|   0|  0|  13|           4|           4|
    |add_ln54_29_fu_1712_p2   |         +|   0|  0|  13|           5|           5|
    |add_ln54_2_fu_1237_p2    |         +|   0|  0|  11|           3|           3|
    |add_ln54_30_fu_1722_p2   |         +|   0|  0|  14|           6|           6|
    |add_ln54_31_fu_1425_p2   |         +|   0|  0|  10|           2|           2|
    |add_ln54_32_fu_1435_p2   |         +|   0|  0|  10|           2|           2|
    |add_ln54_33_fu_1445_p2   |         +|   0|  0|  11|           3|           3|
    |add_ln54_34_fu_1451_p2   |         +|   0|  0|  10|           2|           2|
    |add_ln54_35_fu_1461_p2   |         +|   0|  0|  10|           2|           2|
    |add_ln54_36_fu_1471_p2   |         +|   0|  0|  11|           3|           3|
    |add_ln54_37_fu_1738_p2   |         +|   0|  0|  13|           4|           4|
    |add_ln54_38_fu_1477_p2   |         +|   0|  0|  10|           2|           2|
    |add_ln54_39_fu_1487_p2   |         +|   0|  0|  10|           2|           2|
    |add_ln54_3_fu_1243_p2    |         +|   0|  0|  10|           2|           2|
    |add_ln54_40_fu_1497_p2   |         +|   0|  0|  11|           3|           3|
    |add_ln54_41_fu_1503_p2   |         +|   0|  0|  10|           2|           2|
    |add_ln54_42_fu_1513_p2   |         +|   0|  0|  10|           2|           2|
    |add_ln54_43_fu_1523_p2   |         +|   0|  0|  11|           3|           3|
    |add_ln54_44_fu_1754_p2   |         +|   0|  0|  13|           4|           4|
    |add_ln54_45_fu_1764_p2   |         +|   0|  0|  13|           5|           5|
    |add_ln54_46_fu_1529_p2   |         +|   0|  0|  10|           2|           2|
    |add_ln54_47_fu_1539_p2   |         +|   0|  0|  10|           2|           2|
    |add_ln54_48_fu_1549_p2   |         +|   0|  0|  11|           3|           3|
    |add_ln54_49_fu_1555_p2   |         +|   0|  0|  10|           2|           2|
    |add_ln54_4_fu_1253_p2    |         +|   0|  0|  10|           2|           2|
    |add_ln54_50_fu_1565_p2   |         +|   0|  0|  10|           2|           2|
    |add_ln54_51_fu_1575_p2   |         +|   0|  0|  11|           3|           3|
    |add_ln54_52_fu_1780_p2   |         +|   0|  0|  13|           4|           4|
    |add_ln54_53_fu_1581_p2   |         +|   0|  0|  10|           2|           2|
    |add_ln54_54_fu_1591_p2   |         +|   0|  0|  10|           2|           2|
    |add_ln54_55_fu_1601_p2   |         +|   0|  0|  11|           3|           3|
    |add_ln54_56_fu_1607_p2   |         +|   0|  0|  10|           2|           2|
    |add_ln54_57_fu_1617_p2   |         +|   0|  0|  10|           2|           2|
    |add_ln54_58_fu_1627_p2   |         +|   0|  0|  11|           3|           3|
    |add_ln54_59_fu_1796_p2   |         +|   0|  0|  13|           4|           4|
    |add_ln54_5_fu_1263_p2    |         +|   0|  0|  11|           3|           3|
    |add_ln54_60_fu_1806_p2   |         +|   0|  0|  13|           5|           5|
    |add_ln54_61_fu_1816_p2   |         +|   0|  0|  14|           6|           6|
    |add_ln54_6_fu_1644_p2    |         +|   0|  0|  13|           4|           4|
    |add_ln54_7_fu_1269_p2    |         +|   0|  0|  10|           2|           2|
    |add_ln54_8_fu_1279_p2    |         +|   0|  0|  10|           2|           2|
    |add_ln54_9_fu_1289_p2    |         +|   0|  0|  11|           3|           3|
    |add_ln54_fu_1217_p2      |         +|   0|  0|  10|           2|           2|
    |cnt_1_fu_1826_p2         |         +|   0|  0|  14|           7|           7|
    |cnt_fu_577_p2            |      icmp|   0|  0|  39|          32|           1|
    |icmp_ln23_10_fu_687_p2   |      icmp|   0|  0|  39|          32|           1|
    |icmp_ln23_11_fu_697_p2   |      icmp|   0|  0|  39|          32|           1|
    |icmp_ln23_12_fu_707_p2   |      icmp|   0|  0|  39|          32|           1|
    |icmp_ln23_13_fu_717_p2   |      icmp|   0|  0|  39|          32|           1|
    |icmp_ln23_14_fu_727_p2   |      icmp|   0|  0|  39|          32|           1|
    |icmp_ln23_15_fu_737_p2   |      icmp|   0|  0|  39|          32|           1|
    |icmp_ln23_16_fu_747_p2   |      icmp|   0|  0|  39|          32|           1|
    |icmp_ln23_17_fu_757_p2   |      icmp|   0|  0|  39|          32|           1|
    |icmp_ln23_18_fu_767_p2   |      icmp|   0|  0|  39|          32|           1|
    |icmp_ln23_19_fu_777_p2   |      icmp|   0|  0|  39|          32|           1|
    |icmp_ln23_1_fu_597_p2    |      icmp|   0|  0|  39|          32|           1|
    |icmp_ln23_20_fu_787_p2   |      icmp|   0|  0|  39|          32|           1|
    |icmp_ln23_21_fu_797_p2   |      icmp|   0|  0|  39|          32|           1|
    |icmp_ln23_22_fu_807_p2   |      icmp|   0|  0|  39|          32|           1|
    |icmp_ln23_23_fu_817_p2   |      icmp|   0|  0|  39|          32|           1|
    |icmp_ln23_24_fu_827_p2   |      icmp|   0|  0|  39|          32|           1|
    |icmp_ln23_25_fu_837_p2   |      icmp|   0|  0|  39|          32|           1|
    |icmp_ln23_26_fu_847_p2   |      icmp|   0|  0|  39|          32|           1|
    |icmp_ln23_27_fu_857_p2   |      icmp|   0|  0|  39|          32|           1|
    |icmp_ln23_28_fu_867_p2   |      icmp|   0|  0|  39|          32|           1|
    |icmp_ln23_29_fu_877_p2   |      icmp|   0|  0|  39|          32|           1|
    |icmp_ln23_2_fu_607_p2    |      icmp|   0|  0|  39|          32|           1|
    |icmp_ln23_30_fu_887_p2   |      icmp|   0|  0|  39|          32|           1|
    |icmp_ln23_31_fu_897_p2   |      icmp|   0|  0|  39|          32|           1|
    |icmp_ln23_32_fu_907_p2   |      icmp|   0|  0|  39|          32|           1|
    |icmp_ln23_33_fu_917_p2   |      icmp|   0|  0|  39|          32|           1|
    |icmp_ln23_34_fu_927_p2   |      icmp|   0|  0|  39|          32|           1|
    |icmp_ln23_35_fu_937_p2   |      icmp|   0|  0|  39|          32|           1|
    |icmp_ln23_36_fu_947_p2   |      icmp|   0|  0|  39|          32|           1|
    |icmp_ln23_37_fu_957_p2   |      icmp|   0|  0|  39|          32|           1|
    |icmp_ln23_38_fu_967_p2   |      icmp|   0|  0|  39|          32|           1|
    |icmp_ln23_39_fu_977_p2   |      icmp|   0|  0|  39|          32|           1|
    |icmp_ln23_3_fu_617_p2    |      icmp|   0|  0|  39|          32|           1|
    |icmp_ln23_40_fu_987_p2   |      icmp|   0|  0|  39|          32|           1|
    |icmp_ln23_41_fu_997_p2   |      icmp|   0|  0|  39|          32|           1|
    |icmp_ln23_42_fu_1007_p2  |      icmp|   0|  0|  39|          32|           1|
    |icmp_ln23_43_fu_1017_p2  |      icmp|   0|  0|  39|          32|           1|
    |icmp_ln23_44_fu_1027_p2  |      icmp|   0|  0|  39|          32|           1|
    |icmp_ln23_45_fu_1037_p2  |      icmp|   0|  0|  39|          32|           1|
    |icmp_ln23_46_fu_1047_p2  |      icmp|   0|  0|  39|          32|           1|
    |icmp_ln23_47_fu_1057_p2  |      icmp|   0|  0|  39|          32|           1|
    |icmp_ln23_48_fu_1067_p2  |      icmp|   0|  0|  39|          32|           1|
    |icmp_ln23_49_fu_1077_p2  |      icmp|   0|  0|  39|          32|           1|
    |icmp_ln23_4_fu_627_p2    |      icmp|   0|  0|  39|          32|           1|
    |icmp_ln23_50_fu_1087_p2  |      icmp|   0|  0|  39|          32|           1|
    |icmp_ln23_51_fu_1097_p2  |      icmp|   0|  0|  39|          32|           1|
    |icmp_ln23_52_fu_1107_p2  |      icmp|   0|  0|  39|          32|           1|
    |icmp_ln23_53_fu_1117_p2  |      icmp|   0|  0|  39|          32|           1|
    |icmp_ln23_54_fu_1127_p2  |      icmp|   0|  0|  39|          32|           1|
    |icmp_ln23_55_fu_1137_p2  |      icmp|   0|  0|  39|          32|           1|
    |icmp_ln23_56_fu_1147_p2  |      icmp|   0|  0|  39|          32|           1|
    |icmp_ln23_57_fu_1157_p2  |      icmp|   0|  0|  39|          32|           1|
    |icmp_ln23_58_fu_1167_p2  |      icmp|   0|  0|  39|          32|           1|
    |icmp_ln23_59_fu_1177_p2  |      icmp|   0|  0|  39|          32|           1|
    |icmp_ln23_5_fu_637_p2    |      icmp|   0|  0|  39|          32|           1|
    |icmp_ln23_60_fu_1187_p2  |      icmp|   0|  0|  39|          32|           1|
    |icmp_ln23_61_fu_1197_p2  |      icmp|   0|  0|  39|          32|           1|
    |icmp_ln23_62_fu_1207_p2  |      icmp|   0|  0|  39|          32|           1|
    |icmp_ln23_6_fu_647_p2    |      icmp|   0|  0|  39|          32|           1|
    |icmp_ln23_7_fu_657_p2    |      icmp|   0|  0|  39|          32|           1|
    |icmp_ln23_8_fu_667_p2    |      icmp|   0|  0|  39|          32|           1|
    |icmp_ln23_9_fu_677_p2    |      icmp|   0|  0|  39|          32|           1|
    |icmp_ln23_fu_587_p2      |      icmp|   0|  0|  39|          32|           1|
    |icmp_ln49_fu_565_p2      |      icmp|   0|  0|  13|           4|           4|
    |ap_enable_pp0            |       xor|   0|  0|   2|           1|           2|
    +-------------------------+----------+----+---+----+------------+------------+
    |Total                    |          |   0|  0|3218|        2240|         254|
    +-------------------------+----------+----+---+----+------------+------------+

    * Multiplexer: 
    +-------------------------+----+-----------+-----+-----------+
    |           Name          | LUT| Input Size| Bits| Total Bits|
    +-------------------------+----+-----------+-----+-----------+
    |ap_done_int              |   9|          2|    1|          2|
    |ap_enable_reg_pp0_iter1  |   9|          2|    1|          2|
    |ap_sig_allocacmp_x_1     |   9|          2|    4|          8|
    |x_fu_156                 |   9|          2|    4|          8|
    +-------------------------+----+-----------+-----+-----------+
    |Total                    |  36|          8|   10|         20|
    +-------------------------+----+-----------+-----+-----------+

    * Register: 
    +----------------------------------+---+----+-----+-----------+
    |               Name               | FF| LUT| Bits| Const Bits|
    +----------------------------------+---+----+-----+-----------+
    |add_ln54_12_reg_1871              |  3|   0|    3|          0|
    |add_ln54_17_reg_1876              |  3|   0|    3|          0|
    |add_ln54_20_reg_1881              |  3|   0|    3|          0|
    |add_ln54_24_reg_1886              |  3|   0|    3|          0|
    |add_ln54_27_reg_1891              |  3|   0|    3|          0|
    |add_ln54_2_reg_1856               |  3|   0|    3|          0|
    |add_ln54_33_reg_1896              |  3|   0|    3|          0|
    |add_ln54_36_reg_1901              |  3|   0|    3|          0|
    |add_ln54_40_reg_1906              |  3|   0|    3|          0|
    |add_ln54_43_reg_1911              |  3|   0|    3|          0|
    |add_ln54_48_reg_1916              |  3|   0|    3|          0|
    |add_ln54_51_reg_1921              |  3|   0|    3|          0|
    |add_ln54_55_reg_1926              |  3|   0|    3|          0|
    |add_ln54_58_reg_1931              |  3|   0|    3|          0|
    |add_ln54_5_reg_1861               |  3|   0|    3|          0|
    |add_ln54_9_reg_1866               |  3|   0|    3|          0|
    |ap_CS_fsm                         |  1|   0|    1|          0|
    |ap_done_reg                       |  1|   0|    1|          0|
    |ap_enable_reg_pp0_iter1           |  1|   0|    1|          0|
    |ap_enable_reg_pp0_iter2           |  1|   0|    1|          0|
    |ap_loop_exit_ready_pp0_iter1_reg  |  1|   0|    1|          0|
    |cnt_1_reg_1936                    |  7|   0|    7|          0|
    |x_1_reg_1847                      |  4|   0|    4|          0|
    |x_1_reg_1847_pp0_iter1_reg        |  4|   0|    4|          0|
    |x_fu_156                          |  4|   0|    4|          0|
    +----------------------------------+---+----+-----+-----------+
    |Total                             | 72|   0|   72|          0|
    +----------------------------------+---+----+-----+-----------+



================================================================
== Interface
================================================================
* Summary: 
+-----------------------------+-----+-----+------------+----------------------------------------------+--------------+
|          RTL Ports          | Dir | Bits|  Protocol  |                 Source Object                |    C Type    |
+-----------------------------+-----+-----+------------+----------------------------------------------+--------------+
|ap_clk                       |   in|    1|  ap_ctrl_hs|  feedforward_stream_Pipeline_VITIS_LOOP_49_12|  return value|
|ap_rst                       |   in|    1|  ap_ctrl_hs|  feedforward_stream_Pipeline_VITIS_LOOP_49_12|  return value|
|ap_start                     |   in|    1|  ap_ctrl_hs|  feedforward_stream_Pipeline_VITIS_LOOP_49_12|  return value|
|ap_done                      |  out|    1|  ap_ctrl_hs|  feedforward_stream_Pipeline_VITIS_LOOP_49_12|  return value|
|ap_idle                      |  out|    1|  ap_ctrl_hs|  feedforward_stream_Pipeline_VITIS_LOOP_49_12|  return value|
|ap_ready                     |  out|    1|  ap_ctrl_hs|  feedforward_stream_Pipeline_VITIS_LOOP_49_12|  return value|
|layer2_quant_reload          |   in|   32|     ap_none|                           layer2_quant_reload|        scalar|
|layer2_quant_1_reload        |   in|   32|     ap_none|                         layer2_quant_1_reload|        scalar|
|layer2_quant_2_reload        |   in|   32|     ap_none|                         layer2_quant_2_reload|        scalar|
|layer2_quant_3_reload        |   in|   32|     ap_none|                         layer2_quant_3_reload|        scalar|
|layer2_quant_4_reload        |   in|   32|     ap_none|                         layer2_quant_4_reload|        scalar|
|layer2_quant_5_reload        |   in|   32|     ap_none|                         layer2_quant_5_reload|        scalar|
|layer2_quant_6_reload        |   in|   32|     ap_none|                         layer2_quant_6_reload|        scalar|
|layer2_quant_7_reload        |   in|   32|     ap_none|                         layer2_quant_7_reload|        scalar|
|layer2_quant_8_reload        |   in|   32|     ap_none|                         layer2_quant_8_reload|        scalar|
|layer2_quant_9_reload        |   in|   32|     ap_none|                         layer2_quant_9_reload|        scalar|
|layer2_quant_10_reload       |   in|   32|     ap_none|                        layer2_quant_10_reload|        scalar|
|layer2_quant_11_reload       |   in|   32|     ap_none|                        layer2_quant_11_reload|        scalar|
|layer2_quant_12_reload       |   in|   32|     ap_none|                        layer2_quant_12_reload|        scalar|
|layer2_quant_13_reload       |   in|   32|     ap_none|                        layer2_quant_13_reload|        scalar|
|layer2_quant_14_reload       |   in|   32|     ap_none|                        layer2_quant_14_reload|        scalar|
|layer2_quant_15_reload       |   in|   32|     ap_none|                        layer2_quant_15_reload|        scalar|
|layer2_quant_16_reload       |   in|   32|     ap_none|                        layer2_quant_16_reload|        scalar|
|layer2_quant_17_reload       |   in|   32|     ap_none|                        layer2_quant_17_reload|        scalar|
|layer2_quant_18_reload       |   in|   32|     ap_none|                        layer2_quant_18_reload|        scalar|
|layer2_quant_19_reload       |   in|   32|     ap_none|                        layer2_quant_19_reload|        scalar|
|layer2_quant_20_reload       |   in|   32|     ap_none|                        layer2_quant_20_reload|        scalar|
|layer2_quant_21_reload       |   in|   32|     ap_none|                        layer2_quant_21_reload|        scalar|
|layer2_quant_22_reload       |   in|   32|     ap_none|                        layer2_quant_22_reload|        scalar|
|layer2_quant_23_reload       |   in|   32|     ap_none|                        layer2_quant_23_reload|        scalar|
|layer2_quant_24_reload       |   in|   32|     ap_none|                        layer2_quant_24_reload|        scalar|
|layer2_quant_25_reload       |   in|   32|     ap_none|                        layer2_quant_25_reload|        scalar|
|layer2_quant_26_reload       |   in|   32|     ap_none|                        layer2_quant_26_reload|        scalar|
|layer2_quant_27_reload       |   in|   32|     ap_none|                        layer2_quant_27_reload|        scalar|
|layer2_quant_28_reload       |   in|   32|     ap_none|                        layer2_quant_28_reload|        scalar|
|layer2_quant_29_reload       |   in|   32|     ap_none|                        layer2_quant_29_reload|        scalar|
|layer2_quant_30_reload       |   in|   32|     ap_none|                        layer2_quant_30_reload|        scalar|
|layer2_quant_31_reload       |   in|   32|     ap_none|                        layer2_quant_31_reload|        scalar|
|layer2_quant_32_reload       |   in|   32|     ap_none|                        layer2_quant_32_reload|        scalar|
|layer2_quant_33_reload       |   in|   32|     ap_none|                        layer2_quant_33_reload|        scalar|
|layer2_quant_34_reload       |   in|   32|     ap_none|                        layer2_quant_34_reload|        scalar|
|layer2_quant_35_reload       |   in|   32|     ap_none|                        layer2_quant_35_reload|        scalar|
|layer2_quant_36_reload       |   in|   32|     ap_none|                        layer2_quant_36_reload|        scalar|
|layer2_quant_37_reload       |   in|   32|     ap_none|                        layer2_quant_37_reload|        scalar|
|layer2_quant_38_reload       |   in|   32|     ap_none|                        layer2_quant_38_reload|        scalar|
|layer2_quant_39_reload       |   in|   32|     ap_none|                        layer2_quant_39_reload|        scalar|
|layer2_quant_40_reload       |   in|   32|     ap_none|                        layer2_quant_40_reload|        scalar|
|layer2_quant_41_reload       |   in|   32|     ap_none|                        layer2_quant_41_reload|        scalar|
|layer2_quant_42_reload       |   in|   32|     ap_none|                        layer2_quant_42_reload|        scalar|
|layer2_quant_43_reload       |   in|   32|     ap_none|                        layer2_quant_43_reload|        scalar|
|layer2_quant_44_reload       |   in|   32|     ap_none|                        layer2_quant_44_reload|        scalar|
|layer2_quant_45_reload       |   in|   32|     ap_none|                        layer2_quant_45_reload|        scalar|
|layer2_quant_46_reload       |   in|   32|     ap_none|                        layer2_quant_46_reload|        scalar|
|layer2_quant_47_reload       |   in|   32|     ap_none|                        layer2_quant_47_reload|        scalar|
|layer2_quant_48_reload       |   in|   32|     ap_none|                        layer2_quant_48_reload|        scalar|
|layer2_quant_49_reload       |   in|   32|     ap_none|                        layer2_quant_49_reload|        scalar|
|layer2_quant_50_reload       |   in|   32|     ap_none|                        layer2_quant_50_reload|        scalar|
|layer2_quant_51_reload       |   in|   32|     ap_none|                        layer2_quant_51_reload|        scalar|
|layer2_quant_52_reload       |   in|   32|     ap_none|                        layer2_quant_52_reload|        scalar|
|layer2_quant_53_reload       |   in|   32|     ap_none|                        layer2_quant_53_reload|        scalar|
|layer2_quant_54_reload       |   in|   32|     ap_none|                        layer2_quant_54_reload|        scalar|
|layer2_quant_55_reload       |   in|   32|     ap_none|                        layer2_quant_55_reload|        scalar|
|layer2_quant_56_reload       |   in|   32|     ap_none|                        layer2_quant_56_reload|        scalar|
|layer2_quant_57_reload       |   in|   32|     ap_none|                        layer2_quant_57_reload|        scalar|
|layer2_quant_58_reload       |   in|   32|     ap_none|                        layer2_quant_58_reload|        scalar|
|layer2_quant_59_reload       |   in|   32|     ap_none|                        layer2_quant_59_reload|        scalar|
|layer2_quant_60_reload       |   in|   32|     ap_none|                        layer2_quant_60_reload|        scalar|
|layer2_quant_61_reload       |   in|   32|     ap_none|                        layer2_quant_61_reload|        scalar|
|layer2_quant_62_reload       |   in|   32|     ap_none|                        layer2_quant_62_reload|        scalar|
|layer2_quant_63_reload       |   in|   32|     ap_none|                        layer2_quant_63_reload|        scalar|
|layer3_activations_address0  |  out|    4|   ap_memory|                            layer3_activations|         array|
|layer3_activations_ce0       |  out|    1|   ap_memory|                            layer3_activations|         array|
|layer3_activations_we0       |  out|    1|   ap_memory|                            layer3_activations|         array|
|layer3_activations_d0        |  out|   32|   ap_memory|                            layer3_activations|         array|
+-----------------------------+-----+-----+------------+----------------------------------------------+--------------+

