

================================================================
== Vitis HLS Report for 'feedforward_Pipeline_VITIS_LOOP_46_12'
================================================================
* Date:           Sat Jun 14 08:40:42 2025

* Version:        2024.2 (Build 5238294 on Nov  8 2024)
* Project:        bnn_hls
* Solution:       hls (Vivado IP Flow Target)
* Product family: zynq
* Target device:  xc7z020-clg400-1


================================================================
== Performance Estimates
================================================================
+ Timing: 
    * Summary: 
    +--------+----------+----------+------------+
    |  Clock |  Target  | Estimated| Uncertainty|
    +--------+----------+----------+------------+
    |ap_clk  |  10.00 ns|  6.990 ns|     2.70 ns|
    +--------+----------+----------+------------+

+ Latency: 
    * Summary: 
    +---------+---------+----------+----------+-----+-----+------------------------------------------------+
    |  Latency (cycles) |  Latency (absolute) |  Interval |                    Pipeline                    |
    |   min   |   max   |    min   |    max   | min | max |                      Type                      |
    +---------+---------+----------+----------+-----+-----+------------------------------------------------+
    |       13|       13|  0.130 us|  0.130 us|   11|   11|  loop auto-rewind stp (delay=0 clock cycles(s))|
    +---------+---------+----------+----------+-----+-----+------------------------------------------------+

    + Detail: 
        * Instance: 
        N/A

        * Loop: 
        +-------------------+---------+---------+----------+-----------+-----------+------+----------+
        |                   |  Latency (cycles) | Iteration|  Initiation Interval  | Trip |          |
        |     Loop Name     |   min   |   max   |  Latency |  achieved |   target  | Count| Pipelined|
        +-------------------+---------+---------+----------+-----------+-----------+------+----------+
        |- VITIS_LOOP_46_1  |       11|       11|         3|          1|          1|    10|       yes|
        +-------------------+---------+---------+----------+-----------+-----------+------+----------+



================================================================
== Utilization Estimates
================================================================
* Summary: 
+-----------------+---------+-----+--------+-------+-----+
|       Name      | BRAM_18K| DSP |   FF   |  LUT  | URAM|
+-----------------+---------+-----+--------+-------+-----+
|DSP              |        -|    -|       -|      -|    -|
|Expression       |        -|    -|       0|   3218|    -|
|FIFO             |        -|    -|       -|      -|    -|
|Instance         |        -|    -|       -|      -|    -|
|Memory           |        -|    -|       -|      -|    -|
|Multiplexer      |        -|    -|       0|     36|    -|
|Register         |        -|    -|      72|      -|    -|
+-----------------+---------+-----+--------+-------+-----+
|Total            |        0|    0|      72|   3254|    0|
+-----------------+---------+-----+--------+-------+-----+
|Available        |      280|  220|  106400|  53200|    0|
+-----------------+---------+-----+--------+-------+-----+
|Utilization (%)  |        0|    0|      ~0|      6|    0|
+-----------------+---------+-----+--------+-------+-----+

+ Detail: 
    * Instance: 
    N/A

    * DSP: 
    N/A

    * Memory: 
    N/A

    * FIFO: 
    N/A

    * Expression: 
    +-------------------------+----------+----+---+----+------------+------------+
    |      Variable Name      | Operation| DSP| FF| LUT| Bitwidth P0| Bitwidth P1|
    +-------------------------+----------+----+---+----+------------+------------+
    |add_ln46_fu_573_p2       |         +|   0|  0|  13|           4|           1|
    |add_ln51_10_fu_1297_p2   |         +|   0|  0|  10|           2|           2|
    |add_ln51_11_fu_1307_p2   |         +|   0|  0|  10|           2|           2|
    |add_ln51_12_fu_1317_p2   |         +|   0|  0|  11|           3|           3|
    |add_ln51_13_fu_1662_p2   |         +|   0|  0|  13|           4|           4|
    |add_ln51_14_fu_1672_p2   |         +|   0|  0|  13|           5|           5|
    |add_ln51_15_fu_1323_p2   |         +|   0|  0|  10|           2|           2|
    |add_ln51_16_fu_1333_p2   |         +|   0|  0|  10|           2|           2|
    |add_ln51_17_fu_1343_p2   |         +|   0|  0|  11|           3|           3|
    |add_ln51_18_fu_1349_p2   |         +|   0|  0|  10|           2|           2|
    |add_ln51_19_fu_1359_p2   |         +|   0|  0|  10|           2|           2|
    |add_ln51_1_fu_1229_p2    |         +|   0|  0|  10|           2|           2|
    |add_ln51_20_fu_1369_p2   |         +|   0|  0|  11|           3|           3|
    |add_ln51_21_fu_1688_p2   |         +|   0|  0|  13|           4|           4|
    |add_ln51_22_fu_1375_p2   |         +|   0|  0|  10|           2|           2|
    |add_ln51_23_fu_1385_p2   |         +|   0|  0|  10|           2|           2|
    |add_ln51_24_fu_1395_p2   |         +|   0|  0|  11|           3|           3|
    |add_ln51_25_fu_1401_p2   |         +|   0|  0|  10|           2|           2|
    |add_ln51_26_fu_1411_p2   |         +|   0|  0|  10|           2|           2|
    |add_ln51_27_fu_1421_p2   |         +|   0|  0|  11|           3|           3|
    |add_ln51_28_fu_1704_p2   |         +|   0|  0|  13|           4|           4|
    |add_ln51_29_fu_1714_p2   |         +|   0|  0|  13|           5|           5|
    |add_ln51_2_fu_1239_p2    |         +|   0|  0|  11|           3|           3|
    |add_ln51_30_fu_1724_p2   |         +|   0|  0|  14|           6|           6|
    |add_ln51_31_fu_1427_p2   |         +|   0|  0|  10|           2|           2|
    |add_ln51_32_fu_1437_p2   |         +|   0|  0|  10|           2|           2|
    |add_ln51_33_fu_1447_p2   |         +|   0|  0|  11|           3|           3|
    |add_ln51_34_fu_1453_p2   |         +|   0|  0|  10|           2|           2|
    |add_ln51_35_fu_1463_p2   |         +|   0|  0|  10|           2|           2|
    |add_ln51_36_fu_1473_p2   |         +|   0|  0|  11|           3|           3|
    |add_ln51_37_fu_1740_p2   |         +|   0|  0|  13|           4|           4|
    |add_ln51_38_fu_1479_p2   |         +|   0|  0|  10|           2|           2|
    |add_ln51_39_fu_1489_p2   |         +|   0|  0|  10|           2|           2|
    |add_ln51_3_fu_1245_p2    |         +|   0|  0|  10|           2|           2|
    |add_ln51_40_fu_1499_p2   |         +|   0|  0|  11|           3|           3|
    |add_ln51_41_fu_1505_p2   |         +|   0|  0|  10|           2|           2|
    |add_ln51_42_fu_1515_p2   |         +|   0|  0|  10|           2|           2|
    |add_ln51_43_fu_1525_p2   |         +|   0|  0|  11|           3|           3|
    |add_ln51_44_fu_1756_p2   |         +|   0|  0|  13|           4|           4|
    |add_ln51_45_fu_1766_p2   |         +|   0|  0|  13|           5|           5|
    |add_ln51_46_fu_1531_p2   |         +|   0|  0|  10|           2|           2|
    |add_ln51_47_fu_1541_p2   |         +|   0|  0|  10|           2|           2|
    |add_ln51_48_fu_1551_p2   |         +|   0|  0|  11|           3|           3|
    |add_ln51_49_fu_1557_p2   |         +|   0|  0|  10|           2|           2|
    |add_ln51_4_fu_1255_p2    |         +|   0|  0|  10|           2|           2|
    |add_ln51_50_fu_1567_p2   |         +|   0|  0|  10|           2|           2|
    |add_ln51_51_fu_1577_p2   |         +|   0|  0|  11|           3|           3|
    |add_ln51_52_fu_1782_p2   |         +|   0|  0|  13|           4|           4|
    |add_ln51_53_fu_1583_p2   |         +|   0|  0|  10|           2|           2|
    |add_ln51_54_fu_1593_p2   |         +|   0|  0|  10|           2|           2|
    |add_ln51_55_fu_1603_p2   |         +|   0|  0|  11|           3|           3|
    |add_ln51_56_fu_1609_p2   |         +|   0|  0|  10|           2|           2|
    |add_ln51_57_fu_1619_p2   |         +|   0|  0|  10|           2|           2|
    |add_ln51_58_fu_1629_p2   |         +|   0|  0|  11|           3|           3|
    |add_ln51_59_fu_1798_p2   |         +|   0|  0|  13|           4|           4|
    |add_ln51_5_fu_1265_p2    |         +|   0|  0|  11|           3|           3|
    |add_ln51_60_fu_1808_p2   |         +|   0|  0|  13|           5|           5|
    |add_ln51_61_fu_1818_p2   |         +|   0|  0|  14|           6|           6|
    |add_ln51_6_fu_1646_p2    |         +|   0|  0|  13|           4|           4|
    |add_ln51_7_fu_1271_p2    |         +|   0|  0|  10|           2|           2|
    |add_ln51_8_fu_1281_p2    |         +|   0|  0|  10|           2|           2|
    |add_ln51_9_fu_1291_p2    |         +|   0|  0|  11|           3|           3|
    |add_ln51_fu_1219_p2      |         +|   0|  0|  10|           2|           2|
    |cnt_1_fu_1828_p2         |         +|   0|  0|  14|           7|           7|
    |cnt_fu_579_p2            |      icmp|   0|  0|  39|          32|           1|
    |icmp_ln20_10_fu_689_p2   |      icmp|   0|  0|  39|          32|           1|
    |icmp_ln20_11_fu_699_p2   |      icmp|   0|  0|  39|          32|           1|
    |icmp_ln20_12_fu_709_p2   |      icmp|   0|  0|  39|          32|           1|
    |icmp_ln20_13_fu_719_p2   |      icmp|   0|  0|  39|          32|           1|
    |icmp_ln20_14_fu_729_p2   |      icmp|   0|  0|  39|          32|           1|
    |icmp_ln20_15_fu_739_p2   |      icmp|   0|  0|  39|          32|           1|
    |icmp_ln20_16_fu_749_p2   |      icmp|   0|  0|  39|          32|           1|
    |icmp_ln20_17_fu_759_p2   |      icmp|   0|  0|  39|          32|           1|
    |icmp_ln20_18_fu_769_p2   |      icmp|   0|  0|  39|          32|           1|
    |icmp_ln20_19_fu_779_p2   |      icmp|   0|  0|  39|          32|           1|
    |icmp_ln20_1_fu_599_p2    |      icmp|   0|  0|  39|          32|           1|
    |icmp_ln20_20_fu_789_p2   |      icmp|   0|  0|  39|          32|           1|
    |icmp_ln20_21_fu_799_p2   |      icmp|   0|  0|  39|          32|           1|
    |icmp_ln20_22_fu_809_p2   |      icmp|   0|  0|  39|          32|           1|
    |icmp_ln20_23_fu_819_p2   |      icmp|   0|  0|  39|          32|           1|
    |icmp_ln20_24_fu_829_p2   |      icmp|   0|  0|  39|          32|           1|
    |icmp_ln20_25_fu_839_p2   |      icmp|   0|  0|  39|          32|           1|
    |icmp_ln20_26_fu_849_p2   |      icmp|   0|  0|  39|          32|           1|
    |icmp_ln20_27_fu_859_p2   |      icmp|   0|  0|  39|          32|           1|
    |icmp_ln20_28_fu_869_p2   |      icmp|   0|  0|  39|          32|           1|
    |icmp_ln20_29_fu_879_p2   |      icmp|   0|  0|  39|          32|           1|
    |icmp_ln20_2_fu_609_p2    |      icmp|   0|  0|  39|          32|           1|
    |icmp_ln20_30_fu_889_p2   |      icmp|   0|  0|  39|          32|           1|
    |icmp_ln20_31_fu_899_p2   |      icmp|   0|  0|  39|          32|           1|
    |icmp_ln20_32_fu_909_p2   |      icmp|   0|  0|  39|          32|           1|
    |icmp_ln20_33_fu_919_p2   |      icmp|   0|  0|  39|          32|           1|
    |icmp_ln20_34_fu_929_p2   |      icmp|   0|  0|  39|          32|           1|
    |icmp_ln20_35_fu_939_p2   |      icmp|   0|  0|  39|          32|           1|
    |icmp_ln20_36_fu_949_p2   |      icmp|   0|  0|  39|          32|           1|
    |icmp_ln20_37_fu_959_p2   |      icmp|   0|  0|  39|          32|           1|
    |icmp_ln20_38_fu_969_p2   |      icmp|   0|  0|  39|          32|           1|
    |icmp_ln20_39_fu_979_p2   |      icmp|   0|  0|  39|          32|           1|
    |icmp_ln20_3_fu_619_p2    |      icmp|   0|  0|  39|          32|           1|
    |icmp_ln20_40_fu_989_p2   |      icmp|   0|  0|  39|          32|           1|
    |icmp_ln20_41_fu_999_p2   |      icmp|   0|  0|  39|          32|           1|
    |icmp_ln20_42_fu_1009_p2  |      icmp|   0|  0|  39|          32|           1|
    |icmp_ln20_43_fu_1019_p2  |      icmp|   0|  0|  39|          32|           1|
    |icmp_ln20_44_fu_1029_p2  |      icmp|   0|  0|  39|          32|           1|
    |icmp_ln20_45_fu_1039_p2  |      icmp|   0|  0|  39|          32|           1|
    |icmp_ln20_46_fu_1049_p2  |      icmp|   0|  0|  39|          32|           1|
    |icmp_ln20_47_fu_1059_p2  |      icmp|   0|  0|  39|          32|           1|
    |icmp_ln20_48_fu_1069_p2  |      icmp|   0|  0|  39|          32|           1|
    |icmp_ln20_49_fu_1079_p2  |      icmp|   0|  0|  39|          32|           1|
    |icmp_ln20_4_fu_629_p2    |      icmp|   0|  0|  39|          32|           1|
    |icmp_ln20_50_fu_1089_p2  |      icmp|   0|  0|  39|          32|           1|
    |icmp_ln20_51_fu_1099_p2  |      icmp|   0|  0|  39|          32|           1|
    |icmp_ln20_52_fu_1109_p2  |      icmp|   0|  0|  39|          32|           1|
    |icmp_ln20_53_fu_1119_p2  |      icmp|   0|  0|  39|          32|           1|
    |icmp_ln20_54_fu_1129_p2  |      icmp|   0|  0|  39|          32|           1|
    |icmp_ln20_55_fu_1139_p2  |      icmp|   0|  0|  39|          32|           1|
    |icmp_ln20_56_fu_1149_p2  |      icmp|   0|  0|  39|          32|           1|
    |icmp_ln20_57_fu_1159_p2  |      icmp|   0|  0|  39|          32|           1|
    |icmp_ln20_58_fu_1169_p2  |      icmp|   0|  0|  39|          32|           1|
    |icmp_ln20_59_fu_1179_p2  |      icmp|   0|  0|  39|          32|           1|
    |icmp_ln20_5_fu_639_p2    |      icmp|   0|  0|  39|          32|           1|
    |icmp_ln20_60_fu_1189_p2  |      icmp|   0|  0|  39|          32|           1|
    |icmp_ln20_61_fu_1199_p2  |      icmp|   0|  0|  39|          32|           1|
    |icmp_ln20_62_fu_1209_p2  |      icmp|   0|  0|  39|          32|           1|
    |icmp_ln20_6_fu_649_p2    |      icmp|   0|  0|  39|          32|           1|
    |icmp_ln20_7_fu_659_p2    |      icmp|   0|  0|  39|          32|           1|
    |icmp_ln20_8_fu_669_p2    |      icmp|   0|  0|  39|          32|           1|
    |icmp_ln20_9_fu_679_p2    |      icmp|   0|  0|  39|          32|           1|
    |icmp_ln20_fu_589_p2      |      icmp|   0|  0|  39|          32|           1|
    |icmp_ln46_fu_567_p2      |      icmp|   0|  0|  13|           4|           4|
    |ap_enable_pp0            |       xor|   0|  0|   2|           1|           2|
    +-------------------------+----------+----+---+----+------------+------------+
    |Total                    |          |   0|  0|3218|        2240|         254|
    +-------------------------+----------+----+---+----+------------+------------+

    * Multiplexer: 
    +-------------------------+----+-----------+-----+-----------+
    |           Name          | LUT| Input Size| Bits| Total Bits|
    +-------------------------+----+-----------+-----+-----------+
    |ap_done_int              |   9|          2|    1|          2|
    |ap_enable_reg_pp0_iter1  |   9|          2|    1|          2|
    |ap_sig_allocacmp_x_1     |   9|          2|    4|          8|
    |x_fu_158                 |   9|          2|    4|          8|
    +-------------------------+----+-----------+-----+-----------+
    |Total                    |  36|          8|   10|         20|
    +-------------------------+----+-----------+-----+-----------+

    * Register: 
    +----------------------------------+---+----+-----+-----------+
    |               Name               | FF| LUT| Bits| Const Bits|
    +----------------------------------+---+----+-----+-----------+
    |add_ln51_12_reg_1873              |  3|   0|    3|          0|
    |add_ln51_17_reg_1878              |  3|   0|    3|          0|
    |add_ln51_20_reg_1883              |  3|   0|    3|          0|
    |add_ln51_24_reg_1888              |  3|   0|    3|          0|
    |add_ln51_27_reg_1893              |  3|   0|    3|          0|
    |add_ln51_2_reg_1858               |  3|   0|    3|          0|
    |add_ln51_33_reg_1898              |  3|   0|    3|          0|
    |add_ln51_36_reg_1903              |  3|   0|    3|          0|
    |add_ln51_40_reg_1908              |  3|   0|    3|          0|
    |add_ln51_43_reg_1913              |  3|   0|    3|          0|
    |add_ln51_48_reg_1918              |  3|   0|    3|          0|
    |add_ln51_51_reg_1923              |  3|   0|    3|          0|
    |add_ln51_55_reg_1928              |  3|   0|    3|          0|
    |add_ln51_58_reg_1933              |  3|   0|    3|          0|
    |add_ln51_5_reg_1863               |  3|   0|    3|          0|
    |add_ln51_9_reg_1868               |  3|   0|    3|          0|
    |ap_CS_fsm                         |  1|   0|    1|          0|
    |ap_done_reg                       |  1|   0|    1|          0|
    |ap_enable_reg_pp0_iter1           |  1|   0|    1|          0|
    |ap_enable_reg_pp0_iter2           |  1|   0|    1|          0|
    |ap_loop_exit_ready_pp0_iter1_reg  |  1|   0|    1|          0|
    |cnt_1_reg_1938                    |  7|   0|    7|          0|
    |x_1_reg_1849                      |  4|   0|    4|          0|
    |x_1_reg_1849_pp0_iter1_reg        |  4|   0|    4|          0|
    |x_fu_158                          |  4|   0|    4|          0|
    +----------------------------------+---+----+-----+-----------+
    |Total                             | 72|   0|   72|          0|
    +----------------------------------+---+----+-----+-----------+



================================================================
== Interface
================================================================
* Summary: 
+-----------------------------+-----+-----+------------+---------------------------------------+--------------+
|          RTL Ports          | Dir | Bits|  Protocol  |             Source Object             |    C Type    |
+-----------------------------+-----+-----+------------+---------------------------------------+--------------+
|ap_clk                       |   in|    1|  ap_ctrl_hs|  feedforward_Pipeline_VITIS_LOOP_46_12|  return value|
|ap_rst                       |   in|    1|  ap_ctrl_hs|  feedforward_Pipeline_VITIS_LOOP_46_12|  return value|
|ap_start                     |   in|    1|  ap_ctrl_hs|  feedforward_Pipeline_VITIS_LOOP_46_12|  return value|
|ap_done                      |  out|    1|  ap_ctrl_hs|  feedforward_Pipeline_VITIS_LOOP_46_12|  return value|
|ap_idle                      |  out|    1|  ap_ctrl_hs|  feedforward_Pipeline_VITIS_LOOP_46_12|  return value|
|ap_ready                     |  out|    1|  ap_ctrl_hs|  feedforward_Pipeline_VITIS_LOOP_46_12|  return value|
|layer2_quant_reload          |   in|   32|     ap_none|                    layer2_quant_reload|        scalar|
|layer2_quant_1_reload        |   in|   32|     ap_none|                  layer2_quant_1_reload|        scalar|
|layer2_quant_2_reload        |   in|   32|     ap_none|                  layer2_quant_2_reload|        scalar|
|layer2_quant_3_reload        |   in|   32|     ap_none|                  layer2_quant_3_reload|        scalar|
|layer2_quant_4_reload        |   in|   32|     ap_none|                  layer2_quant_4_reload|        scalar|
|layer2_quant_5_reload        |   in|   32|     ap_none|                  layer2_quant_5_reload|        scalar|
|layer2_quant_6_reload        |   in|   32|     ap_none|                  layer2_quant_6_reload|        scalar|
|layer2_quant_7_reload        |   in|   32|     ap_none|                  layer2_quant_7_reload|        scalar|
|layer2_quant_8_reload        |   in|   32|     ap_none|                  layer2_quant_8_reload|        scalar|
|layer2_quant_9_reload        |   in|   32|     ap_none|                  layer2_quant_9_reload|        scalar|
|layer2_quant_10_reload       |   in|   32|     ap_none|                 layer2_quant_10_reload|        scalar|
|layer2_quant_11_reload       |   in|   32|     ap_none|                 layer2_quant_11_reload|        scalar|
|layer2_quant_12_reload       |   in|   32|     ap_none|                 layer2_quant_12_reload|        scalar|
|layer2_quant_13_reload       |   in|   32|     ap_none|                 layer2_quant_13_reload|        scalar|
|layer2_quant_14_reload       |   in|   32|     ap_none|                 layer2_quant_14_reload|        scalar|
|layer2_quant_15_reload       |   in|   32|     ap_none|                 layer2_quant_15_reload|        scalar|
|layer2_quant_16_reload       |   in|   32|     ap_none|                 layer2_quant_16_reload|        scalar|
|layer2_quant_17_reload       |   in|   32|     ap_none|                 layer2_quant_17_reload|        scalar|
|layer2_quant_18_reload       |   in|   32|     ap_none|                 layer2_quant_18_reload|        scalar|
|layer2_quant_19_reload       |   in|   32|     ap_none|                 layer2_quant_19_reload|        scalar|
|layer2_quant_20_reload       |   in|   32|     ap_none|                 layer2_quant_20_reload|        scalar|
|layer2_quant_21_reload       |   in|   32|     ap_none|                 layer2_quant_21_reload|        scalar|
|layer2_quant_22_reload       |   in|   32|     ap_none|                 layer2_quant_22_reload|        scalar|
|layer2_quant_23_reload       |   in|   32|     ap_none|                 layer2_quant_23_reload|        scalar|
|layer2_quant_24_reload       |   in|   32|     ap_none|                 layer2_quant_24_reload|        scalar|
|layer2_quant_25_reload       |   in|   32|     ap_none|                 layer2_quant_25_reload|        scalar|
|layer2_quant_26_reload       |   in|   32|     ap_none|                 layer2_quant_26_reload|        scalar|
|layer2_quant_27_reload       |   in|   32|     ap_none|                 layer2_quant_27_reload|        scalar|
|layer2_quant_28_reload       |   in|   32|     ap_none|                 layer2_quant_28_reload|        scalar|
|layer2_quant_29_reload       |   in|   32|     ap_none|                 layer2_quant_29_reload|        scalar|
|layer2_quant_30_reload       |   in|   32|     ap_none|                 layer2_quant_30_reload|        scalar|
|layer2_quant_31_reload       |   in|   32|     ap_none|                 layer2_quant_31_reload|        scalar|
|layer2_quant_32_reload       |   in|   32|     ap_none|                 layer2_quant_32_reload|        scalar|
|layer2_quant_33_reload       |   in|   32|     ap_none|                 layer2_quant_33_reload|        scalar|
|layer2_quant_34_reload       |   in|   32|     ap_none|                 layer2_quant_34_reload|        scalar|
|layer2_quant_35_reload       |   in|   32|     ap_none|                 layer2_quant_35_reload|        scalar|
|layer2_quant_36_reload       |   in|   32|     ap_none|                 layer2_quant_36_reload|        scalar|
|layer2_quant_37_reload       |   in|   32|     ap_none|                 layer2_quant_37_reload|        scalar|
|layer2_quant_38_reload       |   in|   32|     ap_none|                 layer2_quant_38_reload|        scalar|
|layer2_quant_39_reload       |   in|   32|     ap_none|                 layer2_quant_39_reload|        scalar|
|layer2_quant_40_reload       |   in|   32|     ap_none|                 layer2_quant_40_reload|        scalar|
|layer2_quant_41_reload       |   in|   32|     ap_none|                 layer2_quant_41_reload|        scalar|
|layer2_quant_42_reload       |   in|   32|     ap_none|                 layer2_quant_42_reload|        scalar|
|layer2_quant_43_reload       |   in|   32|     ap_none|                 layer2_quant_43_reload|        scalar|
|layer2_quant_44_reload       |   in|   32|     ap_none|                 layer2_quant_44_reload|        scalar|
|layer2_quant_45_reload       |   in|   32|     ap_none|                 layer2_quant_45_reload|        scalar|
|layer2_quant_46_reload       |   in|   32|     ap_none|                 layer2_quant_46_reload|        scalar|
|layer2_quant_47_reload       |   in|   32|     ap_none|                 layer2_quant_47_reload|        scalar|
|layer2_quant_48_reload       |   in|   32|     ap_none|                 layer2_quant_48_reload|        scalar|
|layer2_quant_49_reload       |   in|   32|     ap_none|                 layer2_quant_49_reload|        scalar|
|layer2_quant_50_reload       |   in|   32|     ap_none|                 layer2_quant_50_reload|        scalar|
|layer2_quant_51_reload       |   in|   32|     ap_none|                 layer2_quant_51_reload|        scalar|
|layer2_quant_52_reload       |   in|   32|     ap_none|                 layer2_quant_52_reload|        scalar|
|layer2_quant_53_reload       |   in|   32|     ap_none|                 layer2_quant_53_reload|        scalar|
|layer2_quant_54_reload       |   in|   32|     ap_none|                 layer2_quant_54_reload|        scalar|
|layer2_quant_55_reload       |   in|   32|     ap_none|                 layer2_quant_55_reload|        scalar|
|layer2_quant_56_reload       |   in|   32|     ap_none|                 layer2_quant_56_reload|        scalar|
|layer2_quant_57_reload       |   in|   32|     ap_none|                 layer2_quant_57_reload|        scalar|
|layer2_quant_58_reload       |   in|   32|     ap_none|                 layer2_quant_58_reload|        scalar|
|layer2_quant_59_reload       |   in|   32|     ap_none|                 layer2_quant_59_reload|        scalar|
|layer2_quant_60_reload       |   in|   32|     ap_none|                 layer2_quant_60_reload|        scalar|
|layer2_quant_61_reload       |   in|   32|     ap_none|                 layer2_quant_61_reload|        scalar|
|layer2_quant_62_reload       |   in|   32|     ap_none|                 layer2_quant_62_reload|        scalar|
|layer2_quant_63_reload       |   in|   32|     ap_none|                 layer2_quant_63_reload|        scalar|
|layer3_activations_address0  |  out|    4|   ap_memory|                     layer3_activations|         array|
|layer3_activations_ce0       |  out|    1|   ap_memory|                     layer3_activations|         array|
|layer3_activations_we0       |  out|    1|   ap_memory|                     layer3_activations|         array|
|layer3_activations_d0        |  out|   32|   ap_memory|                     layer3_activations|         array|
+-----------------------------+-----+-----+------------+---------------------------------------+--------------+

