

================================================================
== Vitis HLS Report for 'feedforward_Pipeline_VITIS_LOOP_103_1'
================================================================
* Date:           Thu Jun 12 21:02:06 2025

* Version:        2024.2 (Build 5238294 on Nov  8 2024)
* Project:        bnn_hls
* Solution:       hls (Vivado IP Flow Target)
* Product family: zynq
* Target device:  xc7z020-clg400-1


================================================================
== Performance Estimates
================================================================
+ Timing: 
    * Summary: 
    +--------+----------+----------+------------+
    |  Clock |  Target  | Estimated| Uncertainty|
    +--------+----------+----------+------------+
    |ap_clk  |  10.00 ns|  5.728 ns|     2.70 ns|
    +--------+----------+----------+------------+

+ Latency: 
    * Summary: 
    +---------+---------+----------+----------+-----+-----+------------------------------------------------+
    |  Latency (cycles) |  Latency (absolute) |  Interval |                    Pipeline                    |
    |   min   |   max   |    min   |    max   | min | max |                      Type                      |
    +---------+---------+----------+----------+-----+-----+------------------------------------------------+
    |        ?|        ?|         ?|         ?|    0|    0|  loop auto-rewind stp (delay=0 clock cycles(s))|
    +---------+---------+----------+----------+-----+-----+------------------------------------------------+

    + Detail: 
        * Instance: 
        N/A

        * Loop: 
        +--------------------+---------+---------+----------+-----------+-----------+------+----------+
        |                    |  Latency (cycles) | Iteration|  Initiation Interval  | Trip |          |
        |      Loop Name     |   min   |   max   |  Latency |  achieved |   target  | Count| Pipelined|
        +--------------------+---------+---------+----------+-----------+-----------+------+----------+
        |- VITIS_LOOP_103_1  |        ?|        ?|         2|          1|          1|     ?|       yes|
        +--------------------+---------+---------+----------+-----------+-----------+------+----------+



================================================================
== Utilization Estimates
================================================================
* Summary: 
+-----------------+---------+-----+--------+-------+-----+
|       Name      | BRAM_18K| DSP |   FF   |  LUT  | URAM|
+-----------------+---------+-----+--------+-------+-----+
|DSP              |        -|    -|       -|      -|    -|
|Expression       |        -|    -|       0|     96|    -|
|FIFO             |        -|    -|       -|      -|    -|
|Instance         |        -|    -|       -|      -|    -|
|Memory           |        -|    -|       -|      -|    -|
|Multiplexer      |        -|    -|       0|     45|    -|
|Register         |        -|    -|     276|      -|    -|
+-----------------+---------+-----+--------+-------+-----+
|Total            |        0|    0|     276|    141|    0|
+-----------------+---------+-----+--------+-------+-----+
|Available        |      280|  220|  106400|  53200|    0|
+-----------------+---------+-----+--------+-------+-----+
|Utilization (%)  |        0|    0|      ~0|     ~0|    0|
+-----------------+---------+-----+--------+-------+-----+

+ Detail: 
    * Instance: 
    N/A

    * DSP: 
    N/A

    * Memory: 
    N/A

    * FIFO: 
    N/A

    * Expression: 
    +--------------------------------+----------+----+---+----+------------+------------+
    |          Variable Name         | Operation| DSP| FF| LUT| Bitwidth P0| Bitwidth P1|
    +--------------------------------+----------+----+---+----+------------+------------+
    |add_ln103_fu_3924_p2            |         +|   0|  0|  14|           9|           1|
    |ap_block_pp0_stage0_01001_grp1  |       and|   0|  0|   2|           1|           1|
    |X0_input_256_fu_3943_p2         |      icmp|   0|  0|  39|          32|           1|
    |icmp_ln103_fu_3918_p2           |      icmp|   0|  0|  39|          32|          32|
    |ap_enable_pp0                   |       xor|   0|  0|   2|           1|           2|
    +--------------------------------+----------+----+---+----+------------+------------+
    |Total                           |          |   0|  0|  96|          75|          37|
    +--------------------------------+----------+----+---+----+------------+------------+

    * Multiplexer: 
    +--------------------------+----+-----------+-----+-----------+
    |           Name           | LUT| Input Size| Bits| Total Bits|
    +--------------------------+----+-----------+-----+-----------+
    |ap_done_int               |   9|          2|    1|          2|
    |ap_enable_reg_pp0_iter1   |   9|          2|    1|          2|
    |ap_sig_allocacmp_i_4      |   9|          2|    9|         18|
    |i_fu_1068                 |   9|          2|    9|         18|
    |input_stream_TDATA_blk_n  |   9|          2|    1|          2|
    +--------------------------+----+-----------+-----+-----------+
    |Total                     |  45|         10|   21|         42|
    +--------------------------+----+-----------+-----+-----------+

    * Register: 
    +-------------------------+---+----+-----+-----------+
    |           Name          | FF| LUT| Bits| Const Bits|
    +-------------------------+---+----+-----+-----------+
    |X0_input_100_fu_1472     |  1|   0|   32|         31|
    |X0_input_101_fu_1476     |  1|   0|   32|         31|
    |X0_input_102_fu_1480     |  1|   0|   32|         31|
    |X0_input_103_fu_1484     |  1|   0|   32|         31|
    |X0_input_104_fu_1488     |  1|   0|   32|         31|
    |X0_input_105_fu_1492     |  1|   0|   32|         31|
    |X0_input_106_fu_1496     |  1|   0|   32|         31|
    |X0_input_107_fu_1500     |  1|   0|   32|         31|
    |X0_input_108_fu_1504     |  1|   0|   32|         31|
    |X0_input_109_fu_1508     |  1|   0|   32|         31|
    |X0_input_10_fu_1112      |  1|   0|   32|         31|
    |X0_input_110_fu_1512     |  1|   0|   32|         31|
    |X0_input_111_fu_1516     |  1|   0|   32|         31|
    |X0_input_112_fu_1520     |  1|   0|   32|         31|
    |X0_input_113_fu_1524     |  1|   0|   32|         31|
    |X0_input_114_fu_1528     |  1|   0|   32|         31|
    |X0_input_115_fu_1532     |  1|   0|   32|         31|
    |X0_input_116_fu_1536     |  1|   0|   32|         31|
    |X0_input_117_fu_1540     |  1|   0|   32|         31|
    |X0_input_118_fu_1544     |  1|   0|   32|         31|
    |X0_input_119_fu_1548     |  1|   0|   32|         31|
    |X0_input_11_fu_1116      |  1|   0|   32|         31|
    |X0_input_120_fu_1552     |  1|   0|   32|         31|
    |X0_input_121_fu_1556     |  1|   0|   32|         31|
    |X0_input_122_fu_1560     |  1|   0|   32|         31|
    |X0_input_123_fu_1564     |  1|   0|   32|         31|
    |X0_input_124_fu_1568     |  1|   0|   32|         31|
    |X0_input_125_fu_1572     |  1|   0|   32|         31|
    |X0_input_126_fu_1576     |  1|   0|   32|         31|
    |X0_input_127_fu_1580     |  1|   0|   32|         31|
    |X0_input_128_fu_1584     |  1|   0|   32|         31|
    |X0_input_129_fu_1588     |  1|   0|   32|         31|
    |X0_input_12_fu_1120      |  1|   0|   32|         31|
    |X0_input_130_fu_1592     |  1|   0|   32|         31|
    |X0_input_131_fu_1596     |  1|   0|   32|         31|
    |X0_input_132_fu_1600     |  1|   0|   32|         31|
    |X0_input_133_fu_1604     |  1|   0|   32|         31|
    |X0_input_134_fu_1608     |  1|   0|   32|         31|
    |X0_input_135_fu_1612     |  1|   0|   32|         31|
    |X0_input_136_fu_1616     |  1|   0|   32|         31|
    |X0_input_137_fu_1620     |  1|   0|   32|         31|
    |X0_input_138_fu_1624     |  1|   0|   32|         31|
    |X0_input_139_fu_1628     |  1|   0|   32|         31|
    |X0_input_13_fu_1124      |  1|   0|   32|         31|
    |X0_input_140_fu_1632     |  1|   0|   32|         31|
    |X0_input_141_fu_1636     |  1|   0|   32|         31|
    |X0_input_142_fu_1640     |  1|   0|   32|         31|
    |X0_input_143_fu_1644     |  1|   0|   32|         31|
    |X0_input_144_fu_1648     |  1|   0|   32|         31|
    |X0_input_145_fu_1652     |  1|   0|   32|         31|
    |X0_input_146_fu_1656     |  1|   0|   32|         31|
    |X0_input_147_fu_1660     |  1|   0|   32|         31|
    |X0_input_148_fu_1664     |  1|   0|   32|         31|
    |X0_input_149_fu_1668     |  1|   0|   32|         31|
    |X0_input_14_fu_1128      |  1|   0|   32|         31|
    |X0_input_150_fu_1672     |  1|   0|   32|         31|
    |X0_input_151_fu_1676     |  1|   0|   32|         31|
    |X0_input_152_fu_1680     |  1|   0|   32|         31|
    |X0_input_153_fu_1684     |  1|   0|   32|         31|
    |X0_input_154_fu_1688     |  1|   0|   32|         31|
    |X0_input_155_fu_1692     |  1|   0|   32|         31|
    |X0_input_156_fu_1696     |  1|   0|   32|         31|
    |X0_input_157_fu_1700     |  1|   0|   32|         31|
    |X0_input_158_fu_1704     |  1|   0|   32|         31|
    |X0_input_159_fu_1708     |  1|   0|   32|         31|
    |X0_input_15_fu_1132      |  1|   0|   32|         31|
    |X0_input_160_fu_1712     |  1|   0|   32|         31|
    |X0_input_161_fu_1716     |  1|   0|   32|         31|
    |X0_input_162_fu_1720     |  1|   0|   32|         31|
    |X0_input_163_fu_1724     |  1|   0|   32|         31|
    |X0_input_164_fu_1728     |  1|   0|   32|         31|
    |X0_input_165_fu_1732     |  1|   0|   32|         31|
    |X0_input_166_fu_1736     |  1|   0|   32|         31|
    |X0_input_167_fu_1740     |  1|   0|   32|         31|
    |X0_input_168_fu_1744     |  1|   0|   32|         31|
    |X0_input_169_fu_1748     |  1|   0|   32|         31|
    |X0_input_16_fu_1136      |  1|   0|   32|         31|
    |X0_input_170_fu_1752     |  1|   0|   32|         31|
    |X0_input_171_fu_1756     |  1|   0|   32|         31|
    |X0_input_172_fu_1760     |  1|   0|   32|         31|
    |X0_input_173_fu_1764     |  1|   0|   32|         31|
    |X0_input_174_fu_1768     |  1|   0|   32|         31|
    |X0_input_175_fu_1772     |  1|   0|   32|         31|
    |X0_input_176_fu_1776     |  1|   0|   32|         31|
    |X0_input_177_fu_1780     |  1|   0|   32|         31|
    |X0_input_178_fu_1784     |  1|   0|   32|         31|
    |X0_input_179_fu_1788     |  1|   0|   32|         31|
    |X0_input_17_fu_1140      |  1|   0|   32|         31|
    |X0_input_180_fu_1792     |  1|   0|   32|         31|
    |X0_input_181_fu_1796     |  1|   0|   32|         31|
    |X0_input_182_fu_1800     |  1|   0|   32|         31|
    |X0_input_183_fu_1804     |  1|   0|   32|         31|
    |X0_input_184_fu_1808     |  1|   0|   32|         31|
    |X0_input_185_fu_1812     |  1|   0|   32|         31|
    |X0_input_186_fu_1816     |  1|   0|   32|         31|
    |X0_input_187_fu_1820     |  1|   0|   32|         31|
    |X0_input_188_fu_1824     |  1|   0|   32|         31|
    |X0_input_189_fu_1828     |  1|   0|   32|         31|
    |X0_input_18_fu_1144      |  1|   0|   32|         31|
    |X0_input_190_fu_1832     |  1|   0|   32|         31|
    |X0_input_191_fu_1836     |  1|   0|   32|         31|
    |X0_input_192_fu_1840     |  1|   0|   32|         31|
    |X0_input_193_fu_1844     |  1|   0|   32|         31|
    |X0_input_194_fu_1848     |  1|   0|   32|         31|
    |X0_input_195_fu_1852     |  1|   0|   32|         31|
    |X0_input_196_fu_1856     |  1|   0|   32|         31|
    |X0_input_197_fu_1860     |  1|   0|   32|         31|
    |X0_input_198_fu_1864     |  1|   0|   32|         31|
    |X0_input_199_fu_1868     |  1|   0|   32|         31|
    |X0_input_19_fu_1148      |  1|   0|   32|         31|
    |X0_input_1_fu_1076       |  1|   0|   32|         31|
    |X0_input_200_fu_1872     |  1|   0|   32|         31|
    |X0_input_201_fu_1876     |  1|   0|   32|         31|
    |X0_input_202_fu_1880     |  1|   0|   32|         31|
    |X0_input_203_fu_1884     |  1|   0|   32|         31|
    |X0_input_204_fu_1888     |  1|   0|   32|         31|
    |X0_input_205_fu_1892     |  1|   0|   32|         31|
    |X0_input_206_fu_1896     |  1|   0|   32|         31|
    |X0_input_207_fu_1900     |  1|   0|   32|         31|
    |X0_input_208_fu_1904     |  1|   0|   32|         31|
    |X0_input_209_fu_1908     |  1|   0|   32|         31|
    |X0_input_20_fu_1152      |  1|   0|   32|         31|
    |X0_input_210_fu_1912     |  1|   0|   32|         31|
    |X0_input_211_fu_1916     |  1|   0|   32|         31|
    |X0_input_212_fu_1920     |  1|   0|   32|         31|
    |X0_input_213_fu_1924     |  1|   0|   32|         31|
    |X0_input_214_fu_1928     |  1|   0|   32|         31|
    |X0_input_215_fu_1932     |  1|   0|   32|         31|
    |X0_input_216_fu_1936     |  1|   0|   32|         31|
    |X0_input_217_fu_1940     |  1|   0|   32|         31|
    |X0_input_218_fu_1944     |  1|   0|   32|         31|
    |X0_input_219_fu_1948     |  1|   0|   32|         31|
    |X0_input_21_fu_1156      |  1|   0|   32|         31|
    |X0_input_220_fu_1952     |  1|   0|   32|         31|
    |X0_input_221_fu_1956     |  1|   0|   32|         31|
    |X0_input_222_fu_1960     |  1|   0|   32|         31|
    |X0_input_223_fu_1964     |  1|   0|   32|         31|
    |X0_input_224_fu_1968     |  1|   0|   32|         31|
    |X0_input_225_fu_1972     |  1|   0|   32|         31|
    |X0_input_226_fu_1976     |  1|   0|   32|         31|
    |X0_input_227_fu_1980     |  1|   0|   32|         31|
    |X0_input_228_fu_1984     |  1|   0|   32|         31|
    |X0_input_229_fu_1988     |  1|   0|   32|         31|
    |X0_input_22_fu_1160      |  1|   0|   32|         31|
    |X0_input_230_fu_1992     |  1|   0|   32|         31|
    |X0_input_231_fu_1996     |  1|   0|   32|         31|
    |X0_input_232_fu_2000     |  1|   0|   32|         31|
    |X0_input_233_fu_2004     |  1|   0|   32|         31|
    |X0_input_234_fu_2008     |  1|   0|   32|         31|
    |X0_input_235_fu_2012     |  1|   0|   32|         31|
    |X0_input_236_fu_2016     |  1|   0|   32|         31|
    |X0_input_237_fu_2020     |  1|   0|   32|         31|
    |X0_input_238_fu_2024     |  1|   0|   32|         31|
    |X0_input_239_fu_2028     |  1|   0|   32|         31|
    |X0_input_23_fu_1164      |  1|   0|   32|         31|
    |X0_input_240_fu_2032     |  1|   0|   32|         31|
    |X0_input_241_fu_2036     |  1|   0|   32|         31|
    |X0_input_242_fu_2040     |  1|   0|   32|         31|
    |X0_input_243_fu_2044     |  1|   0|   32|         31|
    |X0_input_244_fu_2048     |  1|   0|   32|         31|
    |X0_input_245_fu_2052     |  1|   0|   32|         31|
    |X0_input_246_fu_2056     |  1|   0|   32|         31|
    |X0_input_247_fu_2060     |  1|   0|   32|         31|
    |X0_input_248_fu_2064     |  1|   0|   32|         31|
    |X0_input_249_fu_2068     |  1|   0|   32|         31|
    |X0_input_24_fu_1168      |  1|   0|   32|         31|
    |X0_input_250_fu_2072     |  1|   0|   32|         31|
    |X0_input_251_fu_2076     |  1|   0|   32|         31|
    |X0_input_252_fu_2080     |  1|   0|   32|         31|
    |X0_input_253_fu_2084     |  1|   0|   32|         31|
    |X0_input_254_fu_2088     |  1|   0|   32|         31|
    |X0_input_255_fu_2092     |  1|   0|   32|         31|
    |X0_input_25_fu_1172      |  1|   0|   32|         31|
    |X0_input_26_fu_1176      |  1|   0|   32|         31|
    |X0_input_27_fu_1180      |  1|   0|   32|         31|
    |X0_input_28_fu_1184      |  1|   0|   32|         31|
    |X0_input_29_fu_1188      |  1|   0|   32|         31|
    |X0_input_2_fu_1080       |  1|   0|   32|         31|
    |X0_input_30_fu_1192      |  1|   0|   32|         31|
    |X0_input_31_fu_1196      |  1|   0|   32|         31|
    |X0_input_32_fu_1200      |  1|   0|   32|         31|
    |X0_input_33_fu_1204      |  1|   0|   32|         31|
    |X0_input_34_fu_1208      |  1|   0|   32|         31|
    |X0_input_35_fu_1212      |  1|   0|   32|         31|
    |X0_input_36_fu_1216      |  1|   0|   32|         31|
    |X0_input_37_fu_1220      |  1|   0|   32|         31|
    |X0_input_38_fu_1224      |  1|   0|   32|         31|
    |X0_input_39_fu_1228      |  1|   0|   32|         31|
    |X0_input_3_fu_1084       |  1|   0|   32|         31|
    |X0_input_40_fu_1232      |  1|   0|   32|         31|
    |X0_input_41_fu_1236      |  1|   0|   32|         31|
    |X0_input_42_fu_1240      |  1|   0|   32|         31|
    |X0_input_43_fu_1244      |  1|   0|   32|         31|
    |X0_input_44_fu_1248      |  1|   0|   32|         31|
    |X0_input_45_fu_1252      |  1|   0|   32|         31|
    |X0_input_46_fu_1256      |  1|   0|   32|         31|
    |X0_input_47_fu_1260      |  1|   0|   32|         31|
    |X0_input_48_fu_1264      |  1|   0|   32|         31|
    |X0_input_49_fu_1268      |  1|   0|   32|         31|
    |X0_input_4_fu_1088       |  1|   0|   32|         31|
    |X0_input_50_fu_1272      |  1|   0|   32|         31|
    |X0_input_51_fu_1276      |  1|   0|   32|         31|
    |X0_input_52_fu_1280      |  1|   0|   32|         31|
    |X0_input_53_fu_1284      |  1|   0|   32|         31|
    |X0_input_54_fu_1288      |  1|   0|   32|         31|
    |X0_input_55_fu_1292      |  1|   0|   32|         31|
    |X0_input_56_fu_1296      |  1|   0|   32|         31|
    |X0_input_57_fu_1300      |  1|   0|   32|         31|
    |X0_input_58_fu_1304      |  1|   0|   32|         31|
    |X0_input_59_fu_1308      |  1|   0|   32|         31|
    |X0_input_5_fu_1092       |  1|   0|   32|         31|
    |X0_input_60_fu_1312      |  1|   0|   32|         31|
    |X0_input_61_fu_1316      |  1|   0|   32|         31|
    |X0_input_62_fu_1320      |  1|   0|   32|         31|
    |X0_input_63_fu_1324      |  1|   0|   32|         31|
    |X0_input_64_fu_1328      |  1|   0|   32|         31|
    |X0_input_65_fu_1332      |  1|   0|   32|         31|
    |X0_input_66_fu_1336      |  1|   0|   32|         31|
    |X0_input_67_fu_1340      |  1|   0|   32|         31|
    |X0_input_68_fu_1344      |  1|   0|   32|         31|
    |X0_input_69_fu_1348      |  1|   0|   32|         31|
    |X0_input_6_fu_1096       |  1|   0|   32|         31|
    |X0_input_70_fu_1352      |  1|   0|   32|         31|
    |X0_input_71_fu_1356      |  1|   0|   32|         31|
    |X0_input_72_fu_1360      |  1|   0|   32|         31|
    |X0_input_73_fu_1364      |  1|   0|   32|         31|
    |X0_input_74_fu_1368      |  1|   0|   32|         31|
    |X0_input_75_fu_1372      |  1|   0|   32|         31|
    |X0_input_76_fu_1376      |  1|   0|   32|         31|
    |X0_input_77_fu_1380      |  1|   0|   32|         31|
    |X0_input_78_fu_1384      |  1|   0|   32|         31|
    |X0_input_79_fu_1388      |  1|   0|   32|         31|
    |X0_input_7_fu_1100       |  1|   0|   32|         31|
    |X0_input_80_fu_1392      |  1|   0|   32|         31|
    |X0_input_81_fu_1396      |  1|   0|   32|         31|
    |X0_input_82_fu_1400      |  1|   0|   32|         31|
    |X0_input_83_fu_1404      |  1|   0|   32|         31|
    |X0_input_84_fu_1408      |  1|   0|   32|         31|
    |X0_input_85_fu_1412      |  1|   0|   32|         31|
    |X0_input_86_fu_1416      |  1|   0|   32|         31|
    |X0_input_87_fu_1420      |  1|   0|   32|         31|
    |X0_input_88_fu_1424      |  1|   0|   32|         31|
    |X0_input_89_fu_1428      |  1|   0|   32|         31|
    |X0_input_8_fu_1104       |  1|   0|   32|         31|
    |X0_input_90_fu_1432      |  1|   0|   32|         31|
    |X0_input_91_fu_1436      |  1|   0|   32|         31|
    |X0_input_92_fu_1440      |  1|   0|   32|         31|
    |X0_input_93_fu_1444      |  1|   0|   32|         31|
    |X0_input_94_fu_1448      |  1|   0|   32|         31|
    |X0_input_95_fu_1452      |  1|   0|   32|         31|
    |X0_input_96_fu_1456      |  1|   0|   32|         31|
    |X0_input_97_fu_1460      |  1|   0|   32|         31|
    |X0_input_98_fu_1464      |  1|   0|   32|         31|
    |X0_input_99_fu_1468      |  1|   0|   32|         31|
    |X0_input_9_fu_1108       |  1|   0|   32|         31|
    |X0_input_fu_1072         |  1|   0|   32|         31|
    |ap_CS_fsm                |  1|   0|    1|          0|
    |ap_done_reg              |  1|   0|    1|          0|
    |ap_enable_reg_pp0_iter1  |  1|   0|    1|          0|
    |i_fu_1068                |  9|   0|    9|          0|
    |trunc_ln103_reg_7803     |  8|   0|    8|          0|
    +-------------------------+---+----+-----+-----------+
    |Total                    |276|   0| 8212|       7936|
    +-------------------------+---+----+-----+-----------+



================================================================
== Interface
================================================================
* Summary: 
+-------------------------+-----+-----+------------+---------------------------------------+--------------+
|        RTL Ports        | Dir | Bits|  Protocol  |             Source Object             |    C Type    |
+-------------------------+-----+-----+------------+---------------------------------------+--------------+
|ap_clk                   |   in|    1|  ap_ctrl_hs|  feedforward_Pipeline_VITIS_LOOP_103_1|  return value|
|ap_rst                   |   in|    1|  ap_ctrl_hs|  feedforward_Pipeline_VITIS_LOOP_103_1|  return value|
|ap_start                 |   in|    1|  ap_ctrl_hs|  feedforward_Pipeline_VITIS_LOOP_103_1|  return value|
|ap_done                  |  out|    1|  ap_ctrl_hs|  feedforward_Pipeline_VITIS_LOOP_103_1|  return value|
|ap_idle                  |  out|    1|  ap_ctrl_hs|  feedforward_Pipeline_VITIS_LOOP_103_1|  return value|
|ap_ready                 |  out|    1|  ap_ctrl_hs|  feedforward_Pipeline_VITIS_LOOP_103_1|  return value|
|input_stream_TVALID      |   in|    1|        axis|                  input_stream_V_data_V|       pointer|
|input_stream_TDATA       |   in|   32|        axis|                  input_stream_V_data_V|       pointer|
|X_size                   |   in|   32|     ap_none|                                 X_size|        scalar|
|input_stream_TREADY      |  out|    1|        axis|                  input_stream_V_last_V|       pointer|
|input_stream_TLAST       |   in|    1|        axis|                  input_stream_V_last_V|       pointer|
|input_stream_TKEEP       |   in|    4|        axis|                  input_stream_V_keep_V|       pointer|
|input_stream_TSTRB       |   in|    4|        axis|                  input_stream_V_strb_V|       pointer|
|X0_input_255_out         |  out|   32|      ap_vld|                       X0_input_255_out|       pointer|
|X0_input_255_out_ap_vld  |  out|    1|      ap_vld|                       X0_input_255_out|       pointer|
|X0_input_254_out         |  out|   32|      ap_vld|                       X0_input_254_out|       pointer|
|X0_input_254_out_ap_vld  |  out|    1|      ap_vld|                       X0_input_254_out|       pointer|
|X0_input_253_out         |  out|   32|      ap_vld|                       X0_input_253_out|       pointer|
|X0_input_253_out_ap_vld  |  out|    1|      ap_vld|                       X0_input_253_out|       pointer|
|X0_input_252_out         |  out|   32|      ap_vld|                       X0_input_252_out|       pointer|
|X0_input_252_out_ap_vld  |  out|    1|      ap_vld|                       X0_input_252_out|       pointer|
|X0_input_251_out         |  out|   32|      ap_vld|                       X0_input_251_out|       pointer|
|X0_input_251_out_ap_vld  |  out|    1|      ap_vld|                       X0_input_251_out|       pointer|
|X0_input_250_out         |  out|   32|      ap_vld|                       X0_input_250_out|       pointer|
|X0_input_250_out_ap_vld  |  out|    1|      ap_vld|                       X0_input_250_out|       pointer|
|X0_input_249_out         |  out|   32|      ap_vld|                       X0_input_249_out|       pointer|
|X0_input_249_out_ap_vld  |  out|    1|      ap_vld|                       X0_input_249_out|       pointer|
|X0_input_248_out         |  out|   32|      ap_vld|                       X0_input_248_out|       pointer|
|X0_input_248_out_ap_vld  |  out|    1|      ap_vld|                       X0_input_248_out|       pointer|
|X0_input_247_out         |  out|   32|      ap_vld|                       X0_input_247_out|       pointer|
|X0_input_247_out_ap_vld  |  out|    1|      ap_vld|                       X0_input_247_out|       pointer|
|X0_input_246_out         |  out|   32|      ap_vld|                       X0_input_246_out|       pointer|
|X0_input_246_out_ap_vld  |  out|    1|      ap_vld|                       X0_input_246_out|       pointer|
|X0_input_245_out         |  out|   32|      ap_vld|                       X0_input_245_out|       pointer|
|X0_input_245_out_ap_vld  |  out|    1|      ap_vld|                       X0_input_245_out|       pointer|
|X0_input_244_out         |  out|   32|      ap_vld|                       X0_input_244_out|       pointer|
|X0_input_244_out_ap_vld  |  out|    1|      ap_vld|                       X0_input_244_out|       pointer|
|X0_input_243_out         |  out|   32|      ap_vld|                       X0_input_243_out|       pointer|
|X0_input_243_out_ap_vld  |  out|    1|      ap_vld|                       X0_input_243_out|       pointer|
|X0_input_242_out         |  out|   32|      ap_vld|                       X0_input_242_out|       pointer|
|X0_input_242_out_ap_vld  |  out|    1|      ap_vld|                       X0_input_242_out|       pointer|
|X0_input_241_out         |  out|   32|      ap_vld|                       X0_input_241_out|       pointer|
|X0_input_241_out_ap_vld  |  out|    1|      ap_vld|                       X0_input_241_out|       pointer|
|X0_input_240_out         |  out|   32|      ap_vld|                       X0_input_240_out|       pointer|
|X0_input_240_out_ap_vld  |  out|    1|      ap_vld|                       X0_input_240_out|       pointer|
|X0_input_239_out         |  out|   32|      ap_vld|                       X0_input_239_out|       pointer|
|X0_input_239_out_ap_vld  |  out|    1|      ap_vld|                       X0_input_239_out|       pointer|
|X0_input_238_out         |  out|   32|      ap_vld|                       X0_input_238_out|       pointer|
|X0_input_238_out_ap_vld  |  out|    1|      ap_vld|                       X0_input_238_out|       pointer|
|X0_input_237_out         |  out|   32|      ap_vld|                       X0_input_237_out|       pointer|
|X0_input_237_out_ap_vld  |  out|    1|      ap_vld|                       X0_input_237_out|       pointer|
|X0_input_236_out         |  out|   32|      ap_vld|                       X0_input_236_out|       pointer|
|X0_input_236_out_ap_vld  |  out|    1|      ap_vld|                       X0_input_236_out|       pointer|
|X0_input_235_out         |  out|   32|      ap_vld|                       X0_input_235_out|       pointer|
|X0_input_235_out_ap_vld  |  out|    1|      ap_vld|                       X0_input_235_out|       pointer|
|X0_input_234_out         |  out|   32|      ap_vld|                       X0_input_234_out|       pointer|
|X0_input_234_out_ap_vld  |  out|    1|      ap_vld|                       X0_input_234_out|       pointer|
|X0_input_233_out         |  out|   32|      ap_vld|                       X0_input_233_out|       pointer|
|X0_input_233_out_ap_vld  |  out|    1|      ap_vld|                       X0_input_233_out|       pointer|
|X0_input_232_out         |  out|   32|      ap_vld|                       X0_input_232_out|       pointer|
|X0_input_232_out_ap_vld  |  out|    1|      ap_vld|                       X0_input_232_out|       pointer|
|X0_input_231_out         |  out|   32|      ap_vld|                       X0_input_231_out|       pointer|
|X0_input_231_out_ap_vld  |  out|    1|      ap_vld|                       X0_input_231_out|       pointer|
|X0_input_230_out         |  out|   32|      ap_vld|                       X0_input_230_out|       pointer|
|X0_input_230_out_ap_vld  |  out|    1|      ap_vld|                       X0_input_230_out|       pointer|
|X0_input_229_out         |  out|   32|      ap_vld|                       X0_input_229_out|       pointer|
|X0_input_229_out_ap_vld  |  out|    1|      ap_vld|                       X0_input_229_out|       pointer|
|X0_input_228_out         |  out|   32|      ap_vld|                       X0_input_228_out|       pointer|
|X0_input_228_out_ap_vld  |  out|    1|      ap_vld|                       X0_input_228_out|       pointer|
|X0_input_227_out         |  out|   32|      ap_vld|                       X0_input_227_out|       pointer|
|X0_input_227_out_ap_vld  |  out|    1|      ap_vld|                       X0_input_227_out|       pointer|
|X0_input_226_out         |  out|   32|      ap_vld|                       X0_input_226_out|       pointer|
|X0_input_226_out_ap_vld  |  out|    1|      ap_vld|                       X0_input_226_out|       pointer|
|X0_input_225_out         |  out|   32|      ap_vld|                       X0_input_225_out|       pointer|
|X0_input_225_out_ap_vld  |  out|    1|      ap_vld|                       X0_input_225_out|       pointer|
|X0_input_224_out         |  out|   32|      ap_vld|                       X0_input_224_out|       pointer|
|X0_input_224_out_ap_vld  |  out|    1|      ap_vld|                       X0_input_224_out|       pointer|
|X0_input_223_out         |  out|   32|      ap_vld|                       X0_input_223_out|       pointer|
|X0_input_223_out_ap_vld  |  out|    1|      ap_vld|                       X0_input_223_out|       pointer|
|X0_input_222_out         |  out|   32|      ap_vld|                       X0_input_222_out|       pointer|
|X0_input_222_out_ap_vld  |  out|    1|      ap_vld|                       X0_input_222_out|       pointer|
|X0_input_221_out         |  out|   32|      ap_vld|                       X0_input_221_out|       pointer|
|X0_input_221_out_ap_vld  |  out|    1|      ap_vld|                       X0_input_221_out|       pointer|
|X0_input_220_out         |  out|   32|      ap_vld|                       X0_input_220_out|       pointer|
|X0_input_220_out_ap_vld  |  out|    1|      ap_vld|                       X0_input_220_out|       pointer|
|X0_input_219_out         |  out|   32|      ap_vld|                       X0_input_219_out|       pointer|
|X0_input_219_out_ap_vld  |  out|    1|      ap_vld|                       X0_input_219_out|       pointer|
|X0_input_218_out         |  out|   32|      ap_vld|                       X0_input_218_out|       pointer|
|X0_input_218_out_ap_vld  |  out|    1|      ap_vld|                       X0_input_218_out|       pointer|
|X0_input_217_out         |  out|   32|      ap_vld|                       X0_input_217_out|       pointer|
|X0_input_217_out_ap_vld  |  out|    1|      ap_vld|                       X0_input_217_out|       pointer|
|X0_input_216_out         |  out|   32|      ap_vld|                       X0_input_216_out|       pointer|
|X0_input_216_out_ap_vld  |  out|    1|      ap_vld|                       X0_input_216_out|       pointer|
|X0_input_215_out         |  out|   32|      ap_vld|                       X0_input_215_out|       pointer|
|X0_input_215_out_ap_vld  |  out|    1|      ap_vld|                       X0_input_215_out|       pointer|
|X0_input_214_out         |  out|   32|      ap_vld|                       X0_input_214_out|       pointer|
|X0_input_214_out_ap_vld  |  out|    1|      ap_vld|                       X0_input_214_out|       pointer|
|X0_input_213_out         |  out|   32|      ap_vld|                       X0_input_213_out|       pointer|
|X0_input_213_out_ap_vld  |  out|    1|      ap_vld|                       X0_input_213_out|       pointer|
|X0_input_212_out         |  out|   32|      ap_vld|                       X0_input_212_out|       pointer|
|X0_input_212_out_ap_vld  |  out|    1|      ap_vld|                       X0_input_212_out|       pointer|
|X0_input_211_out         |  out|   32|      ap_vld|                       X0_input_211_out|       pointer|
|X0_input_211_out_ap_vld  |  out|    1|      ap_vld|                       X0_input_211_out|       pointer|
|X0_input_210_out         |  out|   32|      ap_vld|                       X0_input_210_out|       pointer|
|X0_input_210_out_ap_vld  |  out|    1|      ap_vld|                       X0_input_210_out|       pointer|
|X0_input_209_out         |  out|   32|      ap_vld|                       X0_input_209_out|       pointer|
|X0_input_209_out_ap_vld  |  out|    1|      ap_vld|                       X0_input_209_out|       pointer|
|X0_input_208_out         |  out|   32|      ap_vld|                       X0_input_208_out|       pointer|
|X0_input_208_out_ap_vld  |  out|    1|      ap_vld|                       X0_input_208_out|       pointer|
|X0_input_207_out         |  out|   32|      ap_vld|                       X0_input_207_out|       pointer|
|X0_input_207_out_ap_vld  |  out|    1|      ap_vld|                       X0_input_207_out|       pointer|
|X0_input_206_out         |  out|   32|      ap_vld|                       X0_input_206_out|       pointer|
|X0_input_206_out_ap_vld  |  out|    1|      ap_vld|                       X0_input_206_out|       pointer|
|X0_input_205_out         |  out|   32|      ap_vld|                       X0_input_205_out|       pointer|
|X0_input_205_out_ap_vld  |  out|    1|      ap_vld|                       X0_input_205_out|       pointer|
|X0_input_204_out         |  out|   32|      ap_vld|                       X0_input_204_out|       pointer|
|X0_input_204_out_ap_vld  |  out|    1|      ap_vld|                       X0_input_204_out|       pointer|
|X0_input_203_out         |  out|   32|      ap_vld|                       X0_input_203_out|       pointer|
|X0_input_203_out_ap_vld  |  out|    1|      ap_vld|                       X0_input_203_out|       pointer|
|X0_input_202_out         |  out|   32|      ap_vld|                       X0_input_202_out|       pointer|
|X0_input_202_out_ap_vld  |  out|    1|      ap_vld|                       X0_input_202_out|       pointer|
|X0_input_201_out         |  out|   32|      ap_vld|                       X0_input_201_out|       pointer|
|X0_input_201_out_ap_vld  |  out|    1|      ap_vld|                       X0_input_201_out|       pointer|
|X0_input_200_out         |  out|   32|      ap_vld|                       X0_input_200_out|       pointer|
|X0_input_200_out_ap_vld  |  out|    1|      ap_vld|                       X0_input_200_out|       pointer|
|X0_input_199_out         |  out|   32|      ap_vld|                       X0_input_199_out|       pointer|
|X0_input_199_out_ap_vld  |  out|    1|      ap_vld|                       X0_input_199_out|       pointer|
|X0_input_198_out         |  out|   32|      ap_vld|                       X0_input_198_out|       pointer|
|X0_input_198_out_ap_vld  |  out|    1|      ap_vld|                       X0_input_198_out|       pointer|
|X0_input_197_out         |  out|   32|      ap_vld|                       X0_input_197_out|       pointer|
|X0_input_197_out_ap_vld  |  out|    1|      ap_vld|                       X0_input_197_out|       pointer|
|X0_input_196_out         |  out|   32|      ap_vld|                       X0_input_196_out|       pointer|
|X0_input_196_out_ap_vld  |  out|    1|      ap_vld|                       X0_input_196_out|       pointer|
|X0_input_195_out         |  out|   32|      ap_vld|                       X0_input_195_out|       pointer|
|X0_input_195_out_ap_vld  |  out|    1|      ap_vld|                       X0_input_195_out|       pointer|
|X0_input_194_out         |  out|   32|      ap_vld|                       X0_input_194_out|       pointer|
|X0_input_194_out_ap_vld  |  out|    1|      ap_vld|                       X0_input_194_out|       pointer|
|X0_input_193_out         |  out|   32|      ap_vld|                       X0_input_193_out|       pointer|
|X0_input_193_out_ap_vld  |  out|    1|      ap_vld|                       X0_input_193_out|       pointer|
|X0_input_192_out         |  out|   32|      ap_vld|                       X0_input_192_out|       pointer|
|X0_input_192_out_ap_vld  |  out|    1|      ap_vld|                       X0_input_192_out|       pointer|
|X0_input_191_out         |  out|   32|      ap_vld|                       X0_input_191_out|       pointer|
|X0_input_191_out_ap_vld  |  out|    1|      ap_vld|                       X0_input_191_out|       pointer|
|X0_input_190_out         |  out|   32|      ap_vld|                       X0_input_190_out|       pointer|
|X0_input_190_out_ap_vld  |  out|    1|      ap_vld|                       X0_input_190_out|       pointer|
|X0_input_189_out         |  out|   32|      ap_vld|                       X0_input_189_out|       pointer|
|X0_input_189_out_ap_vld  |  out|    1|      ap_vld|                       X0_input_189_out|       pointer|
|X0_input_188_out         |  out|   32|      ap_vld|                       X0_input_188_out|       pointer|
|X0_input_188_out_ap_vld  |  out|    1|      ap_vld|                       X0_input_188_out|       pointer|
|X0_input_187_out         |  out|   32|      ap_vld|                       X0_input_187_out|       pointer|
|X0_input_187_out_ap_vld  |  out|    1|      ap_vld|                       X0_input_187_out|       pointer|
|X0_input_186_out         |  out|   32|      ap_vld|                       X0_input_186_out|       pointer|
|X0_input_186_out_ap_vld  |  out|    1|      ap_vld|                       X0_input_186_out|       pointer|
|X0_input_185_out         |  out|   32|      ap_vld|                       X0_input_185_out|       pointer|
|X0_input_185_out_ap_vld  |  out|    1|      ap_vld|                       X0_input_185_out|       pointer|
|X0_input_184_out         |  out|   32|      ap_vld|                       X0_input_184_out|       pointer|
|X0_input_184_out_ap_vld  |  out|    1|      ap_vld|                       X0_input_184_out|       pointer|
|X0_input_183_out         |  out|   32|      ap_vld|                       X0_input_183_out|       pointer|
|X0_input_183_out_ap_vld  |  out|    1|      ap_vld|                       X0_input_183_out|       pointer|
|X0_input_182_out         |  out|   32|      ap_vld|                       X0_input_182_out|       pointer|
|X0_input_182_out_ap_vld  |  out|    1|      ap_vld|                       X0_input_182_out|       pointer|
|X0_input_181_out         |  out|   32|      ap_vld|                       X0_input_181_out|       pointer|
|X0_input_181_out_ap_vld  |  out|    1|      ap_vld|                       X0_input_181_out|       pointer|
|X0_input_180_out         |  out|   32|      ap_vld|                       X0_input_180_out|       pointer|
|X0_input_180_out_ap_vld  |  out|    1|      ap_vld|                       X0_input_180_out|       pointer|
|X0_input_179_out         |  out|   32|      ap_vld|                       X0_input_179_out|       pointer|
|X0_input_179_out_ap_vld  |  out|    1|      ap_vld|                       X0_input_179_out|       pointer|
|X0_input_178_out         |  out|   32|      ap_vld|                       X0_input_178_out|       pointer|
|X0_input_178_out_ap_vld  |  out|    1|      ap_vld|                       X0_input_178_out|       pointer|
|X0_input_177_out         |  out|   32|      ap_vld|                       X0_input_177_out|       pointer|
|X0_input_177_out_ap_vld  |  out|    1|      ap_vld|                       X0_input_177_out|       pointer|
|X0_input_176_out         |  out|   32|      ap_vld|                       X0_input_176_out|       pointer|
|X0_input_176_out_ap_vld  |  out|    1|      ap_vld|                       X0_input_176_out|       pointer|
|X0_input_175_out         |  out|   32|      ap_vld|                       X0_input_175_out|       pointer|
|X0_input_175_out_ap_vld  |  out|    1|      ap_vld|                       X0_input_175_out|       pointer|
|X0_input_174_out         |  out|   32|      ap_vld|                       X0_input_174_out|       pointer|
|X0_input_174_out_ap_vld  |  out|    1|      ap_vld|                       X0_input_174_out|       pointer|
|X0_input_173_out         |  out|   32|      ap_vld|                       X0_input_173_out|       pointer|
|X0_input_173_out_ap_vld  |  out|    1|      ap_vld|                       X0_input_173_out|       pointer|
|X0_input_172_out         |  out|   32|      ap_vld|                       X0_input_172_out|       pointer|
|X0_input_172_out_ap_vld  |  out|    1|      ap_vld|                       X0_input_172_out|       pointer|
|X0_input_171_out         |  out|   32|      ap_vld|                       X0_input_171_out|       pointer|
|X0_input_171_out_ap_vld  |  out|    1|      ap_vld|                       X0_input_171_out|       pointer|
|X0_input_170_out         |  out|   32|      ap_vld|                       X0_input_170_out|       pointer|
|X0_input_170_out_ap_vld  |  out|    1|      ap_vld|                       X0_input_170_out|       pointer|
|X0_input_169_out         |  out|   32|      ap_vld|                       X0_input_169_out|       pointer|
|X0_input_169_out_ap_vld  |  out|    1|      ap_vld|                       X0_input_169_out|       pointer|
|X0_input_168_out         |  out|   32|      ap_vld|                       X0_input_168_out|       pointer|
|X0_input_168_out_ap_vld  |  out|    1|      ap_vld|                       X0_input_168_out|       pointer|
|X0_input_167_out         |  out|   32|      ap_vld|                       X0_input_167_out|       pointer|
|X0_input_167_out_ap_vld  |  out|    1|      ap_vld|                       X0_input_167_out|       pointer|
|X0_input_166_out         |  out|   32|      ap_vld|                       X0_input_166_out|       pointer|
|X0_input_166_out_ap_vld  |  out|    1|      ap_vld|                       X0_input_166_out|       pointer|
|X0_input_165_out         |  out|   32|      ap_vld|                       X0_input_165_out|       pointer|
|X0_input_165_out_ap_vld  |  out|    1|      ap_vld|                       X0_input_165_out|       pointer|
|X0_input_164_out         |  out|   32|      ap_vld|                       X0_input_164_out|       pointer|
|X0_input_164_out_ap_vld  |  out|    1|      ap_vld|                       X0_input_164_out|       pointer|
|X0_input_163_out         |  out|   32|      ap_vld|                       X0_input_163_out|       pointer|
|X0_input_163_out_ap_vld  |  out|    1|      ap_vld|                       X0_input_163_out|       pointer|
|X0_input_162_out         |  out|   32|      ap_vld|                       X0_input_162_out|       pointer|
|X0_input_162_out_ap_vld  |  out|    1|      ap_vld|                       X0_input_162_out|       pointer|
|X0_input_161_out         |  out|   32|      ap_vld|                       X0_input_161_out|       pointer|
|X0_input_161_out_ap_vld  |  out|    1|      ap_vld|                       X0_input_161_out|       pointer|
|X0_input_160_out         |  out|   32|      ap_vld|                       X0_input_160_out|       pointer|
|X0_input_160_out_ap_vld  |  out|    1|      ap_vld|                       X0_input_160_out|       pointer|
|X0_input_159_out         |  out|   32|      ap_vld|                       X0_input_159_out|       pointer|
|X0_input_159_out_ap_vld  |  out|    1|      ap_vld|                       X0_input_159_out|       pointer|
|X0_input_158_out         |  out|   32|      ap_vld|                       X0_input_158_out|       pointer|
|X0_input_158_out_ap_vld  |  out|    1|      ap_vld|                       X0_input_158_out|       pointer|
|X0_input_157_out         |  out|   32|      ap_vld|                       X0_input_157_out|       pointer|
|X0_input_157_out_ap_vld  |  out|    1|      ap_vld|                       X0_input_157_out|       pointer|
|X0_input_156_out         |  out|   32|      ap_vld|                       X0_input_156_out|       pointer|
|X0_input_156_out_ap_vld  |  out|    1|      ap_vld|                       X0_input_156_out|       pointer|
|X0_input_155_out         |  out|   32|      ap_vld|                       X0_input_155_out|       pointer|
|X0_input_155_out_ap_vld  |  out|    1|      ap_vld|                       X0_input_155_out|       pointer|
|X0_input_154_out         |  out|   32|      ap_vld|                       X0_input_154_out|       pointer|
|X0_input_154_out_ap_vld  |  out|    1|      ap_vld|                       X0_input_154_out|       pointer|
|X0_input_153_out         |  out|   32|      ap_vld|                       X0_input_153_out|       pointer|
|X0_input_153_out_ap_vld  |  out|    1|      ap_vld|                       X0_input_153_out|       pointer|
|X0_input_152_out         |  out|   32|      ap_vld|                       X0_input_152_out|       pointer|
|X0_input_152_out_ap_vld  |  out|    1|      ap_vld|                       X0_input_152_out|       pointer|
|X0_input_151_out         |  out|   32|      ap_vld|                       X0_input_151_out|       pointer|
|X0_input_151_out_ap_vld  |  out|    1|      ap_vld|                       X0_input_151_out|       pointer|
|X0_input_150_out         |  out|   32|      ap_vld|                       X0_input_150_out|       pointer|
|X0_input_150_out_ap_vld  |  out|    1|      ap_vld|                       X0_input_150_out|       pointer|
|X0_input_149_out         |  out|   32|      ap_vld|                       X0_input_149_out|       pointer|
|X0_input_149_out_ap_vld  |  out|    1|      ap_vld|                       X0_input_149_out|       pointer|
|X0_input_148_out         |  out|   32|      ap_vld|                       X0_input_148_out|       pointer|
|X0_input_148_out_ap_vld  |  out|    1|      ap_vld|                       X0_input_148_out|       pointer|
|X0_input_147_out         |  out|   32|      ap_vld|                       X0_input_147_out|       pointer|
|X0_input_147_out_ap_vld  |  out|    1|      ap_vld|                       X0_input_147_out|       pointer|
|X0_input_146_out         |  out|   32|      ap_vld|                       X0_input_146_out|       pointer|
|X0_input_146_out_ap_vld  |  out|    1|      ap_vld|                       X0_input_146_out|       pointer|
|X0_input_145_out         |  out|   32|      ap_vld|                       X0_input_145_out|       pointer|
|X0_input_145_out_ap_vld  |  out|    1|      ap_vld|                       X0_input_145_out|       pointer|
|X0_input_144_out         |  out|   32|      ap_vld|                       X0_input_144_out|       pointer|
|X0_input_144_out_ap_vld  |  out|    1|      ap_vld|                       X0_input_144_out|       pointer|
|X0_input_143_out         |  out|   32|      ap_vld|                       X0_input_143_out|       pointer|
|X0_input_143_out_ap_vld  |  out|    1|      ap_vld|                       X0_input_143_out|       pointer|
|X0_input_142_out         |  out|   32|      ap_vld|                       X0_input_142_out|       pointer|
|X0_input_142_out_ap_vld  |  out|    1|      ap_vld|                       X0_input_142_out|       pointer|
|X0_input_141_out         |  out|   32|      ap_vld|                       X0_input_141_out|       pointer|
|X0_input_141_out_ap_vld  |  out|    1|      ap_vld|                       X0_input_141_out|       pointer|
|X0_input_140_out         |  out|   32|      ap_vld|                       X0_input_140_out|       pointer|
|X0_input_140_out_ap_vld  |  out|    1|      ap_vld|                       X0_input_140_out|       pointer|
|X0_input_139_out         |  out|   32|      ap_vld|                       X0_input_139_out|       pointer|
|X0_input_139_out_ap_vld  |  out|    1|      ap_vld|                       X0_input_139_out|       pointer|
|X0_input_138_out         |  out|   32|      ap_vld|                       X0_input_138_out|       pointer|
|X0_input_138_out_ap_vld  |  out|    1|      ap_vld|                       X0_input_138_out|       pointer|
|X0_input_137_out         |  out|   32|      ap_vld|                       X0_input_137_out|       pointer|
|X0_input_137_out_ap_vld  |  out|    1|      ap_vld|                       X0_input_137_out|       pointer|
|X0_input_136_out         |  out|   32|      ap_vld|                       X0_input_136_out|       pointer|
|X0_input_136_out_ap_vld  |  out|    1|      ap_vld|                       X0_input_136_out|       pointer|
|X0_input_135_out         |  out|   32|      ap_vld|                       X0_input_135_out|       pointer|
|X0_input_135_out_ap_vld  |  out|    1|      ap_vld|                       X0_input_135_out|       pointer|
|X0_input_134_out         |  out|   32|      ap_vld|                       X0_input_134_out|       pointer|
|X0_input_134_out_ap_vld  |  out|    1|      ap_vld|                       X0_input_134_out|       pointer|
|X0_input_133_out         |  out|   32|      ap_vld|                       X0_input_133_out|       pointer|
|X0_input_133_out_ap_vld  |  out|    1|      ap_vld|                       X0_input_133_out|       pointer|
|X0_input_132_out         |  out|   32|      ap_vld|                       X0_input_132_out|       pointer|
|X0_input_132_out_ap_vld  |  out|    1|      ap_vld|                       X0_input_132_out|       pointer|
|X0_input_131_out         |  out|   32|      ap_vld|                       X0_input_131_out|       pointer|
|X0_input_131_out_ap_vld  |  out|    1|      ap_vld|                       X0_input_131_out|       pointer|
|X0_input_130_out         |  out|   32|      ap_vld|                       X0_input_130_out|       pointer|
|X0_input_130_out_ap_vld  |  out|    1|      ap_vld|                       X0_input_130_out|       pointer|
|X0_input_129_out         |  out|   32|      ap_vld|                       X0_input_129_out|       pointer|
|X0_input_129_out_ap_vld  |  out|    1|      ap_vld|                       X0_input_129_out|       pointer|
|X0_input_128_out         |  out|   32|      ap_vld|                       X0_input_128_out|       pointer|
|X0_input_128_out_ap_vld  |  out|    1|      ap_vld|                       X0_input_128_out|       pointer|
|X0_input_127_out         |  out|   32|      ap_vld|                       X0_input_127_out|       pointer|
|X0_input_127_out_ap_vld  |  out|    1|      ap_vld|                       X0_input_127_out|       pointer|
|X0_input_126_out         |  out|   32|      ap_vld|                       X0_input_126_out|       pointer|
|X0_input_126_out_ap_vld  |  out|    1|      ap_vld|                       X0_input_126_out|       pointer|
|X0_input_125_out         |  out|   32|      ap_vld|                       X0_input_125_out|       pointer|
|X0_input_125_out_ap_vld  |  out|    1|      ap_vld|                       X0_input_125_out|       pointer|
|X0_input_124_out         |  out|   32|      ap_vld|                       X0_input_124_out|       pointer|
|X0_input_124_out_ap_vld  |  out|    1|      ap_vld|                       X0_input_124_out|       pointer|
|X0_input_123_out         |  out|   32|      ap_vld|                       X0_input_123_out|       pointer|
|X0_input_123_out_ap_vld  |  out|    1|      ap_vld|                       X0_input_123_out|       pointer|
|X0_input_122_out         |  out|   32|      ap_vld|                       X0_input_122_out|       pointer|
|X0_input_122_out_ap_vld  |  out|    1|      ap_vld|                       X0_input_122_out|       pointer|
|X0_input_121_out         |  out|   32|      ap_vld|                       X0_input_121_out|       pointer|
|X0_input_121_out_ap_vld  |  out|    1|      ap_vld|                       X0_input_121_out|       pointer|
|X0_input_120_out         |  out|   32|      ap_vld|                       X0_input_120_out|       pointer|
|X0_input_120_out_ap_vld  |  out|    1|      ap_vld|                       X0_input_120_out|       pointer|
|X0_input_119_out         |  out|   32|      ap_vld|                       X0_input_119_out|       pointer|
|X0_input_119_out_ap_vld  |  out|    1|      ap_vld|                       X0_input_119_out|       pointer|
|X0_input_118_out         |  out|   32|      ap_vld|                       X0_input_118_out|       pointer|
|X0_input_118_out_ap_vld  |  out|    1|      ap_vld|                       X0_input_118_out|       pointer|
|X0_input_117_out         |  out|   32|      ap_vld|                       X0_input_117_out|       pointer|
|X0_input_117_out_ap_vld  |  out|    1|      ap_vld|                       X0_input_117_out|       pointer|
|X0_input_116_out         |  out|   32|      ap_vld|                       X0_input_116_out|       pointer|
|X0_input_116_out_ap_vld  |  out|    1|      ap_vld|                       X0_input_116_out|       pointer|
|X0_input_115_out         |  out|   32|      ap_vld|                       X0_input_115_out|       pointer|
|X0_input_115_out_ap_vld  |  out|    1|      ap_vld|                       X0_input_115_out|       pointer|
|X0_input_114_out         |  out|   32|      ap_vld|                       X0_input_114_out|       pointer|
|X0_input_114_out_ap_vld  |  out|    1|      ap_vld|                       X0_input_114_out|       pointer|
|X0_input_113_out         |  out|   32|      ap_vld|                       X0_input_113_out|       pointer|
|X0_input_113_out_ap_vld  |  out|    1|      ap_vld|                       X0_input_113_out|       pointer|
|X0_input_112_out         |  out|   32|      ap_vld|                       X0_input_112_out|       pointer|
|X0_input_112_out_ap_vld  |  out|    1|      ap_vld|                       X0_input_112_out|       pointer|
|X0_input_111_out         |  out|   32|      ap_vld|                       X0_input_111_out|       pointer|
|X0_input_111_out_ap_vld  |  out|    1|      ap_vld|                       X0_input_111_out|       pointer|
|X0_input_110_out         |  out|   32|      ap_vld|                       X0_input_110_out|       pointer|
|X0_input_110_out_ap_vld  |  out|    1|      ap_vld|                       X0_input_110_out|       pointer|
|X0_input_109_out         |  out|   32|      ap_vld|                       X0_input_109_out|       pointer|
|X0_input_109_out_ap_vld  |  out|    1|      ap_vld|                       X0_input_109_out|       pointer|
|X0_input_108_out         |  out|   32|      ap_vld|                       X0_input_108_out|       pointer|
|X0_input_108_out_ap_vld  |  out|    1|      ap_vld|                       X0_input_108_out|       pointer|
|X0_input_107_out         |  out|   32|      ap_vld|                       X0_input_107_out|       pointer|
|X0_input_107_out_ap_vld  |  out|    1|      ap_vld|                       X0_input_107_out|       pointer|
|X0_input_106_out         |  out|   32|      ap_vld|                       X0_input_106_out|       pointer|
|X0_input_106_out_ap_vld  |  out|    1|      ap_vld|                       X0_input_106_out|       pointer|
|X0_input_105_out         |  out|   32|      ap_vld|                       X0_input_105_out|       pointer|
|X0_input_105_out_ap_vld  |  out|    1|      ap_vld|                       X0_input_105_out|       pointer|
|X0_input_104_out         |  out|   32|      ap_vld|                       X0_input_104_out|       pointer|
|X0_input_104_out_ap_vld  |  out|    1|      ap_vld|                       X0_input_104_out|       pointer|
|X0_input_103_out         |  out|   32|      ap_vld|                       X0_input_103_out|       pointer|
|X0_input_103_out_ap_vld  |  out|    1|      ap_vld|                       X0_input_103_out|       pointer|
|X0_input_102_out         |  out|   32|      ap_vld|                       X0_input_102_out|       pointer|
|X0_input_102_out_ap_vld  |  out|    1|      ap_vld|                       X0_input_102_out|       pointer|
|X0_input_101_out         |  out|   32|      ap_vld|                       X0_input_101_out|       pointer|
|X0_input_101_out_ap_vld  |  out|    1|      ap_vld|                       X0_input_101_out|       pointer|
|X0_input_100_out         |  out|   32|      ap_vld|                       X0_input_100_out|       pointer|
|X0_input_100_out_ap_vld  |  out|    1|      ap_vld|                       X0_input_100_out|       pointer|
|X0_input_99_out          |  out|   32|      ap_vld|                        X0_input_99_out|       pointer|
|X0_input_99_out_ap_vld   |  out|    1|      ap_vld|                        X0_input_99_out|       pointer|
|X0_input_98_out          |  out|   32|      ap_vld|                        X0_input_98_out|       pointer|
|X0_input_98_out_ap_vld   |  out|    1|      ap_vld|                        X0_input_98_out|       pointer|
|X0_input_97_out          |  out|   32|      ap_vld|                        X0_input_97_out|       pointer|
|X0_input_97_out_ap_vld   |  out|    1|      ap_vld|                        X0_input_97_out|       pointer|
|X0_input_96_out          |  out|   32|      ap_vld|                        X0_input_96_out|       pointer|
|X0_input_96_out_ap_vld   |  out|    1|      ap_vld|                        X0_input_96_out|       pointer|
|X0_input_95_out          |  out|   32|      ap_vld|                        X0_input_95_out|       pointer|
|X0_input_95_out_ap_vld   |  out|    1|      ap_vld|                        X0_input_95_out|       pointer|
|X0_input_94_out          |  out|   32|      ap_vld|                        X0_input_94_out|       pointer|
|X0_input_94_out_ap_vld   |  out|    1|      ap_vld|                        X0_input_94_out|       pointer|
|X0_input_93_out          |  out|   32|      ap_vld|                        X0_input_93_out|       pointer|
|X0_input_93_out_ap_vld   |  out|    1|      ap_vld|                        X0_input_93_out|       pointer|
|X0_input_92_out          |  out|   32|      ap_vld|                        X0_input_92_out|       pointer|
|X0_input_92_out_ap_vld   |  out|    1|      ap_vld|                        X0_input_92_out|       pointer|
|X0_input_91_out          |  out|   32|      ap_vld|                        X0_input_91_out|       pointer|
|X0_input_91_out_ap_vld   |  out|    1|      ap_vld|                        X0_input_91_out|       pointer|
|X0_input_90_out          |  out|   32|      ap_vld|                        X0_input_90_out|       pointer|
|X0_input_90_out_ap_vld   |  out|    1|      ap_vld|                        X0_input_90_out|       pointer|
|X0_input_89_out          |  out|   32|      ap_vld|                        X0_input_89_out|       pointer|
|X0_input_89_out_ap_vld   |  out|    1|      ap_vld|                        X0_input_89_out|       pointer|
|X0_input_88_out          |  out|   32|      ap_vld|                        X0_input_88_out|       pointer|
|X0_input_88_out_ap_vld   |  out|    1|      ap_vld|                        X0_input_88_out|       pointer|
|X0_input_87_out          |  out|   32|      ap_vld|                        X0_input_87_out|       pointer|
|X0_input_87_out_ap_vld   |  out|    1|      ap_vld|                        X0_input_87_out|       pointer|
|X0_input_86_out          |  out|   32|      ap_vld|                        X0_input_86_out|       pointer|
|X0_input_86_out_ap_vld   |  out|    1|      ap_vld|                        X0_input_86_out|       pointer|
|X0_input_85_out          |  out|   32|      ap_vld|                        X0_input_85_out|       pointer|
|X0_input_85_out_ap_vld   |  out|    1|      ap_vld|                        X0_input_85_out|       pointer|
|X0_input_84_out          |  out|   32|      ap_vld|                        X0_input_84_out|       pointer|
|X0_input_84_out_ap_vld   |  out|    1|      ap_vld|                        X0_input_84_out|       pointer|
|X0_input_83_out          |  out|   32|      ap_vld|                        X0_input_83_out|       pointer|
|X0_input_83_out_ap_vld   |  out|    1|      ap_vld|                        X0_input_83_out|       pointer|
|X0_input_82_out          |  out|   32|      ap_vld|                        X0_input_82_out|       pointer|
|X0_input_82_out_ap_vld   |  out|    1|      ap_vld|                        X0_input_82_out|       pointer|
|X0_input_81_out          |  out|   32|      ap_vld|                        X0_input_81_out|       pointer|
|X0_input_81_out_ap_vld   |  out|    1|      ap_vld|                        X0_input_81_out|       pointer|
|X0_input_80_out          |  out|   32|      ap_vld|                        X0_input_80_out|       pointer|
|X0_input_80_out_ap_vld   |  out|    1|      ap_vld|                        X0_input_80_out|       pointer|
|X0_input_79_out          |  out|   32|      ap_vld|                        X0_input_79_out|       pointer|
|X0_input_79_out_ap_vld   |  out|    1|      ap_vld|                        X0_input_79_out|       pointer|
|X0_input_78_out          |  out|   32|      ap_vld|                        X0_input_78_out|       pointer|
|X0_input_78_out_ap_vld   |  out|    1|      ap_vld|                        X0_input_78_out|       pointer|
|X0_input_77_out          |  out|   32|      ap_vld|                        X0_input_77_out|       pointer|
|X0_input_77_out_ap_vld   |  out|    1|      ap_vld|                        X0_input_77_out|       pointer|
|X0_input_76_out          |  out|   32|      ap_vld|                        X0_input_76_out|       pointer|
|X0_input_76_out_ap_vld   |  out|    1|      ap_vld|                        X0_input_76_out|       pointer|
|X0_input_75_out          |  out|   32|      ap_vld|                        X0_input_75_out|       pointer|
|X0_input_75_out_ap_vld   |  out|    1|      ap_vld|                        X0_input_75_out|       pointer|
|X0_input_74_out          |  out|   32|      ap_vld|                        X0_input_74_out|       pointer|
|X0_input_74_out_ap_vld   |  out|    1|      ap_vld|                        X0_input_74_out|       pointer|
|X0_input_73_out          |  out|   32|      ap_vld|                        X0_input_73_out|       pointer|
|X0_input_73_out_ap_vld   |  out|    1|      ap_vld|                        X0_input_73_out|       pointer|
|X0_input_72_out          |  out|   32|      ap_vld|                        X0_input_72_out|       pointer|
|X0_input_72_out_ap_vld   |  out|    1|      ap_vld|                        X0_input_72_out|       pointer|
|X0_input_71_out          |  out|   32|      ap_vld|                        X0_input_71_out|       pointer|
|X0_input_71_out_ap_vld   |  out|    1|      ap_vld|                        X0_input_71_out|       pointer|
|X0_input_70_out          |  out|   32|      ap_vld|                        X0_input_70_out|       pointer|
|X0_input_70_out_ap_vld   |  out|    1|      ap_vld|                        X0_input_70_out|       pointer|
|X0_input_69_out          |  out|   32|      ap_vld|                        X0_input_69_out|       pointer|
|X0_input_69_out_ap_vld   |  out|    1|      ap_vld|                        X0_input_69_out|       pointer|
|X0_input_68_out          |  out|   32|      ap_vld|                        X0_input_68_out|       pointer|
|X0_input_68_out_ap_vld   |  out|    1|      ap_vld|                        X0_input_68_out|       pointer|
|X0_input_67_out          |  out|   32|      ap_vld|                        X0_input_67_out|       pointer|
|X0_input_67_out_ap_vld   |  out|    1|      ap_vld|                        X0_input_67_out|       pointer|
|X0_input_66_out          |  out|   32|      ap_vld|                        X0_input_66_out|       pointer|
|X0_input_66_out_ap_vld   |  out|    1|      ap_vld|                        X0_input_66_out|       pointer|
|X0_input_65_out          |  out|   32|      ap_vld|                        X0_input_65_out|       pointer|
|X0_input_65_out_ap_vld   |  out|    1|      ap_vld|                        X0_input_65_out|       pointer|
|X0_input_64_out          |  out|   32|      ap_vld|                        X0_input_64_out|       pointer|
|X0_input_64_out_ap_vld   |  out|    1|      ap_vld|                        X0_input_64_out|       pointer|
|X0_input_63_out          |  out|   32|      ap_vld|                        X0_input_63_out|       pointer|
|X0_input_63_out_ap_vld   |  out|    1|      ap_vld|                        X0_input_63_out|       pointer|
|X0_input_62_out          |  out|   32|      ap_vld|                        X0_input_62_out|       pointer|
|X0_input_62_out_ap_vld   |  out|    1|      ap_vld|                        X0_input_62_out|       pointer|
|X0_input_61_out          |  out|   32|      ap_vld|                        X0_input_61_out|       pointer|
|X0_input_61_out_ap_vld   |  out|    1|      ap_vld|                        X0_input_61_out|       pointer|
|X0_input_60_out          |  out|   32|      ap_vld|                        X0_input_60_out|       pointer|
|X0_input_60_out_ap_vld   |  out|    1|      ap_vld|                        X0_input_60_out|       pointer|
|X0_input_59_out          |  out|   32|      ap_vld|                        X0_input_59_out|       pointer|
|X0_input_59_out_ap_vld   |  out|    1|      ap_vld|                        X0_input_59_out|       pointer|
|X0_input_58_out          |  out|   32|      ap_vld|                        X0_input_58_out|       pointer|
|X0_input_58_out_ap_vld   |  out|    1|      ap_vld|                        X0_input_58_out|       pointer|
|X0_input_57_out          |  out|   32|      ap_vld|                        X0_input_57_out|       pointer|
|X0_input_57_out_ap_vld   |  out|    1|      ap_vld|                        X0_input_57_out|       pointer|
|X0_input_56_out          |  out|   32|      ap_vld|                        X0_input_56_out|       pointer|
|X0_input_56_out_ap_vld   |  out|    1|      ap_vld|                        X0_input_56_out|       pointer|
|X0_input_55_out          |  out|   32|      ap_vld|                        X0_input_55_out|       pointer|
|X0_input_55_out_ap_vld   |  out|    1|      ap_vld|                        X0_input_55_out|       pointer|
|X0_input_54_out          |  out|   32|      ap_vld|                        X0_input_54_out|       pointer|
|X0_input_54_out_ap_vld   |  out|    1|      ap_vld|                        X0_input_54_out|       pointer|
|X0_input_53_out          |  out|   32|      ap_vld|                        X0_input_53_out|       pointer|
|X0_input_53_out_ap_vld   |  out|    1|      ap_vld|                        X0_input_53_out|       pointer|
|X0_input_52_out          |  out|   32|      ap_vld|                        X0_input_52_out|       pointer|
|X0_input_52_out_ap_vld   |  out|    1|      ap_vld|                        X0_input_52_out|       pointer|
|X0_input_51_out          |  out|   32|      ap_vld|                        X0_input_51_out|       pointer|
|X0_input_51_out_ap_vld   |  out|    1|      ap_vld|                        X0_input_51_out|       pointer|
|X0_input_50_out          |  out|   32|      ap_vld|                        X0_input_50_out|       pointer|
|X0_input_50_out_ap_vld   |  out|    1|      ap_vld|                        X0_input_50_out|       pointer|
|X0_input_49_out          |  out|   32|      ap_vld|                        X0_input_49_out|       pointer|
|X0_input_49_out_ap_vld   |  out|    1|      ap_vld|                        X0_input_49_out|       pointer|
|X0_input_48_out          |  out|   32|      ap_vld|                        X0_input_48_out|       pointer|
|X0_input_48_out_ap_vld   |  out|    1|      ap_vld|                        X0_input_48_out|       pointer|
|X0_input_47_out          |  out|   32|      ap_vld|                        X0_input_47_out|       pointer|
|X0_input_47_out_ap_vld   |  out|    1|      ap_vld|                        X0_input_47_out|       pointer|
|X0_input_46_out          |  out|   32|      ap_vld|                        X0_input_46_out|       pointer|
|X0_input_46_out_ap_vld   |  out|    1|      ap_vld|                        X0_input_46_out|       pointer|
|X0_input_45_out          |  out|   32|      ap_vld|                        X0_input_45_out|       pointer|
|X0_input_45_out_ap_vld   |  out|    1|      ap_vld|                        X0_input_45_out|       pointer|
|X0_input_44_out          |  out|   32|      ap_vld|                        X0_input_44_out|       pointer|
|X0_input_44_out_ap_vld   |  out|    1|      ap_vld|                        X0_input_44_out|       pointer|
|X0_input_43_out          |  out|   32|      ap_vld|                        X0_input_43_out|       pointer|
|X0_input_43_out_ap_vld   |  out|    1|      ap_vld|                        X0_input_43_out|       pointer|
|X0_input_42_out          |  out|   32|      ap_vld|                        X0_input_42_out|       pointer|
|X0_input_42_out_ap_vld   |  out|    1|      ap_vld|                        X0_input_42_out|       pointer|
|X0_input_41_out          |  out|   32|      ap_vld|                        X0_input_41_out|       pointer|
|X0_input_41_out_ap_vld   |  out|    1|      ap_vld|                        X0_input_41_out|       pointer|
|X0_input_40_out          |  out|   32|      ap_vld|                        X0_input_40_out|       pointer|
|X0_input_40_out_ap_vld   |  out|    1|      ap_vld|                        X0_input_40_out|       pointer|
|X0_input_39_out          |  out|   32|      ap_vld|                        X0_input_39_out|       pointer|
|X0_input_39_out_ap_vld   |  out|    1|      ap_vld|                        X0_input_39_out|       pointer|
|X0_input_38_out          |  out|   32|      ap_vld|                        X0_input_38_out|       pointer|
|X0_input_38_out_ap_vld   |  out|    1|      ap_vld|                        X0_input_38_out|       pointer|
|X0_input_37_out          |  out|   32|      ap_vld|                        X0_input_37_out|       pointer|
|X0_input_37_out_ap_vld   |  out|    1|      ap_vld|                        X0_input_37_out|       pointer|
|X0_input_36_out          |  out|   32|      ap_vld|                        X0_input_36_out|       pointer|
|X0_input_36_out_ap_vld   |  out|    1|      ap_vld|                        X0_input_36_out|       pointer|
|X0_input_35_out          |  out|   32|      ap_vld|                        X0_input_35_out|       pointer|
|X0_input_35_out_ap_vld   |  out|    1|      ap_vld|                        X0_input_35_out|       pointer|
|X0_input_34_out          |  out|   32|      ap_vld|                        X0_input_34_out|       pointer|
|X0_input_34_out_ap_vld   |  out|    1|      ap_vld|                        X0_input_34_out|       pointer|
|X0_input_33_out          |  out|   32|      ap_vld|                        X0_input_33_out|       pointer|
|X0_input_33_out_ap_vld   |  out|    1|      ap_vld|                        X0_input_33_out|       pointer|
|X0_input_32_out          |  out|   32|      ap_vld|                        X0_input_32_out|       pointer|
|X0_input_32_out_ap_vld   |  out|    1|      ap_vld|                        X0_input_32_out|       pointer|
|X0_input_31_out          |  out|   32|      ap_vld|                        X0_input_31_out|       pointer|
|X0_input_31_out_ap_vld   |  out|    1|      ap_vld|                        X0_input_31_out|       pointer|
|X0_input_30_out          |  out|   32|      ap_vld|                        X0_input_30_out|       pointer|
|X0_input_30_out_ap_vld   |  out|    1|      ap_vld|                        X0_input_30_out|       pointer|
|X0_input_29_out          |  out|   32|      ap_vld|                        X0_input_29_out|       pointer|
|X0_input_29_out_ap_vld   |  out|    1|      ap_vld|                        X0_input_29_out|       pointer|
|X0_input_28_out          |  out|   32|      ap_vld|                        X0_input_28_out|       pointer|
|X0_input_28_out_ap_vld   |  out|    1|      ap_vld|                        X0_input_28_out|       pointer|
|X0_input_27_out          |  out|   32|      ap_vld|                        X0_input_27_out|       pointer|
|X0_input_27_out_ap_vld   |  out|    1|      ap_vld|                        X0_input_27_out|       pointer|
|X0_input_26_out          |  out|   32|      ap_vld|                        X0_input_26_out|       pointer|
|X0_input_26_out_ap_vld   |  out|    1|      ap_vld|                        X0_input_26_out|       pointer|
|X0_input_25_out          |  out|   32|      ap_vld|                        X0_input_25_out|       pointer|
|X0_input_25_out_ap_vld   |  out|    1|      ap_vld|                        X0_input_25_out|       pointer|
|X0_input_24_out          |  out|   32|      ap_vld|                        X0_input_24_out|       pointer|
|X0_input_24_out_ap_vld   |  out|    1|      ap_vld|                        X0_input_24_out|       pointer|
|X0_input_23_out          |  out|   32|      ap_vld|                        X0_input_23_out|       pointer|
|X0_input_23_out_ap_vld   |  out|    1|      ap_vld|                        X0_input_23_out|       pointer|
|X0_input_22_out          |  out|   32|      ap_vld|                        X0_input_22_out|       pointer|
|X0_input_22_out_ap_vld   |  out|    1|      ap_vld|                        X0_input_22_out|       pointer|
|X0_input_21_out          |  out|   32|      ap_vld|                        X0_input_21_out|       pointer|
|X0_input_21_out_ap_vld   |  out|    1|      ap_vld|                        X0_input_21_out|       pointer|
|X0_input_20_out          |  out|   32|      ap_vld|                        X0_input_20_out|       pointer|
|X0_input_20_out_ap_vld   |  out|    1|      ap_vld|                        X0_input_20_out|       pointer|
|X0_input_19_out          |  out|   32|      ap_vld|                        X0_input_19_out|       pointer|
|X0_input_19_out_ap_vld   |  out|    1|      ap_vld|                        X0_input_19_out|       pointer|
|X0_input_18_out          |  out|   32|      ap_vld|                        X0_input_18_out|       pointer|
|X0_input_18_out_ap_vld   |  out|    1|      ap_vld|                        X0_input_18_out|       pointer|
|X0_input_17_out          |  out|   32|      ap_vld|                        X0_input_17_out|       pointer|
|X0_input_17_out_ap_vld   |  out|    1|      ap_vld|                        X0_input_17_out|       pointer|
|X0_input_16_out          |  out|   32|      ap_vld|                        X0_input_16_out|       pointer|
|X0_input_16_out_ap_vld   |  out|    1|      ap_vld|                        X0_input_16_out|       pointer|
|X0_input_15_out          |  out|   32|      ap_vld|                        X0_input_15_out|       pointer|
|X0_input_15_out_ap_vld   |  out|    1|      ap_vld|                        X0_input_15_out|       pointer|
|X0_input_14_out          |  out|   32|      ap_vld|                        X0_input_14_out|       pointer|
|X0_input_14_out_ap_vld   |  out|    1|      ap_vld|                        X0_input_14_out|       pointer|
|X0_input_13_out          |  out|   32|      ap_vld|                        X0_input_13_out|       pointer|
|X0_input_13_out_ap_vld   |  out|    1|      ap_vld|                        X0_input_13_out|       pointer|
|X0_input_12_out          |  out|   32|      ap_vld|                        X0_input_12_out|       pointer|
|X0_input_12_out_ap_vld   |  out|    1|      ap_vld|                        X0_input_12_out|       pointer|
|X0_input_11_out          |  out|   32|      ap_vld|                        X0_input_11_out|       pointer|
|X0_input_11_out_ap_vld   |  out|    1|      ap_vld|                        X0_input_11_out|       pointer|
|X0_input_10_out          |  out|   32|      ap_vld|                        X0_input_10_out|       pointer|
|X0_input_10_out_ap_vld   |  out|    1|      ap_vld|                        X0_input_10_out|       pointer|
|X0_input_9_out           |  out|   32|      ap_vld|                         X0_input_9_out|       pointer|
|X0_input_9_out_ap_vld    |  out|    1|      ap_vld|                         X0_input_9_out|       pointer|
|X0_input_8_out           |  out|   32|      ap_vld|                         X0_input_8_out|       pointer|
|X0_input_8_out_ap_vld    |  out|    1|      ap_vld|                         X0_input_8_out|       pointer|
|X0_input_7_out           |  out|   32|      ap_vld|                         X0_input_7_out|       pointer|
|X0_input_7_out_ap_vld    |  out|    1|      ap_vld|                         X0_input_7_out|       pointer|
|X0_input_6_out           |  out|   32|      ap_vld|                         X0_input_6_out|       pointer|
|X0_input_6_out_ap_vld    |  out|    1|      ap_vld|                         X0_input_6_out|       pointer|
|X0_input_5_out           |  out|   32|      ap_vld|                         X0_input_5_out|       pointer|
|X0_input_5_out_ap_vld    |  out|    1|      ap_vld|                         X0_input_5_out|       pointer|
|X0_input_4_out           |  out|   32|      ap_vld|                         X0_input_4_out|       pointer|
|X0_input_4_out_ap_vld    |  out|    1|      ap_vld|                         X0_input_4_out|       pointer|
|X0_input_3_out           |  out|   32|      ap_vld|                         X0_input_3_out|       pointer|
|X0_input_3_out_ap_vld    |  out|    1|      ap_vld|                         X0_input_3_out|       pointer|
|X0_input_2_out           |  out|   32|      ap_vld|                         X0_input_2_out|       pointer|
|X0_input_2_out_ap_vld    |  out|    1|      ap_vld|                         X0_input_2_out|       pointer|
|X0_input_1_out           |  out|   32|      ap_vld|                         X0_input_1_out|       pointer|
|X0_input_1_out_ap_vld    |  out|    1|      ap_vld|                         X0_input_1_out|       pointer|
|X0_input_out             |  out|   32|      ap_vld|                           X0_input_out|       pointer|
|X0_input_out_ap_vld      |  out|    1|      ap_vld|                           X0_input_out|       pointer|
+-------------------------+-----+-----+------------+---------------------------------------+--------------+

