

================================================================
== Vitis HLS Report for 'feedforward_burst_Pipeline_VITIS_LOOP_233_4'
================================================================
* Date:           Sun Jun 15 01:02:49 2025

* Version:        2024.2 (Build 5238294 on Nov  8 2024)
* Project:        bnn_hls
* Solution:       hls (Vivado IP Flow Target)
* Product family: zynq
* Target device:  xc7z020-clg400-1


================================================================
== Performance Estimates
================================================================
+ Timing: 
    * Summary: 
    +--------+----------+----------+------------+
    |  Clock |  Target  | Estimated| Uncertainty|
    +--------+----------+----------+------------+
    |ap_clk  |  10.00 ns|  7.196 ns|     2.70 ns|
    +--------+----------+----------+------------+

+ Latency: 
    * Summary: 
    +---------+---------+----------+----------+-----+-----+------------------------------------------------+
    |  Latency (cycles) |  Latency (absolute) |  Interval |                    Pipeline                    |
    |   min   |   max   |    min   |    max   | min | max |                      Type                      |
    +---------+---------+----------+----------+-----+-----+------------------------------------------------+
    |       18|       18|  0.180 us|  0.180 us|   17|   17|  loop auto-rewind stp (delay=0 clock cycles(s))|
    +---------+---------+----------+----------+-----+-----+------------------------------------------------+

    + Detail: 
        * Instance: 
        N/A

        * Loop: 
        +--------------------+---------+---------+----------+-----------+-----------+------+----------+
        |                    |  Latency (cycles) | Iteration|  Initiation Interval  | Trip |          |
        |      Loop Name     |   min   |   max   |  Latency |  achieved |   target  | Count| Pipelined|
        +--------------------+---------+---------+----------+-----------+-----------+------+----------+
        |- VITIS_LOOP_233_4  |       16|       16|         2|          1|          1|    16|       yes|
        +--------------------+---------+---------+----------+-----------+-----------+------+----------+



================================================================
== Utilization Estimates
================================================================
* Summary: 
+-----------------+---------+-----+--------+-------+-----+
|       Name      | BRAM_18K| DSP |   FF   |  LUT  | URAM|
+-----------------+---------+-----+--------+-------+-----+
|DSP              |        -|    -|       -|      -|    -|
|Expression       |        -|    -|       0|    172|    -|
|FIFO             |        -|    -|       -|      -|    -|
|Instance         |        -|    -|       -|      -|    -|
|Memory           |        -|    -|       -|      -|    -|
|Multiplexer      |        -|    -|       0|     36|    -|
|Register         |        -|    -|      26|      -|    -|
+-----------------+---------+-----+--------+-------+-----+
|Total            |        0|    0|      26|    208|    0|
+-----------------+---------+-----+--------+-------+-----+
|Available        |      280|  220|  106400|  53200|    0|
+-----------------+---------+-----+--------+-------+-----+
|Utilization (%)  |        0|    0|      ~0|     ~0|    0|
+-----------------+---------+-----+--------+-------+-----+

+ Detail: 
    * Instance: 
    N/A

    * DSP: 
    N/A

    * Memory: 
    N/A

    * FIFO: 
    N/A

    * Expression: 
    +-----------------------+----------+----+---+----+------------+------------+
    |     Variable Name     | Operation| DSP| FF| LUT| Bitwidth P0| Bitwidth P1|
    +-----------------------+----------+----+---+----+------------+------------+
    |add_ln233_fu_150_p2    |         +|   0|  0|  14|           7|           3|
    |add_ln236_1_fu_180_p2  |         +|   0|  0|  39|          32|           9|
    |add_ln236_2_fu_193_p2  |         +|   0|  0|  39|          32|           9|
    |add_ln236_3_fu_206_p2  |         +|   0|  0|  39|          32|           9|
    |add_ln236_fu_167_p2    |         +|   0|  0|  39|          32|           9|
    |ap_enable_pp0          |       xor|   0|  0|   2|           1|           2|
    +-----------------------+----------+----+---+----+------------+------------+
    |Total                  |          |   0|  0| 172|         136|          41|
    +-----------------------+----------+----+---+----+------------+------------+

    * Multiplexer: 
    +-------------------------+----+-----------+-----+-----------+
    |           Name          | LUT| Input Size| Bits| Total Bits|
    +-------------------------+----+-----------+-----+-----------+
    |ap_done_int              |   9|          2|    1|          2|
    |ap_enable_reg_pp0_iter1  |   9|          2|    1|          2|
    |ap_sig_allocacmp_i_3     |   9|          2|    7|         14|
    |i_fu_44                  |   9|          2|    7|         14|
    +-------------------------+----+-----------+-----+-----------+
    |Total                    |  36|          8|   16|         32|
    +-------------------------+----+-----------+-----+-----------+

    * Register: 
    +-----------------------------------+---+----+-----+-----------+
    |                Name               | FF| LUT| Bits| Const Bits|
    +-----------------------------------+---+----+-----+-----------+
    |ap_CS_fsm                          |  1|   0|    1|          0|
    |ap_done_reg                        |  1|   0|    1|          0|
    |ap_enable_reg_pp0_iter1            |  1|   0|    1|          0|
    |i_fu_44                            |  7|   0|    7|          0|
    |layer2_activations_1_addr_reg_229  |  4|   0|    4|          0|
    |layer2_activations_2_addr_reg_235  |  4|   0|    4|          0|
    |layer2_activations_3_addr_reg_241  |  4|   0|    4|          0|
    |layer2_activations_addr_reg_223    |  4|   0|    4|          0|
    +-----------------------------------+---+----+-----+-----------+
    |Total                              | 26|   0|   26|          0|
    +-----------------------------------+---+----+-----+-----------+



================================================================
== Interface
================================================================
* Summary: 
+-------------------------------+-----+-----+------------+---------------------------------------------+--------------+
|           RTL Ports           | Dir | Bits|  Protocol  |                Source Object                |    C Type    |
+-------------------------------+-----+-----+------------+---------------------------------------------+--------------+
|ap_clk                         |   in|    1|  ap_ctrl_hs|  feedforward_burst_Pipeline_VITIS_LOOP_233_4|  return value|
|ap_rst                         |   in|    1|  ap_ctrl_hs|  feedforward_burst_Pipeline_VITIS_LOOP_233_4|  return value|
|ap_start                       |   in|    1|  ap_ctrl_hs|  feedforward_burst_Pipeline_VITIS_LOOP_233_4|  return value|
|ap_done                        |  out|    1|  ap_ctrl_hs|  feedforward_burst_Pipeline_VITIS_LOOP_233_4|  return value|
|ap_idle                        |  out|    1|  ap_ctrl_hs|  feedforward_burst_Pipeline_VITIS_LOOP_233_4|  return value|
|ap_ready                       |  out|    1|  ap_ctrl_hs|  feedforward_burst_Pipeline_VITIS_LOOP_233_4|  return value|
|layer2_activations_3_address0  |  out|    4|   ap_memory|                         layer2_activations_3|         array|
|layer2_activations_3_ce0       |  out|    1|   ap_memory|                         layer2_activations_3|         array|
|layer2_activations_3_we0       |  out|    1|   ap_memory|                         layer2_activations_3|         array|
|layer2_activations_3_d0        |  out|   32|   ap_memory|                         layer2_activations_3|         array|
|layer2_activations_3_address1  |  out|    4|   ap_memory|                         layer2_activations_3|         array|
|layer2_activations_3_ce1       |  out|    1|   ap_memory|                         layer2_activations_3|         array|
|layer2_activations_3_q1        |   in|   32|   ap_memory|                         layer2_activations_3|         array|
|layer2_activations_2_address0  |  out|    4|   ap_memory|                         layer2_activations_2|         array|
|layer2_activations_2_ce0       |  out|    1|   ap_memory|                         layer2_activations_2|         array|
|layer2_activations_2_we0       |  out|    1|   ap_memory|                         layer2_activations_2|         array|
|layer2_activations_2_d0        |  out|   32|   ap_memory|                         layer2_activations_2|         array|
|layer2_activations_2_address1  |  out|    4|   ap_memory|                         layer2_activations_2|         array|
|layer2_activations_2_ce1       |  out|    1|   ap_memory|                         layer2_activations_2|         array|
|layer2_activations_2_q1        |   in|   32|   ap_memory|                         layer2_activations_2|         array|
|layer2_activations_1_address0  |  out|    4|   ap_memory|                         layer2_activations_1|         array|
|layer2_activations_1_ce0       |  out|    1|   ap_memory|                         layer2_activations_1|         array|
|layer2_activations_1_we0       |  out|    1|   ap_memory|                         layer2_activations_1|         array|
|layer2_activations_1_d0        |  out|   32|   ap_memory|                         layer2_activations_1|         array|
|layer2_activations_1_address1  |  out|    4|   ap_memory|                         layer2_activations_1|         array|
|layer2_activations_1_ce1       |  out|    1|   ap_memory|                         layer2_activations_1|         array|
|layer2_activations_1_q1        |   in|   32|   ap_memory|                         layer2_activations_1|         array|
|layer2_activations_address0    |  out|    4|   ap_memory|                           layer2_activations|         array|
|layer2_activations_ce0         |  out|    1|   ap_memory|                           layer2_activations|         array|
|layer2_activations_we0         |  out|    1|   ap_memory|                           layer2_activations|         array|
|layer2_activations_d0          |  out|   32|   ap_memory|                           layer2_activations|         array|
|layer2_activations_address1    |  out|    4|   ap_memory|                           layer2_activations|         array|
|layer2_activations_ce1         |  out|    1|   ap_memory|                           layer2_activations|         array|
|layer2_activations_q1          |   in|   32|   ap_memory|                           layer2_activations|         array|
+-------------------------------+-----+-----+------------+---------------------------------------------+--------------+

