

================================================================
== Vitis HLS Report for 'feedforward_Pipeline_VITIS_LOOP_153_5'
================================================================
* Date:           Fri Jun 13 23:25:28 2025

* Version:        2024.2 (Build 5238294 on Nov  8 2024)
* Project:        bnn_hls
* Solution:       hls (Vivado IP Flow Target)
* Product family: zynq
* Target device:  xc7z020-clg400-1


================================================================
== Performance Estimates
================================================================
+ Timing: 
    * Summary: 
    +--------+----------+----------+------------+
    |  Clock |  Target  | Estimated| Uncertainty|
    +--------+----------+----------+------------+
    |ap_clk  |  10.00 ns|  6.701 ns|     2.70 ns|
    +--------+----------+----------+------------+

+ Latency: 
    * Summary: 
    +---------+---------+----------+----------+-----+-----+------------------------------------------------+
    |  Latency (cycles) |  Latency (absolute) |  Interval |                    Pipeline                    |
    |   min   |   max   |    min   |    max   | min | max |                      Type                      |
    +---------+---------+----------+----------+-----+-----+------------------------------------------------+
    |       67|       67|  0.670 us|  0.670 us|   65|   65|  loop auto-rewind stp (delay=0 clock cycles(s))|
    +---------+---------+----------+----------+-----+-----+------------------------------------------------+

    + Detail: 
        * Instance: 
        N/A

        * Loop: 
        +--------------------+---------+---------+----------+-----------+-----------+------+----------+
        |                    |  Latency (cycles) | Iteration|  Initiation Interval  | Trip |          |
        |      Loop Name     |   min   |   max   |  Latency |  achieved |   target  | Count| Pipelined|
        +--------------------+---------+---------+----------+-----------+-----------+------+----------+
        |- VITIS_LOOP_153_5  |       65|       65|         3|          1|          1|    64|       yes|
        +--------------------+---------+---------+----------+-----------+-----------+------+----------+



================================================================
== Utilization Estimates
================================================================
* Summary: 
+-----------------+---------+-----+--------+-------+-----+
|       Name      | BRAM_18K| DSP |   FF   |  LUT  | URAM|
+-----------------+---------+-----+--------+-------+-----+
|DSP              |        -|    -|       -|      -|    -|
|Expression       |        -|    -|       0|     79|    -|
|FIFO             |        -|    -|       -|      -|    -|
|Instance         |        -|    -|       0|     20|    -|
|Memory           |        -|    -|       -|      -|    -|
|Multiplexer      |        -|    -|       0|     36|    -|
|Register         |        -|    -|     150|      -|    -|
+-----------------+---------+-----+--------+-------+-----+
|Total            |        0|    0|     150|    135|    0|
+-----------------+---------+-----+--------+-------+-----+
|Available        |      280|  220|  106400|  53200|    0|
+-----------------+---------+-----+--------+-------+-----+
|Utilization (%)  |        0|    0|      ~0|     ~0|    0|
+-----------------+---------+-----+--------+-------+-----+

+ Detail: 
    * Instance: 
    +----------------------------+----------------------+---------+----+---+----+-----+
    |          Instance          |        Module        | BRAM_18K| DSP| FF| LUT| URAM|
    +----------------------------+----------------------+---------+----+---+----+-----+
    |sparsemux_9_2_32_1_1_U1854  |sparsemux_9_2_32_1_1  |        0|   0|  0|  20|    0|
    +----------------------------+----------------------+---------+----+---+----+-----+
    |Total                       |                      |        0|   0|  0|  20|    0|
    +----------------------------+----------------------+---------+----+---+----+-----+

    * DSP: 
    N/A

    * Memory: 
    N/A

    * FIFO: 
    N/A

    * Expression: 
    +-------------------------+----------+----+---+----+------------+------------+
    |      Variable Name      | Operation| DSP| FF| LUT| Bitwidth P0| Bitwidth P1|
    +-------------------------+----------+----+---+----+------------+------------+
    |add_ln153_fu_1084_p2     |         +|   0|  0|  14|           7|           1|
    |icmp_ln153_fu_1078_p2    |      icmp|   0|  0|  15|           7|           8|
    |icmp_ln41_fu_1144_p2     |      icmp|   0|  0|  39|          32|           1|
    |select_ln156_fu_1150_p3  |    select|   0|  0|   9|           1|           1|
    |ap_enable_pp0            |       xor|   0|  0|   2|           1|           2|
    +-------------------------+----------+----+---+----+------------+------------+
    |Total                    |          |   0|  0|  79|          48|          13|
    +-------------------------+----------+----+---+----+------------+------------+

    * Multiplexer: 
    +-------------------------+----+-----------+-----+-----------+
    |           Name          | LUT| Input Size| Bits| Total Bits|
    +-------------------------+----+-----------+-----+-----------+
    |ap_done_int              |   9|          2|    1|          2|
    |ap_enable_reg_pp0_iter1  |   9|          2|    1|          2|
    |ap_sig_allocacmp_i_3     |   9|          2|    7|         14|
    |i_fu_310                 |   9|          2|    7|         14|
    +-------------------------+----+-----------+-----+-----------+
    |Total                    |  36|          8|   16|         32|
    +-------------------------+----+-----------+-----+-----------+

    * Register: 
    +----------------------------------+---+----+-----+-----------+
    |               Name               | FF| LUT| Bits| Const Bits|
    +----------------------------------+---+----+-----+-----------+
    |ap_CS_fsm                         |  1|   0|    1|          0|
    |ap_done_reg                       |  1|   0|    1|          0|
    |ap_enable_reg_pp0_iter1           |  1|   0|    1|          0|
    |ap_enable_reg_pp0_iter2           |  1|   0|    1|          0|
    |ap_loop_exit_ready_pp0_iter1_reg  |  1|   0|    1|          0|
    |ap_predicate_pred1003_state3      |  1|   0|    1|          0|
    |ap_predicate_pred1012_state3      |  1|   0|    1|          0|
    |ap_predicate_pred439_state3       |  1|   0|    1|          0|
    |ap_predicate_pred454_state3       |  1|   0|    1|          0|
    |ap_predicate_pred463_state3       |  1|   0|    1|          0|
    |ap_predicate_pred472_state3       |  1|   0|    1|          0|
    |ap_predicate_pred481_state3       |  1|   0|    1|          0|
    |ap_predicate_pred490_state3       |  1|   0|    1|          0|
    |ap_predicate_pred499_state3       |  1|   0|    1|          0|
    |ap_predicate_pred508_state3       |  1|   0|    1|          0|
    |ap_predicate_pred517_state3       |  1|   0|    1|          0|
    |ap_predicate_pred526_state3       |  1|   0|    1|          0|
    |ap_predicate_pred535_state3       |  1|   0|    1|          0|
    |ap_predicate_pred544_state3       |  1|   0|    1|          0|
    |ap_predicate_pred553_state3       |  1|   0|    1|          0|
    |ap_predicate_pred562_state3       |  1|   0|    1|          0|
    |ap_predicate_pred571_state3       |  1|   0|    1|          0|
    |ap_predicate_pred580_state3       |  1|   0|    1|          0|
    |ap_predicate_pred589_state3       |  1|   0|    1|          0|
    |ap_predicate_pred598_state3       |  1|   0|    1|          0|
    |ap_predicate_pred607_state3       |  1|   0|    1|          0|
    |ap_predicate_pred616_state3       |  1|   0|    1|          0|
    |ap_predicate_pred625_state3       |  1|   0|    1|          0|
    |ap_predicate_pred634_state3       |  1|   0|    1|          0|
    |ap_predicate_pred643_state3       |  1|   0|    1|          0|
    |ap_predicate_pred652_state3       |  1|   0|    1|          0|
    |ap_predicate_pred661_state3       |  1|   0|    1|          0|
    |ap_predicate_pred670_state3       |  1|   0|    1|          0|
    |ap_predicate_pred679_state3       |  1|   0|    1|          0|
    |ap_predicate_pred688_state3       |  1|   0|    1|          0|
    |ap_predicate_pred697_state3       |  1|   0|    1|          0|
    |ap_predicate_pred706_state3       |  1|   0|    1|          0|
    |ap_predicate_pred715_state3       |  1|   0|    1|          0|
    |ap_predicate_pred724_state3       |  1|   0|    1|          0|
    |ap_predicate_pred733_state3       |  1|   0|    1|          0|
    |ap_predicate_pred742_state3       |  1|   0|    1|          0|
    |ap_predicate_pred751_state3       |  1|   0|    1|          0|
    |ap_predicate_pred760_state3       |  1|   0|    1|          0|
    |ap_predicate_pred769_state3       |  1|   0|    1|          0|
    |ap_predicate_pred778_state3       |  1|   0|    1|          0|
    |ap_predicate_pred787_state3       |  1|   0|    1|          0|
    |ap_predicate_pred796_state3       |  1|   0|    1|          0|
    |ap_predicate_pred805_state3       |  1|   0|    1|          0|
    |ap_predicate_pred814_state3       |  1|   0|    1|          0|
    |ap_predicate_pred823_state3       |  1|   0|    1|          0|
    |ap_predicate_pred832_state3       |  1|   0|    1|          0|
    |ap_predicate_pred841_state3       |  1|   0|    1|          0|
    |ap_predicate_pred850_state3       |  1|   0|    1|          0|
    |ap_predicate_pred859_state3       |  1|   0|    1|          0|
    |ap_predicate_pred868_state3       |  1|   0|    1|          0|
    |ap_predicate_pred877_state3       |  1|   0|    1|          0|
    |ap_predicate_pred886_state3       |  1|   0|    1|          0|
    |ap_predicate_pred895_state3       |  1|   0|    1|          0|
    |ap_predicate_pred904_state3       |  1|   0|    1|          0|
    |ap_predicate_pred913_state3       |  1|   0|    1|          0|
    |ap_predicate_pred922_state3       |  1|   0|    1|          0|
    |ap_predicate_pred931_state3       |  1|   0|    1|          0|
    |ap_predicate_pred940_state3       |  1|   0|    1|          0|
    |ap_predicate_pred949_state3       |  1|   0|    1|          0|
    |ap_predicate_pred958_state3       |  1|   0|    1|          0|
    |ap_predicate_pred967_state3       |  1|   0|    1|          0|
    |ap_predicate_pred976_state3       |  1|   0|    1|          0|
    |ap_predicate_pred985_state3       |  1|   0|    1|          0|
    |ap_predicate_pred994_state3       |  1|   0|    1|          0|
    |i_fu_310                          |  7|   0|    7|          0|
    |icmp_ln153_reg_2124               |  1|   0|    1|          0|
    |icmp_ln41_reg_2157                |  1|   0|    1|          0|
    |shl_i_i_i_i653101_fu_514          |  1|   0|   32|         31|
    |shl_i_i_i_i653103_fu_518          |  1|   0|   32|         31|
    |shl_i_i_i_i653105_fu_522          |  1|   0|   32|         31|
    |shl_i_i_i_i653107_fu_526          |  1|   0|   32|         31|
    |shl_i_i_i_i653109_fu_530          |  1|   0|   32|         31|
    |shl_i_i_i_i653111_fu_534          |  1|   0|   32|         31|
    |shl_i_i_i_i653113_fu_538          |  1|   0|   32|         31|
    |shl_i_i_i_i653115_fu_542          |  1|   0|   32|         31|
    |shl_i_i_i_i653117_fu_546          |  1|   0|   32|         31|
    |shl_i_i_i_i653119_fu_550          |  1|   0|   32|         31|
    |shl_i_i_i_i65311_fu_334           |  1|   0|   32|         31|
    |shl_i_i_i_i653121_fu_554          |  1|   0|   32|         31|
    |shl_i_i_i_i653123_fu_558          |  1|   0|   32|         31|
    |shl_i_i_i_i653125_fu_562          |  1|   0|   32|         31|
    |shl_i_i_i_i653127_fu_566          |  1|   0|   32|         31|
    |shl_i_i_i_i65313_fu_338           |  1|   0|   32|         31|
    |shl_i_i_i_i65315_fu_342           |  1|   0|   32|         31|
    |shl_i_i_i_i65317_fu_346           |  1|   0|   32|         31|
    |shl_i_i_i_i65319_fu_350           |  1|   0|   32|         31|
    |shl_i_i_i_i6531_fu_314            |  1|   0|   32|         31|
    |shl_i_i_i_i65321_fu_354           |  1|   0|   32|         31|
    |shl_i_i_i_i65323_fu_358           |  1|   0|   32|         31|
    |shl_i_i_i_i65325_fu_362           |  1|   0|   32|         31|
    |shl_i_i_i_i65327_fu_366           |  1|   0|   32|         31|
    |shl_i_i_i_i65329_fu_370           |  1|   0|   32|         31|
    |shl_i_i_i_i65331_fu_374           |  1|   0|   32|         31|
    |shl_i_i_i_i65333_fu_378           |  1|   0|   32|         31|
    |shl_i_i_i_i65335_fu_382           |  1|   0|   32|         31|
    |shl_i_i_i_i65337_fu_386           |  1|   0|   32|         31|
    |shl_i_i_i_i65339_fu_390           |  1|   0|   32|         31|
    |shl_i_i_i_i6533_fu_318            |  1|   0|   32|         31|
    |shl_i_i_i_i65341_fu_394           |  1|   0|   32|         31|
    |shl_i_i_i_i65343_fu_398           |  1|   0|   32|         31|
    |shl_i_i_i_i65345_fu_402           |  1|   0|   32|         31|
    |shl_i_i_i_i65347_fu_406           |  1|   0|   32|         31|
    |shl_i_i_i_i65349_fu_410           |  1|   0|   32|         31|
    |shl_i_i_i_i65351_fu_414           |  1|   0|   32|         31|
    |shl_i_i_i_i65353_fu_418           |  1|   0|   32|         31|
    |shl_i_i_i_i65355_fu_422           |  1|   0|   32|         31|
    |shl_i_i_i_i65357_fu_426           |  1|   0|   32|         31|
    |shl_i_i_i_i65359_fu_430           |  1|   0|   32|         31|
    |shl_i_i_i_i6535_fu_322            |  1|   0|   32|         31|
    |shl_i_i_i_i65361_fu_434           |  1|   0|   32|         31|
    |shl_i_i_i_i65363_fu_438           |  1|   0|   32|         31|
    |shl_i_i_i_i65365_fu_442           |  1|   0|   32|         31|
    |shl_i_i_i_i65367_fu_446           |  1|   0|   32|         31|
    |shl_i_i_i_i65369_fu_450           |  1|   0|   32|         31|
    |shl_i_i_i_i65371_fu_454           |  1|   0|   32|         31|
    |shl_i_i_i_i65373_fu_458           |  1|   0|   32|         31|
    |shl_i_i_i_i65375_fu_462           |  1|   0|   32|         31|
    |shl_i_i_i_i65377_fu_466           |  1|   0|   32|         31|
    |shl_i_i_i_i65379_fu_470           |  1|   0|   32|         31|
    |shl_i_i_i_i6537_fu_326            |  1|   0|   32|         31|
    |shl_i_i_i_i65381_fu_474           |  1|   0|   32|         31|
    |shl_i_i_i_i65383_fu_478           |  1|   0|   32|         31|
    |shl_i_i_i_i65385_fu_482           |  1|   0|   32|         31|
    |shl_i_i_i_i65387_fu_486           |  1|   0|   32|         31|
    |shl_i_i_i_i65389_fu_490           |  1|   0|   32|         31|
    |shl_i_i_i_i65391_fu_494           |  1|   0|   32|         31|
    |shl_i_i_i_i65393_fu_498           |  1|   0|   32|         31|
    |shl_i_i_i_i65395_fu_502           |  1|   0|   32|         31|
    |shl_i_i_i_i65397_fu_506           |  1|   0|   32|         31|
    |shl_i_i_i_i65399_fu_510           |  1|   0|   32|         31|
    |shl_i_i_i_i6539_fu_330            |  1|   0|   32|         31|
    |trunc_ln153_1_reg_2133            |  6|   0|    6|          0|
    |trunc_ln153_reg_2128              |  2|   0|    2|          0|
    +----------------------------------+---+----+-----+-----------+
    |Total                             |150|   0| 2134|       1984|
    +----------------------------------+---+----+-----+-----------+



================================================================
== Interface
================================================================
* Summary: 
+-------------------------------+-----+-----+------------+---------------------------------------+--------------+
|           RTL Ports           | Dir | Bits|  Protocol  |             Source Object             |    C Type    |
+-------------------------------+-----+-----+------------+---------------------------------------+--------------+
|ap_clk                         |   in|    1|  ap_ctrl_hs|  feedforward_Pipeline_VITIS_LOOP_153_5|  return value|
|ap_rst                         |   in|    1|  ap_ctrl_hs|  feedforward_Pipeline_VITIS_LOOP_153_5|  return value|
|ap_start                       |   in|    1|  ap_ctrl_hs|  feedforward_Pipeline_VITIS_LOOP_153_5|  return value|
|ap_done                        |  out|    1|  ap_ctrl_hs|  feedforward_Pipeline_VITIS_LOOP_153_5|  return value|
|ap_idle                        |  out|    1|  ap_ctrl_hs|  feedforward_Pipeline_VITIS_LOOP_153_5|  return value|
|ap_ready                       |  out|    1|  ap_ctrl_hs|  feedforward_Pipeline_VITIS_LOOP_153_5|  return value|
|layer2_activations_address0    |  out|    4|   ap_memory|                     layer2_activations|         array|
|layer2_activations_ce0         |  out|    1|   ap_memory|                     layer2_activations|         array|
|layer2_activations_q0          |   in|   32|   ap_memory|                     layer2_activations|         array|
|layer2_activations_1_address0  |  out|    4|   ap_memory|                   layer2_activations_1|         array|
|layer2_activations_1_ce0       |  out|    1|   ap_memory|                   layer2_activations_1|         array|
|layer2_activations_1_q0        |   in|   32|   ap_memory|                   layer2_activations_1|         array|
|layer2_activations_2_address0  |  out|    4|   ap_memory|                   layer2_activations_2|         array|
|layer2_activations_2_ce0       |  out|    1|   ap_memory|                   layer2_activations_2|         array|
|layer2_activations_2_q0        |   in|   32|   ap_memory|                   layer2_activations_2|         array|
|layer2_activations_3_address0  |  out|    4|   ap_memory|                   layer2_activations_3|         array|
|layer2_activations_3_ce0       |  out|    1|   ap_memory|                   layer2_activations_3|         array|
|layer2_activations_3_q0        |   in|   32|   ap_memory|                   layer2_activations_3|         array|
|shl_i_i_i_i653127_out          |  out|   32|      ap_vld|                  shl_i_i_i_i653127_out|       pointer|
|shl_i_i_i_i653127_out_ap_vld   |  out|    1|      ap_vld|                  shl_i_i_i_i653127_out|       pointer|
|shl_i_i_i_i653125_out          |  out|   32|      ap_vld|                  shl_i_i_i_i653125_out|       pointer|
|shl_i_i_i_i653125_out_ap_vld   |  out|    1|      ap_vld|                  shl_i_i_i_i653125_out|       pointer|
|shl_i_i_i_i653123_out          |  out|   32|      ap_vld|                  shl_i_i_i_i653123_out|       pointer|
|shl_i_i_i_i653123_out_ap_vld   |  out|    1|      ap_vld|                  shl_i_i_i_i653123_out|       pointer|
|shl_i_i_i_i653121_out          |  out|   32|      ap_vld|                  shl_i_i_i_i653121_out|       pointer|
|shl_i_i_i_i653121_out_ap_vld   |  out|    1|      ap_vld|                  shl_i_i_i_i653121_out|       pointer|
|shl_i_i_i_i653119_out          |  out|   32|      ap_vld|                  shl_i_i_i_i653119_out|       pointer|
|shl_i_i_i_i653119_out_ap_vld   |  out|    1|      ap_vld|                  shl_i_i_i_i653119_out|       pointer|
|shl_i_i_i_i653117_out          |  out|   32|      ap_vld|                  shl_i_i_i_i653117_out|       pointer|
|shl_i_i_i_i653117_out_ap_vld   |  out|    1|      ap_vld|                  shl_i_i_i_i653117_out|       pointer|
|shl_i_i_i_i653115_out          |  out|   32|      ap_vld|                  shl_i_i_i_i653115_out|       pointer|
|shl_i_i_i_i653115_out_ap_vld   |  out|    1|      ap_vld|                  shl_i_i_i_i653115_out|       pointer|
|shl_i_i_i_i653113_out          |  out|   32|      ap_vld|                  shl_i_i_i_i653113_out|       pointer|
|shl_i_i_i_i653113_out_ap_vld   |  out|    1|      ap_vld|                  shl_i_i_i_i653113_out|       pointer|
|shl_i_i_i_i653111_out          |  out|   32|      ap_vld|                  shl_i_i_i_i653111_out|       pointer|
|shl_i_i_i_i653111_out_ap_vld   |  out|    1|      ap_vld|                  shl_i_i_i_i653111_out|       pointer|
|shl_i_i_i_i653109_out          |  out|   32|      ap_vld|                  shl_i_i_i_i653109_out|       pointer|
|shl_i_i_i_i653109_out_ap_vld   |  out|    1|      ap_vld|                  shl_i_i_i_i653109_out|       pointer|
|shl_i_i_i_i653107_out          |  out|   32|      ap_vld|                  shl_i_i_i_i653107_out|       pointer|
|shl_i_i_i_i653107_out_ap_vld   |  out|    1|      ap_vld|                  shl_i_i_i_i653107_out|       pointer|
|shl_i_i_i_i653105_out          |  out|   32|      ap_vld|                  shl_i_i_i_i653105_out|       pointer|
|shl_i_i_i_i653105_out_ap_vld   |  out|    1|      ap_vld|                  shl_i_i_i_i653105_out|       pointer|
|shl_i_i_i_i653103_out          |  out|   32|      ap_vld|                  shl_i_i_i_i653103_out|       pointer|
|shl_i_i_i_i653103_out_ap_vld   |  out|    1|      ap_vld|                  shl_i_i_i_i653103_out|       pointer|
|shl_i_i_i_i653101_out          |  out|   32|      ap_vld|                  shl_i_i_i_i653101_out|       pointer|
|shl_i_i_i_i653101_out_ap_vld   |  out|    1|      ap_vld|                  shl_i_i_i_i653101_out|       pointer|
|shl_i_i_i_i65399_out           |  out|   32|      ap_vld|                   shl_i_i_i_i65399_out|       pointer|
|shl_i_i_i_i65399_out_ap_vld    |  out|    1|      ap_vld|                   shl_i_i_i_i65399_out|       pointer|
|shl_i_i_i_i65397_out           |  out|   32|      ap_vld|                   shl_i_i_i_i65397_out|       pointer|
|shl_i_i_i_i65397_out_ap_vld    |  out|    1|      ap_vld|                   shl_i_i_i_i65397_out|       pointer|
|shl_i_i_i_i65395_out           |  out|   32|      ap_vld|                   shl_i_i_i_i65395_out|       pointer|
|shl_i_i_i_i65395_out_ap_vld    |  out|    1|      ap_vld|                   shl_i_i_i_i65395_out|       pointer|
|shl_i_i_i_i65393_out           |  out|   32|      ap_vld|                   shl_i_i_i_i65393_out|       pointer|
|shl_i_i_i_i65393_out_ap_vld    |  out|    1|      ap_vld|                   shl_i_i_i_i65393_out|       pointer|
|shl_i_i_i_i65391_out           |  out|   32|      ap_vld|                   shl_i_i_i_i65391_out|       pointer|
|shl_i_i_i_i65391_out_ap_vld    |  out|    1|      ap_vld|                   shl_i_i_i_i65391_out|       pointer|
|shl_i_i_i_i65389_out           |  out|   32|      ap_vld|                   shl_i_i_i_i65389_out|       pointer|
|shl_i_i_i_i65389_out_ap_vld    |  out|    1|      ap_vld|                   shl_i_i_i_i65389_out|       pointer|
|shl_i_i_i_i65387_out           |  out|   32|      ap_vld|                   shl_i_i_i_i65387_out|       pointer|
|shl_i_i_i_i65387_out_ap_vld    |  out|    1|      ap_vld|                   shl_i_i_i_i65387_out|       pointer|
|shl_i_i_i_i65385_out           |  out|   32|      ap_vld|                   shl_i_i_i_i65385_out|       pointer|
|shl_i_i_i_i65385_out_ap_vld    |  out|    1|      ap_vld|                   shl_i_i_i_i65385_out|       pointer|
|shl_i_i_i_i65383_out           |  out|   32|      ap_vld|                   shl_i_i_i_i65383_out|       pointer|
|shl_i_i_i_i65383_out_ap_vld    |  out|    1|      ap_vld|                   shl_i_i_i_i65383_out|       pointer|
|shl_i_i_i_i65381_out           |  out|   32|      ap_vld|                   shl_i_i_i_i65381_out|       pointer|
|shl_i_i_i_i65381_out_ap_vld    |  out|    1|      ap_vld|                   shl_i_i_i_i65381_out|       pointer|
|shl_i_i_i_i65379_out           |  out|   32|      ap_vld|                   shl_i_i_i_i65379_out|       pointer|
|shl_i_i_i_i65379_out_ap_vld    |  out|    1|      ap_vld|                   shl_i_i_i_i65379_out|       pointer|
|shl_i_i_i_i65377_out           |  out|   32|      ap_vld|                   shl_i_i_i_i65377_out|       pointer|
|shl_i_i_i_i65377_out_ap_vld    |  out|    1|      ap_vld|                   shl_i_i_i_i65377_out|       pointer|
|shl_i_i_i_i65375_out           |  out|   32|      ap_vld|                   shl_i_i_i_i65375_out|       pointer|
|shl_i_i_i_i65375_out_ap_vld    |  out|    1|      ap_vld|                   shl_i_i_i_i65375_out|       pointer|
|shl_i_i_i_i65373_out           |  out|   32|      ap_vld|                   shl_i_i_i_i65373_out|       pointer|
|shl_i_i_i_i65373_out_ap_vld    |  out|    1|      ap_vld|                   shl_i_i_i_i65373_out|       pointer|
|shl_i_i_i_i65371_out           |  out|   32|      ap_vld|                   shl_i_i_i_i65371_out|       pointer|
|shl_i_i_i_i65371_out_ap_vld    |  out|    1|      ap_vld|                   shl_i_i_i_i65371_out|       pointer|
|shl_i_i_i_i65369_out           |  out|   32|      ap_vld|                   shl_i_i_i_i65369_out|       pointer|
|shl_i_i_i_i65369_out_ap_vld    |  out|    1|      ap_vld|                   shl_i_i_i_i65369_out|       pointer|
|shl_i_i_i_i65367_out           |  out|   32|      ap_vld|                   shl_i_i_i_i65367_out|       pointer|
|shl_i_i_i_i65367_out_ap_vld    |  out|    1|      ap_vld|                   shl_i_i_i_i65367_out|       pointer|
|shl_i_i_i_i65365_out           |  out|   32|      ap_vld|                   shl_i_i_i_i65365_out|       pointer|
|shl_i_i_i_i65365_out_ap_vld    |  out|    1|      ap_vld|                   shl_i_i_i_i65365_out|       pointer|
|shl_i_i_i_i65363_out           |  out|   32|      ap_vld|                   shl_i_i_i_i65363_out|       pointer|
|shl_i_i_i_i65363_out_ap_vld    |  out|    1|      ap_vld|                   shl_i_i_i_i65363_out|       pointer|
|shl_i_i_i_i65361_out           |  out|   32|      ap_vld|                   shl_i_i_i_i65361_out|       pointer|
|shl_i_i_i_i65361_out_ap_vld    |  out|    1|      ap_vld|                   shl_i_i_i_i65361_out|       pointer|
|shl_i_i_i_i65359_out           |  out|   32|      ap_vld|                   shl_i_i_i_i65359_out|       pointer|
|shl_i_i_i_i65359_out_ap_vld    |  out|    1|      ap_vld|                   shl_i_i_i_i65359_out|       pointer|
|shl_i_i_i_i65357_out           |  out|   32|      ap_vld|                   shl_i_i_i_i65357_out|       pointer|
|shl_i_i_i_i65357_out_ap_vld    |  out|    1|      ap_vld|                   shl_i_i_i_i65357_out|       pointer|
|shl_i_i_i_i65355_out           |  out|   32|      ap_vld|                   shl_i_i_i_i65355_out|       pointer|
|shl_i_i_i_i65355_out_ap_vld    |  out|    1|      ap_vld|                   shl_i_i_i_i65355_out|       pointer|
|shl_i_i_i_i65353_out           |  out|   32|      ap_vld|                   shl_i_i_i_i65353_out|       pointer|
|shl_i_i_i_i65353_out_ap_vld    |  out|    1|      ap_vld|                   shl_i_i_i_i65353_out|       pointer|
|shl_i_i_i_i65351_out           |  out|   32|      ap_vld|                   shl_i_i_i_i65351_out|       pointer|
|shl_i_i_i_i65351_out_ap_vld    |  out|    1|      ap_vld|                   shl_i_i_i_i65351_out|       pointer|
|shl_i_i_i_i65349_out           |  out|   32|      ap_vld|                   shl_i_i_i_i65349_out|       pointer|
|shl_i_i_i_i65349_out_ap_vld    |  out|    1|      ap_vld|                   shl_i_i_i_i65349_out|       pointer|
|shl_i_i_i_i65347_out           |  out|   32|      ap_vld|                   shl_i_i_i_i65347_out|       pointer|
|shl_i_i_i_i65347_out_ap_vld    |  out|    1|      ap_vld|                   shl_i_i_i_i65347_out|       pointer|
|shl_i_i_i_i65345_out           |  out|   32|      ap_vld|                   shl_i_i_i_i65345_out|       pointer|
|shl_i_i_i_i65345_out_ap_vld    |  out|    1|      ap_vld|                   shl_i_i_i_i65345_out|       pointer|
|shl_i_i_i_i65343_out           |  out|   32|      ap_vld|                   shl_i_i_i_i65343_out|       pointer|
|shl_i_i_i_i65343_out_ap_vld    |  out|    1|      ap_vld|                   shl_i_i_i_i65343_out|       pointer|
|shl_i_i_i_i65341_out           |  out|   32|      ap_vld|                   shl_i_i_i_i65341_out|       pointer|
|shl_i_i_i_i65341_out_ap_vld    |  out|    1|      ap_vld|                   shl_i_i_i_i65341_out|       pointer|
|shl_i_i_i_i65339_out           |  out|   32|      ap_vld|                   shl_i_i_i_i65339_out|       pointer|
|shl_i_i_i_i65339_out_ap_vld    |  out|    1|      ap_vld|                   shl_i_i_i_i65339_out|       pointer|
|shl_i_i_i_i65337_out           |  out|   32|      ap_vld|                   shl_i_i_i_i65337_out|       pointer|
|shl_i_i_i_i65337_out_ap_vld    |  out|    1|      ap_vld|                   shl_i_i_i_i65337_out|       pointer|
|shl_i_i_i_i65335_out           |  out|   32|      ap_vld|                   shl_i_i_i_i65335_out|       pointer|
|shl_i_i_i_i65335_out_ap_vld    |  out|    1|      ap_vld|                   shl_i_i_i_i65335_out|       pointer|
|shl_i_i_i_i65333_out           |  out|   32|      ap_vld|                   shl_i_i_i_i65333_out|       pointer|
|shl_i_i_i_i65333_out_ap_vld    |  out|    1|      ap_vld|                   shl_i_i_i_i65333_out|       pointer|
|shl_i_i_i_i65331_out           |  out|   32|      ap_vld|                   shl_i_i_i_i65331_out|       pointer|
|shl_i_i_i_i65331_out_ap_vld    |  out|    1|      ap_vld|                   shl_i_i_i_i65331_out|       pointer|
|shl_i_i_i_i65329_out           |  out|   32|      ap_vld|                   shl_i_i_i_i65329_out|       pointer|
|shl_i_i_i_i65329_out_ap_vld    |  out|    1|      ap_vld|                   shl_i_i_i_i65329_out|       pointer|
|shl_i_i_i_i65327_out           |  out|   32|      ap_vld|                   shl_i_i_i_i65327_out|       pointer|
|shl_i_i_i_i65327_out_ap_vld    |  out|    1|      ap_vld|                   shl_i_i_i_i65327_out|       pointer|
|shl_i_i_i_i65325_out           |  out|   32|      ap_vld|                   shl_i_i_i_i65325_out|       pointer|
|shl_i_i_i_i65325_out_ap_vld    |  out|    1|      ap_vld|                   shl_i_i_i_i65325_out|       pointer|
|shl_i_i_i_i65323_out           |  out|   32|      ap_vld|                   shl_i_i_i_i65323_out|       pointer|
|shl_i_i_i_i65323_out_ap_vld    |  out|    1|      ap_vld|                   shl_i_i_i_i65323_out|       pointer|
|shl_i_i_i_i65321_out           |  out|   32|      ap_vld|                   shl_i_i_i_i65321_out|       pointer|
|shl_i_i_i_i65321_out_ap_vld    |  out|    1|      ap_vld|                   shl_i_i_i_i65321_out|       pointer|
|shl_i_i_i_i65319_out           |  out|   32|      ap_vld|                   shl_i_i_i_i65319_out|       pointer|
|shl_i_i_i_i65319_out_ap_vld    |  out|    1|      ap_vld|                   shl_i_i_i_i65319_out|       pointer|
|shl_i_i_i_i65317_out           |  out|   32|      ap_vld|                   shl_i_i_i_i65317_out|       pointer|
|shl_i_i_i_i65317_out_ap_vld    |  out|    1|      ap_vld|                   shl_i_i_i_i65317_out|       pointer|
|shl_i_i_i_i65315_out           |  out|   32|      ap_vld|                   shl_i_i_i_i65315_out|       pointer|
|shl_i_i_i_i65315_out_ap_vld    |  out|    1|      ap_vld|                   shl_i_i_i_i65315_out|       pointer|
|shl_i_i_i_i65313_out           |  out|   32|      ap_vld|                   shl_i_i_i_i65313_out|       pointer|
|shl_i_i_i_i65313_out_ap_vld    |  out|    1|      ap_vld|                   shl_i_i_i_i65313_out|       pointer|
|shl_i_i_i_i65311_out           |  out|   32|      ap_vld|                   shl_i_i_i_i65311_out|       pointer|
|shl_i_i_i_i65311_out_ap_vld    |  out|    1|      ap_vld|                   shl_i_i_i_i65311_out|       pointer|
|shl_i_i_i_i6539_out            |  out|   32|      ap_vld|                    shl_i_i_i_i6539_out|       pointer|
|shl_i_i_i_i6539_out_ap_vld     |  out|    1|      ap_vld|                    shl_i_i_i_i6539_out|       pointer|
|shl_i_i_i_i6537_out            |  out|   32|      ap_vld|                    shl_i_i_i_i6537_out|       pointer|
|shl_i_i_i_i6537_out_ap_vld     |  out|    1|      ap_vld|                    shl_i_i_i_i6537_out|       pointer|
|shl_i_i_i_i6535_out            |  out|   32|      ap_vld|                    shl_i_i_i_i6535_out|       pointer|
|shl_i_i_i_i6535_out_ap_vld     |  out|    1|      ap_vld|                    shl_i_i_i_i6535_out|       pointer|
|shl_i_i_i_i6533_out            |  out|   32|      ap_vld|                    shl_i_i_i_i6533_out|       pointer|
|shl_i_i_i_i6533_out_ap_vld     |  out|    1|      ap_vld|                    shl_i_i_i_i6533_out|       pointer|
|shl_i_i_i_i6531_out            |  out|   32|      ap_vld|                    shl_i_i_i_i6531_out|       pointer|
|shl_i_i_i_i6531_out_ap_vld     |  out|    1|      ap_vld|                    shl_i_i_i_i6531_out|       pointer|
+-------------------------------+-----+-----+------------+---------------------------------------+--------------+

