

================================================================
== Vitis HLS Report for 'feedforward_Pipeline_VITIS_LOOP_124_5'
================================================================
* Date:           Sat Jun 14 08:40:41 2025

* Version:        2024.2 (Build 5238294 on Nov  8 2024)
* Project:        bnn_hls
* Solution:       hls (Vivado IP Flow Target)
* Product family: zynq
* Target device:  xc7z020-clg400-1


================================================================
== Performance Estimates
================================================================
+ Timing: 
    * Summary: 
    +--------+----------+----------+------------+
    |  Clock |  Target  | Estimated| Uncertainty|
    +--------+----------+----------+------------+
    |ap_clk  |  10.00 ns|  6.701 ns|     2.70 ns|
    +--------+----------+----------+------------+

+ Latency: 
    * Summary: 
    +---------+---------+----------+----------+-----+-----+------------------------------------------------+
    |  Latency (cycles) |  Latency (absolute) |  Interval |                    Pipeline                    |
    |   min   |   max   |    min   |    max   | min | max |                      Type                      |
    +---------+---------+----------+----------+-----+-----+------------------------------------------------+
    |       66|       66|  0.660 us|  0.660 us|   65|   65|  loop auto-rewind stp (delay=0 clock cycles(s))|
    +---------+---------+----------+----------+-----+-----+------------------------------------------------+

    + Detail: 
        * Instance: 
        N/A

        * Loop: 
        +--------------------+---------+---------+----------+-----------+-----------+------+----------+
        |                    |  Latency (cycles) | Iteration|  Initiation Interval  | Trip |          |
        |      Loop Name     |   min   |   max   |  Latency |  achieved |   target  | Count| Pipelined|
        +--------------------+---------+---------+----------+-----------+-----------+------+----------+
        |- VITIS_LOOP_124_5  |       64|       64|         2|          1|          1|    64|       yes|
        +--------------------+---------+---------+----------+-----------+-----------+------+----------+



================================================================
== Utilization Estimates
================================================================
* Summary: 
+-----------------+---------+-----+--------+-------+-----+
|       Name      | BRAM_18K| DSP |   FF   |  LUT  | URAM|
+-----------------+---------+-----+--------+-------+-----+
|DSP              |        -|    -|       -|      -|    -|
|Expression       |        -|    -|       0|     70|    -|
|FIFO             |        -|    -|       -|      -|    -|
|Instance         |        -|    -|       0|     20|    -|
|Memory           |        -|    -|       -|      -|    -|
|Multiplexer      |        -|    -|       0|     36|    -|
|Register         |        -|    -|      82|      -|    -|
+-----------------+---------+-----+--------+-------+-----+
|Total            |        0|    0|      82|    126|    0|
+-----------------+---------+-----+--------+-------+-----+
|Available        |      280|  220|  106400|  53200|    0|
+-----------------+---------+-----+--------+-------+-----+
|Utilization (%)  |        0|    0|      ~0|     ~0|    0|
+-----------------+---------+-----+--------+-------+-----+

+ Detail: 
    * Instance: 
    +----------------------------+----------------------+---------+----+---+----+-----+
    |          Instance          |        Module        | BRAM_18K| DSP| FF| LUT| URAM|
    +----------------------------+----------------------+---------+----+---+----+-----+
    |sparsemux_9_2_32_1_1_U1846  |sparsemux_9_2_32_1_1  |        0|   0|  0|  20|    0|
    +----------------------------+----------------------+---------+----+---+----+-----+
    |Total                       |                      |        0|   0|  0|  20|    0|
    +----------------------------+----------------------+---------+----+---+----+-----+

    * DSP: 
    N/A

    * Memory: 
    N/A

    * FIFO: 
    N/A

    * Expression: 
    +----------------------------+----------+----+---+----+------------+------------+
    |        Variable Name       | Operation| DSP| FF| LUT| Bitwidth P0| Bitwidth P1|
    +----------------------------+----------+----+---+----+------------+------------+
    |add_ln124_fu_1082_p2        |         +|   0|  0|  14|           7|           1|
    |icmp_ln124_fu_1076_p2       |      icmp|   0|  0|  15|           7|           8|
    |layer2_quant_64_fu_1142_p2  |      icmp|   0|  0|  39|          32|           1|
    |ap_enable_pp0               |       xor|   0|  0|   2|           1|           2|
    +----------------------------+----------+----+---+----+------------+------------+
    |Total                       |          |   0|  0|  70|          47|          12|
    +----------------------------+----------+----+---+----+------------+------------+

    * Multiplexer: 
    +-------------------------+----+-----------+-----+-----------+
    |           Name          | LUT| Input Size| Bits| Total Bits|
    +-------------------------+----+-----------+-----+-----------+
    |ap_done_int              |   9|          2|    1|          2|
    |ap_enable_reg_pp0_iter1  |   9|          2|    1|          2|
    |ap_sig_allocacmp_i       |   9|          2|    7|         14|
    |i_4_fu_308               |   9|          2|    7|         14|
    +-------------------------+----+-----------+-----+-----------+
    |Total                    |  36|          8|   16|         32|
    +-------------------------+----+-----------+-----+-----------+

    * Register: 
    +-------------------------+---+----+-----+-----------+
    |           Name          | FF| LUT| Bits| Const Bits|
    +-------------------------+---+----+-----+-----------+
    |ap_CS_fsm                |  1|   0|    1|          0|
    |ap_done_reg              |  1|   0|    1|          0|
    |ap_enable_reg_pp0_iter1  |  1|   0|    1|          0|
    |i_4_fu_308               |  7|   0|    7|          0|
    |layer2_quant_10_fu_352   |  1|   0|   32|         31|
    |layer2_quant_11_fu_356   |  1|   0|   32|         31|
    |layer2_quant_12_fu_360   |  1|   0|   32|         31|
    |layer2_quant_13_fu_364   |  1|   0|   32|         31|
    |layer2_quant_14_fu_368   |  1|   0|   32|         31|
    |layer2_quant_15_fu_372   |  1|   0|   32|         31|
    |layer2_quant_16_fu_376   |  1|   0|   32|         31|
    |layer2_quant_17_fu_380   |  1|   0|   32|         31|
    |layer2_quant_18_fu_384   |  1|   0|   32|         31|
    |layer2_quant_19_fu_388   |  1|   0|   32|         31|
    |layer2_quant_1_fu_316    |  1|   0|   32|         31|
    |layer2_quant_20_fu_392   |  1|   0|   32|         31|
    |layer2_quant_21_fu_396   |  1|   0|   32|         31|
    |layer2_quant_22_fu_400   |  1|   0|   32|         31|
    |layer2_quant_23_fu_404   |  1|   0|   32|         31|
    |layer2_quant_24_fu_408   |  1|   0|   32|         31|
    |layer2_quant_25_fu_412   |  1|   0|   32|         31|
    |layer2_quant_26_fu_416   |  1|   0|   32|         31|
    |layer2_quant_27_fu_420   |  1|   0|   32|         31|
    |layer2_quant_28_fu_424   |  1|   0|   32|         31|
    |layer2_quant_29_fu_428   |  1|   0|   32|         31|
    |layer2_quant_2_fu_320    |  1|   0|   32|         31|
    |layer2_quant_30_fu_432   |  1|   0|   32|         31|
    |layer2_quant_31_fu_436   |  1|   0|   32|         31|
    |layer2_quant_32_fu_440   |  1|   0|   32|         31|
    |layer2_quant_33_fu_444   |  1|   0|   32|         31|
    |layer2_quant_34_fu_448   |  1|   0|   32|         31|
    |layer2_quant_35_fu_452   |  1|   0|   32|         31|
    |layer2_quant_36_fu_456   |  1|   0|   32|         31|
    |layer2_quant_37_fu_460   |  1|   0|   32|         31|
    |layer2_quant_38_fu_464   |  1|   0|   32|         31|
    |layer2_quant_39_fu_468   |  1|   0|   32|         31|
    |layer2_quant_3_fu_324    |  1|   0|   32|         31|
    |layer2_quant_40_fu_472   |  1|   0|   32|         31|
    |layer2_quant_41_fu_476   |  1|   0|   32|         31|
    |layer2_quant_42_fu_480   |  1|   0|   32|         31|
    |layer2_quant_43_fu_484   |  1|   0|   32|         31|
    |layer2_quant_44_fu_488   |  1|   0|   32|         31|
    |layer2_quant_45_fu_492   |  1|   0|   32|         31|
    |layer2_quant_46_fu_496   |  1|   0|   32|         31|
    |layer2_quant_47_fu_500   |  1|   0|   32|         31|
    |layer2_quant_48_fu_504   |  1|   0|   32|         31|
    |layer2_quant_49_fu_508   |  1|   0|   32|         31|
    |layer2_quant_4_fu_328    |  1|   0|   32|         31|
    |layer2_quant_50_fu_512   |  1|   0|   32|         31|
    |layer2_quant_51_fu_516   |  1|   0|   32|         31|
    |layer2_quant_52_fu_520   |  1|   0|   32|         31|
    |layer2_quant_53_fu_524   |  1|   0|   32|         31|
    |layer2_quant_54_fu_528   |  1|   0|   32|         31|
    |layer2_quant_55_fu_532   |  1|   0|   32|         31|
    |layer2_quant_56_fu_536   |  1|   0|   32|         31|
    |layer2_quant_57_fu_540   |  1|   0|   32|         31|
    |layer2_quant_58_fu_544   |  1|   0|   32|         31|
    |layer2_quant_59_fu_548   |  1|   0|   32|         31|
    |layer2_quant_5_fu_332    |  1|   0|   32|         31|
    |layer2_quant_60_fu_552   |  1|   0|   32|         31|
    |layer2_quant_61_fu_556   |  1|   0|   32|         31|
    |layer2_quant_62_fu_560   |  1|   0|   32|         31|
    |layer2_quant_63_fu_564   |  1|   0|   32|         31|
    |layer2_quant_6_fu_336    |  1|   0|   32|         31|
    |layer2_quant_7_fu_340    |  1|   0|   32|         31|
    |layer2_quant_8_fu_344    |  1|   0|   32|         31|
    |layer2_quant_9_fu_348    |  1|   0|   32|         31|
    |layer2_quant_fu_312      |  1|   0|   32|         31|
    |trunc_ln124_1_reg_2127   |  6|   0|    6|          0|
    |trunc_ln124_reg_2122     |  2|   0|    2|          0|
    +-------------------------+---+----+-----+-----------+
    |Total                    | 82|   0| 2066|       1984|
    +-------------------------+---+----+-----+-----------+



================================================================
== Interface
================================================================
* Summary: 
+-------------------------------+-----+-----+------------+---------------------------------------+--------------+
|           RTL Ports           | Dir | Bits|  Protocol  |             Source Object             |    C Type    |
+-------------------------------+-----+-----+------------+---------------------------------------+--------------+
|ap_clk                         |   in|    1|  ap_ctrl_hs|  feedforward_Pipeline_VITIS_LOOP_124_5|  return value|
|ap_rst                         |   in|    1|  ap_ctrl_hs|  feedforward_Pipeline_VITIS_LOOP_124_5|  return value|
|ap_start                       |   in|    1|  ap_ctrl_hs|  feedforward_Pipeline_VITIS_LOOP_124_5|  return value|
|ap_done                        |  out|    1|  ap_ctrl_hs|  feedforward_Pipeline_VITIS_LOOP_124_5|  return value|
|ap_idle                        |  out|    1|  ap_ctrl_hs|  feedforward_Pipeline_VITIS_LOOP_124_5|  return value|
|ap_ready                       |  out|    1|  ap_ctrl_hs|  feedforward_Pipeline_VITIS_LOOP_124_5|  return value|
|layer2_activations_address0    |  out|    4|   ap_memory|                     layer2_activations|         array|
|layer2_activations_ce0         |  out|    1|   ap_memory|                     layer2_activations|         array|
|layer2_activations_q0          |   in|   32|   ap_memory|                     layer2_activations|         array|
|layer2_activations_1_address0  |  out|    4|   ap_memory|                   layer2_activations_1|         array|
|layer2_activations_1_ce0       |  out|    1|   ap_memory|                   layer2_activations_1|         array|
|layer2_activations_1_q0        |   in|   32|   ap_memory|                   layer2_activations_1|         array|
|layer2_activations_2_address0  |  out|    4|   ap_memory|                   layer2_activations_2|         array|
|layer2_activations_2_ce0       |  out|    1|   ap_memory|                   layer2_activations_2|         array|
|layer2_activations_2_q0        |   in|   32|   ap_memory|                   layer2_activations_2|         array|
|layer2_activations_3_address0  |  out|    4|   ap_memory|                   layer2_activations_3|         array|
|layer2_activations_3_ce0       |  out|    1|   ap_memory|                   layer2_activations_3|         array|
|layer2_activations_3_q0        |   in|   32|   ap_memory|                   layer2_activations_3|         array|
|layer2_quant_63_out            |  out|   32|      ap_vld|                    layer2_quant_63_out|       pointer|
|layer2_quant_63_out_ap_vld     |  out|    1|      ap_vld|                    layer2_quant_63_out|       pointer|
|layer2_quant_62_out            |  out|   32|      ap_vld|                    layer2_quant_62_out|       pointer|
|layer2_quant_62_out_ap_vld     |  out|    1|      ap_vld|                    layer2_quant_62_out|       pointer|
|layer2_quant_61_out            |  out|   32|      ap_vld|                    layer2_quant_61_out|       pointer|
|layer2_quant_61_out_ap_vld     |  out|    1|      ap_vld|                    layer2_quant_61_out|       pointer|
|layer2_quant_60_out            |  out|   32|      ap_vld|                    layer2_quant_60_out|       pointer|
|layer2_quant_60_out_ap_vld     |  out|    1|      ap_vld|                    layer2_quant_60_out|       pointer|
|layer2_quant_59_out            |  out|   32|      ap_vld|                    layer2_quant_59_out|       pointer|
|layer2_quant_59_out_ap_vld     |  out|    1|      ap_vld|                    layer2_quant_59_out|       pointer|
|layer2_quant_58_out            |  out|   32|      ap_vld|                    layer2_quant_58_out|       pointer|
|layer2_quant_58_out_ap_vld     |  out|    1|      ap_vld|                    layer2_quant_58_out|       pointer|
|layer2_quant_57_out            |  out|   32|      ap_vld|                    layer2_quant_57_out|       pointer|
|layer2_quant_57_out_ap_vld     |  out|    1|      ap_vld|                    layer2_quant_57_out|       pointer|
|layer2_quant_56_out            |  out|   32|      ap_vld|                    layer2_quant_56_out|       pointer|
|layer2_quant_56_out_ap_vld     |  out|    1|      ap_vld|                    layer2_quant_56_out|       pointer|
|layer2_quant_55_out            |  out|   32|      ap_vld|                    layer2_quant_55_out|       pointer|
|layer2_quant_55_out_ap_vld     |  out|    1|      ap_vld|                    layer2_quant_55_out|       pointer|
|layer2_quant_54_out            |  out|   32|      ap_vld|                    layer2_quant_54_out|       pointer|
|layer2_quant_54_out_ap_vld     |  out|    1|      ap_vld|                    layer2_quant_54_out|       pointer|
|layer2_quant_53_out            |  out|   32|      ap_vld|                    layer2_quant_53_out|       pointer|
|layer2_quant_53_out_ap_vld     |  out|    1|      ap_vld|                    layer2_quant_53_out|       pointer|
|layer2_quant_52_out            |  out|   32|      ap_vld|                    layer2_quant_52_out|       pointer|
|layer2_quant_52_out_ap_vld     |  out|    1|      ap_vld|                    layer2_quant_52_out|       pointer|
|layer2_quant_51_out            |  out|   32|      ap_vld|                    layer2_quant_51_out|       pointer|
|layer2_quant_51_out_ap_vld     |  out|    1|      ap_vld|                    layer2_quant_51_out|       pointer|
|layer2_quant_50_out            |  out|   32|      ap_vld|                    layer2_quant_50_out|       pointer|
|layer2_quant_50_out_ap_vld     |  out|    1|      ap_vld|                    layer2_quant_50_out|       pointer|
|layer2_quant_49_out            |  out|   32|      ap_vld|                    layer2_quant_49_out|       pointer|
|layer2_quant_49_out_ap_vld     |  out|    1|      ap_vld|                    layer2_quant_49_out|       pointer|
|layer2_quant_48_out            |  out|   32|      ap_vld|                    layer2_quant_48_out|       pointer|
|layer2_quant_48_out_ap_vld     |  out|    1|      ap_vld|                    layer2_quant_48_out|       pointer|
|layer2_quant_47_out            |  out|   32|      ap_vld|                    layer2_quant_47_out|       pointer|
|layer2_quant_47_out_ap_vld     |  out|    1|      ap_vld|                    layer2_quant_47_out|       pointer|
|layer2_quant_46_out            |  out|   32|      ap_vld|                    layer2_quant_46_out|       pointer|
|layer2_quant_46_out_ap_vld     |  out|    1|      ap_vld|                    layer2_quant_46_out|       pointer|
|layer2_quant_45_out            |  out|   32|      ap_vld|                    layer2_quant_45_out|       pointer|
|layer2_quant_45_out_ap_vld     |  out|    1|      ap_vld|                    layer2_quant_45_out|       pointer|
|layer2_quant_44_out            |  out|   32|      ap_vld|                    layer2_quant_44_out|       pointer|
|layer2_quant_44_out_ap_vld     |  out|    1|      ap_vld|                    layer2_quant_44_out|       pointer|
|layer2_quant_43_out            |  out|   32|      ap_vld|                    layer2_quant_43_out|       pointer|
|layer2_quant_43_out_ap_vld     |  out|    1|      ap_vld|                    layer2_quant_43_out|       pointer|
|layer2_quant_42_out            |  out|   32|      ap_vld|                    layer2_quant_42_out|       pointer|
|layer2_quant_42_out_ap_vld     |  out|    1|      ap_vld|                    layer2_quant_42_out|       pointer|
|layer2_quant_41_out            |  out|   32|      ap_vld|                    layer2_quant_41_out|       pointer|
|layer2_quant_41_out_ap_vld     |  out|    1|      ap_vld|                    layer2_quant_41_out|       pointer|
|layer2_quant_40_out            |  out|   32|      ap_vld|                    layer2_quant_40_out|       pointer|
|layer2_quant_40_out_ap_vld     |  out|    1|      ap_vld|                    layer2_quant_40_out|       pointer|
|layer2_quant_39_out            |  out|   32|      ap_vld|                    layer2_quant_39_out|       pointer|
|layer2_quant_39_out_ap_vld     |  out|    1|      ap_vld|                    layer2_quant_39_out|       pointer|
|layer2_quant_38_out            |  out|   32|      ap_vld|                    layer2_quant_38_out|       pointer|
|layer2_quant_38_out_ap_vld     |  out|    1|      ap_vld|                    layer2_quant_38_out|       pointer|
|layer2_quant_37_out            |  out|   32|      ap_vld|                    layer2_quant_37_out|       pointer|
|layer2_quant_37_out_ap_vld     |  out|    1|      ap_vld|                    layer2_quant_37_out|       pointer|
|layer2_quant_36_out            |  out|   32|      ap_vld|                    layer2_quant_36_out|       pointer|
|layer2_quant_36_out_ap_vld     |  out|    1|      ap_vld|                    layer2_quant_36_out|       pointer|
|layer2_quant_35_out            |  out|   32|      ap_vld|                    layer2_quant_35_out|       pointer|
|layer2_quant_35_out_ap_vld     |  out|    1|      ap_vld|                    layer2_quant_35_out|       pointer|
|layer2_quant_34_out            |  out|   32|      ap_vld|                    layer2_quant_34_out|       pointer|
|layer2_quant_34_out_ap_vld     |  out|    1|      ap_vld|                    layer2_quant_34_out|       pointer|
|layer2_quant_33_out            |  out|   32|      ap_vld|                    layer2_quant_33_out|       pointer|
|layer2_quant_33_out_ap_vld     |  out|    1|      ap_vld|                    layer2_quant_33_out|       pointer|
|layer2_quant_32_out            |  out|   32|      ap_vld|                    layer2_quant_32_out|       pointer|
|layer2_quant_32_out_ap_vld     |  out|    1|      ap_vld|                    layer2_quant_32_out|       pointer|
|layer2_quant_31_out            |  out|   32|      ap_vld|                    layer2_quant_31_out|       pointer|
|layer2_quant_31_out_ap_vld     |  out|    1|      ap_vld|                    layer2_quant_31_out|       pointer|
|layer2_quant_30_out            |  out|   32|      ap_vld|                    layer2_quant_30_out|       pointer|
|layer2_quant_30_out_ap_vld     |  out|    1|      ap_vld|                    layer2_quant_30_out|       pointer|
|layer2_quant_29_out            |  out|   32|      ap_vld|                    layer2_quant_29_out|       pointer|
|layer2_quant_29_out_ap_vld     |  out|    1|      ap_vld|                    layer2_quant_29_out|       pointer|
|layer2_quant_28_out            |  out|   32|      ap_vld|                    layer2_quant_28_out|       pointer|
|layer2_quant_28_out_ap_vld     |  out|    1|      ap_vld|                    layer2_quant_28_out|       pointer|
|layer2_quant_27_out            |  out|   32|      ap_vld|                    layer2_quant_27_out|       pointer|
|layer2_quant_27_out_ap_vld     |  out|    1|      ap_vld|                    layer2_quant_27_out|       pointer|
|layer2_quant_26_out            |  out|   32|      ap_vld|                    layer2_quant_26_out|       pointer|
|layer2_quant_26_out_ap_vld     |  out|    1|      ap_vld|                    layer2_quant_26_out|       pointer|
|layer2_quant_25_out            |  out|   32|      ap_vld|                    layer2_quant_25_out|       pointer|
|layer2_quant_25_out_ap_vld     |  out|    1|      ap_vld|                    layer2_quant_25_out|       pointer|
|layer2_quant_24_out            |  out|   32|      ap_vld|                    layer2_quant_24_out|       pointer|
|layer2_quant_24_out_ap_vld     |  out|    1|      ap_vld|                    layer2_quant_24_out|       pointer|
|layer2_quant_23_out            |  out|   32|      ap_vld|                    layer2_quant_23_out|       pointer|
|layer2_quant_23_out_ap_vld     |  out|    1|      ap_vld|                    layer2_quant_23_out|       pointer|
|layer2_quant_22_out            |  out|   32|      ap_vld|                    layer2_quant_22_out|       pointer|
|layer2_quant_22_out_ap_vld     |  out|    1|      ap_vld|                    layer2_quant_22_out|       pointer|
|layer2_quant_21_out            |  out|   32|      ap_vld|                    layer2_quant_21_out|       pointer|
|layer2_quant_21_out_ap_vld     |  out|    1|      ap_vld|                    layer2_quant_21_out|       pointer|
|layer2_quant_20_out            |  out|   32|      ap_vld|                    layer2_quant_20_out|       pointer|
|layer2_quant_20_out_ap_vld     |  out|    1|      ap_vld|                    layer2_quant_20_out|       pointer|
|layer2_quant_19_out            |  out|   32|      ap_vld|                    layer2_quant_19_out|       pointer|
|layer2_quant_19_out_ap_vld     |  out|    1|      ap_vld|                    layer2_quant_19_out|       pointer|
|layer2_quant_18_out            |  out|   32|      ap_vld|                    layer2_quant_18_out|       pointer|
|layer2_quant_18_out_ap_vld     |  out|    1|      ap_vld|                    layer2_quant_18_out|       pointer|
|layer2_quant_17_out            |  out|   32|      ap_vld|                    layer2_quant_17_out|       pointer|
|layer2_quant_17_out_ap_vld     |  out|    1|      ap_vld|                    layer2_quant_17_out|       pointer|
|layer2_quant_16_out            |  out|   32|      ap_vld|                    layer2_quant_16_out|       pointer|
|layer2_quant_16_out_ap_vld     |  out|    1|      ap_vld|                    layer2_quant_16_out|       pointer|
|layer2_quant_15_out            |  out|   32|      ap_vld|                    layer2_quant_15_out|       pointer|
|layer2_quant_15_out_ap_vld     |  out|    1|      ap_vld|                    layer2_quant_15_out|       pointer|
|layer2_quant_14_out            |  out|   32|      ap_vld|                    layer2_quant_14_out|       pointer|
|layer2_quant_14_out_ap_vld     |  out|    1|      ap_vld|                    layer2_quant_14_out|       pointer|
|layer2_quant_13_out            |  out|   32|      ap_vld|                    layer2_quant_13_out|       pointer|
|layer2_quant_13_out_ap_vld     |  out|    1|      ap_vld|                    layer2_quant_13_out|       pointer|
|layer2_quant_12_out            |  out|   32|      ap_vld|                    layer2_quant_12_out|       pointer|
|layer2_quant_12_out_ap_vld     |  out|    1|      ap_vld|                    layer2_quant_12_out|       pointer|
|layer2_quant_11_out            |  out|   32|      ap_vld|                    layer2_quant_11_out|       pointer|
|layer2_quant_11_out_ap_vld     |  out|    1|      ap_vld|                    layer2_quant_11_out|       pointer|
|layer2_quant_10_out            |  out|   32|      ap_vld|                    layer2_quant_10_out|       pointer|
|layer2_quant_10_out_ap_vld     |  out|    1|      ap_vld|                    layer2_quant_10_out|       pointer|
|layer2_quant_9_out             |  out|   32|      ap_vld|                     layer2_quant_9_out|       pointer|
|layer2_quant_9_out_ap_vld      |  out|    1|      ap_vld|                     layer2_quant_9_out|       pointer|
|layer2_quant_8_out             |  out|   32|      ap_vld|                     layer2_quant_8_out|       pointer|
|layer2_quant_8_out_ap_vld      |  out|    1|      ap_vld|                     layer2_quant_8_out|       pointer|
|layer2_quant_7_out             |  out|   32|      ap_vld|                     layer2_quant_7_out|       pointer|
|layer2_quant_7_out_ap_vld      |  out|    1|      ap_vld|                     layer2_quant_7_out|       pointer|
|layer2_quant_6_out             |  out|   32|      ap_vld|                     layer2_quant_6_out|       pointer|
|layer2_quant_6_out_ap_vld      |  out|    1|      ap_vld|                     layer2_quant_6_out|       pointer|
|layer2_quant_5_out             |  out|   32|      ap_vld|                     layer2_quant_5_out|       pointer|
|layer2_quant_5_out_ap_vld      |  out|    1|      ap_vld|                     layer2_quant_5_out|       pointer|
|layer2_quant_4_out             |  out|   32|      ap_vld|                     layer2_quant_4_out|       pointer|
|layer2_quant_4_out_ap_vld      |  out|    1|      ap_vld|                     layer2_quant_4_out|       pointer|
|layer2_quant_3_out             |  out|   32|      ap_vld|                     layer2_quant_3_out|       pointer|
|layer2_quant_3_out_ap_vld      |  out|    1|      ap_vld|                     layer2_quant_3_out|       pointer|
|layer2_quant_2_out             |  out|   32|      ap_vld|                     layer2_quant_2_out|       pointer|
|layer2_quant_2_out_ap_vld      |  out|    1|      ap_vld|                     layer2_quant_2_out|       pointer|
|layer2_quant_1_out             |  out|   32|      ap_vld|                     layer2_quant_1_out|       pointer|
|layer2_quant_1_out_ap_vld      |  out|    1|      ap_vld|                     layer2_quant_1_out|       pointer|
|layer2_quant_out               |  out|   32|      ap_vld|                       layer2_quant_out|       pointer|
|layer2_quant_out_ap_vld        |  out|    1|      ap_vld|                       layer2_quant_out|       pointer|
+-------------------------------+-----+-----+------------+---------------------------------------+--------------+

