

================================================================
== Vitis HLS Report for 'feedforward_Pipeline_VITIS_LOOP_48_12'
================================================================
* Date:           Fri Jun 13 14:38:47 2025

* Version:        2024.2 (Build 5238294 on Nov  8 2024)
* Project:        bnn_hls
* Solution:       hls (Vivado IP Flow Target)
* Product family: zynq
* Target device:  xc7z020-clg400-1


================================================================
== Performance Estimates
================================================================
+ Timing: 
    * Summary: 
    +--------+----------+----------+------------+
    |  Clock |  Target  | Estimated| Uncertainty|
    +--------+----------+----------+------------+
    |ap_clk  |  10.00 ns|  5.046 ns|     2.70 ns|
    +--------+----------+----------+------------+

+ Latency: 
    * Summary: 
    +---------+---------+----------+----------+-----+-----+------------------------------------------------+
    |  Latency (cycles) |  Latency (absolute) |  Interval |                    Pipeline                    |
    |   min   |   max   |    min   |    max   | min | max |                      Type                      |
    +---------+---------+----------+----------+-----+-----+------------------------------------------------+
    |       66|       66|  0.660 us|  0.660 us|   65|   65|  loop auto-rewind stp (delay=0 clock cycles(s))|
    +---------+---------+----------+----------+-----+-----+------------------------------------------------+

    + Detail: 
        * Instance: 
        N/A

        * Loop: 
        +-------------------+---------+---------+----------+-----------+-----------+------+----------+
        |                   |  Latency (cycles) | Iteration|  Initiation Interval  | Trip |          |
        |     Loop Name     |   min   |   max   |  Latency |  achieved |   target  | Count| Pipelined|
        +-------------------+---------+---------+----------+-----------+-----------+------+----------+
        |- VITIS_LOOP_48_1  |       64|       64|         2|          1|          1|    64|       yes|
        +-------------------+---------+---------+----------+-----------+-----------+------+----------+



================================================================
== Utilization Estimates
================================================================
* Summary: 
+-----------------+---------+-----+--------+-------+-----+
|       Name      | BRAM_18K| DSP |   FF   |  LUT  | URAM|
+-----------------+---------+-----+--------+-------+-----+
|DSP              |        -|    -|       -|      -|    -|
|Expression       |        -|    -|       0|     70|    -|
|FIFO             |        -|    -|       -|      -|    -|
|Instance         |        -|    -|       0|    273|    -|
|Memory           |        -|    -|       -|      -|    -|
|Multiplexer      |        -|    -|       0|     36|    -|
|Register         |        -|    -|      18|      -|    -|
+-----------------+---------+-----+--------+-------+-----+
|Total            |        0|    0|      18|    379|    0|
+-----------------+---------+-----+--------+-------+-----+
|Available        |      280|  220|  106400|  53200|    0|
+-----------------+---------+-----+--------+-------+-----+
|Utilization (%)  |        0|    0|      ~0|     ~0|    0|
+-----------------+---------+-----+--------+-------+-----+

+ Detail: 
    * Instance: 
    +---------------------------+-----------------------+---------+----+---+-----+-----+
    |          Instance         |         Module        | BRAM_18K| DSP| FF| LUT | URAM|
    +---------------------------+-----------------------+---------+----+---+-----+-----+
    |sparsemux_129_6_8_1_1_U37  |sparsemux_129_6_8_1_1  |        0|   0|  0|  273|    0|
    +---------------------------+-----------------------+---------+----+---+-----+-----+
    |Total                      |                       |        0|   0|  0|  273|    0|
    +---------------------------+-----------------------+---------+----+---+-----+-----+

    * DSP: 
    N/A

    * Memory: 
    N/A

    * FIFO: 
    N/A

    * Expression: 
    +---------------------+----------+----+---+----+------------+------------+
    |    Variable Name    | Operation| DSP| FF| LUT| Bitwidth P0| Bitwidth P1|
    +---------------------+----------+----+---+----+------------+------------+
    |add_ln48_fu_309_p2   |         +|   0|  0|  14|           7|           1|
    |icmp_ln20_fu_587_p2  |      icmp|   0|  0|  39|          32|          32|
    |icmp_ln48_fu_303_p2  |      icmp|   0|  0|  15|           7|           8|
    |ap_enable_pp0        |       xor|   0|  0|   2|           1|           2|
    +---------------------+----------+----+---+----+------------+------------+
    |Total                |          |   0|  0|  70|          47|          43|
    +---------------------+----------+----+---+----+------------+------------+

    * Multiplexer: 
    +-------------------------+----+-----------+-----+-----------+
    |           Name          | LUT| Input Size| Bits| Total Bits|
    +-------------------------+----+-----------+-----+-----------+
    |ap_done_int              |   9|          2|    1|          2|
    |ap_enable_reg_pp0_iter1  |   9|          2|    1|          2|
    |ap_sig_allocacmp_x_1     |   9|          2|    7|         14|
    |x_fu_272                 |   9|          2|    7|         14|
    +-------------------------+----+-----------+-----+-----------+
    |Total                    |  36|          8|   16|         32|
    +-------------------------+----+-----------+-----+-----------+

    * Register: 
    +-------------------------+---+----+-----+-----------+
    |           Name          | FF| LUT| Bits| Const Bits|
    +-------------------------+---+----+-----+-----------+
    |ap_CS_fsm                |  1|   0|    1|          0|
    |ap_done_reg              |  1|   0|    1|          0|
    |ap_enable_reg_pp0_iter1  |  1|   0|    1|          0|
    |icmp_ln20_reg_629        |  1|   0|    1|          0|
    |x_1_reg_621              |  7|   0|    7|          0|
    |x_fu_272                 |  7|   0|    7|          0|
    +-------------------------+---+----+-----+-----------+
    |Total                    | 18|   0|   18|          0|
    +-------------------------+---+----+-----+-----------+



================================================================
== Interface
================================================================
* Summary: 
+-----------------------------+-----+-----+------------+---------------------------------------+--------------+
|          RTL Ports          | Dir | Bits|  Protocol  |             Source Object             |    C Type    |
+-----------------------------+-----+-----+------------+---------------------------------------+--------------+
|ap_clk                       |   in|    1|  ap_ctrl_hs|  feedforward_Pipeline_VITIS_LOOP_48_12|  return value|
|ap_rst                       |   in|    1|  ap_ctrl_hs|  feedforward_Pipeline_VITIS_LOOP_48_12|  return value|
|ap_start                     |   in|    1|  ap_ctrl_hs|  feedforward_Pipeline_VITIS_LOOP_48_12|  return value|
|ap_done                      |  out|    1|  ap_ctrl_hs|  feedforward_Pipeline_VITIS_LOOP_48_12|  return value|
|ap_idle                      |  out|    1|  ap_ctrl_hs|  feedforward_Pipeline_VITIS_LOOP_48_12|  return value|
|ap_ready                     |  out|    1|  ap_ctrl_hs|  feedforward_Pipeline_VITIS_LOOP_48_12|  return value|
|a_2_reload                   |   in|   32|     ap_none|                             a_2_reload|        scalar|
|layer3_activations_address0  |  out|    6|   ap_memory|                     layer3_activations|         array|
|layer3_activations_ce0       |  out|    1|   ap_memory|                     layer3_activations|         array|
|layer3_activations_we0       |  out|    1|   ap_memory|                     layer3_activations|         array|
|layer3_activations_d0        |  out|   32|   ap_memory|                     layer3_activations|         array|
+-----------------------------+-----+-----+------------+---------------------------------------+--------------+

