

================================================================
== Vitis HLS Report for 'feedforward_stream_Pipeline_VITIS_LOOP_146_7'
================================================================
* Date:           Sat Jun 14 22:36:10 2025

* Version:        2024.2 (Build 5238294 on Nov  8 2024)
* Project:        bnn_hls
* Solution:       hls (Vivado IP Flow Target)
* Product family: zynq
* Target device:  xc7z020-clg400-1


================================================================
== Performance Estimates
================================================================
+ Timing: 
    * Summary: 
    +--------+----------+----------+------------+
    |  Clock |  Target  | Estimated| Uncertainty|
    +--------+----------+----------+------------+
    |ap_clk  |  10.00 ns|  4.911 ns|     2.70 ns|
    +--------+----------+----------+------------+

+ Latency: 
    * Summary: 
    +---------+---------+----------+----------+-----+-----+------------------------------------------------+
    |  Latency (cycles) |  Latency (absolute) |  Interval |                    Pipeline                    |
    |   min   |   max   |    min   |    max   | min | max |                      Type                      |
    +---------+---------+----------+----------+-----+-----+------------------------------------------------+
    |       12|       12|  0.120 us|  0.120 us|   11|   11|  loop auto-rewind stp (delay=0 clock cycles(s))|
    +---------+---------+----------+----------+-----+-----+------------------------------------------------+

    + Detail: 
        * Instance: 
        N/A

        * Loop: 
        +--------------------+---------+---------+----------+-----------+-----------+------+----------+
        |                    |  Latency (cycles) | Iteration|  Initiation Interval  | Trip |          |
        |      Loop Name     |   min   |   max   |  Latency |  achieved |   target  | Count| Pipelined|
        +--------------------+---------+---------+----------+-----------+-----------+------+----------+
        |- VITIS_LOOP_146_7  |       10|       10|         2|          1|          1|    10|       yes|
        +--------------------+---------+---------+----------+-----------+-----------+------+----------+



================================================================
== Utilization Estimates
================================================================
* Summary: 
+-----------------+---------+-----+--------+-------+-----+
|       Name      | BRAM_18K| DSP |   FF   |  LUT  | URAM|
+-----------------+---------+-----+--------+-------+-----+
|DSP              |        -|    -|       -|      -|    -|
|Expression       |        -|    -|       0|     43|    -|
|FIFO             |        -|    -|       -|      -|    -|
|Instance         |        -|    -|       -|      -|    -|
|Memory           |        -|    -|       -|      -|    -|
|Multiplexer      |        -|    -|       0|     45|    -|
|Register         |        -|    -|       8|      -|    -|
+-----------------+---------+-----+--------+-------+-----+
|Total            |        0|    0|       8|     88|    0|
+-----------------+---------+-----+--------+-------+-----+
|Available        |      280|  220|  106400|  53200|    0|
+-----------------+---------+-----+--------+-------+-----+
|Utilization (%)  |        0|    0|      ~0|     ~0|    0|
+-----------------+---------+-----+--------+-------+-----+

+ Detail: 
    * Instance: 
    N/A

    * DSP: 
    N/A

    * Memory: 
    N/A

    * FIFO: 
    N/A

    * Expression: 
    +---------------------------+----------+----+---+----+------------+------------+
    |       Variable Name       | Operation| DSP| FF| LUT| Bitwidth P0| Bitwidth P1|
    +---------------------------+----------+----+---+----+------------+------------+
    |add_ln146_fu_126_p2        |         +|   0|  0|  13|           4|           1|
    |ap_block_pp0_stage0_01001  |       and|   0|  0|   2|           1|           1|
    |icmp_ln146_fu_120_p2       |      icmp|   0|  0|  13|           4|           4|
    |temp_last_fu_137_p2        |      icmp|   0|  0|  13|           4|           4|
    |ap_enable_pp0              |       xor|   0|  0|   2|           1|           2|
    +---------------------------+----------+----+---+----+------------+------------+
    |Total                      |          |   0|  0|  43|          14|          12|
    +---------------------------+----------+----+---+----+------------+------------+

    * Multiplexer: 
    +---------------------------+----+-----------+-----+-----------+
    |            Name           | LUT| Input Size| Bits| Total Bits|
    +---------------------------+----+-----------+-----+-----------+
    |ap_done_int                |   9|          2|    1|          2|
    |ap_enable_reg_pp0_iter1    |   9|          2|    1|          2|
    |ap_sig_allocacmp_i_2       |   9|          2|    4|          8|
    |i_fu_64                    |   9|          2|    4|          8|
    |output_stream_TDATA_blk_n  |   9|          2|    1|          2|
    +---------------------------+----+-----------+-----+-----------+
    |Total                      |  45|         10|   11|         22|
    +---------------------------+----+-----------+-----+-----------+

    * Register: 
    +-------------------------+---+----+-----+-----------+
    |           Name          | FF| LUT| Bits| Const Bits|
    +-------------------------+---+----+-----+-----------+
    |ap_CS_fsm                |  1|   0|    1|          0|
    |ap_done_reg              |  1|   0|    1|          0|
    |ap_enable_reg_pp0_iter1  |  1|   0|    1|          0|
    |i_fu_64                  |  4|   0|    4|          0|
    |temp_last_reg_163        |  1|   0|    1|          0|
    +-------------------------+---+----+-----+-----------+
    |Total                    |  8|   0|    8|          0|
    +-------------------------+---+----+-----+-----------+



================================================================
== Interface
================================================================
* Summary: 
+-----------------------------+-----+-----+------------+----------------------------------------------+--------------+
|          RTL Ports          | Dir | Bits|  Protocol  |                 Source Object                |    C Type    |
+-----------------------------+-----+-----+------------+----------------------------------------------+--------------+
|ap_clk                       |   in|    1|  ap_ctrl_hs|  feedforward_stream_Pipeline_VITIS_LOOP_146_7|  return value|
|ap_rst                       |   in|    1|  ap_ctrl_hs|  feedforward_stream_Pipeline_VITIS_LOOP_146_7|  return value|
|ap_start                     |   in|    1|  ap_ctrl_hs|  feedforward_stream_Pipeline_VITIS_LOOP_146_7|  return value|
|ap_done                      |  out|    1|  ap_ctrl_hs|  feedforward_stream_Pipeline_VITIS_LOOP_146_7|  return value|
|ap_idle                      |  out|    1|  ap_ctrl_hs|  feedforward_stream_Pipeline_VITIS_LOOP_146_7|  return value|
|ap_ready                     |  out|    1|  ap_ctrl_hs|  feedforward_stream_Pipeline_VITIS_LOOP_146_7|  return value|
|output_stream_TREADY         |   in|    1|        axis|                        output_stream_V_data_V|       pointer|
|output_stream_TDATA          |  out|   32|        axis|                        output_stream_V_data_V|       pointer|
|layer3_activations_address0  |  out|    4|   ap_memory|                            layer3_activations|         array|
|layer3_activations_ce0       |  out|    1|   ap_memory|                            layer3_activations|         array|
|layer3_activations_q0        |   in|   32|   ap_memory|                            layer3_activations|         array|
|output_stream_TVALID         |  out|    1|        axis|                        output_stream_V_dest_V|       pointer|
|output_stream_TDEST          |  out|    8|        axis|                        output_stream_V_dest_V|       pointer|
|output_stream_TKEEP          |  out|    4|        axis|                        output_stream_V_keep_V|       pointer|
|output_stream_TSTRB          |  out|    4|        axis|                        output_stream_V_strb_V|       pointer|
|output_stream_TUSER          |  out|    2|        axis|                        output_stream_V_user_V|       pointer|
|output_stream_TLAST          |  out|    1|        axis|                        output_stream_V_last_V|       pointer|
|output_stream_TID            |  out|    5|        axis|                          output_stream_V_id_V|       pointer|
+-----------------------------+-----+-----+------------+----------------------------------------------+--------------+

