

================================================================
== Vitis HLS Report for 'feedforward_Pipeline_VITIS_LOOP_99_2'
================================================================
* Date:           Sat Jun 14 08:40:37 2025

* Version:        2024.2 (Build 5238294 on Nov  8 2024)
* Project:        bnn_hls
* Solution:       hls (Vivado IP Flow Target)
* Product family: zynq
* Target device:  xc7z020-clg400-1


================================================================
== Performance Estimates
================================================================
+ Timing: 
    * Summary: 
    +--------+----------+----------+------------+
    |  Clock |  Target  | Estimated| Uncertainty|
    +--------+----------+----------+------------+
    |ap_clk  |  10.00 ns|  5.806 ns|     2.70 ns|
    +--------+----------+----------+------------+

+ Latency: 
    * Summary: 
    +---------+---------+----------+----------+-----+-----+------------------------------------------------+
    |  Latency (cycles) |  Latency (absolute) |  Interval |                    Pipeline                    |
    |   min   |   max   |    min   |    max   | min | max |                      Type                      |
    +---------+---------+----------+----------+-----+-----+------------------------------------------------+
    |       67|       67|  0.670 us|  0.670 us|   65|   65|  loop auto-rewind stp (delay=0 clock cycles(s))|
    +---------+---------+----------+----------+-----+-----+------------------------------------------------+

    + Detail: 
        * Instance: 
        N/A

        * Loop: 
        +-------------------+---------+---------+----------+-----------+-----------+------+----------+
        |                   |  Latency (cycles) | Iteration|  Initiation Interval  | Trip |          |
        |     Loop Name     |   min   |   max   |  Latency |  achieved |   target  | Count| Pipelined|
        +-------------------+---------+---------+----------+-----------+-----------+------+----------+
        |- VITIS_LOOP_99_2  |       65|       65|         3|          1|          1|    64|       yes|
        +-------------------+---------+---------+----------+-----------+-----------+------+----------+



================================================================
== Utilization Estimates
================================================================
* Summary: 
+-----------------+---------+-----+--------+-------+-----+
|       Name      | BRAM_18K| DSP |   FF   |  LUT  | URAM|
+-----------------+---------+-----+--------+-------+-----+
|DSP              |        -|    -|       -|      -|    -|
|Expression       |        -|    -|       0|     95|    -|
|FIFO             |        -|    -|       -|      -|    -|
|Instance         |        -|    -|       -|      -|    -|
|Memory           |        -|    -|       -|      -|    -|
|Multiplexer      |        -|    -|       0|     36|    -|
|Register         |        -|    -|     101|      -|    -|
+-----------------+---------+-----+--------+-------+-----+
|Total            |        0|    0|     101|    131|    0|
+-----------------+---------+-----+--------+-------+-----+
|Available        |      280|  220|  106400|  53200|    0|
+-----------------+---------+-----+--------+-------+-----+
|Utilization (%)  |        0|    0|      ~0|     ~0|    0|
+-----------------+---------+-----+--------+-------+-----+

+ Detail: 
    * Instance: 
    N/A

    * DSP: 
    N/A

    * Memory: 
    N/A

    * FIFO: 
    N/A

    * Expression: 
    +-----------------------+----------+----+---+----+------------+------------+
    |     Variable Name     | Operation| DSP| FF| LUT| Bitwidth P0| Bitwidth P1|
    +-----------------------+----------+----+---+----+------------+------------+
    |add_ln102_1_fu_136_p2  |         +|   0|  0|  39|          32|          11|
    |add_ln102_fu_124_p2    |         +|   0|  0|  39|          32|          11|
    |add_ln99_fu_108_p2     |         +|   0|  0|  15|           8|           2|
    |ap_enable_pp0          |       xor|   0|  0|   2|           1|           2|
    +-----------------------+----------+----+---+----+------------+------------+
    |Total                  |          |   0|  0|  95|          73|          26|
    +-----------------------+----------+----+---+----+------------+------------+

    * Multiplexer: 
    +-------------------------+----+-----------+-----+-----------+
    |           Name          | LUT| Input Size| Bits| Total Bits|
    +-------------------------+----+-----------+-----+-----------+
    |ap_done_int              |   9|          2|    1|          2|
    |ap_enable_reg_pp0_iter1  |   9|          2|    1|          2|
    |ap_sig_allocacmp_i_1     |   9|          2|    8|         16|
    |i_fu_38                  |   9|          2|    8|         16|
    +-------------------------+----+-----------+-----+-----------+
    |Total                    |  36|          8|   18|         36|
    +-------------------------+----+-----------+-----+-----------+

    * Register: 
    +-------------------------------------------------+----+----+-----+-----------+
    |                       Name                      | FF | LUT| Bits| Const Bits|
    +-------------------------------------------------+----+----+-----+-----------+
    |ap_CS_fsm                                        |   1|   0|    1|          0|
    |ap_done_reg                                      |   1|   0|    1|          0|
    |ap_enable_reg_pp0_iter1                          |   1|   0|    1|          0|
    |ap_enable_reg_pp0_iter2                          |   1|   0|    1|          0|
    |ap_loop_exit_ready_pp0_iter1_reg                 |   1|   0|    1|          0|
    |i_fu_38                                          |   8|   0|    8|          0|
    |layer1_activations_1_addr_reg_160                |   6|   0|    6|          0|
    |layer1_activations_1_addr_reg_160_pp0_iter1_reg  |   6|   0|    6|          0|
    |layer1_activations_1_load_reg_171                |  32|   0|   32|          0|
    |layer1_activations_addr_reg_154                  |   6|   0|    6|          0|
    |layer1_activations_addr_reg_154_pp0_iter1_reg    |   6|   0|    6|          0|
    |layer1_activations_load_reg_166                  |  32|   0|   32|          0|
    +-------------------------------------------------+----+----+-----+-----------+
    |Total                                            | 101|   0|  101|          0|
    +-------------------------------------------------+----+----+-----+-----------+



================================================================
== Interface
================================================================
* Summary: 
+-------------------------------+-----+-----+------------+--------------------------------------+--------------+
|           RTL Ports           | Dir | Bits|  Protocol  |             Source Object            |    C Type    |
+-------------------------------+-----+-----+------------+--------------------------------------+--------------+
|ap_clk                         |   in|    1|  ap_ctrl_hs|  feedforward_Pipeline_VITIS_LOOP_99_2|  return value|
|ap_rst                         |   in|    1|  ap_ctrl_hs|  feedforward_Pipeline_VITIS_LOOP_99_2|  return value|
|ap_start                       |   in|    1|  ap_ctrl_hs|  feedforward_Pipeline_VITIS_LOOP_99_2|  return value|
|ap_done                        |  out|    1|  ap_ctrl_hs|  feedforward_Pipeline_VITIS_LOOP_99_2|  return value|
|ap_idle                        |  out|    1|  ap_ctrl_hs|  feedforward_Pipeline_VITIS_LOOP_99_2|  return value|
|ap_ready                       |  out|    1|  ap_ctrl_hs|  feedforward_Pipeline_VITIS_LOOP_99_2|  return value|
|layer1_activations_1_address0  |  out|    6|   ap_memory|                  layer1_activations_1|         array|
|layer1_activations_1_ce0       |  out|    1|   ap_memory|                  layer1_activations_1|         array|
|layer1_activations_1_we0       |  out|    1|   ap_memory|                  layer1_activations_1|         array|
|layer1_activations_1_d0        |  out|   32|   ap_memory|                  layer1_activations_1|         array|
|layer1_activations_1_address1  |  out|    6|   ap_memory|                  layer1_activations_1|         array|
|layer1_activations_1_ce1       |  out|    1|   ap_memory|                  layer1_activations_1|         array|
|layer1_activations_1_q1        |   in|   32|   ap_memory|                  layer1_activations_1|         array|
|layer1_activations_address0    |  out|    6|   ap_memory|                    layer1_activations|         array|
|layer1_activations_ce0         |  out|    1|   ap_memory|                    layer1_activations|         array|
|layer1_activations_we0         |  out|    1|   ap_memory|                    layer1_activations|         array|
|layer1_activations_d0          |  out|   32|   ap_memory|                    layer1_activations|         array|
|layer1_activations_address1    |  out|    6|   ap_memory|                    layer1_activations|         array|
|layer1_activations_ce1         |  out|    1|   ap_memory|                    layer1_activations|         array|
|layer1_activations_q1          |   in|   32|   ap_memory|                    layer1_activations|         array|
+-------------------------------+-----+-----+------------+--------------------------------------+--------------+

