

================================================================
== Vitis HLS Report for 'feedforward_Pipeline_VITIS_LOOP_139_6'
================================================================
* Date:           Fri Jun 13 14:38:47 2025

* Version:        2024.2 (Build 5238294 on Nov  8 2024)
* Project:        bnn_hls
* Solution:       hls (Vivado IP Flow Target)
* Product family: zynq
* Target device:  xc7z020-clg400-1


================================================================
== Performance Estimates
================================================================
+ Timing: 
    * Summary: 
    +--------+----------+----------+------------+
    |  Clock |  Target  | Estimated| Uncertainty|
    +--------+----------+----------+------------+
    |ap_clk  |  10.00 ns|  5.806 ns|     2.70 ns|
    +--------+----------+----------+------------+

+ Latency: 
    * Summary: 
    +---------+---------+----------+----------+-----+-----+------------------------------------------------+
    |  Latency (cycles) |  Latency (absolute) |  Interval |                    Pipeline                    |
    |   min   |   max   |    min   |    max   | min | max |                      Type                      |
    +---------+---------+----------+----------+-----+-----+------------------------------------------------+
    |       67|       67|  0.670 us|  0.670 us|   65|   65|  loop auto-rewind stp (delay=0 clock cycles(s))|
    +---------+---------+----------+----------+-----+-----+------------------------------------------------+

    + Detail: 
        * Instance: 
        N/A

        * Loop: 
        +--------------------+---------+---------+----------+-----------+-----------+------+----------+
        |                    |  Latency (cycles) | Iteration|  Initiation Interval  | Trip |          |
        |      Loop Name     |   min   |   max   |  Latency |  achieved |   target  | Count| Pipelined|
        +--------------------+---------+---------+----------+-----------+-----------+------+----------+
        |- VITIS_LOOP_139_6  |       65|       65|         3|          1|          1|    64|       yes|
        +--------------------+---------+---------+----------+-----------+-----------+------+----------+



================================================================
== Utilization Estimates
================================================================
* Summary: 
+-----------------+---------+-----+--------+-------+-----+
|       Name      | BRAM_18K| DSP |   FF   |  LUT  | URAM|
+-----------------+---------+-----+--------+-------+-----+
|DSP              |        -|    -|       -|      -|    -|
|Expression       |        -|    -|       0|     70|    -|
|FIFO             |        -|    -|       -|      -|    -|
|Instance         |        -|    -|       -|      -|    -|
|Memory           |        -|    -|       -|      -|    -|
|Multiplexer      |        -|    -|       0|     36|    -|
|Register         |        -|    -|      56|      -|    -|
+-----------------+---------+-----+--------+-------+-----+
|Total            |        0|    0|      56|    106|    0|
+-----------------+---------+-----+--------+-------+-----+
|Available        |      280|  220|  106400|  53200|    0|
+-----------------+---------+-----+--------+-------+-----+
|Utilization (%)  |        0|    0|      ~0|     ~0|    0|
+-----------------+---------+-----+--------+-------+-----+

+ Detail: 
    * Instance: 
    N/A

    * DSP: 
    N/A

    * Memory: 
    N/A

    * FIFO: 
    N/A

    * Expression: 
    +---------------------+----------+----+---+----+------------+------------+
    |    Variable Name    | Operation| DSP| FF| LUT| Bitwidth P0| Bitwidth P1|
    +---------------------+----------+----+---+----+------------+------------+
    |add_ln139_fu_65_p2   |         +|   0|  0|  14|           7|           1|
    |add_ln142_fu_86_p2   |         +|   0|  0|  39|          32|          17|
    |icmp_ln139_fu_59_p2  |      icmp|   0|  0|  15|           7|           8|
    |ap_enable_pp0        |       xor|   0|  0|   2|           1|           2|
    +---------------------+----------+----+---+----+------------+------------+
    |Total                |          |   0|  0|  70|          47|          28|
    +---------------------+----------+----+---+----+------------+------------+

    * Multiplexer: 
    +-------------------------+----+-----------+-----+-----------+
    |           Name          | LUT| Input Size| Bits| Total Bits|
    +-------------------------+----+-----------+-----+-----------+
    |ap_done_int              |   9|          2|    1|          2|
    |ap_enable_reg_pp0_iter1  |   9|          2|    1|          2|
    |ap_sig_allocacmp_i_3     |   9|          2|    7|         14|
    |i_fu_30                  |   9|          2|    7|         14|
    +-------------------------+----+-----------+-----+-----------+
    |Total                    |  36|          8|   16|         32|
    +-------------------------+----+-----------+-----+-----------+

    * Register: 
    +-----------------------------------------------+----+----+-----+-----------+
    |                      Name                     | FF | LUT| Bits| Const Bits|
    +-----------------------------------------------+----+----+-----+-----------+
    |ap_CS_fsm                                      |   1|   0|    1|          0|
    |ap_done_reg                                    |   1|   0|    1|          0|
    |ap_enable_reg_pp0_iter1                        |   1|   0|    1|          0|
    |ap_enable_reg_pp0_iter2                        |   1|   0|    1|          0|
    |ap_loop_exit_ready_pp0_iter1_reg               |   1|   0|    1|          0|
    |i_fu_30                                        |   7|   0|    7|          0|
    |layer3_activations_addr_reg_104                |   6|   0|    6|          0|
    |layer3_activations_addr_reg_104_pp0_iter1_reg  |   6|   0|    6|          0|
    |layer3_activations_load_reg_110                |  32|   0|   32|          0|
    +-----------------------------------------------+----+----+-----+-----------+
    |Total                                          |  56|   0|   56|          0|
    +-----------------------------------------------+----+----+-----+-----------+



================================================================
== Interface
================================================================
* Summary: 
+-----------------------------+-----+-----+------------+---------------------------------------+--------------+
|          RTL Ports          | Dir | Bits|  Protocol  |             Source Object             |    C Type    |
+-----------------------------+-----+-----+------------+---------------------------------------+--------------+
|ap_clk                       |   in|    1|  ap_ctrl_hs|  feedforward_Pipeline_VITIS_LOOP_139_6|  return value|
|ap_rst                       |   in|    1|  ap_ctrl_hs|  feedforward_Pipeline_VITIS_LOOP_139_6|  return value|
|ap_start                     |   in|    1|  ap_ctrl_hs|  feedforward_Pipeline_VITIS_LOOP_139_6|  return value|
|ap_done                      |  out|    1|  ap_ctrl_hs|  feedforward_Pipeline_VITIS_LOOP_139_6|  return value|
|ap_idle                      |  out|    1|  ap_ctrl_hs|  feedforward_Pipeline_VITIS_LOOP_139_6|  return value|
|ap_ready                     |  out|    1|  ap_ctrl_hs|  feedforward_Pipeline_VITIS_LOOP_139_6|  return value|
|layer3_activations_address0  |  out|    6|   ap_memory|                     layer3_activations|         array|
|layer3_activations_ce0       |  out|    1|   ap_memory|                     layer3_activations|         array|
|layer3_activations_we0       |  out|    1|   ap_memory|                     layer3_activations|         array|
|layer3_activations_d0        |  out|   32|   ap_memory|                     layer3_activations|         array|
|layer3_activations_address1  |  out|    6|   ap_memory|                     layer3_activations|         array|
|layer3_activations_ce1       |  out|    1|   ap_memory|                     layer3_activations|         array|
|layer3_activations_q1        |   in|   32|   ap_memory|                     layer3_activations|         array|
+-----------------------------+-----+-----+------------+---------------------------------------+--------------+

