

================================================================
== Vitis HLS Report for 'feedforward_Pipeline_VITIS_LOOP_126_3'
================================================================
* Date:           Wed Jun 11 23:52:48 2025

* Version:        2024.2 (Build 5238294 on Nov  8 2024)
* Project:        bnn_hls
* Solution:       hls (Vivado IP Flow Target)
* Product family: zynq
* Target device:  xc7z020-clg400-1


================================================================
== Performance Estimates
================================================================
+ Timing: 
    * Summary: 
    +--------+----------+----------+------------+
    |  Clock |  Target  | Estimated| Uncertainty|
    +--------+----------+----------+------------+
    |ap_clk  |  10.00 ns|  6.504 ns|     2.70 ns|
    +--------+----------+----------+------------+

+ Latency: 
    * Summary: 
    +---------+---------+-----------+----------+-----+-----+------------------------------------------------+
    |  Latency (cycles) |  Latency (absolute)  |  Interval |                    Pipeline                    |
    |   min   |   max   |    min    |    max   | min | max |                      Type                      |
    +---------+---------+-----------+----------+-----+-----+------------------------------------------------+
    |        3|        ?|  30.000 ns|         ?|    2|    0|  loop auto-rewind stp (delay=0 clock cycles(s))|
    +---------+---------+-----------+----------+-----+-----+------------------------------------------------+

    + Detail: 
        * Instance: 
        N/A

        * Loop: 
        +--------------------+---------+---------+----------+-----------+-----------+-------+----------+
        |                    |  Latency (cycles) | Iteration|  Initiation Interval  |  Trip |          |
        |      Loop Name     |   min   |   max   |  Latency |  achieved |   target  | Count | Pipelined|
        +--------------------+---------+---------+----------+-----------+-----------+-------+----------+
        |- VITIS_LOOP_126_3  |        1|        ?|         2|          1|          1|  1 ~ ?|       yes|
        +--------------------+---------+---------+----------+-----------+-----------+-------+----------+



================================================================
== Utilization Estimates
================================================================
* Summary: 
+-----------------+---------+-----+--------+-------+-----+
|       Name      | BRAM_18K| DSP |   FF   |  LUT  | URAM|
+-----------------+---------+-----+--------+-------+-----+
|DSP              |        -|    -|       -|      -|    -|
|Expression       |        -|    -|       0|    126|    -|
|FIFO             |        -|    -|       -|      -|    -|
|Instance         |        -|    -|       -|      -|    -|
|Memory           |        -|    -|       -|      -|    -|
|Multiplexer      |        -|    -|       0|     36|    -|
|Register         |        -|    -|     147|      -|    -|
+-----------------+---------+-----+--------+-------+-----+
|Total            |        0|    0|     147|    162|    0|
+-----------------+---------+-----+--------+-------+-----+
|Available        |      280|  220|  106400|  53200|    0|
+-----------------+---------+-----+--------+-------+-----+
|Utilization (%)  |        0|    0|      ~0|     ~0|    0|
+-----------------+---------+-----+--------+-------+-----+

+ Detail: 
    * Instance: 
    N/A

    * DSP: 
    N/A

    * Memory: 
    N/A

    * FIFO: 
    N/A

    * Expression: 
    +-----------------------------+----------+----+---+----+------------+------------+
    |        Variable Name        | Operation| DSP| FF| LUT| Bitwidth P0| Bitwidth P1|
    +-----------------------------+----------+----+---+----+------------+------------+
    |add_ln126_fu_2012_p2         |         +|   0|  0|  15|           8|           1|
    |icmp_ln126_fu_2006_p2        |      icmp|   0|  0|  38|          31|          31|
    |layer1_quant_128_fu_2054_p2  |      icmp|   0|  0|  39|          32|           1|
    |select_ln129_fu_2047_p3      |    select|   0|  0|  32|           1|          32|
    |ap_enable_pp0                |       xor|   0|  0|   2|           1|           2|
    +-----------------------------+----------+----+---+----+------------+------------+
    |Total                        |          |   0|  0| 126|          73|          67|
    +-----------------------------+----------+----+---+----+------------+------------+

    * Multiplexer: 
    +-------------------------+----+-----------+-----+-----------+
    |           Name          | LUT| Input Size| Bits| Total Bits|
    +-------------------------+----+-----------+-----+-----------+
    |ap_done_int              |   9|          2|    1|          2|
    |ap_enable_reg_pp0_iter1  |   9|          2|    1|          2|
    |ap_sig_allocacmp_i       |   9|          2|    8|         16|
    |i_2_fu_550               |   9|          2|    8|         16|
    +-------------------------+----+-----------+-----+-----------+
    |Total                    |  36|          8|   18|         36|
    +-------------------------+----+-----------+-----+-----------+

    * Register: 
    +--------------------------+---+----+-----+-----------+
    |           Name           | FF| LUT| Bits| Const Bits|
    +--------------------------+---+----+-----+-----------+
    |ap_CS_fsm                 |  1|   0|    1|          0|
    |ap_done_reg               |  1|   0|    1|          0|
    |ap_enable_reg_pp0_iter1   |  1|   0|    1|          0|
    |i_2_fu_550                |  8|   0|    8|          0|
    |layer1_quant_100_fu_954   |  1|   0|   32|         31|
    |layer1_quant_101_fu_958   |  1|   0|   32|         31|
    |layer1_quant_102_fu_962   |  1|   0|   32|         31|
    |layer1_quant_103_fu_966   |  1|   0|   32|         31|
    |layer1_quant_104_fu_970   |  1|   0|   32|         31|
    |layer1_quant_105_fu_974   |  1|   0|   32|         31|
    |layer1_quant_106_fu_978   |  1|   0|   32|         31|
    |layer1_quant_107_fu_982   |  1|   0|   32|         31|
    |layer1_quant_108_fu_986   |  1|   0|   32|         31|
    |layer1_quant_109_fu_990   |  1|   0|   32|         31|
    |layer1_quant_10_fu_594    |  1|   0|   32|         31|
    |layer1_quant_110_fu_994   |  1|   0|   32|         31|
    |layer1_quant_111_fu_998   |  1|   0|   32|         31|
    |layer1_quant_112_fu_1002  |  1|   0|   32|         31|
    |layer1_quant_113_fu_1006  |  1|   0|   32|         31|
    |layer1_quant_114_fu_1010  |  1|   0|   32|         31|
    |layer1_quant_115_fu_1014  |  1|   0|   32|         31|
    |layer1_quant_116_fu_1018  |  1|   0|   32|         31|
    |layer1_quant_117_fu_1022  |  1|   0|   32|         31|
    |layer1_quant_118_fu_1026  |  1|   0|   32|         31|
    |layer1_quant_119_fu_1030  |  1|   0|   32|         31|
    |layer1_quant_11_fu_598    |  1|   0|   32|         31|
    |layer1_quant_120_fu_1034  |  1|   0|   32|         31|
    |layer1_quant_121_fu_1038  |  1|   0|   32|         31|
    |layer1_quant_122_fu_1042  |  1|   0|   32|         31|
    |layer1_quant_123_fu_1046  |  1|   0|   32|         31|
    |layer1_quant_124_fu_1050  |  1|   0|   32|         31|
    |layer1_quant_125_fu_1054  |  1|   0|   32|         31|
    |layer1_quant_126_fu_1058  |  1|   0|   32|         31|
    |layer1_quant_127_fu_1062  |  1|   0|   32|         31|
    |layer1_quant_12_fu_602    |  1|   0|   32|         31|
    |layer1_quant_13_fu_606    |  1|   0|   32|         31|
    |layer1_quant_14_fu_610    |  1|   0|   32|         31|
    |layer1_quant_15_fu_614    |  1|   0|   32|         31|
    |layer1_quant_16_fu_618    |  1|   0|   32|         31|
    |layer1_quant_17_fu_622    |  1|   0|   32|         31|
    |layer1_quant_18_fu_626    |  1|   0|   32|         31|
    |layer1_quant_19_fu_630    |  1|   0|   32|         31|
    |layer1_quant_1_fu_558     |  1|   0|   32|         31|
    |layer1_quant_20_fu_634    |  1|   0|   32|         31|
    |layer1_quant_21_fu_638    |  1|   0|   32|         31|
    |layer1_quant_22_fu_642    |  1|   0|   32|         31|
    |layer1_quant_23_fu_646    |  1|   0|   32|         31|
    |layer1_quant_24_fu_650    |  1|   0|   32|         31|
    |layer1_quant_25_fu_654    |  1|   0|   32|         31|
    |layer1_quant_26_fu_658    |  1|   0|   32|         31|
    |layer1_quant_27_fu_662    |  1|   0|   32|         31|
    |layer1_quant_28_fu_666    |  1|   0|   32|         31|
    |layer1_quant_29_fu_670    |  1|   0|   32|         31|
    |layer1_quant_2_fu_562     |  1|   0|   32|         31|
    |layer1_quant_30_fu_674    |  1|   0|   32|         31|
    |layer1_quant_31_fu_678    |  1|   0|   32|         31|
    |layer1_quant_32_fu_682    |  1|   0|   32|         31|
    |layer1_quant_33_fu_686    |  1|   0|   32|         31|
    |layer1_quant_34_fu_690    |  1|   0|   32|         31|
    |layer1_quant_35_fu_694    |  1|   0|   32|         31|
    |layer1_quant_36_fu_698    |  1|   0|   32|         31|
    |layer1_quant_37_fu_702    |  1|   0|   32|         31|
    |layer1_quant_38_fu_706    |  1|   0|   32|         31|
    |layer1_quant_39_fu_710    |  1|   0|   32|         31|
    |layer1_quant_3_fu_566     |  1|   0|   32|         31|
    |layer1_quant_40_fu_714    |  1|   0|   32|         31|
    |layer1_quant_41_fu_718    |  1|   0|   32|         31|
    |layer1_quant_42_fu_722    |  1|   0|   32|         31|
    |layer1_quant_43_fu_726    |  1|   0|   32|         31|
    |layer1_quant_44_fu_730    |  1|   0|   32|         31|
    |layer1_quant_45_fu_734    |  1|   0|   32|         31|
    |layer1_quant_46_fu_738    |  1|   0|   32|         31|
    |layer1_quant_47_fu_742    |  1|   0|   32|         31|
    |layer1_quant_48_fu_746    |  1|   0|   32|         31|
    |layer1_quant_49_fu_750    |  1|   0|   32|         31|
    |layer1_quant_4_fu_570     |  1|   0|   32|         31|
    |layer1_quant_50_fu_754    |  1|   0|   32|         31|
    |layer1_quant_51_fu_758    |  1|   0|   32|         31|
    |layer1_quant_52_fu_762    |  1|   0|   32|         31|
    |layer1_quant_53_fu_766    |  1|   0|   32|         31|
    |layer1_quant_54_fu_770    |  1|   0|   32|         31|
    |layer1_quant_55_fu_774    |  1|   0|   32|         31|
    |layer1_quant_56_fu_778    |  1|   0|   32|         31|
    |layer1_quant_57_fu_782    |  1|   0|   32|         31|
    |layer1_quant_58_fu_786    |  1|   0|   32|         31|
    |layer1_quant_59_fu_790    |  1|   0|   32|         31|
    |layer1_quant_5_fu_574     |  1|   0|   32|         31|
    |layer1_quant_60_fu_794    |  1|   0|   32|         31|
    |layer1_quant_61_fu_798    |  1|   0|   32|         31|
    |layer1_quant_62_fu_802    |  1|   0|   32|         31|
    |layer1_quant_63_fu_806    |  1|   0|   32|         31|
    |layer1_quant_64_fu_810    |  1|   0|   32|         31|
    |layer1_quant_65_fu_814    |  1|   0|   32|         31|
    |layer1_quant_66_fu_818    |  1|   0|   32|         31|
    |layer1_quant_67_fu_822    |  1|   0|   32|         31|
    |layer1_quant_68_fu_826    |  1|   0|   32|         31|
    |layer1_quant_69_fu_830    |  1|   0|   32|         31|
    |layer1_quant_6_fu_578     |  1|   0|   32|         31|
    |layer1_quant_70_fu_834    |  1|   0|   32|         31|
    |layer1_quant_71_fu_838    |  1|   0|   32|         31|
    |layer1_quant_72_fu_842    |  1|   0|   32|         31|
    |layer1_quant_73_fu_846    |  1|   0|   32|         31|
    |layer1_quant_74_fu_850    |  1|   0|   32|         31|
    |layer1_quant_75_fu_854    |  1|   0|   32|         31|
    |layer1_quant_76_fu_858    |  1|   0|   32|         31|
    |layer1_quant_77_fu_862    |  1|   0|   32|         31|
    |layer1_quant_78_fu_866    |  1|   0|   32|         31|
    |layer1_quant_79_fu_870    |  1|   0|   32|         31|
    |layer1_quant_7_fu_582     |  1|   0|   32|         31|
    |layer1_quant_80_fu_874    |  1|   0|   32|         31|
    |layer1_quant_81_fu_878    |  1|   0|   32|         31|
    |layer1_quant_82_fu_882    |  1|   0|   32|         31|
    |layer1_quant_83_fu_886    |  1|   0|   32|         31|
    |layer1_quant_84_fu_890    |  1|   0|   32|         31|
    |layer1_quant_85_fu_894    |  1|   0|   32|         31|
    |layer1_quant_86_fu_898    |  1|   0|   32|         31|
    |layer1_quant_87_fu_902    |  1|   0|   32|         31|
    |layer1_quant_88_fu_906    |  1|   0|   32|         31|
    |layer1_quant_89_fu_910    |  1|   0|   32|         31|
    |layer1_quant_8_fu_586     |  1|   0|   32|         31|
    |layer1_quant_90_fu_914    |  1|   0|   32|         31|
    |layer1_quant_91_fu_918    |  1|   0|   32|         31|
    |layer1_quant_92_fu_922    |  1|   0|   32|         31|
    |layer1_quant_93_fu_926    |  1|   0|   32|         31|
    |layer1_quant_94_fu_930    |  1|   0|   32|         31|
    |layer1_quant_95_fu_934    |  1|   0|   32|         31|
    |layer1_quant_96_fu_938    |  1|   0|   32|         31|
    |layer1_quant_97_fu_942    |  1|   0|   32|         31|
    |layer1_quant_98_fu_946    |  1|   0|   32|         31|
    |layer1_quant_99_fu_950    |  1|   0|   32|         31|
    |layer1_quant_9_fu_590     |  1|   0|   32|         31|
    |layer1_quant_fu_554       |  1|   0|   32|         31|
    |trunc_ln126_1_reg_3999    |  7|   0|    7|          0|
    |trunc_ln126_reg_3994      |  1|   0|    1|          0|
    +--------------------------+---+----+-----+-----------+
    |Total                     |147|   0| 4115|       3968|
    +--------------------------+---+----+-----+-----------+



================================================================
== Interface
================================================================
* Summary: 
+-------------------------------+-----+-----+------------+---------------------------------------+--------------+
|           RTL Ports           | Dir | Bits|  Protocol  |             Source Object             |    C Type    |
+-------------------------------+-----+-----+------------+---------------------------------------+--------------+
|ap_clk                         |   in|    1|  ap_ctrl_hs|  feedforward_Pipeline_VITIS_LOOP_126_3|  return value|
|ap_rst                         |   in|    1|  ap_ctrl_hs|  feedforward_Pipeline_VITIS_LOOP_126_3|  return value|
|ap_start                       |   in|    1|  ap_ctrl_hs|  feedforward_Pipeline_VITIS_LOOP_126_3|  return value|
|ap_done                        |  out|    1|  ap_ctrl_hs|  feedforward_Pipeline_VITIS_LOOP_126_3|  return value|
|ap_idle                        |  out|    1|  ap_ctrl_hs|  feedforward_Pipeline_VITIS_LOOP_126_3|  return value|
|ap_ready                       |  out|    1|  ap_ctrl_hs|  feedforward_Pipeline_VITIS_LOOP_126_3|  return value|
|empty                          |   in|   31|     ap_none|                                  empty|        scalar|
|layer1_activations_address0    |  out|    6|   ap_memory|                     layer1_activations|         array|
|layer1_activations_ce0         |  out|    1|   ap_memory|                     layer1_activations|         array|
|layer1_activations_q0          |   in|   32|   ap_memory|                     layer1_activations|         array|
|layer1_activations_2_address0  |  out|    6|   ap_memory|                   layer1_activations_2|         array|
|layer1_activations_2_ce0       |  out|    1|   ap_memory|                   layer1_activations_2|         array|
|layer1_activations_2_q0        |   in|   32|   ap_memory|                   layer1_activations_2|         array|
|layer1_quant_127_out           |  out|   32|      ap_vld|                   layer1_quant_127_out|       pointer|
|layer1_quant_127_out_ap_vld    |  out|    1|      ap_vld|                   layer1_quant_127_out|       pointer|
|layer1_quant_126_out           |  out|   32|      ap_vld|                   layer1_quant_126_out|       pointer|
|layer1_quant_126_out_ap_vld    |  out|    1|      ap_vld|                   layer1_quant_126_out|       pointer|
|layer1_quant_125_out           |  out|   32|      ap_vld|                   layer1_quant_125_out|       pointer|
|layer1_quant_125_out_ap_vld    |  out|    1|      ap_vld|                   layer1_quant_125_out|       pointer|
|layer1_quant_124_out           |  out|   32|      ap_vld|                   layer1_quant_124_out|       pointer|
|layer1_quant_124_out_ap_vld    |  out|    1|      ap_vld|                   layer1_quant_124_out|       pointer|
|layer1_quant_123_out           |  out|   32|      ap_vld|                   layer1_quant_123_out|       pointer|
|layer1_quant_123_out_ap_vld    |  out|    1|      ap_vld|                   layer1_quant_123_out|       pointer|
|layer1_quant_122_out           |  out|   32|      ap_vld|                   layer1_quant_122_out|       pointer|
|layer1_quant_122_out_ap_vld    |  out|    1|      ap_vld|                   layer1_quant_122_out|       pointer|
|layer1_quant_121_out           |  out|   32|      ap_vld|                   layer1_quant_121_out|       pointer|
|layer1_quant_121_out_ap_vld    |  out|    1|      ap_vld|                   layer1_quant_121_out|       pointer|
|layer1_quant_120_out           |  out|   32|      ap_vld|                   layer1_quant_120_out|       pointer|
|layer1_quant_120_out_ap_vld    |  out|    1|      ap_vld|                   layer1_quant_120_out|       pointer|
|layer1_quant_119_out           |  out|   32|      ap_vld|                   layer1_quant_119_out|       pointer|
|layer1_quant_119_out_ap_vld    |  out|    1|      ap_vld|                   layer1_quant_119_out|       pointer|
|layer1_quant_118_out           |  out|   32|      ap_vld|                   layer1_quant_118_out|       pointer|
|layer1_quant_118_out_ap_vld    |  out|    1|      ap_vld|                   layer1_quant_118_out|       pointer|
|layer1_quant_117_out           |  out|   32|      ap_vld|                   layer1_quant_117_out|       pointer|
|layer1_quant_117_out_ap_vld    |  out|    1|      ap_vld|                   layer1_quant_117_out|       pointer|
|layer1_quant_116_out           |  out|   32|      ap_vld|                   layer1_quant_116_out|       pointer|
|layer1_quant_116_out_ap_vld    |  out|    1|      ap_vld|                   layer1_quant_116_out|       pointer|
|layer1_quant_115_out           |  out|   32|      ap_vld|                   layer1_quant_115_out|       pointer|
|layer1_quant_115_out_ap_vld    |  out|    1|      ap_vld|                   layer1_quant_115_out|       pointer|
|layer1_quant_114_out           |  out|   32|      ap_vld|                   layer1_quant_114_out|       pointer|
|layer1_quant_114_out_ap_vld    |  out|    1|      ap_vld|                   layer1_quant_114_out|       pointer|
|layer1_quant_113_out           |  out|   32|      ap_vld|                   layer1_quant_113_out|       pointer|
|layer1_quant_113_out_ap_vld    |  out|    1|      ap_vld|                   layer1_quant_113_out|       pointer|
|layer1_quant_112_out           |  out|   32|      ap_vld|                   layer1_quant_112_out|       pointer|
|layer1_quant_112_out_ap_vld    |  out|    1|      ap_vld|                   layer1_quant_112_out|       pointer|
|layer1_quant_111_out           |  out|   32|      ap_vld|                   layer1_quant_111_out|       pointer|
|layer1_quant_111_out_ap_vld    |  out|    1|      ap_vld|                   layer1_quant_111_out|       pointer|
|layer1_quant_110_out           |  out|   32|      ap_vld|                   layer1_quant_110_out|       pointer|
|layer1_quant_110_out_ap_vld    |  out|    1|      ap_vld|                   layer1_quant_110_out|       pointer|
|layer1_quant_109_out           |  out|   32|      ap_vld|                   layer1_quant_109_out|       pointer|
|layer1_quant_109_out_ap_vld    |  out|    1|      ap_vld|                   layer1_quant_109_out|       pointer|
|layer1_quant_108_out           |  out|   32|      ap_vld|                   layer1_quant_108_out|       pointer|
|layer1_quant_108_out_ap_vld    |  out|    1|      ap_vld|                   layer1_quant_108_out|       pointer|
|layer1_quant_107_out           |  out|   32|      ap_vld|                   layer1_quant_107_out|       pointer|
|layer1_quant_107_out_ap_vld    |  out|    1|      ap_vld|                   layer1_quant_107_out|       pointer|
|layer1_quant_106_out           |  out|   32|      ap_vld|                   layer1_quant_106_out|       pointer|
|layer1_quant_106_out_ap_vld    |  out|    1|      ap_vld|                   layer1_quant_106_out|       pointer|
|layer1_quant_105_out           |  out|   32|      ap_vld|                   layer1_quant_105_out|       pointer|
|layer1_quant_105_out_ap_vld    |  out|    1|      ap_vld|                   layer1_quant_105_out|       pointer|
|layer1_quant_104_out           |  out|   32|      ap_vld|                   layer1_quant_104_out|       pointer|
|layer1_quant_104_out_ap_vld    |  out|    1|      ap_vld|                   layer1_quant_104_out|       pointer|
|layer1_quant_103_out           |  out|   32|      ap_vld|                   layer1_quant_103_out|       pointer|
|layer1_quant_103_out_ap_vld    |  out|    1|      ap_vld|                   layer1_quant_103_out|       pointer|
|layer1_quant_102_out           |  out|   32|      ap_vld|                   layer1_quant_102_out|       pointer|
|layer1_quant_102_out_ap_vld    |  out|    1|      ap_vld|                   layer1_quant_102_out|       pointer|
|layer1_quant_101_out           |  out|   32|      ap_vld|                   layer1_quant_101_out|       pointer|
|layer1_quant_101_out_ap_vld    |  out|    1|      ap_vld|                   layer1_quant_101_out|       pointer|
|layer1_quant_100_out           |  out|   32|      ap_vld|                   layer1_quant_100_out|       pointer|
|layer1_quant_100_out_ap_vld    |  out|    1|      ap_vld|                   layer1_quant_100_out|       pointer|
|layer1_quant_99_out            |  out|   32|      ap_vld|                    layer1_quant_99_out|       pointer|
|layer1_quant_99_out_ap_vld     |  out|    1|      ap_vld|                    layer1_quant_99_out|       pointer|
|layer1_quant_98_out            |  out|   32|      ap_vld|                    layer1_quant_98_out|       pointer|
|layer1_quant_98_out_ap_vld     |  out|    1|      ap_vld|                    layer1_quant_98_out|       pointer|
|layer1_quant_97_out            |  out|   32|      ap_vld|                    layer1_quant_97_out|       pointer|
|layer1_quant_97_out_ap_vld     |  out|    1|      ap_vld|                    layer1_quant_97_out|       pointer|
|layer1_quant_96_out            |  out|   32|      ap_vld|                    layer1_quant_96_out|       pointer|
|layer1_quant_96_out_ap_vld     |  out|    1|      ap_vld|                    layer1_quant_96_out|       pointer|
|layer1_quant_95_out            |  out|   32|      ap_vld|                    layer1_quant_95_out|       pointer|
|layer1_quant_95_out_ap_vld     |  out|    1|      ap_vld|                    layer1_quant_95_out|       pointer|
|layer1_quant_94_out            |  out|   32|      ap_vld|                    layer1_quant_94_out|       pointer|
|layer1_quant_94_out_ap_vld     |  out|    1|      ap_vld|                    layer1_quant_94_out|       pointer|
|layer1_quant_93_out            |  out|   32|      ap_vld|                    layer1_quant_93_out|       pointer|
|layer1_quant_93_out_ap_vld     |  out|    1|      ap_vld|                    layer1_quant_93_out|       pointer|
|layer1_quant_92_out            |  out|   32|      ap_vld|                    layer1_quant_92_out|       pointer|
|layer1_quant_92_out_ap_vld     |  out|    1|      ap_vld|                    layer1_quant_92_out|       pointer|
|layer1_quant_91_out            |  out|   32|      ap_vld|                    layer1_quant_91_out|       pointer|
|layer1_quant_91_out_ap_vld     |  out|    1|      ap_vld|                    layer1_quant_91_out|       pointer|
|layer1_quant_90_out            |  out|   32|      ap_vld|                    layer1_quant_90_out|       pointer|
|layer1_quant_90_out_ap_vld     |  out|    1|      ap_vld|                    layer1_quant_90_out|       pointer|
|layer1_quant_89_out            |  out|   32|      ap_vld|                    layer1_quant_89_out|       pointer|
|layer1_quant_89_out_ap_vld     |  out|    1|      ap_vld|                    layer1_quant_89_out|       pointer|
|layer1_quant_88_out            |  out|   32|      ap_vld|                    layer1_quant_88_out|       pointer|
|layer1_quant_88_out_ap_vld     |  out|    1|      ap_vld|                    layer1_quant_88_out|       pointer|
|layer1_quant_87_out            |  out|   32|      ap_vld|                    layer1_quant_87_out|       pointer|
|layer1_quant_87_out_ap_vld     |  out|    1|      ap_vld|                    layer1_quant_87_out|       pointer|
|layer1_quant_86_out            |  out|   32|      ap_vld|                    layer1_quant_86_out|       pointer|
|layer1_quant_86_out_ap_vld     |  out|    1|      ap_vld|                    layer1_quant_86_out|       pointer|
|layer1_quant_85_out            |  out|   32|      ap_vld|                    layer1_quant_85_out|       pointer|
|layer1_quant_85_out_ap_vld     |  out|    1|      ap_vld|                    layer1_quant_85_out|       pointer|
|layer1_quant_84_out            |  out|   32|      ap_vld|                    layer1_quant_84_out|       pointer|
|layer1_quant_84_out_ap_vld     |  out|    1|      ap_vld|                    layer1_quant_84_out|       pointer|
|layer1_quant_83_out            |  out|   32|      ap_vld|                    layer1_quant_83_out|       pointer|
|layer1_quant_83_out_ap_vld     |  out|    1|      ap_vld|                    layer1_quant_83_out|       pointer|
|layer1_quant_82_out            |  out|   32|      ap_vld|                    layer1_quant_82_out|       pointer|
|layer1_quant_82_out_ap_vld     |  out|    1|      ap_vld|                    layer1_quant_82_out|       pointer|
|layer1_quant_81_out            |  out|   32|      ap_vld|                    layer1_quant_81_out|       pointer|
|layer1_quant_81_out_ap_vld     |  out|    1|      ap_vld|                    layer1_quant_81_out|       pointer|
|layer1_quant_80_out            |  out|   32|      ap_vld|                    layer1_quant_80_out|       pointer|
|layer1_quant_80_out_ap_vld     |  out|    1|      ap_vld|                    layer1_quant_80_out|       pointer|
|layer1_quant_79_out            |  out|   32|      ap_vld|                    layer1_quant_79_out|       pointer|
|layer1_quant_79_out_ap_vld     |  out|    1|      ap_vld|                    layer1_quant_79_out|       pointer|
|layer1_quant_78_out            |  out|   32|      ap_vld|                    layer1_quant_78_out|       pointer|
|layer1_quant_78_out_ap_vld     |  out|    1|      ap_vld|                    layer1_quant_78_out|       pointer|
|layer1_quant_77_out            |  out|   32|      ap_vld|                    layer1_quant_77_out|       pointer|
|layer1_quant_77_out_ap_vld     |  out|    1|      ap_vld|                    layer1_quant_77_out|       pointer|
|layer1_quant_76_out            |  out|   32|      ap_vld|                    layer1_quant_76_out|       pointer|
|layer1_quant_76_out_ap_vld     |  out|    1|      ap_vld|                    layer1_quant_76_out|       pointer|
|layer1_quant_75_out            |  out|   32|      ap_vld|                    layer1_quant_75_out|       pointer|
|layer1_quant_75_out_ap_vld     |  out|    1|      ap_vld|                    layer1_quant_75_out|       pointer|
|layer1_quant_74_out            |  out|   32|      ap_vld|                    layer1_quant_74_out|       pointer|
|layer1_quant_74_out_ap_vld     |  out|    1|      ap_vld|                    layer1_quant_74_out|       pointer|
|layer1_quant_73_out            |  out|   32|      ap_vld|                    layer1_quant_73_out|       pointer|
|layer1_quant_73_out_ap_vld     |  out|    1|      ap_vld|                    layer1_quant_73_out|       pointer|
|layer1_quant_72_out            |  out|   32|      ap_vld|                    layer1_quant_72_out|       pointer|
|layer1_quant_72_out_ap_vld     |  out|    1|      ap_vld|                    layer1_quant_72_out|       pointer|
|layer1_quant_71_out            |  out|   32|      ap_vld|                    layer1_quant_71_out|       pointer|
|layer1_quant_71_out_ap_vld     |  out|    1|      ap_vld|                    layer1_quant_71_out|       pointer|
|layer1_quant_70_out            |  out|   32|      ap_vld|                    layer1_quant_70_out|       pointer|
|layer1_quant_70_out_ap_vld     |  out|    1|      ap_vld|                    layer1_quant_70_out|       pointer|
|layer1_quant_69_out            |  out|   32|      ap_vld|                    layer1_quant_69_out|       pointer|
|layer1_quant_69_out_ap_vld     |  out|    1|      ap_vld|                    layer1_quant_69_out|       pointer|
|layer1_quant_68_out            |  out|   32|      ap_vld|                    layer1_quant_68_out|       pointer|
|layer1_quant_68_out_ap_vld     |  out|    1|      ap_vld|                    layer1_quant_68_out|       pointer|
|layer1_quant_67_out            |  out|   32|      ap_vld|                    layer1_quant_67_out|       pointer|
|layer1_quant_67_out_ap_vld     |  out|    1|      ap_vld|                    layer1_quant_67_out|       pointer|
|layer1_quant_66_out            |  out|   32|      ap_vld|                    layer1_quant_66_out|       pointer|
|layer1_quant_66_out_ap_vld     |  out|    1|      ap_vld|                    layer1_quant_66_out|       pointer|
|layer1_quant_65_out            |  out|   32|      ap_vld|                    layer1_quant_65_out|       pointer|
|layer1_quant_65_out_ap_vld     |  out|    1|      ap_vld|                    layer1_quant_65_out|       pointer|
|layer1_quant_64_out            |  out|   32|      ap_vld|                    layer1_quant_64_out|       pointer|
|layer1_quant_64_out_ap_vld     |  out|    1|      ap_vld|                    layer1_quant_64_out|       pointer|
|layer1_quant_63_out            |  out|   32|      ap_vld|                    layer1_quant_63_out|       pointer|
|layer1_quant_63_out_ap_vld     |  out|    1|      ap_vld|                    layer1_quant_63_out|       pointer|
|layer1_quant_62_out            |  out|   32|      ap_vld|                    layer1_quant_62_out|       pointer|
|layer1_quant_62_out_ap_vld     |  out|    1|      ap_vld|                    layer1_quant_62_out|       pointer|
|layer1_quant_61_out            |  out|   32|      ap_vld|                    layer1_quant_61_out|       pointer|
|layer1_quant_61_out_ap_vld     |  out|    1|      ap_vld|                    layer1_quant_61_out|       pointer|
|layer1_quant_60_out            |  out|   32|      ap_vld|                    layer1_quant_60_out|       pointer|
|layer1_quant_60_out_ap_vld     |  out|    1|      ap_vld|                    layer1_quant_60_out|       pointer|
|layer1_quant_59_out            |  out|   32|      ap_vld|                    layer1_quant_59_out|       pointer|
|layer1_quant_59_out_ap_vld     |  out|    1|      ap_vld|                    layer1_quant_59_out|       pointer|
|layer1_quant_58_out            |  out|   32|      ap_vld|                    layer1_quant_58_out|       pointer|
|layer1_quant_58_out_ap_vld     |  out|    1|      ap_vld|                    layer1_quant_58_out|       pointer|
|layer1_quant_57_out            |  out|   32|      ap_vld|                    layer1_quant_57_out|       pointer|
|layer1_quant_57_out_ap_vld     |  out|    1|      ap_vld|                    layer1_quant_57_out|       pointer|
|layer1_quant_56_out            |  out|   32|      ap_vld|                    layer1_quant_56_out|       pointer|
|layer1_quant_56_out_ap_vld     |  out|    1|      ap_vld|                    layer1_quant_56_out|       pointer|
|layer1_quant_55_out            |  out|   32|      ap_vld|                    layer1_quant_55_out|       pointer|
|layer1_quant_55_out_ap_vld     |  out|    1|      ap_vld|                    layer1_quant_55_out|       pointer|
|layer1_quant_54_out            |  out|   32|      ap_vld|                    layer1_quant_54_out|       pointer|
|layer1_quant_54_out_ap_vld     |  out|    1|      ap_vld|                    layer1_quant_54_out|       pointer|
|layer1_quant_53_out            |  out|   32|      ap_vld|                    layer1_quant_53_out|       pointer|
|layer1_quant_53_out_ap_vld     |  out|    1|      ap_vld|                    layer1_quant_53_out|       pointer|
|layer1_quant_52_out            |  out|   32|      ap_vld|                    layer1_quant_52_out|       pointer|
|layer1_quant_52_out_ap_vld     |  out|    1|      ap_vld|                    layer1_quant_52_out|       pointer|
|layer1_quant_51_out            |  out|   32|      ap_vld|                    layer1_quant_51_out|       pointer|
|layer1_quant_51_out_ap_vld     |  out|    1|      ap_vld|                    layer1_quant_51_out|       pointer|
|layer1_quant_50_out            |  out|   32|      ap_vld|                    layer1_quant_50_out|       pointer|
|layer1_quant_50_out_ap_vld     |  out|    1|      ap_vld|                    layer1_quant_50_out|       pointer|
|layer1_quant_49_out            |  out|   32|      ap_vld|                    layer1_quant_49_out|       pointer|
|layer1_quant_49_out_ap_vld     |  out|    1|      ap_vld|                    layer1_quant_49_out|       pointer|
|layer1_quant_48_out            |  out|   32|      ap_vld|                    layer1_quant_48_out|       pointer|
|layer1_quant_48_out_ap_vld     |  out|    1|      ap_vld|                    layer1_quant_48_out|       pointer|
|layer1_quant_47_out            |  out|   32|      ap_vld|                    layer1_quant_47_out|       pointer|
|layer1_quant_47_out_ap_vld     |  out|    1|      ap_vld|                    layer1_quant_47_out|       pointer|
|layer1_quant_46_out            |  out|   32|      ap_vld|                    layer1_quant_46_out|       pointer|
|layer1_quant_46_out_ap_vld     |  out|    1|      ap_vld|                    layer1_quant_46_out|       pointer|
|layer1_quant_45_out            |  out|   32|      ap_vld|                    layer1_quant_45_out|       pointer|
|layer1_quant_45_out_ap_vld     |  out|    1|      ap_vld|                    layer1_quant_45_out|       pointer|
|layer1_quant_44_out            |  out|   32|      ap_vld|                    layer1_quant_44_out|       pointer|
|layer1_quant_44_out_ap_vld     |  out|    1|      ap_vld|                    layer1_quant_44_out|       pointer|
|layer1_quant_43_out            |  out|   32|      ap_vld|                    layer1_quant_43_out|       pointer|
|layer1_quant_43_out_ap_vld     |  out|    1|      ap_vld|                    layer1_quant_43_out|       pointer|
|layer1_quant_42_out            |  out|   32|      ap_vld|                    layer1_quant_42_out|       pointer|
|layer1_quant_42_out_ap_vld     |  out|    1|      ap_vld|                    layer1_quant_42_out|       pointer|
|layer1_quant_41_out            |  out|   32|      ap_vld|                    layer1_quant_41_out|       pointer|
|layer1_quant_41_out_ap_vld     |  out|    1|      ap_vld|                    layer1_quant_41_out|       pointer|
|layer1_quant_40_out            |  out|   32|      ap_vld|                    layer1_quant_40_out|       pointer|
|layer1_quant_40_out_ap_vld     |  out|    1|      ap_vld|                    layer1_quant_40_out|       pointer|
|layer1_quant_39_out            |  out|   32|      ap_vld|                    layer1_quant_39_out|       pointer|
|layer1_quant_39_out_ap_vld     |  out|    1|      ap_vld|                    layer1_quant_39_out|       pointer|
|layer1_quant_38_out            |  out|   32|      ap_vld|                    layer1_quant_38_out|       pointer|
|layer1_quant_38_out_ap_vld     |  out|    1|      ap_vld|                    layer1_quant_38_out|       pointer|
|layer1_quant_37_out            |  out|   32|      ap_vld|                    layer1_quant_37_out|       pointer|
|layer1_quant_37_out_ap_vld     |  out|    1|      ap_vld|                    layer1_quant_37_out|       pointer|
|layer1_quant_36_out            |  out|   32|      ap_vld|                    layer1_quant_36_out|       pointer|
|layer1_quant_36_out_ap_vld     |  out|    1|      ap_vld|                    layer1_quant_36_out|       pointer|
|layer1_quant_35_out            |  out|   32|      ap_vld|                    layer1_quant_35_out|       pointer|
|layer1_quant_35_out_ap_vld     |  out|    1|      ap_vld|                    layer1_quant_35_out|       pointer|
|layer1_quant_34_out            |  out|   32|      ap_vld|                    layer1_quant_34_out|       pointer|
|layer1_quant_34_out_ap_vld     |  out|    1|      ap_vld|                    layer1_quant_34_out|       pointer|
|layer1_quant_33_out            |  out|   32|      ap_vld|                    layer1_quant_33_out|       pointer|
|layer1_quant_33_out_ap_vld     |  out|    1|      ap_vld|                    layer1_quant_33_out|       pointer|
|layer1_quant_32_out            |  out|   32|      ap_vld|                    layer1_quant_32_out|       pointer|
|layer1_quant_32_out_ap_vld     |  out|    1|      ap_vld|                    layer1_quant_32_out|       pointer|
|layer1_quant_31_out            |  out|   32|      ap_vld|                    layer1_quant_31_out|       pointer|
|layer1_quant_31_out_ap_vld     |  out|    1|      ap_vld|                    layer1_quant_31_out|       pointer|
|layer1_quant_30_out            |  out|   32|      ap_vld|                    layer1_quant_30_out|       pointer|
|layer1_quant_30_out_ap_vld     |  out|    1|      ap_vld|                    layer1_quant_30_out|       pointer|
|layer1_quant_29_out            |  out|   32|      ap_vld|                    layer1_quant_29_out|       pointer|
|layer1_quant_29_out_ap_vld     |  out|    1|      ap_vld|                    layer1_quant_29_out|       pointer|
|layer1_quant_28_out            |  out|   32|      ap_vld|                    layer1_quant_28_out|       pointer|
|layer1_quant_28_out_ap_vld     |  out|    1|      ap_vld|                    layer1_quant_28_out|       pointer|
|layer1_quant_27_out            |  out|   32|      ap_vld|                    layer1_quant_27_out|       pointer|
|layer1_quant_27_out_ap_vld     |  out|    1|      ap_vld|                    layer1_quant_27_out|       pointer|
|layer1_quant_26_out            |  out|   32|      ap_vld|                    layer1_quant_26_out|       pointer|
|layer1_quant_26_out_ap_vld     |  out|    1|      ap_vld|                    layer1_quant_26_out|       pointer|
|layer1_quant_25_out            |  out|   32|      ap_vld|                    layer1_quant_25_out|       pointer|
|layer1_quant_25_out_ap_vld     |  out|    1|      ap_vld|                    layer1_quant_25_out|       pointer|
|layer1_quant_24_out            |  out|   32|      ap_vld|                    layer1_quant_24_out|       pointer|
|layer1_quant_24_out_ap_vld     |  out|    1|      ap_vld|                    layer1_quant_24_out|       pointer|
|layer1_quant_23_out            |  out|   32|      ap_vld|                    layer1_quant_23_out|       pointer|
|layer1_quant_23_out_ap_vld     |  out|    1|      ap_vld|                    layer1_quant_23_out|       pointer|
|layer1_quant_22_out            |  out|   32|      ap_vld|                    layer1_quant_22_out|       pointer|
|layer1_quant_22_out_ap_vld     |  out|    1|      ap_vld|                    layer1_quant_22_out|       pointer|
|layer1_quant_21_out            |  out|   32|      ap_vld|                    layer1_quant_21_out|       pointer|
|layer1_quant_21_out_ap_vld     |  out|    1|      ap_vld|                    layer1_quant_21_out|       pointer|
|layer1_quant_20_out            |  out|   32|      ap_vld|                    layer1_quant_20_out|       pointer|
|layer1_quant_20_out_ap_vld     |  out|    1|      ap_vld|                    layer1_quant_20_out|       pointer|
|layer1_quant_19_out            |  out|   32|      ap_vld|                    layer1_quant_19_out|       pointer|
|layer1_quant_19_out_ap_vld     |  out|    1|      ap_vld|                    layer1_quant_19_out|       pointer|
|layer1_quant_18_out            |  out|   32|      ap_vld|                    layer1_quant_18_out|       pointer|
|layer1_quant_18_out_ap_vld     |  out|    1|      ap_vld|                    layer1_quant_18_out|       pointer|
|layer1_quant_17_out            |  out|   32|      ap_vld|                    layer1_quant_17_out|       pointer|
|layer1_quant_17_out_ap_vld     |  out|    1|      ap_vld|                    layer1_quant_17_out|       pointer|
|layer1_quant_16_out            |  out|   32|      ap_vld|                    layer1_quant_16_out|       pointer|
|layer1_quant_16_out_ap_vld     |  out|    1|      ap_vld|                    layer1_quant_16_out|       pointer|
|layer1_quant_15_out            |  out|   32|      ap_vld|                    layer1_quant_15_out|       pointer|
|layer1_quant_15_out_ap_vld     |  out|    1|      ap_vld|                    layer1_quant_15_out|       pointer|
|layer1_quant_14_out            |  out|   32|      ap_vld|                    layer1_quant_14_out|       pointer|
|layer1_quant_14_out_ap_vld     |  out|    1|      ap_vld|                    layer1_quant_14_out|       pointer|
|layer1_quant_13_out            |  out|   32|      ap_vld|                    layer1_quant_13_out|       pointer|
|layer1_quant_13_out_ap_vld     |  out|    1|      ap_vld|                    layer1_quant_13_out|       pointer|
|layer1_quant_12_out            |  out|   32|      ap_vld|                    layer1_quant_12_out|       pointer|
|layer1_quant_12_out_ap_vld     |  out|    1|      ap_vld|                    layer1_quant_12_out|       pointer|
|layer1_quant_11_out            |  out|   32|      ap_vld|                    layer1_quant_11_out|       pointer|
|layer1_quant_11_out_ap_vld     |  out|    1|      ap_vld|                    layer1_quant_11_out|       pointer|
|layer1_quant_10_out            |  out|   32|      ap_vld|                    layer1_quant_10_out|       pointer|
|layer1_quant_10_out_ap_vld     |  out|    1|      ap_vld|                    layer1_quant_10_out|       pointer|
|layer1_quant_9_out             |  out|   32|      ap_vld|                     layer1_quant_9_out|       pointer|
|layer1_quant_9_out_ap_vld      |  out|    1|      ap_vld|                     layer1_quant_9_out|       pointer|
|layer1_quant_8_out             |  out|   32|      ap_vld|                     layer1_quant_8_out|       pointer|
|layer1_quant_8_out_ap_vld      |  out|    1|      ap_vld|                     layer1_quant_8_out|       pointer|
|layer1_quant_7_out             |  out|   32|      ap_vld|                     layer1_quant_7_out|       pointer|
|layer1_quant_7_out_ap_vld      |  out|    1|      ap_vld|                     layer1_quant_7_out|       pointer|
|layer1_quant_6_out             |  out|   32|      ap_vld|                     layer1_quant_6_out|       pointer|
|layer1_quant_6_out_ap_vld      |  out|    1|      ap_vld|                     layer1_quant_6_out|       pointer|
|layer1_quant_5_out             |  out|   32|      ap_vld|                     layer1_quant_5_out|       pointer|
|layer1_quant_5_out_ap_vld      |  out|    1|      ap_vld|                     layer1_quant_5_out|       pointer|
|layer1_quant_4_out             |  out|   32|      ap_vld|                     layer1_quant_4_out|       pointer|
|layer1_quant_4_out_ap_vld      |  out|    1|      ap_vld|                     layer1_quant_4_out|       pointer|
|layer1_quant_3_out             |  out|   32|      ap_vld|                     layer1_quant_3_out|       pointer|
|layer1_quant_3_out_ap_vld      |  out|    1|      ap_vld|                     layer1_quant_3_out|       pointer|
|layer1_quant_2_out             |  out|   32|      ap_vld|                     layer1_quant_2_out|       pointer|
|layer1_quant_2_out_ap_vld      |  out|    1|      ap_vld|                     layer1_quant_2_out|       pointer|
|layer1_quant_1_out             |  out|   32|      ap_vld|                     layer1_quant_1_out|       pointer|
|layer1_quant_1_out_ap_vld      |  out|    1|      ap_vld|                     layer1_quant_1_out|       pointer|
|layer1_quant_out               |  out|   32|      ap_vld|                       layer1_quant_out|       pointer|
|layer1_quant_out_ap_vld        |  out|    1|      ap_vld|                       layer1_quant_out|       pointer|
+-------------------------------+-----+-----+------------+---------------------------------------+--------------+

