

================================================================
== Vitis HLS Report for 'feedforward_Pipeline_VITIS_LOOP_127_3'
================================================================
* Date:           Fri Jun 13 23:25:26 2025

* Version:        2024.2 (Build 5238294 on Nov  8 2024)
* Project:        bnn_hls
* Solution:       hls (Vivado IP Flow Target)
* Product family: zynq
* Target device:  xc7z020-clg400-1


================================================================
== Performance Estimates
================================================================
+ Timing: 
    * Summary: 
    +--------+----------+----------+------------+
    |  Clock |  Target  | Estimated| Uncertainty|
    +--------+----------+----------+------------+
    |ap_clk  |  10.00 ns|  7.191 ns|     2.70 ns|
    +--------+----------+----------+------------+

+ Latency: 
    * Summary: 
    +---------+---------+----------+----------+-----+-----+------------------------------------------------+
    |  Latency (cycles) |  Latency (absolute) |  Interval |                    Pipeline                    |
    |   min   |   max   |    min   |    max   | min | max |                      Type                      |
    +---------+---------+----------+----------+-----+-----+------------------------------------------------+
    |      130|      130|  1.300 us|  1.300 us|  129|  129|  loop auto-rewind stp (delay=0 clock cycles(s))|
    +---------+---------+----------+----------+-----+-----+------------------------------------------------+

    + Detail: 
        * Instance: 
        N/A

        * Loop: 
        +--------------------+---------+---------+----------+-----------+-----------+------+----------+
        |                    |  Latency (cycles) | Iteration|  Initiation Interval  | Trip |          |
        |      Loop Name     |   min   |   max   |  Latency |  achieved |   target  | Count| Pipelined|
        +--------------------+---------+---------+----------+-----------+-----------+------+----------+
        |- VITIS_LOOP_127_3  |      128|      128|         2|          1|          1|   128|       yes|
        +--------------------+---------+---------+----------+-----------+-----------+------+----------+



================================================================
== Utilization Estimates
================================================================
* Summary: 
+-----------------+---------+-----+--------+-------+-----+
|       Name      | BRAM_18K| DSP |   FF   |  LUT  | URAM|
+-----------------+---------+-----+--------+-------+-----+
|DSP              |        -|    -|       -|      -|    -|
|Expression       |        -|    -|       0|    111|    -|
|FIFO             |        -|    -|       -|      -|    -|
|Instance         |        -|    -|       -|      -|    -|
|Memory           |        -|    -|       -|      -|    -|
|Multiplexer      |        -|    -|       0|     36|    -|
|Register         |        -|    -|     147|      -|    -|
+-----------------+---------+-----+--------+-------+-----+
|Total            |        0|    0|     147|    147|    0|
+-----------------+---------+-----+--------+-------+-----+
|Available        |      280|  220|  106400|  53200|    0|
+-----------------+---------+-----+--------+-------+-----+
|Utilization (%)  |        0|    0|      ~0|     ~0|    0|
+-----------------+---------+-----+--------+-------+-----+

+ Detail: 
    * Instance: 
    N/A

    * DSP: 
    N/A

    * Memory: 
    N/A

    * FIFO: 
    N/A

    * Expression: 
    +-------------------------+----------+----+---+----+------------+------------+
    |      Variable Name      | Operation| DSP| FF| LUT| Bitwidth P0| Bitwidth P1|
    +-------------------------+----------+----+---+----+------------+------------+
    |add_ln127_fu_2000_p2     |         +|   0|  0|  15|           8|           1|
    |icmp_ln127_fu_1994_p2    |      icmp|   0|  0|  14|           8|           9|
    |icmp_ln41_fu_2042_p2     |      icmp|   0|  0|  39|          32|           1|
    |select_ln130_fu_2048_p3  |    select|   0|  0|   9|           1|           1|
    |x_fu_2035_p3             |    select|   0|  0|  32|           1|          32|
    |ap_enable_pp0            |       xor|   0|  0|   2|           1|           2|
    +-------------------------+----------+----+---+----+------------+------------+
    |Total                    |          |   0|  0| 111|          51|          46|
    +-------------------------+----------+----+---+----+------------+------------+

    * Multiplexer: 
    +-------------------------+----+-----------+-----+-----------+
    |           Name          | LUT| Input Size| Bits| Total Bits|
    +-------------------------+----+-----------+-----+-----------+
    |ap_done_int              |   9|          2|    1|          2|
    |ap_enable_reg_pp0_iter1  |   9|          2|    1|          2|
    |ap_sig_allocacmp_i       |   9|          2|    8|         16|
    |i_2_fu_548               |   9|          2|    8|         16|
    +-------------------------+----+-----------+-----+-----------+
    |Total                    |  36|          8|   18|         36|
    +-------------------------+----+-----------+-----+-----------+

    * Register: 
    +---------------------------+---+----+-----+-----------+
    |            Name           | FF| LUT| Bits| Const Bits|
    +---------------------------+---+----+-----+-----------+
    |ap_CS_fsm                  |  1|   0|    1|          0|
    |ap_done_reg                |  1|   0|    1|          0|
    |ap_enable_reg_pp0_iter1    |  1|   0|    1|          0|
    |i_2_fu_548                 |  8|   0|    8|          0|
    |shl_i_i_i_i645129_fu_552   |  1|   0|   32|         31|
    |shl_i_i_i_i645131_fu_556   |  1|   0|   32|         31|
    |shl_i_i_i_i645133_fu_560   |  1|   0|   32|         31|
    |shl_i_i_i_i645135_fu_564   |  1|   0|   32|         31|
    |shl_i_i_i_i645137_fu_568   |  1|   0|   32|         31|
    |shl_i_i_i_i645139_fu_572   |  1|   0|   32|         31|
    |shl_i_i_i_i645141_fu_576   |  1|   0|   32|         31|
    |shl_i_i_i_i645143_fu_580   |  1|   0|   32|         31|
    |shl_i_i_i_i645145_fu_584   |  1|   0|   32|         31|
    |shl_i_i_i_i645147_fu_588   |  1|   0|   32|         31|
    |shl_i_i_i_i645149_fu_592   |  1|   0|   32|         31|
    |shl_i_i_i_i645151_fu_596   |  1|   0|   32|         31|
    |shl_i_i_i_i645153_fu_600   |  1|   0|   32|         31|
    |shl_i_i_i_i645155_fu_604   |  1|   0|   32|         31|
    |shl_i_i_i_i645157_fu_608   |  1|   0|   32|         31|
    |shl_i_i_i_i645159_fu_612   |  1|   0|   32|         31|
    |shl_i_i_i_i645161_fu_616   |  1|   0|   32|         31|
    |shl_i_i_i_i645163_fu_620   |  1|   0|   32|         31|
    |shl_i_i_i_i645165_fu_624   |  1|   0|   32|         31|
    |shl_i_i_i_i645167_fu_628   |  1|   0|   32|         31|
    |shl_i_i_i_i645169_fu_632   |  1|   0|   32|         31|
    |shl_i_i_i_i645171_fu_636   |  1|   0|   32|         31|
    |shl_i_i_i_i645173_fu_640   |  1|   0|   32|         31|
    |shl_i_i_i_i645175_fu_644   |  1|   0|   32|         31|
    |shl_i_i_i_i645177_fu_648   |  1|   0|   32|         31|
    |shl_i_i_i_i645179_fu_652   |  1|   0|   32|         31|
    |shl_i_i_i_i645181_fu_656   |  1|   0|   32|         31|
    |shl_i_i_i_i645183_fu_660   |  1|   0|   32|         31|
    |shl_i_i_i_i645185_fu_664   |  1|   0|   32|         31|
    |shl_i_i_i_i645187_fu_668   |  1|   0|   32|         31|
    |shl_i_i_i_i645189_fu_672   |  1|   0|   32|         31|
    |shl_i_i_i_i645191_fu_676   |  1|   0|   32|         31|
    |shl_i_i_i_i645193_fu_680   |  1|   0|   32|         31|
    |shl_i_i_i_i645195_fu_684   |  1|   0|   32|         31|
    |shl_i_i_i_i645197_fu_688   |  1|   0|   32|         31|
    |shl_i_i_i_i645199_fu_692   |  1|   0|   32|         31|
    |shl_i_i_i_i645201_fu_696   |  1|   0|   32|         31|
    |shl_i_i_i_i645203_fu_700   |  1|   0|   32|         31|
    |shl_i_i_i_i645205_fu_704   |  1|   0|   32|         31|
    |shl_i_i_i_i645207_fu_708   |  1|   0|   32|         31|
    |shl_i_i_i_i645209_fu_712   |  1|   0|   32|         31|
    |shl_i_i_i_i645211_fu_716   |  1|   0|   32|         31|
    |shl_i_i_i_i645213_fu_720   |  1|   0|   32|         31|
    |shl_i_i_i_i645215_fu_724   |  1|   0|   32|         31|
    |shl_i_i_i_i645217_fu_728   |  1|   0|   32|         31|
    |shl_i_i_i_i645219_fu_732   |  1|   0|   32|         31|
    |shl_i_i_i_i645221_fu_736   |  1|   0|   32|         31|
    |shl_i_i_i_i645223_fu_740   |  1|   0|   32|         31|
    |shl_i_i_i_i645225_fu_744   |  1|   0|   32|         31|
    |shl_i_i_i_i645227_fu_748   |  1|   0|   32|         31|
    |shl_i_i_i_i645229_fu_752   |  1|   0|   32|         31|
    |shl_i_i_i_i645231_fu_756   |  1|   0|   32|         31|
    |shl_i_i_i_i645233_fu_760   |  1|   0|   32|         31|
    |shl_i_i_i_i645235_fu_764   |  1|   0|   32|         31|
    |shl_i_i_i_i645237_fu_768   |  1|   0|   32|         31|
    |shl_i_i_i_i645239_fu_772   |  1|   0|   32|         31|
    |shl_i_i_i_i645241_fu_776   |  1|   0|   32|         31|
    |shl_i_i_i_i645243_fu_780   |  1|   0|   32|         31|
    |shl_i_i_i_i645245_fu_784   |  1|   0|   32|         31|
    |shl_i_i_i_i645247_fu_788   |  1|   0|   32|         31|
    |shl_i_i_i_i645249_fu_792   |  1|   0|   32|         31|
    |shl_i_i_i_i645251_fu_796   |  1|   0|   32|         31|
    |shl_i_i_i_i645253_fu_800   |  1|   0|   32|         31|
    |shl_i_i_i_i645255_fu_804   |  1|   0|   32|         31|
    |shl_i_i_i_i645257_fu_808   |  1|   0|   32|         31|
    |shl_i_i_i_i645259_fu_812   |  1|   0|   32|         31|
    |shl_i_i_i_i645261_fu_816   |  1|   0|   32|         31|
    |shl_i_i_i_i645263_fu_820   |  1|   0|   32|         31|
    |shl_i_i_i_i645265_fu_824   |  1|   0|   32|         31|
    |shl_i_i_i_i645267_fu_828   |  1|   0|   32|         31|
    |shl_i_i_i_i645269_fu_832   |  1|   0|   32|         31|
    |shl_i_i_i_i645271_fu_836   |  1|   0|   32|         31|
    |shl_i_i_i_i645273_fu_840   |  1|   0|   32|         31|
    |shl_i_i_i_i645275_fu_844   |  1|   0|   32|         31|
    |shl_i_i_i_i645277_fu_848   |  1|   0|   32|         31|
    |shl_i_i_i_i645279_fu_852   |  1|   0|   32|         31|
    |shl_i_i_i_i645281_fu_856   |  1|   0|   32|         31|
    |shl_i_i_i_i645283_fu_860   |  1|   0|   32|         31|
    |shl_i_i_i_i645285_fu_864   |  1|   0|   32|         31|
    |shl_i_i_i_i645287_fu_868   |  1|   0|   32|         31|
    |shl_i_i_i_i645289_fu_872   |  1|   0|   32|         31|
    |shl_i_i_i_i645291_fu_876   |  1|   0|   32|         31|
    |shl_i_i_i_i645293_fu_880   |  1|   0|   32|         31|
    |shl_i_i_i_i645295_fu_884   |  1|   0|   32|         31|
    |shl_i_i_i_i645297_fu_888   |  1|   0|   32|         31|
    |shl_i_i_i_i645299_fu_892   |  1|   0|   32|         31|
    |shl_i_i_i_i645301_fu_896   |  1|   0|   32|         31|
    |shl_i_i_i_i645303_fu_900   |  1|   0|   32|         31|
    |shl_i_i_i_i645305_fu_904   |  1|   0|   32|         31|
    |shl_i_i_i_i645307_fu_908   |  1|   0|   32|         31|
    |shl_i_i_i_i645309_fu_912   |  1|   0|   32|         31|
    |shl_i_i_i_i645311_fu_916   |  1|   0|   32|         31|
    |shl_i_i_i_i645313_fu_920   |  1|   0|   32|         31|
    |shl_i_i_i_i645315_fu_924   |  1|   0|   32|         31|
    |shl_i_i_i_i645317_fu_928   |  1|   0|   32|         31|
    |shl_i_i_i_i645319_fu_932   |  1|   0|   32|         31|
    |shl_i_i_i_i645321_fu_936   |  1|   0|   32|         31|
    |shl_i_i_i_i645323_fu_940   |  1|   0|   32|         31|
    |shl_i_i_i_i645325_fu_944   |  1|   0|   32|         31|
    |shl_i_i_i_i645327_fu_948   |  1|   0|   32|         31|
    |shl_i_i_i_i645329_fu_952   |  1|   0|   32|         31|
    |shl_i_i_i_i645331_fu_956   |  1|   0|   32|         31|
    |shl_i_i_i_i645333_fu_960   |  1|   0|   32|         31|
    |shl_i_i_i_i645335_fu_964   |  1|   0|   32|         31|
    |shl_i_i_i_i645337_fu_968   |  1|   0|   32|         31|
    |shl_i_i_i_i645339_fu_972   |  1|   0|   32|         31|
    |shl_i_i_i_i645341_fu_976   |  1|   0|   32|         31|
    |shl_i_i_i_i645343_fu_980   |  1|   0|   32|         31|
    |shl_i_i_i_i645345_fu_984   |  1|   0|   32|         31|
    |shl_i_i_i_i645347_fu_988   |  1|   0|   32|         31|
    |shl_i_i_i_i645349_fu_992   |  1|   0|   32|         31|
    |shl_i_i_i_i645351_fu_996   |  1|   0|   32|         31|
    |shl_i_i_i_i645353_fu_1000  |  1|   0|   32|         31|
    |shl_i_i_i_i645355_fu_1004  |  1|   0|   32|         31|
    |shl_i_i_i_i645357_fu_1008  |  1|   0|   32|         31|
    |shl_i_i_i_i645359_fu_1012  |  1|   0|   32|         31|
    |shl_i_i_i_i645361_fu_1016  |  1|   0|   32|         31|
    |shl_i_i_i_i645363_fu_1020  |  1|   0|   32|         31|
    |shl_i_i_i_i645365_fu_1024  |  1|   0|   32|         31|
    |shl_i_i_i_i645367_fu_1028  |  1|   0|   32|         31|
    |shl_i_i_i_i645369_fu_1032  |  1|   0|   32|         31|
    |shl_i_i_i_i645371_fu_1036  |  1|   0|   32|         31|
    |shl_i_i_i_i645373_fu_1040  |  1|   0|   32|         31|
    |shl_i_i_i_i645375_fu_1044  |  1|   0|   32|         31|
    |shl_i_i_i_i645377_fu_1048  |  1|   0|   32|         31|
    |shl_i_i_i_i645379_fu_1052  |  1|   0|   32|         31|
    |shl_i_i_i_i645381_fu_1056  |  1|   0|   32|         31|
    |shl_i_i_i_i645383_fu_1060  |  1|   0|   32|         31|
    |trunc_ln127_1_reg_3991     |  7|   0|    7|          0|
    |trunc_ln127_reg_3986       |  1|   0|    1|          0|
    +---------------------------+---+----+-----+-----------+
    |Total                      |147|   0| 4115|       3968|
    +---------------------------+---+----+-----+-----------+



================================================================
== Interface
================================================================
* Summary: 
+-------------------------------+-----+-----+------------+---------------------------------------+--------------+
|           RTL Ports           | Dir | Bits|  Protocol  |             Source Object             |    C Type    |
+-------------------------------+-----+-----+------------+---------------------------------------+--------------+
|ap_clk                         |   in|    1|  ap_ctrl_hs|  feedforward_Pipeline_VITIS_LOOP_127_3|  return value|
|ap_rst                         |   in|    1|  ap_ctrl_hs|  feedforward_Pipeline_VITIS_LOOP_127_3|  return value|
|ap_start                       |   in|    1|  ap_ctrl_hs|  feedforward_Pipeline_VITIS_LOOP_127_3|  return value|
|ap_done                        |  out|    1|  ap_ctrl_hs|  feedforward_Pipeline_VITIS_LOOP_127_3|  return value|
|ap_idle                        |  out|    1|  ap_ctrl_hs|  feedforward_Pipeline_VITIS_LOOP_127_3|  return value|
|ap_ready                       |  out|    1|  ap_ctrl_hs|  feedforward_Pipeline_VITIS_LOOP_127_3|  return value|
|layer1_activations_address0    |  out|    6|   ap_memory|                     layer1_activations|         array|
|layer1_activations_ce0         |  out|    1|   ap_memory|                     layer1_activations|         array|
|layer1_activations_q0          |   in|   32|   ap_memory|                     layer1_activations|         array|
|layer1_activations_1_address0  |  out|    6|   ap_memory|                   layer1_activations_1|         array|
|layer1_activations_1_ce0       |  out|    1|   ap_memory|                   layer1_activations_1|         array|
|layer1_activations_1_q0        |   in|   32|   ap_memory|                   layer1_activations_1|         array|
|shl_i_i_i_i645383_out          |  out|   32|      ap_vld|                  shl_i_i_i_i645383_out|       pointer|
|shl_i_i_i_i645383_out_ap_vld   |  out|    1|      ap_vld|                  shl_i_i_i_i645383_out|       pointer|
|shl_i_i_i_i645381_out          |  out|   32|      ap_vld|                  shl_i_i_i_i645381_out|       pointer|
|shl_i_i_i_i645381_out_ap_vld   |  out|    1|      ap_vld|                  shl_i_i_i_i645381_out|       pointer|
|shl_i_i_i_i645379_out          |  out|   32|      ap_vld|                  shl_i_i_i_i645379_out|       pointer|
|shl_i_i_i_i645379_out_ap_vld   |  out|    1|      ap_vld|                  shl_i_i_i_i645379_out|       pointer|
|shl_i_i_i_i645377_out          |  out|   32|      ap_vld|                  shl_i_i_i_i645377_out|       pointer|
|shl_i_i_i_i645377_out_ap_vld   |  out|    1|      ap_vld|                  shl_i_i_i_i645377_out|       pointer|
|shl_i_i_i_i645375_out          |  out|   32|      ap_vld|                  shl_i_i_i_i645375_out|       pointer|
|shl_i_i_i_i645375_out_ap_vld   |  out|    1|      ap_vld|                  shl_i_i_i_i645375_out|       pointer|
|shl_i_i_i_i645373_out          |  out|   32|      ap_vld|                  shl_i_i_i_i645373_out|       pointer|
|shl_i_i_i_i645373_out_ap_vld   |  out|    1|      ap_vld|                  shl_i_i_i_i645373_out|       pointer|
|shl_i_i_i_i645371_out          |  out|   32|      ap_vld|                  shl_i_i_i_i645371_out|       pointer|
|shl_i_i_i_i645371_out_ap_vld   |  out|    1|      ap_vld|                  shl_i_i_i_i645371_out|       pointer|
|shl_i_i_i_i645369_out          |  out|   32|      ap_vld|                  shl_i_i_i_i645369_out|       pointer|
|shl_i_i_i_i645369_out_ap_vld   |  out|    1|      ap_vld|                  shl_i_i_i_i645369_out|       pointer|
|shl_i_i_i_i645367_out          |  out|   32|      ap_vld|                  shl_i_i_i_i645367_out|       pointer|
|shl_i_i_i_i645367_out_ap_vld   |  out|    1|      ap_vld|                  shl_i_i_i_i645367_out|       pointer|
|shl_i_i_i_i645365_out          |  out|   32|      ap_vld|                  shl_i_i_i_i645365_out|       pointer|
|shl_i_i_i_i645365_out_ap_vld   |  out|    1|      ap_vld|                  shl_i_i_i_i645365_out|       pointer|
|shl_i_i_i_i645363_out          |  out|   32|      ap_vld|                  shl_i_i_i_i645363_out|       pointer|
|shl_i_i_i_i645363_out_ap_vld   |  out|    1|      ap_vld|                  shl_i_i_i_i645363_out|       pointer|
|shl_i_i_i_i645361_out          |  out|   32|      ap_vld|                  shl_i_i_i_i645361_out|       pointer|
|shl_i_i_i_i645361_out_ap_vld   |  out|    1|      ap_vld|                  shl_i_i_i_i645361_out|       pointer|
|shl_i_i_i_i645359_out          |  out|   32|      ap_vld|                  shl_i_i_i_i645359_out|       pointer|
|shl_i_i_i_i645359_out_ap_vld   |  out|    1|      ap_vld|                  shl_i_i_i_i645359_out|       pointer|
|shl_i_i_i_i645357_out          |  out|   32|      ap_vld|                  shl_i_i_i_i645357_out|       pointer|
|shl_i_i_i_i645357_out_ap_vld   |  out|    1|      ap_vld|                  shl_i_i_i_i645357_out|       pointer|
|shl_i_i_i_i645355_out          |  out|   32|      ap_vld|                  shl_i_i_i_i645355_out|       pointer|
|shl_i_i_i_i645355_out_ap_vld   |  out|    1|      ap_vld|                  shl_i_i_i_i645355_out|       pointer|
|shl_i_i_i_i645353_out          |  out|   32|      ap_vld|                  shl_i_i_i_i645353_out|       pointer|
|shl_i_i_i_i645353_out_ap_vld   |  out|    1|      ap_vld|                  shl_i_i_i_i645353_out|       pointer|
|shl_i_i_i_i645351_out          |  out|   32|      ap_vld|                  shl_i_i_i_i645351_out|       pointer|
|shl_i_i_i_i645351_out_ap_vld   |  out|    1|      ap_vld|                  shl_i_i_i_i645351_out|       pointer|
|shl_i_i_i_i645349_out          |  out|   32|      ap_vld|                  shl_i_i_i_i645349_out|       pointer|
|shl_i_i_i_i645349_out_ap_vld   |  out|    1|      ap_vld|                  shl_i_i_i_i645349_out|       pointer|
|shl_i_i_i_i645347_out          |  out|   32|      ap_vld|                  shl_i_i_i_i645347_out|       pointer|
|shl_i_i_i_i645347_out_ap_vld   |  out|    1|      ap_vld|                  shl_i_i_i_i645347_out|       pointer|
|shl_i_i_i_i645345_out          |  out|   32|      ap_vld|                  shl_i_i_i_i645345_out|       pointer|
|shl_i_i_i_i645345_out_ap_vld   |  out|    1|      ap_vld|                  shl_i_i_i_i645345_out|       pointer|
|shl_i_i_i_i645343_out          |  out|   32|      ap_vld|                  shl_i_i_i_i645343_out|       pointer|
|shl_i_i_i_i645343_out_ap_vld   |  out|    1|      ap_vld|                  shl_i_i_i_i645343_out|       pointer|
|shl_i_i_i_i645341_out          |  out|   32|      ap_vld|                  shl_i_i_i_i645341_out|       pointer|
|shl_i_i_i_i645341_out_ap_vld   |  out|    1|      ap_vld|                  shl_i_i_i_i645341_out|       pointer|
|shl_i_i_i_i645339_out          |  out|   32|      ap_vld|                  shl_i_i_i_i645339_out|       pointer|
|shl_i_i_i_i645339_out_ap_vld   |  out|    1|      ap_vld|                  shl_i_i_i_i645339_out|       pointer|
|shl_i_i_i_i645337_out          |  out|   32|      ap_vld|                  shl_i_i_i_i645337_out|       pointer|
|shl_i_i_i_i645337_out_ap_vld   |  out|    1|      ap_vld|                  shl_i_i_i_i645337_out|       pointer|
|shl_i_i_i_i645335_out          |  out|   32|      ap_vld|                  shl_i_i_i_i645335_out|       pointer|
|shl_i_i_i_i645335_out_ap_vld   |  out|    1|      ap_vld|                  shl_i_i_i_i645335_out|       pointer|
|shl_i_i_i_i645333_out          |  out|   32|      ap_vld|                  shl_i_i_i_i645333_out|       pointer|
|shl_i_i_i_i645333_out_ap_vld   |  out|    1|      ap_vld|                  shl_i_i_i_i645333_out|       pointer|
|shl_i_i_i_i645331_out          |  out|   32|      ap_vld|                  shl_i_i_i_i645331_out|       pointer|
|shl_i_i_i_i645331_out_ap_vld   |  out|    1|      ap_vld|                  shl_i_i_i_i645331_out|       pointer|
|shl_i_i_i_i645329_out          |  out|   32|      ap_vld|                  shl_i_i_i_i645329_out|       pointer|
|shl_i_i_i_i645329_out_ap_vld   |  out|    1|      ap_vld|                  shl_i_i_i_i645329_out|       pointer|
|shl_i_i_i_i645327_out          |  out|   32|      ap_vld|                  shl_i_i_i_i645327_out|       pointer|
|shl_i_i_i_i645327_out_ap_vld   |  out|    1|      ap_vld|                  shl_i_i_i_i645327_out|       pointer|
|shl_i_i_i_i645325_out          |  out|   32|      ap_vld|                  shl_i_i_i_i645325_out|       pointer|
|shl_i_i_i_i645325_out_ap_vld   |  out|    1|      ap_vld|                  shl_i_i_i_i645325_out|       pointer|
|shl_i_i_i_i645323_out          |  out|   32|      ap_vld|                  shl_i_i_i_i645323_out|       pointer|
|shl_i_i_i_i645323_out_ap_vld   |  out|    1|      ap_vld|                  shl_i_i_i_i645323_out|       pointer|
|shl_i_i_i_i645321_out          |  out|   32|      ap_vld|                  shl_i_i_i_i645321_out|       pointer|
|shl_i_i_i_i645321_out_ap_vld   |  out|    1|      ap_vld|                  shl_i_i_i_i645321_out|       pointer|
|shl_i_i_i_i645319_out          |  out|   32|      ap_vld|                  shl_i_i_i_i645319_out|       pointer|
|shl_i_i_i_i645319_out_ap_vld   |  out|    1|      ap_vld|                  shl_i_i_i_i645319_out|       pointer|
|shl_i_i_i_i645317_out          |  out|   32|      ap_vld|                  shl_i_i_i_i645317_out|       pointer|
|shl_i_i_i_i645317_out_ap_vld   |  out|    1|      ap_vld|                  shl_i_i_i_i645317_out|       pointer|
|shl_i_i_i_i645315_out          |  out|   32|      ap_vld|                  shl_i_i_i_i645315_out|       pointer|
|shl_i_i_i_i645315_out_ap_vld   |  out|    1|      ap_vld|                  shl_i_i_i_i645315_out|       pointer|
|shl_i_i_i_i645313_out          |  out|   32|      ap_vld|                  shl_i_i_i_i645313_out|       pointer|
|shl_i_i_i_i645313_out_ap_vld   |  out|    1|      ap_vld|                  shl_i_i_i_i645313_out|       pointer|
|shl_i_i_i_i645311_out          |  out|   32|      ap_vld|                  shl_i_i_i_i645311_out|       pointer|
|shl_i_i_i_i645311_out_ap_vld   |  out|    1|      ap_vld|                  shl_i_i_i_i645311_out|       pointer|
|shl_i_i_i_i645309_out          |  out|   32|      ap_vld|                  shl_i_i_i_i645309_out|       pointer|
|shl_i_i_i_i645309_out_ap_vld   |  out|    1|      ap_vld|                  shl_i_i_i_i645309_out|       pointer|
|shl_i_i_i_i645307_out          |  out|   32|      ap_vld|                  shl_i_i_i_i645307_out|       pointer|
|shl_i_i_i_i645307_out_ap_vld   |  out|    1|      ap_vld|                  shl_i_i_i_i645307_out|       pointer|
|shl_i_i_i_i645305_out          |  out|   32|      ap_vld|                  shl_i_i_i_i645305_out|       pointer|
|shl_i_i_i_i645305_out_ap_vld   |  out|    1|      ap_vld|                  shl_i_i_i_i645305_out|       pointer|
|shl_i_i_i_i645303_out          |  out|   32|      ap_vld|                  shl_i_i_i_i645303_out|       pointer|
|shl_i_i_i_i645303_out_ap_vld   |  out|    1|      ap_vld|                  shl_i_i_i_i645303_out|       pointer|
|shl_i_i_i_i645301_out          |  out|   32|      ap_vld|                  shl_i_i_i_i645301_out|       pointer|
|shl_i_i_i_i645301_out_ap_vld   |  out|    1|      ap_vld|                  shl_i_i_i_i645301_out|       pointer|
|shl_i_i_i_i645299_out          |  out|   32|      ap_vld|                  shl_i_i_i_i645299_out|       pointer|
|shl_i_i_i_i645299_out_ap_vld   |  out|    1|      ap_vld|                  shl_i_i_i_i645299_out|       pointer|
|shl_i_i_i_i645297_out          |  out|   32|      ap_vld|                  shl_i_i_i_i645297_out|       pointer|
|shl_i_i_i_i645297_out_ap_vld   |  out|    1|      ap_vld|                  shl_i_i_i_i645297_out|       pointer|
|shl_i_i_i_i645295_out          |  out|   32|      ap_vld|                  shl_i_i_i_i645295_out|       pointer|
|shl_i_i_i_i645295_out_ap_vld   |  out|    1|      ap_vld|                  shl_i_i_i_i645295_out|       pointer|
|shl_i_i_i_i645293_out          |  out|   32|      ap_vld|                  shl_i_i_i_i645293_out|       pointer|
|shl_i_i_i_i645293_out_ap_vld   |  out|    1|      ap_vld|                  shl_i_i_i_i645293_out|       pointer|
|shl_i_i_i_i645291_out          |  out|   32|      ap_vld|                  shl_i_i_i_i645291_out|       pointer|
|shl_i_i_i_i645291_out_ap_vld   |  out|    1|      ap_vld|                  shl_i_i_i_i645291_out|       pointer|
|shl_i_i_i_i645289_out          |  out|   32|      ap_vld|                  shl_i_i_i_i645289_out|       pointer|
|shl_i_i_i_i645289_out_ap_vld   |  out|    1|      ap_vld|                  shl_i_i_i_i645289_out|       pointer|
|shl_i_i_i_i645287_out          |  out|   32|      ap_vld|                  shl_i_i_i_i645287_out|       pointer|
|shl_i_i_i_i645287_out_ap_vld   |  out|    1|      ap_vld|                  shl_i_i_i_i645287_out|       pointer|
|shl_i_i_i_i645285_out          |  out|   32|      ap_vld|                  shl_i_i_i_i645285_out|       pointer|
|shl_i_i_i_i645285_out_ap_vld   |  out|    1|      ap_vld|                  shl_i_i_i_i645285_out|       pointer|
|shl_i_i_i_i645283_out          |  out|   32|      ap_vld|                  shl_i_i_i_i645283_out|       pointer|
|shl_i_i_i_i645283_out_ap_vld   |  out|    1|      ap_vld|                  shl_i_i_i_i645283_out|       pointer|
|shl_i_i_i_i645281_out          |  out|   32|      ap_vld|                  shl_i_i_i_i645281_out|       pointer|
|shl_i_i_i_i645281_out_ap_vld   |  out|    1|      ap_vld|                  shl_i_i_i_i645281_out|       pointer|
|shl_i_i_i_i645279_out          |  out|   32|      ap_vld|                  shl_i_i_i_i645279_out|       pointer|
|shl_i_i_i_i645279_out_ap_vld   |  out|    1|      ap_vld|                  shl_i_i_i_i645279_out|       pointer|
|shl_i_i_i_i645277_out          |  out|   32|      ap_vld|                  shl_i_i_i_i645277_out|       pointer|
|shl_i_i_i_i645277_out_ap_vld   |  out|    1|      ap_vld|                  shl_i_i_i_i645277_out|       pointer|
|shl_i_i_i_i645275_out          |  out|   32|      ap_vld|                  shl_i_i_i_i645275_out|       pointer|
|shl_i_i_i_i645275_out_ap_vld   |  out|    1|      ap_vld|                  shl_i_i_i_i645275_out|       pointer|
|shl_i_i_i_i645273_out          |  out|   32|      ap_vld|                  shl_i_i_i_i645273_out|       pointer|
|shl_i_i_i_i645273_out_ap_vld   |  out|    1|      ap_vld|                  shl_i_i_i_i645273_out|       pointer|
|shl_i_i_i_i645271_out          |  out|   32|      ap_vld|                  shl_i_i_i_i645271_out|       pointer|
|shl_i_i_i_i645271_out_ap_vld   |  out|    1|      ap_vld|                  shl_i_i_i_i645271_out|       pointer|
|shl_i_i_i_i645269_out          |  out|   32|      ap_vld|                  shl_i_i_i_i645269_out|       pointer|
|shl_i_i_i_i645269_out_ap_vld   |  out|    1|      ap_vld|                  shl_i_i_i_i645269_out|       pointer|
|shl_i_i_i_i645267_out          |  out|   32|      ap_vld|                  shl_i_i_i_i645267_out|       pointer|
|shl_i_i_i_i645267_out_ap_vld   |  out|    1|      ap_vld|                  shl_i_i_i_i645267_out|       pointer|
|shl_i_i_i_i645265_out          |  out|   32|      ap_vld|                  shl_i_i_i_i645265_out|       pointer|
|shl_i_i_i_i645265_out_ap_vld   |  out|    1|      ap_vld|                  shl_i_i_i_i645265_out|       pointer|
|shl_i_i_i_i645263_out          |  out|   32|      ap_vld|                  shl_i_i_i_i645263_out|       pointer|
|shl_i_i_i_i645263_out_ap_vld   |  out|    1|      ap_vld|                  shl_i_i_i_i645263_out|       pointer|
|shl_i_i_i_i645261_out          |  out|   32|      ap_vld|                  shl_i_i_i_i645261_out|       pointer|
|shl_i_i_i_i645261_out_ap_vld   |  out|    1|      ap_vld|                  shl_i_i_i_i645261_out|       pointer|
|shl_i_i_i_i645259_out          |  out|   32|      ap_vld|                  shl_i_i_i_i645259_out|       pointer|
|shl_i_i_i_i645259_out_ap_vld   |  out|    1|      ap_vld|                  shl_i_i_i_i645259_out|       pointer|
|shl_i_i_i_i645257_out          |  out|   32|      ap_vld|                  shl_i_i_i_i645257_out|       pointer|
|shl_i_i_i_i645257_out_ap_vld   |  out|    1|      ap_vld|                  shl_i_i_i_i645257_out|       pointer|
|shl_i_i_i_i645255_out          |  out|   32|      ap_vld|                  shl_i_i_i_i645255_out|       pointer|
|shl_i_i_i_i645255_out_ap_vld   |  out|    1|      ap_vld|                  shl_i_i_i_i645255_out|       pointer|
|shl_i_i_i_i645253_out          |  out|   32|      ap_vld|                  shl_i_i_i_i645253_out|       pointer|
|shl_i_i_i_i645253_out_ap_vld   |  out|    1|      ap_vld|                  shl_i_i_i_i645253_out|       pointer|
|shl_i_i_i_i645251_out          |  out|   32|      ap_vld|                  shl_i_i_i_i645251_out|       pointer|
|shl_i_i_i_i645251_out_ap_vld   |  out|    1|      ap_vld|                  shl_i_i_i_i645251_out|       pointer|
|shl_i_i_i_i645249_out          |  out|   32|      ap_vld|                  shl_i_i_i_i645249_out|       pointer|
|shl_i_i_i_i645249_out_ap_vld   |  out|    1|      ap_vld|                  shl_i_i_i_i645249_out|       pointer|
|shl_i_i_i_i645247_out          |  out|   32|      ap_vld|                  shl_i_i_i_i645247_out|       pointer|
|shl_i_i_i_i645247_out_ap_vld   |  out|    1|      ap_vld|                  shl_i_i_i_i645247_out|       pointer|
|shl_i_i_i_i645245_out          |  out|   32|      ap_vld|                  shl_i_i_i_i645245_out|       pointer|
|shl_i_i_i_i645245_out_ap_vld   |  out|    1|      ap_vld|                  shl_i_i_i_i645245_out|       pointer|
|shl_i_i_i_i645243_out          |  out|   32|      ap_vld|                  shl_i_i_i_i645243_out|       pointer|
|shl_i_i_i_i645243_out_ap_vld   |  out|    1|      ap_vld|                  shl_i_i_i_i645243_out|       pointer|
|shl_i_i_i_i645241_out          |  out|   32|      ap_vld|                  shl_i_i_i_i645241_out|       pointer|
|shl_i_i_i_i645241_out_ap_vld   |  out|    1|      ap_vld|                  shl_i_i_i_i645241_out|       pointer|
|shl_i_i_i_i645239_out          |  out|   32|      ap_vld|                  shl_i_i_i_i645239_out|       pointer|
|shl_i_i_i_i645239_out_ap_vld   |  out|    1|      ap_vld|                  shl_i_i_i_i645239_out|       pointer|
|shl_i_i_i_i645237_out          |  out|   32|      ap_vld|                  shl_i_i_i_i645237_out|       pointer|
|shl_i_i_i_i645237_out_ap_vld   |  out|    1|      ap_vld|                  shl_i_i_i_i645237_out|       pointer|
|shl_i_i_i_i645235_out          |  out|   32|      ap_vld|                  shl_i_i_i_i645235_out|       pointer|
|shl_i_i_i_i645235_out_ap_vld   |  out|    1|      ap_vld|                  shl_i_i_i_i645235_out|       pointer|
|shl_i_i_i_i645233_out          |  out|   32|      ap_vld|                  shl_i_i_i_i645233_out|       pointer|
|shl_i_i_i_i645233_out_ap_vld   |  out|    1|      ap_vld|                  shl_i_i_i_i645233_out|       pointer|
|shl_i_i_i_i645231_out          |  out|   32|      ap_vld|                  shl_i_i_i_i645231_out|       pointer|
|shl_i_i_i_i645231_out_ap_vld   |  out|    1|      ap_vld|                  shl_i_i_i_i645231_out|       pointer|
|shl_i_i_i_i645229_out          |  out|   32|      ap_vld|                  shl_i_i_i_i645229_out|       pointer|
|shl_i_i_i_i645229_out_ap_vld   |  out|    1|      ap_vld|                  shl_i_i_i_i645229_out|       pointer|
|shl_i_i_i_i645227_out          |  out|   32|      ap_vld|                  shl_i_i_i_i645227_out|       pointer|
|shl_i_i_i_i645227_out_ap_vld   |  out|    1|      ap_vld|                  shl_i_i_i_i645227_out|       pointer|
|shl_i_i_i_i645225_out          |  out|   32|      ap_vld|                  shl_i_i_i_i645225_out|       pointer|
|shl_i_i_i_i645225_out_ap_vld   |  out|    1|      ap_vld|                  shl_i_i_i_i645225_out|       pointer|
|shl_i_i_i_i645223_out          |  out|   32|      ap_vld|                  shl_i_i_i_i645223_out|       pointer|
|shl_i_i_i_i645223_out_ap_vld   |  out|    1|      ap_vld|                  shl_i_i_i_i645223_out|       pointer|
|shl_i_i_i_i645221_out          |  out|   32|      ap_vld|                  shl_i_i_i_i645221_out|       pointer|
|shl_i_i_i_i645221_out_ap_vld   |  out|    1|      ap_vld|                  shl_i_i_i_i645221_out|       pointer|
|shl_i_i_i_i645219_out          |  out|   32|      ap_vld|                  shl_i_i_i_i645219_out|       pointer|
|shl_i_i_i_i645219_out_ap_vld   |  out|    1|      ap_vld|                  shl_i_i_i_i645219_out|       pointer|
|shl_i_i_i_i645217_out          |  out|   32|      ap_vld|                  shl_i_i_i_i645217_out|       pointer|
|shl_i_i_i_i645217_out_ap_vld   |  out|    1|      ap_vld|                  shl_i_i_i_i645217_out|       pointer|
|shl_i_i_i_i645215_out          |  out|   32|      ap_vld|                  shl_i_i_i_i645215_out|       pointer|
|shl_i_i_i_i645215_out_ap_vld   |  out|    1|      ap_vld|                  shl_i_i_i_i645215_out|       pointer|
|shl_i_i_i_i645213_out          |  out|   32|      ap_vld|                  shl_i_i_i_i645213_out|       pointer|
|shl_i_i_i_i645213_out_ap_vld   |  out|    1|      ap_vld|                  shl_i_i_i_i645213_out|       pointer|
|shl_i_i_i_i645211_out          |  out|   32|      ap_vld|                  shl_i_i_i_i645211_out|       pointer|
|shl_i_i_i_i645211_out_ap_vld   |  out|    1|      ap_vld|                  shl_i_i_i_i645211_out|       pointer|
|shl_i_i_i_i645209_out          |  out|   32|      ap_vld|                  shl_i_i_i_i645209_out|       pointer|
|shl_i_i_i_i645209_out_ap_vld   |  out|    1|      ap_vld|                  shl_i_i_i_i645209_out|       pointer|
|shl_i_i_i_i645207_out          |  out|   32|      ap_vld|                  shl_i_i_i_i645207_out|       pointer|
|shl_i_i_i_i645207_out_ap_vld   |  out|    1|      ap_vld|                  shl_i_i_i_i645207_out|       pointer|
|shl_i_i_i_i645205_out          |  out|   32|      ap_vld|                  shl_i_i_i_i645205_out|       pointer|
|shl_i_i_i_i645205_out_ap_vld   |  out|    1|      ap_vld|                  shl_i_i_i_i645205_out|       pointer|
|shl_i_i_i_i645203_out          |  out|   32|      ap_vld|                  shl_i_i_i_i645203_out|       pointer|
|shl_i_i_i_i645203_out_ap_vld   |  out|    1|      ap_vld|                  shl_i_i_i_i645203_out|       pointer|
|shl_i_i_i_i645201_out          |  out|   32|      ap_vld|                  shl_i_i_i_i645201_out|       pointer|
|shl_i_i_i_i645201_out_ap_vld   |  out|    1|      ap_vld|                  shl_i_i_i_i645201_out|       pointer|
|shl_i_i_i_i645199_out          |  out|   32|      ap_vld|                  shl_i_i_i_i645199_out|       pointer|
|shl_i_i_i_i645199_out_ap_vld   |  out|    1|      ap_vld|                  shl_i_i_i_i645199_out|       pointer|
|shl_i_i_i_i645197_out          |  out|   32|      ap_vld|                  shl_i_i_i_i645197_out|       pointer|
|shl_i_i_i_i645197_out_ap_vld   |  out|    1|      ap_vld|                  shl_i_i_i_i645197_out|       pointer|
|shl_i_i_i_i645195_out          |  out|   32|      ap_vld|                  shl_i_i_i_i645195_out|       pointer|
|shl_i_i_i_i645195_out_ap_vld   |  out|    1|      ap_vld|                  shl_i_i_i_i645195_out|       pointer|
|shl_i_i_i_i645193_out          |  out|   32|      ap_vld|                  shl_i_i_i_i645193_out|       pointer|
|shl_i_i_i_i645193_out_ap_vld   |  out|    1|      ap_vld|                  shl_i_i_i_i645193_out|       pointer|
|shl_i_i_i_i645191_out          |  out|   32|      ap_vld|                  shl_i_i_i_i645191_out|       pointer|
|shl_i_i_i_i645191_out_ap_vld   |  out|    1|      ap_vld|                  shl_i_i_i_i645191_out|       pointer|
|shl_i_i_i_i645189_out          |  out|   32|      ap_vld|                  shl_i_i_i_i645189_out|       pointer|
|shl_i_i_i_i645189_out_ap_vld   |  out|    1|      ap_vld|                  shl_i_i_i_i645189_out|       pointer|
|shl_i_i_i_i645187_out          |  out|   32|      ap_vld|                  shl_i_i_i_i645187_out|       pointer|
|shl_i_i_i_i645187_out_ap_vld   |  out|    1|      ap_vld|                  shl_i_i_i_i645187_out|       pointer|
|shl_i_i_i_i645185_out          |  out|   32|      ap_vld|                  shl_i_i_i_i645185_out|       pointer|
|shl_i_i_i_i645185_out_ap_vld   |  out|    1|      ap_vld|                  shl_i_i_i_i645185_out|       pointer|
|shl_i_i_i_i645183_out          |  out|   32|      ap_vld|                  shl_i_i_i_i645183_out|       pointer|
|shl_i_i_i_i645183_out_ap_vld   |  out|    1|      ap_vld|                  shl_i_i_i_i645183_out|       pointer|
|shl_i_i_i_i645181_out          |  out|   32|      ap_vld|                  shl_i_i_i_i645181_out|       pointer|
|shl_i_i_i_i645181_out_ap_vld   |  out|    1|      ap_vld|                  shl_i_i_i_i645181_out|       pointer|
|shl_i_i_i_i645179_out          |  out|   32|      ap_vld|                  shl_i_i_i_i645179_out|       pointer|
|shl_i_i_i_i645179_out_ap_vld   |  out|    1|      ap_vld|                  shl_i_i_i_i645179_out|       pointer|
|shl_i_i_i_i645177_out          |  out|   32|      ap_vld|                  shl_i_i_i_i645177_out|       pointer|
|shl_i_i_i_i645177_out_ap_vld   |  out|    1|      ap_vld|                  shl_i_i_i_i645177_out|       pointer|
|shl_i_i_i_i645175_out          |  out|   32|      ap_vld|                  shl_i_i_i_i645175_out|       pointer|
|shl_i_i_i_i645175_out_ap_vld   |  out|    1|      ap_vld|                  shl_i_i_i_i645175_out|       pointer|
|shl_i_i_i_i645173_out          |  out|   32|      ap_vld|                  shl_i_i_i_i645173_out|       pointer|
|shl_i_i_i_i645173_out_ap_vld   |  out|    1|      ap_vld|                  shl_i_i_i_i645173_out|       pointer|
|shl_i_i_i_i645171_out          |  out|   32|      ap_vld|                  shl_i_i_i_i645171_out|       pointer|
|shl_i_i_i_i645171_out_ap_vld   |  out|    1|      ap_vld|                  shl_i_i_i_i645171_out|       pointer|
|shl_i_i_i_i645169_out          |  out|   32|      ap_vld|                  shl_i_i_i_i645169_out|       pointer|
|shl_i_i_i_i645169_out_ap_vld   |  out|    1|      ap_vld|                  shl_i_i_i_i645169_out|       pointer|
|shl_i_i_i_i645167_out          |  out|   32|      ap_vld|                  shl_i_i_i_i645167_out|       pointer|
|shl_i_i_i_i645167_out_ap_vld   |  out|    1|      ap_vld|                  shl_i_i_i_i645167_out|       pointer|
|shl_i_i_i_i645165_out          |  out|   32|      ap_vld|                  shl_i_i_i_i645165_out|       pointer|
|shl_i_i_i_i645165_out_ap_vld   |  out|    1|      ap_vld|                  shl_i_i_i_i645165_out|       pointer|
|shl_i_i_i_i645163_out          |  out|   32|      ap_vld|                  shl_i_i_i_i645163_out|       pointer|
|shl_i_i_i_i645163_out_ap_vld   |  out|    1|      ap_vld|                  shl_i_i_i_i645163_out|       pointer|
|shl_i_i_i_i645161_out          |  out|   32|      ap_vld|                  shl_i_i_i_i645161_out|       pointer|
|shl_i_i_i_i645161_out_ap_vld   |  out|    1|      ap_vld|                  shl_i_i_i_i645161_out|       pointer|
|shl_i_i_i_i645159_out          |  out|   32|      ap_vld|                  shl_i_i_i_i645159_out|       pointer|
|shl_i_i_i_i645159_out_ap_vld   |  out|    1|      ap_vld|                  shl_i_i_i_i645159_out|       pointer|
|shl_i_i_i_i645157_out          |  out|   32|      ap_vld|                  shl_i_i_i_i645157_out|       pointer|
|shl_i_i_i_i645157_out_ap_vld   |  out|    1|      ap_vld|                  shl_i_i_i_i645157_out|       pointer|
|shl_i_i_i_i645155_out          |  out|   32|      ap_vld|                  shl_i_i_i_i645155_out|       pointer|
|shl_i_i_i_i645155_out_ap_vld   |  out|    1|      ap_vld|                  shl_i_i_i_i645155_out|       pointer|
|shl_i_i_i_i645153_out          |  out|   32|      ap_vld|                  shl_i_i_i_i645153_out|       pointer|
|shl_i_i_i_i645153_out_ap_vld   |  out|    1|      ap_vld|                  shl_i_i_i_i645153_out|       pointer|
|shl_i_i_i_i645151_out          |  out|   32|      ap_vld|                  shl_i_i_i_i645151_out|       pointer|
|shl_i_i_i_i645151_out_ap_vld   |  out|    1|      ap_vld|                  shl_i_i_i_i645151_out|       pointer|
|shl_i_i_i_i645149_out          |  out|   32|      ap_vld|                  shl_i_i_i_i645149_out|       pointer|
|shl_i_i_i_i645149_out_ap_vld   |  out|    1|      ap_vld|                  shl_i_i_i_i645149_out|       pointer|
|shl_i_i_i_i645147_out          |  out|   32|      ap_vld|                  shl_i_i_i_i645147_out|       pointer|
|shl_i_i_i_i645147_out_ap_vld   |  out|    1|      ap_vld|                  shl_i_i_i_i645147_out|       pointer|
|shl_i_i_i_i645145_out          |  out|   32|      ap_vld|                  shl_i_i_i_i645145_out|       pointer|
|shl_i_i_i_i645145_out_ap_vld   |  out|    1|      ap_vld|                  shl_i_i_i_i645145_out|       pointer|
|shl_i_i_i_i645143_out          |  out|   32|      ap_vld|                  shl_i_i_i_i645143_out|       pointer|
|shl_i_i_i_i645143_out_ap_vld   |  out|    1|      ap_vld|                  shl_i_i_i_i645143_out|       pointer|
|shl_i_i_i_i645141_out          |  out|   32|      ap_vld|                  shl_i_i_i_i645141_out|       pointer|
|shl_i_i_i_i645141_out_ap_vld   |  out|    1|      ap_vld|                  shl_i_i_i_i645141_out|       pointer|
|shl_i_i_i_i645139_out          |  out|   32|      ap_vld|                  shl_i_i_i_i645139_out|       pointer|
|shl_i_i_i_i645139_out_ap_vld   |  out|    1|      ap_vld|                  shl_i_i_i_i645139_out|       pointer|
|shl_i_i_i_i645137_out          |  out|   32|      ap_vld|                  shl_i_i_i_i645137_out|       pointer|
|shl_i_i_i_i645137_out_ap_vld   |  out|    1|      ap_vld|                  shl_i_i_i_i645137_out|       pointer|
|shl_i_i_i_i645135_out          |  out|   32|      ap_vld|                  shl_i_i_i_i645135_out|       pointer|
|shl_i_i_i_i645135_out_ap_vld   |  out|    1|      ap_vld|                  shl_i_i_i_i645135_out|       pointer|
|shl_i_i_i_i645133_out          |  out|   32|      ap_vld|                  shl_i_i_i_i645133_out|       pointer|
|shl_i_i_i_i645133_out_ap_vld   |  out|    1|      ap_vld|                  shl_i_i_i_i645133_out|       pointer|
|shl_i_i_i_i645131_out          |  out|   32|      ap_vld|                  shl_i_i_i_i645131_out|       pointer|
|shl_i_i_i_i645131_out_ap_vld   |  out|    1|      ap_vld|                  shl_i_i_i_i645131_out|       pointer|
|shl_i_i_i_i645129_out          |  out|   32|      ap_vld|                  shl_i_i_i_i645129_out|       pointer|
|shl_i_i_i_i645129_out_ap_vld   |  out|    1|      ap_vld|                  shl_i_i_i_i645129_out|       pointer|
+-------------------------------+-----+-----+------------+---------------------------------------+--------------+

