

================================================================
== Vitis HLS Report for 'matmul_xnor_1'
================================================================
* Date:           Fri Jun 13 23:25:24 2025

* Version:        2024.2 (Build 5238294 on Nov  8 2024)
* Project:        bnn_hls
* Solution:       hls (Vivado IP Flow Target)
* Product family: zynq
* Target device:  xc7z020-clg400-1


================================================================
== Performance Estimates
================================================================
+ Timing: 
    * Summary: 
    +--------+----------+----------+------------+
    |  Clock |  Target  | Estimated| Uncertainty|
    +--------+----------+----------+------------+
    |ap_clk  |  10.00 ns|  6.891 ns|     2.70 ns|
    +--------+----------+----------+------------+

+ Latency: 
    * Summary: 
    +---------+---------+----------+----------+--------+--------+------------------------------------------------+
    |  Latency (cycles) |  Latency (absolute) |     Interval    |                    Pipeline                    |
    |   min   |   max   |    min   |    max   |   min  |   max  |                      Type                      |
    +---------+---------+----------+----------+--------+--------+------------------------------------------------+
    |   100357|   100357|  1.004 ms|  1.004 ms|  100353|  100353|  loop auto-rewind stp (delay=0 clock cycles(s))|
    +---------+---------+----------+----------+--------+--------+------------------------------------------------+

    + Detail: 
        * Instance: 
        N/A

        * Loop: 
        +-----------------------------------+---------+---------+----------+-----------+-----------+--------+----------+
        |                                   |  Latency (cycles) | Iteration|  Initiation Interval  |  Trip  |          |
        |             Loop Name             |   min   |   max   |  Latency |  achieved |   target  |  Count | Pipelined|
        +-----------------------------------+---------+---------+----------+-----------+-----------+--------+----------+
        |- VITIS_LOOP_61_1_VITIS_LOOP_63_2  |   100355|   100355|         5|          1|          1|  100352|       yes|
        +-----------------------------------+---------+---------+----------+-----------+-----------+--------+----------+



================================================================
== Utilization Estimates
================================================================
* Summary: 
+-----------------+---------+-----+--------+-------+-----+
|       Name      | BRAM_18K| DSP |   FF   |  LUT  | URAM|
+-----------------+---------+-----+--------+-------+-----+
|DSP              |        -|    -|       -|      -|    -|
|Expression       |        -|    -|       0|    224|    -|
|FIFO             |        -|    -|       -|      -|    -|
|Instance         |        -|    -|       0|   5386|    -|
|Memory           |        -|    -|       -|      -|    -|
|Multiplexer      |        -|    -|       0|     63|    -|
|Register         |        -|    -|     259|     64|    -|
+-----------------+---------+-----+--------+-------+-----+
|Total            |        0|    0|     259|   5737|    0|
+-----------------+---------+-----+--------+-------+-----+
|Available        |      280|  220|  106400|  53200|    0|
+-----------------+---------+-----+--------+-------+-----+
|Utilization (%)  |        0|    0|      ~0|     10|    0|
+-----------------+---------+-----+--------+-------+-----+

+ Detail: 
    * Instance: 
    +-------------------------------+--------------------------+---------+----+---+------+-----+
    |            Instance           |          Module          | BRAM_18K| DSP| FF|  LUT | URAM|
    +-------------------------------+--------------------------+---------+----+---+------+-----+
    |sparsemux_1569_10_32_1_1_U792  |sparsemux_1569_10_32_1_1  |        0|   0|  0|  2693|    0|
    |sparsemux_1569_10_9_1_1_U793   |sparsemux_1569_10_9_1_1   |        0|   0|  0|  2693|    0|
    +-------------------------------+--------------------------+---------+----+---+------+-----+
    |Total                          |                          |        0|   0|  0|  5386|    0|
    +-------------------------------+--------------------------+---------+----+---+------+-----+

    * DSP: 
    N/A

    * Memory: 
    N/A

    * FIFO: 
    N/A

    * Expression: 
    +---------------------------+----------+----+---+----+------------+------------+
    |       Variable Name       | Operation| DSP| FF| LUT| Bitwidth P0| Bitwidth P1|
    +---------------------------+----------+----+---+----+------------+------------+
    |add_ln61_2_fu_8023_p2      |         +|   0|  0|  15|           8|           1|
    |add_ln61_fu_7975_p2        |         +|   0|  0|  24|          17|           1|
    |add_ln63_fu_8003_p2        |         +|   0|  0|  13|          10|           1|
    |add_ln64_fu_10429_p2       |         +|   0|  0|  10|          10|          10|
    |cnt_2_fu_13622_p2          |         +|   0|  0|  25|          18|          18|
    |sub_ln63_fu_8064_p2        |         -|   0|  0|  10|          10|          10|
    |icmp_ln21_fu_13596_p2      |      icmp|   0|  0|  39|          32|          32|
    |icmp_ln61_fu_7969_p2       |      icmp|   0|  0|  24|          17|          16|
    |icmp_ln63_2_fu_8009_p2     |      icmp|   0|  0|  13|          10|           9|
    |icmp_ln63_fu_7989_p2       |      icmp|   0|  0|  13|          10|           9|
    |select_ln61_3_fu_13604_p3  |    select|   0|  0|  18|           1|           1|
    |select_ln61_4_fu_8029_p3   |    select|   0|  0|   8|           1|           8|
    |select_ln61_fu_7995_p3     |    select|   0|  0|  10|           1|           1|
    |ap_enable_pp0              |       xor|   0|  0|   2|           1|           2|
    +---------------------------+----------+----+---+----+------------+------------+
    |Total                      |          |   0|  0| 224|         146|         119|
    +---------------------------+----------+----+---+----+------------+------------+

    * Multiplexer: 
    +--------------------------------------+----+-----------+-----+-----------+
    |                 Name                 | LUT| Input Size| Bits| Total Bits|
    +--------------------------------------+----+-----------+-----+-----------+
    |ap_done_int                           |   9|          2|    1|          2|
    |ap_enable_reg_pp0_iter1               |   9|          2|    1|          2|
    |ap_sig_allocacmp_indvar_flatten_load  |   9|          2|   17|         34|
    |cnt_fu_3200                           |   9|          2|   18|         36|
    |indvar_flatten_fu_3212                |   9|          2|   17|         34|
    |x_fu_3208                             |   9|          2|    8|         16|
    |y_fu_3204                             |   9|          2|   10|         20|
    +--------------------------------------+----+-----------+-----+-----------+
    |Total                                 |  63|         14|   72|        144|
    +--------------------------------------+----+-----------+-----+-----------+

    * Register: 
    +------------------------------------+----+----+-----+-----------+
    |                Name                | FF | LUT| Bits| Const Bits|
    +------------------------------------+----+----+-----+-----------+
    |a_reg_17616                         |  32|   0|   32|          0|
    |add_ln64_reg_17621                  |  10|   0|   10|          0|
    |ap_CS_fsm                           |   1|   0|    1|          0|
    |ap_done_reg                         |   1|   0|    1|          0|
    |ap_enable_reg_pp0_iter1             |   1|   0|    1|          0|
    |ap_enable_reg_pp0_iter2             |   1|   0|    1|          0|
    |ap_enable_reg_pp0_iter3             |   1|   0|    1|          0|
    |ap_enable_reg_pp0_iter4             |   1|   0|    1|          0|
    |ap_loop_exit_ready_pp0_iter1_reg    |   1|   0|    1|          0|
    |ap_loop_exit_ready_pp0_iter2_reg    |   1|   0|    1|          0|
    |ap_loop_exit_ready_pp0_iter3_reg    |   1|   0|    1|          0|
    |cnt_fu_3200                         |  18|   0|   18|          0|
    |icmp_ln21_reg_17631                 |   1|   0|    1|          0|
    |icmp_ln63_2_reg_17608               |   1|   0|    1|          0|
    |icmp_ln63_reg_17596                 |   1|   0|    1|          0|
    |indvar_flatten_fu_3212              |  17|   0|   17|          0|
    |lshr_ln_reg_17626                   |   6|   0|    6|          0|
    |lshr_ln_reg_17626_pp0_iter3_reg     |   6|   0|    6|          0|
    |select_ln61_reg_17602               |  10|   0|   10|          0|
    |trunc_ln61_reg_17612                |   1|   0|    1|          0|
    |trunc_ln61_reg_17612_pp0_iter3_reg  |   1|   0|    1|          0|
    |x_fu_3208                           |   8|   0|    8|          0|
    |y_fu_3204                           |  10|   0|   10|          0|
    |icmp_ln63_2_reg_17608               |  64|  32|    1|          0|
    |icmp_ln63_reg_17596                 |  64|  32|    1|          0|
    +------------------------------------+----+----+-----+-----------+
    |Total                               | 259|  64|  133|          0|
    +------------------------------------+----+----+-----+-----------+



================================================================
== Interface
================================================================
* Summary: 
+----------------+-----+-----+------------+---------------+--------------+
|    RTL Ports   | Dir | Bits|  Protocol  | Source Object |    C Type    |
+----------------+-----+-----+------------+---------------+--------------+
|ap_clk          |   in|    1|  ap_ctrl_hs|  matmul_xnor.1|  return value|
|ap_rst          |   in|    1|  ap_ctrl_hs|  matmul_xnor.1|  return value|
|ap_start        |   in|    1|  ap_ctrl_hs|  matmul_xnor.1|  return value|
|ap_done         |  out|    1|  ap_ctrl_hs|  matmul_xnor.1|  return value|
|ap_idle         |  out|    1|  ap_ctrl_hs|  matmul_xnor.1|  return value|
|ap_ready        |  out|    1|  ap_ctrl_hs|  matmul_xnor.1|  return value|
|A_0_val         |   in|   32|     ap_none|        A_0_val|        scalar|
|A_1_val         |   in|   32|     ap_none|        A_1_val|        scalar|
|A_2_val         |   in|   32|     ap_none|        A_2_val|        scalar|
|A_3_val         |   in|   32|     ap_none|        A_3_val|        scalar|
|A_4_val         |   in|   32|     ap_none|        A_4_val|        scalar|
|A_5_val         |   in|   32|     ap_none|        A_5_val|        scalar|
|A_6_val         |   in|   32|     ap_none|        A_6_val|        scalar|
|A_7_val         |   in|   32|     ap_none|        A_7_val|        scalar|
|A_8_val         |   in|   32|     ap_none|        A_8_val|        scalar|
|A_9_val         |   in|   32|     ap_none|        A_9_val|        scalar|
|A_10_val        |   in|   32|     ap_none|       A_10_val|        scalar|
|A_11_val        |   in|   32|     ap_none|       A_11_val|        scalar|
|A_12_val        |   in|   32|     ap_none|       A_12_val|        scalar|
|A_13_val        |   in|   32|     ap_none|       A_13_val|        scalar|
|A_14_val        |   in|   32|     ap_none|       A_14_val|        scalar|
|A_15_val        |   in|   32|     ap_none|       A_15_val|        scalar|
|A_16_val        |   in|   32|     ap_none|       A_16_val|        scalar|
|A_17_val        |   in|   32|     ap_none|       A_17_val|        scalar|
|A_18_val        |   in|   32|     ap_none|       A_18_val|        scalar|
|A_19_val        |   in|   32|     ap_none|       A_19_val|        scalar|
|A_20_val        |   in|   32|     ap_none|       A_20_val|        scalar|
|A_21_val        |   in|   32|     ap_none|       A_21_val|        scalar|
|A_22_val        |   in|   32|     ap_none|       A_22_val|        scalar|
|A_23_val        |   in|   32|     ap_none|       A_23_val|        scalar|
|A_24_val        |   in|   32|     ap_none|       A_24_val|        scalar|
|A_25_val        |   in|   32|     ap_none|       A_25_val|        scalar|
|A_26_val        |   in|   32|     ap_none|       A_26_val|        scalar|
|A_27_val        |   in|   32|     ap_none|       A_27_val|        scalar|
|A_28_val        |   in|   32|     ap_none|       A_28_val|        scalar|
|A_29_val        |   in|   32|     ap_none|       A_29_val|        scalar|
|A_30_val        |   in|   32|     ap_none|       A_30_val|        scalar|
|A_31_val        |   in|   32|     ap_none|       A_31_val|        scalar|
|A_32_val        |   in|   32|     ap_none|       A_32_val|        scalar|
|A_33_val        |   in|   32|     ap_none|       A_33_val|        scalar|
|A_34_val        |   in|   32|     ap_none|       A_34_val|        scalar|
|A_35_val        |   in|   32|     ap_none|       A_35_val|        scalar|
|A_36_val        |   in|   32|     ap_none|       A_36_val|        scalar|
|A_37_val        |   in|   32|     ap_none|       A_37_val|        scalar|
|A_38_val        |   in|   32|     ap_none|       A_38_val|        scalar|
|A_39_val        |   in|   32|     ap_none|       A_39_val|        scalar|
|A_40_val        |   in|   32|     ap_none|       A_40_val|        scalar|
|A_41_val        |   in|   32|     ap_none|       A_41_val|        scalar|
|A_42_val        |   in|   32|     ap_none|       A_42_val|        scalar|
|A_43_val        |   in|   32|     ap_none|       A_43_val|        scalar|
|A_44_val        |   in|   32|     ap_none|       A_44_val|        scalar|
|A_45_val        |   in|   32|     ap_none|       A_45_val|        scalar|
|A_46_val        |   in|   32|     ap_none|       A_46_val|        scalar|
|A_47_val        |   in|   32|     ap_none|       A_47_val|        scalar|
|A_48_val        |   in|   32|     ap_none|       A_48_val|        scalar|
|A_49_val        |   in|   32|     ap_none|       A_49_val|        scalar|
|A_50_val        |   in|   32|     ap_none|       A_50_val|        scalar|
|A_51_val        |   in|   32|     ap_none|       A_51_val|        scalar|
|A_52_val        |   in|   32|     ap_none|       A_52_val|        scalar|
|A_53_val        |   in|   32|     ap_none|       A_53_val|        scalar|
|A_54_val        |   in|   32|     ap_none|       A_54_val|        scalar|
|A_55_val        |   in|   32|     ap_none|       A_55_val|        scalar|
|A_56_val        |   in|   32|     ap_none|       A_56_val|        scalar|
|A_57_val        |   in|   32|     ap_none|       A_57_val|        scalar|
|A_58_val        |   in|   32|     ap_none|       A_58_val|        scalar|
|A_59_val        |   in|   32|     ap_none|       A_59_val|        scalar|
|A_60_val        |   in|   32|     ap_none|       A_60_val|        scalar|
|A_61_val        |   in|   32|     ap_none|       A_61_val|        scalar|
|A_62_val        |   in|   32|     ap_none|       A_62_val|        scalar|
|A_63_val        |   in|   32|     ap_none|       A_63_val|        scalar|
|A_64_val        |   in|   32|     ap_none|       A_64_val|        scalar|
|A_65_val        |   in|   32|     ap_none|       A_65_val|        scalar|
|A_66_val        |   in|   32|     ap_none|       A_66_val|        scalar|
|A_67_val        |   in|   32|     ap_none|       A_67_val|        scalar|
|A_68_val        |   in|   32|     ap_none|       A_68_val|        scalar|
|A_69_val        |   in|   32|     ap_none|       A_69_val|        scalar|
|A_70_val        |   in|   32|     ap_none|       A_70_val|        scalar|
|A_71_val        |   in|   32|     ap_none|       A_71_val|        scalar|
|A_72_val        |   in|   32|     ap_none|       A_72_val|        scalar|
|A_73_val        |   in|   32|     ap_none|       A_73_val|        scalar|
|A_74_val        |   in|   32|     ap_none|       A_74_val|        scalar|
|A_75_val        |   in|   32|     ap_none|       A_75_val|        scalar|
|A_76_val        |   in|   32|     ap_none|       A_76_val|        scalar|
|A_77_val        |   in|   32|     ap_none|       A_77_val|        scalar|
|A_78_val        |   in|   32|     ap_none|       A_78_val|        scalar|
|A_79_val        |   in|   32|     ap_none|       A_79_val|        scalar|
|A_80_val        |   in|   32|     ap_none|       A_80_val|        scalar|
|A_81_val        |   in|   32|     ap_none|       A_81_val|        scalar|
|A_82_val        |   in|   32|     ap_none|       A_82_val|        scalar|
|A_83_val        |   in|   32|     ap_none|       A_83_val|        scalar|
|A_84_val        |   in|   32|     ap_none|       A_84_val|        scalar|
|A_85_val        |   in|   32|     ap_none|       A_85_val|        scalar|
|A_86_val        |   in|   32|     ap_none|       A_86_val|        scalar|
|A_87_val        |   in|   32|     ap_none|       A_87_val|        scalar|
|A_88_val        |   in|   32|     ap_none|       A_88_val|        scalar|
|A_89_val        |   in|   32|     ap_none|       A_89_val|        scalar|
|A_90_val        |   in|   32|     ap_none|       A_90_val|        scalar|
|A_91_val        |   in|   32|     ap_none|       A_91_val|        scalar|
|A_92_val        |   in|   32|     ap_none|       A_92_val|        scalar|
|A_93_val        |   in|   32|     ap_none|       A_93_val|        scalar|
|A_94_val        |   in|   32|     ap_none|       A_94_val|        scalar|
|A_95_val        |   in|   32|     ap_none|       A_95_val|        scalar|
|A_96_val        |   in|   32|     ap_none|       A_96_val|        scalar|
|A_97_val        |   in|   32|     ap_none|       A_97_val|        scalar|
|A_98_val        |   in|   32|     ap_none|       A_98_val|        scalar|
|A_99_val        |   in|   32|     ap_none|       A_99_val|        scalar|
|A_100_val       |   in|   32|     ap_none|      A_100_val|        scalar|
|A_101_val       |   in|   32|     ap_none|      A_101_val|        scalar|
|A_102_val       |   in|   32|     ap_none|      A_102_val|        scalar|
|A_103_val       |   in|   32|     ap_none|      A_103_val|        scalar|
|A_104_val       |   in|   32|     ap_none|      A_104_val|        scalar|
|A_105_val       |   in|   32|     ap_none|      A_105_val|        scalar|
|A_106_val       |   in|   32|     ap_none|      A_106_val|        scalar|
|A_107_val       |   in|   32|     ap_none|      A_107_val|        scalar|
|A_108_val       |   in|   32|     ap_none|      A_108_val|        scalar|
|A_109_val       |   in|   32|     ap_none|      A_109_val|        scalar|
|A_110_val       |   in|   32|     ap_none|      A_110_val|        scalar|
|A_111_val       |   in|   32|     ap_none|      A_111_val|        scalar|
|A_112_val       |   in|   32|     ap_none|      A_112_val|        scalar|
|A_113_val       |   in|   32|     ap_none|      A_113_val|        scalar|
|A_114_val       |   in|   32|     ap_none|      A_114_val|        scalar|
|A_115_val       |   in|   32|     ap_none|      A_115_val|        scalar|
|A_116_val       |   in|   32|     ap_none|      A_116_val|        scalar|
|A_117_val       |   in|   32|     ap_none|      A_117_val|        scalar|
|A_118_val       |   in|   32|     ap_none|      A_118_val|        scalar|
|A_119_val       |   in|   32|     ap_none|      A_119_val|        scalar|
|A_120_val       |   in|   32|     ap_none|      A_120_val|        scalar|
|A_121_val       |   in|   32|     ap_none|      A_121_val|        scalar|
|A_122_val       |   in|   32|     ap_none|      A_122_val|        scalar|
|A_123_val       |   in|   32|     ap_none|      A_123_val|        scalar|
|A_124_val       |   in|   32|     ap_none|      A_124_val|        scalar|
|A_125_val       |   in|   32|     ap_none|      A_125_val|        scalar|
|A_126_val       |   in|   32|     ap_none|      A_126_val|        scalar|
|A_127_val       |   in|   32|     ap_none|      A_127_val|        scalar|
|A_128_val       |   in|   32|     ap_none|      A_128_val|        scalar|
|A_129_val       |   in|   32|     ap_none|      A_129_val|        scalar|
|A_130_val       |   in|   32|     ap_none|      A_130_val|        scalar|
|A_131_val       |   in|   32|     ap_none|      A_131_val|        scalar|
|A_132_val       |   in|   32|     ap_none|      A_132_val|        scalar|
|A_133_val       |   in|   32|     ap_none|      A_133_val|        scalar|
|A_134_val       |   in|   32|     ap_none|      A_134_val|        scalar|
|A_135_val       |   in|   32|     ap_none|      A_135_val|        scalar|
|A_136_val       |   in|   32|     ap_none|      A_136_val|        scalar|
|A_137_val       |   in|   32|     ap_none|      A_137_val|        scalar|
|A_138_val       |   in|   32|     ap_none|      A_138_val|        scalar|
|A_139_val       |   in|   32|     ap_none|      A_139_val|        scalar|
|A_140_val       |   in|   32|     ap_none|      A_140_val|        scalar|
|A_141_val       |   in|   32|     ap_none|      A_141_val|        scalar|
|A_142_val       |   in|   32|     ap_none|      A_142_val|        scalar|
|A_143_val       |   in|   32|     ap_none|      A_143_val|        scalar|
|A_144_val       |   in|   32|     ap_none|      A_144_val|        scalar|
|A_145_val       |   in|   32|     ap_none|      A_145_val|        scalar|
|A_146_val       |   in|   32|     ap_none|      A_146_val|        scalar|
|A_147_val       |   in|   32|     ap_none|      A_147_val|        scalar|
|A_148_val       |   in|   32|     ap_none|      A_148_val|        scalar|
|A_149_val       |   in|   32|     ap_none|      A_149_val|        scalar|
|A_150_val       |   in|   32|     ap_none|      A_150_val|        scalar|
|A_151_val       |   in|   32|     ap_none|      A_151_val|        scalar|
|A_152_val       |   in|   32|     ap_none|      A_152_val|        scalar|
|A_153_val       |   in|   32|     ap_none|      A_153_val|        scalar|
|A_154_val       |   in|   32|     ap_none|      A_154_val|        scalar|
|A_155_val       |   in|   32|     ap_none|      A_155_val|        scalar|
|A_156_val       |   in|   32|     ap_none|      A_156_val|        scalar|
|A_157_val       |   in|   32|     ap_none|      A_157_val|        scalar|
|A_158_val       |   in|   32|     ap_none|      A_158_val|        scalar|
|A_159_val       |   in|   32|     ap_none|      A_159_val|        scalar|
|A_160_val       |   in|   32|     ap_none|      A_160_val|        scalar|
|A_161_val       |   in|   32|     ap_none|      A_161_val|        scalar|
|A_162_val       |   in|   32|     ap_none|      A_162_val|        scalar|
|A_163_val       |   in|   32|     ap_none|      A_163_val|        scalar|
|A_164_val       |   in|   32|     ap_none|      A_164_val|        scalar|
|A_165_val       |   in|   32|     ap_none|      A_165_val|        scalar|
|A_166_val       |   in|   32|     ap_none|      A_166_val|        scalar|
|A_167_val       |   in|   32|     ap_none|      A_167_val|        scalar|
|A_168_val       |   in|   32|     ap_none|      A_168_val|        scalar|
|A_169_val       |   in|   32|     ap_none|      A_169_val|        scalar|
|A_170_val       |   in|   32|     ap_none|      A_170_val|        scalar|
|A_171_val       |   in|   32|     ap_none|      A_171_val|        scalar|
|A_172_val       |   in|   32|     ap_none|      A_172_val|        scalar|
|A_173_val       |   in|   32|     ap_none|      A_173_val|        scalar|
|A_174_val       |   in|   32|     ap_none|      A_174_val|        scalar|
|A_175_val       |   in|   32|     ap_none|      A_175_val|        scalar|
|A_176_val       |   in|   32|     ap_none|      A_176_val|        scalar|
|A_177_val       |   in|   32|     ap_none|      A_177_val|        scalar|
|A_178_val       |   in|   32|     ap_none|      A_178_val|        scalar|
|A_179_val       |   in|   32|     ap_none|      A_179_val|        scalar|
|A_180_val       |   in|   32|     ap_none|      A_180_val|        scalar|
|A_181_val       |   in|   32|     ap_none|      A_181_val|        scalar|
|A_182_val       |   in|   32|     ap_none|      A_182_val|        scalar|
|A_183_val       |   in|   32|     ap_none|      A_183_val|        scalar|
|A_184_val       |   in|   32|     ap_none|      A_184_val|        scalar|
|A_185_val       |   in|   32|     ap_none|      A_185_val|        scalar|
|A_186_val       |   in|   32|     ap_none|      A_186_val|        scalar|
|A_187_val       |   in|   32|     ap_none|      A_187_val|        scalar|
|A_188_val       |   in|   32|     ap_none|      A_188_val|        scalar|
|A_189_val       |   in|   32|     ap_none|      A_189_val|        scalar|
|A_190_val       |   in|   32|     ap_none|      A_190_val|        scalar|
|A_191_val       |   in|   32|     ap_none|      A_191_val|        scalar|
|A_192_val       |   in|   32|     ap_none|      A_192_val|        scalar|
|A_193_val       |   in|   32|     ap_none|      A_193_val|        scalar|
|A_194_val       |   in|   32|     ap_none|      A_194_val|        scalar|
|A_195_val       |   in|   32|     ap_none|      A_195_val|        scalar|
|A_196_val       |   in|   32|     ap_none|      A_196_val|        scalar|
|A_197_val       |   in|   32|     ap_none|      A_197_val|        scalar|
|A_198_val       |   in|   32|     ap_none|      A_198_val|        scalar|
|A_199_val       |   in|   32|     ap_none|      A_199_val|        scalar|
|A_200_val       |   in|   32|     ap_none|      A_200_val|        scalar|
|A_201_val       |   in|   32|     ap_none|      A_201_val|        scalar|
|A_202_val       |   in|   32|     ap_none|      A_202_val|        scalar|
|A_203_val       |   in|   32|     ap_none|      A_203_val|        scalar|
|A_204_val       |   in|   32|     ap_none|      A_204_val|        scalar|
|A_205_val       |   in|   32|     ap_none|      A_205_val|        scalar|
|A_206_val       |   in|   32|     ap_none|      A_206_val|        scalar|
|A_207_val       |   in|   32|     ap_none|      A_207_val|        scalar|
|A_208_val       |   in|   32|     ap_none|      A_208_val|        scalar|
|A_209_val       |   in|   32|     ap_none|      A_209_val|        scalar|
|A_210_val       |   in|   32|     ap_none|      A_210_val|        scalar|
|A_211_val       |   in|   32|     ap_none|      A_211_val|        scalar|
|A_212_val       |   in|   32|     ap_none|      A_212_val|        scalar|
|A_213_val       |   in|   32|     ap_none|      A_213_val|        scalar|
|A_214_val       |   in|   32|     ap_none|      A_214_val|        scalar|
|A_215_val       |   in|   32|     ap_none|      A_215_val|        scalar|
|A_216_val       |   in|   32|     ap_none|      A_216_val|        scalar|
|A_217_val       |   in|   32|     ap_none|      A_217_val|        scalar|
|A_218_val       |   in|   32|     ap_none|      A_218_val|        scalar|
|A_219_val       |   in|   32|     ap_none|      A_219_val|        scalar|
|A_220_val       |   in|   32|     ap_none|      A_220_val|        scalar|
|A_221_val       |   in|   32|     ap_none|      A_221_val|        scalar|
|A_222_val       |   in|   32|     ap_none|      A_222_val|        scalar|
|A_223_val       |   in|   32|     ap_none|      A_223_val|        scalar|
|A_224_val       |   in|   32|     ap_none|      A_224_val|        scalar|
|A_225_val       |   in|   32|     ap_none|      A_225_val|        scalar|
|A_226_val       |   in|   32|     ap_none|      A_226_val|        scalar|
|A_227_val       |   in|   32|     ap_none|      A_227_val|        scalar|
|A_228_val       |   in|   32|     ap_none|      A_228_val|        scalar|
|A_229_val       |   in|   32|     ap_none|      A_229_val|        scalar|
|A_230_val       |   in|   32|     ap_none|      A_230_val|        scalar|
|A_231_val       |   in|   32|     ap_none|      A_231_val|        scalar|
|A_232_val       |   in|   32|     ap_none|      A_232_val|        scalar|
|A_233_val       |   in|   32|     ap_none|      A_233_val|        scalar|
|A_234_val       |   in|   32|     ap_none|      A_234_val|        scalar|
|A_235_val       |   in|   32|     ap_none|      A_235_val|        scalar|
|A_236_val       |   in|   32|     ap_none|      A_236_val|        scalar|
|A_237_val       |   in|   32|     ap_none|      A_237_val|        scalar|
|A_238_val       |   in|   32|     ap_none|      A_238_val|        scalar|
|A_239_val       |   in|   32|     ap_none|      A_239_val|        scalar|
|A_240_val       |   in|   32|     ap_none|      A_240_val|        scalar|
|A_241_val       |   in|   32|     ap_none|      A_241_val|        scalar|
|A_242_val       |   in|   32|     ap_none|      A_242_val|        scalar|
|A_243_val       |   in|   32|     ap_none|      A_243_val|        scalar|
|A_244_val       |   in|   32|     ap_none|      A_244_val|        scalar|
|A_245_val       |   in|   32|     ap_none|      A_245_val|        scalar|
|A_246_val       |   in|   32|     ap_none|      A_246_val|        scalar|
|A_247_val       |   in|   32|     ap_none|      A_247_val|        scalar|
|A_248_val       |   in|   32|     ap_none|      A_248_val|        scalar|
|A_249_val       |   in|   32|     ap_none|      A_249_val|        scalar|
|A_250_val       |   in|   32|     ap_none|      A_250_val|        scalar|
|A_251_val       |   in|   32|     ap_none|      A_251_val|        scalar|
|A_252_val       |   in|   32|     ap_none|      A_252_val|        scalar|
|A_253_val       |   in|   32|     ap_none|      A_253_val|        scalar|
|A_254_val       |   in|   32|     ap_none|      A_254_val|        scalar|
|A_255_val       |   in|   32|     ap_none|      A_255_val|        scalar|
|A_256_val       |   in|   32|     ap_none|      A_256_val|        scalar|
|A_257_val       |   in|   32|     ap_none|      A_257_val|        scalar|
|A_258_val       |   in|   32|     ap_none|      A_258_val|        scalar|
|A_259_val       |   in|   32|     ap_none|      A_259_val|        scalar|
|A_260_val       |   in|   32|     ap_none|      A_260_val|        scalar|
|A_261_val       |   in|   32|     ap_none|      A_261_val|        scalar|
|A_262_val       |   in|   32|     ap_none|      A_262_val|        scalar|
|A_263_val       |   in|   32|     ap_none|      A_263_val|        scalar|
|A_264_val       |   in|   32|     ap_none|      A_264_val|        scalar|
|A_265_val       |   in|   32|     ap_none|      A_265_val|        scalar|
|A_266_val       |   in|   32|     ap_none|      A_266_val|        scalar|
|A_267_val       |   in|   32|     ap_none|      A_267_val|        scalar|
|A_268_val       |   in|   32|     ap_none|      A_268_val|        scalar|
|A_269_val       |   in|   32|     ap_none|      A_269_val|        scalar|
|A_270_val       |   in|   32|     ap_none|      A_270_val|        scalar|
|A_271_val       |   in|   32|     ap_none|      A_271_val|        scalar|
|A_272_val       |   in|   32|     ap_none|      A_272_val|        scalar|
|A_273_val       |   in|   32|     ap_none|      A_273_val|        scalar|
|A_274_val       |   in|   32|     ap_none|      A_274_val|        scalar|
|A_275_val       |   in|   32|     ap_none|      A_275_val|        scalar|
|A_276_val       |   in|   32|     ap_none|      A_276_val|        scalar|
|A_277_val       |   in|   32|     ap_none|      A_277_val|        scalar|
|A_278_val       |   in|   32|     ap_none|      A_278_val|        scalar|
|A_279_val       |   in|   32|     ap_none|      A_279_val|        scalar|
|A_280_val       |   in|   32|     ap_none|      A_280_val|        scalar|
|A_281_val       |   in|   32|     ap_none|      A_281_val|        scalar|
|A_282_val       |   in|   32|     ap_none|      A_282_val|        scalar|
|A_283_val       |   in|   32|     ap_none|      A_283_val|        scalar|
|A_284_val       |   in|   32|     ap_none|      A_284_val|        scalar|
|A_285_val       |   in|   32|     ap_none|      A_285_val|        scalar|
|A_286_val       |   in|   32|     ap_none|      A_286_val|        scalar|
|A_287_val       |   in|   32|     ap_none|      A_287_val|        scalar|
|A_288_val       |   in|   32|     ap_none|      A_288_val|        scalar|
|A_289_val       |   in|   32|     ap_none|      A_289_val|        scalar|
|A_290_val       |   in|   32|     ap_none|      A_290_val|        scalar|
|A_291_val       |   in|   32|     ap_none|      A_291_val|        scalar|
|A_292_val       |   in|   32|     ap_none|      A_292_val|        scalar|
|A_293_val       |   in|   32|     ap_none|      A_293_val|        scalar|
|A_294_val       |   in|   32|     ap_none|      A_294_val|        scalar|
|A_295_val       |   in|   32|     ap_none|      A_295_val|        scalar|
|A_296_val       |   in|   32|     ap_none|      A_296_val|        scalar|
|A_297_val       |   in|   32|     ap_none|      A_297_val|        scalar|
|A_298_val       |   in|   32|     ap_none|      A_298_val|        scalar|
|A_299_val       |   in|   32|     ap_none|      A_299_val|        scalar|
|A_300_val       |   in|   32|     ap_none|      A_300_val|        scalar|
|A_301_val       |   in|   32|     ap_none|      A_301_val|        scalar|
|A_302_val       |   in|   32|     ap_none|      A_302_val|        scalar|
|A_303_val       |   in|   32|     ap_none|      A_303_val|        scalar|
|A_304_val       |   in|   32|     ap_none|      A_304_val|        scalar|
|A_305_val       |   in|   32|     ap_none|      A_305_val|        scalar|
|A_306_val       |   in|   32|     ap_none|      A_306_val|        scalar|
|A_307_val       |   in|   32|     ap_none|      A_307_val|        scalar|
|A_308_val       |   in|   32|     ap_none|      A_308_val|        scalar|
|A_309_val       |   in|   32|     ap_none|      A_309_val|        scalar|
|A_310_val       |   in|   32|     ap_none|      A_310_val|        scalar|
|A_311_val       |   in|   32|     ap_none|      A_311_val|        scalar|
|A_312_val       |   in|   32|     ap_none|      A_312_val|        scalar|
|A_313_val       |   in|   32|     ap_none|      A_313_val|        scalar|
|A_314_val       |   in|   32|     ap_none|      A_314_val|        scalar|
|A_315_val       |   in|   32|     ap_none|      A_315_val|        scalar|
|A_316_val       |   in|   32|     ap_none|      A_316_val|        scalar|
|A_317_val       |   in|   32|     ap_none|      A_317_val|        scalar|
|A_318_val       |   in|   32|     ap_none|      A_318_val|        scalar|
|A_319_val       |   in|   32|     ap_none|      A_319_val|        scalar|
|A_320_val       |   in|   32|     ap_none|      A_320_val|        scalar|
|A_321_val       |   in|   32|     ap_none|      A_321_val|        scalar|
|A_322_val       |   in|   32|     ap_none|      A_322_val|        scalar|
|A_323_val       |   in|   32|     ap_none|      A_323_val|        scalar|
|A_324_val       |   in|   32|     ap_none|      A_324_val|        scalar|
|A_325_val       |   in|   32|     ap_none|      A_325_val|        scalar|
|A_326_val       |   in|   32|     ap_none|      A_326_val|        scalar|
|A_327_val       |   in|   32|     ap_none|      A_327_val|        scalar|
|A_328_val       |   in|   32|     ap_none|      A_328_val|        scalar|
|A_329_val       |   in|   32|     ap_none|      A_329_val|        scalar|
|A_330_val       |   in|   32|     ap_none|      A_330_val|        scalar|
|A_331_val       |   in|   32|     ap_none|      A_331_val|        scalar|
|A_332_val       |   in|   32|     ap_none|      A_332_val|        scalar|
|A_333_val       |   in|   32|     ap_none|      A_333_val|        scalar|
|A_334_val       |   in|   32|     ap_none|      A_334_val|        scalar|
|A_335_val       |   in|   32|     ap_none|      A_335_val|        scalar|
|A_336_val       |   in|   32|     ap_none|      A_336_val|        scalar|
|A_337_val       |   in|   32|     ap_none|      A_337_val|        scalar|
|A_338_val       |   in|   32|     ap_none|      A_338_val|        scalar|
|A_339_val       |   in|   32|     ap_none|      A_339_val|        scalar|
|A_340_val       |   in|   32|     ap_none|      A_340_val|        scalar|
|A_341_val       |   in|   32|     ap_none|      A_341_val|        scalar|
|A_342_val       |   in|   32|     ap_none|      A_342_val|        scalar|
|A_343_val       |   in|   32|     ap_none|      A_343_val|        scalar|
|A_344_val       |   in|   32|     ap_none|      A_344_val|        scalar|
|A_345_val       |   in|   32|     ap_none|      A_345_val|        scalar|
|A_346_val       |   in|   32|     ap_none|      A_346_val|        scalar|
|A_347_val       |   in|   32|     ap_none|      A_347_val|        scalar|
|A_348_val       |   in|   32|     ap_none|      A_348_val|        scalar|
|A_349_val       |   in|   32|     ap_none|      A_349_val|        scalar|
|A_350_val       |   in|   32|     ap_none|      A_350_val|        scalar|
|A_351_val       |   in|   32|     ap_none|      A_351_val|        scalar|
|A_352_val       |   in|   32|     ap_none|      A_352_val|        scalar|
|A_353_val       |   in|   32|     ap_none|      A_353_val|        scalar|
|A_354_val       |   in|   32|     ap_none|      A_354_val|        scalar|
|A_355_val       |   in|   32|     ap_none|      A_355_val|        scalar|
|A_356_val       |   in|   32|     ap_none|      A_356_val|        scalar|
|A_357_val       |   in|   32|     ap_none|      A_357_val|        scalar|
|A_358_val       |   in|   32|     ap_none|      A_358_val|        scalar|
|A_359_val       |   in|   32|     ap_none|      A_359_val|        scalar|
|A_360_val       |   in|   32|     ap_none|      A_360_val|        scalar|
|A_361_val       |   in|   32|     ap_none|      A_361_val|        scalar|
|A_362_val       |   in|   32|     ap_none|      A_362_val|        scalar|
|A_363_val       |   in|   32|     ap_none|      A_363_val|        scalar|
|A_364_val       |   in|   32|     ap_none|      A_364_val|        scalar|
|A_365_val       |   in|   32|     ap_none|      A_365_val|        scalar|
|A_366_val       |   in|   32|     ap_none|      A_366_val|        scalar|
|A_367_val       |   in|   32|     ap_none|      A_367_val|        scalar|
|A_368_val       |   in|   32|     ap_none|      A_368_val|        scalar|
|A_369_val       |   in|   32|     ap_none|      A_369_val|        scalar|
|A_370_val       |   in|   32|     ap_none|      A_370_val|        scalar|
|A_371_val       |   in|   32|     ap_none|      A_371_val|        scalar|
|A_372_val       |   in|   32|     ap_none|      A_372_val|        scalar|
|A_373_val       |   in|   32|     ap_none|      A_373_val|        scalar|
|A_374_val       |   in|   32|     ap_none|      A_374_val|        scalar|
|A_375_val       |   in|   32|     ap_none|      A_375_val|        scalar|
|A_376_val       |   in|   32|     ap_none|      A_376_val|        scalar|
|A_377_val       |   in|   32|     ap_none|      A_377_val|        scalar|
|A_378_val       |   in|   32|     ap_none|      A_378_val|        scalar|
|A_379_val       |   in|   32|     ap_none|      A_379_val|        scalar|
|A_380_val       |   in|   32|     ap_none|      A_380_val|        scalar|
|A_381_val       |   in|   32|     ap_none|      A_381_val|        scalar|
|A_382_val       |   in|   32|     ap_none|      A_382_val|        scalar|
|A_383_val       |   in|   32|     ap_none|      A_383_val|        scalar|
|A_384_val       |   in|   32|     ap_none|      A_384_val|        scalar|
|A_385_val       |   in|   32|     ap_none|      A_385_val|        scalar|
|A_386_val       |   in|   32|     ap_none|      A_386_val|        scalar|
|A_387_val       |   in|   32|     ap_none|      A_387_val|        scalar|
|A_388_val       |   in|   32|     ap_none|      A_388_val|        scalar|
|A_389_val       |   in|   32|     ap_none|      A_389_val|        scalar|
|A_390_val       |   in|   32|     ap_none|      A_390_val|        scalar|
|A_391_val       |   in|   32|     ap_none|      A_391_val|        scalar|
|A_392_val       |   in|   32|     ap_none|      A_392_val|        scalar|
|A_393_val       |   in|   32|     ap_none|      A_393_val|        scalar|
|A_394_val       |   in|   32|     ap_none|      A_394_val|        scalar|
|A_395_val       |   in|   32|     ap_none|      A_395_val|        scalar|
|A_396_val       |   in|   32|     ap_none|      A_396_val|        scalar|
|A_397_val       |   in|   32|     ap_none|      A_397_val|        scalar|
|A_398_val       |   in|   32|     ap_none|      A_398_val|        scalar|
|A_399_val       |   in|   32|     ap_none|      A_399_val|        scalar|
|A_400_val       |   in|   32|     ap_none|      A_400_val|        scalar|
|A_401_val       |   in|   32|     ap_none|      A_401_val|        scalar|
|A_402_val       |   in|   32|     ap_none|      A_402_val|        scalar|
|A_403_val       |   in|   32|     ap_none|      A_403_val|        scalar|
|A_404_val       |   in|   32|     ap_none|      A_404_val|        scalar|
|A_405_val       |   in|   32|     ap_none|      A_405_val|        scalar|
|A_406_val       |   in|   32|     ap_none|      A_406_val|        scalar|
|A_407_val       |   in|   32|     ap_none|      A_407_val|        scalar|
|A_408_val       |   in|   32|     ap_none|      A_408_val|        scalar|
|A_409_val       |   in|   32|     ap_none|      A_409_val|        scalar|
|A_410_val       |   in|   32|     ap_none|      A_410_val|        scalar|
|A_411_val       |   in|   32|     ap_none|      A_411_val|        scalar|
|A_412_val       |   in|   32|     ap_none|      A_412_val|        scalar|
|A_413_val       |   in|   32|     ap_none|      A_413_val|        scalar|
|A_414_val       |   in|   32|     ap_none|      A_414_val|        scalar|
|A_415_val       |   in|   32|     ap_none|      A_415_val|        scalar|
|A_416_val       |   in|   32|     ap_none|      A_416_val|        scalar|
|A_417_val       |   in|   32|     ap_none|      A_417_val|        scalar|
|A_418_val       |   in|   32|     ap_none|      A_418_val|        scalar|
|A_419_val       |   in|   32|     ap_none|      A_419_val|        scalar|
|A_420_val       |   in|   32|     ap_none|      A_420_val|        scalar|
|A_421_val       |   in|   32|     ap_none|      A_421_val|        scalar|
|A_422_val       |   in|   32|     ap_none|      A_422_val|        scalar|
|A_423_val       |   in|   32|     ap_none|      A_423_val|        scalar|
|A_424_val       |   in|   32|     ap_none|      A_424_val|        scalar|
|A_425_val       |   in|   32|     ap_none|      A_425_val|        scalar|
|A_426_val       |   in|   32|     ap_none|      A_426_val|        scalar|
|A_427_val       |   in|   32|     ap_none|      A_427_val|        scalar|
|A_428_val       |   in|   32|     ap_none|      A_428_val|        scalar|
|A_429_val       |   in|   32|     ap_none|      A_429_val|        scalar|
|A_430_val       |   in|   32|     ap_none|      A_430_val|        scalar|
|A_431_val       |   in|   32|     ap_none|      A_431_val|        scalar|
|A_432_val       |   in|   32|     ap_none|      A_432_val|        scalar|
|A_433_val       |   in|   32|     ap_none|      A_433_val|        scalar|
|A_434_val       |   in|   32|     ap_none|      A_434_val|        scalar|
|A_435_val       |   in|   32|     ap_none|      A_435_val|        scalar|
|A_436_val       |   in|   32|     ap_none|      A_436_val|        scalar|
|A_437_val       |   in|   32|     ap_none|      A_437_val|        scalar|
|A_438_val       |   in|   32|     ap_none|      A_438_val|        scalar|
|A_439_val       |   in|   32|     ap_none|      A_439_val|        scalar|
|A_440_val       |   in|   32|     ap_none|      A_440_val|        scalar|
|A_441_val       |   in|   32|     ap_none|      A_441_val|        scalar|
|A_442_val       |   in|   32|     ap_none|      A_442_val|        scalar|
|A_443_val       |   in|   32|     ap_none|      A_443_val|        scalar|
|A_444_val       |   in|   32|     ap_none|      A_444_val|        scalar|
|A_445_val       |   in|   32|     ap_none|      A_445_val|        scalar|
|A_446_val       |   in|   32|     ap_none|      A_446_val|        scalar|
|A_447_val       |   in|   32|     ap_none|      A_447_val|        scalar|
|A_448_val       |   in|   32|     ap_none|      A_448_val|        scalar|
|A_449_val       |   in|   32|     ap_none|      A_449_val|        scalar|
|A_450_val       |   in|   32|     ap_none|      A_450_val|        scalar|
|A_451_val       |   in|   32|     ap_none|      A_451_val|        scalar|
|A_452_val       |   in|   32|     ap_none|      A_452_val|        scalar|
|A_453_val       |   in|   32|     ap_none|      A_453_val|        scalar|
|A_454_val       |   in|   32|     ap_none|      A_454_val|        scalar|
|A_455_val       |   in|   32|     ap_none|      A_455_val|        scalar|
|A_456_val       |   in|   32|     ap_none|      A_456_val|        scalar|
|A_457_val       |   in|   32|     ap_none|      A_457_val|        scalar|
|A_458_val       |   in|   32|     ap_none|      A_458_val|        scalar|
|A_459_val       |   in|   32|     ap_none|      A_459_val|        scalar|
|A_460_val       |   in|   32|     ap_none|      A_460_val|        scalar|
|A_461_val       |   in|   32|     ap_none|      A_461_val|        scalar|
|A_462_val       |   in|   32|     ap_none|      A_462_val|        scalar|
|A_463_val       |   in|   32|     ap_none|      A_463_val|        scalar|
|A_464_val       |   in|   32|     ap_none|      A_464_val|        scalar|
|A_465_val       |   in|   32|     ap_none|      A_465_val|        scalar|
|A_466_val       |   in|   32|     ap_none|      A_466_val|        scalar|
|A_467_val       |   in|   32|     ap_none|      A_467_val|        scalar|
|A_468_val       |   in|   32|     ap_none|      A_468_val|        scalar|
|A_469_val       |   in|   32|     ap_none|      A_469_val|        scalar|
|A_470_val       |   in|   32|     ap_none|      A_470_val|        scalar|
|A_471_val       |   in|   32|     ap_none|      A_471_val|        scalar|
|A_472_val       |   in|   32|     ap_none|      A_472_val|        scalar|
|A_473_val       |   in|   32|     ap_none|      A_473_val|        scalar|
|A_474_val       |   in|   32|     ap_none|      A_474_val|        scalar|
|A_475_val       |   in|   32|     ap_none|      A_475_val|        scalar|
|A_476_val       |   in|   32|     ap_none|      A_476_val|        scalar|
|A_477_val       |   in|   32|     ap_none|      A_477_val|        scalar|
|A_478_val       |   in|   32|     ap_none|      A_478_val|        scalar|
|A_479_val       |   in|   32|     ap_none|      A_479_val|        scalar|
|A_480_val       |   in|   32|     ap_none|      A_480_val|        scalar|
|A_481_val       |   in|   32|     ap_none|      A_481_val|        scalar|
|A_482_val       |   in|   32|     ap_none|      A_482_val|        scalar|
|A_483_val       |   in|   32|     ap_none|      A_483_val|        scalar|
|A_484_val       |   in|   32|     ap_none|      A_484_val|        scalar|
|A_485_val       |   in|   32|     ap_none|      A_485_val|        scalar|
|A_486_val       |   in|   32|     ap_none|      A_486_val|        scalar|
|A_487_val       |   in|   32|     ap_none|      A_487_val|        scalar|
|A_488_val       |   in|   32|     ap_none|      A_488_val|        scalar|
|A_489_val       |   in|   32|     ap_none|      A_489_val|        scalar|
|A_490_val       |   in|   32|     ap_none|      A_490_val|        scalar|
|A_491_val       |   in|   32|     ap_none|      A_491_val|        scalar|
|A_492_val       |   in|   32|     ap_none|      A_492_val|        scalar|
|A_493_val       |   in|   32|     ap_none|      A_493_val|        scalar|
|A_494_val       |   in|   32|     ap_none|      A_494_val|        scalar|
|A_495_val       |   in|   32|     ap_none|      A_495_val|        scalar|
|A_496_val       |   in|   32|     ap_none|      A_496_val|        scalar|
|A_497_val       |   in|   32|     ap_none|      A_497_val|        scalar|
|A_498_val       |   in|   32|     ap_none|      A_498_val|        scalar|
|A_499_val       |   in|   32|     ap_none|      A_499_val|        scalar|
|A_500_val       |   in|   32|     ap_none|      A_500_val|        scalar|
|A_501_val       |   in|   32|     ap_none|      A_501_val|        scalar|
|A_502_val       |   in|   32|     ap_none|      A_502_val|        scalar|
|A_503_val       |   in|   32|     ap_none|      A_503_val|        scalar|
|A_504_val       |   in|   32|     ap_none|      A_504_val|        scalar|
|A_505_val       |   in|   32|     ap_none|      A_505_val|        scalar|
|A_506_val       |   in|   32|     ap_none|      A_506_val|        scalar|
|A_507_val       |   in|   32|     ap_none|      A_507_val|        scalar|
|A_508_val       |   in|   32|     ap_none|      A_508_val|        scalar|
|A_509_val       |   in|   32|     ap_none|      A_509_val|        scalar|
|A_510_val       |   in|   32|     ap_none|      A_510_val|        scalar|
|A_511_val       |   in|   32|     ap_none|      A_511_val|        scalar|
|A_512_val       |   in|   32|     ap_none|      A_512_val|        scalar|
|A_513_val       |   in|   32|     ap_none|      A_513_val|        scalar|
|A_514_val       |   in|   32|     ap_none|      A_514_val|        scalar|
|A_515_val       |   in|   32|     ap_none|      A_515_val|        scalar|
|A_516_val       |   in|   32|     ap_none|      A_516_val|        scalar|
|A_517_val       |   in|   32|     ap_none|      A_517_val|        scalar|
|A_518_val       |   in|   32|     ap_none|      A_518_val|        scalar|
|A_519_val       |   in|   32|     ap_none|      A_519_val|        scalar|
|A_520_val       |   in|   32|     ap_none|      A_520_val|        scalar|
|A_521_val       |   in|   32|     ap_none|      A_521_val|        scalar|
|A_522_val       |   in|   32|     ap_none|      A_522_val|        scalar|
|A_523_val       |   in|   32|     ap_none|      A_523_val|        scalar|
|A_524_val       |   in|   32|     ap_none|      A_524_val|        scalar|
|A_525_val       |   in|   32|     ap_none|      A_525_val|        scalar|
|A_526_val       |   in|   32|     ap_none|      A_526_val|        scalar|
|A_527_val       |   in|   32|     ap_none|      A_527_val|        scalar|
|A_528_val       |   in|   32|     ap_none|      A_528_val|        scalar|
|A_529_val       |   in|   32|     ap_none|      A_529_val|        scalar|
|A_530_val       |   in|   32|     ap_none|      A_530_val|        scalar|
|A_531_val       |   in|   32|     ap_none|      A_531_val|        scalar|
|A_532_val       |   in|   32|     ap_none|      A_532_val|        scalar|
|A_533_val       |   in|   32|     ap_none|      A_533_val|        scalar|
|A_534_val       |   in|   32|     ap_none|      A_534_val|        scalar|
|A_535_val       |   in|   32|     ap_none|      A_535_val|        scalar|
|A_536_val       |   in|   32|     ap_none|      A_536_val|        scalar|
|A_537_val       |   in|   32|     ap_none|      A_537_val|        scalar|
|A_538_val       |   in|   32|     ap_none|      A_538_val|        scalar|
|A_539_val       |   in|   32|     ap_none|      A_539_val|        scalar|
|A_540_val       |   in|   32|     ap_none|      A_540_val|        scalar|
|A_541_val       |   in|   32|     ap_none|      A_541_val|        scalar|
|A_542_val       |   in|   32|     ap_none|      A_542_val|        scalar|
|A_543_val       |   in|   32|     ap_none|      A_543_val|        scalar|
|A_544_val       |   in|   32|     ap_none|      A_544_val|        scalar|
|A_545_val       |   in|   32|     ap_none|      A_545_val|        scalar|
|A_546_val       |   in|   32|     ap_none|      A_546_val|        scalar|
|A_547_val       |   in|   32|     ap_none|      A_547_val|        scalar|
|A_548_val       |   in|   32|     ap_none|      A_548_val|        scalar|
|A_549_val       |   in|   32|     ap_none|      A_549_val|        scalar|
|A_550_val       |   in|   32|     ap_none|      A_550_val|        scalar|
|A_551_val       |   in|   32|     ap_none|      A_551_val|        scalar|
|A_552_val       |   in|   32|     ap_none|      A_552_val|        scalar|
|A_553_val       |   in|   32|     ap_none|      A_553_val|        scalar|
|A_554_val       |   in|   32|     ap_none|      A_554_val|        scalar|
|A_555_val       |   in|   32|     ap_none|      A_555_val|        scalar|
|A_556_val       |   in|   32|     ap_none|      A_556_val|        scalar|
|A_557_val       |   in|   32|     ap_none|      A_557_val|        scalar|
|A_558_val       |   in|   32|     ap_none|      A_558_val|        scalar|
|A_559_val       |   in|   32|     ap_none|      A_559_val|        scalar|
|A_560_val       |   in|   32|     ap_none|      A_560_val|        scalar|
|A_561_val       |   in|   32|     ap_none|      A_561_val|        scalar|
|A_562_val       |   in|   32|     ap_none|      A_562_val|        scalar|
|A_563_val       |   in|   32|     ap_none|      A_563_val|        scalar|
|A_564_val       |   in|   32|     ap_none|      A_564_val|        scalar|
|A_565_val       |   in|   32|     ap_none|      A_565_val|        scalar|
|A_566_val       |   in|   32|     ap_none|      A_566_val|        scalar|
|A_567_val       |   in|   32|     ap_none|      A_567_val|        scalar|
|A_568_val       |   in|   32|     ap_none|      A_568_val|        scalar|
|A_569_val       |   in|   32|     ap_none|      A_569_val|        scalar|
|A_570_val       |   in|   32|     ap_none|      A_570_val|        scalar|
|A_571_val       |   in|   32|     ap_none|      A_571_val|        scalar|
|A_572_val       |   in|   32|     ap_none|      A_572_val|        scalar|
|A_573_val       |   in|   32|     ap_none|      A_573_val|        scalar|
|A_574_val       |   in|   32|     ap_none|      A_574_val|        scalar|
|A_575_val       |   in|   32|     ap_none|      A_575_val|        scalar|
|A_576_val       |   in|   32|     ap_none|      A_576_val|        scalar|
|A_577_val       |   in|   32|     ap_none|      A_577_val|        scalar|
|A_578_val       |   in|   32|     ap_none|      A_578_val|        scalar|
|A_579_val       |   in|   32|     ap_none|      A_579_val|        scalar|
|A_580_val       |   in|   32|     ap_none|      A_580_val|        scalar|
|A_581_val       |   in|   32|     ap_none|      A_581_val|        scalar|
|A_582_val       |   in|   32|     ap_none|      A_582_val|        scalar|
|A_583_val       |   in|   32|     ap_none|      A_583_val|        scalar|
|A_584_val       |   in|   32|     ap_none|      A_584_val|        scalar|
|A_585_val       |   in|   32|     ap_none|      A_585_val|        scalar|
|A_586_val       |   in|   32|     ap_none|      A_586_val|        scalar|
|A_587_val       |   in|   32|     ap_none|      A_587_val|        scalar|
|A_588_val       |   in|   32|     ap_none|      A_588_val|        scalar|
|A_589_val       |   in|   32|     ap_none|      A_589_val|        scalar|
|A_590_val       |   in|   32|     ap_none|      A_590_val|        scalar|
|A_591_val       |   in|   32|     ap_none|      A_591_val|        scalar|
|A_592_val       |   in|   32|     ap_none|      A_592_val|        scalar|
|A_593_val       |   in|   32|     ap_none|      A_593_val|        scalar|
|A_594_val       |   in|   32|     ap_none|      A_594_val|        scalar|
|A_595_val       |   in|   32|     ap_none|      A_595_val|        scalar|
|A_596_val       |   in|   32|     ap_none|      A_596_val|        scalar|
|A_597_val       |   in|   32|     ap_none|      A_597_val|        scalar|
|A_598_val       |   in|   32|     ap_none|      A_598_val|        scalar|
|A_599_val       |   in|   32|     ap_none|      A_599_val|        scalar|
|A_600_val       |   in|   32|     ap_none|      A_600_val|        scalar|
|A_601_val       |   in|   32|     ap_none|      A_601_val|        scalar|
|A_602_val       |   in|   32|     ap_none|      A_602_val|        scalar|
|A_603_val       |   in|   32|     ap_none|      A_603_val|        scalar|
|A_604_val       |   in|   32|     ap_none|      A_604_val|        scalar|
|A_605_val       |   in|   32|     ap_none|      A_605_val|        scalar|
|A_606_val       |   in|   32|     ap_none|      A_606_val|        scalar|
|A_607_val       |   in|   32|     ap_none|      A_607_val|        scalar|
|A_608_val       |   in|   32|     ap_none|      A_608_val|        scalar|
|A_609_val       |   in|   32|     ap_none|      A_609_val|        scalar|
|A_610_val       |   in|   32|     ap_none|      A_610_val|        scalar|
|A_611_val       |   in|   32|     ap_none|      A_611_val|        scalar|
|A_612_val       |   in|   32|     ap_none|      A_612_val|        scalar|
|A_613_val       |   in|   32|     ap_none|      A_613_val|        scalar|
|A_614_val       |   in|   32|     ap_none|      A_614_val|        scalar|
|A_615_val       |   in|   32|     ap_none|      A_615_val|        scalar|
|A_616_val       |   in|   32|     ap_none|      A_616_val|        scalar|
|A_617_val       |   in|   32|     ap_none|      A_617_val|        scalar|
|A_618_val       |   in|   32|     ap_none|      A_618_val|        scalar|
|A_619_val       |   in|   32|     ap_none|      A_619_val|        scalar|
|A_620_val       |   in|   32|     ap_none|      A_620_val|        scalar|
|A_621_val       |   in|   32|     ap_none|      A_621_val|        scalar|
|A_622_val       |   in|   32|     ap_none|      A_622_val|        scalar|
|A_623_val       |   in|   32|     ap_none|      A_623_val|        scalar|
|A_624_val       |   in|   32|     ap_none|      A_624_val|        scalar|
|A_625_val       |   in|   32|     ap_none|      A_625_val|        scalar|
|A_626_val       |   in|   32|     ap_none|      A_626_val|        scalar|
|A_627_val       |   in|   32|     ap_none|      A_627_val|        scalar|
|A_628_val       |   in|   32|     ap_none|      A_628_val|        scalar|
|A_629_val       |   in|   32|     ap_none|      A_629_val|        scalar|
|A_630_val       |   in|   32|     ap_none|      A_630_val|        scalar|
|A_631_val       |   in|   32|     ap_none|      A_631_val|        scalar|
|A_632_val       |   in|   32|     ap_none|      A_632_val|        scalar|
|A_633_val       |   in|   32|     ap_none|      A_633_val|        scalar|
|A_634_val       |   in|   32|     ap_none|      A_634_val|        scalar|
|A_635_val       |   in|   32|     ap_none|      A_635_val|        scalar|
|A_636_val       |   in|   32|     ap_none|      A_636_val|        scalar|
|A_637_val       |   in|   32|     ap_none|      A_637_val|        scalar|
|A_638_val       |   in|   32|     ap_none|      A_638_val|        scalar|
|A_639_val       |   in|   32|     ap_none|      A_639_val|        scalar|
|A_640_val       |   in|   32|     ap_none|      A_640_val|        scalar|
|A_641_val       |   in|   32|     ap_none|      A_641_val|        scalar|
|A_642_val       |   in|   32|     ap_none|      A_642_val|        scalar|
|A_643_val       |   in|   32|     ap_none|      A_643_val|        scalar|
|A_644_val       |   in|   32|     ap_none|      A_644_val|        scalar|
|A_645_val       |   in|   32|     ap_none|      A_645_val|        scalar|
|A_646_val       |   in|   32|     ap_none|      A_646_val|        scalar|
|A_647_val       |   in|   32|     ap_none|      A_647_val|        scalar|
|A_648_val       |   in|   32|     ap_none|      A_648_val|        scalar|
|A_649_val       |   in|   32|     ap_none|      A_649_val|        scalar|
|A_650_val       |   in|   32|     ap_none|      A_650_val|        scalar|
|A_651_val       |   in|   32|     ap_none|      A_651_val|        scalar|
|A_652_val       |   in|   32|     ap_none|      A_652_val|        scalar|
|A_653_val       |   in|   32|     ap_none|      A_653_val|        scalar|
|A_654_val       |   in|   32|     ap_none|      A_654_val|        scalar|
|A_655_val       |   in|   32|     ap_none|      A_655_val|        scalar|
|A_656_val       |   in|   32|     ap_none|      A_656_val|        scalar|
|A_657_val       |   in|   32|     ap_none|      A_657_val|        scalar|
|A_658_val       |   in|   32|     ap_none|      A_658_val|        scalar|
|A_659_val       |   in|   32|     ap_none|      A_659_val|        scalar|
|A_660_val       |   in|   32|     ap_none|      A_660_val|        scalar|
|A_661_val       |   in|   32|     ap_none|      A_661_val|        scalar|
|A_662_val       |   in|   32|     ap_none|      A_662_val|        scalar|
|A_663_val       |   in|   32|     ap_none|      A_663_val|        scalar|
|A_664_val       |   in|   32|     ap_none|      A_664_val|        scalar|
|A_665_val       |   in|   32|     ap_none|      A_665_val|        scalar|
|A_666_val       |   in|   32|     ap_none|      A_666_val|        scalar|
|A_667_val       |   in|   32|     ap_none|      A_667_val|        scalar|
|A_668_val       |   in|   32|     ap_none|      A_668_val|        scalar|
|A_669_val       |   in|   32|     ap_none|      A_669_val|        scalar|
|A_670_val       |   in|   32|     ap_none|      A_670_val|        scalar|
|A_671_val       |   in|   32|     ap_none|      A_671_val|        scalar|
|A_672_val       |   in|   32|     ap_none|      A_672_val|        scalar|
|A_673_val       |   in|   32|     ap_none|      A_673_val|        scalar|
|A_674_val       |   in|   32|     ap_none|      A_674_val|        scalar|
|A_675_val       |   in|   32|     ap_none|      A_675_val|        scalar|
|A_676_val       |   in|   32|     ap_none|      A_676_val|        scalar|
|A_677_val       |   in|   32|     ap_none|      A_677_val|        scalar|
|A_678_val       |   in|   32|     ap_none|      A_678_val|        scalar|
|A_679_val       |   in|   32|     ap_none|      A_679_val|        scalar|
|A_680_val       |   in|   32|     ap_none|      A_680_val|        scalar|
|A_681_val       |   in|   32|     ap_none|      A_681_val|        scalar|
|A_682_val       |   in|   32|     ap_none|      A_682_val|        scalar|
|A_683_val       |   in|   32|     ap_none|      A_683_val|        scalar|
|A_684_val       |   in|   32|     ap_none|      A_684_val|        scalar|
|A_685_val       |   in|   32|     ap_none|      A_685_val|        scalar|
|A_686_val       |   in|   32|     ap_none|      A_686_val|        scalar|
|A_687_val       |   in|   32|     ap_none|      A_687_val|        scalar|
|A_688_val       |   in|   32|     ap_none|      A_688_val|        scalar|
|A_689_val       |   in|   32|     ap_none|      A_689_val|        scalar|
|A_690_val       |   in|   32|     ap_none|      A_690_val|        scalar|
|A_691_val       |   in|   32|     ap_none|      A_691_val|        scalar|
|A_692_val       |   in|   32|     ap_none|      A_692_val|        scalar|
|A_693_val       |   in|   32|     ap_none|      A_693_val|        scalar|
|A_694_val       |   in|   32|     ap_none|      A_694_val|        scalar|
|A_695_val       |   in|   32|     ap_none|      A_695_val|        scalar|
|A_696_val       |   in|   32|     ap_none|      A_696_val|        scalar|
|A_697_val       |   in|   32|     ap_none|      A_697_val|        scalar|
|A_698_val       |   in|   32|     ap_none|      A_698_val|        scalar|
|A_699_val       |   in|   32|     ap_none|      A_699_val|        scalar|
|A_700_val       |   in|   32|     ap_none|      A_700_val|        scalar|
|A_701_val       |   in|   32|     ap_none|      A_701_val|        scalar|
|A_702_val       |   in|   32|     ap_none|      A_702_val|        scalar|
|A_703_val       |   in|   32|     ap_none|      A_703_val|        scalar|
|A_704_val       |   in|   32|     ap_none|      A_704_val|        scalar|
|A_705_val       |   in|   32|     ap_none|      A_705_val|        scalar|
|A_706_val       |   in|   32|     ap_none|      A_706_val|        scalar|
|A_707_val       |   in|   32|     ap_none|      A_707_val|        scalar|
|A_708_val       |   in|   32|     ap_none|      A_708_val|        scalar|
|A_709_val       |   in|   32|     ap_none|      A_709_val|        scalar|
|A_710_val       |   in|   32|     ap_none|      A_710_val|        scalar|
|A_711_val       |   in|   32|     ap_none|      A_711_val|        scalar|
|A_712_val       |   in|   32|     ap_none|      A_712_val|        scalar|
|A_713_val       |   in|   32|     ap_none|      A_713_val|        scalar|
|A_714_val       |   in|   32|     ap_none|      A_714_val|        scalar|
|A_715_val       |   in|   32|     ap_none|      A_715_val|        scalar|
|A_716_val       |   in|   32|     ap_none|      A_716_val|        scalar|
|A_717_val       |   in|   32|     ap_none|      A_717_val|        scalar|
|A_718_val       |   in|   32|     ap_none|      A_718_val|        scalar|
|A_719_val       |   in|   32|     ap_none|      A_719_val|        scalar|
|A_720_val       |   in|   32|     ap_none|      A_720_val|        scalar|
|A_721_val       |   in|   32|     ap_none|      A_721_val|        scalar|
|A_722_val       |   in|   32|     ap_none|      A_722_val|        scalar|
|A_723_val       |   in|   32|     ap_none|      A_723_val|        scalar|
|A_724_val       |   in|   32|     ap_none|      A_724_val|        scalar|
|A_725_val       |   in|   32|     ap_none|      A_725_val|        scalar|
|A_726_val       |   in|   32|     ap_none|      A_726_val|        scalar|
|A_727_val       |   in|   32|     ap_none|      A_727_val|        scalar|
|A_728_val       |   in|   32|     ap_none|      A_728_val|        scalar|
|A_729_val       |   in|   32|     ap_none|      A_729_val|        scalar|
|A_730_val       |   in|   32|     ap_none|      A_730_val|        scalar|
|A_731_val       |   in|   32|     ap_none|      A_731_val|        scalar|
|A_732_val       |   in|   32|     ap_none|      A_732_val|        scalar|
|A_733_val       |   in|   32|     ap_none|      A_733_val|        scalar|
|A_734_val       |   in|   32|     ap_none|      A_734_val|        scalar|
|A_735_val       |   in|   32|     ap_none|      A_735_val|        scalar|
|A_736_val       |   in|   32|     ap_none|      A_736_val|        scalar|
|A_737_val       |   in|   32|     ap_none|      A_737_val|        scalar|
|A_738_val       |   in|   32|     ap_none|      A_738_val|        scalar|
|A_739_val       |   in|   32|     ap_none|      A_739_val|        scalar|
|A_740_val       |   in|   32|     ap_none|      A_740_val|        scalar|
|A_741_val       |   in|   32|     ap_none|      A_741_val|        scalar|
|A_742_val       |   in|   32|     ap_none|      A_742_val|        scalar|
|A_743_val       |   in|   32|     ap_none|      A_743_val|        scalar|
|A_744_val       |   in|   32|     ap_none|      A_744_val|        scalar|
|A_745_val       |   in|   32|     ap_none|      A_745_val|        scalar|
|A_746_val       |   in|   32|     ap_none|      A_746_val|        scalar|
|A_747_val       |   in|   32|     ap_none|      A_747_val|        scalar|
|A_748_val       |   in|   32|     ap_none|      A_748_val|        scalar|
|A_749_val       |   in|   32|     ap_none|      A_749_val|        scalar|
|A_750_val       |   in|   32|     ap_none|      A_750_val|        scalar|
|A_751_val       |   in|   32|     ap_none|      A_751_val|        scalar|
|A_752_val       |   in|   32|     ap_none|      A_752_val|        scalar|
|A_753_val       |   in|   32|     ap_none|      A_753_val|        scalar|
|A_754_val       |   in|   32|     ap_none|      A_754_val|        scalar|
|A_755_val       |   in|   32|     ap_none|      A_755_val|        scalar|
|A_756_val       |   in|   32|     ap_none|      A_756_val|        scalar|
|A_757_val       |   in|   32|     ap_none|      A_757_val|        scalar|
|A_758_val       |   in|   32|     ap_none|      A_758_val|        scalar|
|A_759_val       |   in|   32|     ap_none|      A_759_val|        scalar|
|A_760_val       |   in|   32|     ap_none|      A_760_val|        scalar|
|A_761_val       |   in|   32|     ap_none|      A_761_val|        scalar|
|A_762_val       |   in|   32|     ap_none|      A_762_val|        scalar|
|A_763_val       |   in|   32|     ap_none|      A_763_val|        scalar|
|A_764_val       |   in|   32|     ap_none|      A_764_val|        scalar|
|A_765_val       |   in|   32|     ap_none|      A_765_val|        scalar|
|A_766_val       |   in|   32|     ap_none|      A_766_val|        scalar|
|A_767_val       |   in|   32|     ap_none|      A_767_val|        scalar|
|A_768_val       |   in|   32|     ap_none|      A_768_val|        scalar|
|A_769_val       |   in|   32|     ap_none|      A_769_val|        scalar|
|A_770_val       |   in|   32|     ap_none|      A_770_val|        scalar|
|A_771_val       |   in|   32|     ap_none|      A_771_val|        scalar|
|A_772_val       |   in|   32|     ap_none|      A_772_val|        scalar|
|A_773_val       |   in|   32|     ap_none|      A_773_val|        scalar|
|A_774_val       |   in|   32|     ap_none|      A_774_val|        scalar|
|A_775_val       |   in|   32|     ap_none|      A_775_val|        scalar|
|A_776_val       |   in|   32|     ap_none|      A_776_val|        scalar|
|A_777_val       |   in|   32|     ap_none|      A_777_val|        scalar|
|A_778_val       |   in|   32|     ap_none|      A_778_val|        scalar|
|A_779_val       |   in|   32|     ap_none|      A_779_val|        scalar|
|A_780_val       |   in|   32|     ap_none|      A_780_val|        scalar|
|A_781_val       |   in|   32|     ap_none|      A_781_val|        scalar|
|A_782_val       |   in|   32|     ap_none|      A_782_val|        scalar|
|A_783_val       |   in|   32|     ap_none|      A_783_val|        scalar|
|res_0_address0  |  out|    6|   ap_memory|          res_0|         array|
|res_0_ce0       |  out|    1|   ap_memory|          res_0|         array|
|res_0_we0       |  out|    1|   ap_memory|          res_0|         array|
|res_0_d0        |  out|   32|   ap_memory|          res_0|         array|
|res_1_address0  |  out|    6|   ap_memory|          res_1|         array|
|res_1_ce0       |  out|    1|   ap_memory|          res_1|         array|
|res_1_we0       |  out|    1|   ap_memory|          res_1|         array|
|res_1_d0        |  out|   32|   ap_memory|          res_1|         array|
+----------------+-----+-----+------------+---------------+--------------+

