

================================================================
== Vitis HLS Report for 'matmul_xnor'
================================================================
* Date:           Fri Jun 13 23:25:28 2025

* Version:        2024.2 (Build 5238294 on Nov  8 2024)
* Project:        bnn_hls
* Solution:       hls (Vivado IP Flow Target)
* Product family: zynq
* Target device:  xc7z020-clg400-1


================================================================
== Performance Estimates
================================================================
+ Timing: 
    * Summary: 
    +--------+----------+----------+------------+
    |  Clock |  Target  | Estimated| Uncertainty|
    +--------+----------+----------+------------+
    |ap_clk  |  10.00 ns|  6.990 ns|     2.70 ns|
    +--------+----------+----------+------------+

+ Latency: 
    * Summary: 
    +---------+---------+----------+----------+-----+-----+------------------------------------------------+
    |  Latency (cycles) |  Latency (absolute) |  Interval |                    Pipeline                    |
    |   min   |   max   |    min   |    max   | min | max |                      Type                      |
    +---------+---------+----------+----------+-----+-----+------------------------------------------------+
    |       13|       13|  0.130 us|  0.130 us|   11|   11|  loop auto-rewind stp (delay=0 clock cycles(s))|
    +---------+---------+----------+----------+-----+-----+------------------------------------------------+

    + Detail: 
        * Instance: 
        N/A

        * Loop: 
        +-------------------+---------+---------+----------+-----------+-----------+------+----------+
        |                   |  Latency (cycles) | Iteration|  Initiation Interval  | Trip |          |
        |     Loop Name     |   min   |   max   |  Latency |  achieved |   target  | Count| Pipelined|
        +-------------------+---------+---------+----------+-----------+-----------+------+----------+
        |- VITIS_LOOP_61_1  |       11|       11|         3|          1|          1|    10|       yes|
        +-------------------+---------+---------+----------+-----------+-----------+------+----------+



================================================================
== Utilization Estimates
================================================================
* Summary: 
+-----------------+---------+-----+--------+-------+-----+
|       Name      | BRAM_18K| DSP |   FF   |  LUT  | URAM|
+-----------------+---------+-----+--------+-------+-----+
|DSP              |        -|    -|       -|      -|    -|
|Expression       |        -|    -|       0|   3218|    -|
|FIFO             |        -|    -|       -|      -|    -|
|Instance         |        -|    -|       -|      -|    -|
|Memory           |        -|    -|       -|      -|    -|
|Multiplexer      |        -|    -|       0|     36|    -|
|Register         |        -|    -|      72|      -|    -|
+-----------------+---------+-----+--------+-------+-----+
|Total            |        0|    0|      72|   3254|    0|
+-----------------+---------+-----+--------+-------+-----+
|Available        |      280|  220|  106400|  53200|    0|
+-----------------+---------+-----+--------+-------+-----+
|Utilization (%)  |        0|    0|      ~0|      6|    0|
+-----------------+---------+-----+--------+-------+-----+

+ Detail: 
    * Instance: 
    N/A

    * DSP: 
    N/A

    * Memory: 
    N/A

    * FIFO: 
    N/A

    * Expression: 
    +------------------------+----------+----+---+----+------------+------------+
    |      Variable Name     | Operation| DSP| FF| LUT| Bitwidth P0| Bitwidth P1|
    +------------------------+----------+----+---+----+------------+------------+
    |add_ln61_fu_579_p2      |         +|   0|  0|  13|           4|           1|
    |add_ln64_10_fu_1287_p2  |         +|   0|  0|  10|           2|           2|
    |add_ln64_11_fu_1297_p2  |         +|   0|  0|  11|           3|           3|
    |add_ln64_12_fu_1303_p2  |         +|   0|  0|  10|           2|           2|
    |add_ln64_13_fu_1313_p2  |         +|   0|  0|  10|           2|           2|
    |add_ln64_14_fu_1323_p2  |         +|   0|  0|  11|           3|           3|
    |add_ln64_15_fu_1668_p2  |         +|   0|  0|  13|           4|           4|
    |add_ln64_16_fu_1678_p2  |         +|   0|  0|  13|           5|           5|
    |add_ln64_17_fu_1329_p2  |         +|   0|  0|  10|           2|           2|
    |add_ln64_18_fu_1339_p2  |         +|   0|  0|  10|           2|           2|
    |add_ln64_19_fu_1349_p2  |         +|   0|  0|  11|           3|           3|
    |add_ln64_20_fu_1355_p2  |         +|   0|  0|  10|           2|           2|
    |add_ln64_21_fu_1365_p2  |         +|   0|  0|  10|           2|           2|
    |add_ln64_22_fu_1375_p2  |         +|   0|  0|  11|           3|           3|
    |add_ln64_23_fu_1694_p2  |         +|   0|  0|  13|           4|           4|
    |add_ln64_24_fu_1381_p2  |         +|   0|  0|  10|           2|           2|
    |add_ln64_25_fu_1391_p2  |         +|   0|  0|  10|           2|           2|
    |add_ln64_26_fu_1401_p2  |         +|   0|  0|  11|           3|           3|
    |add_ln64_27_fu_1407_p2  |         +|   0|  0|  10|           2|           2|
    |add_ln64_28_fu_1417_p2  |         +|   0|  0|  10|           2|           2|
    |add_ln64_29_fu_1427_p2  |         +|   0|  0|  11|           3|           3|
    |add_ln64_2_fu_1225_p2   |         +|   0|  0|  10|           2|           2|
    |add_ln64_30_fu_1710_p2  |         +|   0|  0|  13|           4|           4|
    |add_ln64_31_fu_1720_p2  |         +|   0|  0|  13|           5|           5|
    |add_ln64_32_fu_1730_p2  |         +|   0|  0|  14|           6|           6|
    |add_ln64_33_fu_1433_p2  |         +|   0|  0|  10|           2|           2|
    |add_ln64_34_fu_1443_p2  |         +|   0|  0|  10|           2|           2|
    |add_ln64_35_fu_1453_p2  |         +|   0|  0|  11|           3|           3|
    |add_ln64_36_fu_1459_p2  |         +|   0|  0|  10|           2|           2|
    |add_ln64_37_fu_1469_p2  |         +|   0|  0|  10|           2|           2|
    |add_ln64_38_fu_1479_p2  |         +|   0|  0|  11|           3|           3|
    |add_ln64_39_fu_1746_p2  |         +|   0|  0|  13|           4|           4|
    |add_ln64_3_fu_1235_p2   |         +|   0|  0|  10|           2|           2|
    |add_ln64_40_fu_1485_p2  |         +|   0|  0|  10|           2|           2|
    |add_ln64_41_fu_1495_p2  |         +|   0|  0|  10|           2|           2|
    |add_ln64_42_fu_1505_p2  |         +|   0|  0|  11|           3|           3|
    |add_ln64_43_fu_1511_p2  |         +|   0|  0|  10|           2|           2|
    |add_ln64_44_fu_1521_p2  |         +|   0|  0|  10|           2|           2|
    |add_ln64_45_fu_1531_p2  |         +|   0|  0|  11|           3|           3|
    |add_ln64_46_fu_1762_p2  |         +|   0|  0|  13|           4|           4|
    |add_ln64_47_fu_1772_p2  |         +|   0|  0|  13|           5|           5|
    |add_ln64_48_fu_1537_p2  |         +|   0|  0|  10|           2|           2|
    |add_ln64_49_fu_1547_p2  |         +|   0|  0|  10|           2|           2|
    |add_ln64_4_fu_1245_p2   |         +|   0|  0|  11|           3|           3|
    |add_ln64_50_fu_1557_p2  |         +|   0|  0|  11|           3|           3|
    |add_ln64_51_fu_1563_p2  |         +|   0|  0|  10|           2|           2|
    |add_ln64_52_fu_1573_p2  |         +|   0|  0|  10|           2|           2|
    |add_ln64_53_fu_1583_p2  |         +|   0|  0|  11|           3|           3|
    |add_ln64_54_fu_1788_p2  |         +|   0|  0|  13|           4|           4|
    |add_ln64_55_fu_1589_p2  |         +|   0|  0|  10|           2|           2|
    |add_ln64_56_fu_1599_p2  |         +|   0|  0|  10|           2|           2|
    |add_ln64_57_fu_1609_p2  |         +|   0|  0|  11|           3|           3|
    |add_ln64_58_fu_1615_p2  |         +|   0|  0|  10|           2|           2|
    |add_ln64_59_fu_1625_p2  |         +|   0|  0|  10|           2|           2|
    |add_ln64_5_fu_1251_p2   |         +|   0|  0|  10|           2|           2|
    |add_ln64_60_fu_1635_p2  |         +|   0|  0|  11|           3|           3|
    |add_ln64_61_fu_1804_p2  |         +|   0|  0|  13|           4|           4|
    |add_ln64_62_fu_1814_p2  |         +|   0|  0|  13|           5|           5|
    |add_ln64_63_fu_1824_p2  |         +|   0|  0|  14|           6|           6|
    |add_ln64_6_fu_1261_p2   |         +|   0|  0|  10|           2|           2|
    |add_ln64_7_fu_1271_p2   |         +|   0|  0|  11|           3|           3|
    |add_ln64_8_fu_1652_p2   |         +|   0|  0|  13|           4|           4|
    |add_ln64_9_fu_1277_p2   |         +|   0|  0|  10|           2|           2|
    |add_ln64_fu_1834_p2     |         +|   0|  0|  14|           7|           7|
    |icmp_ln21_10_fu_645_p2  |      icmp|   0|  0|  39|          32|           9|
    |icmp_ln21_11_fu_651_p2  |      icmp|   0|  0|  39|          32|           1|
    |icmp_ln21_12_fu_657_p2  |      icmp|   0|  0|  39|          32|           1|
    |icmp_ln21_13_fu_663_p2  |      icmp|   0|  0|  39|          32|           1|
    |icmp_ln21_14_fu_669_p2  |      icmp|   0|  0|  39|          32|           9|
    |icmp_ln21_15_fu_675_p2  |      icmp|   0|  0|  39|          32|           1|
    |icmp_ln21_16_fu_681_p2  |      icmp|   0|  0|  39|          32|           9|
    |icmp_ln21_17_fu_687_p2  |      icmp|   0|  0|  39|          32|           9|
    |icmp_ln21_18_fu_693_p2  |      icmp|   0|  0|  39|          32|           9|
    |icmp_ln21_19_fu_699_p2  |      icmp|   0|  0|  39|          32|           1|
    |icmp_ln21_1_fu_591_p2   |      icmp|   0|  0|  39|          32|           9|
    |icmp_ln21_20_fu_705_p2  |      icmp|   0|  0|  39|          32|           1|
    |icmp_ln21_21_fu_711_p2  |      icmp|   0|  0|  39|          32|           9|
    |icmp_ln21_22_fu_717_p2  |      icmp|   0|  0|  39|          32|           1|
    |icmp_ln21_23_fu_723_p2  |      icmp|   0|  0|  39|          32|           9|
    |icmp_ln21_24_fu_729_p2  |      icmp|   0|  0|  39|          32|           9|
    |icmp_ln21_25_fu_735_p2  |      icmp|   0|  0|  39|          32|           9|
    |icmp_ln21_26_fu_741_p2  |      icmp|   0|  0|  39|          32|           1|
    |icmp_ln21_27_fu_747_p2  |      icmp|   0|  0|  39|          32|           9|
    |icmp_ln21_28_fu_753_p2  |      icmp|   0|  0|  39|          32|           1|
    |icmp_ln21_29_fu_759_p2  |      icmp|   0|  0|  39|          32|           9|
    |icmp_ln21_2_fu_597_p2   |      icmp|   0|  0|  39|          32|           9|
    |icmp_ln21_30_fu_765_p2  |      icmp|   0|  0|  39|          32|           1|
    |icmp_ln21_31_fu_771_p2  |      icmp|   0|  0|  39|          32|           1|
    |icmp_ln21_32_fu_777_p2  |      icmp|   0|  0|  39|          32|           9|
    |icmp_ln21_33_fu_783_p2  |      icmp|   0|  0|  39|          32|           9|
    |icmp_ln21_34_fu_789_p2  |      icmp|   0|  0|  39|          32|           9|
    |icmp_ln21_35_fu_795_p2  |      icmp|   0|  0|  39|          32|           1|
    |icmp_ln21_36_fu_801_p2  |      icmp|   0|  0|  39|          32|           1|
    |icmp_ln21_37_fu_807_p2  |      icmp|   0|  0|  39|          32|           9|
    |icmp_ln21_38_fu_813_p2  |      icmp|   0|  0|  39|          32|           1|
    |icmp_ln21_39_fu_819_p2  |      icmp|   0|  0|  39|          32|           1|
    |icmp_ln21_3_fu_603_p2   |      icmp|   0|  0|  39|          32|           1|
    |icmp_ln21_40_fu_825_p2  |      icmp|   0|  0|  39|          32|           9|
    |icmp_ln21_41_fu_831_p2  |      icmp|   0|  0|  39|          32|           9|
    |icmp_ln21_42_fu_837_p2  |      icmp|   0|  0|  39|          32|           9|
    |icmp_ln21_43_fu_843_p2  |      icmp|   0|  0|  39|          32|           9|
    |icmp_ln21_44_fu_849_p2  |      icmp|   0|  0|  39|          32|           9|
    |icmp_ln21_45_fu_855_p2  |      icmp|   0|  0|  39|          32|           1|
    |icmp_ln21_46_fu_861_p2  |      icmp|   0|  0|  39|          32|           9|
    |icmp_ln21_47_fu_867_p2  |      icmp|   0|  0|  39|          32|           1|
    |icmp_ln21_48_fu_873_p2  |      icmp|   0|  0|  39|          32|           9|
    |icmp_ln21_49_fu_879_p2  |      icmp|   0|  0|  39|          32|           9|
    |icmp_ln21_4_fu_609_p2   |      icmp|   0|  0|  39|          32|           9|
    |icmp_ln21_50_fu_885_p2  |      icmp|   0|  0|  39|          32|           9|
    |icmp_ln21_51_fu_891_p2  |      icmp|   0|  0|  39|          32|           9|
    |icmp_ln21_52_fu_897_p2  |      icmp|   0|  0|  39|          32|           9|
    |icmp_ln21_53_fu_903_p2  |      icmp|   0|  0|  39|          32|           9|
    |icmp_ln21_54_fu_909_p2  |      icmp|   0|  0|  39|          32|           9|
    |icmp_ln21_55_fu_915_p2  |      icmp|   0|  0|  39|          32|           9|
    |icmp_ln21_56_fu_921_p2  |      icmp|   0|  0|  39|          32|           1|
    |icmp_ln21_57_fu_927_p2  |      icmp|   0|  0|  39|          32|           1|
    |icmp_ln21_58_fu_933_p2  |      icmp|   0|  0|  39|          32|           1|
    |icmp_ln21_59_fu_939_p2  |      icmp|   0|  0|  39|          32|           9|
    |icmp_ln21_5_fu_615_p2   |      icmp|   0|  0|  39|          32|           1|
    |icmp_ln21_60_fu_945_p2  |      icmp|   0|  0|  39|          32|           1|
    |icmp_ln21_61_fu_951_p2  |      icmp|   0|  0|  39|          32|           1|
    |icmp_ln21_62_fu_957_p2  |      icmp|   0|  0|  39|          32|           1|
    |icmp_ln21_63_fu_963_p2  |      icmp|   0|  0|  39|          32|           1|
    |icmp_ln21_6_fu_621_p2   |      icmp|   0|  0|  39|          32|           1|
    |icmp_ln21_7_fu_627_p2   |      icmp|   0|  0|  39|          32|           1|
    |icmp_ln21_8_fu_633_p2   |      icmp|   0|  0|  39|          32|           1|
    |icmp_ln21_9_fu_639_p2   |      icmp|   0|  0|  39|          32|           9|
    |icmp_ln21_fu_585_p2     |      icmp|   0|  0|  39|          32|           9|
    |icmp_ln61_fu_573_p2     |      icmp|   0|  0|  13|           4|           4|
    |ap_enable_pp0           |       xor|   0|  0|   2|           1|           2|
    +------------------------+----------+----+---+----+------------+------------+
    |Total                   |          |   0|  0|3218|        2240|         534|
    +------------------------+----------+----+---+----+------------+------------+

    * Multiplexer: 
    +-------------------------+----+-----------+-----+-----------+
    |           Name          | LUT| Input Size| Bits| Total Bits|
    +-------------------------+----+-----------+-----+-----------+
    |ap_done_int              |   9|          2|    1|          2|
    |ap_enable_reg_pp0_iter1  |   9|          2|    1|          2|
    |ap_sig_allocacmp_x_1     |   9|          2|    4|          8|
    |x_fu_164                 |   9|          2|    4|          8|
    +-------------------------+----+-----------+-----+-----------+
    |Total                    |  36|          8|   10|         20|
    +-------------------------+----+-----------+-----+-----------+

    * Register: 
    +----------------------------------+---+----+-----+-----------+
    |               Name               | FF| LUT| Bits| Const Bits|
    +----------------------------------+---+----+-----+-----------+
    |add_ln64_11_reg_1882              |  3|   0|    3|          0|
    |add_ln64_14_reg_1887              |  3|   0|    3|          0|
    |add_ln64_19_reg_1892              |  3|   0|    3|          0|
    |add_ln64_22_reg_1897              |  3|   0|    3|          0|
    |add_ln64_26_reg_1902              |  3|   0|    3|          0|
    |add_ln64_29_reg_1907              |  3|   0|    3|          0|
    |add_ln64_35_reg_1912              |  3|   0|    3|          0|
    |add_ln64_38_reg_1917              |  3|   0|    3|          0|
    |add_ln64_42_reg_1922              |  3|   0|    3|          0|
    |add_ln64_45_reg_1927              |  3|   0|    3|          0|
    |add_ln64_4_reg_1872               |  3|   0|    3|          0|
    |add_ln64_50_reg_1932              |  3|   0|    3|          0|
    |add_ln64_53_reg_1937              |  3|   0|    3|          0|
    |add_ln64_57_reg_1942              |  3|   0|    3|          0|
    |add_ln64_60_reg_1947              |  3|   0|    3|          0|
    |add_ln64_7_reg_1877               |  3|   0|    3|          0|
    |add_ln64_reg_1952                 |  7|   0|    7|          0|
    |ap_CS_fsm                         |  1|   0|    1|          0|
    |ap_done_reg                       |  1|   0|    1|          0|
    |ap_enable_reg_pp0_iter1           |  1|   0|    1|          0|
    |ap_enable_reg_pp0_iter2           |  1|   0|    1|          0|
    |ap_loop_exit_ready_pp0_iter1_reg  |  1|   0|    1|          0|
    |x_1_reg_1863                      |  4|   0|    4|          0|
    |x_1_reg_1863_pp0_iter1_reg        |  4|   0|    4|          0|
    |x_fu_164                          |  4|   0|    4|          0|
    +----------------------------------+---+----+-----+-----------+
    |Total                             | 72|   0|   72|          0|
    +----------------------------------+---+----+-----+-----------+



================================================================
== Interface
================================================================
* Summary: 
+--------------+-----+-----+------------+--------------+--------------+
|   RTL Ports  | Dir | Bits|  Protocol  | Source Object|    C Type    |
+--------------+-----+-----+------------+--------------+--------------+
|ap_clk        |   in|    1|  ap_ctrl_hs|   matmul_xnor|  return value|
|ap_rst        |   in|    1|  ap_ctrl_hs|   matmul_xnor|  return value|
|ap_start      |   in|    1|  ap_ctrl_hs|   matmul_xnor|  return value|
|ap_done       |  out|    1|  ap_ctrl_hs|   matmul_xnor|  return value|
|ap_idle       |  out|    1|  ap_ctrl_hs|   matmul_xnor|  return value|
|ap_ready      |  out|    1|  ap_ctrl_hs|   matmul_xnor|  return value|
|A_0_val       |   in|   32|     ap_none|       A_0_val|        scalar|
|A_1_val       |   in|   32|     ap_none|       A_1_val|        scalar|
|A_2_val       |   in|   32|     ap_none|       A_2_val|        scalar|
|A_3_val       |   in|   32|     ap_none|       A_3_val|        scalar|
|A_4_val       |   in|   32|     ap_none|       A_4_val|        scalar|
|A_5_val       |   in|   32|     ap_none|       A_5_val|        scalar|
|A_6_val       |   in|   32|     ap_none|       A_6_val|        scalar|
|A_7_val       |   in|   32|     ap_none|       A_7_val|        scalar|
|A_8_val       |   in|   32|     ap_none|       A_8_val|        scalar|
|A_9_val       |   in|   32|     ap_none|       A_9_val|        scalar|
|A_10_val      |   in|   32|     ap_none|      A_10_val|        scalar|
|A_11_val      |   in|   32|     ap_none|      A_11_val|        scalar|
|A_12_val      |   in|   32|     ap_none|      A_12_val|        scalar|
|A_13_val      |   in|   32|     ap_none|      A_13_val|        scalar|
|A_14_val      |   in|   32|     ap_none|      A_14_val|        scalar|
|A_15_val      |   in|   32|     ap_none|      A_15_val|        scalar|
|A_16_val      |   in|   32|     ap_none|      A_16_val|        scalar|
|A_17_val      |   in|   32|     ap_none|      A_17_val|        scalar|
|A_18_val      |   in|   32|     ap_none|      A_18_val|        scalar|
|A_19_val      |   in|   32|     ap_none|      A_19_val|        scalar|
|A_20_val      |   in|   32|     ap_none|      A_20_val|        scalar|
|A_21_val      |   in|   32|     ap_none|      A_21_val|        scalar|
|A_22_val      |   in|   32|     ap_none|      A_22_val|        scalar|
|A_23_val      |   in|   32|     ap_none|      A_23_val|        scalar|
|A_24_val      |   in|   32|     ap_none|      A_24_val|        scalar|
|A_25_val      |   in|   32|     ap_none|      A_25_val|        scalar|
|A_26_val      |   in|   32|     ap_none|      A_26_val|        scalar|
|A_27_val      |   in|   32|     ap_none|      A_27_val|        scalar|
|A_28_val      |   in|   32|     ap_none|      A_28_val|        scalar|
|A_29_val      |   in|   32|     ap_none|      A_29_val|        scalar|
|A_30_val      |   in|   32|     ap_none|      A_30_val|        scalar|
|A_31_val      |   in|   32|     ap_none|      A_31_val|        scalar|
|A_32_val      |   in|   32|     ap_none|      A_32_val|        scalar|
|A_33_val      |   in|   32|     ap_none|      A_33_val|        scalar|
|A_34_val      |   in|   32|     ap_none|      A_34_val|        scalar|
|A_35_val      |   in|   32|     ap_none|      A_35_val|        scalar|
|A_36_val      |   in|   32|     ap_none|      A_36_val|        scalar|
|A_37_val      |   in|   32|     ap_none|      A_37_val|        scalar|
|A_38_val      |   in|   32|     ap_none|      A_38_val|        scalar|
|A_39_val      |   in|   32|     ap_none|      A_39_val|        scalar|
|A_40_val      |   in|   32|     ap_none|      A_40_val|        scalar|
|A_41_val      |   in|   32|     ap_none|      A_41_val|        scalar|
|A_42_val      |   in|   32|     ap_none|      A_42_val|        scalar|
|A_43_val      |   in|   32|     ap_none|      A_43_val|        scalar|
|A_44_val      |   in|   32|     ap_none|      A_44_val|        scalar|
|A_45_val      |   in|   32|     ap_none|      A_45_val|        scalar|
|A_46_val      |   in|   32|     ap_none|      A_46_val|        scalar|
|A_47_val      |   in|   32|     ap_none|      A_47_val|        scalar|
|A_48_val      |   in|   32|     ap_none|      A_48_val|        scalar|
|A_49_val      |   in|   32|     ap_none|      A_49_val|        scalar|
|A_50_val      |   in|   32|     ap_none|      A_50_val|        scalar|
|A_51_val      |   in|   32|     ap_none|      A_51_val|        scalar|
|A_52_val      |   in|   32|     ap_none|      A_52_val|        scalar|
|A_53_val      |   in|   32|     ap_none|      A_53_val|        scalar|
|A_54_val      |   in|   32|     ap_none|      A_54_val|        scalar|
|A_55_val      |   in|   32|     ap_none|      A_55_val|        scalar|
|A_56_val      |   in|   32|     ap_none|      A_56_val|        scalar|
|A_57_val      |   in|   32|     ap_none|      A_57_val|        scalar|
|A_58_val      |   in|   32|     ap_none|      A_58_val|        scalar|
|A_59_val      |   in|   32|     ap_none|      A_59_val|        scalar|
|A_60_val      |   in|   32|     ap_none|      A_60_val|        scalar|
|A_61_val      |   in|   32|     ap_none|      A_61_val|        scalar|
|A_62_val      |   in|   32|     ap_none|      A_62_val|        scalar|
|A_63_val      |   in|   32|     ap_none|      A_63_val|        scalar|
|res_address0  |  out|    4|   ap_memory|           res|         array|
|res_ce0       |  out|    1|   ap_memory|           res|         array|
|res_we0       |  out|    1|   ap_memory|           res|         array|
|res_d0        |  out|   32|   ap_memory|           res|         array|
+--------------+-----+-----+------------+--------------+--------------+

